FORM 5.0.0-beta.1 (Jan 15 2026, v5.0.0-beta.1-292-g4341c63)  Run: Wed Feb 11 13:45:52 2026
    #-

   d1l185amp =
       - 1/8*g_(1,6_,nu10)*g_(2,6_,nu11)*cFT( - p2 + q3,XX,j15,j16)*cFT(nu9,XX
      ,j14,iufo15)*cFT(g7,XX,iufo15,j15)*cFT( - p2 - q2,XX,j13,j14)*auxGamma(
      nu12,i2,iufo13)*auxPL(iufo13,j13)*flavourTag(fvm,j13,j14)*flavourTag(fmu
      ,j15,j16)*Vec(nu10,q2)*Vec(nu11,p2)*Vec(nu9,q2)*Vec(nu12,p2)*Deng(p2,xiz
      ,M4)^2*Deng(q2 + q3,xiw,M3)^2*xiw*xiz*ufoGC58^2*ufoGC80*ufoGC81
       - 1/8*g_(1,6_,nu10)*g_(2,6_,nu11)*cFT( - p2 + q3,XX,j15,j16)*cFT(nu9,XX
      ,j14,iufo15)*cFT(g7,XX,iufo15,j15)*cFT( - p2 - q2,XX,j13,j14)*auxGamma(
      nu12,i2,iufo13)*auxPL(iufo13,j13)*flavourTag(fvm,j13,j14)*flavourTag(fmu
      ,j15,j16)*Vec(nu10,q2)*Vec(nu11,p2)*Vec(nu9,q3)*Vec(nu12,p2)*Deng(p2,xiz
      ,M4)^2*Deng(q2 + q3,xiw,M3)^2*xiw*xiz*ufoGC58^2*ufoGC80*ufoGC81
       - 1/8*g_(1,6_,nu10)*g_(2,6_,nu11)*cFT( - p2 + q3,XX,j15,j16)*cFT(nu9,XX
      ,j14,iufo15)*cFT(g7,XX,iufo15,j15)*cFT( - p2 - q2,XX,j13,j14)*auxGamma(
      nu12,i2,iufo13)*auxPL(iufo13,j13)*flavourTag(fvm,j13,j14)*flavourTag(fmu
      ,j15,j16)*Vec(nu10,q3)*Vec(nu11,p2)*Vec(nu9,q2)*Vec(nu12,p2)*Deng(p2,xiz
      ,M4)^2*Deng(q2 + q3,xiw,M3)^2*xiw*xiz*ufoGC58^2*ufoGC80*ufoGC81
       - 1/8*g_(1,6_,nu10)*g_(2,6_,nu11)*cFT( - p2 + q3,XX,j15,j16)*cFT(nu9,XX
      ,j14,iufo15)*cFT(g7,XX,iufo15,j15)*cFT( - p2 - q2,XX,j13,j14)*auxGamma(
      nu12,i2,iufo13)*auxPL(iufo13,j13)*flavourTag(fvm,j13,j14)*flavourTag(fmu
      ,j15,j16)*Vec(nu10,q3)*Vec(nu11,p2)*Vec(nu9,q3)*Vec(nu12,p2)*Deng(p2,xiz
      ,M4)^2*Deng(q2 + q3,xiw,M3)^2*xiw*xiz*ufoGC58^2*ufoGC80*ufoGC81
       - 1/8*g_(1,6_,nu10)*g_(2,nu11)*FT2(g6)*cFT( - p2 + q3,XX,j15,j16)*cFT(
      nu9,XX,j14,iufo15)*cFT(g7,XX,iufo15,j15)*cFT( - p2 - q2,XX,j13,j14)*
      auxGamma(nu12,i2,iufo13)*auxPL(iufo13,j13)*flavourTag(fvm,j13,j14)*
      flavourTag(fmu,j15,j16)*Vec(nu10,q2)*Vec(nu11,p2)*Vec(nu9,q2)*Vec(nu12,
      p2)*Deng(p2,xiz,M4)^2*Deng(q2 + q3,xiw,M3)^2*xiw*xiz*ufoGC58^2*ufoGC76*
      ufoGC81
       - 1/8*g_(1,6_,nu10)*g_(2,nu11)*FT2(g6)*cFT( - p2 + q3,XX,j15,j16)*cFT(
      nu9,XX,j14,iufo15)*cFT(g7,XX,iufo15,j15)*cFT( - p2 - q2,XX,j13,j14)*
      auxGamma(nu12,i2,iufo13)*auxPL(iufo13,j13)*flavourTag(fvm,j13,j14)*
      flavourTag(fmu,j15,j16)*Vec(nu10,q2)*Vec(nu11,p2)*Vec(nu9,q3)*Vec(nu12,
      p2)*Deng(p2,xiz,M4)^2*Deng(q2 + q3,xiw,M3)^2*xiw*xiz*ufoGC58^2*ufoGC76*
      ufoGC81
       - 1/8*g_(1,6_,nu10)*g_(2,nu11)*FT2(g6)*cFT( - p2 + q3,XX,j15,j16)*cFT(
      nu9,XX,j14,iufo15)*cFT(g7,XX,iufo15,j15)*cFT( - p2 - q2,XX,j13,j14)*
      auxGamma(nu12,i2,iufo13)*auxPL(iufo13,j13)*flavourTag(fvm,j13,j14)*
      flavourTag(fmu,j15,j16)*Vec(nu10,q3)*Vec(nu11,p2)*Vec(nu9,q2)*Vec(nu12,
      p2)*Deng(p2,xiz,M4)^2*Deng(q2 + q3,xiw,M3)^2*xiw*xiz*ufoGC58^2*ufoGC76*
      ufoGC81
       - 1/8*g_(1,6_,nu10)*g_(2,nu11)*FT2(g6)*cFT( - p2 + q3,XX,j15,j16)*cFT(
      nu9,XX,j14,iufo15)*cFT(g7,XX,iufo15,j15)*cFT( - p2 - q2,XX,j13,j14)*
      auxGamma(nu12,i2,iufo13)*auxPL(iufo13,j13)*flavourTag(fvm,j13,j14)*
      flavourTag(fmu,j15,j16)*Vec(nu10,q3)*Vec(nu11,p2)*Vec(nu9,q3)*Vec(nu12,
      p2)*Deng(p2,xiz,M4)^2*Deng(q2 + q3,xiw,M3)^2*xiw*xiz*ufoGC58^2*ufoGC76*
      ufoGC81
      ;

  0.00 sec out of 0.00 sec
