FORM 5.0.0-beta.1 (Jan 15 2026, v5.0.0-beta.1-292-g4341c63)  Run: Fri Feb 13 14:19:02 2026
    #-

   d1l150amp =
       - 1/4*g_(1,6_,nu10)*g_(2,6_,nu11)*Vec(nu10,p1)*Vec(nu11, - p2)*Vec(nu9,
      p1)*Vec(nu9, - p3)*Deng(p1,xiw,M3)^2*Deng(p2,xiw,M3)*Dghost( - p3,xia)*
      Dghost( - p4,xiw)*ufoGC58^2*ufoGC4^2
       - 1/4*g_(1,6_,nu10)*g_(2,6_,nu11)*Vec(nu10,p1)*Vec(nu11, - p2)*Vec(nu9,
      p1)^2*Deng(p1,xiw,M3)^2*Deng(p2,xiw,M3)*Dghost( - p3,xia)*Dghost( - p4,
      xiw)*ufoGC58^2*ufoGC4^2
       - 1/4*g_(1,6_,nu10)*g_(2,6_,nu11)*Vec(nu10,p1)*Vec(nu11, - p4)*Vec(nu9,
      p1)*Vec(nu9, - p3)*Deng(p1,xiw,M3)^2*Deng(p2,xiw,M3)*Dghost( - p3,xia)*
      Dghost( - p4,xiw)*ufoGC58^2*ufoGC4^2
       - 1/4*g_(1,6_,nu10)*g_(2,6_,nu11)*Vec(nu10,p1)*Vec(nu11, - p4)*Vec(nu9,
      p1)^2*Deng(p1,xiw,M3)^2*Deng(p2,xiw,M3)*Dghost( - p3,xia)*Dghost( - p4,
      xiw)*ufoGC58^2*ufoGC4^2
       + 1/4*g_(1,6_,nu10)*g_(2,6_,nu11)*Vec(nu10,p1)*Vec(nu11,p2)*Vec(nu9,p1)
      *Vec(nu9, - p3)*Vec(nu12,p2)*Vec(nu12, - p2)*Deng(p1,xiw,M3)^2*Deng(p2,
      xiw,M3)^2*Dghost( - p3,xia)*Dghost( - p4,xiw)*ufoGC58^2*ufoGC4^2
       + 1/4*g_(1,6_,nu10)*g_(2,6_,nu11)*Vec(nu10,p1)*Vec(nu11,p2)*Vec(nu9,p1)
      *Vec(nu9, - p3)*Vec(nu12,p2)*Vec(nu12, - p4)*Deng(p1,xiw,M3)^2*Deng(p2,
      xiw,M3)^2*Dghost( - p3,xia)*Dghost( - p4,xiw)*ufoGC58^2*ufoGC4^2
       + 1/4*g_(1,6_,nu10)*g_(2,6_,nu11)*Vec(nu10,p1)*Vec(nu11,p2)*Vec(nu9,p1)
      ^2*Vec(nu12,p2)*Vec(nu12, - p2)*Deng(p1,xiw,M3)^2*Deng(p2,xiw,M3)^2*
      Dghost( - p3,xia)*Dghost( - p4,xiw)*ufoGC58^2*ufoGC4^2
       + 1/4*g_(1,6_,nu10)*g_(2,6_,nu11)*Vec(nu10,p1)*Vec(nu11,p2)*Vec(nu9,p1)
      ^2*Vec(nu12,p2)*Vec(nu12, - p4)*Deng(p1,xiw,M3)^2*Deng(p2,xiw,M3)^2*
      Dghost( - p3,xia)*Dghost( - p4,xiw)*ufoGC58^2*ufoGC4^2
       + 1/4*g_(1,6_,nu9)*g_(2,6_,nu11)*Vec(nu11, - p2)*Vec(nu9, - p3)*Deng(p1
      ,xiw,M3)*Deng(p2,xiw,M3)*Dghost( - p3,xia)*Dghost( - p4,xiw)*ufoGC58^2*
      ufoGC4^2
       + 1/4*g_(1,6_,nu9)*g_(2,6_,nu11)*Vec(nu11, - p2)*Vec(nu9,p1)*Deng(p1,
      xiw,M3)*Deng(p2,xiw,M3)*Dghost( - p3,xia)*Dghost( - p4,xiw)*ufoGC58^2*
      ufoGC4^2
       + 1/4*g_(1,6_,nu9)*g_(2,6_,nu11)*Vec(nu11, - p4)*Vec(nu9, - p3)*Deng(p1
      ,xiw,M3)*Deng(p2,xiw,M3)*Dghost( - p3,xia)*Dghost( - p4,xiw)*ufoGC58^2*
      ufoGC4^2
       + 1/4*g_(1,6_,nu9)*g_(2,6_,nu11)*Vec(nu11, - p4)*Vec(nu9,p1)*Deng(p1,
      xiw,M3)*Deng(p2,xiw,M3)*Dghost( - p3,xia)*Dghost( - p4,xiw)*ufoGC58^2*
      ufoGC4^2
       - 1/4*g_(1,6_,nu9)*g_(2,6_,nu11)*Vec(nu11,p2)*Vec(nu9, - p3)*Vec(nu12,
      p2)*Vec(nu12, - p2)*Deng(p1,xiw,M3)*Deng(p2,xiw,M3)^2*Dghost( - p3,xia)*
      Dghost( - p4,xiw)*ufoGC58^2*ufoGC4^2
       - 1/4*g_(1,6_,nu9)*g_(2,6_,nu11)*Vec(nu11,p2)*Vec(nu9, - p3)*Vec(nu12,
      p2)*Vec(nu12, - p4)*Deng(p1,xiw,M3)*Deng(p2,xiw,M3)^2*Dghost( - p3,xia)*
      Dghost( - p4,xiw)*ufoGC58^2*ufoGC4^2
       - 1/4*g_(1,6_,nu9)*g_(2,6_,nu11)*Vec(nu11,p2)*Vec(nu9,p1)*Vec(nu12,p2)*
      Vec(nu12, - p2)*Deng(p1,xiw,M3)*Deng(p2,xiw,M3)^2*Dghost( - p3,xia)*
      Dghost( - p4,xiw)*ufoGC58^2*ufoGC4^2
       - 1/4*g_(1,6_,nu9)*g_(2,6_,nu11)*Vec(nu11,p2)*Vec(nu9,p1)*Vec(nu12,p2)*
      Vec(nu12, - p4)*Deng(p1,xiw,M3)*Deng(p2,xiw,M3)^2*Dghost( - p3,xia)*
      Dghost( - p4,xiw)*ufoGC58^2*ufoGC4^2
      ;

  0.00 sec out of 0.00 sec
