FORM 5.0.0-beta.1 (Jan 15 2026, v5.0.0-beta.1-292-g4341c63)  Run: Fri Feb 13 17:55:33 2026
    #-

   d1l169amp =
       + 1/2*g_(1,6_,nu10)*FT2(g6)*Vec(nu10,q2)*Vec(nu9,q2)*Vec(nu9,q3)*Vec(
      nu13,-p4)*Vec(nu13,p4)*Den( - p4 + q2 + q3)^2*Deng(p4,xiw,0)*Deng(q2 + 
      q3,xiw,0)*Deng(q2 + q3,xiw,M3)^2*xia*ufoGC58*ufoGC107*ufoGC93*ufoGC3
       - 1/2*g_(1,6_,nu10)*FT2(g6)*Vec(nu10,q2)*Vec(nu9,q2)*Vec(nu9,q3)*Vec(
      nu13,-p4)*Vec(nu13,p4)*Den( - p4 + q2 + q3)^2*Deng(p4,xiw,0)*Deng(q2 + 
      q3,xiw,0)*Deng(q2 + q3,xiw,M3)^2*ufoGC58*ufoGC107*ufoGC93*ufoGC3
       - 1/2*g_(1,6_,nu10)*FT2(g6)*Vec(nu10,q2)*Vec(nu9,q2)*Vec(nu9,q3)*Vec(
      nu13,-p4)*Vec(nu13,-q2)*Den( - p4 + q2 + q3)^2*Deng(p4,xiw,0)*Deng(q2 + 
      q3,xiw,0)*Deng(q2 + q3,xiw,M3)^2*xia*ufoGC58*ufoGC107*ufoGC93*ufoGC3
       + 1/2*g_(1,6_,nu10)*FT2(g6)*Vec(nu10,q2)*Vec(nu9,q2)*Vec(nu9,q3)*Vec(
      nu13,-p4)*Vec(nu13,-q2)*Den( - p4 + q2 + q3)^2*Deng(p4,xiw,0)*Deng(q2 + 
      q3,xiw,0)*Deng(q2 + q3,xiw,M3)^2*ufoGC58*ufoGC107*ufoGC93*ufoGC3
       - 1/2*g_(1,6_,nu10)*FT2(g6)*Vec(nu10,q2)*Vec(nu9,q2)*Vec(nu9,q3)*Vec(
      nu13,-p4)*Vec(nu13,-q3)*Den( - p4 + q2 + q3)^2*Deng(p4,xiw,0)*Deng(q2 + 
      q3,xiw,0)*Deng(q2 + q3,xiw,M3)^2*xia*ufoGC58*ufoGC107*ufoGC93*ufoGC3
       + 1/2*g_(1,6_,nu10)*FT2(g6)*Vec(nu10,q2)*Vec(nu9,q2)*Vec(nu9,q3)*Vec(
      nu13,-p4)*Vec(nu13,-q3)*Den( - p4 + q2 + q3)^2*Deng(p4,xiw,0)*Deng(q2 + 
      q3,xiw,0)*Deng(q2 + q3,xiw,M3)^2*ufoGC58*ufoGC107*ufoGC93*ufoGC3
       + 1/4*g_(1,6_,nu10)*FT2(g6)*Vec(nu10,q2)*Vec(nu9,-p4)*Vec(nu9,q2)*Vec(
      nu13,p4)*Vec(nu13,q3)*Den( - p4 + q2 + q3)^2*Deng(p4,xiw,0)*Deng(q2 + q3
      ,xiw,0)*Deng(q2 + q3,xiw,M3)^2*xia*ufoGC58*ufoGC107*ufoGC93*ufoGC3
       - 1/4*g_(1,6_,nu10)*FT2(g6)*Vec(nu10,q2)*Vec(nu9,-p4)*Vec(nu9,q2)*Vec(
      nu13,p4)*Vec(nu13,q3)*Den( - p4 + q2 + q3)^2*Deng(p4,xiw,0)*Deng(q2 + q3
      ,xiw,0)*Deng(q2 + q3,xiw,M3)^2*ufoGC58*ufoGC107*ufoGC93*ufoGC3
       - 1/4*g_(1,6_,nu10)*FT2(g6)*Vec(nu10,q2)*Vec(nu9,-p4)*Vec(nu9,q2)*Vec(
      nu13,-q2)*Vec(nu13,q3)*Den( - p4 + q2 + q3)^2*Deng(p4,xiw,0)*Deng(q2 + 
      q3,xiw,0)*Deng(q2 + q3,xiw,M3)^2*xia*ufoGC58*ufoGC107*ufoGC93*ufoGC3
       + 1/4*g_(1,6_,nu10)*FT2(g6)*Vec(nu10,q2)*Vec(nu9,-p4)*Vec(nu9,q2)*Vec(
      nu13,-q2)*Vec(nu13,q3)*Den( - p4 + q2 + q3)^2*Deng(p4,xiw,0)*Deng(q2 + 
      q3,xiw,0)*Deng(q2 + q3,xiw,M3)^2*ufoGC58*ufoGC107*ufoGC93*ufoGC3
       - 1/4*g_(1,6_,nu10)*FT2(g6)*Vec(nu10,q2)*Vec(nu9,-p4)*Vec(nu9,q2)*Vec(
      nu13,-q3)*Vec(nu13,q3)*Den( - p4 + q2 + q3)^2*Deng(p4,xiw,0)*Deng(q2 + 
      q3,xiw,0)*Deng(q2 + q3,xiw,M3)^2*xia*ufoGC58*ufoGC107*ufoGC93*ufoGC3
       + 1/4*g_(1,6_,nu10)*FT2(g6)*Vec(nu10,q2)*Vec(nu9,-p4)*Vec(nu9,q2)*Vec(
      nu13,-q3)*Vec(nu13,q3)*Den( - p4 + q2 + q3)^2*Deng(p4,xiw,0)*Deng(q2 + 
      q3,xiw,0)*Deng(q2 + q3,xiw,M3)^2*ufoGC58*ufoGC107*ufoGC93*ufoGC3
       + 1/4*g_(1,6_,nu10)*FT2(g6)*Vec(nu10,q2)*Vec(nu9,-p4)*Vec(nu9,q3)*Vec(
      nu13,p4)*Vec(nu13,q2)*Den( - p4 + q2 + q3)^2*Deng(p4,xiw,0)*Deng(q2 + q3
      ,xiw,0)*Deng(q2 + q3,xiw,M3)^2*xia*ufoGC58*ufoGC107*ufoGC93*ufoGC3
       - 1/4*g_(1,6_,nu10)*FT2(g6)*Vec(nu10,q2)*Vec(nu9,-p4)*Vec(nu9,q3)*Vec(
      nu13,p4)*Vec(nu13,q2)*Den( - p4 + q2 + q3)^2*Deng(p4,xiw,0)*Deng(q2 + q3
      ,xiw,0)*Deng(q2 + q3,xiw,M3)^2*ufoGC58*ufoGC107*ufoGC93*ufoGC3
       + 1/4*g_(1,6_,nu10)*FT2(g6)*Vec(nu10,q2)*Vec(nu9,-p4)*Vec(nu9,q3)*Vec(
      nu13,p4)*Vec(nu13,q3)*Den( - p4 + q2 + q3)^2*Deng(p4,xiw,0)*Deng(q2 + q3
      ,xiw,0)*Deng(q2 + q3,xiw,M3)^2*xia*ufoGC58*ufoGC107*ufoGC93*ufoGC3
       - 1/4*g_(1,6_,nu10)*FT2(g6)*Vec(nu10,q2)*Vec(nu9,-p4)*Vec(nu9,q3)*Vec(
      nu13,p4)*Vec(nu13,q3)*Den( - p4 + q2 + q3)^2*Deng(p4,xiw,0)*Deng(q2 + q3
      ,xiw,0)*Deng(q2 + q3,xiw,M3)^2*ufoGC58*ufoGC107*ufoGC93*ufoGC3
       + 1/4*g_(1,6_,nu10)*FT2(g6)*Vec(nu10,q2)*Vec(nu9,-p4)*Vec(nu9,q3)*Vec(
      nu13,-p4)*Vec(nu13,p4)*Den( - p4 + q2 + q3)^2*Deng(p4,xiw,0)*Deng(q2 + 
      q3,xiw,0)*Deng(q2 + q3,xiw,M3)^2*xia*ufoGC58*ufoGC107*ufoGC93*ufoGC3
       - 1/4*g_(1,6_,nu10)*FT2(g6)*Vec(nu10,q2)*Vec(nu9,-p4)*Vec(nu9,q3)*Vec(
      nu13,-p4)*Vec(nu13,p4)*Den( - p4 + q2 + q3)^2*Deng(p4,xiw,0)*Deng(q2 + 
      q3,xiw,0)*Deng(q2 + q3,xiw,M3)^2*ufoGC58*ufoGC107*ufoGC93*ufoGC3
       - 1/4*g_(1,6_,nu10)*FT2(g6)*Vec(nu10,q2)*Vec(nu9,-p4)*Vec(nu9,q3)*Vec(
      nu13,-p4)*Vec(nu13,-q2)*Den( - p4 + q2 + q3)^2*Deng(p4,xiw,0)*Deng(q2 + 
      q3,xiw,0)*Deng(q2 + q3,xiw,M3)^2*xia*ufoGC58*ufoGC107*ufoGC93*ufoGC3
       + 1/4*g_(1,6_,nu10)*FT2(g6)*Vec(nu10,q2)*Vec(nu9,-p4)*Vec(nu9,q3)*Vec(
      nu13,-p4)*Vec(nu13,-q2)*Den( - p4 + q2 + q3)^2*Deng(p4,xiw,0)*Deng(q2 + 
      q3,xiw,0)*Deng(q2 + q3,xiw,M3)^2*ufoGC58*ufoGC107*ufoGC93*ufoGC3
       - 1/4*g_(1,6_,nu10)*FT2(g6)*Vec(nu10,q2)*Vec(nu9,-p4)*Vec(nu9,q3)*Vec(
      nu13,-p4)*Vec(nu13,-q3)*Den( - p4 + q2 + q3)^2*Deng(p4,xiw,0)*Deng(q2 + 
      q3,xiw,0)*Deng(q2 + q3,xiw,M3)^2*xia*ufoGC58*ufoGC107*ufoGC93*ufoGC3
       + 1/4*g_(1,6_,nu10)*FT2(g6)*Vec(nu10,q2)*Vec(nu9,-p4)*Vec(nu9,q3)*Vec(
      nu13,-p4)*Vec(nu13,-q3)*Den( - p4 + q2 + q3)^2*Deng(p4,xiw,0)*Deng(q2 + 
      q3,xiw,0)*Deng(q2 + q3,xiw,M3)^2*ufoGC58*ufoGC107*ufoGC93*ufoGC3
       - 1/4*g_(1,6_,nu10)*FT2(g6)*Vec(nu10,q2)*Vec(nu9,-p4)*Vec(nu9,q3)*Vec(
      nu13,-q2)*Vec(nu13,q2)*Den( - p4 + q2 + q3)^2*Deng(p4,xiw,0)*Deng(q2 + 
      q3,xiw,0)*Deng(q2 + q3,xiw,M3)^2*xia*ufoGC58*ufoGC107*ufoGC93*ufoGC3
       + 1/4*g_(1,6_,nu10)*FT2(g6)*Vec(nu10,q2)*Vec(nu9,-p4)*Vec(nu9,q3)*Vec(
      nu13,-q2)*Vec(nu13,q2)*Den( - p4 + q2 + q3)^2*Deng(p4,xiw,0)*Deng(q2 + 
      q3,xiw,0)*Deng(q2 + q3,xiw,M3)^2*ufoGC58*ufoGC107*ufoGC93*ufoGC3
       - 1/4*g_(1,6_,nu10)*FT2(g6)*Vec(nu10,q2)*Vec(nu9,-p4)*Vec(nu9,q3)*Vec(
      nu13,-q2)*Vec(nu13,q3)*Den( - p4 + q2 + q3)^2*Deng(p4,xiw,0)*Deng(q2 + 
      q3,xiw,0)*Deng(q2 + q3,xiw,M3)^2*xia*ufoGC58*ufoGC107*ufoGC93*ufoGC3
       + 1/4*g_(1,6_,nu10)*FT2(g6)*Vec(nu10,q2)*Vec(nu9,-p4)*Vec(nu9,q3)*Vec(
      nu13,-q2)*Vec(nu13,q3)*Den( - p4 + q2 + q3)^2*Deng(p4,xiw,0)*Deng(q2 + 
      q3,xiw,0)*Deng(q2 + q3,xiw,M3)^2*ufoGC58*ufoGC107*ufoGC93*ufoGC3
       - 1/4*g_(1,6_,nu10)*FT2(g6)*Vec(nu10,q2)*Vec(nu9,-p4)*Vec(nu9,q3)*Vec(
      nu13,-q3)*Vec(nu13,q2)*Den( - p4 + q2 + q3)^2*Deng(p4,xiw,0)*Deng(q2 + 
      q3,xiw,0)*Deng(q2 + q3,xiw,M3)^2*xia*ufoGC58*ufoGC107*ufoGC93*ufoGC3
       + 1/4*g_(1,6_,nu10)*FT2(g6)*Vec(nu10,q2)*Vec(nu9,-p4)*Vec(nu9,q3)*Vec(
      nu13,-q3)*Vec(nu13,q2)*Den( - p4 + q2 + q3)^2*Deng(p4,xiw,0)*Deng(q2 + 
      q3,xiw,0)*Deng(q2 + q3,xiw,M3)^2*ufoGC58*ufoGC107*ufoGC93*ufoGC3
       - 1/4*g_(1,6_,nu10)*FT2(g6)*Vec(nu10,q2)*Vec(nu9,-p4)*Vec(nu9,q3)*Vec(
      nu13,-q3)*Vec(nu13,q3)*Den( - p4 + q2 + q3)^2*Deng(p4,xiw,0)*Deng(q2 + 
      q3,xiw,0)*Deng(q2 + q3,xiw,M3)^2*xia*ufoGC58*ufoGC107*ufoGC93*ufoGC3
       + 1/4*g_(1,6_,nu10)*FT2(g6)*Vec(nu10,q2)*Vec(nu9,-p4)*Vec(nu9,q3)*Vec(
      nu13,-q3)*Vec(nu13,q3)*Den( - p4 + q2 + q3)^2*Deng(p4,xiw,0)*Deng(q2 + 
      q3,xiw,0)*Deng(q2 + q3,xiw,M3)^2*ufoGC58*ufoGC107*ufoGC93*ufoGC3
       + 1/4*g_(1,6_,nu10)*FT2(g6)*Vec(nu10,q2)*Vec(nu13,p4)*Vec(nu13,q2)*Den(
       - p4 + q2 + q3)^2*Deng(p4,xiw,0)*Deng(q2 + q3,xiw,0)*Deng(q2 + q3,xiw,
      M3)^2*q2.q2*xia*ufoGC58*ufoGC107*ufoGC93*ufoGC3
       - 1/4*g_(1,6_,nu10)*FT2(g6)*Vec(nu10,q2)*Vec(nu13,p4)*Vec(nu13,q2)*Den(
       - p4 + q2 + q3)^2*Deng(p4,xiw,0)*Deng(q2 + q3,xiw,0)*Deng(q2 + q3,xiw,
      M3)^2*q2.q2*ufoGC58*ufoGC107*ufoGC93*ufoGC3
       + 1/4*g_(1,6_,nu10)*FT2(g6)*Vec(nu10,q2)*Vec(nu13,p4)*Vec(nu13,q2)*Den(
       - p4 + q2 + q3)^2*Deng(p4,xiw,0)*Deng(q2 + q3,xiw,0)*Deng(q2 + q3,xiw,
      M3)^2*q3.q3*xia*ufoGC58*ufoGC107*ufoGC93*ufoGC3
       - 1/4*g_(1,6_,nu10)*FT2(g6)*Vec(nu10,q2)*Vec(nu13,p4)*Vec(nu13,q2)*Den(
       - p4 + q2 + q3)^2*Deng(p4,xiw,0)*Deng(q2 + q3,xiw,0)*Deng(q2 + q3,xiw,
      M3)^2*q3.q3*ufoGC58*ufoGC107*ufoGC93*ufoGC3
       + 1/4*g_(1,6_,nu10)*FT2(g6)*Vec(nu10,q2)*Vec(nu13,p4)*Vec(nu13,q2)*Den(
       - p4 + q2 + q3)*Deng(p4,xiw,0)*Deng(q2 + q3,xiw,0)*Deng(q2 + q3,xiw,M3)
      ^2*ufoGC58*ufoGC107*ufoGC93*ufoGC3
       + 1/4*g_(1,6_,nu10)*FT2(g6)*Vec(nu10,q2)*Vec(nu13,p4)*Vec(nu13,q3)*Den(
       - p4 + q2 + q3)^2*Deng(p4,xiw,0)*Deng(q2 + q3,xiw,0)*Deng(q2 + q3,xiw,
      M3)^2*q2.q2*xia*ufoGC58*ufoGC107*ufoGC93*ufoGC3
       - 1/4*g_(1,6_,nu10)*FT2(g6)*Vec(nu10,q2)*Vec(nu13,p4)*Vec(nu13,q3)*Den(
       - p4 + q2 + q3)^2*Deng(p4,xiw,0)*Deng(q2 + q3,xiw,0)*Deng(q2 + q3,xiw,
      M3)^2*q2.q2*ufoGC58*ufoGC107*ufoGC93*ufoGC3
       + 1/4*g_(1,6_,nu10)*FT2(g6)*Vec(nu10,q2)*Vec(nu13,p4)*Vec(nu13,q3)*Den(
       - p4 + q2 + q3)^2*Deng(p4,xiw,0)*Deng(q2 + q3,xiw,0)*Deng(q2 + q3,xiw,
      M3)^2*q3.q3*xia*ufoGC58*ufoGC107*ufoGC93*ufoGC3
       - 1/4*g_(1,6_,nu10)*FT2(g6)*Vec(nu10,q2)*Vec(nu13,p4)*Vec(nu13,q3)*Den(
       - p4 + q2 + q3)^2*Deng(p4,xiw,0)*Deng(q2 + q3,xiw,0)*Deng(q2 + q3,xiw,
      M3)^2*q3.q3*ufoGC58*ufoGC107*ufoGC93*ufoGC3
       + 1/4*g_(1,6_,nu10)*FT2(g6)*Vec(nu10,q2)*Vec(nu13,p4)*Vec(nu13,q3)*Den(
       - p4 + q2 + q3)*Deng(p4,xiw,0)*Deng(q2 + q3,xiw,0)*Deng(q2 + q3,xiw,M3)
      ^2*ufoGC58*ufoGC107*ufoGC93*ufoGC3
       + 1/4*g_(1,6_,nu10)*FT2(g6)*Vec(nu10,q2)*Vec(nu13,-p4)*Vec(nu13,p4)*
      Den( - p4 + q2 + q3)^2*Deng(p4,xiw,0)*Deng(q2 + q3,xiw,0)*Deng(q2 + q3,
      xiw,M3)^2*q2.q2*xia*ufoGC58*ufoGC107*ufoGC93*ufoGC3
       - 1/4*g_(1,6_,nu10)*FT2(g6)*Vec(nu10,q2)*Vec(nu13,-p4)*Vec(nu13,p4)*
      Den( - p4 + q2 + q3)^2*Deng(p4,xiw,0)*Deng(q2 + q3,xiw,0)*Deng(q2 + q3,
      xiw,M3)^2*q2.q2*ufoGC58*ufoGC107*ufoGC93*ufoGC3
       + 1/4*g_(1,6_,nu10)*FT2(g6)*Vec(nu10,q2)*Vec(nu13,-p4)*Vec(nu13,p4)*
      Den( - p4 + q2 + q3)^2*Deng(p4,xiw,0)*Deng(q2 + q3,xiw,0)*Deng(q2 + q3,
      xiw,M3)^2*q3.q3*xia*ufoGC58*ufoGC107*ufoGC93*ufoGC3
       - 1/4*g_(1,6_,nu10)*FT2(g6)*Vec(nu10,q2)*Vec(nu13,-p4)*Vec(nu13,p4)*
      Den( - p4 + q2 + q3)^2*Deng(p4,xiw,0)*Deng(q2 + q3,xiw,0)*Deng(q2 + q3,
      xiw,M3)^2*q3.q3*ufoGC58*ufoGC107*ufoGC93*ufoGC3
       - 1/4*g_(1,6_,nu10)*FT2(g6)*Vec(nu10,q2)*Vec(nu13,-p4)*Vec(nu13,-q2)*
      Den( - p4 + q2 + q3)^2*Deng(p4,xiw,0)*Deng(q2 + q3,xiw,0)*Deng(q2 + q3,
      xiw,M3)^2*q2.q2*xia*ufoGC58*ufoGC107*ufoGC93*ufoGC3
       + 1/4*g_(1,6_,nu10)*FT2(g6)*Vec(nu10,q2)*Vec(nu13,-p4)*Vec(nu13,-q2)*
      Den( - p4 + q2 + q3)^2*Deng(p4,xiw,0)*Deng(q2 + q3,xiw,0)*Deng(q2 + q3,
      xiw,M3)^2*q2.q2*ufoGC58*ufoGC107*ufoGC93*ufoGC3
       - 1/4*g_(1,6_,nu10)*FT2(g6)*Vec(nu10,q2)*Vec(nu13,-p4)*Vec(nu13,-q2)*
      Den( - p4 + q2 + q3)^2*Deng(p4,xiw,0)*Deng(q2 + q3,xiw,0)*Deng(q2 + q3,
      xiw,M3)^2*q3.q3*xia*ufoGC58*ufoGC107*ufoGC93*ufoGC3
       + 1/4*g_(1,6_,nu10)*FT2(g6)*Vec(nu10,q2)*Vec(nu13,-p4)*Vec(nu13,-q2)*
      Den( - p4 + q2 + q3)^2*Deng(p4,xiw,0)*Deng(q2 + q3,xiw,0)*Deng(q2 + q3,
      xiw,M3)^2*q3.q3*ufoGC58*ufoGC107*ufoGC93*ufoGC3
       - 1/4*g_(1,6_,nu10)*FT2(g6)*Vec(nu10,q2)*Vec(nu13,-p4)*Vec(nu13,-q3)*
      Den( - p4 + q2 + q3)^2*Deng(p4,xiw,0)*Deng(q2 + q3,xiw,0)*Deng(q2 + q3,
      xiw,M3)^2*q2.q2*xia*ufoGC58*ufoGC107*ufoGC93*ufoGC3
       + 1/4*g_(1,6_,nu10)*FT2(g6)*Vec(nu10,q2)*Vec(nu13,-p4)*Vec(nu13,-q3)*
      Den( - p4 + q2 + q3)^2*Deng(p4,xiw,0)*Deng(q2 + q3,xiw,0)*Deng(q2 + q3,
      xiw,M3)^2*q2.q2*ufoGC58*ufoGC107*ufoGC93*ufoGC3
       - 1/4*g_(1,6_,nu10)*FT2(g6)*Vec(nu10,q2)*Vec(nu13,-p4)*Vec(nu13,-q3)*
      Den( - p4 + q2 + q3)^2*Deng(p4,xiw,0)*Deng(q2 + q3,xiw,0)*Deng(q2 + q3,
      xiw,M3)^2*q3.q3*xia*ufoGC58*ufoGC107*ufoGC93*ufoGC3
       + 1/4*g_(1,6_,nu10)*FT2(g6)*Vec(nu10,q2)*Vec(nu13,-p4)*Vec(nu13,-q3)*
      Den( - p4 + q2 + q3)^2*Deng(p4,xiw,0)*Deng(q2 + q3,xiw,0)*Deng(q2 + q3,
      xiw,M3)^2*q3.q3*ufoGC58*ufoGC107*ufoGC93*ufoGC3
       - 1/4*g_(1,6_,nu10)*FT2(g6)*Vec(nu10,q2)*Vec(nu13,-q2)*Vec(nu13,q2)*
      Den( - p4 + q2 + q3)^2*Deng(p4,xiw,0)*Deng(q2 + q3,xiw,0)*Deng(q2 + q3,
      xiw,M3)^2*q2.q2*xia*ufoGC58*ufoGC107*ufoGC93*ufoGC3
       + 1/4*g_(1,6_,nu10)*FT2(g6)*Vec(nu10,q2)*Vec(nu13,-q2)*Vec(nu13,q2)*
      Den( - p4 + q2 + q3)^2*Deng(p4,xiw,0)*Deng(q2 + q3,xiw,0)*Deng(q2 + q3,
      xiw,M3)^2*q2.q2*ufoGC58*ufoGC107*ufoGC93*ufoGC3
       - 1/4*g_(1,6_,nu10)*FT2(g6)*Vec(nu10,q2)*Vec(nu13,-q2)*Vec(nu13,q2)*
      Den( - p4 + q2 + q3)^2*Deng(p4,xiw,0)*Deng(q2 + q3,xiw,0)*Deng(q2 + q3,
      xiw,M3)^2*q3.q3*xia*ufoGC58*ufoGC107*ufoGC93*ufoGC3
       + 1/4*g_(1,6_,nu10)*FT2(g6)*Vec(nu10,q2)*Vec(nu13,-q2)*Vec(nu13,q2)*
      Den( - p4 + q2 + q3)^2*Deng(p4,xiw,0)*Deng(q2 + q3,xiw,0)*Deng(q2 + q3,
      xiw,M3)^2*q3.q3*ufoGC58*ufoGC107*ufoGC93*ufoGC3
       - 1/4*g_(1,6_,nu10)*FT2(g6)*Vec(nu10,q2)*Vec(nu13,-q2)*Vec(nu13,q2)*
      Den( - p4 + q2 + q3)*Deng(p4,xiw,0)*Deng(q2 + q3,xiw,0)*Deng(q2 + q3,xiw
      ,M3)^2*ufoGC58*ufoGC107*ufoGC93*ufoGC3
       - 1/4*g_(1,6_,nu10)*FT2(g6)*Vec(nu10,q2)*Vec(nu13,-q2)*Vec(nu13,q3)*
      Den( - p4 + q2 + q3)^2*Deng(p4,xiw,0)*Deng(q2 + q3,xiw,0)*Deng(q2 + q3,
      xiw,M3)^2*q2.q2*xia*ufoGC58*ufoGC107*ufoGC93*ufoGC3
       + 1/4*g_(1,6_,nu10)*FT2(g6)*Vec(nu10,q2)*Vec(nu13,-q2)*Vec(nu13,q3)*
      Den( - p4 + q2 + q3)^2*Deng(p4,xiw,0)*Deng(q2 + q3,xiw,0)*Deng(q2 + q3,
      xiw,M3)^2*q2.q2*ufoGC58*ufoGC107*ufoGC93*ufoGC3
       - 1/4*g_(1,6_,nu10)*FT2(g6)*Vec(nu10,q2)*Vec(nu13,-q2)*Vec(nu13,q3)*
      Den( - p4 + q2 + q3)^2*Deng(p4,xiw,0)*Deng(q2 + q3,xiw,0)*Deng(q2 + q3,
      xiw,M3)^2*q3.q3*xia*ufoGC58*ufoGC107*ufoGC93*ufoGC3
       + 1/4*g_(1,6_,nu10)*FT2(g6)*Vec(nu10,q2)*Vec(nu13,-q2)*Vec(nu13,q3)*
      Den( - p4 + q2 + q3)^2*Deng(p4,xiw,0)*Deng(q2 + q3,xiw,0)*Deng(q2 + q3,
      xiw,M3)^2*q3.q3*ufoGC58*ufoGC107*ufoGC93*ufoGC3
       - 1/4*g_(1,6_,nu10)*FT2(g6)*Vec(nu10,q2)*Vec(nu13,-q2)*Vec(nu13,q3)*
      Den( - p4 + q2 + q3)*Deng(p4,xiw,0)*Deng(q2 + q3,xiw,0)*Deng(q2 + q3,xiw
      ,M3)^2*ufoGC58*ufoGC107*ufoGC93*ufoGC3
       - 1/4*g_(1,6_,nu10)*FT2(g6)*Vec(nu10,q2)*Vec(nu13,-q3)*Vec(nu13,q2)*
      Den( - p4 + q2 + q3)^2*Deng(p4,xiw,0)*Deng(q2 + q3,xiw,0)*Deng(q2 + q3,
      xiw,M3)^2*q2.q2*xia*ufoGC58*ufoGC107*ufoGC93*ufoGC3
       + 1/4*g_(1,6_,nu10)*FT2(g6)*Vec(nu10,q2)*Vec(nu13,-q3)*Vec(nu13,q2)*
      Den( - p4 + q2 + q3)^2*Deng(p4,xiw,0)*Deng(q2 + q3,xiw,0)*Deng(q2 + q3,
      xiw,M3)^2*q2.q2*ufoGC58*ufoGC107*ufoGC93*ufoGC3
       - 1/4*g_(1,6_,nu10)*FT2(g6)*Vec(nu10,q2)*Vec(nu13,-q3)*Vec(nu13,q2)*
      Den( - p4 + q2 + q3)^2*Deng(p4,xiw,0)*Deng(q2 + q3,xiw,0)*Deng(q2 + q3,
      xiw,M3)^2*q3.q3*xia*ufoGC58*ufoGC107*ufoGC93*ufoGC3
       + 1/4*g_(1,6_,nu10)*FT2(g6)*Vec(nu10,q2)*Vec(nu13,-q3)*Vec(nu13,q2)*
      Den( - p4 + q2 + q3)^2*Deng(p4,xiw,0)*Deng(q2 + q3,xiw,0)*Deng(q2 + q3,
      xiw,M3)^2*q3.q3*ufoGC58*ufoGC107*ufoGC93*ufoGC3
       - 1/4*g_(1,6_,nu10)*FT2(g6)*Vec(nu10,q2)*Vec(nu13,-q3)*Vec(nu13,q2)*
      Den( - p4 + q2 + q3)*Deng(p4,xiw,0)*Deng(q2 + q3,xiw,0)*Deng(q2 + q3,xiw
      ,M3)^2*ufoGC58*ufoGC107*ufoGC93*ufoGC3
       - 1/4*g_(1,6_,nu10)*FT2(g6)*Vec(nu10,q2)*Vec(nu13,-q3)*Vec(nu13,q3)*
      Den( - p4 + q2 + q3)^2*Deng(p4,xiw,0)*Deng(q2 + q3,xiw,0)*Deng(q2 + q3,
      xiw,M3)^2*q2.q2*xia*ufoGC58*ufoGC107*ufoGC93*ufoGC3
       + 1/4*g_(1,6_,nu10)*FT2(g6)*Vec(nu10,q2)*Vec(nu13,-q3)*Vec(nu13,q3)*
      Den( - p4 + q2 + q3)^2*Deng(p4,xiw,0)*Deng(q2 + q3,xiw,0)*Deng(q2 + q3,
      xiw,M3)^2*q2.q2*ufoGC58*ufoGC107*ufoGC93*ufoGC3
       - 1/4*g_(1,6_,nu10)*FT2(g6)*Vec(nu10,q2)*Vec(nu13,-q3)*Vec(nu13,q3)*
      Den( - p4 + q2 + q3)^2*Deng(p4,xiw,0)*Deng(q2 + q3,xiw,0)*Deng(q2 + q3,
      xiw,M3)^2*q3.q3*xia*ufoGC58*ufoGC107*ufoGC93*ufoGC3
       + 1/4*g_(1,6_,nu10)*FT2(g6)*Vec(nu10,q2)*Vec(nu13,-q3)*Vec(nu13,q3)*
      Den( - p4 + q2 + q3)^2*Deng(p4,xiw,0)*Deng(q2 + q3,xiw,0)*Deng(q2 + q3,
      xiw,M3)^2*q3.q3*ufoGC58*ufoGC107*ufoGC93*ufoGC3
       - 1/4*g_(1,6_,nu10)*FT2(g6)*Vec(nu10,q2)*Vec(nu13,-q3)*Vec(nu13,q3)*
      Den( - p4 + q2 + q3)*Deng(p4,xiw,0)*Deng(q2 + q3,xiw,0)*Deng(q2 + q3,xiw
      ,M3)^2*ufoGC58*ufoGC107*ufoGC93*ufoGC3
       + 1/2*g_(1,6_,nu10)*FT2(g6)*Vec(nu10,q3)*Vec(nu9,q2)*Vec(nu9,q3)*Vec(
      nu13,-p4)*Vec(nu13,p4)*Den( - p4 + q2 + q3)^2*Deng(p4,xiw,0)*Deng(q2 + 
      q3,xiw,0)*Deng(q2 + q3,xiw,M3)^2*xia*ufoGC58*ufoGC107*ufoGC93*ufoGC3
       - 1/2*g_(1,6_,nu10)*FT2(g6)*Vec(nu10,q3)*Vec(nu9,q2)*Vec(nu9,q3)*Vec(
      nu13,-p4)*Vec(nu13,p4)*Den( - p4 + q2 + q3)^2*Deng(p4,xiw,0)*Deng(q2 + 
      q3,xiw,0)*Deng(q2 + q3,xiw,M3)^2*ufoGC58*ufoGC107*ufoGC93*ufoGC3
       - 1/2*g_(1,6_,nu10)*FT2(g6)*Vec(nu10,q3)*Vec(nu9,q2)*Vec(nu9,q3)*Vec(
      nu13,-p4)*Vec(nu13,-q2)*Den( - p4 + q2 + q3)^2*Deng(p4,xiw,0)*Deng(q2 + 
      q3,xiw,0)*Deng(q2 + q3,xiw,M3)^2*xia*ufoGC58*ufoGC107*ufoGC93*ufoGC3
       + 1/2*g_(1,6_,nu10)*FT2(g6)*Vec(nu10,q3)*Vec(nu9,q2)*Vec(nu9,q3)*Vec(
      nu13,-p4)*Vec(nu13,-q2)*Den( - p4 + q2 + q3)^2*Deng(p4,xiw,0)*Deng(q2 + 
      q3,xiw,0)*Deng(q2 + q3,xiw,M3)^2*ufoGC58*ufoGC107*ufoGC93*ufoGC3
       - 1/2*g_(1,6_,nu10)*FT2(g6)*Vec(nu10,q3)*Vec(nu9,q2)*Vec(nu9,q3)*Vec(
      nu13,-p4)*Vec(nu13,-q3)*Den( - p4 + q2 + q3)^2*Deng(p4,xiw,0)*Deng(q2 + 
      q3,xiw,0)*Deng(q2 + q3,xiw,M3)^2*xia*ufoGC58*ufoGC107*ufoGC93*ufoGC3
       + 1/2*g_(1,6_,nu10)*FT2(g6)*Vec(nu10,q3)*Vec(nu9,q2)*Vec(nu9,q3)*Vec(
      nu13,-p4)*Vec(nu13,-q3)*Den( - p4 + q2 + q3)^2*Deng(p4,xiw,0)*Deng(q2 + 
      q3,xiw,0)*Deng(q2 + q3,xiw,M3)^2*ufoGC58*ufoGC107*ufoGC93*ufoGC3
       + 1/4*g_(1,6_,nu10)*FT2(g6)*Vec(nu10,q3)*Vec(nu9,-p4)*Vec(nu9,q2)*Vec(
      nu13,p4)*Vec(nu13,q2)*Den( - p4 + q2 + q3)^2*Deng(p4,xiw,0)*Deng(q2 + q3
      ,xiw,0)*Deng(q2 + q3,xiw,M3)^2*xia*ufoGC58*ufoGC107*ufoGC93*ufoGC3
       - 1/4*g_(1,6_,nu10)*FT2(g6)*Vec(nu10,q3)*Vec(nu9,-p4)*Vec(nu9,q2)*Vec(
      nu13,p4)*Vec(nu13,q2)*Den( - p4 + q2 + q3)^2*Deng(p4,xiw,0)*Deng(q2 + q3
      ,xiw,0)*Deng(q2 + q3,xiw,M3)^2*ufoGC58*ufoGC107*ufoGC93*ufoGC3
       + 1/4*g_(1,6_,nu10)*FT2(g6)*Vec(nu10,q3)*Vec(nu9,-p4)*Vec(nu9,q2)*Vec(
      nu13,p4)*Vec(nu13,q3)*Den( - p4 + q2 + q3)^2*Deng(p4,xiw,0)*Deng(q2 + q3
      ,xiw,0)*Deng(q2 + q3,xiw,M3)^2*xia*ufoGC58*ufoGC107*ufoGC93*ufoGC3
       - 1/4*g_(1,6_,nu10)*FT2(g6)*Vec(nu10,q3)*Vec(nu9,-p4)*Vec(nu9,q2)*Vec(
      nu13,p4)*Vec(nu13,q3)*Den( - p4 + q2 + q3)^2*Deng(p4,xiw,0)*Deng(q2 + q3
      ,xiw,0)*Deng(q2 + q3,xiw,M3)^2*ufoGC58*ufoGC107*ufoGC93*ufoGC3
       + 1/4*g_(1,6_,nu10)*FT2(g6)*Vec(nu10,q3)*Vec(nu9,-p4)*Vec(nu9,q2)*Vec(
      nu13,-p4)*Vec(nu13,p4)*Den( - p4 + q2 + q3)^2*Deng(p4,xiw,0)*Deng(q2 + 
      q3,xiw,0)*Deng(q2 + q3,xiw,M3)^2*xia*ufoGC58*ufoGC107*ufoGC93*ufoGC3
       - 1/4*g_(1,6_,nu10)*FT2(g6)*Vec(nu10,q3)*Vec(nu9,-p4)*Vec(nu9,q2)*Vec(
      nu13,-p4)*Vec(nu13,p4)*Den( - p4 + q2 + q3)^2*Deng(p4,xiw,0)*Deng(q2 + 
      q3,xiw,0)*Deng(q2 + q3,xiw,M3)^2*ufoGC58*ufoGC107*ufoGC93*ufoGC3
       - 1/4*g_(1,6_,nu10)*FT2(g6)*Vec(nu10,q3)*Vec(nu9,-p4)*Vec(nu9,q2)*Vec(
      nu13,-p4)*Vec(nu13,-q2)*Den( - p4 + q2 + q3)^2*Deng(p4,xiw,0)*Deng(q2 + 
      q3,xiw,0)*Deng(q2 + q3,xiw,M3)^2*xia*ufoGC58*ufoGC107*ufoGC93*ufoGC3
       + 1/4*g_(1,6_,nu10)*FT2(g6)*Vec(nu10,q3)*Vec(nu9,-p4)*Vec(nu9,q2)*Vec(
      nu13,-p4)*Vec(nu13,-q2)*Den( - p4 + q2 + q3)^2*Deng(p4,xiw,0)*Deng(q2 + 
      q3,xiw,0)*Deng(q2 + q3,xiw,M3)^2*ufoGC58*ufoGC107*ufoGC93*ufoGC3
       - 1/4*g_(1,6_,nu10)*FT2(g6)*Vec(nu10,q3)*Vec(nu9,-p4)*Vec(nu9,q2)*Vec(
      nu13,-p4)*Vec(nu13,-q3)*Den( - p4 + q2 + q3)^2*Deng(p4,xiw,0)*Deng(q2 + 
      q3,xiw,0)*Deng(q2 + q3,xiw,M3)^2*xia*ufoGC58*ufoGC107*ufoGC93*ufoGC3
       + 1/4*g_(1,6_,nu10)*FT2(g6)*Vec(nu10,q3)*Vec(nu9,-p4)*Vec(nu9,q2)*Vec(
      nu13,-p4)*Vec(nu13,-q3)*Den( - p4 + q2 + q3)^2*Deng(p4,xiw,0)*Deng(q2 + 
      q3,xiw,0)*Deng(q2 + q3,xiw,M3)^2*ufoGC58*ufoGC107*ufoGC93*ufoGC3
       - 1/4*g_(1,6_,nu10)*FT2(g6)*Vec(nu10,q3)*Vec(nu9,-p4)*Vec(nu9,q2)*Vec(
      nu13,-q2)*Vec(nu13,q2)*Den( - p4 + q2 + q3)^2*Deng(p4,xiw,0)*Deng(q2 + 
      q3,xiw,0)*Deng(q2 + q3,xiw,M3)^2*xia*ufoGC58*ufoGC107*ufoGC93*ufoGC3
       + 1/4*g_(1,6_,nu10)*FT2(g6)*Vec(nu10,q3)*Vec(nu9,-p4)*Vec(nu9,q2)*Vec(
      nu13,-q2)*Vec(nu13,q2)*Den( - p4 + q2 + q3)^2*Deng(p4,xiw,0)*Deng(q2 + 
      q3,xiw,0)*Deng(q2 + q3,xiw,M3)^2*ufoGC58*ufoGC107*ufoGC93*ufoGC3
       - 1/4*g_(1,6_,nu10)*FT2(g6)*Vec(nu10,q3)*Vec(nu9,-p4)*Vec(nu9,q2)*Vec(
      nu13,-q2)*Vec(nu13,q3)*Den( - p4 + q2 + q3)^2*Deng(p4,xiw,0)*Deng(q2 + 
      q3,xiw,0)*Deng(q2 + q3,xiw,M3)^2*xia*ufoGC58*ufoGC107*ufoGC93*ufoGC3
       + 1/4*g_(1,6_,nu10)*FT2(g6)*Vec(nu10,q3)*Vec(nu9,-p4)*Vec(nu9,q2)*Vec(
      nu13,-q2)*Vec(nu13,q3)*Den( - p4 + q2 + q3)^2*Deng(p4,xiw,0)*Deng(q2 + 
      q3,xiw,0)*Deng(q2 + q3,xiw,M3)^2*ufoGC58*ufoGC107*ufoGC93*ufoGC3
       - 1/4*g_(1,6_,nu10)*FT2(g6)*Vec(nu10,q3)*Vec(nu9,-p4)*Vec(nu9,q2)*Vec(
      nu13,-q3)*Vec(nu13,q2)*Den( - p4 + q2 + q3)^2*Deng(p4,xiw,0)*Deng(q2 + 
      q3,xiw,0)*Deng(q2 + q3,xiw,M3)^2*xia*ufoGC58*ufoGC107*ufoGC93*ufoGC3
       + 1/4*g_(1,6_,nu10)*FT2(g6)*Vec(nu10,q3)*Vec(nu9,-p4)*Vec(nu9,q2)*Vec(
      nu13,-q3)*Vec(nu13,q2)*Den( - p4 + q2 + q3)^2*Deng(p4,xiw,0)*Deng(q2 + 
      q3,xiw,0)*Deng(q2 + q3,xiw,M3)^2*ufoGC58*ufoGC107*ufoGC93*ufoGC3
       - 1/4*g_(1,6_,nu10)*FT2(g6)*Vec(nu10,q3)*Vec(nu9,-p4)*Vec(nu9,q2)*Vec(
      nu13,-q3)*Vec(nu13,q3)*Den( - p4 + q2 + q3)^2*Deng(p4,xiw,0)*Deng(q2 + 
      q3,xiw,0)*Deng(q2 + q3,xiw,M3)^2*xia*ufoGC58*ufoGC107*ufoGC93*ufoGC3
       + 1/4*g_(1,6_,nu10)*FT2(g6)*Vec(nu10,q3)*Vec(nu9,-p4)*Vec(nu9,q2)*Vec(
      nu13,-q3)*Vec(nu13,q3)*Den( - p4 + q2 + q3)^2*Deng(p4,xiw,0)*Deng(q2 + 
      q3,xiw,0)*Deng(q2 + q3,xiw,M3)^2*ufoGC58*ufoGC107*ufoGC93*ufoGC3
       + 1/4*g_(1,6_,nu10)*FT2(g6)*Vec(nu10,q3)*Vec(nu9,-p4)*Vec(nu9,q3)*Vec(
      nu13,p4)*Vec(nu13,q2)*Den( - p4 + q2 + q3)^2*Deng(p4,xiw,0)*Deng(q2 + q3
      ,xiw,0)*Deng(q2 + q3,xiw,M3)^2*xia*ufoGC58*ufoGC107*ufoGC93*ufoGC3
       - 1/4*g_(1,6_,nu10)*FT2(g6)*Vec(nu10,q3)*Vec(nu9,-p4)*Vec(nu9,q3)*Vec(
      nu13,p4)*Vec(nu13,q2)*Den( - p4 + q2 + q3)^2*Deng(p4,xiw,0)*Deng(q2 + q3
      ,xiw,0)*Deng(q2 + q3,xiw,M3)^2*ufoGC58*ufoGC107*ufoGC93*ufoGC3
       - 1/4*g_(1,6_,nu10)*FT2(g6)*Vec(nu10,q3)*Vec(nu9,-p4)*Vec(nu9,q3)*Vec(
      nu13,-q2)*Vec(nu13,q2)*Den( - p4 + q2 + q3)^2*Deng(p4,xiw,0)*Deng(q2 + 
      q3,xiw,0)*Deng(q2 + q3,xiw,M3)^2*xia*ufoGC58*ufoGC107*ufoGC93*ufoGC3
       + 1/4*g_(1,6_,nu10)*FT2(g6)*Vec(nu10,q3)*Vec(nu9,-p4)*Vec(nu9,q3)*Vec(
      nu13,-q2)*Vec(nu13,q2)*Den( - p4 + q2 + q3)^2*Deng(p4,xiw,0)*Deng(q2 + 
      q3,xiw,0)*Deng(q2 + q3,xiw,M3)^2*ufoGC58*ufoGC107*ufoGC93*ufoGC3
       - 1/4*g_(1,6_,nu10)*FT2(g6)*Vec(nu10,q3)*Vec(nu9,-p4)*Vec(nu9,q3)*Vec(
      nu13,-q3)*Vec(nu13,q2)*Den( - p4 + q2 + q3)^2*Deng(p4,xiw,0)*Deng(q2 + 
      q3,xiw,0)*Deng(q2 + q3,xiw,M3)^2*xia*ufoGC58*ufoGC107*ufoGC93*ufoGC3
       + 1/4*g_(1,6_,nu10)*FT2(g6)*Vec(nu10,q3)*Vec(nu9,-p4)*Vec(nu9,q3)*Vec(
      nu13,-q3)*Vec(nu13,q2)*Den( - p4 + q2 + q3)^2*Deng(p4,xiw,0)*Deng(q2 + 
      q3,xiw,0)*Deng(q2 + q3,xiw,M3)^2*ufoGC58*ufoGC107*ufoGC93*ufoGC3
       + 1/4*g_(1,6_,nu10)*FT2(g6)*Vec(nu10,q3)*Vec(nu13,p4)*Vec(nu13,q2)*Den(
       - p4 + q2 + q3)^2*Deng(p4,xiw,0)*Deng(q2 + q3,xiw,0)*Deng(q2 + q3,xiw,
      M3)^2*q2.q2*xia*ufoGC58*ufoGC107*ufoGC93*ufoGC3
       - 1/4*g_(1,6_,nu10)*FT2(g6)*Vec(nu10,q3)*Vec(nu13,p4)*Vec(nu13,q2)*Den(
       - p4 + q2 + q3)^2*Deng(p4,xiw,0)*Deng(q2 + q3,xiw,0)*Deng(q2 + q3,xiw,
      M3)^2*q2.q2*ufoGC58*ufoGC107*ufoGC93*ufoGC3
       + 1/4*g_(1,6_,nu10)*FT2(g6)*Vec(nu10,q3)*Vec(nu13,p4)*Vec(nu13,q2)*Den(
       - p4 + q2 + q3)^2*Deng(p4,xiw,0)*Deng(q2 + q3,xiw,0)*Deng(q2 + q3,xiw,
      M3)^2*q3.q3*xia*ufoGC58*ufoGC107*ufoGC93*ufoGC3
       - 1/4*g_(1,6_,nu10)*FT2(g6)*Vec(nu10,q3)*Vec(nu13,p4)*Vec(nu13,q2)*Den(
       - p4 + q2 + q3)^2*Deng(p4,xiw,0)*Deng(q2 + q3,xiw,0)*Deng(q2 + q3,xiw,
      M3)^2*q3.q3*ufoGC58*ufoGC107*ufoGC93*ufoGC3
       + 1/4*g_(1,6_,nu10)*FT2(g6)*Vec(nu10,q3)*Vec(nu13,p4)*Vec(nu13,q2)*Den(
       - p4 + q2 + q3)*Deng(p4,xiw,0)*Deng(q2 + q3,xiw,0)*Deng(q2 + q3,xiw,M3)
      ^2*ufoGC58*ufoGC107*ufoGC93*ufoGC3
       + 1/4*g_(1,6_,nu10)*FT2(g6)*Vec(nu10,q3)*Vec(nu13,p4)*Vec(nu13,q3)*Den(
       - p4 + q2 + q3)^2*Deng(p4,xiw,0)*Deng(q2 + q3,xiw,0)*Deng(q2 + q3,xiw,
      M3)^2*q2.q2*xia*ufoGC58*ufoGC107*ufoGC93*ufoGC3
       - 1/4*g_(1,6_,nu10)*FT2(g6)*Vec(nu10,q3)*Vec(nu13,p4)*Vec(nu13,q3)*Den(
       - p4 + q2 + q3)^2*Deng(p4,xiw,0)*Deng(q2 + q3,xiw,0)*Deng(q2 + q3,xiw,
      M3)^2*q2.q2*ufoGC58*ufoGC107*ufoGC93*ufoGC3
       + 1/4*g_(1,6_,nu10)*FT2(g6)*Vec(nu10,q3)*Vec(nu13,p4)*Vec(nu13,q3)*Den(
       - p4 + q2 + q3)^2*Deng(p4,xiw,0)*Deng(q2 + q3,xiw,0)*Deng(q2 + q3,xiw,
      M3)^2*q3.q3*xia*ufoGC58*ufoGC107*ufoGC93*ufoGC3
       - 1/4*g_(1,6_,nu10)*FT2(g6)*Vec(nu10,q3)*Vec(nu13,p4)*Vec(nu13,q3)*Den(
       - p4 + q2 + q3)^2*Deng(p4,xiw,0)*Deng(q2 + q3,xiw,0)*Deng(q2 + q3,xiw,
      M3)^2*q3.q3*ufoGC58*ufoGC107*ufoGC93*ufoGC3
       + 1/4*g_(1,6_,nu10)*FT2(g6)*Vec(nu10,q3)*Vec(nu13,p4)*Vec(nu13,q3)*Den(
       - p4 + q2 + q3)*Deng(p4,xiw,0)*Deng(q2 + q3,xiw,0)*Deng(q2 + q3,xiw,M3)
      ^2*ufoGC58*ufoGC107*ufoGC93*ufoGC3
       + 1/4*g_(1,6_,nu10)*FT2(g6)*Vec(nu10,q3)*Vec(nu13,-p4)*Vec(nu13,p4)*
      Den( - p4 + q2 + q3)^2*Deng(p4,xiw,0)*Deng(q2 + q3,xiw,0)*Deng(q2 + q3,
      xiw,M3)^2*q2.q2*xia*ufoGC58*ufoGC107*ufoGC93*ufoGC3
       - 1/4*g_(1,6_,nu10)*FT2(g6)*Vec(nu10,q3)*Vec(nu13,-p4)*Vec(nu13,p4)*
      Den( - p4 + q2 + q3)^2*Deng(p4,xiw,0)*Deng(q2 + q3,xiw,0)*Deng(q2 + q3,
      xiw,M3)^2*q2.q2*ufoGC58*ufoGC107*ufoGC93*ufoGC3
       + 1/4*g_(1,6_,nu10)*FT2(g6)*Vec(nu10,q3)*Vec(nu13,-p4)*Vec(nu13,p4)*
      Den( - p4 + q2 + q3)^2*Deng(p4,xiw,0)*Deng(q2 + q3,xiw,0)*Deng(q2 + q3,
      xiw,M3)^2*q3.q3*xia*ufoGC58*ufoGC107*ufoGC93*ufoGC3
       - 1/4*g_(1,6_,nu10)*FT2(g6)*Vec(nu10,q3)*Vec(nu13,-p4)*Vec(nu13,p4)*
      Den( - p4 + q2 + q3)^2*Deng(p4,xiw,0)*Deng(q2 + q3,xiw,0)*Deng(q2 + q3,
      xiw,M3)^2*q3.q3*ufoGC58*ufoGC107*ufoGC93*ufoGC3
       - 1/4*g_(1,6_,nu10)*FT2(g6)*Vec(nu10,q3)*Vec(nu13,-p4)*Vec(nu13,-q2)*
      Den( - p4 + q2 + q3)^2*Deng(p4,xiw,0)*Deng(q2 + q3,xiw,0)*Deng(q2 + q3,
      xiw,M3)^2*q2.q2*xia*ufoGC58*ufoGC107*ufoGC93*ufoGC3
       + 1/4*g_(1,6_,nu10)*FT2(g6)*Vec(nu10,q3)*Vec(nu13,-p4)*Vec(nu13,-q2)*
      Den( - p4 + q2 + q3)^2*Deng(p4,xiw,0)*Deng(q2 + q3,xiw,0)*Deng(q2 + q3,
      xiw,M3)^2*q2.q2*ufoGC58*ufoGC107*ufoGC93*ufoGC3
       - 1/4*g_(1,6_,nu10)*FT2(g6)*Vec(nu10,q3)*Vec(nu13,-p4)*Vec(nu13,-q2)*
      Den( - p4 + q2 + q3)^2*Deng(p4,xiw,0)*Deng(q2 + q3,xiw,0)*Deng(q2 + q3,
      xiw,M3)^2*q3.q3*xia*ufoGC58*ufoGC107*ufoGC93*ufoGC3
       + 1/4*g_(1,6_,nu10)*FT2(g6)*Vec(nu10,q3)*Vec(nu13,-p4)*Vec(nu13,-q2)*
      Den( - p4 + q2 + q3)^2*Deng(p4,xiw,0)*Deng(q2 + q3,xiw,0)*Deng(q2 + q3,
      xiw,M3)^2*q3.q3*ufoGC58*ufoGC107*ufoGC93*ufoGC3
       - 1/4*g_(1,6_,nu10)*FT2(g6)*Vec(nu10,q3)*Vec(nu13,-p4)*Vec(nu13,-q3)*
      Den( - p4 + q2 + q3)^2*Deng(p4,xiw,0)*Deng(q2 + q3,xiw,0)*Deng(q2 + q3,
      xiw,M3)^2*q2.q2*xia*ufoGC58*ufoGC107*ufoGC93*ufoGC3
       + 1/4*g_(1,6_,nu10)*FT2(g6)*Vec(nu10,q3)*Vec(nu13,-p4)*Vec(nu13,-q3)*
      Den( - p4 + q2 + q3)^2*Deng(p4,xiw,0)*Deng(q2 + q3,xiw,0)*Deng(q2 + q3,
      xiw,M3)^2*q2.q2*ufoGC58*ufoGC107*ufoGC93*ufoGC3
       - 1/4*g_(1,6_,nu10)*FT2(g6)*Vec(nu10,q3)*Vec(nu13,-p4)*Vec(nu13,-q3)*
      Den( - p4 + q2 + q3)^2*Deng(p4,xiw,0)*Deng(q2 + q3,xiw,0)*Deng(q2 + q3,
      xiw,M3)^2*q3.q3*xia*ufoGC58*ufoGC107*ufoGC93*ufoGC3
       + 1/4*g_(1,6_,nu10)*FT2(g6)*Vec(nu10,q3)*Vec(nu13,-p4)*Vec(nu13,-q3)*
      Den( - p4 + q2 + q3)^2*Deng(p4,xiw,0)*Deng(q2 + q3,xiw,0)*Deng(q2 + q3,
      xiw,M3)^2*q3.q3*ufoGC58*ufoGC107*ufoGC93*ufoGC3
       - 1/4*g_(1,6_,nu10)*FT2(g6)*Vec(nu10,q3)*Vec(nu13,-q2)*Vec(nu13,q2)*
      Den( - p4 + q2 + q3)^2*Deng(p4,xiw,0)*Deng(q2 + q3,xiw,0)*Deng(q2 + q3,
      xiw,M3)^2*q2.q2*xia*ufoGC58*ufoGC107*ufoGC93*ufoGC3
       + 1/4*g_(1,6_,nu10)*FT2(g6)*Vec(nu10,q3)*Vec(nu13,-q2)*Vec(nu13,q2)*
      Den( - p4 + q2 + q3)^2*Deng(p4,xiw,0)*Deng(q2 + q3,xiw,0)*Deng(q2 + q3,
      xiw,M3)^2*q2.q2*ufoGC58*ufoGC107*ufoGC93*ufoGC3
       - 1/4*g_(1,6_,nu10)*FT2(g6)*Vec(nu10,q3)*Vec(nu13,-q2)*Vec(nu13,q2)*
      Den( - p4 + q2 + q3)^2*Deng(p4,xiw,0)*Deng(q2 + q3,xiw,0)*Deng(q2 + q3,
      xiw,M3)^2*q3.q3*xia*ufoGC58*ufoGC107*ufoGC93*ufoGC3
       + 1/4*g_(1,6_,nu10)*FT2(g6)*Vec(nu10,q3)*Vec(nu13,-q2)*Vec(nu13,q2)*
      Den( - p4 + q2 + q3)^2*Deng(p4,xiw,0)*Deng(q2 + q3,xiw,0)*Deng(q2 + q3,
      xiw,M3)^2*q3.q3*ufoGC58*ufoGC107*ufoGC93*ufoGC3
       - 1/4*g_(1,6_,nu10)*FT2(g6)*Vec(nu10,q3)*Vec(nu13,-q2)*Vec(nu13,q2)*
      Den( - p4 + q2 + q3)*Deng(p4,xiw,0)*Deng(q2 + q3,xiw,0)*Deng(q2 + q3,xiw
      ,M3)^2*ufoGC58*ufoGC107*ufoGC93*ufoGC3
       - 1/4*g_(1,6_,nu10)*FT2(g6)*Vec(nu10,q3)*Vec(nu13,-q2)*Vec(nu13,q3)*
      Den( - p4 + q2 + q3)^2*Deng(p4,xiw,0)*Deng(q2 + q3,xiw,0)*Deng(q2 + q3,
      xiw,M3)^2*q2.q2*xia*ufoGC58*ufoGC107*ufoGC93*ufoGC3
       + 1/4*g_(1,6_,nu10)*FT2(g6)*Vec(nu10,q3)*Vec(nu13,-q2)*Vec(nu13,q3)*
      Den( - p4 + q2 + q3)^2*Deng(p4,xiw,0)*Deng(q2 + q3,xiw,0)*Deng(q2 + q3,
      xiw,M3)^2*q2.q2*ufoGC58*ufoGC107*ufoGC93*ufoGC3
       - 1/4*g_(1,6_,nu10)*FT2(g6)*Vec(nu10,q3)*Vec(nu13,-q2)*Vec(nu13,q3)*
      Den( - p4 + q2 + q3)^2*Deng(p4,xiw,0)*Deng(q2 + q3,xiw,0)*Deng(q2 + q3,
      xiw,M3)^2*q3.q3*xia*ufoGC58*ufoGC107*ufoGC93*ufoGC3
       + 1/4*g_(1,6_,nu10)*FT2(g6)*Vec(nu10,q3)*Vec(nu13,-q2)*Vec(nu13,q3)*
      Den( - p4 + q2 + q3)^2*Deng(p4,xiw,0)*Deng(q2 + q3,xiw,0)*Deng(q2 + q3,
      xiw,M3)^2*q3.q3*ufoGC58*ufoGC107*ufoGC93*ufoGC3
       - 1/4*g_(1,6_,nu10)*FT2(g6)*Vec(nu10,q3)*Vec(nu13,-q2)*Vec(nu13,q3)*
      Den( - p4 + q2 + q3)*Deng(p4,xiw,0)*Deng(q2 + q3,xiw,0)*Deng(q2 + q3,xiw
      ,M3)^2*ufoGC58*ufoGC107*ufoGC93*ufoGC3
       - 1/4*g_(1,6_,nu10)*FT2(g6)*Vec(nu10,q3)*Vec(nu13,-q3)*Vec(nu13,q2)*
      Den( - p4 + q2 + q3)^2*Deng(p4,xiw,0)*Deng(q2 + q3,xiw,0)*Deng(q2 + q3,
      xiw,M3)^2*q2.q2*xia*ufoGC58*ufoGC107*ufoGC93*ufoGC3
       + 1/4*g_(1,6_,nu10)*FT2(g6)*Vec(nu10,q3)*Vec(nu13,-q3)*Vec(nu13,q2)*
      Den( - p4 + q2 + q3)^2*Deng(p4,xiw,0)*Deng(q2 + q3,xiw,0)*Deng(q2 + q3,
      xiw,M3)^2*q2.q2*ufoGC58*ufoGC107*ufoGC93*ufoGC3
       - 1/4*g_(1,6_,nu10)*FT2(g6)*Vec(nu10,q3)*Vec(nu13,-q3)*Vec(nu13,q2)*
      Den( - p4 + q2 + q3)^2*Deng(p4,xiw,0)*Deng(q2 + q3,xiw,0)*Deng(q2 + q3,
      xiw,M3)^2*q3.q3*xia*ufoGC58*ufoGC107*ufoGC93*ufoGC3
       + 1/4*g_(1,6_,nu10)*FT2(g6)*Vec(nu10,q3)*Vec(nu13,-q3)*Vec(nu13,q2)*
      Den( - p4 + q2 + q3)^2*Deng(p4,xiw,0)*Deng(q2 + q3,xiw,0)*Deng(q2 + q3,
      xiw,M3)^2*q3.q3*ufoGC58*ufoGC107*ufoGC93*ufoGC3
       - 1/4*g_(1,6_,nu10)*FT2(g6)*Vec(nu10,q3)*Vec(nu13,-q3)*Vec(nu13,q2)*
      Den( - p4 + q2 + q3)*Deng(p4,xiw,0)*Deng(q2 + q3,xiw,0)*Deng(q2 + q3,xiw
      ,M3)^2*ufoGC58*ufoGC107*ufoGC93*ufoGC3
       - 1/4*g_(1,6_,nu10)*FT2(g6)*Vec(nu10,q3)*Vec(nu13,-q3)*Vec(nu13,q3)*
      Den( - p4 + q2 + q3)^2*Deng(p4,xiw,0)*Deng(q2 + q3,xiw,0)*Deng(q2 + q3,
      xiw,M3)^2*q2.q2*xia*ufoGC58*ufoGC107*ufoGC93*ufoGC3
       + 1/4*g_(1,6_,nu10)*FT2(g6)*Vec(nu10,q3)*Vec(nu13,-q3)*Vec(nu13,q3)*
      Den( - p4 + q2 + q3)^2*Deng(p4,xiw,0)*Deng(q2 + q3,xiw,0)*Deng(q2 + q3,
      xiw,M3)^2*q2.q2*ufoGC58*ufoGC107*ufoGC93*ufoGC3
       - 1/4*g_(1,6_,nu10)*FT2(g6)*Vec(nu10,q3)*Vec(nu13,-q3)*Vec(nu13,q3)*
      Den( - p4 + q2 + q3)^2*Deng(p4,xiw,0)*Deng(q2 + q3,xiw,0)*Deng(q2 + q3,
      xiw,M3)^2*q3.q3*xia*ufoGC58*ufoGC107*ufoGC93*ufoGC3
       + 1/4*g_(1,6_,nu10)*FT2(g6)*Vec(nu10,q3)*Vec(nu13,-q3)*Vec(nu13,q3)*
      Den( - p4 + q2 + q3)^2*Deng(p4,xiw,0)*Deng(q2 + q3,xiw,0)*Deng(q2 + q3,
      xiw,M3)^2*q3.q3*ufoGC58*ufoGC107*ufoGC93*ufoGC3
       - 1/4*g_(1,6_,nu10)*FT2(g6)*Vec(nu10,q3)*Vec(nu13,-q3)*Vec(nu13,q3)*
      Den( - p4 + q2 + q3)*Deng(p4,xiw,0)*Deng(q2 + q3,xiw,0)*Deng(q2 + q3,xiw
      ,M3)^2*ufoGC58*ufoGC107*ufoGC93*ufoGC3
       - 1/4*g_(1,6_,nu10)*FT2(g6)/(d^2 + 2*d)*Vec(nu10,p4)*Den( - p4 + q2 + 
      q3)^2*Deng(p4,xiw,0)*Deng(q2 + q3,xiw,0)*Deng(q2 + q3,xiw,M3)^2*p4.q2*
      q2.q2*xia*ufoGC58*ufoGC107*ufoGC93*ufoGC3
       + 1/4*g_(1,6_,nu10)*FT2(g6)/(d^2 + 2*d)*Vec(nu10,p4)*Den( - p4 + q2 + 
      q3)^2*Deng(p4,xiw,0)*Deng(q2 + q3,xiw,0)*Deng(q2 + q3,xiw,M3)^2*p4.q2*
      q2.q2*ufoGC58*ufoGC107*ufoGC93*ufoGC3
       - 1/4*g_(1,6_,nu10)*FT2(g6)/(d^2 + 2*d)*Vec(nu10,p4)*Den( - p4 + q2 + 
      q3)^2*Deng(p4,xiw,0)*Deng(q2 + q3,xiw,0)*Deng(q2 + q3,xiw,M3)^2*p4.q3*
      q3.q3*xia*ufoGC58*ufoGC107*ufoGC93*ufoGC3
       + 1/4*g_(1,6_,nu10)*FT2(g6)/(d^2 + 2*d)*Vec(nu10,p4)*Den( - p4 + q2 + 
      q3)^2*Deng(p4,xiw,0)*Deng(q2 + q3,xiw,0)*Deng(q2 + q3,xiw,M3)^2*p4.q3*
      q3.q3*ufoGC58*ufoGC107*ufoGC93*ufoGC3
       + 1/2*g_(1,6_,nu10)*FT2(g6)/(d^2 + 2*d)*Vec(nu10,p4)*Den( - p4 + q2 + 
      q3)^2*Deng(p4,xiw,0)*Deng(q2 + q3,xiw,0)*Deng(q2 + q3,xiw,M3)^2*q2.q2*
      q2.q3*xia*ufoGC58*ufoGC107*ufoGC93*ufoGC3
       - 1/2*g_(1,6_,nu10)*FT2(g6)/(d^2 + 2*d)*Vec(nu10,p4)*Den( - p4 + q2 + 
      q3)^2*Deng(p4,xiw,0)*Deng(q2 + q3,xiw,0)*Deng(q2 + q3,xiw,M3)^2*q2.q2*
      q2.q3*ufoGC58*ufoGC107*ufoGC93*ufoGC3
       + 1/2*g_(1,6_,nu10)*FT2(g6)/(d^2 + 2*d)*Vec(nu10,p4)*Den( - p4 + q2 + 
      q3)^2*Deng(p4,xiw,0)*Deng(q2 + q3,xiw,0)*Deng(q2 + q3,xiw,M3)^2*q2.q3*
      q3.q3*xia*ufoGC58*ufoGC107*ufoGC93*ufoGC3
       - 1/2*g_(1,6_,nu10)*FT2(g6)/(d^2 + 2*d)*Vec(nu10,p4)*Den( - p4 + q2 + 
      q3)^2*Deng(p4,xiw,0)*Deng(q2 + q3,xiw,0)*Deng(q2 + q3,xiw,M3)^2*q2.q3*
      q3.q3*ufoGC58*ufoGC107*ufoGC93*ufoGC3
       + 1/4*g_(1,6_,nu10)*FT2(g6)/(d^2 + 2*d)*Vec(nu10,-q2)*Den( - p4 + q2 + 
      q3)^2*Deng(p4,xiw,0)*Deng(q2 + q3,xiw,0)*Deng(q2 + q3,xiw,M3)^2*p4.q2*
      q2.q2*xia*ufoGC58*ufoGC107*ufoGC93*ufoGC3
       - 1/4*g_(1,6_,nu10)*FT2(g6)/(d^2 + 2*d)*Vec(nu10,-q2)*Den( - p4 + q2 + 
      q3)^2*Deng(p4,xiw,0)*Deng(q2 + q3,xiw,0)*Deng(q2 + q3,xiw,M3)^2*p4.q2*
      q2.q2*ufoGC58*ufoGC107*ufoGC93*ufoGC3
       + 1/4*g_(1,6_,nu10)*FT2(g6)/(d^2 + 2*d)*Vec(nu10,-q2)*Den( - p4 + q2 + 
      q3)^2*Deng(p4,xiw,0)*Deng(q2 + q3,xiw,0)*Deng(q2 + q3,xiw,M3)^2*p4.q3*
      q3.q3*xia*ufoGC58*ufoGC107*ufoGC93*ufoGC3
       - 1/4*g_(1,6_,nu10)*FT2(g6)/(d^2 + 2*d)*Vec(nu10,-q2)*Den( - p4 + q2 + 
      q3)^2*Deng(p4,xiw,0)*Deng(q2 + q3,xiw,0)*Deng(q2 + q3,xiw,M3)^2*p4.q3*
      q3.q3*ufoGC58*ufoGC107*ufoGC93*ufoGC3
       - 1/2*g_(1,6_,nu10)*FT2(g6)/(d^2 + 2*d)*Vec(nu10,-q2)*Den( - p4 + q2 + 
      q3)^2*Deng(p4,xiw,0)*Deng(q2 + q3,xiw,0)*Deng(q2 + q3,xiw,M3)^2*q2.q2*
      q2.q3*xia*ufoGC58*ufoGC107*ufoGC93*ufoGC3
       + 1/2*g_(1,6_,nu10)*FT2(g6)/(d^2 + 2*d)*Vec(nu10,-q2)*Den( - p4 + q2 + 
      q3)^2*Deng(p4,xiw,0)*Deng(q2 + q3,xiw,0)*Deng(q2 + q3,xiw,M3)^2*q2.q2*
      q2.q3*ufoGC58*ufoGC107*ufoGC93*ufoGC3
       - 1/2*g_(1,6_,nu10)*FT2(g6)/(d^2 + 2*d)*Vec(nu10,-q2)*Den( - p4 + q2 + 
      q3)^2*Deng(p4,xiw,0)*Deng(q2 + q3,xiw,0)*Deng(q2 + q3,xiw,M3)^2*q2.q3*
      q3.q3*xia*ufoGC58*ufoGC107*ufoGC93*ufoGC3
       + 1/2*g_(1,6_,nu10)*FT2(g6)/(d^2 + 2*d)*Vec(nu10,-q2)*Den( - p4 + q2 + 
      q3)^2*Deng(p4,xiw,0)*Deng(q2 + q3,xiw,0)*Deng(q2 + q3,xiw,M3)^2*q2.q3*
      q3.q3*ufoGC58*ufoGC107*ufoGC93*ufoGC3
       + 1/4*g_(1,6_,nu10)*FT2(g6)/(d^2 + 2*d)*Vec(nu10,-q3)*Den( - p4 + q2 + 
      q3)^2*Deng(p4,xiw,0)*Deng(q2 + q3,xiw,0)*Deng(q2 + q3,xiw,M3)^2*p4.q2*
      q2.q2*xia*ufoGC58*ufoGC107*ufoGC93*ufoGC3
       - 1/4*g_(1,6_,nu10)*FT2(g6)/(d^2 + 2*d)*Vec(nu10,-q3)*Den( - p4 + q2 + 
      q3)^2*Deng(p4,xiw,0)*Deng(q2 + q3,xiw,0)*Deng(q2 + q3,xiw,M3)^2*p4.q2*
      q2.q2*ufoGC58*ufoGC107*ufoGC93*ufoGC3
       + 1/4*g_(1,6_,nu10)*FT2(g6)/(d^2 + 2*d)*Vec(nu10,-q3)*Den( - p4 + q2 + 
      q3)^2*Deng(p4,xiw,0)*Deng(q2 + q3,xiw,0)*Deng(q2 + q3,xiw,M3)^2*p4.q3*
      q3.q3*xia*ufoGC58*ufoGC107*ufoGC93*ufoGC3
       - 1/4*g_(1,6_,nu10)*FT2(g6)/(d^2 + 2*d)*Vec(nu10,-q3)*Den( - p4 + q2 + 
      q3)^2*Deng(p4,xiw,0)*Deng(q2 + q3,xiw,0)*Deng(q2 + q3,xiw,M3)^2*p4.q3*
      q3.q3*ufoGC58*ufoGC107*ufoGC93*ufoGC3
       - 1/2*g_(1,6_,nu10)*FT2(g6)/(d^2 + 2*d)*Vec(nu10,-q3)*Den( - p4 + q2 + 
      q3)^2*Deng(p4,xiw,0)*Deng(q2 + q3,xiw,0)*Deng(q2 + q3,xiw,M3)^2*q2.q2*
      q2.q3*xia*ufoGC58*ufoGC107*ufoGC93*ufoGC3
       + 1/2*g_(1,6_,nu10)*FT2(g6)/(d^2 + 2*d)*Vec(nu10,-q3)*Den( - p4 + q2 + 
      q3)^2*Deng(p4,xiw,0)*Deng(q2 + q3,xiw,0)*Deng(q2 + q3,xiw,M3)^2*q2.q2*
      q2.q3*ufoGC58*ufoGC107*ufoGC93*ufoGC3
       - 1/2*g_(1,6_,nu10)*FT2(g6)/(d^2 + 2*d)*Vec(nu10,-q3)*Den( - p4 + q2 + 
      q3)^2*Deng(p4,xiw,0)*Deng(q2 + q3,xiw,0)*Deng(q2 + q3,xiw,M3)^2*q2.q3*
      q3.q3*xia*ufoGC58*ufoGC107*ufoGC93*ufoGC3
       + 1/2*g_(1,6_,nu10)*FT2(g6)/(d^2 + 2*d)*Vec(nu10,-q3)*Den( - p4 + q2 + 
      q3)^2*Deng(p4,xiw,0)*Deng(q2 + q3,xiw,0)*Deng(q2 + q3,xiw,M3)^2*q2.q3*
      q3.q3*ufoGC58*ufoGC107*ufoGC93*ufoGC3
       - 1/4*g_(1,6_,nu9)*FT2(g6)*Vec(nu9,q2)*Vec(nu13,p4)*Vec(nu13,q2)*Den(
       - p4 + q2 + q3)^2*Deng(p4,xiw,0)*Deng(q2 + q3,xiw,0)*Deng(q2 + q3,xiw,
      M3)*xia*ufoGC58*ufoGC107*ufoGC93*ufoGC3
       + 1/4*g_(1,6_,nu9)*FT2(g6)*Vec(nu9,q2)*Vec(nu13,p4)*Vec(nu13,q2)*Den(
       - p4 + q2 + q3)^2*Deng(p4,xiw,0)*Deng(q2 + q3,xiw,0)*Deng(q2 + q3,xiw,
      M3)*ufoGC58*ufoGC107*ufoGC93*ufoGC3
       - 1/4*g_(1,6_,nu9)*FT2(g6)*Vec(nu9,q2)*Vec(nu13,p4)*Vec(nu13,q3)*Den(
       - p4 + q2 + q3)^2*Deng(p4,xiw,0)*Deng(q2 + q3,xiw,0)*Deng(q2 + q3,xiw,
      M3)*xia*ufoGC58*ufoGC107*ufoGC93*ufoGC3
       + 1/4*g_(1,6_,nu9)*FT2(g6)*Vec(nu9,q2)*Vec(nu13,p4)*Vec(nu13,q3)*Den(
       - p4 + q2 + q3)^2*Deng(p4,xiw,0)*Deng(q2 + q3,xiw,0)*Deng(q2 + q3,xiw,
      M3)*ufoGC58*ufoGC107*ufoGC93*ufoGC3
       - 1/4*g_(1,6_,nu9)*FT2(g6)*Vec(nu9,q2)*Vec(nu13,-p4)*Vec(nu13,p4)*Den(
       - p4 + q2 + q3)^2*Deng(p4,xiw,0)*Deng(q2 + q3,xiw,0)*Deng(q2 + q3,xiw,
      M3)*xia*ufoGC58*ufoGC107*ufoGC93*ufoGC3
       + 1/4*g_(1,6_,nu9)*FT2(g6)*Vec(nu9,q2)*Vec(nu13,-p4)*Vec(nu13,p4)*Den(
       - p4 + q2 + q3)^2*Deng(p4,xiw,0)*Deng(q2 + q3,xiw,0)*Deng(q2 + q3,xiw,
      M3)*ufoGC58*ufoGC107*ufoGC93*ufoGC3
       + 1/4*g_(1,6_,nu9)*FT2(g6)*Vec(nu9,q2)*Vec(nu13,-p4)*Vec(nu13,-q2)*Den(
       - p4 + q2 + q3)^2*Deng(p4,xiw,0)*Deng(q2 + q3,xiw,0)*Deng(q2 + q3,xiw,
      M3)*xia*ufoGC58*ufoGC107*ufoGC93*ufoGC3
       - 1/4*g_(1,6_,nu9)*FT2(g6)*Vec(nu9,q2)*Vec(nu13,-p4)*Vec(nu13,-q2)*Den(
       - p4 + q2 + q3)^2*Deng(p4,xiw,0)*Deng(q2 + q3,xiw,0)*Deng(q2 + q3,xiw,
      M3)*ufoGC58*ufoGC107*ufoGC93*ufoGC3
       + 1/4*g_(1,6_,nu9)*FT2(g6)*Vec(nu9,q2)*Vec(nu13,-p4)*Vec(nu13,-q3)*Den(
       - p4 + q2 + q3)^2*Deng(p4,xiw,0)*Deng(q2 + q3,xiw,0)*Deng(q2 + q3,xiw,
      M3)*xia*ufoGC58*ufoGC107*ufoGC93*ufoGC3
       - 1/4*g_(1,6_,nu9)*FT2(g6)*Vec(nu9,q2)*Vec(nu13,-p4)*Vec(nu13,-q3)*Den(
       - p4 + q2 + q3)^2*Deng(p4,xiw,0)*Deng(q2 + q3,xiw,0)*Deng(q2 + q3,xiw,
      M3)*ufoGC58*ufoGC107*ufoGC93*ufoGC3
       + 1/4*g_(1,6_,nu9)*FT2(g6)*Vec(nu9,q2)*Vec(nu13,-q2)*Vec(nu13,q2)*Den(
       - p4 + q2 + q3)^2*Deng(p4,xiw,0)*Deng(q2 + q3,xiw,0)*Deng(q2 + q3,xiw,
      M3)*xia*ufoGC58*ufoGC107*ufoGC93*ufoGC3
       - 1/4*g_(1,6_,nu9)*FT2(g6)*Vec(nu9,q2)*Vec(nu13,-q2)*Vec(nu13,q2)*Den(
       - p4 + q2 + q3)^2*Deng(p4,xiw,0)*Deng(q2 + q3,xiw,0)*Deng(q2 + q3,xiw,
      M3)*ufoGC58*ufoGC107*ufoGC93*ufoGC3
       + 1/4*g_(1,6_,nu9)*FT2(g6)*Vec(nu9,q2)*Vec(nu13,-q2)*Vec(nu13,q3)*Den(
       - p4 + q2 + q3)^2*Deng(p4,xiw,0)*Deng(q2 + q3,xiw,0)*Deng(q2 + q3,xiw,
      M3)*xia*ufoGC58*ufoGC107*ufoGC93*ufoGC3
       - 1/4*g_(1,6_,nu9)*FT2(g6)*Vec(nu9,q2)*Vec(nu13,-q2)*Vec(nu13,q3)*Den(
       - p4 + q2 + q3)^2*Deng(p4,xiw,0)*Deng(q2 + q3,xiw,0)*Deng(q2 + q3,xiw,
      M3)*ufoGC58*ufoGC107*ufoGC93*ufoGC3
       + 1/4*g_(1,6_,nu9)*FT2(g6)*Vec(nu9,q2)*Vec(nu13,-q3)*Vec(nu13,q2)*Den(
       - p4 + q2 + q3)^2*Deng(p4,xiw,0)*Deng(q2 + q3,xiw,0)*Deng(q2 + q3,xiw,
      M3)*xia*ufoGC58*ufoGC107*ufoGC93*ufoGC3
       - 1/4*g_(1,6_,nu9)*FT2(g6)*Vec(nu9,q2)*Vec(nu13,-q3)*Vec(nu13,q2)*Den(
       - p4 + q2 + q3)^2*Deng(p4,xiw,0)*Deng(q2 + q3,xiw,0)*Deng(q2 + q3,xiw,
      M3)*ufoGC58*ufoGC107*ufoGC93*ufoGC3
       + 1/4*g_(1,6_,nu9)*FT2(g6)*Vec(nu9,q2)*Vec(nu13,-q3)*Vec(nu13,q3)*Den(
       - p4 + q2 + q3)^2*Deng(p4,xiw,0)*Deng(q2 + q3,xiw,0)*Deng(q2 + q3,xiw,
      M3)*xia*ufoGC58*ufoGC107*ufoGC93*ufoGC3
       - 1/4*g_(1,6_,nu9)*FT2(g6)*Vec(nu9,q2)*Vec(nu13,-q3)*Vec(nu13,q3)*Den(
       - p4 + q2 + q3)^2*Deng(p4,xiw,0)*Deng(q2 + q3,xiw,0)*Deng(q2 + q3,xiw,
      M3)*ufoGC58*ufoGC107*ufoGC93*ufoGC3
       - 1/4*g_(1,6_,nu9)*FT2(g6)*Vec(nu9,q3)*Vec(nu13,p4)*Vec(nu13,q2)*Den(
       - p4 + q2 + q3)^2*Deng(p4,xiw,0)*Deng(q2 + q3,xiw,0)*Deng(q2 + q3,xiw,
      M3)*xia*ufoGC58*ufoGC107*ufoGC93*ufoGC3
       + 1/4*g_(1,6_,nu9)*FT2(g6)*Vec(nu9,q3)*Vec(nu13,p4)*Vec(nu13,q2)*Den(
       - p4 + q2 + q3)^2*Deng(p4,xiw,0)*Deng(q2 + q3,xiw,0)*Deng(q2 + q3,xiw,
      M3)*ufoGC58*ufoGC107*ufoGC93*ufoGC3
       - 1/4*g_(1,6_,nu9)*FT2(g6)*Vec(nu9,q3)*Vec(nu13,p4)*Vec(nu13,q3)*Den(
       - p4 + q2 + q3)^2*Deng(p4,xiw,0)*Deng(q2 + q3,xiw,0)*Deng(q2 + q3,xiw,
      M3)*xia*ufoGC58*ufoGC107*ufoGC93*ufoGC3
       + 1/4*g_(1,6_,nu9)*FT2(g6)*Vec(nu9,q3)*Vec(nu13,p4)*Vec(nu13,q3)*Den(
       - p4 + q2 + q3)^2*Deng(p4,xiw,0)*Deng(q2 + q3,xiw,0)*Deng(q2 + q3,xiw,
      M3)*ufoGC58*ufoGC107*ufoGC93*ufoGC3
       - 1/4*g_(1,6_,nu9)*FT2(g6)*Vec(nu9,q3)*Vec(nu13,-p4)*Vec(nu13,p4)*Den(
       - p4 + q2 + q3)^2*Deng(p4,xiw,0)*Deng(q2 + q3,xiw,0)*Deng(q2 + q3,xiw,
      M3)*xia*ufoGC58*ufoGC107*ufoGC93*ufoGC3
       + 1/4*g_(1,6_,nu9)*FT2(g6)*Vec(nu9,q3)*Vec(nu13,-p4)*Vec(nu13,p4)*Den(
       - p4 + q2 + q3)^2*Deng(p4,xiw,0)*Deng(q2 + q3,xiw,0)*Deng(q2 + q3,xiw,
      M3)*ufoGC58*ufoGC107*ufoGC93*ufoGC3
       + 1/4*g_(1,6_,nu9)*FT2(g6)*Vec(nu9,q3)*Vec(nu13,-p4)*Vec(nu13,-q2)*Den(
       - p4 + q2 + q3)^2*Deng(p4,xiw,0)*Deng(q2 + q3,xiw,0)*Deng(q2 + q3,xiw,
      M3)*xia*ufoGC58*ufoGC107*ufoGC93*ufoGC3
       - 1/4*g_(1,6_,nu9)*FT2(g6)*Vec(nu9,q3)*Vec(nu13,-p4)*Vec(nu13,-q2)*Den(
       - p4 + q2 + q3)^2*Deng(p4,xiw,0)*Deng(q2 + q3,xiw,0)*Deng(q2 + q3,xiw,
      M3)*ufoGC58*ufoGC107*ufoGC93*ufoGC3
       + 1/4*g_(1,6_,nu9)*FT2(g6)*Vec(nu9,q3)*Vec(nu13,-p4)*Vec(nu13,-q3)*Den(
       - p4 + q2 + q3)^2*Deng(p4,xiw,0)*Deng(q2 + q3,xiw,0)*Deng(q2 + q3,xiw,
      M3)*xia*ufoGC58*ufoGC107*ufoGC93*ufoGC3
       - 1/4*g_(1,6_,nu9)*FT2(g6)*Vec(nu9,q3)*Vec(nu13,-p4)*Vec(nu13,-q3)*Den(
       - p4 + q2 + q3)^2*Deng(p4,xiw,0)*Deng(q2 + q3,xiw,0)*Deng(q2 + q3,xiw,
      M3)*ufoGC58*ufoGC107*ufoGC93*ufoGC3
       + 1/4*g_(1,6_,nu9)*FT2(g6)*Vec(nu9,q3)*Vec(nu13,-q2)*Vec(nu13,q2)*Den(
       - p4 + q2 + q3)^2*Deng(p4,xiw,0)*Deng(q2 + q3,xiw,0)*Deng(q2 + q3,xiw,
      M3)*xia*ufoGC58*ufoGC107*ufoGC93*ufoGC3
       - 1/4*g_(1,6_,nu9)*FT2(g6)*Vec(nu9,q3)*Vec(nu13,-q2)*Vec(nu13,q2)*Den(
       - p4 + q2 + q3)^2*Deng(p4,xiw,0)*Deng(q2 + q3,xiw,0)*Deng(q2 + q3,xiw,
      M3)*ufoGC58*ufoGC107*ufoGC93*ufoGC3
       + 1/4*g_(1,6_,nu9)*FT2(g6)*Vec(nu9,q3)*Vec(nu13,-q2)*Vec(nu13,q3)*Den(
       - p4 + q2 + q3)^2*Deng(p4,xiw,0)*Deng(q2 + q3,xiw,0)*Deng(q2 + q3,xiw,
      M3)*xia*ufoGC58*ufoGC107*ufoGC93*ufoGC3
       - 1/4*g_(1,6_,nu9)*FT2(g6)*Vec(nu9,q3)*Vec(nu13,-q2)*Vec(nu13,q3)*Den(
       - p4 + q2 + q3)^2*Deng(p4,xiw,0)*Deng(q2 + q3,xiw,0)*Deng(q2 + q3,xiw,
      M3)*ufoGC58*ufoGC107*ufoGC93*ufoGC3
       + 1/4*g_(1,6_,nu9)*FT2(g6)*Vec(nu9,q3)*Vec(nu13,-q3)*Vec(nu13,q2)*Den(
       - p4 + q2 + q3)^2*Deng(p4,xiw,0)*Deng(q2 + q3,xiw,0)*Deng(q2 + q3,xiw,
      M3)*xia*ufoGC58*ufoGC107*ufoGC93*ufoGC3
       - 1/4*g_(1,6_,nu9)*FT2(g6)*Vec(nu9,q3)*Vec(nu13,-q3)*Vec(nu13,q2)*Den(
       - p4 + q2 + q3)^2*Deng(p4,xiw,0)*Deng(q2 + q3,xiw,0)*Deng(q2 + q3,xiw,
      M3)*ufoGC58*ufoGC107*ufoGC93*ufoGC3
       + 1/4*g_(1,6_,nu9)*FT2(g6)*Vec(nu9,q3)*Vec(nu13,-q3)*Vec(nu13,q3)*Den(
       - p4 + q2 + q3)^2*Deng(p4,xiw,0)*Deng(q2 + q3,xiw,0)*Deng(q2 + q3,xiw,
      M3)*xia*ufoGC58*ufoGC107*ufoGC93*ufoGC3
       - 1/4*g_(1,6_,nu9)*FT2(g6)*Vec(nu9,q3)*Vec(nu13,-q3)*Vec(nu13,q3)*Den(
       - p4 + q2 + q3)^2*Deng(p4,xiw,0)*Deng(q2 + q3,xiw,0)*Deng(q2 + q3,xiw,
      M3)*ufoGC58*ufoGC107*ufoGC93*ufoGC3
       - 1/4*g_(1,6_,nu9)*FT2(g6)*Vec(nu9,-p4)*Vec(nu13,p4)*Vec(nu13,q2)*Den(
       - p4 + q2 + q3)^2*Deng(p4,xiw,0)*Deng(q2 + q3,xiw,0)*Deng(q2 + q3,xiw,
      M3)*xia*ufoGC58*ufoGC107*ufoGC93*ufoGC3
       + 1/4*g_(1,6_,nu9)*FT2(g6)*Vec(nu9,-p4)*Vec(nu13,p4)*Vec(nu13,q2)*Den(
       - p4 + q2 + q3)^2*Deng(p4,xiw,0)*Deng(q2 + q3,xiw,0)*Deng(q2 + q3,xiw,
      M3)*ufoGC58*ufoGC107*ufoGC93*ufoGC3
       - 1/4*g_(1,6_,nu9)*FT2(g6)*Vec(nu9,-p4)*Vec(nu13,p4)*Vec(nu13,q3)*Den(
       - p4 + q2 + q3)^2*Deng(p4,xiw,0)*Deng(q2 + q3,xiw,0)*Deng(q2 + q3,xiw,
      M3)*xia*ufoGC58*ufoGC107*ufoGC93*ufoGC3
       + 1/4*g_(1,6_,nu9)*FT2(g6)*Vec(nu9,-p4)*Vec(nu13,p4)*Vec(nu13,q3)*Den(
       - p4 + q2 + q3)^2*Deng(p4,xiw,0)*Deng(q2 + q3,xiw,0)*Deng(q2 + q3,xiw,
      M3)*ufoGC58*ufoGC107*ufoGC93*ufoGC3
       - 1/4*g_(1,6_,nu9)*FT2(g6)*Vec(nu9,-p4)*Vec(nu13,-p4)*Vec(nu13,p4)*Den(
       - p4 + q2 + q3)^2*Deng(p4,xiw,0)*Deng(q2 + q3,xiw,0)*Deng(q2 + q3,xiw,
      M3)*xia*ufoGC58*ufoGC107*ufoGC93*ufoGC3
       + 1/4*g_(1,6_,nu9)*FT2(g6)*Vec(nu9,-p4)*Vec(nu13,-p4)*Vec(nu13,p4)*Den(
       - p4 + q2 + q3)^2*Deng(p4,xiw,0)*Deng(q2 + q3,xiw,0)*Deng(q2 + q3,xiw,
      M3)*ufoGC58*ufoGC107*ufoGC93*ufoGC3
       + 1/4*g_(1,6_,nu9)*FT2(g6)*Vec(nu9,-p4)*Vec(nu13,-p4)*Vec(nu13,-q2)*
      Den( - p4 + q2 + q3)^2*Deng(p4,xiw,0)*Deng(q2 + q3,xiw,0)*Deng(q2 + q3,
      xiw,M3)*xia*ufoGC58*ufoGC107*ufoGC93*ufoGC3
       - 1/4*g_(1,6_,nu9)*FT2(g6)*Vec(nu9,-p4)*Vec(nu13,-p4)*Vec(nu13,-q2)*
      Den( - p4 + q2 + q3)^2*Deng(p4,xiw,0)*Deng(q2 + q3,xiw,0)*Deng(q2 + q3,
      xiw,M3)*ufoGC58*ufoGC107*ufoGC93*ufoGC3
       + 1/4*g_(1,6_,nu9)*FT2(g6)*Vec(nu9,-p4)*Vec(nu13,-p4)*Vec(nu13,-q3)*
      Den( - p4 + q2 + q3)^2*Deng(p4,xiw,0)*Deng(q2 + q3,xiw,0)*Deng(q2 + q3,
      xiw,M3)*xia*ufoGC58*ufoGC107*ufoGC93*ufoGC3
       - 1/4*g_(1,6_,nu9)*FT2(g6)*Vec(nu9,-p4)*Vec(nu13,-p4)*Vec(nu13,-q3)*
      Den( - p4 + q2 + q3)^2*Deng(p4,xiw,0)*Deng(q2 + q3,xiw,0)*Deng(q2 + q3,
      xiw,M3)*ufoGC58*ufoGC107*ufoGC93*ufoGC3
       + 1/4*g_(1,6_,nu9)*FT2(g6)*Vec(nu9,-p4)*Vec(nu13,-q2)*Vec(nu13,q2)*Den(
       - p4 + q2 + q3)^2*Deng(p4,xiw,0)*Deng(q2 + q3,xiw,0)*Deng(q2 + q3,xiw,
      M3)*xia*ufoGC58*ufoGC107*ufoGC93*ufoGC3
       - 1/4*g_(1,6_,nu9)*FT2(g6)*Vec(nu9,-p4)*Vec(nu13,-q2)*Vec(nu13,q2)*Den(
       - p4 + q2 + q3)^2*Deng(p4,xiw,0)*Deng(q2 + q3,xiw,0)*Deng(q2 + q3,xiw,
      M3)*ufoGC58*ufoGC107*ufoGC93*ufoGC3
       + 1/4*g_(1,6_,nu9)*FT2(g6)*Vec(nu9,-p4)*Vec(nu13,-q2)*Vec(nu13,q3)*Den(
       - p4 + q2 + q3)^2*Deng(p4,xiw,0)*Deng(q2 + q3,xiw,0)*Deng(q2 + q3,xiw,
      M3)*xia*ufoGC58*ufoGC107*ufoGC93*ufoGC3
       - 1/4*g_(1,6_,nu9)*FT2(g6)*Vec(nu9,-p4)*Vec(nu13,-q2)*Vec(nu13,q3)*Den(
       - p4 + q2 + q3)^2*Deng(p4,xiw,0)*Deng(q2 + q3,xiw,0)*Deng(q2 + q3,xiw,
      M3)*ufoGC58*ufoGC107*ufoGC93*ufoGC3
       + 1/4*g_(1,6_,nu9)*FT2(g6)*Vec(nu9,-p4)*Vec(nu13,-q3)*Vec(nu13,q2)*Den(
       - p4 + q2 + q3)^2*Deng(p4,xiw,0)*Deng(q2 + q3,xiw,0)*Deng(q2 + q3,xiw,
      M3)*xia*ufoGC58*ufoGC107*ufoGC93*ufoGC3
       - 1/4*g_(1,6_,nu9)*FT2(g6)*Vec(nu9,-p4)*Vec(nu13,-q3)*Vec(nu13,q2)*Den(
       - p4 + q2 + q3)^2*Deng(p4,xiw,0)*Deng(q2 + q3,xiw,0)*Deng(q2 + q3,xiw,
      M3)*ufoGC58*ufoGC107*ufoGC93*ufoGC3
       + 1/4*g_(1,6_,nu9)*FT2(g6)*Vec(nu9,-p4)*Vec(nu13,-q3)*Vec(nu13,q3)*Den(
       - p4 + q2 + q3)^2*Deng(p4,xiw,0)*Deng(q2 + q3,xiw,0)*Deng(q2 + q3,xiw,
      M3)*xia*ufoGC58*ufoGC107*ufoGC93*ufoGC3
       - 1/4*g_(1,6_,nu9)*FT2(g6)*Vec(nu9,-p4)*Vec(nu13,-q3)*Vec(nu13,q3)*Den(
       - p4 + q2 + q3)^2*Deng(p4,xiw,0)*Deng(q2 + q3,xiw,0)*Deng(q2 + q3,xiw,
      M3)*ufoGC58*ufoGC107*ufoGC93*ufoGC3
       - 1/4*g_(1,6_,nu13)*FT2(g6)*Vec(nu13,p4)*Den( - p4 + q2 + q3)*Deng(p4,
      xiw,0)*Deng(q2 + q3,xiw,0)*Deng(q2 + q3,xiw,M3)*ufoGC58*ufoGC107*ufoGC93
      *ufoGC3
       + 1/4*g_(1,6_,nu13)*FT2(g6)*Vec(nu13,-q2)*Den( - p4 + q2 + q3)*Deng(p4,
      xiw,0)*Deng(q2 + q3,xiw,0)*Deng(q2 + q3,xiw,M3)*ufoGC58*ufoGC107*ufoGC93
      *ufoGC3
       + 1/4*g_(1,6_,nu13)*FT2(g6)*Vec(nu13,-q3)*Den( - p4 + q2 + q3)*Deng(p4,
      xiw,0)*Deng(q2 + q3,xiw,0)*Deng(q2 + q3,xiw,M3)*ufoGC58*ufoGC107*ufoGC93
      *ufoGC3
       - 1/4*g_(1,6_,nu13)*FT2(g6)/(d^3 + d^2 - 2*d)*Vec(nu13,p4)*Den( - p4 + 
      q2 + q3)^2*Deng(p4,xiw,0)*Deng(q2 + q3,xiw,0)*Deng(q2 + q3,xiw,M3)^2*
      p4.p4*q2.q2*d*xia*ufoGC58*ufoGC107*ufoGC93*ufoGC3
       + 1/4*g_(1,6_,nu13)*FT2(g6)/(d^3 + d^2 - 2*d)*Vec(nu13,p4)*Den( - p4 + 
      q2 + q3)^2*Deng(p4,xiw,0)*Deng(q2 + q3,xiw,0)*Deng(q2 + q3,xiw,M3)^2*
      p4.p4*q2.q2*d*ufoGC58*ufoGC107*ufoGC93*ufoGC3
       - 1/4*g_(1,6_,nu13)*FT2(g6)/(d^3 + d^2 - 2*d)*Vec(nu13,p4)*Den( - p4 + 
      q2 + q3)^2*Deng(p4,xiw,0)*Deng(q2 + q3,xiw,0)*Deng(q2 + q3,xiw,M3)^2*
      p4.p4*q2.q2*xia*ufoGC58*ufoGC107*ufoGC93*ufoGC3
       + 1/4*g_(1,6_,nu13)*FT2(g6)/(d^3 + d^2 - 2*d)*Vec(nu13,p4)*Den( - p4 + 
      q2 + q3)^2*Deng(p4,xiw,0)*Deng(q2 + q3,xiw,0)*Deng(q2 + q3,xiw,M3)^2*
      p4.p4*q2.q2*ufoGC58*ufoGC107*ufoGC93*ufoGC3
       - 1/4*g_(1,6_,nu13)*FT2(g6)/(d^3 + d^2 - 2*d)*Vec(nu13,p4)*Den( - p4 + 
      q2 + q3)^2*Deng(p4,xiw,0)*Deng(q2 + q3,xiw,0)*Deng(q2 + q3,xiw,M3)^2*
      p4.p4*q3.q3*d*xia*ufoGC58*ufoGC107*ufoGC93*ufoGC3
       + 1/4*g_(1,6_,nu13)*FT2(g6)/(d^3 + d^2 - 2*d)*Vec(nu13,p4)*Den( - p4 + 
      q2 + q3)^2*Deng(p4,xiw,0)*Deng(q2 + q3,xiw,0)*Deng(q2 + q3,xiw,M3)^2*
      p4.p4*q3.q3*d*ufoGC58*ufoGC107*ufoGC93*ufoGC3
       - 1/4*g_(1,6_,nu13)*FT2(g6)/(d^3 + d^2 - 2*d)*Vec(nu13,p4)*Den( - p4 + 
      q2 + q3)^2*Deng(p4,xiw,0)*Deng(q2 + q3,xiw,0)*Deng(q2 + q3,xiw,M3)^2*
      p4.p4*q3.q3*xia*ufoGC58*ufoGC107*ufoGC93*ufoGC3
       + 1/4*g_(1,6_,nu13)*FT2(g6)/(d^3 + d^2 - 2*d)*Vec(nu13,p4)*Den( - p4 + 
      q2 + q3)^2*Deng(p4,xiw,0)*Deng(q2 + q3,xiw,0)*Deng(q2 + q3,xiw,M3)^2*
      p4.p4*q3.q3*ufoGC58*ufoGC107*ufoGC93*ufoGC3
       + 1/4*g_(1,6_,nu13)*FT2(g6)/(d^3 + d^2 - 2*d)*Vec(nu13,p4)*Den( - p4 + 
      q2 + q3)^2*Deng(p4,xiw,0)*Deng(q2 + q3,xiw,0)*Deng(q2 + q3,xiw,M3)^2*
      p4.q2^2*d^2*xia*ufoGC58*ufoGC107*ufoGC93*ufoGC3
       - 1/4*g_(1,6_,nu13)*FT2(g6)/(d^3 + d^2 - 2*d)*Vec(nu13,p4)*Den( - p4 + 
      q2 + q3)^2*Deng(p4,xiw,0)*Deng(q2 + q3,xiw,0)*Deng(q2 + q3,xiw,M3)^2*
      p4.q2^2*d^2*ufoGC58*ufoGC107*ufoGC93*ufoGC3
       + 1/4*g_(1,6_,nu13)*FT2(g6)/(d^3 + d^2 - 2*d)*Vec(nu13,p4)*Den( - p4 + 
      q2 + q3)^2*Deng(p4,xiw,0)*Deng(q2 + q3,xiw,0)*Deng(q2 + q3,xiw,M3)^2*
      p4.q2^2*d*xia*ufoGC58*ufoGC107*ufoGC93*ufoGC3
       - 1/4*g_(1,6_,nu13)*FT2(g6)/(d^3 + d^2 - 2*d)*Vec(nu13,p4)*Den( - p4 + 
      q2 + q3)^2*Deng(p4,xiw,0)*Deng(q2 + q3,xiw,0)*Deng(q2 + q3,xiw,M3)^2*
      p4.q2^2*d*ufoGC58*ufoGC107*ufoGC93*ufoGC3
       + 1/4*g_(1,6_,nu13)*FT2(g6)/(d^3 + d^2 - 2*d)*Vec(nu13,p4)*Den( - p4 + 
      q2 + q3)^2*Deng(p4,xiw,0)*Deng(q2 + q3,xiw,0)*Deng(q2 + q3,xiw,M3)^2*
      p4.q3^2*d^2*xia*ufoGC58*ufoGC107*ufoGC93*ufoGC3
       - 1/4*g_(1,6_,nu13)*FT2(g6)/(d^3 + d^2 - 2*d)*Vec(nu13,p4)*Den( - p4 + 
      q2 + q3)^2*Deng(p4,xiw,0)*Deng(q2 + q3,xiw,0)*Deng(q2 + q3,xiw,M3)^2*
      p4.q3^2*d^2*ufoGC58*ufoGC107*ufoGC93*ufoGC3
       + 1/4*g_(1,6_,nu13)*FT2(g6)/(d^3 + d^2 - 2*d)*Vec(nu13,p4)*Den( - p4 + 
      q2 + q3)^2*Deng(p4,xiw,0)*Deng(q2 + q3,xiw,0)*Deng(q2 + q3,xiw,M3)^2*
      p4.q3^2*d*xia*ufoGC58*ufoGC107*ufoGC93*ufoGC3
       - 1/4*g_(1,6_,nu13)*FT2(g6)/(d^3 + d^2 - 2*d)*Vec(nu13,p4)*Den( - p4 + 
      q2 + q3)^2*Deng(p4,xiw,0)*Deng(q2 + q3,xiw,0)*Deng(q2 + q3,xiw,M3)^2*
      p4.q3^2*d*ufoGC58*ufoGC107*ufoGC93*ufoGC3
       - g_(1,6_,nu13)*FT2(g6)/(d^3 + d^2 - 2*d)*Vec(nu13,p4)*Den( - p4 + q2
       + q3)^2*Deng(p4,xiw,0)*Deng(q2 + q3,xiw,0)*Deng(q2 + q3,xiw,M3)^2*q2.q2
      *q3.q3*d*xia*ufoGC58*ufoGC107*ufoGC93*ufoGC3
       + g_(1,6_,nu13)*FT2(g6)/(d^3 + d^2 - 2*d)*Vec(nu13,p4)*Den( - p4 + q2
       + q3)^2*Deng(p4,xiw,0)*Deng(q2 + q3,xiw,0)*Deng(q2 + q3,xiw,M3)^2*q2.q2
      *q3.q3*d*ufoGC58*ufoGC107*ufoGC93*ufoGC3
       - g_(1,6_,nu13)*FT2(g6)/(d^3 + d^2 - 2*d)*Vec(nu13,p4)*Den( - p4 + q2
       + q3)^2*Deng(p4,xiw,0)*Deng(q2 + q3,xiw,0)*Deng(q2 + q3,xiw,M3)^2*q2.q2
      *q3.q3*xia*ufoGC58*ufoGC107*ufoGC93*ufoGC3
       + g_(1,6_,nu13)*FT2(g6)/(d^3 + d^2 - 2*d)*Vec(nu13,p4)*Den( - p4 + q2
       + q3)^2*Deng(p4,xiw,0)*Deng(q2 + q3,xiw,0)*Deng(q2 + q3,xiw,M3)^2*q2.q2
      *q3.q3*ufoGC58*ufoGC107*ufoGC93*ufoGC3
       + g_(1,6_,nu13)*FT2(g6)/(d^3 + d^2 - 2*d)*Vec(nu13,p4)*Den( - p4 + q2
       + q3)^2*Deng(p4,xiw,0)*Deng(q2 + q3,xiw,0)*Deng(q2 + q3,xiw,M3)^2*
      q2.q3^2*d^2*xia*ufoGC58*ufoGC107*ufoGC93*ufoGC3
       - g_(1,6_,nu13)*FT2(g6)/(d^3 + d^2 - 2*d)*Vec(nu13,p4)*Den( - p4 + q2
       + q3)^2*Deng(p4,xiw,0)*Deng(q2 + q3,xiw,0)*Deng(q2 + q3,xiw,M3)^2*
      q2.q3^2*d^2*ufoGC58*ufoGC107*ufoGC93*ufoGC3
       + g_(1,6_,nu13)*FT2(g6)/(d^3 + d^2 - 2*d)*Vec(nu13,p4)*Den( - p4 + q2
       + q3)^2*Deng(p4,xiw,0)*Deng(q2 + q3,xiw,0)*Deng(q2 + q3,xiw,M3)^2*
      q2.q3^2*d*xia*ufoGC58*ufoGC107*ufoGC93*ufoGC3
       - g_(1,6_,nu13)*FT2(g6)/(d^3 + d^2 - 2*d)*Vec(nu13,p4)*Den( - p4 + q2
       + q3)^2*Deng(p4,xiw,0)*Deng(q2 + q3,xiw,0)*Deng(q2 + q3,xiw,M3)^2*
      q2.q3^2*d*ufoGC58*ufoGC107*ufoGC93*ufoGC3
       + 1/4*g_(1,6_,nu13)*FT2(g6)/(d^3 + d^2 - 2*d)*Vec(nu13,-q2)*Den( - p4
       + q2 + q3)^2*Deng(p4,xiw,0)*Deng(q2 + q3,xiw,0)*Deng(q2 + q3,xiw,M3)^2*
      p4.p4*q2.q2*d*xia*ufoGC58*ufoGC107*ufoGC93*ufoGC3
       - 1/4*g_(1,6_,nu13)*FT2(g6)/(d^3 + d^2 - 2*d)*Vec(nu13,-q2)*Den( - p4
       + q2 + q3)^2*Deng(p4,xiw,0)*Deng(q2 + q3,xiw,0)*Deng(q2 + q3,xiw,M3)^2*
      p4.p4*q2.q2*d*ufoGC58*ufoGC107*ufoGC93*ufoGC3
       + 1/4*g_(1,6_,nu13)*FT2(g6)/(d^3 + d^2 - 2*d)*Vec(nu13,-q2)*Den( - p4
       + q2 + q3)^2*Deng(p4,xiw,0)*Deng(q2 + q3,xiw,0)*Deng(q2 + q3,xiw,M3)^2*
      p4.p4*q2.q2*xia*ufoGC58*ufoGC107*ufoGC93*ufoGC3
       - 1/4*g_(1,6_,nu13)*FT2(g6)/(d^3 + d^2 - 2*d)*Vec(nu13,-q2)*Den( - p4
       + q2 + q3)^2*Deng(p4,xiw,0)*Deng(q2 + q3,xiw,0)*Deng(q2 + q3,xiw,M3)^2*
      p4.p4*q2.q2*ufoGC58*ufoGC107*ufoGC93*ufoGC3
       + 1/4*g_(1,6_,nu13)*FT2(g6)/(d^3 + d^2 - 2*d)*Vec(nu13,-q2)*Den( - p4
       + q2 + q3)^2*Deng(p4,xiw,0)*Deng(q2 + q3,xiw,0)*Deng(q2 + q3,xiw,M3)^2*
      p4.p4*q3.q3*d*xia*ufoGC58*ufoGC107*ufoGC93*ufoGC3
       - 1/4*g_(1,6_,nu13)*FT2(g6)/(d^3 + d^2 - 2*d)*Vec(nu13,-q2)*Den( - p4
       + q2 + q3)^2*Deng(p4,xiw,0)*Deng(q2 + q3,xiw,0)*Deng(q2 + q3,xiw,M3)^2*
      p4.p4*q3.q3*d*ufoGC58*ufoGC107*ufoGC93*ufoGC3
       + 1/4*g_(1,6_,nu13)*FT2(g6)/(d^3 + d^2 - 2*d)*Vec(nu13,-q2)*Den( - p4
       + q2 + q3)^2*Deng(p4,xiw,0)*Deng(q2 + q3,xiw,0)*Deng(q2 + q3,xiw,M3)^2*
      p4.p4*q3.q3*xia*ufoGC58*ufoGC107*ufoGC93*ufoGC3
       - 1/4*g_(1,6_,nu13)*FT2(g6)/(d^3 + d^2 - 2*d)*Vec(nu13,-q2)*Den( - p4
       + q2 + q3)^2*Deng(p4,xiw,0)*Deng(q2 + q3,xiw,0)*Deng(q2 + q3,xiw,M3)^2*
      p4.p4*q3.q3*ufoGC58*ufoGC107*ufoGC93*ufoGC3
       - 1/4*g_(1,6_,nu13)*FT2(g6)/(d^3 + d^2 - 2*d)*Vec(nu13,-q2)*Den( - p4
       + q2 + q3)^2*Deng(p4,xiw,0)*Deng(q2 + q3,xiw,0)*Deng(q2 + q3,xiw,M3)^2*
      p4.q2^2*d^2*xia*ufoGC58*ufoGC107*ufoGC93*ufoGC3
       + 1/4*g_(1,6_,nu13)*FT2(g6)/(d^3 + d^2 - 2*d)*Vec(nu13,-q2)*Den( - p4
       + q2 + q3)^2*Deng(p4,xiw,0)*Deng(q2 + q3,xiw,0)*Deng(q2 + q3,xiw,M3)^2*
      p4.q2^2*d^2*ufoGC58*ufoGC107*ufoGC93*ufoGC3
       - 1/4*g_(1,6_,nu13)*FT2(g6)/(d^3 + d^2 - 2*d)*Vec(nu13,-q2)*Den( - p4
       + q2 + q3)^2*Deng(p4,xiw,0)*Deng(q2 + q3,xiw,0)*Deng(q2 + q3,xiw,M3)^2*
      p4.q2^2*d*xia*ufoGC58*ufoGC107*ufoGC93*ufoGC3
       + 1/4*g_(1,6_,nu13)*FT2(g6)/(d^3 + d^2 - 2*d)*Vec(nu13,-q2)*Den( - p4
       + q2 + q3)^2*Deng(p4,xiw,0)*Deng(q2 + q3,xiw,0)*Deng(q2 + q3,xiw,M3)^2*
      p4.q2^2*d*ufoGC58*ufoGC107*ufoGC93*ufoGC3
       - 1/4*g_(1,6_,nu13)*FT2(g6)/(d^3 + d^2 - 2*d)*Vec(nu13,-q2)*Den( - p4
       + q2 + q3)^2*Deng(p4,xiw,0)*Deng(q2 + q3,xiw,0)*Deng(q2 + q3,xiw,M3)^2*
      p4.q3^2*d^2*xia*ufoGC58*ufoGC107*ufoGC93*ufoGC3
       + 1/4*g_(1,6_,nu13)*FT2(g6)/(d^3 + d^2 - 2*d)*Vec(nu13,-q2)*Den( - p4
       + q2 + q3)^2*Deng(p4,xiw,0)*Deng(q2 + q3,xiw,0)*Deng(q2 + q3,xiw,M3)^2*
      p4.q3^2*d^2*ufoGC58*ufoGC107*ufoGC93*ufoGC3
       - 1/4*g_(1,6_,nu13)*FT2(g6)/(d^3 + d^2 - 2*d)*Vec(nu13,-q2)*Den( - p4
       + q2 + q3)^2*Deng(p4,xiw,0)*Deng(q2 + q3,xiw,0)*Deng(q2 + q3,xiw,M3)^2*
      p4.q3^2*d*xia*ufoGC58*ufoGC107*ufoGC93*ufoGC3
       + 1/4*g_(1,6_,nu13)*FT2(g6)/(d^3 + d^2 - 2*d)*Vec(nu13,-q2)*Den( - p4
       + q2 + q3)^2*Deng(p4,xiw,0)*Deng(q2 + q3,xiw,0)*Deng(q2 + q3,xiw,M3)^2*
      p4.q3^2*d*ufoGC58*ufoGC107*ufoGC93*ufoGC3
       + g_(1,6_,nu13)*FT2(g6)/(d^3 + d^2 - 2*d)*Vec(nu13,-q2)*Den( - p4 + q2
       + q3)^2*Deng(p4,xiw,0)*Deng(q2 + q3,xiw,0)*Deng(q2 + q3,xiw,M3)^2*q2.q2
      *q3.q3*d*xia*ufoGC58*ufoGC107*ufoGC93*ufoGC3
       - g_(1,6_,nu13)*FT2(g6)/(d^3 + d^2 - 2*d)*Vec(nu13,-q2)*Den( - p4 + q2
       + q3)^2*Deng(p4,xiw,0)*Deng(q2 + q3,xiw,0)*Deng(q2 + q3,xiw,M3)^2*q2.q2
      *q3.q3*d*ufoGC58*ufoGC107*ufoGC93*ufoGC3
       + g_(1,6_,nu13)*FT2(g6)/(d^3 + d^2 - 2*d)*Vec(nu13,-q2)*Den( - p4 + q2
       + q3)^2*Deng(p4,xiw,0)*Deng(q2 + q3,xiw,0)*Deng(q2 + q3,xiw,M3)^2*q2.q2
      *q3.q3*xia*ufoGC58*ufoGC107*ufoGC93*ufoGC3
       - g_(1,6_,nu13)*FT2(g6)/(d^3 + d^2 - 2*d)*Vec(nu13,-q2)*Den( - p4 + q2
       + q3)^2*Deng(p4,xiw,0)*Deng(q2 + q3,xiw,0)*Deng(q2 + q3,xiw,M3)^2*q2.q2
      *q3.q3*ufoGC58*ufoGC107*ufoGC93*ufoGC3
       - g_(1,6_,nu13)*FT2(g6)/(d^3 + d^2 - 2*d)*Vec(nu13,-q2)*Den( - p4 + q2
       + q3)^2*Deng(p4,xiw,0)*Deng(q2 + q3,xiw,0)*Deng(q2 + q3,xiw,M3)^2*
      q2.q3^2*d^2*xia*ufoGC58*ufoGC107*ufoGC93*ufoGC3
       + g_(1,6_,nu13)*FT2(g6)/(d^3 + d^2 - 2*d)*Vec(nu13,-q2)*Den( - p4 + q2
       + q3)^2*Deng(p4,xiw,0)*Deng(q2 + q3,xiw,0)*Deng(q2 + q3,xiw,M3)^2*
      q2.q3^2*d^2*ufoGC58*ufoGC107*ufoGC93*ufoGC3
       - g_(1,6_,nu13)*FT2(g6)/(d^3 + d^2 - 2*d)*Vec(nu13,-q2)*Den( - p4 + q2
       + q3)^2*Deng(p4,xiw,0)*Deng(q2 + q3,xiw,0)*Deng(q2 + q3,xiw,M3)^2*
      q2.q3^2*d*xia*ufoGC58*ufoGC107*ufoGC93*ufoGC3
       + g_(1,6_,nu13)*FT2(g6)/(d^3 + d^2 - 2*d)*Vec(nu13,-q2)*Den( - p4 + q2
       + q3)^2*Deng(p4,xiw,0)*Deng(q2 + q3,xiw,0)*Deng(q2 + q3,xiw,M3)^2*
      q2.q3^2*d*ufoGC58*ufoGC107*ufoGC93*ufoGC3
       + 1/4*g_(1,6_,nu13)*FT2(g6)/(d^3 + d^2 - 2*d)*Vec(nu13,-q3)*Den( - p4
       + q2 + q3)^2*Deng(p4,xiw,0)*Deng(q2 + q3,xiw,0)*Deng(q2 + q3,xiw,M3)^2*
      p4.p4*q2.q2*d*xia*ufoGC58*ufoGC107*ufoGC93*ufoGC3
       - 1/4*g_(1,6_,nu13)*FT2(g6)/(d^3 + d^2 - 2*d)*Vec(nu13,-q3)*Den( - p4
       + q2 + q3)^2*Deng(p4,xiw,0)*Deng(q2 + q3,xiw,0)*Deng(q2 + q3,xiw,M3)^2*
      p4.p4*q2.q2*d*ufoGC58*ufoGC107*ufoGC93*ufoGC3
       + 1/4*g_(1,6_,nu13)*FT2(g6)/(d^3 + d^2 - 2*d)*Vec(nu13,-q3)*Den( - p4
       + q2 + q3)^2*Deng(p4,xiw,0)*Deng(q2 + q3,xiw,0)*Deng(q2 + q3,xiw,M3)^2*
      p4.p4*q2.q2*xia*ufoGC58*ufoGC107*ufoGC93*ufoGC3
       - 1/4*g_(1,6_,nu13)*FT2(g6)/(d^3 + d^2 - 2*d)*Vec(nu13,-q3)*Den( - p4
       + q2 + q3)^2*Deng(p4,xiw,0)*Deng(q2 + q3,xiw,0)*Deng(q2 + q3,xiw,M3)^2*
      p4.p4*q2.q2*ufoGC58*ufoGC107*ufoGC93*ufoGC3
       + 1/4*g_(1,6_,nu13)*FT2(g6)/(d^3 + d^2 - 2*d)*Vec(nu13,-q3)*Den( - p4
       + q2 + q3)^2*Deng(p4,xiw,0)*Deng(q2 + q3,xiw,0)*Deng(q2 + q3,xiw,M3)^2*
      p4.p4*q3.q3*d*xia*ufoGC58*ufoGC107*ufoGC93*ufoGC3
       - 1/4*g_(1,6_,nu13)*FT2(g6)/(d^3 + d^2 - 2*d)*Vec(nu13,-q3)*Den( - p4
       + q2 + q3)^2*Deng(p4,xiw,0)*Deng(q2 + q3,xiw,0)*Deng(q2 + q3,xiw,M3)^2*
      p4.p4*q3.q3*d*ufoGC58*ufoGC107*ufoGC93*ufoGC3
       + 1/4*g_(1,6_,nu13)*FT2(g6)/(d^3 + d^2 - 2*d)*Vec(nu13,-q3)*Den( - p4
       + q2 + q3)^2*Deng(p4,xiw,0)*Deng(q2 + q3,xiw,0)*Deng(q2 + q3,xiw,M3)^2*
      p4.p4*q3.q3*xia*ufoGC58*ufoGC107*ufoGC93*ufoGC3
       - 1/4*g_(1,6_,nu13)*FT2(g6)/(d^3 + d^2 - 2*d)*Vec(nu13,-q3)*Den( - p4
       + q2 + q3)^2*Deng(p4,xiw,0)*Deng(q2 + q3,xiw,0)*Deng(q2 + q3,xiw,M3)^2*
      p4.p4*q3.q3*ufoGC58*ufoGC107*ufoGC93*ufoGC3
       - 1/4*g_(1,6_,nu13)*FT2(g6)/(d^3 + d^2 - 2*d)*Vec(nu13,-q3)*Den( - p4
       + q2 + q3)^2*Deng(p4,xiw,0)*Deng(q2 + q3,xiw,0)*Deng(q2 + q3,xiw,M3)^2*
      p4.q2^2*d^2*xia*ufoGC58*ufoGC107*ufoGC93*ufoGC3
       + 1/4*g_(1,6_,nu13)*FT2(g6)/(d^3 + d^2 - 2*d)*Vec(nu13,-q3)*Den( - p4
       + q2 + q3)^2*Deng(p4,xiw,0)*Deng(q2 + q3,xiw,0)*Deng(q2 + q3,xiw,M3)^2*
      p4.q2^2*d^2*ufoGC58*ufoGC107*ufoGC93*ufoGC3
       - 1/4*g_(1,6_,nu13)*FT2(g6)/(d^3 + d^2 - 2*d)*Vec(nu13,-q3)*Den( - p4
       + q2 + q3)^2*Deng(p4,xiw,0)*Deng(q2 + q3,xiw,0)*Deng(q2 + q3,xiw,M3)^2*
      p4.q2^2*d*xia*ufoGC58*ufoGC107*ufoGC93*ufoGC3
       + 1/4*g_(1,6_,nu13)*FT2(g6)/(d^3 + d^2 - 2*d)*Vec(nu13,-q3)*Den( - p4
       + q2 + q3)^2*Deng(p4,xiw,0)*Deng(q2 + q3,xiw,0)*Deng(q2 + q3,xiw,M3)^2*
      p4.q2^2*d*ufoGC58*ufoGC107*ufoGC93*ufoGC3
       - 1/4*g_(1,6_,nu13)*FT2(g6)/(d^3 + d^2 - 2*d)*Vec(nu13,-q3)*Den( - p4
       + q2 + q3)^2*Deng(p4,xiw,0)*Deng(q2 + q3,xiw,0)*Deng(q2 + q3,xiw,M3)^2*
      p4.q3^2*d^2*xia*ufoGC58*ufoGC107*ufoGC93*ufoGC3
       + 1/4*g_(1,6_,nu13)*FT2(g6)/(d^3 + d^2 - 2*d)*Vec(nu13,-q3)*Den( - p4
       + q2 + q3)^2*Deng(p4,xiw,0)*Deng(q2 + q3,xiw,0)*Deng(q2 + q3,xiw,M3)^2*
      p4.q3^2*d^2*ufoGC58*ufoGC107*ufoGC93*ufoGC3
       - 1/4*g_(1,6_,nu13)*FT2(g6)/(d^3 + d^2 - 2*d)*Vec(nu13,-q3)*Den( - p4
       + q2 + q3)^2*Deng(p4,xiw,0)*Deng(q2 + q3,xiw,0)*Deng(q2 + q3,xiw,M3)^2*
      p4.q3^2*d*xia*ufoGC58*ufoGC107*ufoGC93*ufoGC3
       + 1/4*g_(1,6_,nu13)*FT2(g6)/(d^3 + d^2 - 2*d)*Vec(nu13,-q3)*Den( - p4
       + q2 + q3)^2*Deng(p4,xiw,0)*Deng(q2 + q3,xiw,0)*Deng(q2 + q3,xiw,M3)^2*
      p4.q3^2*d*ufoGC58*ufoGC107*ufoGC93*ufoGC3
       + g_(1,6_,nu13)*FT2(g6)/(d^3 + d^2 - 2*d)*Vec(nu13,-q3)*Den( - p4 + q2
       + q3)^2*Deng(p4,xiw,0)*Deng(q2 + q3,xiw,0)*Deng(q2 + q3,xiw,M3)^2*q2.q2
      *q3.q3*d*xia*ufoGC58*ufoGC107*ufoGC93*ufoGC3
       - g_(1,6_,nu13)*FT2(g6)/(d^3 + d^2 - 2*d)*Vec(nu13,-q3)*Den( - p4 + q2
       + q3)^2*Deng(p4,xiw,0)*Deng(q2 + q3,xiw,0)*Deng(q2 + q3,xiw,M3)^2*q2.q2
      *q3.q3*d*ufoGC58*ufoGC107*ufoGC93*ufoGC3
       + g_(1,6_,nu13)*FT2(g6)/(d^3 + d^2 - 2*d)*Vec(nu13,-q3)*Den( - p4 + q2
       + q3)^2*Deng(p4,xiw,0)*Deng(q2 + q3,xiw,0)*Deng(q2 + q3,xiw,M3)^2*q2.q2
      *q3.q3*xia*ufoGC58*ufoGC107*ufoGC93*ufoGC3
       - g_(1,6_,nu13)*FT2(g6)/(d^3 + d^2 - 2*d)*Vec(nu13,-q3)*Den( - p4 + q2
       + q3)^2*Deng(p4,xiw,0)*Deng(q2 + q3,xiw,0)*Deng(q2 + q3,xiw,M3)^2*q2.q2
      *q3.q3*ufoGC58*ufoGC107*ufoGC93*ufoGC3
       - g_(1,6_,nu13)*FT2(g6)/(d^3 + d^2 - 2*d)*Vec(nu13,-q3)*Den( - p4 + q2
       + q3)^2*Deng(p4,xiw,0)*Deng(q2 + q3,xiw,0)*Deng(q2 + q3,xiw,M3)^2*
      q2.q3^2*d^2*xia*ufoGC58*ufoGC107*ufoGC93*ufoGC3
       + g_(1,6_,nu13)*FT2(g6)/(d^3 + d^2 - 2*d)*Vec(nu13,-q3)*Den( - p4 + q2
       + q3)^2*Deng(p4,xiw,0)*Deng(q2 + q3,xiw,0)*Deng(q2 + q3,xiw,M3)^2*
      q2.q3^2*d^2*ufoGC58*ufoGC107*ufoGC93*ufoGC3
       - g_(1,6_,nu13)*FT2(g6)/(d^3 + d^2 - 2*d)*Vec(nu13,-q3)*Den( - p4 + q2
       + q3)^2*Deng(p4,xiw,0)*Deng(q2 + q3,xiw,0)*Deng(q2 + q3,xiw,M3)^2*
      q2.q3^2*d*xia*ufoGC58*ufoGC107*ufoGC93*ufoGC3
       + g_(1,6_,nu13)*FT2(g6)/(d^3 + d^2 - 2*d)*Vec(nu13,-q3)*Den( - p4 + q2
       + q3)^2*Deng(p4,xiw,0)*Deng(q2 + q3,xiw,0)*Deng(q2 + q3,xiw,M3)^2*
      q2.q3^2*d*ufoGC58*ufoGC107*ufoGC93*ufoGC3
       - 1/4*g_(1,6_,nu13)*FT2(g6)/(d^2 + 2*d)*Vec(nu13,p4)*Den( - p4 + q2 + 
      q3)^2*Deng(p4,xiw,0)*Deng(q2 + q3,xiw,0)*Deng(q2 + q3,xiw,M3)^2*p4.q2*
      q2.q2*d*xia*ufoGC58*ufoGC107*ufoGC93*ufoGC3
       + 1/4*g_(1,6_,nu13)*FT2(g6)/(d^2 + 2*d)*Vec(nu13,p4)*Den( - p4 + q2 + 
      q3)^2*Deng(p4,xiw,0)*Deng(q2 + q3,xiw,0)*Deng(q2 + q3,xiw,M3)^2*p4.q2*
      q2.q2*d*ufoGC58*ufoGC107*ufoGC93*ufoGC3
       - 1/4*g_(1,6_,nu13)*FT2(g6)/(d^2 + 2*d)*Vec(nu13,p4)*Den( - p4 + q2 + 
      q3)^2*Deng(p4,xiw,0)*Deng(q2 + q3,xiw,0)*Deng(q2 + q3,xiw,M3)^2*p4.q2*
      q2.q2*xia*ufoGC58*ufoGC107*ufoGC93*ufoGC3
       + 1/4*g_(1,6_,nu13)*FT2(g6)/(d^2 + 2*d)*Vec(nu13,p4)*Den( - p4 + q2 + 
      q3)^2*Deng(p4,xiw,0)*Deng(q2 + q3,xiw,0)*Deng(q2 + q3,xiw,M3)^2*p4.q2*
      q2.q2*ufoGC58*ufoGC107*ufoGC93*ufoGC3
       - 1/4*g_(1,6_,nu13)*FT2(g6)/(d^2 + 2*d)*Vec(nu13,p4)*Den( - p4 + q2 + 
      q3)^2*Deng(p4,xiw,0)*Deng(q2 + q3,xiw,0)*Deng(q2 + q3,xiw,M3)^2*p4.q3*
      q3.q3*d*xia*ufoGC58*ufoGC107*ufoGC93*ufoGC3
       + 1/4*g_(1,6_,nu13)*FT2(g6)/(d^2 + 2*d)*Vec(nu13,p4)*Den( - p4 + q2 + 
      q3)^2*Deng(p4,xiw,0)*Deng(q2 + q3,xiw,0)*Deng(q2 + q3,xiw,M3)^2*p4.q3*
      q3.q3*d*ufoGC58*ufoGC107*ufoGC93*ufoGC3
       - 1/4*g_(1,6_,nu13)*FT2(g6)/(d^2 + 2*d)*Vec(nu13,p4)*Den( - p4 + q2 + 
      q3)^2*Deng(p4,xiw,0)*Deng(q2 + q3,xiw,0)*Deng(q2 + q3,xiw,M3)^2*p4.q3*
      q3.q3*xia*ufoGC58*ufoGC107*ufoGC93*ufoGC3
       + 1/4*g_(1,6_,nu13)*FT2(g6)/(d^2 + 2*d)*Vec(nu13,p4)*Den( - p4 + q2 + 
      q3)^2*Deng(p4,xiw,0)*Deng(q2 + q3,xiw,0)*Deng(q2 + q3,xiw,M3)^2*p4.q3*
      q3.q3*ufoGC58*ufoGC107*ufoGC93*ufoGC3
       + 1/2*g_(1,6_,nu13)*FT2(g6)/(d^2 + 2*d)*Vec(nu13,p4)*Den( - p4 + q2 + 
      q3)^2*Deng(p4,xiw,0)*Deng(q2 + q3,xiw,0)*Deng(q2 + q3,xiw,M3)^2*q2.q2*
      q2.q3*d*xia*ufoGC58*ufoGC107*ufoGC93*ufoGC3
       - 1/2*g_(1,6_,nu13)*FT2(g6)/(d^2 + 2*d)*Vec(nu13,p4)*Den( - p4 + q2 + 
      q3)^2*Deng(p4,xiw,0)*Deng(q2 + q3,xiw,0)*Deng(q2 + q3,xiw,M3)^2*q2.q2*
      q2.q3*d*ufoGC58*ufoGC107*ufoGC93*ufoGC3
       + 1/2*g_(1,6_,nu13)*FT2(g6)/(d^2 + 2*d)*Vec(nu13,p4)*Den( - p4 + q2 + 
      q3)^2*Deng(p4,xiw,0)*Deng(q2 + q3,xiw,0)*Deng(q2 + q3,xiw,M3)^2*q2.q2*
      q2.q3*xia*ufoGC58*ufoGC107*ufoGC93*ufoGC3
       - 1/2*g_(1,6_,nu13)*FT2(g6)/(d^2 + 2*d)*Vec(nu13,p4)*Den( - p4 + q2 + 
      q3)^2*Deng(p4,xiw,0)*Deng(q2 + q3,xiw,0)*Deng(q2 + q3,xiw,M3)^2*q2.q2*
      q2.q3*ufoGC58*ufoGC107*ufoGC93*ufoGC3
       + 1/2*g_(1,6_,nu13)*FT2(g6)/(d^2 + 2*d)*Vec(nu13,p4)*Den( - p4 + q2 + 
      q3)^2*Deng(p4,xiw,0)*Deng(q2 + q3,xiw,0)*Deng(q2 + q3,xiw,M3)^2*q2.q3*
      q3.q3*d*xia*ufoGC58*ufoGC107*ufoGC93*ufoGC3
       - 1/2*g_(1,6_,nu13)*FT2(g6)/(d^2 + 2*d)*Vec(nu13,p4)*Den( - p4 + q2 + 
      q3)^2*Deng(p4,xiw,0)*Deng(q2 + q3,xiw,0)*Deng(q2 + q3,xiw,M3)^2*q2.q3*
      q3.q3*d*ufoGC58*ufoGC107*ufoGC93*ufoGC3
       + 1/2*g_(1,6_,nu13)*FT2(g6)/(d^2 + 2*d)*Vec(nu13,p4)*Den( - p4 + q2 + 
      q3)^2*Deng(p4,xiw,0)*Deng(q2 + q3,xiw,0)*Deng(q2 + q3,xiw,M3)^2*q2.q3*
      q3.q3*xia*ufoGC58*ufoGC107*ufoGC93*ufoGC3
       - 1/2*g_(1,6_,nu13)*FT2(g6)/(d^2 + 2*d)*Vec(nu13,p4)*Den( - p4 + q2 + 
      q3)^2*Deng(p4,xiw,0)*Deng(q2 + q3,xiw,0)*Deng(q2 + q3,xiw,M3)^2*q2.q3*
      q3.q3*ufoGC58*ufoGC107*ufoGC93*ufoGC3
       + 1/4*g_(1,6_,nu13)*FT2(g6)/(d^2 + 2*d)*Vec(nu13,-q2)*Den( - p4 + q2 + 
      q3)^2*Deng(p4,xiw,0)*Deng(q2 + q3,xiw,0)*Deng(q2 + q3,xiw,M3)^2*p4.q2*
      q2.q2*d*xia*ufoGC58*ufoGC107*ufoGC93*ufoGC3
       - 1/4*g_(1,6_,nu13)*FT2(g6)/(d^2 + 2*d)*Vec(nu13,-q2)*Den( - p4 + q2 + 
      q3)^2*Deng(p4,xiw,0)*Deng(q2 + q3,xiw,0)*Deng(q2 + q3,xiw,M3)^2*p4.q2*
      q2.q2*d*ufoGC58*ufoGC107*ufoGC93*ufoGC3
       + 1/4*g_(1,6_,nu13)*FT2(g6)/(d^2 + 2*d)*Vec(nu13,-q2)*Den( - p4 + q2 + 
      q3)^2*Deng(p4,xiw,0)*Deng(q2 + q3,xiw,0)*Deng(q2 + q3,xiw,M3)^2*p4.q2*
      q2.q2*xia*ufoGC58*ufoGC107*ufoGC93*ufoGC3
       - 1/4*g_(1,6_,nu13)*FT2(g6)/(d^2 + 2*d)*Vec(nu13,-q2)*Den( - p4 + q2 + 
      q3)^2*Deng(p4,xiw,0)*Deng(q2 + q3,xiw,0)*Deng(q2 + q3,xiw,M3)^2*p4.q2*
      q2.q2*ufoGC58*ufoGC107*ufoGC93*ufoGC3
       + 1/4*g_(1,6_,nu13)*FT2(g6)/(d^2 + 2*d)*Vec(nu13,-q2)*Den( - p4 + q2 + 
      q3)^2*Deng(p4,xiw,0)*Deng(q2 + q3,xiw,0)*Deng(q2 + q3,xiw,M3)^2*p4.q3*
      q3.q3*d*xia*ufoGC58*ufoGC107*ufoGC93*ufoGC3
       - 1/4*g_(1,6_,nu13)*FT2(g6)/(d^2 + 2*d)*Vec(nu13,-q2)*Den( - p4 + q2 + 
      q3)^2*Deng(p4,xiw,0)*Deng(q2 + q3,xiw,0)*Deng(q2 + q3,xiw,M3)^2*p4.q3*
      q3.q3*d*ufoGC58*ufoGC107*ufoGC93*ufoGC3
       + 1/4*g_(1,6_,nu13)*FT2(g6)/(d^2 + 2*d)*Vec(nu13,-q2)*Den( - p4 + q2 + 
      q3)^2*Deng(p4,xiw,0)*Deng(q2 + q3,xiw,0)*Deng(q2 + q3,xiw,M3)^2*p4.q3*
      q3.q3*xia*ufoGC58*ufoGC107*ufoGC93*ufoGC3
       - 1/4*g_(1,6_,nu13)*FT2(g6)/(d^2 + 2*d)*Vec(nu13,-q2)*Den( - p4 + q2 + 
      q3)^2*Deng(p4,xiw,0)*Deng(q2 + q3,xiw,0)*Deng(q2 + q3,xiw,M3)^2*p4.q3*
      q3.q3*ufoGC58*ufoGC107*ufoGC93*ufoGC3
       - 1/2*g_(1,6_,nu13)*FT2(g6)/(d^2 + 2*d)*Vec(nu13,-q2)*Den( - p4 + q2 + 
      q3)^2*Deng(p4,xiw,0)*Deng(q2 + q3,xiw,0)*Deng(q2 + q3,xiw,M3)^2*q2.q2*
      q2.q3*d*xia*ufoGC58*ufoGC107*ufoGC93*ufoGC3
       + 1/2*g_(1,6_,nu13)*FT2(g6)/(d^2 + 2*d)*Vec(nu13,-q2)*Den( - p4 + q2 + 
      q3)^2*Deng(p4,xiw,0)*Deng(q2 + q3,xiw,0)*Deng(q2 + q3,xiw,M3)^2*q2.q2*
      q2.q3*d*ufoGC58*ufoGC107*ufoGC93*ufoGC3
       - 1/2*g_(1,6_,nu13)*FT2(g6)/(d^2 + 2*d)*Vec(nu13,-q2)*Den( - p4 + q2 + 
      q3)^2*Deng(p4,xiw,0)*Deng(q2 + q3,xiw,0)*Deng(q2 + q3,xiw,M3)^2*q2.q2*
      q2.q3*xia*ufoGC58*ufoGC107*ufoGC93*ufoGC3
       + 1/2*g_(1,6_,nu13)*FT2(g6)/(d^2 + 2*d)*Vec(nu13,-q2)*Den( - p4 + q2 + 
      q3)^2*Deng(p4,xiw,0)*Deng(q2 + q3,xiw,0)*Deng(q2 + q3,xiw,M3)^2*q2.q2*
      q2.q3*ufoGC58*ufoGC107*ufoGC93*ufoGC3
       - 1/2*g_(1,6_,nu13)*FT2(g6)/(d^2 + 2*d)*Vec(nu13,-q2)*Den( - p4 + q2 + 
      q3)^2*Deng(p4,xiw,0)*Deng(q2 + q3,xiw,0)*Deng(q2 + q3,xiw,M3)^2*q2.q3*
      q3.q3*d*xia*ufoGC58*ufoGC107*ufoGC93*ufoGC3
       + 1/2*g_(1,6_,nu13)*FT2(g6)/(d^2 + 2*d)*Vec(nu13,-q2)*Den( - p4 + q2 + 
      q3)^2*Deng(p4,xiw,0)*Deng(q2 + q3,xiw,0)*Deng(q2 + q3,xiw,M3)^2*q2.q3*
      q3.q3*d*ufoGC58*ufoGC107*ufoGC93*ufoGC3
       - 1/2*g_(1,6_,nu13)*FT2(g6)/(d^2 + 2*d)*Vec(nu13,-q2)*Den( - p4 + q2 + 
      q3)^2*Deng(p4,xiw,0)*Deng(q2 + q3,xiw,0)*Deng(q2 + q3,xiw,M3)^2*q2.q3*
      q3.q3*xia*ufoGC58*ufoGC107*ufoGC93*ufoGC3
       + 1/2*g_(1,6_,nu13)*FT2(g6)/(d^2 + 2*d)*Vec(nu13,-q2)*Den( - p4 + q2 + 
      q3)^2*Deng(p4,xiw,0)*Deng(q2 + q3,xiw,0)*Deng(q2 + q3,xiw,M3)^2*q2.q3*
      q3.q3*ufoGC58*ufoGC107*ufoGC93*ufoGC3
       + 1/4*g_(1,6_,nu13)*FT2(g6)/(d^2 + 2*d)*Vec(nu13,-q3)*Den( - p4 + q2 + 
      q3)^2*Deng(p4,xiw,0)*Deng(q2 + q3,xiw,0)*Deng(q2 + q3,xiw,M3)^2*p4.q2*
      q2.q2*d*xia*ufoGC58*ufoGC107*ufoGC93*ufoGC3
       - 1/4*g_(1,6_,nu13)*FT2(g6)/(d^2 + 2*d)*Vec(nu13,-q3)*Den( - p4 + q2 + 
      q3)^2*Deng(p4,xiw,0)*Deng(q2 + q3,xiw,0)*Deng(q2 + q3,xiw,M3)^2*p4.q2*
      q2.q2*d*ufoGC58*ufoGC107*ufoGC93*ufoGC3
       + 1/4*g_(1,6_,nu13)*FT2(g6)/(d^2 + 2*d)*Vec(nu13,-q3)*Den( - p4 + q2 + 
      q3)^2*Deng(p4,xiw,0)*Deng(q2 + q3,xiw,0)*Deng(q2 + q3,xiw,M3)^2*p4.q2*
      q2.q2*xia*ufoGC58*ufoGC107*ufoGC93*ufoGC3
       - 1/4*g_(1,6_,nu13)*FT2(g6)/(d^2 + 2*d)*Vec(nu13,-q3)*Den( - p4 + q2 + 
      q3)^2*Deng(p4,xiw,0)*Deng(q2 + q3,xiw,0)*Deng(q2 + q3,xiw,M3)^2*p4.q2*
      q2.q2*ufoGC58*ufoGC107*ufoGC93*ufoGC3
       + 1/4*g_(1,6_,nu13)*FT2(g6)/(d^2 + 2*d)*Vec(nu13,-q3)*Den( - p4 + q2 + 
      q3)^2*Deng(p4,xiw,0)*Deng(q2 + q3,xiw,0)*Deng(q2 + q3,xiw,M3)^2*p4.q3*
      q3.q3*d*xia*ufoGC58*ufoGC107*ufoGC93*ufoGC3
       - 1/4*g_(1,6_,nu13)*FT2(g6)/(d^2 + 2*d)*Vec(nu13,-q3)*Den( - p4 + q2 + 
      q3)^2*Deng(p4,xiw,0)*Deng(q2 + q3,xiw,0)*Deng(q2 + q3,xiw,M3)^2*p4.q3*
      q3.q3*d*ufoGC58*ufoGC107*ufoGC93*ufoGC3
       + 1/4*g_(1,6_,nu13)*FT2(g6)/(d^2 + 2*d)*Vec(nu13,-q3)*Den( - p4 + q2 + 
      q3)^2*Deng(p4,xiw,0)*Deng(q2 + q3,xiw,0)*Deng(q2 + q3,xiw,M3)^2*p4.q3*
      q3.q3*xia*ufoGC58*ufoGC107*ufoGC93*ufoGC3
       - 1/4*g_(1,6_,nu13)*FT2(g6)/(d^2 + 2*d)*Vec(nu13,-q3)*Den( - p4 + q2 + 
      q3)^2*Deng(p4,xiw,0)*Deng(q2 + q3,xiw,0)*Deng(q2 + q3,xiw,M3)^2*p4.q3*
      q3.q3*ufoGC58*ufoGC107*ufoGC93*ufoGC3
       - 1/2*g_(1,6_,nu13)*FT2(g6)/(d^2 + 2*d)*Vec(nu13,-q3)*Den( - p4 + q2 + 
      q3)^2*Deng(p4,xiw,0)*Deng(q2 + q3,xiw,0)*Deng(q2 + q3,xiw,M3)^2*q2.q2*
      q2.q3*d*xia*ufoGC58*ufoGC107*ufoGC93*ufoGC3
       + 1/2*g_(1,6_,nu13)*FT2(g6)/(d^2 + 2*d)*Vec(nu13,-q3)*Den( - p4 + q2 + 
      q3)^2*Deng(p4,xiw,0)*Deng(q2 + q3,xiw,0)*Deng(q2 + q3,xiw,M3)^2*q2.q2*
      q2.q3*d*ufoGC58*ufoGC107*ufoGC93*ufoGC3
       - 1/2*g_(1,6_,nu13)*FT2(g6)/(d^2 + 2*d)*Vec(nu13,-q3)*Den( - p4 + q2 + 
      q3)^2*Deng(p4,xiw,0)*Deng(q2 + q3,xiw,0)*Deng(q2 + q3,xiw,M3)^2*q2.q2*
      q2.q3*xia*ufoGC58*ufoGC107*ufoGC93*ufoGC3
       + 1/2*g_(1,6_,nu13)*FT2(g6)/(d^2 + 2*d)*Vec(nu13,-q3)*Den( - p4 + q2 + 
      q3)^2*Deng(p4,xiw,0)*Deng(q2 + q3,xiw,0)*Deng(q2 + q3,xiw,M3)^2*q2.q2*
      q2.q3*ufoGC58*ufoGC107*ufoGC93*ufoGC3
       - 1/2*g_(1,6_,nu13)*FT2(g6)/(d^2 + 2*d)*Vec(nu13,-q3)*Den( - p4 + q2 + 
      q3)^2*Deng(p4,xiw,0)*Deng(q2 + q3,xiw,0)*Deng(q2 + q3,xiw,M3)^2*q2.q3*
      q3.q3*d*xia*ufoGC58*ufoGC107*ufoGC93*ufoGC3
       + 1/2*g_(1,6_,nu13)*FT2(g6)/(d^2 + 2*d)*Vec(nu13,-q3)*Den( - p4 + q2 + 
      q3)^2*Deng(p4,xiw,0)*Deng(q2 + q3,xiw,0)*Deng(q2 + q3,xiw,M3)^2*q2.q3*
      q3.q3*d*ufoGC58*ufoGC107*ufoGC93*ufoGC3
       - 1/2*g_(1,6_,nu13)*FT2(g6)/(d^2 + 2*d)*Vec(nu13,-q3)*Den( - p4 + q2 + 
      q3)^2*Deng(p4,xiw,0)*Deng(q2 + q3,xiw,0)*Deng(q2 + q3,xiw,M3)^2*q2.q3*
      q3.q3*xia*ufoGC58*ufoGC107*ufoGC93*ufoGC3
       + 1/2*g_(1,6_,nu13)*FT2(g6)/(d^2 + 2*d)*Vec(nu13,-q3)*Den( - p4 + q2 + 
      q3)^2*Deng(p4,xiw,0)*Deng(q2 + q3,xiw,0)*Deng(q2 + q3,xiw,M3)^2*q2.q3*
      q3.q3*ufoGC58*ufoGC107*ufoGC93*ufoGC3
      ;

  0.01 sec out of 0.01 sec
