FORM 5.0.0-beta.1 (Jan 15 2026, v5.0.0-beta.1-292-g4341c63)  Run: Fri Feb 13 14:19:02 2026
    #-

   d1l156amp =
       - 1/8*g_(1,6_,nu10)*g_(2,6_,nu11)*auxGamma(nu11,j16,iufo13)*auxPL(
      iufo13,j13)*cFT(p4,XX,j15,j16)*cFT(nu9,XX,j14,iufo15)*cFT(g7,XX,iufo15,
      j15)*cFT(p3,XX,j13,j14)*flavourTag(fu,j13,j14)*flavourTag(fd,j15,j16)*
      Vec(nu10,p1)*Vec(nu9,p1)*Deng(p1,xiw,M3)^2*Deng(p2,xiw,M3)*ufoGC58^2*
      ufoGC119*ufoGC59
       + 1/8*g_(1,6_,nu10)*g_(2,6_,nu11)*auxGamma(nu12,j16,iufo13)*auxPL(
      iufo13,j13)*cFT(p4,XX,j15,j16)*cFT(nu9,XX,j14,iufo15)*cFT(g7,XX,iufo15,
      j15)*cFT(p3,XX,j13,j14)*flavourTag(fu,j13,j14)*flavourTag(fd,j15,j16)*
      Vec(nu10,p1)*Vec(nu11,p2)*Vec(nu12,p2)*Vec(nu9,p1)*Deng(p1,xiw,M3)^2*
      Deng(p2,xiw,M3)^2*ufoGC58^2*ufoGC119*ufoGC59
       + 1/8*g_(1,6_,nu9)*g_(2,6_,nu11)*auxGamma(nu11,j16,iufo13)*auxPL(iufo13
      ,j13)*cFT(p4,XX,j15,j16)*cFT(nu9,XX,j14,iufo15)*cFT(g7,XX,iufo15,j15)*
      cFT(p3,XX,j13,j14)*flavourTag(fu,j13,j14)*flavourTag(fd,j15,j16)*Deng(p1
      ,xiw,M3)*Deng(p2,xiw,M3)*ufoGC58^2*ufoGC119*ufoGC59
       - 1/8*g_(1,6_,nu9)*g_(2,6_,nu11)*auxGamma(nu12,j16,iufo13)*auxPL(iufo13
      ,j13)*cFT(p4,XX,j15,j16)*cFT(nu9,XX,j14,iufo15)*cFT(g7,XX,iufo15,j15)*
      cFT(p3,XX,j13,j14)*flavourTag(fu,j13,j14)*flavourTag(fd,j15,j16)*Vec(
      nu11,p2)*Vec(nu12,p2)*Deng(p1,xiw,M3)*Deng(p2,xiw,M3)^2*ufoGC58^2*
      ufoGC119*ufoGC59
      ;

  0.00 sec out of 0.00 sec
