FORM 5.0.0-beta.1 (Jan 15 2026, v5.0.0-beta.1-292-g4341c63)  Run: Fri Feb 13 14:19:02 2026
    #-

   d1l109amp =
       - 1/4*g_(1,6_,nu10)*g_(2,6_,nu11)*Vec(nu10,p1)*Vec(nu11,p2)*Vec(nu9,p1)
      *Vec(nu9, - p3)*Vec(nu12,p2)*Vec(nu12,p3)*Vec(nu16,p3)*Vec(nu16,p4)*Vec(
      nu15,p4)*Vec(nu15, - p2)*Den(p3)^2*Deng(p1,xiw,M3)^2*Deng(p2,xiw,M3)^2*
      Deng(p4,xiw,M3)^2*xia*xiw^2*ufoGC58^2*ufoGC4^2
       + 1/4*g_(1,6_,nu10)*g_(2,6_,nu11)*Vec(nu10,p1)*Vec(nu11,p2)*Vec(nu9,p1)
      *Vec(nu9, - p3)*Vec(nu12,p2)*Vec(nu12,p3)*Vec(nu16,p3)*Vec(nu16,p4)*Vec(
      nu15,p4)*Vec(nu15, - p2)*Den(p3)^2*Deng(p1,xiw,M3)^2*Deng(p2,xiw,M3)^2*
      Deng(p4,xiw,M3)^2*xiw^2*ufoGC58^2*ufoGC4^2
       - 1/4*g_(1,6_,nu10)*g_(2,6_,nu11)*Vec(nu10,p1)*Vec(nu11,p2)*Vec(nu9,p1)
      *Vec(nu9, - p3)*Vec(nu12,p2)*Vec(nu12,p3)*Vec(nu15,p4)^2*Den(p3)*Deng(p1
      ,xiw,M3)^2*Deng(p2,xiw,M3)^2*Deng(p4,xiw,M3)^2*xiw^2*ufoGC58^2*ufoGC4^2
       + 1/4*g_(1,6_,nu10)*g_(2,6_,nu11)*Vec(nu10,p1)*Vec(nu11,p2)*Vec(nu9,p1)
      *Vec(nu9, - p3)*Vec(nu12,p2)*Vec(nu12,p4)*Vec(nu13,p3)*Vec(nu13, - p2)*
      Vec(nu16,p3)*Vec(nu16,p4)*Den(p3)^2*Deng(p1,xiw,M3)^2*Deng(p2,xiw,M3)^2*
      Deng(p4,xiw,M3)^2*xia*xiw^2*ufoGC58^2*ufoGC4^2
       - 1/4*g_(1,6_,nu10)*g_(2,6_,nu11)*Vec(nu10,p1)*Vec(nu11,p2)*Vec(nu9,p1)
      *Vec(nu9, - p3)*Vec(nu12,p2)*Vec(nu12,p4)*Vec(nu13,p3)*Vec(nu13, - p2)*
      Vec(nu16,p3)*Vec(nu16,p4)*Den(p3)^2*Deng(p1,xiw,M3)^2*Deng(p2,xiw,M3)^2*
      Deng(p4,xiw,M3)^2*xiw^2*ufoGC58^2*ufoGC4^2
       - 1/4*g_(1,6_,nu10)*g_(2,6_,nu11)*Vec(nu10,p1)*Vec(nu11,p2)*Vec(nu9,p1)
      *Vec(nu9, - p3)*Vec(nu12,p2)*Vec(nu12,p4)*Vec(nu13,p3)*Vec(nu13,p4)*Vec(
      nu16,p3)*Vec(nu16,p4)*Den(p3)^2*Deng(p1,xiw,M3)^2*Deng(p2,xiw,M3)^2*
      Deng(p4,xiw,M3)^2*xia*xiw^2*ufoGC58^2*ufoGC4^2
       + 1/4*g_(1,6_,nu10)*g_(2,6_,nu11)*Vec(nu10,p1)*Vec(nu11,p2)*Vec(nu9,p1)
      *Vec(nu9, - p3)*Vec(nu12,p2)*Vec(nu12,p4)*Vec(nu13,p3)*Vec(nu13,p4)*Vec(
      nu16,p3)*Vec(nu16,p4)*Den(p3)^2*Deng(p1,xiw,M3)^2*Deng(p2,xiw,M3)^2*
      Deng(p4,xiw,M3)^2*xiw^2*ufoGC58^2*ufoGC4^2
       + 1/4*g_(1,6_,nu10)*g_(2,6_,nu11)*Vec(nu10,p1)*Vec(nu11,p2)*Vec(nu9,p1)
      *Vec(nu9, - p3)*Vec(nu12,p2)*Vec(nu12,p4)*Vec(nu13,p4)*Vec(nu13, - p2)*
      Den(p3)*Deng(p1,xiw,M3)^2*Deng(p2,xiw,M3)^2*Deng(p4,xiw,M3)^2*xiw^2*
      ufoGC58^2*ufoGC4^2
       - 1/4*g_(1,6_,nu10)*g_(2,6_,nu11)*Vec(nu10,p1)*Vec(nu11,p2)*Vec(nu9,p1)
      *Vec(nu9, - p3)*Vec(nu12,p2)*Vec(nu12,p4)*Vec(nu13,p4)^2*Den(p3)*Deng(p1
      ,xiw,M3)^2*Deng(p2,xiw,M3)^2*Deng(p4,xiw,M3)^2*xiw^2*ufoGC58^2*ufoGC4^2
       + 1/4*g_(1,6_,nu10)*g_(2,6_,nu11)*Vec(nu10,p1)*Vec(nu11,p2)*Vec(nu9,p1)
      *Vec(nu9, - p3)*Vec(nu12,p2)*Vec(nu12,p4)*Vec(nu16,p3)*Vec(nu16,p4)*Vec(
      nu15,p3)*Vec(nu15,p4)*Den(p3)^2*Deng(p1,xiw,M3)^2*Deng(p2,xiw,M3)^2*
      Deng(p4,xiw,M3)^2*xia*xiw^2*ufoGC58^2*ufoGC4^2
       - 1/4*g_(1,6_,nu10)*g_(2,6_,nu11)*Vec(nu10,p1)*Vec(nu11,p2)*Vec(nu9,p1)
      *Vec(nu9, - p3)*Vec(nu12,p2)*Vec(nu12,p4)*Vec(nu16,p3)*Vec(nu16,p4)*Vec(
      nu15,p3)*Vec(nu15,p4)*Den(p3)^2*Deng(p1,xiw,M3)^2*Deng(p2,xiw,M3)^2*
      Deng(p4,xiw,M3)^2*xiw^2*ufoGC58^2*ufoGC4^2
       + 1/4*g_(1,6_,nu10)*g_(2,6_,nu11)*Vec(nu10,p1)*Vec(nu11,p2)*Vec(nu9,p1)
      *Vec(nu9, - p3)*Vec(nu12,p2)*Vec(nu12,p4)*Vec(nu15,p3)*Vec(nu15,p4)*Den(
      p3)*Deng(p1,xiw,M3)^2*Deng(p2,xiw,M3)^2*Deng(p4,xiw,M3)^2*xiw^2*
      ufoGC58^2*ufoGC4^2
       - 1/4*g_(1,6_,nu10)*g_(2,6_,nu11)*Vec(nu10,p1)*Vec(nu11,p2)*Vec(nu9,p1)
      *Vec(nu9, - p3)*Vec(nu12,p2)*Vec(nu12,p4)*Vec(nu15,p4)*Vec(nu15, - p2)*
      Den(p3)*Deng(p1,xiw,M3)^2*Deng(p2,xiw,M3)^2*Deng(p4,xiw,M3)^2*xiw^2*
      ufoGC58^2*ufoGC4^2
       + 1/4*g_(1,6_,nu10)*g_(2,6_,nu11)*Vec(nu10,p1)*Vec(nu11,p2)*Vec(nu9,p1)
      *Vec(nu9, - p3)*Vec(nu12,p2)*Vec(nu12,p4)*Vec(nu15,p4)^2*Den(p3)*Deng(p1
      ,xiw,M3)^2*Deng(p2,xiw,M3)^2*Deng(p4,xiw,M3)^2*xiw^2*ufoGC58^2*ufoGC4^2
       + 1/4*g_(1,6_,nu10)*g_(2,6_,nu11)*Vec(nu10,p1)*Vec(nu11,p2)*Vec(nu9,p1)
      *Vec(nu9, - p4)*Vec(nu12,p2)*Vec(nu12,p3)*Vec(nu16,p3)*Vec(nu16,p4)*Vec(
      nu15,p4)*Vec(nu15, - p2)*Den(p3)^2*Deng(p1,xiw,M3)^2*Deng(p2,xiw,M3)^2*
      Deng(p4,xiw,M3)^2*xia*xiw^2*ufoGC58^2*ufoGC4^2
       - 1/4*g_(1,6_,nu10)*g_(2,6_,nu11)*Vec(nu10,p1)*Vec(nu11,p2)*Vec(nu9,p1)
      *Vec(nu9, - p4)*Vec(nu12,p2)*Vec(nu12,p3)*Vec(nu16,p3)*Vec(nu16,p4)*Vec(
      nu15,p4)*Vec(nu15, - p2)*Den(p3)^2*Deng(p1,xiw,M3)^2*Deng(p2,xiw,M3)^2*
      Deng(p4,xiw,M3)^2*xiw^2*ufoGC58^2*ufoGC4^2
       + 1/4*g_(1,6_,nu10)*g_(2,6_,nu11)*Vec(nu10,p1)*Vec(nu11,p2)*Vec(nu9,p1)
      *Vec(nu9, - p4)*Vec(nu12,p2)*Vec(nu12,p3)*Vec(nu15,p4)^2*Den(p3)*Deng(p1
      ,xiw,M3)^2*Deng(p2,xiw,M3)^2*Deng(p4,xiw,M3)^2*xiw^2*ufoGC58^2*ufoGC4^2
       - 1/4*g_(1,6_,nu10)*g_(2,6_,nu11)*Vec(nu10,p1)*Vec(nu11,p2)*Vec(nu9,p1)
      *Vec(nu9, - p4)*Vec(nu12,p2)*Vec(nu12,p4)*Vec(nu13,p3)*Vec(nu13, - p2)*
      Vec(nu16,p3)*Vec(nu16,p4)*Den(p3)^2*Deng(p1,xiw,M3)^2*Deng(p2,xiw,M3)^2*
      Deng(p4,xiw,M3)^2*xia*xiw^2*ufoGC58^2*ufoGC4^2
       + 1/4*g_(1,6_,nu10)*g_(2,6_,nu11)*Vec(nu10,p1)*Vec(nu11,p2)*Vec(nu9,p1)
      *Vec(nu9, - p4)*Vec(nu12,p2)*Vec(nu12,p4)*Vec(nu13,p3)*Vec(nu13, - p2)*
      Vec(nu16,p3)*Vec(nu16,p4)*Den(p3)^2*Deng(p1,xiw,M3)^2*Deng(p2,xiw,M3)^2*
      Deng(p4,xiw,M3)^2*xiw^2*ufoGC58^2*ufoGC4^2
       + 1/4*g_(1,6_,nu10)*g_(2,6_,nu11)*Vec(nu10,p1)*Vec(nu11,p2)*Vec(nu9,p1)
      *Vec(nu9, - p4)*Vec(nu12,p2)*Vec(nu12,p4)*Vec(nu13,p3)*Vec(nu13,p4)*Vec(
      nu16,p3)*Vec(nu16,p4)*Den(p3)^2*Deng(p1,xiw,M3)^2*Deng(p2,xiw,M3)^2*
      Deng(p4,xiw,M3)^2*xia*xiw^2*ufoGC58^2*ufoGC4^2
       - 1/4*g_(1,6_,nu10)*g_(2,6_,nu11)*Vec(nu10,p1)*Vec(nu11,p2)*Vec(nu9,p1)
      *Vec(nu9, - p4)*Vec(nu12,p2)*Vec(nu12,p4)*Vec(nu13,p3)*Vec(nu13,p4)*Vec(
      nu16,p3)*Vec(nu16,p4)*Den(p3)^2*Deng(p1,xiw,M3)^2*Deng(p2,xiw,M3)^2*
      Deng(p4,xiw,M3)^2*xiw^2*ufoGC58^2*ufoGC4^2
       - 1/4*g_(1,6_,nu10)*g_(2,6_,nu11)*Vec(nu10,p1)*Vec(nu11,p2)*Vec(nu9,p1)
      *Vec(nu9, - p4)*Vec(nu12,p2)*Vec(nu12,p4)*Vec(nu13,p4)*Vec(nu13, - p2)*
      Den(p3)*Deng(p1,xiw,M3)^2*Deng(p2,xiw,M3)^2*Deng(p4,xiw,M3)^2*xiw^2*
      ufoGC58^2*ufoGC4^2
       + 1/4*g_(1,6_,nu10)*g_(2,6_,nu11)*Vec(nu10,p1)*Vec(nu11,p2)*Vec(nu9,p1)
      *Vec(nu9, - p4)*Vec(nu12,p2)*Vec(nu12,p4)*Vec(nu13,p4)^2*Den(p3)*Deng(p1
      ,xiw,M3)^2*Deng(p2,xiw,M3)^2*Deng(p4,xiw,M3)^2*xiw^2*ufoGC58^2*ufoGC4^2
       - 1/4*g_(1,6_,nu10)*g_(2,6_,nu11)*Vec(nu10,p1)*Vec(nu11,p2)*Vec(nu9,p1)
      *Vec(nu9, - p4)*Vec(nu12,p2)*Vec(nu12,p4)*Vec(nu16,p3)*Vec(nu16,p4)*Vec(
      nu15,p3)*Vec(nu15,p4)*Den(p3)^2*Deng(p1,xiw,M3)^2*Deng(p2,xiw,M3)^2*
      Deng(p4,xiw,M3)^2*xia*xiw^2*ufoGC58^2*ufoGC4^2
       + 1/4*g_(1,6_,nu10)*g_(2,6_,nu11)*Vec(nu10,p1)*Vec(nu11,p2)*Vec(nu9,p1)
      *Vec(nu9, - p4)*Vec(nu12,p2)*Vec(nu12,p4)*Vec(nu16,p3)*Vec(nu16,p4)*Vec(
      nu15,p3)*Vec(nu15,p4)*Den(p3)^2*Deng(p1,xiw,M3)^2*Deng(p2,xiw,M3)^2*
      Deng(p4,xiw,M3)^2*xiw^2*ufoGC58^2*ufoGC4^2
       - 1/4*g_(1,6_,nu10)*g_(2,6_,nu11)*Vec(nu10,p1)*Vec(nu11,p2)*Vec(nu9,p1)
      *Vec(nu9, - p4)*Vec(nu12,p2)*Vec(nu12,p4)*Vec(nu15,p3)*Vec(nu15,p4)*Den(
      p3)*Deng(p1,xiw,M3)^2*Deng(p2,xiw,M3)^2*Deng(p4,xiw,M3)^2*xiw^2*
      ufoGC58^2*ufoGC4^2
       + 1/4*g_(1,6_,nu10)*g_(2,6_,nu11)*Vec(nu10,p1)*Vec(nu11,p2)*Vec(nu9,p1)
      *Vec(nu9, - p4)*Vec(nu12,p2)*Vec(nu12,p4)*Vec(nu15,p4)*Vec(nu15, - p2)*
      Den(p3)*Deng(p1,xiw,M3)^2*Deng(p2,xiw,M3)^2*Deng(p4,xiw,M3)^2*xiw^2*
      ufoGC58^2*ufoGC4^2
       - 1/4*g_(1,6_,nu10)*g_(2,6_,nu11)*Vec(nu10,p1)*Vec(nu11,p2)*Vec(nu9,p1)
      *Vec(nu9, - p4)*Vec(nu12,p2)*Vec(nu12,p4)*Vec(nu15,p4)^2*Den(p3)*Deng(p1
      ,xiw,M3)^2*Deng(p2,xiw,M3)^2*Deng(p4,xiw,M3)^2*xiw^2*ufoGC58^2*ufoGC4^2
       - 1/4*g_(1,6_,nu10)*g_(2,6_,nu11)*Vec(nu10,p1)*Vec(nu11,p2)*Vec(nu9,p1)
      *Vec(nu9,p3)*Vec(nu12,p2)*Vec(nu12,p3)*Vec(nu16,p1)*Vec(nu16,p4)*Vec(
      nu15,p4)*Vec(nu15, - p2)*Den(p3)^2*Deng(p1,xiw,M3)^2*Deng(p2,xiw,M3)^2*
      Deng(p4,xiw,M3)^2*xia*xiw^2*ufoGC58^2*ufoGC4^2
       + 1/4*g_(1,6_,nu10)*g_(2,6_,nu11)*Vec(nu10,p1)*Vec(nu11,p2)*Vec(nu9,p1)
      *Vec(nu9,p3)*Vec(nu12,p2)*Vec(nu12,p3)*Vec(nu16,p1)*Vec(nu16,p4)*Vec(
      nu15,p4)*Vec(nu15, - p2)*Den(p3)^2*Deng(p1,xiw,M3)^2*Deng(p2,xiw,M3)^2*
      Deng(p4,xiw,M3)^2*xiw^2*ufoGC58^2*ufoGC4^2
       + 1/4*g_(1,6_,nu10)*g_(2,6_,nu11)*Vec(nu10,p1)*Vec(nu11,p2)*Vec(nu9,p1)
      *Vec(nu9,p3)*Vec(nu12,p2)*Vec(nu12,p3)*Vec(nu16,p4)*Vec(nu16, - p3)*Vec(
      nu15,p4)*Vec(nu15, - p2)*Den(p3)^2*Deng(p1,xiw,M3)^2*Deng(p2,xiw,M3)^2*
      Deng(p4,xiw,M3)^2*xia*xiw^2*ufoGC58^2*ufoGC4^2
       - 1/4*g_(1,6_,nu10)*g_(2,6_,nu11)*Vec(nu10,p1)*Vec(nu11,p2)*Vec(nu9,p1)
      *Vec(nu9,p3)*Vec(nu12,p2)*Vec(nu12,p3)*Vec(nu16,p4)*Vec(nu16, - p3)*Vec(
      nu15,p4)*Vec(nu15, - p2)*Den(p3)^2*Deng(p1,xiw,M3)^2*Deng(p2,xiw,M3)^2*
      Deng(p4,xiw,M3)^2*xiw^2*ufoGC58^2*ufoGC4^2
       + 1/4*g_(1,6_,nu10)*g_(2,6_,nu11)*Vec(nu10,p1)*Vec(nu11,p2)*Vec(nu9,p1)
      *Vec(nu9,p3)*Vec(nu12,p2)*Vec(nu12,p4)*Vec(nu13,p3)*Vec(nu13, - p2)*Vec(
      nu16,p1)*Vec(nu16,p4)*Den(p3)^2*Deng(p1,xiw,M3)^2*Deng(p2,xiw,M3)^2*
      Deng(p4,xiw,M3)^2*xia*xiw^2*ufoGC58^2*ufoGC4^2
       - 1/4*g_(1,6_,nu10)*g_(2,6_,nu11)*Vec(nu10,p1)*Vec(nu11,p2)*Vec(nu9,p1)
      *Vec(nu9,p3)*Vec(nu12,p2)*Vec(nu12,p4)*Vec(nu13,p3)*Vec(nu13, - p2)*Vec(
      nu16,p1)*Vec(nu16,p4)*Den(p3)^2*Deng(p1,xiw,M3)^2*Deng(p2,xiw,M3)^2*
      Deng(p4,xiw,M3)^2*xiw^2*ufoGC58^2*ufoGC4^2
       - 1/4*g_(1,6_,nu10)*g_(2,6_,nu11)*Vec(nu10,p1)*Vec(nu11,p2)*Vec(nu9,p1)
      *Vec(nu9,p3)*Vec(nu12,p2)*Vec(nu12,p4)*Vec(nu13,p3)*Vec(nu13, - p2)*Vec(
      nu16,p4)*Vec(nu16, - p3)*Den(p3)^2*Deng(p1,xiw,M3)^2*Deng(p2,xiw,M3)^2*
      Deng(p4,xiw,M3)^2*xia*xiw^2*ufoGC58^2*ufoGC4^2
       + 1/4*g_(1,6_,nu10)*g_(2,6_,nu11)*Vec(nu10,p1)*Vec(nu11,p2)*Vec(nu9,p1)
      *Vec(nu9,p3)*Vec(nu12,p2)*Vec(nu12,p4)*Vec(nu13,p3)*Vec(nu13, - p2)*Vec(
      nu16,p4)*Vec(nu16, - p3)*Den(p3)^2*Deng(p1,xiw,M3)^2*Deng(p2,xiw,M3)^2*
      Deng(p4,xiw,M3)^2*xiw^2*ufoGC58^2*ufoGC4^2
       - 1/4*g_(1,6_,nu10)*g_(2,6_,nu11)*Vec(nu10,p1)*Vec(nu11,p2)*Vec(nu9,p1)
      *Vec(nu9,p3)*Vec(nu12,p2)*Vec(nu12,p4)*Vec(nu13,p3)*Vec(nu13,p4)*Vec(
      nu16,p1)*Vec(nu16,p4)*Den(p3)^2*Deng(p1,xiw,M3)^2*Deng(p2,xiw,M3)^2*
      Deng(p4,xiw,M3)^2*xia*xiw^2*ufoGC58^2*ufoGC4^2
       + 1/4*g_(1,6_,nu10)*g_(2,6_,nu11)*Vec(nu10,p1)*Vec(nu11,p2)*Vec(nu9,p1)
      *Vec(nu9,p3)*Vec(nu12,p2)*Vec(nu12,p4)*Vec(nu13,p3)*Vec(nu13,p4)*Vec(
      nu16,p1)*Vec(nu16,p4)*Den(p3)^2*Deng(p1,xiw,M3)^2*Deng(p2,xiw,M3)^2*
      Deng(p4,xiw,M3)^2*xiw^2*ufoGC58^2*ufoGC4^2
       + 1/4*g_(1,6_,nu10)*g_(2,6_,nu11)*Vec(nu10,p1)*Vec(nu11,p2)*Vec(nu9,p1)
      *Vec(nu9,p3)*Vec(nu12,p2)*Vec(nu12,p4)*Vec(nu13,p3)*Vec(nu13,p4)*Vec(
      nu16,p4)*Vec(nu16, - p3)*Den(p3)^2*Deng(p1,xiw,M3)^2*Deng(p2,xiw,M3)^2*
      Deng(p4,xiw,M3)^2*xia*xiw^2*ufoGC58^2*ufoGC4^2
       - 1/4*g_(1,6_,nu10)*g_(2,6_,nu11)*Vec(nu10,p1)*Vec(nu11,p2)*Vec(nu9,p1)
      *Vec(nu9,p3)*Vec(nu12,p2)*Vec(nu12,p4)*Vec(nu13,p3)*Vec(nu13,p4)*Vec(
      nu16,p4)*Vec(nu16, - p3)*Den(p3)^2*Deng(p1,xiw,M3)^2*Deng(p2,xiw,M3)^2*
      Deng(p4,xiw,M3)^2*xiw^2*ufoGC58^2*ufoGC4^2
       + 1/4*g_(1,6_,nu10)*g_(2,6_,nu11)*Vec(nu10,p1)*Vec(nu11,p2)*Vec(nu9,p1)
      *Vec(nu9,p3)*Vec(nu12,p2)*Vec(nu12,p4)*Vec(nu16,p1)*Vec(nu16,p4)*Vec(
      nu15,p3)*Vec(nu15,p4)*Den(p3)^2*Deng(p1,xiw,M3)^2*Deng(p2,xiw,M3)^2*
      Deng(p4,xiw,M3)^2*xia*xiw^2*ufoGC58^2*ufoGC4^2
       - 1/4*g_(1,6_,nu10)*g_(2,6_,nu11)*Vec(nu10,p1)*Vec(nu11,p2)*Vec(nu9,p1)
      *Vec(nu9,p3)*Vec(nu12,p2)*Vec(nu12,p4)*Vec(nu16,p1)*Vec(nu16,p4)*Vec(
      nu15,p3)*Vec(nu15,p4)*Den(p3)^2*Deng(p1,xiw,M3)^2*Deng(p2,xiw,M3)^2*
      Deng(p4,xiw,M3)^2*xiw^2*ufoGC58^2*ufoGC4^2
       - 1/4*g_(1,6_,nu10)*g_(2,6_,nu11)*Vec(nu10,p1)*Vec(nu11,p2)*Vec(nu9,p1)
      *Vec(nu9,p3)*Vec(nu12,p2)*Vec(nu12,p4)*Vec(nu16,p4)*Vec(nu16, - p3)*Vec(
      nu15,p3)*Vec(nu15,p4)*Den(p3)^2*Deng(p1,xiw,M3)^2*Deng(p2,xiw,M3)^2*
      Deng(p4,xiw,M3)^2*xia*xiw^2*ufoGC58^2*ufoGC4^2
       + 1/4*g_(1,6_,nu10)*g_(2,6_,nu11)*Vec(nu10,p1)*Vec(nu11,p2)*Vec(nu9,p1)
      *Vec(nu9,p3)*Vec(nu12,p2)*Vec(nu12,p4)*Vec(nu16,p4)*Vec(nu16, - p3)*Vec(
      nu15,p3)*Vec(nu15,p4)*Den(p3)^2*Deng(p1,xiw,M3)^2*Deng(p2,xiw,M3)^2*
      Deng(p4,xiw,M3)^2*xiw^2*ufoGC58^2*ufoGC4^2
       - 1/4*g_(1,6_,nu10)*g_(2,6_,nu11)*Vec(nu10,p1)*Vec(nu11,p2)*Vec(nu12,p1
      )*Vec(nu12,p2)*Vec(nu16,p4)*Vec(nu16, - p3)*Vec(nu15,p3)*Vec(nu15,p4)*
      Den(p3)*Deng(p1,xiw,M3)^2*Deng(p2,xiw,M3)^2*Deng(p4,xiw,M3)^2*xiw^2*
      ufoGC58^2*ufoGC4^2
       + 1/4*g_(1,6_,nu10)*g_(2,6_,nu11)*Vec(nu10,p1)*Vec(nu11,p2)*Vec(nu12,p1
      )*Vec(nu12,p2)*Vec(nu16,p4)*Vec(nu16, - p3)*Vec(nu15,p4)*Vec(nu15, - p2)
      *Den(p3)*Deng(p1,xiw,M3)^2*Deng(p2,xiw,M3)^2*Deng(p4,xiw,M3)^2*xiw^2*
      ufoGC58^2*ufoGC4^2
       + 1/4*g_(1,6_,nu10)*g_(2,6_,nu11)*Vec(nu10,p1)*Vec(nu11,p2)*Vec(nu12,p2
      )*Vec(nu12, - p4)*Vec(nu16,p1)*Vec(nu16,p4)*Vec(nu15,p3)*Vec(nu15,p4)*
      Den(p3)*Deng(p1,xiw,M3)^2*Deng(p2,xiw,M3)^2*Deng(p4,xiw,M3)^2*xiw^2*
      ufoGC58^2*ufoGC4^2
       - 1/4*g_(1,6_,nu10)*g_(2,6_,nu11)*Vec(nu10,p1)*Vec(nu11,p2)*Vec(nu12,p2
      )*Vec(nu12, - p4)*Vec(nu16,p1)*Vec(nu16,p4)*Vec(nu15,p4)*Vec(nu15, - p2)
      *Den(p3)*Deng(p1,xiw,M3)^2*Deng(p2,xiw,M3)^2*Deng(p4,xiw,M3)^2*xiw^2*
      ufoGC58^2*ufoGC4^2
       + 1/4*g_(1,6_,nu10)*g_(2,6_,nu11)*Vec(nu10,p1)*Vec(nu11,p2)*Vec(nu12,p2
      )*Vec(nu12,p3)*Vec(nu14,p1)*Vec(nu14,p3)*Vec(nu16,p1)*Vec(nu16,p4)*Vec(
      nu15,p4)*Vec(nu15, - p2)*Den(p3)^2*Deng(p1,xiw,M3)^2*Deng(p2,xiw,M3)^2*
      Deng(p4,xiw,M3)^2*xia*xiw^2*ufoGC58^2*ufoGC4^2
       - 1/4*g_(1,6_,nu10)*g_(2,6_,nu11)*Vec(nu10,p1)*Vec(nu11,p2)*Vec(nu12,p2
      )*Vec(nu12,p3)*Vec(nu14,p1)*Vec(nu14,p3)*Vec(nu16,p1)*Vec(nu16,p4)*Vec(
      nu15,p4)*Vec(nu15, - p2)*Den(p3)^2*Deng(p1,xiw,M3)^2*Deng(p2,xiw,M3)^2*
      Deng(p4,xiw,M3)^2*xiw^2*ufoGC58^2*ufoGC4^2
       - 1/4*g_(1,6_,nu10)*g_(2,6_,nu11)*Vec(nu10,p1)*Vec(nu11,p2)*Vec(nu12,p2
      )*Vec(nu12,p3)*Vec(nu14,p3)*Vec(nu14, - p4)*Vec(nu16,p1)*Vec(nu16,p4)*
      Vec(nu15,p4)*Vec(nu15, - p2)*Den(p3)^2*Deng(p1,xiw,M3)^2*Deng(p2,xiw,M3)
      ^2*Deng(p4,xiw,M3)^2*xia*xiw^2*ufoGC58^2*ufoGC4^2
       + 1/4*g_(1,6_,nu10)*g_(2,6_,nu11)*Vec(nu10,p1)*Vec(nu11,p2)*Vec(nu12,p2
      )*Vec(nu12,p3)*Vec(nu14,p3)*Vec(nu14, - p4)*Vec(nu16,p1)*Vec(nu16,p4)*
      Vec(nu15,p4)*Vec(nu15, - p2)*Den(p3)^2*Deng(p1,xiw,M3)^2*Deng(p2,xiw,M3)
      ^2*Deng(p4,xiw,M3)^2*xiw^2*ufoGC58^2*ufoGC4^2
       - 1/4*g_(1,6_,nu10)*g_(2,6_,nu11)*Vec(nu10,p1)*Vec(nu11,p2)*Vec(nu12,p2
      )*Vec(nu12,p3)*Vec(nu16,p1)*Vec(nu16,p4)*Vec(nu15,p4)*Vec(nu15, - p4)*
      Den(p3)*Deng(p1,xiw,M3)^2*Deng(p2,xiw,M3)^2*Deng(p4,xiw,M3)^2*xiw^2*
      ufoGC58^2*ufoGC4^2
       + 1/4*g_(1,6_,nu10)*g_(2,6_,nu11)*Vec(nu10,p1)*Vec(nu11,p2)*Vec(nu12,p2
      )*Vec(nu12,p3)*Vec(nu16,p4)*Vec(nu16, - p3)*Vec(nu15,p1)*Vec(nu15,p4)*
      Den(p3)*Deng(p1,xiw,M3)^2*Deng(p2,xiw,M3)^2*Deng(p4,xiw,M3)^2*xiw^2*
      ufoGC58^2*ufoGC4^2
       - 1/4*g_(1,6_,nu10)*g_(2,6_,nu11)*Vec(nu10,p1)*Vec(nu11,p2)*Vec(nu12,p2
      )*Vec(nu12,p4)*Vec(nu14,p1)*Vec(nu14,p3)*Vec(nu13,p3)*Vec(nu13, - p2)*
      Vec(nu16,p1)*Vec(nu16,p4)*Den(p3)^2*Deng(p1,xiw,M3)^2*Deng(p2,xiw,M3)^2*
      Deng(p4,xiw,M3)^2*xia*xiw^2*ufoGC58^2*ufoGC4^2
       + 1/4*g_(1,6_,nu10)*g_(2,6_,nu11)*Vec(nu10,p1)*Vec(nu11,p2)*Vec(nu12,p2
      )*Vec(nu12,p4)*Vec(nu14,p1)*Vec(nu14,p3)*Vec(nu13,p3)*Vec(nu13, - p2)*
      Vec(nu16,p1)*Vec(nu16,p4)*Den(p3)^2*Deng(p1,xiw,M3)^2*Deng(p2,xiw,M3)^2*
      Deng(p4,xiw,M3)^2*xiw^2*ufoGC58^2*ufoGC4^2
       + 1/4*g_(1,6_,nu10)*g_(2,6_,nu11)*Vec(nu10,p1)*Vec(nu11,p2)*Vec(nu12,p2
      )*Vec(nu12,p4)*Vec(nu14,p1)*Vec(nu14,p3)*Vec(nu13,p3)*Vec(nu13,p4)*Vec(
      nu16,p1)*Vec(nu16,p4)*Den(p3)^2*Deng(p1,xiw,M3)^2*Deng(p2,xiw,M3)^2*
      Deng(p4,xiw,M3)^2*xia*xiw^2*ufoGC58^2*ufoGC4^2
       - 1/4*g_(1,6_,nu10)*g_(2,6_,nu11)*Vec(nu10,p1)*Vec(nu11,p2)*Vec(nu12,p2
      )*Vec(nu12,p4)*Vec(nu14,p1)*Vec(nu14,p3)*Vec(nu13,p3)*Vec(nu13,p4)*Vec(
      nu16,p1)*Vec(nu16,p4)*Den(p3)^2*Deng(p1,xiw,M3)^2*Deng(p2,xiw,M3)^2*
      Deng(p4,xiw,M3)^2*xiw^2*ufoGC58^2*ufoGC4^2
       - 1/4*g_(1,6_,nu10)*g_(2,6_,nu11)*Vec(nu10,p1)*Vec(nu11,p2)*Vec(nu12,p2
      )*Vec(nu12,p4)*Vec(nu14,p1)*Vec(nu14,p3)*Vec(nu16,p1)*Vec(nu16,p4)*Vec(
      nu15,p3)*Vec(nu15,p4)*Den(p3)^2*Deng(p1,xiw,M3)^2*Deng(p2,xiw,M3)^2*
      Deng(p4,xiw,M3)^2*xia*xiw^2*ufoGC58^2*ufoGC4^2
       + 1/4*g_(1,6_,nu10)*g_(2,6_,nu11)*Vec(nu10,p1)*Vec(nu11,p2)*Vec(nu12,p2
      )*Vec(nu12,p4)*Vec(nu14,p1)*Vec(nu14,p3)*Vec(nu16,p1)*Vec(nu16,p4)*Vec(
      nu15,p3)*Vec(nu15,p4)*Den(p3)^2*Deng(p1,xiw,M3)^2*Deng(p2,xiw,M3)^2*
      Deng(p4,xiw,M3)^2*xiw^2*ufoGC58^2*ufoGC4^2
       + 1/4*g_(1,6_,nu10)*g_(2,6_,nu11)*Vec(nu10,p1)*Vec(nu11,p2)*Vec(nu12,p2
      )*Vec(nu12,p4)*Vec(nu14,p3)*Vec(nu14, - p4)*Vec(nu13,p3)*Vec(nu13, - p2)
      *Vec(nu16,p1)*Vec(nu16,p4)*Den(p3)^2*Deng(p1,xiw,M3)^2*Deng(p2,xiw,M3)^2
      *Deng(p4,xiw,M3)^2*xia*xiw^2*ufoGC58^2*ufoGC4^2
       - 1/4*g_(1,6_,nu10)*g_(2,6_,nu11)*Vec(nu10,p1)*Vec(nu11,p2)*Vec(nu12,p2
      )*Vec(nu12,p4)*Vec(nu14,p3)*Vec(nu14, - p4)*Vec(nu13,p3)*Vec(nu13, - p2)
      *Vec(nu16,p1)*Vec(nu16,p4)*Den(p3)^2*Deng(p1,xiw,M3)^2*Deng(p2,xiw,M3)^2
      *Deng(p4,xiw,M3)^2*xiw^2*ufoGC58^2*ufoGC4^2
       - 1/4*g_(1,6_,nu10)*g_(2,6_,nu11)*Vec(nu10,p1)*Vec(nu11,p2)*Vec(nu12,p2
      )*Vec(nu12,p4)*Vec(nu14,p3)*Vec(nu14, - p4)*Vec(nu13,p3)*Vec(nu13,p4)*
      Vec(nu16,p1)*Vec(nu16,p4)*Den(p3)^2*Deng(p1,xiw,M3)^2*Deng(p2,xiw,M3)^2*
      Deng(p4,xiw,M3)^2*xia*xiw^2*ufoGC58^2*ufoGC4^2
       + 1/4*g_(1,6_,nu10)*g_(2,6_,nu11)*Vec(nu10,p1)*Vec(nu11,p2)*Vec(nu12,p2
      )*Vec(nu12,p4)*Vec(nu14,p3)*Vec(nu14, - p4)*Vec(nu13,p3)*Vec(nu13,p4)*
      Vec(nu16,p1)*Vec(nu16,p4)*Den(p3)^2*Deng(p1,xiw,M3)^2*Deng(p2,xiw,M3)^2*
      Deng(p4,xiw,M3)^2*xiw^2*ufoGC58^2*ufoGC4^2
       + 1/4*g_(1,6_,nu10)*g_(2,6_,nu11)*Vec(nu10,p1)*Vec(nu11,p2)*Vec(nu12,p2
      )*Vec(nu12,p4)*Vec(nu14,p3)*Vec(nu14, - p4)*Vec(nu16,p1)*Vec(nu16,p4)*
      Vec(nu15,p3)*Vec(nu15,p4)*Den(p3)^2*Deng(p1,xiw,M3)^2*Deng(p2,xiw,M3)^2*
      Deng(p4,xiw,M3)^2*xia*xiw^2*ufoGC58^2*ufoGC4^2
       - 1/4*g_(1,6_,nu10)*g_(2,6_,nu11)*Vec(nu10,p1)*Vec(nu11,p2)*Vec(nu12,p2
      )*Vec(nu12,p4)*Vec(nu14,p3)*Vec(nu14, - p4)*Vec(nu16,p1)*Vec(nu16,p4)*
      Vec(nu15,p3)*Vec(nu15,p4)*Den(p3)^2*Deng(p1,xiw,M3)^2*Deng(p2,xiw,M3)^2*
      Deng(p4,xiw,M3)^2*xiw^2*ufoGC58^2*ufoGC4^2
       + 1/4*g_(1,6_,nu10)*g_(2,6_,nu11)*Vec(nu10,p1)*Vec(nu11,p2)*Vec(nu12,p2
      )*Vec(nu12,p4)*Vec(nu13, - p2)*Vec(nu13, - p4)*Vec(nu16,p1)*Vec(nu16,p4)
      *Den(p3)*Deng(p1,xiw,M3)^2*Deng(p2,xiw,M3)^2*Deng(p4,xiw,M3)^2*xiw^2*
      ufoGC58^2*ufoGC4^2
       - 1/4*g_(1,6_,nu10)*g_(2,6_,nu11)*Vec(nu10,p1)*Vec(nu11,p2)*Vec(nu12,p2
      )*Vec(nu12,p4)*Vec(nu13,p1)*Vec(nu13, - p2)*Vec(nu16,p4)*Vec(nu16, - p3)
      *Den(p3)*Deng(p1,xiw,M3)^2*Deng(p2,xiw,M3)^2*Deng(p4,xiw,M3)^2*xiw^2*
      ufoGC58^2*ufoGC4^2
       + 1/4*g_(1,6_,nu10)*g_(2,6_,nu11)*Vec(nu10,p1)*Vec(nu11,p2)*Vec(nu12,p2
      )*Vec(nu12,p4)*Vec(nu13,p1)*Vec(nu13,p4)*Vec(nu16,p4)*Vec(nu16, - p3)*
      Den(p3)*Deng(p1,xiw,M3)^2*Deng(p2,xiw,M3)^2*Deng(p4,xiw,M3)^2*xiw^2*
      ufoGC58^2*ufoGC4^2
       - 1/4*g_(1,6_,nu10)*g_(2,6_,nu11)*Vec(nu10,p1)*Vec(nu11,p2)*Vec(nu12,p2
      )*Vec(nu12,p4)*Vec(nu13,p4)*Vec(nu13, - p4)*Vec(nu16,p1)*Vec(nu16,p4)*
      Den(p3)*Deng(p1,xiw,M3)^2*Deng(p2,xiw,M3)^2*Deng(p4,xiw,M3)^2*xiw^2*
      ufoGC58^2*ufoGC4^2
       + 1/4*g_(1,6_,nu10)*g_(2,6_,nu11)*Vec(nu10,p1)*Vec(nu11,p2)*Vec(nu12,p2
      )*Vec(nu12,p4)*Vec(nu16,p1)*Vec(nu16,p4)*Vec(nu15,p4)*Vec(nu15, - p4)*
      Den(p3)*Deng(p1,xiw,M3)^2*Deng(p2,xiw,M3)^2*Deng(p4,xiw,M3)^2*xiw^2*
      ufoGC58^2*ufoGC4^2
       - 1/4*g_(1,6_,nu10)*g_(2,6_,nu11)*Vec(nu10,p1)*Vec(nu11,p2)*Vec(nu12,p2
      )*Vec(nu12,p4)*Vec(nu16,p4)*Vec(nu16, - p3)*Vec(nu15,p1)*Vec(nu15,p4)*
      Den(p3)*Deng(p1,xiw,M3)^2*Deng(p2,xiw,M3)^2*Deng(p4,xiw,M3)^2*xiw^2*
      ufoGC58^2*ufoGC4^2
       + 1/4*g_(1,6_,nu9)*g_(2,6_,nu11)*Vec(nu11,p2)*Vec(nu9, - p3)*Vec(nu12,
      p2)*Vec(nu12,p3)*Vec(nu16,p3)*Vec(nu16,p4)*Vec(nu15,p4)*Vec(nu15, - p2)*
      Den(p3)^2*Deng(p1,xiw,M3)*Deng(p2,xiw,M3)^2*Deng(p4,xiw,M3)^2*xia*xiw^2*
      ufoGC58^2*ufoGC4^2
       - 1/4*g_(1,6_,nu9)*g_(2,6_,nu11)*Vec(nu11,p2)*Vec(nu9, - p3)*Vec(nu12,
      p2)*Vec(nu12,p3)*Vec(nu16,p3)*Vec(nu16,p4)*Vec(nu15,p4)*Vec(nu15, - p2)*
      Den(p3)^2*Deng(p1,xiw,M3)*Deng(p2,xiw,M3)^2*Deng(p4,xiw,M3)^2*xiw^2*
      ufoGC58^2*ufoGC4^2
       + 1/4*g_(1,6_,nu9)*g_(2,6_,nu11)*Vec(nu11,p2)*Vec(nu9, - p3)*Vec(nu12,
      p2)*Vec(nu12,p3)*Vec(nu15,p4)^2*Den(p3)*Deng(p1,xiw,M3)*Deng(p2,xiw,M3)^
      2*Deng(p4,xiw,M3)^2*xiw^2*ufoGC58^2*ufoGC4^2
       - 1/4*g_(1,6_,nu9)*g_(2,6_,nu11)*Vec(nu11,p2)*Vec(nu9, - p3)*Vec(nu12,
      p2)*Vec(nu12,p4)*Vec(nu13,p3)*Vec(nu13, - p2)*Vec(nu16,p3)*Vec(nu16,p4)*
      Den(p3)^2*Deng(p1,xiw,M3)*Deng(p2,xiw,M3)^2*Deng(p4,xiw,M3)^2*xia*xiw^2*
      ufoGC58^2*ufoGC4^2
       + 1/4*g_(1,6_,nu9)*g_(2,6_,nu11)*Vec(nu11,p2)*Vec(nu9, - p3)*Vec(nu12,
      p2)*Vec(nu12,p4)*Vec(nu13,p3)*Vec(nu13, - p2)*Vec(nu16,p3)*Vec(nu16,p4)*
      Den(p3)^2*Deng(p1,xiw,M3)*Deng(p2,xiw,M3)^2*Deng(p4,xiw,M3)^2*xiw^2*
      ufoGC58^2*ufoGC4^2
       + 1/4*g_(1,6_,nu9)*g_(2,6_,nu11)*Vec(nu11,p2)*Vec(nu9, - p3)*Vec(nu12,
      p2)*Vec(nu12,p4)*Vec(nu13,p3)*Vec(nu13,p4)*Vec(nu16,p3)*Vec(nu16,p4)*
      Den(p3)^2*Deng(p1,xiw,M3)*Deng(p2,xiw,M3)^2*Deng(p4,xiw,M3)^2*xia*xiw^2*
      ufoGC58^2*ufoGC4^2
       - 1/4*g_(1,6_,nu9)*g_(2,6_,nu11)*Vec(nu11,p2)*Vec(nu9, - p3)*Vec(nu12,
      p2)*Vec(nu12,p4)*Vec(nu13,p3)*Vec(nu13,p4)*Vec(nu16,p3)*Vec(nu16,p4)*
      Den(p3)^2*Deng(p1,xiw,M3)*Deng(p2,xiw,M3)^2*Deng(p4,xiw,M3)^2*xiw^2*
      ufoGC58^2*ufoGC4^2
       - 1/4*g_(1,6_,nu9)*g_(2,6_,nu11)*Vec(nu11,p2)*Vec(nu9, - p3)*Vec(nu12,
      p2)*Vec(nu12,p4)*Vec(nu13,p4)*Vec(nu13, - p2)*Den(p3)*Deng(p1,xiw,M3)*
      Deng(p2,xiw,M3)^2*Deng(p4,xiw,M3)^2*xiw^2*ufoGC58^2*ufoGC4^2
       + 1/4*g_(1,6_,nu9)*g_(2,6_,nu11)*Vec(nu11,p2)*Vec(nu9, - p3)*Vec(nu12,
      p2)*Vec(nu12,p4)*Vec(nu13,p4)^2*Den(p3)*Deng(p1,xiw,M3)*Deng(p2,xiw,M3)^
      2*Deng(p4,xiw,M3)^2*xiw^2*ufoGC58^2*ufoGC4^2
       - 1/4*g_(1,6_,nu9)*g_(2,6_,nu11)*Vec(nu11,p2)*Vec(nu9, - p3)*Vec(nu12,
      p2)*Vec(nu12,p4)*Vec(nu16,p3)*Vec(nu16,p4)*Vec(nu15,p3)*Vec(nu15,p4)*
      Den(p3)^2*Deng(p1,xiw,M3)*Deng(p2,xiw,M3)^2*Deng(p4,xiw,M3)^2*xia*xiw^2*
      ufoGC58^2*ufoGC4^2
       + 1/4*g_(1,6_,nu9)*g_(2,6_,nu11)*Vec(nu11,p2)*Vec(nu9, - p3)*Vec(nu12,
      p2)*Vec(nu12,p4)*Vec(nu16,p3)*Vec(nu16,p4)*Vec(nu15,p3)*Vec(nu15,p4)*
      Den(p3)^2*Deng(p1,xiw,M3)*Deng(p2,xiw,M3)^2*Deng(p4,xiw,M3)^2*xiw^2*
      ufoGC58^2*ufoGC4^2
       - 1/4*g_(1,6_,nu9)*g_(2,6_,nu11)*Vec(nu11,p2)*Vec(nu9, - p3)*Vec(nu12,
      p2)*Vec(nu12,p4)*Vec(nu15,p3)*Vec(nu15,p4)*Den(p3)*Deng(p1,xiw,M3)*Deng(
      p2,xiw,M3)^2*Deng(p4,xiw,M3)^2*xiw^2*ufoGC58^2*ufoGC4^2
       + 1/4*g_(1,6_,nu9)*g_(2,6_,nu11)*Vec(nu11,p2)*Vec(nu9, - p3)*Vec(nu12,
      p2)*Vec(nu12,p4)*Vec(nu15,p4)*Vec(nu15, - p2)*Den(p3)*Deng(p1,xiw,M3)*
      Deng(p2,xiw,M3)^2*Deng(p4,xiw,M3)^2*xiw^2*ufoGC58^2*ufoGC4^2
       - 1/4*g_(1,6_,nu9)*g_(2,6_,nu11)*Vec(nu11,p2)*Vec(nu9, - p3)*Vec(nu12,
      p2)*Vec(nu12,p4)*Vec(nu15,p4)^2*Den(p3)*Deng(p1,xiw,M3)*Deng(p2,xiw,M3)^
      2*Deng(p4,xiw,M3)^2*xiw^2*ufoGC58^2*ufoGC4^2
       - 1/4*g_(1,6_,nu9)*g_(2,6_,nu11)*Vec(nu11,p2)*Vec(nu9, - p4)*Vec(nu12,
      p2)*Vec(nu12,p3)*Vec(nu16,p3)*Vec(nu16,p4)*Vec(nu15,p4)*Vec(nu15, - p2)*
      Den(p3)^2*Deng(p1,xiw,M3)*Deng(p2,xiw,M3)^2*Deng(p4,xiw,M3)^2*xia*xiw^2*
      ufoGC58^2*ufoGC4^2
       + 1/4*g_(1,6_,nu9)*g_(2,6_,nu11)*Vec(nu11,p2)*Vec(nu9, - p4)*Vec(nu12,
      p2)*Vec(nu12,p3)*Vec(nu16,p3)*Vec(nu16,p4)*Vec(nu15,p4)*Vec(nu15, - p2)*
      Den(p3)^2*Deng(p1,xiw,M3)*Deng(p2,xiw,M3)^2*Deng(p4,xiw,M3)^2*xiw^2*
      ufoGC58^2*ufoGC4^2
       - 1/4*g_(1,6_,nu9)*g_(2,6_,nu11)*Vec(nu11,p2)*Vec(nu9, - p4)*Vec(nu12,
      p2)*Vec(nu12,p3)*Vec(nu15,p4)^2*Den(p3)*Deng(p1,xiw,M3)*Deng(p2,xiw,M3)^
      2*Deng(p4,xiw,M3)^2*xiw^2*ufoGC58^2*ufoGC4^2
       + 1/4*g_(1,6_,nu9)*g_(2,6_,nu11)*Vec(nu11,p2)*Vec(nu9, - p4)*Vec(nu12,
      p2)*Vec(nu12,p4)*Vec(nu13,p3)*Vec(nu13, - p2)*Vec(nu16,p3)*Vec(nu16,p4)*
      Den(p3)^2*Deng(p1,xiw,M3)*Deng(p2,xiw,M3)^2*Deng(p4,xiw,M3)^2*xia*xiw^2*
      ufoGC58^2*ufoGC4^2
       - 1/4*g_(1,6_,nu9)*g_(2,6_,nu11)*Vec(nu11,p2)*Vec(nu9, - p4)*Vec(nu12,
      p2)*Vec(nu12,p4)*Vec(nu13,p3)*Vec(nu13, - p2)*Vec(nu16,p3)*Vec(nu16,p4)*
      Den(p3)^2*Deng(p1,xiw,M3)*Deng(p2,xiw,M3)^2*Deng(p4,xiw,M3)^2*xiw^2*
      ufoGC58^2*ufoGC4^2
       - 1/4*g_(1,6_,nu9)*g_(2,6_,nu11)*Vec(nu11,p2)*Vec(nu9, - p4)*Vec(nu12,
      p2)*Vec(nu12,p4)*Vec(nu13,p3)*Vec(nu13,p4)*Vec(nu16,p3)*Vec(nu16,p4)*
      Den(p3)^2*Deng(p1,xiw,M3)*Deng(p2,xiw,M3)^2*Deng(p4,xiw,M3)^2*xia*xiw^2*
      ufoGC58^2*ufoGC4^2
       + 1/4*g_(1,6_,nu9)*g_(2,6_,nu11)*Vec(nu11,p2)*Vec(nu9, - p4)*Vec(nu12,
      p2)*Vec(nu12,p4)*Vec(nu13,p3)*Vec(nu13,p4)*Vec(nu16,p3)*Vec(nu16,p4)*
      Den(p3)^2*Deng(p1,xiw,M3)*Deng(p2,xiw,M3)^2*Deng(p4,xiw,M3)^2*xiw^2*
      ufoGC58^2*ufoGC4^2
       + 1/4*g_(1,6_,nu9)*g_(2,6_,nu11)*Vec(nu11,p2)*Vec(nu9, - p4)*Vec(nu12,
      p2)*Vec(nu12,p4)*Vec(nu13,p4)*Vec(nu13, - p2)*Den(p3)*Deng(p1,xiw,M3)*
      Deng(p2,xiw,M3)^2*Deng(p4,xiw,M3)^2*xiw^2*ufoGC58^2*ufoGC4^2
       - 1/4*g_(1,6_,nu9)*g_(2,6_,nu11)*Vec(nu11,p2)*Vec(nu9, - p4)*Vec(nu12,
      p2)*Vec(nu12,p4)*Vec(nu13,p4)^2*Den(p3)*Deng(p1,xiw,M3)*Deng(p2,xiw,M3)^
      2*Deng(p4,xiw,M3)^2*xiw^2*ufoGC58^2*ufoGC4^2
       + 1/4*g_(1,6_,nu9)*g_(2,6_,nu11)*Vec(nu11,p2)*Vec(nu9, - p4)*Vec(nu12,
      p2)*Vec(nu12,p4)*Vec(nu16,p3)*Vec(nu16,p4)*Vec(nu15,p3)*Vec(nu15,p4)*
      Den(p3)^2*Deng(p1,xiw,M3)*Deng(p2,xiw,M3)^2*Deng(p4,xiw,M3)^2*xia*xiw^2*
      ufoGC58^2*ufoGC4^2
       - 1/4*g_(1,6_,nu9)*g_(2,6_,nu11)*Vec(nu11,p2)*Vec(nu9, - p4)*Vec(nu12,
      p2)*Vec(nu12,p4)*Vec(nu16,p3)*Vec(nu16,p4)*Vec(nu15,p3)*Vec(nu15,p4)*
      Den(p3)^2*Deng(p1,xiw,M3)*Deng(p2,xiw,M3)^2*Deng(p4,xiw,M3)^2*xiw^2*
      ufoGC58^2*ufoGC4^2
       + 1/4*g_(1,6_,nu9)*g_(2,6_,nu11)*Vec(nu11,p2)*Vec(nu9, - p4)*Vec(nu12,
      p2)*Vec(nu12,p4)*Vec(nu15,p3)*Vec(nu15,p4)*Den(p3)*Deng(p1,xiw,M3)*Deng(
      p2,xiw,M3)^2*Deng(p4,xiw,M3)^2*xiw^2*ufoGC58^2*ufoGC4^2
       - 1/4*g_(1,6_,nu9)*g_(2,6_,nu11)*Vec(nu11,p2)*Vec(nu9, - p4)*Vec(nu12,
      p2)*Vec(nu12,p4)*Vec(nu15,p4)*Vec(nu15, - p2)*Den(p3)*Deng(p1,xiw,M3)*
      Deng(p2,xiw,M3)^2*Deng(p4,xiw,M3)^2*xiw^2*ufoGC58^2*ufoGC4^2
       + 1/4*g_(1,6_,nu9)*g_(2,6_,nu11)*Vec(nu11,p2)*Vec(nu9, - p4)*Vec(nu12,
      p2)*Vec(nu12,p4)*Vec(nu15,p4)^2*Den(p3)*Deng(p1,xiw,M3)*Deng(p2,xiw,M3)^
      2*Deng(p4,xiw,M3)^2*xiw^2*ufoGC58^2*ufoGC4^2
       + 1/4*g_(1,6_,nu9)*g_(2,6_,nu11)*Vec(nu11,p2)*Vec(nu9,p3)*Vec(nu12,p2)*
      Vec(nu12,p3)*Vec(nu16,p1)*Vec(nu16,p4)*Vec(nu15,p4)*Vec(nu15, - p2)*Den(
      p3)^2*Deng(p1,xiw,M3)*Deng(p2,xiw,M3)^2*Deng(p4,xiw,M3)^2*xia*xiw^2*
      ufoGC58^2*ufoGC4^2
       - 1/4*g_(1,6_,nu9)*g_(2,6_,nu11)*Vec(nu11,p2)*Vec(nu9,p3)*Vec(nu12,p2)*
      Vec(nu12,p3)*Vec(nu16,p1)*Vec(nu16,p4)*Vec(nu15,p4)*Vec(nu15, - p2)*Den(
      p3)^2*Deng(p1,xiw,M3)*Deng(p2,xiw,M3)^2*Deng(p4,xiw,M3)^2*xiw^2*
      ufoGC58^2*ufoGC4^2
       - 1/4*g_(1,6_,nu9)*g_(2,6_,nu11)*Vec(nu11,p2)*Vec(nu9,p3)*Vec(nu12,p2)*
      Vec(nu12,p3)*Vec(nu16,p4)*Vec(nu16, - p3)*Vec(nu15,p4)*Vec(nu15, - p2)*
      Den(p3)^2*Deng(p1,xiw,M3)*Deng(p2,xiw,M3)^2*Deng(p4,xiw,M3)^2*xia*xiw^2*
      ufoGC58^2*ufoGC4^2
       + 1/4*g_(1,6_,nu9)*g_(2,6_,nu11)*Vec(nu11,p2)*Vec(nu9,p3)*Vec(nu12,p2)*
      Vec(nu12,p3)*Vec(nu16,p4)*Vec(nu16, - p3)*Vec(nu15,p4)*Vec(nu15, - p2)*
      Den(p3)^2*Deng(p1,xiw,M3)*Deng(p2,xiw,M3)^2*Deng(p4,xiw,M3)^2*xiw^2*
      ufoGC58^2*ufoGC4^2
       - 1/4*g_(1,6_,nu9)*g_(2,6_,nu11)*Vec(nu11,p2)*Vec(nu9,p3)*Vec(nu12,p2)*
      Vec(nu12,p4)*Vec(nu13,p3)*Vec(nu13, - p2)*Vec(nu16,p1)*Vec(nu16,p4)*Den(
      p3)^2*Deng(p1,xiw,M3)*Deng(p2,xiw,M3)^2*Deng(p4,xiw,M3)^2*xia*xiw^2*
      ufoGC58^2*ufoGC4^2
       + 1/4*g_(1,6_,nu9)*g_(2,6_,nu11)*Vec(nu11,p2)*Vec(nu9,p3)*Vec(nu12,p2)*
      Vec(nu12,p4)*Vec(nu13,p3)*Vec(nu13, - p2)*Vec(nu16,p1)*Vec(nu16,p4)*Den(
      p3)^2*Deng(p1,xiw,M3)*Deng(p2,xiw,M3)^2*Deng(p4,xiw,M3)^2*xiw^2*
      ufoGC58^2*ufoGC4^2
       + 1/4*g_(1,6_,nu9)*g_(2,6_,nu11)*Vec(nu11,p2)*Vec(nu9,p3)*Vec(nu12,p2)*
      Vec(nu12,p4)*Vec(nu13,p3)*Vec(nu13, - p2)*Vec(nu16,p4)*Vec(nu16, - p3)*
      Den(p3)^2*Deng(p1,xiw,M3)*Deng(p2,xiw,M3)^2*Deng(p4,xiw,M3)^2*xia*xiw^2*
      ufoGC58^2*ufoGC4^2
       - 1/4*g_(1,6_,nu9)*g_(2,6_,nu11)*Vec(nu11,p2)*Vec(nu9,p3)*Vec(nu12,p2)*
      Vec(nu12,p4)*Vec(nu13,p3)*Vec(nu13, - p2)*Vec(nu16,p4)*Vec(nu16, - p3)*
      Den(p3)^2*Deng(p1,xiw,M3)*Deng(p2,xiw,M3)^2*Deng(p4,xiw,M3)^2*xiw^2*
      ufoGC58^2*ufoGC4^2
       + 1/4*g_(1,6_,nu9)*g_(2,6_,nu11)*Vec(nu11,p2)*Vec(nu9,p3)*Vec(nu12,p2)*
      Vec(nu12,p4)*Vec(nu13,p3)*Vec(nu13,p4)*Vec(nu16,p1)*Vec(nu16,p4)*Den(p3)
      ^2*Deng(p1,xiw,M3)*Deng(p2,xiw,M3)^2*Deng(p4,xiw,M3)^2*xia*xiw^2*
      ufoGC58^2*ufoGC4^2
       - 1/4*g_(1,6_,nu9)*g_(2,6_,nu11)*Vec(nu11,p2)*Vec(nu9,p3)*Vec(nu12,p2)*
      Vec(nu12,p4)*Vec(nu13,p3)*Vec(nu13,p4)*Vec(nu16,p1)*Vec(nu16,p4)*Den(p3)
      ^2*Deng(p1,xiw,M3)*Deng(p2,xiw,M3)^2*Deng(p4,xiw,M3)^2*xiw^2*ufoGC58^2*
      ufoGC4^2
       - 1/4*g_(1,6_,nu9)*g_(2,6_,nu11)*Vec(nu11,p2)*Vec(nu9,p3)*Vec(nu12,p2)*
      Vec(nu12,p4)*Vec(nu13,p3)*Vec(nu13,p4)*Vec(nu16,p4)*Vec(nu16, - p3)*Den(
      p3)^2*Deng(p1,xiw,M3)*Deng(p2,xiw,M3)^2*Deng(p4,xiw,M3)^2*xia*xiw^2*
      ufoGC58^2*ufoGC4^2
       + 1/4*g_(1,6_,nu9)*g_(2,6_,nu11)*Vec(nu11,p2)*Vec(nu9,p3)*Vec(nu12,p2)*
      Vec(nu12,p4)*Vec(nu13,p3)*Vec(nu13,p4)*Vec(nu16,p4)*Vec(nu16, - p3)*Den(
      p3)^2*Deng(p1,xiw,M3)*Deng(p2,xiw,M3)^2*Deng(p4,xiw,M3)^2*xiw^2*
      ufoGC58^2*ufoGC4^2
       - 1/4*g_(1,6_,nu9)*g_(2,6_,nu11)*Vec(nu11,p2)*Vec(nu9,p3)*Vec(nu12,p2)*
      Vec(nu12,p4)*Vec(nu16,p1)*Vec(nu16,p4)*Vec(nu15,p3)*Vec(nu15,p4)*Den(p3)
      ^2*Deng(p1,xiw,M3)*Deng(p2,xiw,M3)^2*Deng(p4,xiw,M3)^2*xia*xiw^2*
      ufoGC58^2*ufoGC4^2
       + 1/4*g_(1,6_,nu9)*g_(2,6_,nu11)*Vec(nu11,p2)*Vec(nu9,p3)*Vec(nu12,p2)*
      Vec(nu12,p4)*Vec(nu16,p1)*Vec(nu16,p4)*Vec(nu15,p3)*Vec(nu15,p4)*Den(p3)
      ^2*Deng(p1,xiw,M3)*Deng(p2,xiw,M3)^2*Deng(p4,xiw,M3)^2*xiw^2*ufoGC58^2*
      ufoGC4^2
       + 1/4*g_(1,6_,nu9)*g_(2,6_,nu11)*Vec(nu11,p2)*Vec(nu9,p3)*Vec(nu12,p2)*
      Vec(nu12,p4)*Vec(nu16,p4)*Vec(nu16, - p3)*Vec(nu15,p3)*Vec(nu15,p4)*Den(
      p3)^2*Deng(p1,xiw,M3)*Deng(p2,xiw,M3)^2*Deng(p4,xiw,M3)^2*xia*xiw^2*
      ufoGC58^2*ufoGC4^2
       - 1/4*g_(1,6_,nu9)*g_(2,6_,nu11)*Vec(nu11,p2)*Vec(nu9,p3)*Vec(nu12,p2)*
      Vec(nu12,p4)*Vec(nu16,p4)*Vec(nu16, - p3)*Vec(nu15,p3)*Vec(nu15,p4)*Den(
      p3)^2*Deng(p1,xiw,M3)*Deng(p2,xiw,M3)^2*Deng(p4,xiw,M3)^2*xiw^2*
      ufoGC58^2*ufoGC4^2
       - 1/4*g_(1,6_,nu12)*g_(2,6_,nu11)*Vec(nu11,p2)*Vec(nu12,p2)*Vec(nu16,p1
      )*Vec(nu16,p4)*Vec(nu15,p3)*Vec(nu15,p4)*Den(p3)*Deng(p1,xiw,M3)*Deng(p2
      ,xiw,M3)^2*Deng(p4,xiw,M3)^2*xiw^2*ufoGC58^2*ufoGC4^2
       + 1/4*g_(1,6_,nu12)*g_(2,6_,nu11)*Vec(nu11,p2)*Vec(nu12,p2)*Vec(nu16,p1
      )*Vec(nu16,p4)*Vec(nu15,p4)*Vec(nu15, - p2)*Den(p3)*Deng(p1,xiw,M3)*
      Deng(p2,xiw,M3)^2*Deng(p4,xiw,M3)^2*xiw^2*ufoGC58^2*ufoGC4^2
       + 1/4*g_(1,6_,nu12)*g_(2,6_,nu11)*Vec(nu11,p2)*Vec(nu12,p2)*Vec(nu16,p4
      )*Vec(nu16, - p3)*Vec(nu15,p3)*Vec(nu15,p4)*Den(p3)*Deng(p1,xiw,M3)*
      Deng(p2,xiw,M3)^2*Deng(p4,xiw,M3)^2*xiw^2*ufoGC58^2*ufoGC4^2
       - 1/4*g_(1,6_,nu12)*g_(2,6_,nu11)*Vec(nu11,p2)*Vec(nu12,p2)*Vec(nu16,p4
      )*Vec(nu16, - p3)*Vec(nu15,p4)*Vec(nu15, - p2)*Den(p3)*Deng(p1,xiw,M3)*
      Deng(p2,xiw,M3)^2*Deng(p4,xiw,M3)^2*xiw^2*ufoGC58^2*ufoGC4^2
       - 1/4*g_(1,6_,nu13)*g_(2,6_,nu11)*Vec(nu11,p2)*Vec(nu12,p2)*Vec(nu12,p4
      )*Vec(nu13, - p2)*Vec(nu16,p1)*Vec(nu16,p4)*Den(p3)*Deng(p1,xiw,M3)*
      Deng(p2,xiw,M3)^2*Deng(p4,xiw,M3)^2*xiw^2*ufoGC58^2*ufoGC4^2
       + 1/4*g_(1,6_,nu13)*g_(2,6_,nu11)*Vec(nu11,p2)*Vec(nu12,p2)*Vec(nu12,p4
      )*Vec(nu13, - p2)*Vec(nu16,p4)*Vec(nu16, - p3)*Den(p3)*Deng(p1,xiw,M3)*
      Deng(p2,xiw,M3)^2*Deng(p4,xiw,M3)^2*xiw^2*ufoGC58^2*ufoGC4^2
       + 1/4*g_(1,6_,nu13)*g_(2,6_,nu11)*Vec(nu11,p2)*Vec(nu12,p2)*Vec(nu12,p4
      )*Vec(nu13,p4)*Vec(nu16,p1)*Vec(nu16,p4)*Den(p3)*Deng(p1,xiw,M3)*Deng(p2
      ,xiw,M3)^2*Deng(p4,xiw,M3)^2*xiw^2*ufoGC58^2*ufoGC4^2
       - 1/4*g_(1,6_,nu13)*g_(2,6_,nu11)*Vec(nu11,p2)*Vec(nu12,p2)*Vec(nu12,p4
      )*Vec(nu13,p4)*Vec(nu16,p4)*Vec(nu16, - p3)*Den(p3)*Deng(p1,xiw,M3)*
      Deng(p2,xiw,M3)^2*Deng(p4,xiw,M3)^2*xiw^2*ufoGC58^2*ufoGC4^2
       + 1/4*g_(1,6_,nu16)*g_(2,6_,nu11)*Vec(nu11,p2)*Vec(nu12,p1)*Vec(nu12,p2
      )*Vec(nu16,p4)*Vec(nu15,p3)*Vec(nu15,p4)*Den(p3)*Deng(p1,xiw,M3)*Deng(p2
      ,xiw,M3)^2*Deng(p4,xiw,M3)^2*xiw^2*ufoGC58^2*ufoGC4^2
       - 1/4*g_(1,6_,nu16)*g_(2,6_,nu11)*Vec(nu11,p2)*Vec(nu12,p1)*Vec(nu12,p2
      )*Vec(nu16,p4)*Vec(nu15,p4)*Vec(nu15, - p2)*Den(p3)*Deng(p1,xiw,M3)*
      Deng(p2,xiw,M3)^2*Deng(p4,xiw,M3)^2*xiw^2*ufoGC58^2*ufoGC4^2
       - 1/4*g_(1,6_,nu16)*g_(2,6_,nu11)*Vec(nu11,p2)*Vec(nu12,p2)*Vec(nu12,
       - p4)*Vec(nu16,p4)*Vec(nu15,p3)*Vec(nu15,p4)*Den(p3)*Deng(p1,xiw,M3)*
      Deng(p2,xiw,M3)^2*Deng(p4,xiw,M3)^2*xiw^2*ufoGC58^2*ufoGC4^2
       + 1/4*g_(1,6_,nu16)*g_(2,6_,nu11)*Vec(nu11,p2)*Vec(nu12,p2)*Vec(nu12,
       - p4)*Vec(nu16,p4)*Vec(nu15,p4)*Vec(nu15, - p2)*Den(p3)*Deng(p1,xiw,M3)
      *Deng(p2,xiw,M3)^2*Deng(p4,xiw,M3)^2*xiw^2*ufoGC58^2*ufoGC4^2
       - 1/4*g_(1,6_,nu16)*g_(2,6_,nu11)*Vec(nu11,p2)*Vec(nu12,p2)*Vec(nu12,p3
      )*Vec(nu14,p1)*Vec(nu14,p3)*Vec(nu16,p4)*Vec(nu15,p4)*Vec(nu15, - p2)*
      Den(p3)^2*Deng(p1,xiw,M3)*Deng(p2,xiw,M3)^2*Deng(p4,xiw,M3)^2*xia*xiw^2*
      ufoGC58^2*ufoGC4^2
       + 1/4*g_(1,6_,nu16)*g_(2,6_,nu11)*Vec(nu11,p2)*Vec(nu12,p2)*Vec(nu12,p3
      )*Vec(nu14,p1)*Vec(nu14,p3)*Vec(nu16,p4)*Vec(nu15,p4)*Vec(nu15, - p2)*
      Den(p3)^2*Deng(p1,xiw,M3)*Deng(p2,xiw,M3)^2*Deng(p4,xiw,M3)^2*xiw^2*
      ufoGC58^2*ufoGC4^2
       + 1/4*g_(1,6_,nu16)*g_(2,6_,nu11)*Vec(nu11,p2)*Vec(nu12,p2)*Vec(nu12,p3
      )*Vec(nu14,p3)*Vec(nu14, - p4)*Vec(nu16,p4)*Vec(nu15,p4)*Vec(nu15, - p2)
      *Den(p3)^2*Deng(p1,xiw,M3)*Deng(p2,xiw,M3)^2*Deng(p4,xiw,M3)^2*xia*xiw^2
      *ufoGC58^2*ufoGC4^2
       - 1/4*g_(1,6_,nu16)*g_(2,6_,nu11)*Vec(nu11,p2)*Vec(nu12,p2)*Vec(nu12,p3
      )*Vec(nu14,p3)*Vec(nu14, - p4)*Vec(nu16,p4)*Vec(nu15,p4)*Vec(nu15, - p2)
      *Den(p3)^2*Deng(p1,xiw,M3)*Deng(p2,xiw,M3)^2*Deng(p4,xiw,M3)^2*xiw^2*
      ufoGC58^2*ufoGC4^2
       - 1/4*g_(1,6_,nu16)*g_(2,6_,nu11)*Vec(nu11,p2)*Vec(nu12,p2)*Vec(nu12,p3
      )*Vec(nu16,p4)*Vec(nu15,p1)*Vec(nu15,p4)*Den(p3)*Deng(p1,xiw,M3)*Deng(p2
      ,xiw,M3)^2*Deng(p4,xiw,M3)^2*xiw^2*ufoGC58^2*ufoGC4^2
       + 1/4*g_(1,6_,nu16)*g_(2,6_,nu11)*Vec(nu11,p2)*Vec(nu12,p2)*Vec(nu12,p3
      )*Vec(nu16,p4)*Vec(nu15,p4)*Vec(nu15, - p4)*Den(p3)*Deng(p1,xiw,M3)*
      Deng(p2,xiw,M3)^2*Deng(p4,xiw,M3)^2*xiw^2*ufoGC58^2*ufoGC4^2
       + 1/4*g_(1,6_,nu16)*g_(2,6_,nu11)*Vec(nu11,p2)*Vec(nu12,p2)*Vec(nu12,p4
      )*Vec(nu14,p1)*Vec(nu14,p3)*Vec(nu13,p3)*Vec(nu13, - p2)*Vec(nu16,p4)*
      Den(p3)^2*Deng(p1,xiw,M3)*Deng(p2,xiw,M3)^2*Deng(p4,xiw,M3)^2*xia*xiw^2*
      ufoGC58^2*ufoGC4^2
       - 1/4*g_(1,6_,nu16)*g_(2,6_,nu11)*Vec(nu11,p2)*Vec(nu12,p2)*Vec(nu12,p4
      )*Vec(nu14,p1)*Vec(nu14,p3)*Vec(nu13,p3)*Vec(nu13, - p2)*Vec(nu16,p4)*
      Den(p3)^2*Deng(p1,xiw,M3)*Deng(p2,xiw,M3)^2*Deng(p4,xiw,M3)^2*xiw^2*
      ufoGC58^2*ufoGC4^2
       - 1/4*g_(1,6_,nu16)*g_(2,6_,nu11)*Vec(nu11,p2)*Vec(nu12,p2)*Vec(nu12,p4
      )*Vec(nu14,p1)*Vec(nu14,p3)*Vec(nu13,p3)*Vec(nu13,p4)*Vec(nu16,p4)*Den(
      p3)^2*Deng(p1,xiw,M3)*Deng(p2,xiw,M3)^2*Deng(p4,xiw,M3)^2*xia*xiw^2*
      ufoGC58^2*ufoGC4^2
       + 1/4*g_(1,6_,nu16)*g_(2,6_,nu11)*Vec(nu11,p2)*Vec(nu12,p2)*Vec(nu12,p4
      )*Vec(nu14,p1)*Vec(nu14,p3)*Vec(nu13,p3)*Vec(nu13,p4)*Vec(nu16,p4)*Den(
      p3)^2*Deng(p1,xiw,M3)*Deng(p2,xiw,M3)^2*Deng(p4,xiw,M3)^2*xiw^2*
      ufoGC58^2*ufoGC4^2
       + 1/4*g_(1,6_,nu16)*g_(2,6_,nu11)*Vec(nu11,p2)*Vec(nu12,p2)*Vec(nu12,p4
      )*Vec(nu14,p1)*Vec(nu14,p3)*Vec(nu16,p4)*Vec(nu15,p3)*Vec(nu15,p4)*Den(
      p3)^2*Deng(p1,xiw,M3)*Deng(p2,xiw,M3)^2*Deng(p4,xiw,M3)^2*xia*xiw^2*
      ufoGC58^2*ufoGC4^2
       - 1/4*g_(1,6_,nu16)*g_(2,6_,nu11)*Vec(nu11,p2)*Vec(nu12,p2)*Vec(nu12,p4
      )*Vec(nu14,p1)*Vec(nu14,p3)*Vec(nu16,p4)*Vec(nu15,p3)*Vec(nu15,p4)*Den(
      p3)^2*Deng(p1,xiw,M3)*Deng(p2,xiw,M3)^2*Deng(p4,xiw,M3)^2*xiw^2*
      ufoGC58^2*ufoGC4^2
       - 1/4*g_(1,6_,nu16)*g_(2,6_,nu11)*Vec(nu11,p2)*Vec(nu12,p2)*Vec(nu12,p4
      )*Vec(nu14,p3)*Vec(nu14, - p4)*Vec(nu13,p3)*Vec(nu13, - p2)*Vec(nu16,p4)
      *Den(p3)^2*Deng(p1,xiw,M3)*Deng(p2,xiw,M3)^2*Deng(p4,xiw,M3)^2*xia*xiw^2
      *ufoGC58^2*ufoGC4^2
       + 1/4*g_(1,6_,nu16)*g_(2,6_,nu11)*Vec(nu11,p2)*Vec(nu12,p2)*Vec(nu12,p4
      )*Vec(nu14,p3)*Vec(nu14, - p4)*Vec(nu13,p3)*Vec(nu13, - p2)*Vec(nu16,p4)
      *Den(p3)^2*Deng(p1,xiw,M3)*Deng(p2,xiw,M3)^2*Deng(p4,xiw,M3)^2*xiw^2*
      ufoGC58^2*ufoGC4^2
       + 1/4*g_(1,6_,nu16)*g_(2,6_,nu11)*Vec(nu11,p2)*Vec(nu12,p2)*Vec(nu12,p4
      )*Vec(nu14,p3)*Vec(nu14, - p4)*Vec(nu13,p3)*Vec(nu13,p4)*Vec(nu16,p4)*
      Den(p3)^2*Deng(p1,xiw,M3)*Deng(p2,xiw,M3)^2*Deng(p4,xiw,M3)^2*xia*xiw^2*
      ufoGC58^2*ufoGC4^2
       - 1/4*g_(1,6_,nu16)*g_(2,6_,nu11)*Vec(nu11,p2)*Vec(nu12,p2)*Vec(nu12,p4
      )*Vec(nu14,p3)*Vec(nu14, - p4)*Vec(nu13,p3)*Vec(nu13,p4)*Vec(nu16,p4)*
      Den(p3)^2*Deng(p1,xiw,M3)*Deng(p2,xiw,M3)^2*Deng(p4,xiw,M3)^2*xiw^2*
      ufoGC58^2*ufoGC4^2
       - 1/4*g_(1,6_,nu16)*g_(2,6_,nu11)*Vec(nu11,p2)*Vec(nu12,p2)*Vec(nu12,p4
      )*Vec(nu14,p3)*Vec(nu14, - p4)*Vec(nu16,p4)*Vec(nu15,p3)*Vec(nu15,p4)*
      Den(p3)^2*Deng(p1,xiw,M3)*Deng(p2,xiw,M3)^2*Deng(p4,xiw,M3)^2*xia*xiw^2*
      ufoGC58^2*ufoGC4^2
       + 1/4*g_(1,6_,nu16)*g_(2,6_,nu11)*Vec(nu11,p2)*Vec(nu12,p2)*Vec(nu12,p4
      )*Vec(nu14,p3)*Vec(nu14, - p4)*Vec(nu16,p4)*Vec(nu15,p3)*Vec(nu15,p4)*
      Den(p3)^2*Deng(p1,xiw,M3)*Deng(p2,xiw,M3)^2*Deng(p4,xiw,M3)^2*xiw^2*
      ufoGC58^2*ufoGC4^2
       - 1/4*g_(1,6_,nu16)*g_(2,6_,nu11)*Vec(nu11,p2)*Vec(nu12,p2)*Vec(nu12,p4
      )*Vec(nu13, - p2)*Vec(nu13, - p4)*Vec(nu16,p4)*Den(p3)*Deng(p1,xiw,M3)*
      Deng(p2,xiw,M3)^2*Deng(p4,xiw,M3)^2*xiw^2*ufoGC58^2*ufoGC4^2
       + 1/4*g_(1,6_,nu16)*g_(2,6_,nu11)*Vec(nu11,p2)*Vec(nu12,p2)*Vec(nu12,p4
      )*Vec(nu13,p1)*Vec(nu13, - p2)*Vec(nu16,p4)*Den(p3)*Deng(p1,xiw,M3)*
      Deng(p2,xiw,M3)^2*Deng(p4,xiw,M3)^2*xiw^2*ufoGC58^2*ufoGC4^2
       - 1/4*g_(1,6_,nu16)*g_(2,6_,nu11)*Vec(nu11,p2)*Vec(nu12,p2)*Vec(nu12,p4
      )*Vec(nu13,p1)*Vec(nu13,p4)*Vec(nu16,p4)*Den(p3)*Deng(p1,xiw,M3)*Deng(p2
      ,xiw,M3)^2*Deng(p4,xiw,M3)^2*xiw^2*ufoGC58^2*ufoGC4^2
       + 1/4*g_(1,6_,nu16)*g_(2,6_,nu11)*Vec(nu11,p2)*Vec(nu12,p2)*Vec(nu12,p4
      )*Vec(nu13,p4)*Vec(nu13, - p4)*Vec(nu16,p4)*Den(p3)*Deng(p1,xiw,M3)*
      Deng(p2,xiw,M3)^2*Deng(p4,xiw,M3)^2*xiw^2*ufoGC58^2*ufoGC4^2
       + 1/4*g_(1,6_,nu16)*g_(2,6_,nu11)*Vec(nu11,p2)*Vec(nu12,p2)*Vec(nu12,p4
      )*Vec(nu16,p4)*Vec(nu15,p1)*Vec(nu15,p4)*Den(p3)*Deng(p1,xiw,M3)*Deng(p2
      ,xiw,M3)^2*Deng(p4,xiw,M3)^2*xiw^2*ufoGC58^2*ufoGC4^2
       - 1/4*g_(1,6_,nu16)*g_(2,6_,nu11)*Vec(nu11,p2)*Vec(nu12,p2)*Vec(nu12,p4
      )*Vec(nu16,p4)*Vec(nu15,p4)*Vec(nu15, - p4)*Den(p3)*Deng(p1,xiw,M3)*
      Deng(p2,xiw,M3)^2*Deng(p4,xiw,M3)^2*xiw^2*ufoGC58^2*ufoGC4^2
       + 1/4*g_(1,6_,nu15)*g_(2,6_,nu11)*Vec(nu11,p2)*Vec(nu12,p2)*Vec(nu12,p3
      )*Vec(nu16,p1)*Vec(nu16,p4)*Vec(nu15,p4)*Den(p3)*Deng(p1,xiw,M3)*Deng(p2
      ,xiw,M3)^2*Deng(p4,xiw,M3)^2*xiw^2*ufoGC58^2*ufoGC4^2
       - 1/4*g_(1,6_,nu15)*g_(2,6_,nu11)*Vec(nu11,p2)*Vec(nu12,p2)*Vec(nu12,p3
      )*Vec(nu16,p4)*Vec(nu16, - p3)*Vec(nu15,p4)*Den(p3)*Deng(p1,xiw,M3)*
      Deng(p2,xiw,M3)^2*Deng(p4,xiw,M3)^2*xiw^2*ufoGC58^2*ufoGC4^2
       - 1/4*g_(1,6_,nu15)*g_(2,6_,nu11)*Vec(nu11,p2)*Vec(nu12,p2)*Vec(nu12,p4
      )*Vec(nu16,p1)*Vec(nu16,p4)*Vec(nu15,p4)*Den(p3)*Deng(p1,xiw,M3)*Deng(p2
      ,xiw,M3)^2*Deng(p4,xiw,M3)^2*xiw^2*ufoGC58^2*ufoGC4^2
       + 1/4*g_(1,6_,nu15)*g_(2,6_,nu11)*Vec(nu11,p2)*Vec(nu12,p2)*Vec(nu12,p4
      )*Vec(nu16,p4)*Vec(nu16, - p3)*Vec(nu15,p4)*Den(p3)*Deng(p1,xiw,M3)*
      Deng(p2,xiw,M3)^2*Deng(p4,xiw,M3)^2*xiw^2*ufoGC58^2*ufoGC4^2
      ;

  0.01 sec out of 0.01 sec
