FORM 5.0.0-beta.1 (Jan 15 2026, v5.0.0-beta.1-292-g4341c63)  Run: Wed Feb 11 13:45:52 2026
    #-

   d1l194amp =
       - 1/4*g_(1,6_,nu10)*g_(2,6_,nu16)*cFT(p4 + q3,XX,j11,j12)*auxGamma(nu13
      ,i2,iufo11)*auxPL(iufo11,j11)*flavourTag(fmu,j11,j12)*Mom(nu9, - p4 - q2
       - q3)*Vec(nu10,q2)*Vec(nu16,p4)*Vec(nu13,p4 + q2 + q3)*Vec(nu9,q2)*Vec(
      nu15,p4)*Vec(nu15,p4 + q2 + q3)*Deng(p4,xiz,M4)^2*Deng(q2 + q3,xiw,M3)^2
      *Deng(p4 + q2 + q3,xiw,M3)^2*xiw^2*xiz*ufoGC58^2*ufoGC69*ufoGC80
       - 1/4*g_(1,6_,nu10)*g_(2,6_,nu16)*cFT(p4 + q3,XX,j11,j12)*auxGamma(nu13
      ,i2,iufo11)*auxPL(iufo11,j11)*flavourTag(fmu,j11,j12)*Mom(nu9, - p4 - q2
       - q3)*Vec(nu10,q2)*Vec(nu16,p4)*Vec(nu13,p4 + q2 + q3)*Vec(nu9,q3)*Vec(
      nu15,p4)*Vec(nu15,p4 + q2 + q3)*Deng(p4,xiz,M4)^2*Deng(q2 + q3,xiw,M3)^2
      *Deng(p4 + q2 + q3,xiw,M3)^2*xiw^2*xiz*ufoGC58^2*ufoGC69*ufoGC80
       - 1/4*g_(1,6_,nu10)*g_(2,6_,nu16)*cFT(p4 + q3,XX,j11,j12)*auxGamma(nu13
      ,i2,iufo11)*auxPL(iufo11,j11)*flavourTag(fmu,j11,j12)*Mom(nu9, - p4 - q2
       - q3)*Vec(nu10,q3)*Vec(nu16,p4)*Vec(nu13,p4 + q2 + q3)*Vec(nu9,q2)*Vec(
      nu15,p4)*Vec(nu15,p4 + q2 + q3)*Deng(p4,xiz,M4)^2*Deng(q2 + q3,xiw,M3)^2
      *Deng(p4 + q2 + q3,xiw,M3)^2*xiw^2*xiz*ufoGC58^2*ufoGC69*ufoGC80
       - 1/4*g_(1,6_,nu10)*g_(2,6_,nu16)*cFT(p4 + q3,XX,j11,j12)*auxGamma(nu13
      ,i2,iufo11)*auxPL(iufo11,j11)*flavourTag(fmu,j11,j12)*Mom(nu9, - p4 - q2
       - q3)*Vec(nu10,q3)*Vec(nu16,p4)*Vec(nu13,p4 + q2 + q3)*Vec(nu9,q3)*Vec(
      nu15,p4)*Vec(nu15,p4 + q2 + q3)*Deng(p4,xiz,M4)^2*Deng(q2 + q3,xiw,M3)^2
      *Deng(p4 + q2 + q3,xiw,M3)^2*xiw^2*xiz*ufoGC58^2*ufoGC69*ufoGC80
       + 1/4*g_(1,6_,nu10)*g_(2,6_,nu16)*cFT(p4 + q3,XX,j11,j12)*auxGamma(nu13
      ,i2,iufo11)*auxPL(iufo11,j11)*flavourTag(fmu,j11,j12)*Mom(nu9,p4)*Vec(
      nu10,q2)*Vec(nu16,p4)*Vec(nu13,p4 + q2 + q3)*Vec(nu9,q2)*Vec(nu15,p4)*
      Vec(nu15,p4 + q2 + q3)*Deng(p4,xiz,M4)^2*Deng(q2 + q3,xiw,M3)^2*Deng(p4
       + q2 + q3,xiw,M3)^2*xiw^2*xiz*ufoGC58^2*ufoGC69*ufoGC80
       + 1/4*g_(1,6_,nu10)*g_(2,6_,nu16)*cFT(p4 + q3,XX,j11,j12)*auxGamma(nu13
      ,i2,iufo11)*auxPL(iufo11,j11)*flavourTag(fmu,j11,j12)*Mom(nu9,p4)*Vec(
      nu10,q2)*Vec(nu16,p4)*Vec(nu13,p4 + q2 + q3)*Vec(nu9,q3)*Vec(nu15,p4)*
      Vec(nu15,p4 + q2 + q3)*Deng(p4,xiz,M4)^2*Deng(q2 + q3,xiw,M3)^2*Deng(p4
       + q2 + q3,xiw,M3)^2*xiw^2*xiz*ufoGC58^2*ufoGC69*ufoGC80
       + 1/4*g_(1,6_,nu10)*g_(2,6_,nu16)*cFT(p4 + q3,XX,j11,j12)*auxGamma(nu13
      ,i2,iufo11)*auxPL(iufo11,j11)*flavourTag(fmu,j11,j12)*Mom(nu9,p4)*Vec(
      nu10,q3)*Vec(nu16,p4)*Vec(nu13,p4 + q2 + q3)*Vec(nu9,q2)*Vec(nu15,p4)*
      Vec(nu15,p4 + q2 + q3)*Deng(p4,xiz,M4)^2*Deng(q2 + q3,xiw,M3)^2*Deng(p4
       + q2 + q3,xiw,M3)^2*xiw^2*xiz*ufoGC58^2*ufoGC69*ufoGC80
       + 1/4*g_(1,6_,nu10)*g_(2,6_,nu16)*cFT(p4 + q3,XX,j11,j12)*auxGamma(nu13
      ,i2,iufo11)*auxPL(iufo11,j11)*flavourTag(fmu,j11,j12)*Mom(nu9,p4)*Vec(
      nu10,q3)*Vec(nu16,p4)*Vec(nu13,p4 + q2 + q3)*Vec(nu9,q3)*Vec(nu15,p4)*
      Vec(nu15,p4 + q2 + q3)*Deng(p4,xiz,M4)^2*Deng(q2 + q3,xiw,M3)^2*Deng(p4
       + q2 + q3,xiw,M3)^2*xiw^2*xiz*ufoGC58^2*ufoGC69*ufoGC80
       + 1/4*g_(1,6_,nu10)*g_(2,6_,nu16)*cFT(p4 + q3,XX,j11,j12)*auxGamma(nu13
      ,i2,iufo11)*auxPL(iufo11,j11)*flavourTag(fmu,j11,j12)*Mom(nu14,q2 + q3)*
      Vec(nu10,q2)*Vec(nu16,p4)*Vec(nu13,p4 + q2 + q3)*Vec(nu14,p4 + q2 + q3)*
      Vec(nu15,p4)*Vec(nu15,q2)*Deng(p4,xiz,M4)^2*Deng(q2 + q3,xiw,M3)^2*Deng(
      p4 + q2 + q3,xiw,M3)^2*xiw^2*xiz*ufoGC58^2*ufoGC69*ufoGC80
       + 1/4*g_(1,6_,nu10)*g_(2,6_,nu16)*cFT(p4 + q3,XX,j11,j12)*auxGamma(nu13
      ,i2,iufo11)*auxPL(iufo11,j11)*flavourTag(fmu,j11,j12)*Mom(nu14,q2 + q3)*
      Vec(nu10,q2)*Vec(nu16,p4)*Vec(nu13,p4 + q2 + q3)*Vec(nu14,p4 + q2 + q3)*
      Vec(nu15,p4)*Vec(nu15,q3)*Deng(p4,xiz,M4)^2*Deng(q2 + q3,xiw,M3)^2*Deng(
      p4 + q2 + q3,xiw,M3)^2*xiw^2*xiz*ufoGC58^2*ufoGC69*ufoGC80
       + 1/4*g_(1,6_,nu10)*g_(2,6_,nu16)*cFT(p4 + q3,XX,j11,j12)*auxGamma(nu13
      ,i2,iufo11)*auxPL(iufo11,j11)*flavourTag(fmu,j11,j12)*Mom(nu14,q2 + q3)*
      Vec(nu10,q3)*Vec(nu16,p4)*Vec(nu13,p4 + q2 + q3)*Vec(nu14,p4 + q2 + q3)*
      Vec(nu15,p4)*Vec(nu15,q2)*Deng(p4,xiz,M4)^2*Deng(q2 + q3,xiw,M3)^2*Deng(
      p4 + q2 + q3,xiw,M3)^2*xiw^2*xiz*ufoGC58^2*ufoGC69*ufoGC80
       + 1/4*g_(1,6_,nu10)*g_(2,6_,nu16)*cFT(p4 + q3,XX,j11,j12)*auxGamma(nu13
      ,i2,iufo11)*auxPL(iufo11,j11)*flavourTag(fmu,j11,j12)*Mom(nu14,q2 + q3)*
      Vec(nu10,q3)*Vec(nu16,p4)*Vec(nu13,p4 + q2 + q3)*Vec(nu14,p4 + q2 + q3)*
      Vec(nu15,p4)*Vec(nu15,q3)*Deng(p4,xiz,M4)^2*Deng(q2 + q3,xiw,M3)^2*Deng(
      p4 + q2 + q3,xiw,M3)^2*xiw^2*xiz*ufoGC58^2*ufoGC69*ufoGC80
       - 1/4*g_(1,6_,nu10)*g_(2,6_,nu16)*cFT(p4 + q3,XX,j11,j12)*auxGamma(nu13
      ,i2,iufo11)*auxPL(iufo11,j11)*flavourTag(fmu,j11,j12)*Mom(nu14,p4)*Vec(
      nu10,q2)*Vec(nu16,p4)*Vec(nu13,p4 + q2 + q3)*Vec(nu14,p4 + q2 + q3)*Vec(
      nu15,p4)*Vec(nu15,q2)*Deng(p4,xiz,M4)^2*Deng(q2 + q3,xiw,M3)^2*Deng(p4
       + q2 + q3,xiw,M3)^2*xiw^2*xiz*ufoGC58^2*ufoGC69*ufoGC80
       - 1/4*g_(1,6_,nu10)*g_(2,6_,nu16)*cFT(p4 + q3,XX,j11,j12)*auxGamma(nu13
      ,i2,iufo11)*auxPL(iufo11,j11)*flavourTag(fmu,j11,j12)*Mom(nu14,p4)*Vec(
      nu10,q2)*Vec(nu16,p4)*Vec(nu13,p4 + q2 + q3)*Vec(nu14,p4 + q2 + q3)*Vec(
      nu15,p4)*Vec(nu15,q3)*Deng(p4,xiz,M4)^2*Deng(q2 + q3,xiw,M3)^2*Deng(p4
       + q2 + q3,xiw,M3)^2*xiw^2*xiz*ufoGC58^2*ufoGC69*ufoGC80
       - 1/4*g_(1,6_,nu10)*g_(2,6_,nu16)*cFT(p4 + q3,XX,j11,j12)*auxGamma(nu13
      ,i2,iufo11)*auxPL(iufo11,j11)*flavourTag(fmu,j11,j12)*Mom(nu14,p4)*Vec(
      nu10,q3)*Vec(nu16,p4)*Vec(nu13,p4 + q2 + q3)*Vec(nu14,p4 + q2 + q3)*Vec(
      nu15,p4)*Vec(nu15,q2)*Deng(p4,xiz,M4)^2*Deng(q2 + q3,xiw,M3)^2*Deng(p4
       + q2 + q3,xiw,M3)^2*xiw^2*xiz*ufoGC58^2*ufoGC69*ufoGC80
       - 1/4*g_(1,6_,nu10)*g_(2,6_,nu16)*cFT(p4 + q3,XX,j11,j12)*auxGamma(nu13
      ,i2,iufo11)*auxPL(iufo11,j11)*flavourTag(fmu,j11,j12)*Mom(nu14,p4)*Vec(
      nu10,q3)*Vec(nu16,p4)*Vec(nu13,p4 + q2 + q3)*Vec(nu14,p4 + q2 + q3)*Vec(
      nu15,p4)*Vec(nu15,q3)*Deng(p4,xiz,M4)^2*Deng(q2 + q3,xiw,M3)^2*Deng(p4
       + q2 + q3,xiw,M3)^2*xiw^2*xiz*ufoGC58^2*ufoGC69*ufoGC80
       + 1/4*g_(1,6_,nu10)*g_(2,6_,nu16)*cFT(p4 + q3,XX,j11,j12)*auxGamma(nu13
      ,i2,iufo11)*auxPL(iufo11,j11)*flavourTag(fmu,j11,j12)*Mom(nu15, - p4 - 
      q2 - q3)*Vec(nu10,q2)*Vec(nu16,p4)*Vec(nu13,p4 + q2 + q3)*Vec(nu14,q2)*
      Vec(nu14,p4 + q2 + q3)*Vec(nu15,p4)*Deng(p4,xiz,M4)^2*Deng(q2 + q3,xiw,
      M3)^2*Deng(p4 + q2 + q3,xiw,M3)^2*xiw^2*xiz*ufoGC58^2*ufoGC69*ufoGC80
       + 1/4*g_(1,6_,nu10)*g_(2,6_,nu16)*cFT(p4 + q3,XX,j11,j12)*auxGamma(nu13
      ,i2,iufo11)*auxPL(iufo11,j11)*flavourTag(fmu,j11,j12)*Mom(nu15, - p4 - 
      q2 - q3)*Vec(nu10,q2)*Vec(nu16,p4)*Vec(nu13,p4 + q2 + q3)*Vec(nu14,q3)*
      Vec(nu14,p4 + q2 + q3)*Vec(nu15,p4)*Deng(p4,xiz,M4)^2*Deng(q2 + q3,xiw,
      M3)^2*Deng(p4 + q2 + q3,xiw,M3)^2*xiw^2*xiz*ufoGC58^2*ufoGC69*ufoGC80
       + 1/4*g_(1,6_,nu10)*g_(2,6_,nu16)*cFT(p4 + q3,XX,j11,j12)*auxGamma(nu13
      ,i2,iufo11)*auxPL(iufo11,j11)*flavourTag(fmu,j11,j12)*Mom(nu15, - p4 - 
      q2 - q3)*Vec(nu10,q3)*Vec(nu16,p4)*Vec(nu13,p4 + q2 + q3)*Vec(nu14,q2)*
      Vec(nu14,p4 + q2 + q3)*Vec(nu15,p4)*Deng(p4,xiz,M4)^2*Deng(q2 + q3,xiw,
      M3)^2*Deng(p4 + q2 + q3,xiw,M3)^2*xiw^2*xiz*ufoGC58^2*ufoGC69*ufoGC80
       + 1/4*g_(1,6_,nu10)*g_(2,6_,nu16)*cFT(p4 + q3,XX,j11,j12)*auxGamma(nu13
      ,i2,iufo11)*auxPL(iufo11,j11)*flavourTag(fmu,j11,j12)*Mom(nu15, - p4 - 
      q2 - q3)*Vec(nu10,q3)*Vec(nu16,p4)*Vec(nu13,p4 + q2 + q3)*Vec(nu14,q3)*
      Vec(nu14,p4 + q2 + q3)*Vec(nu15,p4)*Deng(p4,xiz,M4)^2*Deng(q2 + q3,xiw,
      M3)^2*Deng(p4 + q2 + q3,xiw,M3)^2*xiw^2*xiz*ufoGC58^2*ufoGC69*ufoGC80
       - 1/4*g_(1,6_,nu10)*g_(2,6_,nu16)*cFT(p4 + q3,XX,j11,j12)*auxGamma(nu13
      ,i2,iufo11)*auxPL(iufo11,j11)*flavourTag(fmu,j11,j12)*Mom(nu15,q2 + q3)*
      Vec(nu10,q2)*Vec(nu16,p4)*Vec(nu13,p4 + q2 + q3)*Vec(nu14,q2)*Vec(nu14,
      p4 + q2 + q3)*Vec(nu15,p4)*Deng(p4,xiz,M4)^2*Deng(q2 + q3,xiw,M3)^2*
      Deng(p4 + q2 + q3,xiw,M3)^2*xiw^2*xiz*ufoGC58^2*ufoGC69*ufoGC80
       - 1/4*g_(1,6_,nu10)*g_(2,6_,nu16)*cFT(p4 + q3,XX,j11,j12)*auxGamma(nu13
      ,i2,iufo11)*auxPL(iufo11,j11)*flavourTag(fmu,j11,j12)*Mom(nu15,q2 + q3)*
      Vec(nu10,q2)*Vec(nu16,p4)*Vec(nu13,p4 + q2 + q3)*Vec(nu14,q3)*Vec(nu14,
      p4 + q2 + q3)*Vec(nu15,p4)*Deng(p4,xiz,M4)^2*Deng(q2 + q3,xiw,M3)^2*
      Deng(p4 + q2 + q3,xiw,M3)^2*xiw^2*xiz*ufoGC58^2*ufoGC69*ufoGC80
       - 1/4*g_(1,6_,nu10)*g_(2,6_,nu16)*cFT(p4 + q3,XX,j11,j12)*auxGamma(nu13
      ,i2,iufo11)*auxPL(iufo11,j11)*flavourTag(fmu,j11,j12)*Mom(nu15,q2 + q3)*
      Vec(nu10,q3)*Vec(nu16,p4)*Vec(nu13,p4 + q2 + q3)*Vec(nu14,q2)*Vec(nu14,
      p4 + q2 + q3)*Vec(nu15,p4)*Deng(p4,xiz,M4)^2*Deng(q2 + q3,xiw,M3)^2*
      Deng(p4 + q2 + q3,xiw,M3)^2*xiw^2*xiz*ufoGC58^2*ufoGC69*ufoGC80
       - 1/4*g_(1,6_,nu10)*g_(2,6_,nu16)*cFT(p4 + q3,XX,j11,j12)*auxGamma(nu13
      ,i2,iufo11)*auxPL(iufo11,j11)*flavourTag(fmu,j11,j12)*Mom(nu15,q2 + q3)*
      Vec(nu10,q3)*Vec(nu16,p4)*Vec(nu13,p4 + q2 + q3)*Vec(nu14,q3)*Vec(nu14,
      p4 + q2 + q3)*Vec(nu15,p4)*Deng(p4,xiz,M4)^2*Deng(q2 + q3,xiw,M3)^2*
      Deng(p4 + q2 + q3,xiw,M3)^2*xiw^2*xiz*ufoGC58^2*ufoGC69*ufoGC80
       - 1/4*g_(1,6_,nu10)*g_(2,nu16)*FT2(g6)*cFT(p4 + q3,XX,j11,j12)*
      auxGamma(nu13,i2,iufo11)*auxPL(iufo11,j11)*flavourTag(fmu,j11,j12)*Mom(
      nu9, - p4 - q2 - q3)*Vec(nu10,q2)*Vec(nu16,p4)*Vec(nu13,p4 + q2 + q3)*
      Vec(nu9,q2)*Vec(nu15,p4)*Vec(nu15,p4 + q2 + q3)*Deng(p4,xiz,M4)^2*Deng(
      q2 + q3,xiw,M3)^2*Deng(p4 + q2 + q3,xiw,M3)^2*xiw^2*xiz*ufoGC58^2*
      ufoGC69*ufoGC76
       - 1/4*g_(1,6_,nu10)*g_(2,nu16)*FT2(g6)*cFT(p4 + q3,XX,j11,j12)*
      auxGamma(nu13,i2,iufo11)*auxPL(iufo11,j11)*flavourTag(fmu,j11,j12)*Mom(
      nu9, - p4 - q2 - q3)*Vec(nu10,q2)*Vec(nu16,p4)*Vec(nu13,p4 + q2 + q3)*
      Vec(nu9,q3)*Vec(nu15,p4)*Vec(nu15,p4 + q2 + q3)*Deng(p4,xiz,M4)^2*Deng(
      q2 + q3,xiw,M3)^2*Deng(p4 + q2 + q3,xiw,M3)^2*xiw^2*xiz*ufoGC58^2*
      ufoGC69*ufoGC76
       - 1/4*g_(1,6_,nu10)*g_(2,nu16)*FT2(g6)*cFT(p4 + q3,XX,j11,j12)*
      auxGamma(nu13,i2,iufo11)*auxPL(iufo11,j11)*flavourTag(fmu,j11,j12)*Mom(
      nu9, - p4 - q2 - q3)*Vec(nu10,q3)*Vec(nu16,p4)*Vec(nu13,p4 + q2 + q3)*
      Vec(nu9,q2)*Vec(nu15,p4)*Vec(nu15,p4 + q2 + q3)*Deng(p4,xiz,M4)^2*Deng(
      q2 + q3,xiw,M3)^2*Deng(p4 + q2 + q3,xiw,M3)^2*xiw^2*xiz*ufoGC58^2*
      ufoGC69*ufoGC76
       - 1/4*g_(1,6_,nu10)*g_(2,nu16)*FT2(g6)*cFT(p4 + q3,XX,j11,j12)*
      auxGamma(nu13,i2,iufo11)*auxPL(iufo11,j11)*flavourTag(fmu,j11,j12)*Mom(
      nu9, - p4 - q2 - q3)*Vec(nu10,q3)*Vec(nu16,p4)*Vec(nu13,p4 + q2 + q3)*
      Vec(nu9,q3)*Vec(nu15,p4)*Vec(nu15,p4 + q2 + q3)*Deng(p4,xiz,M4)^2*Deng(
      q2 + q3,xiw,M3)^2*Deng(p4 + q2 + q3,xiw,M3)^2*xiw^2*xiz*ufoGC58^2*
      ufoGC69*ufoGC76
       + 1/4*g_(1,6_,nu10)*g_(2,nu16)*FT2(g6)*cFT(p4 + q3,XX,j11,j12)*
      auxGamma(nu13,i2,iufo11)*auxPL(iufo11,j11)*flavourTag(fmu,j11,j12)*Mom(
      nu9,p4)*Vec(nu10,q2)*Vec(nu16,p4)*Vec(nu13,p4 + q2 + q3)*Vec(nu9,q2)*
      Vec(nu15,p4)*Vec(nu15,p4 + q2 + q3)*Deng(p4,xiz,M4)^2*Deng(q2 + q3,xiw,
      M3)^2*Deng(p4 + q2 + q3,xiw,M3)^2*xiw^2*xiz*ufoGC58^2*ufoGC69*ufoGC76
       + 1/4*g_(1,6_,nu10)*g_(2,nu16)*FT2(g6)*cFT(p4 + q3,XX,j11,j12)*
      auxGamma(nu13,i2,iufo11)*auxPL(iufo11,j11)*flavourTag(fmu,j11,j12)*Mom(
      nu9,p4)*Vec(nu10,q2)*Vec(nu16,p4)*Vec(nu13,p4 + q2 + q3)*Vec(nu9,q3)*
      Vec(nu15,p4)*Vec(nu15,p4 + q2 + q3)*Deng(p4,xiz,M4)^2*Deng(q2 + q3,xiw,
      M3)^2*Deng(p4 + q2 + q3,xiw,M3)^2*xiw^2*xiz*ufoGC58^2*ufoGC69*ufoGC76
       + 1/4*g_(1,6_,nu10)*g_(2,nu16)*FT2(g6)*cFT(p4 + q3,XX,j11,j12)*
      auxGamma(nu13,i2,iufo11)*auxPL(iufo11,j11)*flavourTag(fmu,j11,j12)*Mom(
      nu9,p4)*Vec(nu10,q3)*Vec(nu16,p4)*Vec(nu13,p4 + q2 + q3)*Vec(nu9,q2)*
      Vec(nu15,p4)*Vec(nu15,p4 + q2 + q3)*Deng(p4,xiz,M4)^2*Deng(q2 + q3,xiw,
      M3)^2*Deng(p4 + q2 + q3,xiw,M3)^2*xiw^2*xiz*ufoGC58^2*ufoGC69*ufoGC76
       + 1/4*g_(1,6_,nu10)*g_(2,nu16)*FT2(g6)*cFT(p4 + q3,XX,j11,j12)*
      auxGamma(nu13,i2,iufo11)*auxPL(iufo11,j11)*flavourTag(fmu,j11,j12)*Mom(
      nu9,p4)*Vec(nu10,q3)*Vec(nu16,p4)*Vec(nu13,p4 + q2 + q3)*Vec(nu9,q3)*
      Vec(nu15,p4)*Vec(nu15,p4 + q2 + q3)*Deng(p4,xiz,M4)^2*Deng(q2 + q3,xiw,
      M3)^2*Deng(p4 + q2 + q3,xiw,M3)^2*xiw^2*xiz*ufoGC58^2*ufoGC69*ufoGC76
       + 1/4*g_(1,6_,nu10)*g_(2,nu16)*FT2(g6)*cFT(p4 + q3,XX,j11,j12)*
      auxGamma(nu13,i2,iufo11)*auxPL(iufo11,j11)*flavourTag(fmu,j11,j12)*Mom(
      nu14,q2 + q3)*Vec(nu10,q2)*Vec(nu16,p4)*Vec(nu13,p4 + q2 + q3)*Vec(nu14,
      p4 + q2 + q3)*Vec(nu15,p4)*Vec(nu15,q2)*Deng(p4,xiz,M4)^2*Deng(q2 + q3,
      xiw,M3)^2*Deng(p4 + q2 + q3,xiw,M3)^2*xiw^2*xiz*ufoGC58^2*ufoGC69*
      ufoGC76
       + 1/4*g_(1,6_,nu10)*g_(2,nu16)*FT2(g6)*cFT(p4 + q3,XX,j11,j12)*
      auxGamma(nu13,i2,iufo11)*auxPL(iufo11,j11)*flavourTag(fmu,j11,j12)*Mom(
      nu14,q2 + q3)*Vec(nu10,q2)*Vec(nu16,p4)*Vec(nu13,p4 + q2 + q3)*Vec(nu14,
      p4 + q2 + q3)*Vec(nu15,p4)*Vec(nu15,q3)*Deng(p4,xiz,M4)^2*Deng(q2 + q3,
      xiw,M3)^2*Deng(p4 + q2 + q3,xiw,M3)^2*xiw^2*xiz*ufoGC58^2*ufoGC69*
      ufoGC76
       + 1/4*g_(1,6_,nu10)*g_(2,nu16)*FT2(g6)*cFT(p4 + q3,XX,j11,j12)*
      auxGamma(nu13,i2,iufo11)*auxPL(iufo11,j11)*flavourTag(fmu,j11,j12)*Mom(
      nu14,q2 + q3)*Vec(nu10,q3)*Vec(nu16,p4)*Vec(nu13,p4 + q2 + q3)*Vec(nu14,
      p4 + q2 + q3)*Vec(nu15,p4)*Vec(nu15,q2)*Deng(p4,xiz,M4)^2*Deng(q2 + q3,
      xiw,M3)^2*Deng(p4 + q2 + q3,xiw,M3)^2*xiw^2*xiz*ufoGC58^2*ufoGC69*
      ufoGC76
       + 1/4*g_(1,6_,nu10)*g_(2,nu16)*FT2(g6)*cFT(p4 + q3,XX,j11,j12)*
      auxGamma(nu13,i2,iufo11)*auxPL(iufo11,j11)*flavourTag(fmu,j11,j12)*Mom(
      nu14,q2 + q3)*Vec(nu10,q3)*Vec(nu16,p4)*Vec(nu13,p4 + q2 + q3)*Vec(nu14,
      p4 + q2 + q3)*Vec(nu15,p4)*Vec(nu15,q3)*Deng(p4,xiz,M4)^2*Deng(q2 + q3,
      xiw,M3)^2*Deng(p4 + q2 + q3,xiw,M3)^2*xiw^2*xiz*ufoGC58^2*ufoGC69*
      ufoGC76
       - 1/4*g_(1,6_,nu10)*g_(2,nu16)*FT2(g6)*cFT(p4 + q3,XX,j11,j12)*
      auxGamma(nu13,i2,iufo11)*auxPL(iufo11,j11)*flavourTag(fmu,j11,j12)*Mom(
      nu14,p4)*Vec(nu10,q2)*Vec(nu16,p4)*Vec(nu13,p4 + q2 + q3)*Vec(nu14,p4 + 
      q2 + q3)*Vec(nu15,p4)*Vec(nu15,q2)*Deng(p4,xiz,M4)^2*Deng(q2 + q3,xiw,M3
      )^2*Deng(p4 + q2 + q3,xiw,M3)^2*xiw^2*xiz*ufoGC58^2*ufoGC69*ufoGC76
       - 1/4*g_(1,6_,nu10)*g_(2,nu16)*FT2(g6)*cFT(p4 + q3,XX,j11,j12)*
      auxGamma(nu13,i2,iufo11)*auxPL(iufo11,j11)*flavourTag(fmu,j11,j12)*Mom(
      nu14,p4)*Vec(nu10,q2)*Vec(nu16,p4)*Vec(nu13,p4 + q2 + q3)*Vec(nu14,p4 + 
      q2 + q3)*Vec(nu15,p4)*Vec(nu15,q3)*Deng(p4,xiz,M4)^2*Deng(q2 + q3,xiw,M3
      )^2*Deng(p4 + q2 + q3,xiw,M3)^2*xiw^2*xiz*ufoGC58^2*ufoGC69*ufoGC76
       - 1/4*g_(1,6_,nu10)*g_(2,nu16)*FT2(g6)*cFT(p4 + q3,XX,j11,j12)*
      auxGamma(nu13,i2,iufo11)*auxPL(iufo11,j11)*flavourTag(fmu,j11,j12)*Mom(
      nu14,p4)*Vec(nu10,q3)*Vec(nu16,p4)*Vec(nu13,p4 + q2 + q3)*Vec(nu14,p4 + 
      q2 + q3)*Vec(nu15,p4)*Vec(nu15,q2)*Deng(p4,xiz,M4)^2*Deng(q2 + q3,xiw,M3
      )^2*Deng(p4 + q2 + q3,xiw,M3)^2*xiw^2*xiz*ufoGC58^2*ufoGC69*ufoGC76
       - 1/4*g_(1,6_,nu10)*g_(2,nu16)*FT2(g6)*cFT(p4 + q3,XX,j11,j12)*
      auxGamma(nu13,i2,iufo11)*auxPL(iufo11,j11)*flavourTag(fmu,j11,j12)*Mom(
      nu14,p4)*Vec(nu10,q3)*Vec(nu16,p4)*Vec(nu13,p4 + q2 + q3)*Vec(nu14,p4 + 
      q2 + q3)*Vec(nu15,p4)*Vec(nu15,q3)*Deng(p4,xiz,M4)^2*Deng(q2 + q3,xiw,M3
      )^2*Deng(p4 + q2 + q3,xiw,M3)^2*xiw^2*xiz*ufoGC58^2*ufoGC69*ufoGC76
       + 1/4*g_(1,6_,nu10)*g_(2,nu16)*FT2(g6)*cFT(p4 + q3,XX,j11,j12)*
      auxGamma(nu13,i2,iufo11)*auxPL(iufo11,j11)*flavourTag(fmu,j11,j12)*Mom(
      nu15, - p4 - q2 - q3)*Vec(nu10,q2)*Vec(nu16,p4)*Vec(nu13,p4 + q2 + q3)*
      Vec(nu14,q2)*Vec(nu14,p4 + q2 + q3)*Vec(nu15,p4)*Deng(p4,xiz,M4)^2*Deng(
      q2 + q3,xiw,M3)^2*Deng(p4 + q2 + q3,xiw,M3)^2*xiw^2*xiz*ufoGC58^2*
      ufoGC69*ufoGC76
       + 1/4*g_(1,6_,nu10)*g_(2,nu16)*FT2(g6)*cFT(p4 + q3,XX,j11,j12)*
      auxGamma(nu13,i2,iufo11)*auxPL(iufo11,j11)*flavourTag(fmu,j11,j12)*Mom(
      nu15, - p4 - q2 - q3)*Vec(nu10,q2)*Vec(nu16,p4)*Vec(nu13,p4 + q2 + q3)*
      Vec(nu14,q3)*Vec(nu14,p4 + q2 + q3)*Vec(nu15,p4)*Deng(p4,xiz,M4)^2*Deng(
      q2 + q3,xiw,M3)^2*Deng(p4 + q2 + q3,xiw,M3)^2*xiw^2*xiz*ufoGC58^2*
      ufoGC69*ufoGC76
       + 1/4*g_(1,6_,nu10)*g_(2,nu16)*FT2(g6)*cFT(p4 + q3,XX,j11,j12)*
      auxGamma(nu13,i2,iufo11)*auxPL(iufo11,j11)*flavourTag(fmu,j11,j12)*Mom(
      nu15, - p4 - q2 - q3)*Vec(nu10,q3)*Vec(nu16,p4)*Vec(nu13,p4 + q2 + q3)*
      Vec(nu14,q2)*Vec(nu14,p4 + q2 + q3)*Vec(nu15,p4)*Deng(p4,xiz,M4)^2*Deng(
      q2 + q3,xiw,M3)^2*Deng(p4 + q2 + q3,xiw,M3)^2*xiw^2*xiz*ufoGC58^2*
      ufoGC69*ufoGC76
       + 1/4*g_(1,6_,nu10)*g_(2,nu16)*FT2(g6)*cFT(p4 + q3,XX,j11,j12)*
      auxGamma(nu13,i2,iufo11)*auxPL(iufo11,j11)*flavourTag(fmu,j11,j12)*Mom(
      nu15, - p4 - q2 - q3)*Vec(nu10,q3)*Vec(nu16,p4)*Vec(nu13,p4 + q2 + q3)*
      Vec(nu14,q3)*Vec(nu14,p4 + q2 + q3)*Vec(nu15,p4)*Deng(p4,xiz,M4)^2*Deng(
      q2 + q3,xiw,M3)^2*Deng(p4 + q2 + q3,xiw,M3)^2*xiw^2*xiz*ufoGC58^2*
      ufoGC69*ufoGC76
       - 1/4*g_(1,6_,nu10)*g_(2,nu16)*FT2(g6)*cFT(p4 + q3,XX,j11,j12)*
      auxGamma(nu13,i2,iufo11)*auxPL(iufo11,j11)*flavourTag(fmu,j11,j12)*Mom(
      nu15,q2 + q3)*Vec(nu10,q2)*Vec(nu16,p4)*Vec(nu13,p4 + q2 + q3)*Vec(nu14,
      q2)*Vec(nu14,p4 + q2 + q3)*Vec(nu15,p4)*Deng(p4,xiz,M4)^2*Deng(q2 + q3,
      xiw,M3)^2*Deng(p4 + q2 + q3,xiw,M3)^2*xiw^2*xiz*ufoGC58^2*ufoGC69*
      ufoGC76
       - 1/4*g_(1,6_,nu10)*g_(2,nu16)*FT2(g6)*cFT(p4 + q3,XX,j11,j12)*
      auxGamma(nu13,i2,iufo11)*auxPL(iufo11,j11)*flavourTag(fmu,j11,j12)*Mom(
      nu15,q2 + q3)*Vec(nu10,q2)*Vec(nu16,p4)*Vec(nu13,p4 + q2 + q3)*Vec(nu14,
      q3)*Vec(nu14,p4 + q2 + q3)*Vec(nu15,p4)*Deng(p4,xiz,M4)^2*Deng(q2 + q3,
      xiw,M3)^2*Deng(p4 + q2 + q3,xiw,M3)^2*xiw^2*xiz*ufoGC58^2*ufoGC69*
      ufoGC76
       - 1/4*g_(1,6_,nu10)*g_(2,nu16)*FT2(g6)*cFT(p4 + q3,XX,j11,j12)*
      auxGamma(nu13,i2,iufo11)*auxPL(iufo11,j11)*flavourTag(fmu,j11,j12)*Mom(
      nu15,q2 + q3)*Vec(nu10,q3)*Vec(nu16,p4)*Vec(nu13,p4 + q2 + q3)*Vec(nu14,
      q2)*Vec(nu14,p4 + q2 + q3)*Vec(nu15,p4)*Deng(p4,xiz,M4)^2*Deng(q2 + q3,
      xiw,M3)^2*Deng(p4 + q2 + q3,xiw,M3)^2*xiw^2*xiz*ufoGC58^2*ufoGC69*
      ufoGC76
       - 1/4*g_(1,6_,nu10)*g_(2,nu16)*FT2(g6)*cFT(p4 + q3,XX,j11,j12)*
      auxGamma(nu13,i2,iufo11)*auxPL(iufo11,j11)*flavourTag(fmu,j11,j12)*Mom(
      nu15,q2 + q3)*Vec(nu10,q3)*Vec(nu16,p4)*Vec(nu13,p4 + q2 + q3)*Vec(nu14,
      q3)*Vec(nu14,p4 + q2 + q3)*Vec(nu15,p4)*Deng(p4,xiz,M4)^2*Deng(q2 + q3,
      xiw,M3)^2*Deng(p4 + q2 + q3,xiw,M3)^2*xiw^2*xiz*ufoGC58^2*ufoGC69*
      ufoGC76
      ;

  0.00 sec out of 0.00 sec
