FORM 5.0.0-beta.1 (Jan 15 2026, v5.0.0-beta.1-292-g4341c63)  Run: Tue Feb 10 16:47:27 2026
    #-

   d1l168amp =
       + 1/4*g_(1,6_,nu9)*FT2(g6)*Mom(nu9,-p3)*Den(p3)^2*Deng(0,xiw,0)*Deng(0,
      xiw,M3)*Deng(p4,xiw,M3)*p3.p3*xia*ufoGC58*ufoGC107*ufoGC4*ufoGC93
       - 1/4*g_(1,6_,nu9)*FT2(g6)*Mom(nu9,-p3)*Den(p3)^2*Deng(0,xiw,0)*Deng(0,
      xiw,M3)*Deng(p4,xiw,M3)*p3.p3*ufoGC58*ufoGC107*ufoGC4*ufoGC93
       + 1/4*g_(1,6_,nu9)*FT2(g6)*Mom(nu9,-p3)*Den(p3)*Deng(0,xiw,0)*Deng(0,
      xiw,M3)*Deng(p4,xiw,M3)*d*ufoGC58*ufoGC107*ufoGC4*ufoGC93
       - 1/4*g_(1,6_,nu9)*FT2(g6)*Mom(nu9,-p3)*Den(p3)*Deng(0,xiw,0)*Deng(0,
      xiw,M3)*Deng(p4,xiw,M3)^2*p4.p4*ufoGC58*ufoGC107*ufoGC4*ufoGC93
       - 1/4*g_(1,6_,nu9)*FT2(g6)*Mom(nu9,-p4)*Den(p3)^2*Deng(0,xiw,0)*Deng(0,
      xiw,M3)*Deng(p4,xiw,M3)*p3.p3*xia*ufoGC58*ufoGC107*ufoGC4*ufoGC93
       + 1/4*g_(1,6_,nu9)*FT2(g6)*Mom(nu9,-p4)*Den(p3)^2*Deng(0,xiw,0)*Deng(0,
      xiw,M3)*Deng(p4,xiw,M3)*p3.p3*ufoGC58*ufoGC107*ufoGC4*ufoGC93
       - 1/4*g_(1,6_,nu9)*FT2(g6)*Mom(nu9,-p4)*Den(p3)*Deng(0,xiw,0)*Deng(0,
      xiw,M3)*Deng(p4,xiw,M3)*d*ufoGC58*ufoGC107*ufoGC4*ufoGC93
       + 1/4*g_(1,6_,nu9)*FT2(g6)*Mom(nu9,-p4)*Den(p3)*Deng(0,xiw,0)*Deng(0,
      xiw,M3)*Deng(p4,xiw,M3)^2*p4.p4*ufoGC58*ufoGC107*ufoGC4*ufoGC93
       + 1/4*g_(1,6_,nu9)*FT2(g6)/(d^3 + d^2 - 2*d)*Mom(nu9,-p3)*Den(p3)^2*
      Deng(0,xiw,0)*Deng(0,xiw,M3)*Deng(p4,xiw,M3)^2*p3.p3*p4.p4*d^2*xia*
      ufoGC58*ufoGC107*ufoGC4*ufoGC93
       - 1/4*g_(1,6_,nu9)*FT2(g6)/(d^3 + d^2 - 2*d)*Mom(nu9,-p3)*Den(p3)^2*
      Deng(0,xiw,0)*Deng(0,xiw,M3)*Deng(p4,xiw,M3)^2*p3.p3*p4.p4*d^2*ufoGC58*
      ufoGC107*ufoGC4*ufoGC93
       + 1/4*g_(1,6_,nu9)*FT2(g6)/(d^3 + d^2 - 2*d)*Mom(nu9,-p3)*Den(p3)^2*
      Deng(0,xiw,0)*Deng(0,xiw,M3)*Deng(p4,xiw,M3)^2*p3.p3*p4.p4*d*xia*ufoGC58
      *ufoGC107*ufoGC4*ufoGC93
       - 1/4*g_(1,6_,nu9)*FT2(g6)/(d^3 + d^2 - 2*d)*Mom(nu9,-p3)*Den(p3)^2*
      Deng(0,xiw,0)*Deng(0,xiw,M3)*Deng(p4,xiw,M3)^2*p3.p3*p4.p4*d*ufoGC58*
      ufoGC107*ufoGC4*ufoGC93
       - 1/4*g_(1,6_,nu9)*FT2(g6)/(d^3 + d^2 - 2*d)*Mom(nu9,-p3)*Den(p3)^2*
      Deng(0,xiw,0)*Deng(0,xiw,M3)*Deng(p4,xiw,M3)^2*p3.p4^2*d^3*xia*ufoGC58*
      ufoGC107*ufoGC4*ufoGC93
       + 1/4*g_(1,6_,nu9)*FT2(g6)/(d^3 + d^2 - 2*d)*Mom(nu9,-p3)*Den(p3)^2*
      Deng(0,xiw,0)*Deng(0,xiw,M3)*Deng(p4,xiw,M3)^2*p3.p4^2*d^3*ufoGC58*
      ufoGC107*ufoGC4*ufoGC93
       - 1/4*g_(1,6_,nu9)*FT2(g6)/(d^3 + d^2 - 2*d)*Mom(nu9,-p3)*Den(p3)^2*
      Deng(0,xiw,0)*Deng(0,xiw,M3)*Deng(p4,xiw,M3)^2*p3.p4^2*d^2*xia*ufoGC58*
      ufoGC107*ufoGC4*ufoGC93
       + 1/4*g_(1,6_,nu9)*FT2(g6)/(d^3 + d^2 - 2*d)*Mom(nu9,-p3)*Den(p3)^2*
      Deng(0,xiw,0)*Deng(0,xiw,M3)*Deng(p4,xiw,M3)^2*p3.p4^2*d^2*ufoGC58*
      ufoGC107*ufoGC4*ufoGC93
       - 1/4*g_(1,6_,nu9)*FT2(g6)/(d^3 + d^2 - 2*d)*Mom(nu9,-p4)*Den(p3)^2*
      Deng(0,xiw,0)*Deng(0,xiw,M3)*Deng(p4,xiw,M3)^2*p3.p3*p4.p4*d^2*xia*
      ufoGC58*ufoGC107*ufoGC4*ufoGC93
       + 1/4*g_(1,6_,nu9)*FT2(g6)/(d^3 + d^2 - 2*d)*Mom(nu9,-p4)*Den(p3)^2*
      Deng(0,xiw,0)*Deng(0,xiw,M3)*Deng(p4,xiw,M3)^2*p3.p3*p4.p4*d^2*ufoGC58*
      ufoGC107*ufoGC4*ufoGC93
       - 1/4*g_(1,6_,nu9)*FT2(g6)/(d^3 + d^2 - 2*d)*Mom(nu9,-p4)*Den(p3)^2*
      Deng(0,xiw,0)*Deng(0,xiw,M3)*Deng(p4,xiw,M3)^2*p3.p3*p4.p4*d*xia*ufoGC58
      *ufoGC107*ufoGC4*ufoGC93
       + 1/4*g_(1,6_,nu9)*FT2(g6)/(d^3 + d^2 - 2*d)*Mom(nu9,-p4)*Den(p3)^2*
      Deng(0,xiw,0)*Deng(0,xiw,M3)*Deng(p4,xiw,M3)^2*p3.p3*p4.p4*d*ufoGC58*
      ufoGC107*ufoGC4*ufoGC93
       + 1/4*g_(1,6_,nu9)*FT2(g6)/(d^3 + d^2 - 2*d)*Mom(nu9,-p4)*Den(p3)^2*
      Deng(0,xiw,0)*Deng(0,xiw,M3)*Deng(p4,xiw,M3)^2*p3.p4^2*d^3*xia*ufoGC58*
      ufoGC107*ufoGC4*ufoGC93
       - 1/4*g_(1,6_,nu9)*FT2(g6)/(d^3 + d^2 - 2*d)*Mom(nu9,-p4)*Den(p3)^2*
      Deng(0,xiw,0)*Deng(0,xiw,M3)*Deng(p4,xiw,M3)^2*p3.p4^2*d^3*ufoGC58*
      ufoGC107*ufoGC4*ufoGC93
       + 1/4*g_(1,6_,nu9)*FT2(g6)/(d^3 + d^2 - 2*d)*Mom(nu9,-p4)*Den(p3)^2*
      Deng(0,xiw,0)*Deng(0,xiw,M3)*Deng(p4,xiw,M3)^2*p3.p4^2*d^2*xia*ufoGC58*
      ufoGC107*ufoGC4*ufoGC93
       - 1/4*g_(1,6_,nu9)*FT2(g6)/(d^3 + d^2 - 2*d)*Mom(nu9,-p4)*Den(p3)^2*
      Deng(0,xiw,0)*Deng(0,xiw,M3)*Deng(p4,xiw,M3)^2*p3.p4^2*d^2*ufoGC58*
      ufoGC107*ufoGC4*ufoGC93
       - 1/4*g_(1,6_,nu16)*FT2(g6)*Mom(nu16,-p3)*Den(p3)*Deng(0,xiw,0)*Deng(0,
      xiw,M3)*Deng(p4,xiw,M3)*ufoGC58*ufoGC107*ufoGC4*ufoGC93
       + 1/4*g_(1,6_,nu16)*FT2(g6)*Mom(nu16,0)*Den(p3)*Deng(0,xiw,0)*Deng(0,
      xiw,M3)*Deng(p4,xiw,M3)*ufoGC58*ufoGC107*ufoGC4*ufoGC93
       - 1/4*g_(1,6_,nu16)*FT2(g6)/(d^3 + d^2 - 2*d)*Mom(nu16,-p3)*Den(p3)^2*
      Deng(0,xiw,0)*Deng(0,xiw,M3)*Deng(p4,xiw,M3)^2*p3.p3*p4.p4*d*xia*ufoGC58
      *ufoGC107*ufoGC4*ufoGC93
       + 1/4*g_(1,6_,nu16)*FT2(g6)/(d^3 + d^2 - 2*d)*Mom(nu16,-p3)*Den(p3)^2*
      Deng(0,xiw,0)*Deng(0,xiw,M3)*Deng(p4,xiw,M3)^2*p3.p3*p4.p4*d*ufoGC58*
      ufoGC107*ufoGC4*ufoGC93
       - 1/4*g_(1,6_,nu16)*FT2(g6)/(d^3 + d^2 - 2*d)*Mom(nu16,-p3)*Den(p3)^2*
      Deng(0,xiw,0)*Deng(0,xiw,M3)*Deng(p4,xiw,M3)^2*p3.p3*p4.p4*xia*ufoGC58*
      ufoGC107*ufoGC4*ufoGC93
       + 1/4*g_(1,6_,nu16)*FT2(g6)/(d^3 + d^2 - 2*d)*Mom(nu16,-p3)*Den(p3)^2*
      Deng(0,xiw,0)*Deng(0,xiw,M3)*Deng(p4,xiw,M3)^2*p3.p3*p4.p4*ufoGC58*
      ufoGC107*ufoGC4*ufoGC93
       + 1/4*g_(1,6_,nu16)*FT2(g6)/(d^3 + d^2 - 2*d)*Mom(nu16,-p3)*Den(p3)^2*
      Deng(0,xiw,0)*Deng(0,xiw,M3)*Deng(p4,xiw,M3)^2*p3.p4^2*d^2*xia*ufoGC58*
      ufoGC107*ufoGC4*ufoGC93
       - 1/4*g_(1,6_,nu16)*FT2(g6)/(d^3 + d^2 - 2*d)*Mom(nu16,-p3)*Den(p3)^2*
      Deng(0,xiw,0)*Deng(0,xiw,M3)*Deng(p4,xiw,M3)^2*p3.p4^2*d^2*ufoGC58*
      ufoGC107*ufoGC4*ufoGC93
       + 1/4*g_(1,6_,nu16)*FT2(g6)/(d^3 + d^2 - 2*d)*Mom(nu16,-p3)*Den(p3)^2*
      Deng(0,xiw,0)*Deng(0,xiw,M3)*Deng(p4,xiw,M3)^2*p3.p4^2*d*xia*ufoGC58*
      ufoGC107*ufoGC4*ufoGC93
       - 1/4*g_(1,6_,nu16)*FT2(g6)/(d^3 + d^2 - 2*d)*Mom(nu16,-p3)*Den(p3)^2*
      Deng(0,xiw,0)*Deng(0,xiw,M3)*Deng(p4,xiw,M3)^2*p3.p4^2*d*ufoGC58*
      ufoGC107*ufoGC4*ufoGC93
       + 1/4*g_(1,6_,nu16)*FT2(g6)/(d^3 + d^2 - 2*d)*Mom(nu16,-p4)*Den(p3)^2*
      Deng(0,xiw,0)*Deng(0,xiw,M3)*Deng(p4,xiw,M3)^2*p3.p3*p4.p4*d*xia*ufoGC58
      *ufoGC107*ufoGC4*ufoGC93
       - 1/4*g_(1,6_,nu16)*FT2(g6)/(d^3 + d^2 - 2*d)*Mom(nu16,-p4)*Den(p3)^2*
      Deng(0,xiw,0)*Deng(0,xiw,M3)*Deng(p4,xiw,M3)^2*p3.p3*p4.p4*d*ufoGC58*
      ufoGC107*ufoGC4*ufoGC93
       + 1/4*g_(1,6_,nu16)*FT2(g6)/(d^3 + d^2 - 2*d)*Mom(nu16,-p4)*Den(p3)^2*
      Deng(0,xiw,0)*Deng(0,xiw,M3)*Deng(p4,xiw,M3)^2*p3.p3*p4.p4*xia*ufoGC58*
      ufoGC107*ufoGC4*ufoGC93
       - 1/4*g_(1,6_,nu16)*FT2(g6)/(d^3 + d^2 - 2*d)*Mom(nu16,-p4)*Den(p3)^2*
      Deng(0,xiw,0)*Deng(0,xiw,M3)*Deng(p4,xiw,M3)^2*p3.p3*p4.p4*ufoGC58*
      ufoGC107*ufoGC4*ufoGC93
       - 1/4*g_(1,6_,nu16)*FT2(g6)/(d^3 + d^2 - 2*d)*Mom(nu16,-p4)*Den(p3)^2*
      Deng(0,xiw,0)*Deng(0,xiw,M3)*Deng(p4,xiw,M3)^2*p3.p4^2*d^2*xia*ufoGC58*
      ufoGC107*ufoGC4*ufoGC93
       + 1/4*g_(1,6_,nu16)*FT2(g6)/(d^3 + d^2 - 2*d)*Mom(nu16,-p4)*Den(p3)^2*
      Deng(0,xiw,0)*Deng(0,xiw,M3)*Deng(p4,xiw,M3)^2*p3.p4^2*d^2*ufoGC58*
      ufoGC107*ufoGC4*ufoGC93
       - 1/4*g_(1,6_,nu16)*FT2(g6)/(d^3 + d^2 - 2*d)*Mom(nu16,-p4)*Den(p3)^2*
      Deng(0,xiw,0)*Deng(0,xiw,M3)*Deng(p4,xiw,M3)^2*p3.p4^2*d*xia*ufoGC58*
      ufoGC107*ufoGC4*ufoGC93
       + 1/4*g_(1,6_,nu16)*FT2(g6)/(d^3 + d^2 - 2*d)*Mom(nu16,-p4)*Den(p3)^2*
      Deng(0,xiw,0)*Deng(0,xiw,M3)*Deng(p4,xiw,M3)^2*p3.p4^2*d*ufoGC58*
      ufoGC107*ufoGC4*ufoGC93
       - 1/4*g_(1,6_,nu15)*FT2(g6)*Mom(nu15,-p3)*Den(p3)^2*Deng(0,xiw,0)*Deng(
      0,xiw,M3)*Deng(p4,xiw,M3)*p3.p3*d^-1*xia*ufoGC58*ufoGC107*ufoGC4*ufoGC93
       + 1/4*g_(1,6_,nu15)*FT2(g6)*Mom(nu15,-p3)*Den(p3)^2*Deng(0,xiw,0)*Deng(
      0,xiw,M3)*Deng(p4,xiw,M3)*p3.p3*d^-1*ufoGC58*ufoGC107*ufoGC4*ufoGC93
       + 1/4*g_(1,6_,nu15)*FT2(g6)*Mom(nu15,-p3)*Den(p3)*Deng(0,xiw,0)*Deng(0,
      xiw,M3)*Deng(p4,xiw,M3)^2*p4.p4*d^-1*ufoGC58*ufoGC107*ufoGC4*ufoGC93
       + 1/4*g_(1,6_,nu15)*FT2(g6)*Mom(nu15,-p4)*Den(p3)^2*Deng(0,xiw,0)*Deng(
      0,xiw,M3)*Deng(p4,xiw,M3)*p3.p3*d^-1*xia*ufoGC58*ufoGC107*ufoGC4*ufoGC93
       - 1/4*g_(1,6_,nu15)*FT2(g6)*Mom(nu15,-p4)*Den(p3)^2*Deng(0,xiw,0)*Deng(
      0,xiw,M3)*Deng(p4,xiw,M3)*p3.p3*d^-1*ufoGC58*ufoGC107*ufoGC4*ufoGC93
       + 1/4*g_(1,6_,nu15)*FT2(g6)*Mom(nu15,-p4)*Den(p3)*Deng(0,xiw,0)*Deng(0,
      xiw,M3)*Deng(p4,xiw,M3)*ufoGC58*ufoGC107*ufoGC4*ufoGC93
       - 1/4*g_(1,6_,nu15)*FT2(g6)*Mom(nu15,-p4)*Den(p3)*Deng(0,xiw,0)*Deng(0,
      xiw,M3)*Deng(p4,xiw,M3)^2*p4.p4*d^-1*ufoGC58*ufoGC107*ufoGC4*ufoGC93
       - 1/4*g_(1,6_,nu15)*FT2(g6)*Mom(nu15,0)*Den(p3)*Deng(0,xiw,0)*Deng(0,
      xiw,M3)*Deng(p4,xiw,M3)*ufoGC58*ufoGC107*ufoGC4*ufoGC93
      ;

  0.00 sec out of 0.00 sec
