FORM 5.0.0-beta.1 (Jan 15 2026, v5.0.0-beta.1-292-g4341c63)  Run: Tue Feb 10 16:47:27 2026
    #-

   d1l139amp =
       + 1/4*Mom(nu13,-p4)*Mom(nu13,p4)*Den(p3)^2*Deng(0,xiw,M3)^2*Deng(p4,xiw
      ,M3)*p3.p3*d^-1*xia*ufoGC58^2*ufoGC4^2*Op
       - 1/4*Mom(nu13,-p4)*Mom(nu13,p4)*Den(p3)^2*Deng(0,xiw,M3)^2*Deng(p4,xiw
      ,M3)*p3.p3*d^-1*ufoGC58^2*ufoGC4^2*Op
       + 1/4*Mom(nu13,-p4)*Mom(nu13,p4)*Den(p3)*Deng(0,xiw,M3)^2*Deng(p4,xiw,
      M3)*ufoGC58^2*ufoGC4^2*Op
       - 1/4*Mom(nu13,-p4)*Mom(nu13,p4)*Den(p3)*Deng(0,xiw,M3)^2*Deng(p4,xiw,
      M3)^2*p4.p4*d^-1*ufoGC58^2*ufoGC4^2*Op
       - 1/4*Mom(nu13,0)*Mom(nu13,p4)*Den(p3)^2*Deng(0,xiw,M3)^2*Deng(p4,xiw,
      M3)*p3.p3*d^-1*xia*ufoGC58^2*ufoGC4^2*Op
       + 1/4*Mom(nu13,0)*Mom(nu13,p4)*Den(p3)^2*Deng(0,xiw,M3)^2*Deng(p4,xiw,
      M3)*p3.p3*d^-1*ufoGC58^2*ufoGC4^2*Op
       - 1/4*Mom(nu13,0)*Mom(nu13,p4)*Den(p3)*Deng(0,xiw,M3)^2*Deng(p4,xiw,M3)
      *ufoGC58^2*ufoGC4^2*Op
       + 1/4*Mom(nu13,0)*Mom(nu13,p4)*Den(p3)*Deng(0,xiw,M3)^2*Deng(p4,xiw,M3)
      ^2*p4.p4*d^-1*ufoGC58^2*ufoGC4^2*Op
       - 1/4*Mom(nu13,0)*Mom(nu13,-p4)*Den(p3)^2*Deng(0,xiw,M3)^2*Deng(p4,xiw,
      M3)*p3.p3*d^-1*xia*ufoGC58^2*ufoGC4^2*Op
       + 1/4*Mom(nu13,0)*Mom(nu13,-p4)*Den(p3)^2*Deng(0,xiw,M3)^2*Deng(p4,xiw,
      M3)*p3.p3*d^-1*ufoGC58^2*ufoGC4^2*Op
       - 1/4*Mom(nu13,0)*Mom(nu13,-p4)*Den(p3)*Deng(0,xiw,M3)^2*Deng(p4,xiw,M3
      )*ufoGC58^2*ufoGC4^2*Op
       + 1/4*Mom(nu13,0)*Mom(nu13,-p4)*Den(p3)*Deng(0,xiw,M3)^2*Deng(p4,xiw,M3
      )^2*p4.p4*d^-1*ufoGC58^2*ufoGC4^2*Op
       + 1/4*Mom(nu13,0)^2*Den(p3)^2*Deng(0,xiw,M3)^2*Deng(p4,xiw,M3)*p3.p3*
      d^-1*xia*ufoGC58^2*ufoGC4^2*Op
       - 1/4*Mom(nu13,0)^2*Den(p3)^2*Deng(0,xiw,M3)^2*Deng(p4,xiw,M3)*p3.p3*
      d^-1*ufoGC58^2*ufoGC4^2*Op
       + 1/4*Mom(nu13,0)^2*Den(p3)*Deng(0,xiw,M3)^2*Deng(p4,xiw,M3)*ufoGC58^2*
      ufoGC4^2*Op
       - 1/4*Mom(nu13,0)^2*Den(p3)*Deng(0,xiw,M3)^2*Deng(p4,xiw,M3)^2*p4.p4*
      d^-1*ufoGC58^2*ufoGC4^2*Op
       + 1/4*Mom(nu15,-p3)*Mom(nu15,p3)*Den(p3)^2*Deng(0,xiw,M3)^2*Deng(p4,xiw
      ,M3)*p3.p3*d^-1*xia*ufoGC58^2*ufoGC4^2*Op
       - 1/4*Mom(nu15,-p3)*Mom(nu15,p3)*Den(p3)^2*Deng(0,xiw,M3)^2*Deng(p4,xiw
      ,M3)*p3.p3*d^-1*ufoGC58^2*ufoGC4^2*Op
       + 1/4*Mom(nu15,-p3)*Mom(nu15,p3)*Den(p3)*Deng(0,xiw,M3)^2*Deng(p4,xiw,
      M3)*ufoGC58^2*ufoGC4^2*Op
       - 1/4*Mom(nu15,-p3)*Mom(nu15,p3)*Den(p3)*Deng(0,xiw,M3)^2*Deng(p4,xiw,
      M3)^2*p4.p4*d^-1*ufoGC58^2*ufoGC4^2*Op
       - 1/4*Mom(nu15,0)*Mom(nu15,p3)*Den(p3)^2*Deng(0,xiw,M3)^2*Deng(p4,xiw,
      M3)*p3.p3*d^-1*xia*ufoGC58^2*ufoGC4^2*Op
       + 1/4*Mom(nu15,0)*Mom(nu15,p3)*Den(p3)^2*Deng(0,xiw,M3)^2*Deng(p4,xiw,
      M3)*p3.p3*d^-1*ufoGC58^2*ufoGC4^2*Op
       - 1/4*Mom(nu15,0)*Mom(nu15,p3)*Den(p3)*Deng(0,xiw,M3)^2*Deng(p4,xiw,M3)
      *ufoGC58^2*ufoGC4^2*Op
       + 1/4*Mom(nu15,0)*Mom(nu15,p3)*Den(p3)*Deng(0,xiw,M3)^2*Deng(p4,xiw,M3)
      ^2*p4.p4*d^-1*ufoGC58^2*ufoGC4^2*Op
       - 1/4*Mom(nu15,0)*Mom(nu15,-p3)*Den(p3)^2*Deng(0,xiw,M3)^2*Deng(p4,xiw,
      M3)*p3.p3*d^-1*xia*ufoGC58^2*ufoGC4^2*Op
       + 1/4*Mom(nu15,0)*Mom(nu15,-p3)*Den(p3)^2*Deng(0,xiw,M3)^2*Deng(p4,xiw,
      M3)*p3.p3*d^-1*ufoGC58^2*ufoGC4^2*Op
       - 1/4*Mom(nu15,0)*Mom(nu15,-p3)*Den(p3)*Deng(0,xiw,M3)^2*Deng(p4,xiw,M3
      )*ufoGC58^2*ufoGC4^2*Op
       + 1/4*Mom(nu15,0)*Mom(nu15,-p3)*Den(p3)*Deng(0,xiw,M3)^2*Deng(p4,xiw,M3
      )^2*p4.p4*d^-1*ufoGC58^2*ufoGC4^2*Op
       + 1/4*Mom(nu15,0)^2*Den(p3)^2*Deng(0,xiw,M3)^2*Deng(p4,xiw,M3)*p3.p3*
      d^-1*xia*ufoGC58^2*ufoGC4^2*Op
       - 1/4*Mom(nu15,0)^2*Den(p3)^2*Deng(0,xiw,M3)^2*Deng(p4,xiw,M3)*p3.p3*
      d^-1*ufoGC58^2*ufoGC4^2*Op
       + 1/4*Mom(nu15,0)^2*Den(p3)*Deng(0,xiw,M3)^2*Deng(p4,xiw,M3)*ufoGC58^2*
      ufoGC4^2*Op
       - 1/4*Mom(nu15,0)^2*Den(p3)*Deng(0,xiw,M3)^2*Deng(p4,xiw,M3)^2*p4.p4*
      d^-1*ufoGC58^2*ufoGC4^2*Op
       - 1/4/(d^3 + d^2 - 2*d)*Mom(nu13,-p3)*Mom(nu13,p4)*Den(p3)^2*Deng(0,xiw
      ,M3)^2*Deng(p4,xiw,M3)^2*p3.p3*p4.p4*xia*ufoGC58^2*ufoGC4^2*Op
       + 1/4/(d^3 + d^2 - 2*d)*Mom(nu13,-p3)*Mom(nu13,p4)*Den(p3)^2*Deng(0,xiw
      ,M3)^2*Deng(p4,xiw,M3)^2*p3.p3*p4.p4*ufoGC58^2*ufoGC4^2*Op
       + 1/4/(d^3 + d^2 - 2*d)*Mom(nu13,-p3)*Mom(nu13,p4)*Den(p3)^2*Deng(0,xiw
      ,M3)^2*Deng(p4,xiw,M3)^2*p3.p4^2*d*xia*ufoGC58^2*ufoGC4^2*Op
       - 1/4/(d^3 + d^2 - 2*d)*Mom(nu13,-p3)*Mom(nu13,p4)*Den(p3)^2*Deng(0,xiw
      ,M3)^2*Deng(p4,xiw,M3)^2*p3.p4^2*d*ufoGC58^2*ufoGC4^2*Op
       + 1/4/(d^3 + d^2 - 2*d)*Mom(nu13,0)*Mom(nu13,p4)*Den(p3)^2*Deng(0,xiw,
      M3)^2*Deng(p4,xiw,M3)^2*p3.p3*p4.p4*xia*ufoGC58^2*ufoGC4^2*Op
       - 1/4/(d^3 + d^2 - 2*d)*Mom(nu13,0)*Mom(nu13,p4)*Den(p3)^2*Deng(0,xiw,
      M3)^2*Deng(p4,xiw,M3)^2*p3.p3*p4.p4*ufoGC58^2*ufoGC4^2*Op
       - 1/4/(d^3 + d^2 - 2*d)*Mom(nu13,0)*Mom(nu13,p4)*Den(p3)^2*Deng(0,xiw,
      M3)^2*Deng(p4,xiw,M3)^2*p3.p4^2*d*xia*ufoGC58^2*ufoGC4^2*Op
       + 1/4/(d^3 + d^2 - 2*d)*Mom(nu13,0)*Mom(nu13,p4)*Den(p3)^2*Deng(0,xiw,
      M3)^2*Deng(p4,xiw,M3)^2*p3.p4^2*d*ufoGC58^2*ufoGC4^2*Op
       + 1/4/(d^3 + d^2 - 2*d)*Mom(nu13,0)*Mom(nu13,-p3)*Den(p3)^2*Deng(0,xiw,
      M3)^2*Deng(p4,xiw,M3)^2*p3.p3*p4.p4*xia*ufoGC58^2*ufoGC4^2*Op
       - 1/4/(d^3 + d^2 - 2*d)*Mom(nu13,0)*Mom(nu13,-p3)*Den(p3)^2*Deng(0,xiw,
      M3)^2*Deng(p4,xiw,M3)^2*p3.p3*p4.p4*ufoGC58^2*ufoGC4^2*Op
       - 1/4/(d^3 + d^2 - 2*d)*Mom(nu13,0)*Mom(nu13,-p3)*Den(p3)^2*Deng(0,xiw,
      M3)^2*Deng(p4,xiw,M3)^2*p3.p4^2*d*xia*ufoGC58^2*ufoGC4^2*Op
       + 1/4/(d^3 + d^2 - 2*d)*Mom(nu13,0)*Mom(nu13,-p3)*Den(p3)^2*Deng(0,xiw,
      M3)^2*Deng(p4,xiw,M3)^2*p3.p4^2*d*ufoGC58^2*ufoGC4^2*Op
       - 1/4/(d^3 + d^2 - 2*d)*Mom(nu13,0)^2*Den(p3)^2*Deng(0,xiw,M3)^2*Deng(
      p4,xiw,M3)^2*p3.p3*p4.p4*xia*ufoGC58^2*ufoGC4^2*Op
       + 1/4/(d^3 + d^2 - 2*d)*Mom(nu13,0)^2*Den(p3)^2*Deng(0,xiw,M3)^2*Deng(
      p4,xiw,M3)^2*p3.p3*p4.p4*ufoGC58^2*ufoGC4^2*Op
       + 1/4/(d^3 + d^2 - 2*d)*Mom(nu13,0)^2*Den(p3)^2*Deng(0,xiw,M3)^2*Deng(
      p4,xiw,M3)^2*p3.p4^2*d*xia*ufoGC58^2*ufoGC4^2*Op
       - 1/4/(d^3 + d^2 - 2*d)*Mom(nu13,0)^2*Den(p3)^2*Deng(0,xiw,M3)^2*Deng(
      p4,xiw,M3)^2*p3.p4^2*d*ufoGC58^2*ufoGC4^2*Op
       - 1/4/(d^3 + d^2 - 2*d)*Mom(nu15,-p4)*Mom(nu15,p3)*Den(p3)^2*Deng(0,xiw
      ,M3)^2*Deng(p4,xiw,M3)^2*p3.p3*p4.p4*xia*ufoGC58^2*ufoGC4^2*Op
       + 1/4/(d^3 + d^2 - 2*d)*Mom(nu15,-p4)*Mom(nu15,p3)*Den(p3)^2*Deng(0,xiw
      ,M3)^2*Deng(p4,xiw,M3)^2*p3.p3*p4.p4*ufoGC58^2*ufoGC4^2*Op
       + 1/4/(d^3 + d^2 - 2*d)*Mom(nu15,-p4)*Mom(nu15,p3)*Den(p3)^2*Deng(0,xiw
      ,M3)^2*Deng(p4,xiw,M3)^2*p3.p4^2*d*xia*ufoGC58^2*ufoGC4^2*Op
       - 1/4/(d^3 + d^2 - 2*d)*Mom(nu15,-p4)*Mom(nu15,p3)*Den(p3)^2*Deng(0,xiw
      ,M3)^2*Deng(p4,xiw,M3)^2*p3.p4^2*d*ufoGC58^2*ufoGC4^2*Op
       + 1/4/(d^3 + d^2 - 2*d)*Mom(nu15,0)*Mom(nu15,p3)*Den(p3)^2*Deng(0,xiw,
      M3)^2*Deng(p4,xiw,M3)^2*p3.p3*p4.p4*xia*ufoGC58^2*ufoGC4^2*Op
       - 1/4/(d^3 + d^2 - 2*d)*Mom(nu15,0)*Mom(nu15,p3)*Den(p3)^2*Deng(0,xiw,
      M3)^2*Deng(p4,xiw,M3)^2*p3.p3*p4.p4*ufoGC58^2*ufoGC4^2*Op
       - 1/4/(d^3 + d^2 - 2*d)*Mom(nu15,0)*Mom(nu15,p3)*Den(p3)^2*Deng(0,xiw,
      M3)^2*Deng(p4,xiw,M3)^2*p3.p4^2*d*xia*ufoGC58^2*ufoGC4^2*Op
       + 1/4/(d^3 + d^2 - 2*d)*Mom(nu15,0)*Mom(nu15,p3)*Den(p3)^2*Deng(0,xiw,
      M3)^2*Deng(p4,xiw,M3)^2*p3.p4^2*d*ufoGC58^2*ufoGC4^2*Op
       + 1/4/(d^3 + d^2 - 2*d)*Mom(nu15,0)*Mom(nu15,-p4)*Den(p3)^2*Deng(0,xiw,
      M3)^2*Deng(p4,xiw,M3)^2*p3.p3*p4.p4*xia*ufoGC58^2*ufoGC4^2*Op
       - 1/4/(d^3 + d^2 - 2*d)*Mom(nu15,0)*Mom(nu15,-p4)*Den(p3)^2*Deng(0,xiw,
      M3)^2*Deng(p4,xiw,M3)^2*p3.p3*p4.p4*ufoGC58^2*ufoGC4^2*Op
       - 1/4/(d^3 + d^2 - 2*d)*Mom(nu15,0)*Mom(nu15,-p4)*Den(p3)^2*Deng(0,xiw,
      M3)^2*Deng(p4,xiw,M3)^2*p3.p4^2*d*xia*ufoGC58^2*ufoGC4^2*Op
       + 1/4/(d^3 + d^2 - 2*d)*Mom(nu15,0)*Mom(nu15,-p4)*Den(p3)^2*Deng(0,xiw,
      M3)^2*Deng(p4,xiw,M3)^2*p3.p4^2*d*ufoGC58^2*ufoGC4^2*Op
       - 1/4/(d^3 + d^2 - 2*d)*Mom(nu15,0)^2*Den(p3)^2*Deng(0,xiw,M3)^2*Deng(
      p4,xiw,M3)^2*p3.p3*p4.p4*xia*ufoGC58^2*ufoGC4^2*Op
       + 1/4/(d^3 + d^2 - 2*d)*Mom(nu15,0)^2*Den(p3)^2*Deng(0,xiw,M3)^2*Deng(
      p4,xiw,M3)^2*p3.p3*p4.p4*ufoGC58^2*ufoGC4^2*Op
       + 1/4/(d^3 + d^2 - 2*d)*Mom(nu15,0)^2*Den(p3)^2*Deng(0,xiw,M3)^2*Deng(
      p4,xiw,M3)^2*p3.p4^2*d*xia*ufoGC58^2*ufoGC4^2*Op
       - 1/4/(d^3 + d^2 - 2*d)*Mom(nu15,0)^2*Den(p3)^2*Deng(0,xiw,M3)^2*Deng(
      p4,xiw,M3)^2*p3.p4^2*d*ufoGC58^2*ufoGC4^2*Op
       + 1/4*g_(1,6_,nu9)*g_(2,6_,nu11)*Mom(nu11,p3)*Mom(nu9,-p3)*Den(p3)^2*
      Deng(0,xiw,M3)^2*Deng(p4,xiw,M3)*p3.p3*xia*ufoGC58^2*ufoGC4^2
       - 1/4*g_(1,6_,nu9)*g_(2,6_,nu11)*Mom(nu11,p3)*Mom(nu9,-p3)*Den(p3)^2*
      Deng(0,xiw,M3)^2*Deng(p4,xiw,M3)*p3.p3*ufoGC58^2*ufoGC4^2
       + 1/4*g_(1,6_,nu9)*g_(2,6_,nu11)*Mom(nu11,p3)*Mom(nu9,-p3)*Den(p3)*
      Deng(0,xiw,M3)^2*Deng(p4,xiw,M3)*d*ufoGC58^2*ufoGC4^2
       - 1/4*g_(1,6_,nu9)*g_(2,6_,nu11)*Mom(nu11,p3)*Mom(nu9,-p3)*Den(p3)*
      Deng(0,xiw,M3)^2*Deng(p4,xiw,M3)*ufoGC58^2*ufoGC4^2
       - 1/4*g_(1,6_,nu9)*g_(2,6_,nu11)*Mom(nu11,p3)*Mom(nu9,-p3)*Den(p3)*
      Deng(0,xiw,M3)^2*Deng(p4,xiw,M3)^2*p4.p4*ufoGC58^2*ufoGC4^2
       - 1/4*g_(1,6_,nu9)*g_(2,6_,nu11)*Mom(nu11,p3)*Mom(nu9,-p4)*Den(p3)^2*
      Deng(0,xiw,M3)^2*Deng(p4,xiw,M3)*p3.p3*xia*ufoGC58^2*ufoGC4^2
       + 1/4*g_(1,6_,nu9)*g_(2,6_,nu11)*Mom(nu11,p3)*Mom(nu9,-p4)*Den(p3)^2*
      Deng(0,xiw,M3)^2*Deng(p4,xiw,M3)*p3.p3*ufoGC58^2*ufoGC4^2
       - 1/4*g_(1,6_,nu9)*g_(2,6_,nu11)*Mom(nu11,p3)*Mom(nu9,-p4)*Den(p3)*
      Deng(0,xiw,M3)^2*Deng(p4,xiw,M3)*d*ufoGC58^2*ufoGC4^2
       + 1/4*g_(1,6_,nu9)*g_(2,6_,nu11)*Mom(nu11,p3)*Mom(nu9,-p4)*Den(p3)*
      Deng(0,xiw,M3)^2*Deng(p4,xiw,M3)*ufoGC58^2*ufoGC4^2
       + 1/4*g_(1,6_,nu9)*g_(2,6_,nu11)*Mom(nu11,p3)*Mom(nu9,-p4)*Den(p3)*
      Deng(0,xiw,M3)^2*Deng(p4,xiw,M3)^2*p4.p4*ufoGC58^2*ufoGC4^2
       - 1/4*g_(1,6_,nu9)*g_(2,6_,nu11)*Mom(nu11,p4)*Mom(nu9,-p3)*Den(p3)^2*
      Deng(0,xiw,M3)^2*Deng(p4,xiw,M3)*p3.p3*xia*ufoGC58^2*ufoGC4^2
       + 1/4*g_(1,6_,nu9)*g_(2,6_,nu11)*Mom(nu11,p4)*Mom(nu9,-p3)*Den(p3)^2*
      Deng(0,xiw,M3)^2*Deng(p4,xiw,M3)*p3.p3*ufoGC58^2*ufoGC4^2
       - 1/4*g_(1,6_,nu9)*g_(2,6_,nu11)*Mom(nu11,p4)*Mom(nu9,-p3)*Den(p3)*
      Deng(0,xiw,M3)^2*Deng(p4,xiw,M3)*d*ufoGC58^2*ufoGC4^2
       + 1/4*g_(1,6_,nu9)*g_(2,6_,nu11)*Mom(nu11,p4)*Mom(nu9,-p3)*Den(p3)*
      Deng(0,xiw,M3)^2*Deng(p4,xiw,M3)*ufoGC58^2*ufoGC4^2
       + 1/4*g_(1,6_,nu9)*g_(2,6_,nu11)*Mom(nu11,p4)*Mom(nu9,-p3)*Den(p3)*
      Deng(0,xiw,M3)^2*Deng(p4,xiw,M3)^2*p4.p4*ufoGC58^2*ufoGC4^2
       + 1/4*g_(1,6_,nu9)*g_(2,6_,nu11)*Mom(nu11,p4)*Mom(nu9,-p4)*Den(p3)^2*
      Deng(0,xiw,M3)^2*Deng(p4,xiw,M3)*p3.p3*xia*ufoGC58^2*ufoGC4^2
       - 1/4*g_(1,6_,nu9)*g_(2,6_,nu11)*Mom(nu11,p4)*Mom(nu9,-p4)*Den(p3)^2*
      Deng(0,xiw,M3)^2*Deng(p4,xiw,M3)*p3.p3*ufoGC58^2*ufoGC4^2
       + 1/4*g_(1,6_,nu9)*g_(2,6_,nu11)*Mom(nu11,p4)*Mom(nu9,-p4)*Den(p3)*
      Deng(0,xiw,M3)^2*Deng(p4,xiw,M3)*d*ufoGC58^2*ufoGC4^2
       - 1/4*g_(1,6_,nu9)*g_(2,6_,nu11)*Mom(nu11,p4)*Mom(nu9,-p4)*Den(p3)*
      Deng(0,xiw,M3)^2*Deng(p4,xiw,M3)*ufoGC58^2*ufoGC4^2
       - 1/4*g_(1,6_,nu9)*g_(2,6_,nu11)*Mom(nu11,p4)*Mom(nu9,-p4)*Den(p3)*
      Deng(0,xiw,M3)^2*Deng(p4,xiw,M3)^2*p4.p4*ufoGC58^2*ufoGC4^2
       + 1/4*g_(1,6_,nu9)*g_(2,6_,nu11)/(d^3 + d^2 - 2*d)*Mom(nu11,p3)*Mom(nu9
      ,-p3)*Den(p3)^2*Deng(0,xiw,M3)^2*Deng(p4,xiw,M3)^2*p3.p3*p4.p4*d^2*xia*
      ufoGC58^2*ufoGC4^2
       - 1/4*g_(1,6_,nu9)*g_(2,6_,nu11)/(d^3 + d^2 - 2*d)*Mom(nu11,p3)*Mom(nu9
      ,-p3)*Den(p3)^2*Deng(0,xiw,M3)^2*Deng(p4,xiw,M3)^2*p3.p3*p4.p4*d^2*
      ufoGC58^2*ufoGC4^2
       + 1/4*g_(1,6_,nu9)*g_(2,6_,nu11)/(d^3 + d^2 - 2*d)*Mom(nu11,p3)*Mom(nu9
      ,-p3)*Den(p3)^2*Deng(0,xiw,M3)^2*Deng(p4,xiw,M3)^2*p3.p3*p4.p4*d*xia*
      ufoGC58^2*ufoGC4^2
       - 1/4*g_(1,6_,nu9)*g_(2,6_,nu11)/(d^3 + d^2 - 2*d)*Mom(nu11,p3)*Mom(nu9
      ,-p3)*Den(p3)^2*Deng(0,xiw,M3)^2*Deng(p4,xiw,M3)^2*p3.p3*p4.p4*d*
      ufoGC58^2*ufoGC4^2
       - 1/4*g_(1,6_,nu9)*g_(2,6_,nu11)/(d^3 + d^2 - 2*d)*Mom(nu11,p3)*Mom(nu9
      ,-p3)*Den(p3)^2*Deng(0,xiw,M3)^2*Deng(p4,xiw,M3)^2*p3.p4^2*d^3*xia*
      ufoGC58^2*ufoGC4^2
       + 1/4*g_(1,6_,nu9)*g_(2,6_,nu11)/(d^3 + d^2 - 2*d)*Mom(nu11,p3)*Mom(nu9
      ,-p3)*Den(p3)^2*Deng(0,xiw,M3)^2*Deng(p4,xiw,M3)^2*p3.p4^2*d^3*ufoGC58^2
      *ufoGC4^2
       - 1/4*g_(1,6_,nu9)*g_(2,6_,nu11)/(d^3 + d^2 - 2*d)*Mom(nu11,p3)*Mom(nu9
      ,-p3)*Den(p3)^2*Deng(0,xiw,M3)^2*Deng(p4,xiw,M3)^2*p3.p4^2*d^2*xia*
      ufoGC58^2*ufoGC4^2
       + 1/4*g_(1,6_,nu9)*g_(2,6_,nu11)/(d^3 + d^2 - 2*d)*Mom(nu11,p3)*Mom(nu9
      ,-p3)*Den(p3)^2*Deng(0,xiw,M3)^2*Deng(p4,xiw,M3)^2*p3.p4^2*d^2*ufoGC58^2
      *ufoGC4^2
       - 1/4*g_(1,6_,nu9)*g_(2,6_,nu11)/(d^3 + d^2 - 2*d)*Mom(nu11,p3)*Mom(nu9
      ,-p4)*Den(p3)^2*Deng(0,xiw,M3)^2*Deng(p4,xiw,M3)^2*p3.p3*p4.p4*d^2*xia*
      ufoGC58^2*ufoGC4^2
       + 1/4*g_(1,6_,nu9)*g_(2,6_,nu11)/(d^3 + d^2 - 2*d)*Mom(nu11,p3)*Mom(nu9
      ,-p4)*Den(p3)^2*Deng(0,xiw,M3)^2*Deng(p4,xiw,M3)^2*p3.p3*p4.p4*d^2*
      ufoGC58^2*ufoGC4^2
       - 1/4*g_(1,6_,nu9)*g_(2,6_,nu11)/(d^3 + d^2 - 2*d)*Mom(nu11,p3)*Mom(nu9
      ,-p4)*Den(p3)^2*Deng(0,xiw,M3)^2*Deng(p4,xiw,M3)^2*p3.p3*p4.p4*d*xia*
      ufoGC58^2*ufoGC4^2
       + 1/4*g_(1,6_,nu9)*g_(2,6_,nu11)/(d^3 + d^2 - 2*d)*Mom(nu11,p3)*Mom(nu9
      ,-p4)*Den(p3)^2*Deng(0,xiw,M3)^2*Deng(p4,xiw,M3)^2*p3.p3*p4.p4*d*
      ufoGC58^2*ufoGC4^2
       + 1/4*g_(1,6_,nu9)*g_(2,6_,nu11)/(d^3 + d^2 - 2*d)*Mom(nu11,p3)*Mom(nu9
      ,-p4)*Den(p3)^2*Deng(0,xiw,M3)^2*Deng(p4,xiw,M3)^2*p3.p4^2*d^3*xia*
      ufoGC58^2*ufoGC4^2
       - 1/4*g_(1,6_,nu9)*g_(2,6_,nu11)/(d^3 + d^2 - 2*d)*Mom(nu11,p3)*Mom(nu9
      ,-p4)*Den(p3)^2*Deng(0,xiw,M3)^2*Deng(p4,xiw,M3)^2*p3.p4^2*d^3*ufoGC58^2
      *ufoGC4^2
       + 1/4*g_(1,6_,nu9)*g_(2,6_,nu11)/(d^3 + d^2 - 2*d)*Mom(nu11,p3)*Mom(nu9
      ,-p4)*Den(p3)^2*Deng(0,xiw,M3)^2*Deng(p4,xiw,M3)^2*p3.p4^2*d^2*xia*
      ufoGC58^2*ufoGC4^2
       - 1/4*g_(1,6_,nu9)*g_(2,6_,nu11)/(d^3 + d^2 - 2*d)*Mom(nu11,p3)*Mom(nu9
      ,-p4)*Den(p3)^2*Deng(0,xiw,M3)^2*Deng(p4,xiw,M3)^2*p3.p4^2*d^2*ufoGC58^2
      *ufoGC4^2
       - 1/4*g_(1,6_,nu9)*g_(2,6_,nu11)/(d^3 + d^2 - 2*d)*Mom(nu11,p4)*Mom(nu9
      ,-p3)*Den(p3)^2*Deng(0,xiw,M3)^2*Deng(p4,xiw,M3)^2*p3.p3*p4.p4*d^2*xia*
      ufoGC58^2*ufoGC4^2
       + 1/4*g_(1,6_,nu9)*g_(2,6_,nu11)/(d^3 + d^2 - 2*d)*Mom(nu11,p4)*Mom(nu9
      ,-p3)*Den(p3)^2*Deng(0,xiw,M3)^2*Deng(p4,xiw,M3)^2*p3.p3*p4.p4*d^2*
      ufoGC58^2*ufoGC4^2
       - 1/4*g_(1,6_,nu9)*g_(2,6_,nu11)/(d^3 + d^2 - 2*d)*Mom(nu11,p4)*Mom(nu9
      ,-p3)*Den(p3)^2*Deng(0,xiw,M3)^2*Deng(p4,xiw,M3)^2*p3.p3*p4.p4*d*xia*
      ufoGC58^2*ufoGC4^2
       + 1/4*g_(1,6_,nu9)*g_(2,6_,nu11)/(d^3 + d^2 - 2*d)*Mom(nu11,p4)*Mom(nu9
      ,-p3)*Den(p3)^2*Deng(0,xiw,M3)^2*Deng(p4,xiw,M3)^2*p3.p3*p4.p4*d*
      ufoGC58^2*ufoGC4^2
       + 1/4*g_(1,6_,nu9)*g_(2,6_,nu11)/(d^3 + d^2 - 2*d)*Mom(nu11,p4)*Mom(nu9
      ,-p3)*Den(p3)^2*Deng(0,xiw,M3)^2*Deng(p4,xiw,M3)^2*p3.p4^2*d^3*xia*
      ufoGC58^2*ufoGC4^2
       - 1/4*g_(1,6_,nu9)*g_(2,6_,nu11)/(d^3 + d^2 - 2*d)*Mom(nu11,p4)*Mom(nu9
      ,-p3)*Den(p3)^2*Deng(0,xiw,M3)^2*Deng(p4,xiw,M3)^2*p3.p4^2*d^3*ufoGC58^2
      *ufoGC4^2
       + 1/4*g_(1,6_,nu9)*g_(2,6_,nu11)/(d^3 + d^2 - 2*d)*Mom(nu11,p4)*Mom(nu9
      ,-p3)*Den(p3)^2*Deng(0,xiw,M3)^2*Deng(p4,xiw,M3)^2*p3.p4^2*d^2*xia*
      ufoGC58^2*ufoGC4^2
       - 1/4*g_(1,6_,nu9)*g_(2,6_,nu11)/(d^3 + d^2 - 2*d)*Mom(nu11,p4)*Mom(nu9
      ,-p3)*Den(p3)^2*Deng(0,xiw,M3)^2*Deng(p4,xiw,M3)^2*p3.p4^2*d^2*ufoGC58^2
      *ufoGC4^2
       + 1/4*g_(1,6_,nu9)*g_(2,6_,nu11)/(d^3 + d^2 - 2*d)*Mom(nu11,p4)*Mom(nu9
      ,-p4)*Den(p3)^2*Deng(0,xiw,M3)^2*Deng(p4,xiw,M3)^2*p3.p3*p4.p4*d^2*xia*
      ufoGC58^2*ufoGC4^2
       - 1/4*g_(1,6_,nu9)*g_(2,6_,nu11)/(d^3 + d^2 - 2*d)*Mom(nu11,p4)*Mom(nu9
      ,-p4)*Den(p3)^2*Deng(0,xiw,M3)^2*Deng(p4,xiw,M3)^2*p3.p3*p4.p4*d^2*
      ufoGC58^2*ufoGC4^2
       + 1/4*g_(1,6_,nu9)*g_(2,6_,nu11)/(d^3 + d^2 - 2*d)*Mom(nu11,p4)*Mom(nu9
      ,-p4)*Den(p3)^2*Deng(0,xiw,M3)^2*Deng(p4,xiw,M3)^2*p3.p3*p4.p4*d*xia*
      ufoGC58^2*ufoGC4^2
       - 1/4*g_(1,6_,nu9)*g_(2,6_,nu11)/(d^3 + d^2 - 2*d)*Mom(nu11,p4)*Mom(nu9
      ,-p4)*Den(p3)^2*Deng(0,xiw,M3)^2*Deng(p4,xiw,M3)^2*p3.p3*p4.p4*d*
      ufoGC58^2*ufoGC4^2
       - 1/4*g_(1,6_,nu9)*g_(2,6_,nu11)/(d^3 + d^2 - 2*d)*Mom(nu11,p4)*Mom(nu9
      ,-p4)*Den(p3)^2*Deng(0,xiw,M3)^2*Deng(p4,xiw,M3)^2*p3.p4^2*d^3*xia*
      ufoGC58^2*ufoGC4^2
       + 1/4*g_(1,6_,nu9)*g_(2,6_,nu11)/(d^3 + d^2 - 2*d)*Mom(nu11,p4)*Mom(nu9
      ,-p4)*Den(p3)^2*Deng(0,xiw,M3)^2*Deng(p4,xiw,M3)^2*p3.p4^2*d^3*ufoGC58^2
      *ufoGC4^2
       - 1/4*g_(1,6_,nu9)*g_(2,6_,nu11)/(d^3 + d^2 - 2*d)*Mom(nu11,p4)*Mom(nu9
      ,-p4)*Den(p3)^2*Deng(0,xiw,M3)^2*Deng(p4,xiw,M3)^2*p3.p4^2*d^2*xia*
      ufoGC58^2*ufoGC4^2
       + 1/4*g_(1,6_,nu9)*g_(2,6_,nu11)/(d^3 + d^2 - 2*d)*Mom(nu11,p4)*Mom(nu9
      ,-p4)*Den(p3)^2*Deng(0,xiw,M3)^2*Deng(p4,xiw,M3)^2*p3.p4^2*d^2*ufoGC58^2
      *ufoGC4^2
       + 1/4*g_(1,6_,nu9)*g_(2,6_,nu13)*Mom(nu9,-p3)*Mom(nu13,p4)*Den(p3)^2*
      Deng(0,xiw,M3)^2*Deng(p4,xiw,M3)*p3.p3*d^-1*xia*ufoGC58^2*ufoGC4^2
       - 1/4*g_(1,6_,nu9)*g_(2,6_,nu13)*Mom(nu9,-p3)*Mom(nu13,p4)*Den(p3)^2*
      Deng(0,xiw,M3)^2*Deng(p4,xiw,M3)*p3.p3*d^-1*ufoGC58^2*ufoGC4^2
       - 1/4*g_(1,6_,nu9)*g_(2,6_,nu13)*Mom(nu9,-p3)*Mom(nu13,p4)*Den(p3)*
      Deng(0,xiw,M3)^2*Deng(p4,xiw,M3)^2*p4.p4*d^-1*ufoGC58^2*ufoGC4^2
       - 1/4*g_(1,6_,nu9)*g_(2,6_,nu13)*Mom(nu9,-p3)*Mom(nu13,0)*Den(p3)^2*
      Deng(0,xiw,M3)^2*Deng(p4,xiw,M3)*p3.p3*d^-1*xia*ufoGC58^2*ufoGC4^2
       + 1/4*g_(1,6_,nu9)*g_(2,6_,nu13)*Mom(nu9,-p3)*Mom(nu13,0)*Den(p3)^2*
      Deng(0,xiw,M3)^2*Deng(p4,xiw,M3)*p3.p3*d^-1*ufoGC58^2*ufoGC4^2
       + 1/4*g_(1,6_,nu9)*g_(2,6_,nu13)*Mom(nu9,-p3)*Mom(nu13,0)*Den(p3)*Deng(
      0,xiw,M3)^2*Deng(p4,xiw,M3)^2*p4.p4*d^-1*ufoGC58^2*ufoGC4^2
       - 1/4*g_(1,6_,nu9)*g_(2,6_,nu13)*Mom(nu9,-p4)*Mom(nu13,p4)*Den(p3)^2*
      Deng(0,xiw,M3)^2*Deng(p4,xiw,M3)*p3.p3*d^-1*xia*ufoGC58^2*ufoGC4^2
       + 1/4*g_(1,6_,nu9)*g_(2,6_,nu13)*Mom(nu9,-p4)*Mom(nu13,p4)*Den(p3)^2*
      Deng(0,xiw,M3)^2*Deng(p4,xiw,M3)*p3.p3*d^-1*ufoGC58^2*ufoGC4^2
       + 1/4*g_(1,6_,nu9)*g_(2,6_,nu13)*Mom(nu9,-p4)*Mom(nu13,p4)*Den(p3)*
      Deng(0,xiw,M3)^2*Deng(p4,xiw,M3)^2*p4.p4*d^-1*ufoGC58^2*ufoGC4^2
       + 1/4*g_(1,6_,nu9)*g_(2,6_,nu13)*Mom(nu9,-p4)*Mom(nu13,0)*Den(p3)^2*
      Deng(0,xiw,M3)^2*Deng(p4,xiw,M3)*p3.p3*d^-1*xia*ufoGC58^2*ufoGC4^2
       - 1/4*g_(1,6_,nu9)*g_(2,6_,nu13)*Mom(nu9,-p4)*Mom(nu13,0)*Den(p3)^2*
      Deng(0,xiw,M3)^2*Deng(p4,xiw,M3)*p3.p3*d^-1*ufoGC58^2*ufoGC4^2
       - 1/4*g_(1,6_,nu9)*g_(2,6_,nu13)*Mom(nu9,-p4)*Mom(nu13,0)*Den(p3)*Deng(
      0,xiw,M3)^2*Deng(p4,xiw,M3)^2*p4.p4*d^-1*ufoGC58^2*ufoGC4^2
       + 1/4*g_(1,6_,nu9)*g_(2,6_,nu13)/(d^3 + d^2 - 2*d)*Mom(nu9,-p3)*Mom(
      nu13,p4)*Den(p3)^2*Deng(0,xiw,M3)^2*Deng(p4,xiw,M3)^2*p3.p3*p4.p4*d*xia*
      ufoGC58^2*ufoGC4^2
       - 1/4*g_(1,6_,nu9)*g_(2,6_,nu13)/(d^3 + d^2 - 2*d)*Mom(nu9,-p3)*Mom(
      nu13,p4)*Den(p3)^2*Deng(0,xiw,M3)^2*Deng(p4,xiw,M3)^2*p3.p3*p4.p4*d*
      ufoGC58^2*ufoGC4^2
       - 1/4*g_(1,6_,nu9)*g_(2,6_,nu13)/(d^3 + d^2 - 2*d)*Mom(nu9,-p3)*Mom(
      nu13,p4)*Den(p3)^2*Deng(0,xiw,M3)^2*Deng(p4,xiw,M3)^2*p3.p4^2*d^2*xia*
      ufoGC58^2*ufoGC4^2
       + 1/4*g_(1,6_,nu9)*g_(2,6_,nu13)/(d^3 + d^2 - 2*d)*Mom(nu9,-p3)*Mom(
      nu13,p4)*Den(p3)^2*Deng(0,xiw,M3)^2*Deng(p4,xiw,M3)^2*p3.p4^2*d^2*
      ufoGC58^2*ufoGC4^2
       - 1/4*g_(1,6_,nu9)*g_(2,6_,nu13)/(d^3 + d^2 - 2*d)*Mom(nu9,-p3)*Mom(
      nu13,0)*Den(p3)^2*Deng(0,xiw,M3)^2*Deng(p4,xiw,M3)^2*p3.p3*p4.p4*d*xia*
      ufoGC58^2*ufoGC4^2
       + 1/4*g_(1,6_,nu9)*g_(2,6_,nu13)/(d^3 + d^2 - 2*d)*Mom(nu9,-p3)*Mom(
      nu13,0)*Den(p3)^2*Deng(0,xiw,M3)^2*Deng(p4,xiw,M3)^2*p3.p3*p4.p4*d*
      ufoGC58^2*ufoGC4^2
       + 1/4*g_(1,6_,nu9)*g_(2,6_,nu13)/(d^3 + d^2 - 2*d)*Mom(nu9,-p3)*Mom(
      nu13,0)*Den(p3)^2*Deng(0,xiw,M3)^2*Deng(p4,xiw,M3)^2*p3.p4^2*d^2*xia*
      ufoGC58^2*ufoGC4^2
       - 1/4*g_(1,6_,nu9)*g_(2,6_,nu13)/(d^3 + d^2 - 2*d)*Mom(nu9,-p3)*Mom(
      nu13,0)*Den(p3)^2*Deng(0,xiw,M3)^2*Deng(p4,xiw,M3)^2*p3.p4^2*d^2*
      ufoGC58^2*ufoGC4^2
       - 1/4*g_(1,6_,nu9)*g_(2,6_,nu13)/(d^3 + d^2 - 2*d)*Mom(nu9,-p4)*Mom(
      nu13,p4)*Den(p3)^2*Deng(0,xiw,M3)^2*Deng(p4,xiw,M3)^2*p3.p3*p4.p4*d*xia*
      ufoGC58^2*ufoGC4^2
       + 1/4*g_(1,6_,nu9)*g_(2,6_,nu13)/(d^3 + d^2 - 2*d)*Mom(nu9,-p4)*Mom(
      nu13,p4)*Den(p3)^2*Deng(0,xiw,M3)^2*Deng(p4,xiw,M3)^2*p3.p3*p4.p4*d*
      ufoGC58^2*ufoGC4^2
       - 1/4*g_(1,6_,nu9)*g_(2,6_,nu13)/(d^3 + d^2 - 2*d)*Mom(nu9,-p4)*Mom(
      nu13,p4)*Den(p3)^2*Deng(0,xiw,M3)^2*Deng(p4,xiw,M3)^2*p3.p3*p4.p4*xia*
      ufoGC58^2*ufoGC4^2
       + 1/4*g_(1,6_,nu9)*g_(2,6_,nu13)/(d^3 + d^2 - 2*d)*Mom(nu9,-p4)*Mom(
      nu13,p4)*Den(p3)^2*Deng(0,xiw,M3)^2*Deng(p4,xiw,M3)^2*p3.p3*p4.p4*
      ufoGC58^2*ufoGC4^2
       + 1/4*g_(1,6_,nu9)*g_(2,6_,nu13)/(d^3 + d^2 - 2*d)*Mom(nu9,-p4)*Mom(
      nu13,p4)*Den(p3)^2*Deng(0,xiw,M3)^2*Deng(p4,xiw,M3)^2*p3.p4^2*d^2*xia*
      ufoGC58^2*ufoGC4^2
       - 1/4*g_(1,6_,nu9)*g_(2,6_,nu13)/(d^3 + d^2 - 2*d)*Mom(nu9,-p4)*Mom(
      nu13,p4)*Den(p3)^2*Deng(0,xiw,M3)^2*Deng(p4,xiw,M3)^2*p3.p4^2*d^2*
      ufoGC58^2*ufoGC4^2
       + 1/4*g_(1,6_,nu9)*g_(2,6_,nu13)/(d^3 + d^2 - 2*d)*Mom(nu9,-p4)*Mom(
      nu13,p4)*Den(p3)^2*Deng(0,xiw,M3)^2*Deng(p4,xiw,M3)^2*p3.p4^2*d*xia*
      ufoGC58^2*ufoGC4^2
       - 1/4*g_(1,6_,nu9)*g_(2,6_,nu13)/(d^3 + d^2 - 2*d)*Mom(nu9,-p4)*Mom(
      nu13,p4)*Den(p3)^2*Deng(0,xiw,M3)^2*Deng(p4,xiw,M3)^2*p3.p4^2*d*
      ufoGC58^2*ufoGC4^2
       + 1/4*g_(1,6_,nu9)*g_(2,6_,nu13)/(d^3 + d^2 - 2*d)*Mom(nu9,-p4)*Mom(
      nu13,0)*Den(p3)^2*Deng(0,xiw,M3)^2*Deng(p4,xiw,M3)^2*p3.p3*p4.p4*d*xia*
      ufoGC58^2*ufoGC4^2
       - 1/4*g_(1,6_,nu9)*g_(2,6_,nu13)/(d^3 + d^2 - 2*d)*Mom(nu9,-p4)*Mom(
      nu13,0)*Den(p3)^2*Deng(0,xiw,M3)^2*Deng(p4,xiw,M3)^2*p3.p3*p4.p4*d*
      ufoGC58^2*ufoGC4^2
       + 1/4*g_(1,6_,nu9)*g_(2,6_,nu13)/(d^3 + d^2 - 2*d)*Mom(nu9,-p4)*Mom(
      nu13,0)*Den(p3)^2*Deng(0,xiw,M3)^2*Deng(p4,xiw,M3)^2*p3.p3*p4.p4*xia*
      ufoGC58^2*ufoGC4^2
       - 1/4*g_(1,6_,nu9)*g_(2,6_,nu13)/(d^3 + d^2 - 2*d)*Mom(nu9,-p4)*Mom(
      nu13,0)*Den(p3)^2*Deng(0,xiw,M3)^2*Deng(p4,xiw,M3)^2*p3.p3*p4.p4*
      ufoGC58^2*ufoGC4^2
       - 1/4*g_(1,6_,nu9)*g_(2,6_,nu13)/(d^3 + d^2 - 2*d)*Mom(nu9,-p4)*Mom(
      nu13,0)*Den(p3)^2*Deng(0,xiw,M3)^2*Deng(p4,xiw,M3)^2*p3.p4^2*d^2*xia*
      ufoGC58^2*ufoGC4^2
       + 1/4*g_(1,6_,nu9)*g_(2,6_,nu13)/(d^3 + d^2 - 2*d)*Mom(nu9,-p4)*Mom(
      nu13,0)*Den(p3)^2*Deng(0,xiw,M3)^2*Deng(p4,xiw,M3)^2*p3.p4^2*d^2*
      ufoGC58^2*ufoGC4^2
       - 1/4*g_(1,6_,nu9)*g_(2,6_,nu13)/(d^3 + d^2 - 2*d)*Mom(nu9,-p4)*Mom(
      nu13,0)*Den(p3)^2*Deng(0,xiw,M3)^2*Deng(p4,xiw,M3)^2*p3.p4^2*d*xia*
      ufoGC58^2*ufoGC4^2
       + 1/4*g_(1,6_,nu9)*g_(2,6_,nu13)/(d^3 + d^2 - 2*d)*Mom(nu9,-p4)*Mom(
      nu13,0)*Den(p3)^2*Deng(0,xiw,M3)^2*Deng(p4,xiw,M3)^2*p3.p4^2*d*ufoGC58^2
      *ufoGC4^2
       + 1/4*g_(1,6_,nu9)*g_(2,6_,nu13)/(d^3 + d^2 - 2*d)*Mom(nu9,0)*Mom(nu13,
      p4)*Den(p3)^2*Deng(0,xiw,M3)^2*Deng(p4,xiw,M3)^2*p3.p3*p4.p4*xia*
      ufoGC58^2*ufoGC4^2
       - 1/4*g_(1,6_,nu9)*g_(2,6_,nu13)/(d^3 + d^2 - 2*d)*Mom(nu9,0)*Mom(nu13,
      p4)*Den(p3)^2*Deng(0,xiw,M3)^2*Deng(p4,xiw,M3)^2*p3.p3*p4.p4*ufoGC58^2*
      ufoGC4^2
       - 1/4*g_(1,6_,nu9)*g_(2,6_,nu13)/(d^3 + d^2 - 2*d)*Mom(nu9,0)*Mom(nu13,
      p4)*Den(p3)^2*Deng(0,xiw,M3)^2*Deng(p4,xiw,M3)^2*p3.p4^2*d*xia*ufoGC58^2
      *ufoGC4^2
       + 1/4*g_(1,6_,nu9)*g_(2,6_,nu13)/(d^3 + d^2 - 2*d)*Mom(nu9,0)*Mom(nu13,
      p4)*Den(p3)^2*Deng(0,xiw,M3)^2*Deng(p4,xiw,M3)^2*p3.p4^2*d*ufoGC58^2*
      ufoGC4^2
       - 1/4*g_(1,6_,nu9)*g_(2,6_,nu13)/(d^3 + d^2 - 2*d)*Mom(nu9,0)*Mom(nu13,
      0)*Den(p3)^2*Deng(0,xiw,M3)^2*Deng(p4,xiw,M3)^2*p3.p3*p4.p4*xia*
      ufoGC58^2*ufoGC4^2
       + 1/4*g_(1,6_,nu9)*g_(2,6_,nu13)/(d^3 + d^2 - 2*d)*Mom(nu9,0)*Mom(nu13,
      0)*Den(p3)^2*Deng(0,xiw,M3)^2*Deng(p4,xiw,M3)^2*p3.p3*p4.p4*ufoGC58^2*
      ufoGC4^2
       + 1/4*g_(1,6_,nu9)*g_(2,6_,nu13)/(d^3 + d^2 - 2*d)*Mom(nu9,0)*Mom(nu13,
      0)*Den(p3)^2*Deng(0,xiw,M3)^2*Deng(p4,xiw,M3)^2*p3.p4^2*d*xia*ufoGC58^2*
      ufoGC4^2
       - 1/4*g_(1,6_,nu9)*g_(2,6_,nu13)/(d^3 + d^2 - 2*d)*Mom(nu9,0)*Mom(nu13,
      0)*Den(p3)^2*Deng(0,xiw,M3)^2*Deng(p4,xiw,M3)^2*p3.p4^2*d*ufoGC58^2*
      ufoGC4^2
       - 1/4*g_(1,6_,nu9)*g_(2,6_,nu15)*Mom(nu9,-p3)*Mom(nu15,p3)*Den(p3)^2*
      Deng(0,xiw,M3)^2*Deng(p4,xiw,M3)*p3.p3*d^-1*xia*ufoGC58^2*ufoGC4^2
       + 1/4*g_(1,6_,nu9)*g_(2,6_,nu15)*Mom(nu9,-p3)*Mom(nu15,p3)*Den(p3)^2*
      Deng(0,xiw,M3)^2*Deng(p4,xiw,M3)*p3.p3*d^-1*ufoGC58^2*ufoGC4^2
       + 1/4*g_(1,6_,nu9)*g_(2,6_,nu15)*Mom(nu9,-p3)*Mom(nu15,p3)*Den(p3)*
      Deng(0,xiw,M3)^2*Deng(p4,xiw,M3)^2*p4.p4*d^-1*ufoGC58^2*ufoGC4^2
       + 1/4*g_(1,6_,nu9)*g_(2,6_,nu15)*Mom(nu9,-p3)*Mom(nu15,0)*Den(p3)^2*
      Deng(0,xiw,M3)^2*Deng(p4,xiw,M3)*p3.p3*d^-1*xia*ufoGC58^2*ufoGC4^2
       - 1/4*g_(1,6_,nu9)*g_(2,6_,nu15)*Mom(nu9,-p3)*Mom(nu15,0)*Den(p3)^2*
      Deng(0,xiw,M3)^2*Deng(p4,xiw,M3)*p3.p3*d^-1*ufoGC58^2*ufoGC4^2
       - 1/4*g_(1,6_,nu9)*g_(2,6_,nu15)*Mom(nu9,-p3)*Mom(nu15,0)*Den(p3)*Deng(
      0,xiw,M3)^2*Deng(p4,xiw,M3)^2*p4.p4*d^-1*ufoGC58^2*ufoGC4^2
       + 1/4*g_(1,6_,nu9)*g_(2,6_,nu15)*Mom(nu9,-p4)*Mom(nu15,p3)*Den(p3)^2*
      Deng(0,xiw,M3)^2*Deng(p4,xiw,M3)*p3.p3*d^-1*xia*ufoGC58^2*ufoGC4^2
       - 1/4*g_(1,6_,nu9)*g_(2,6_,nu15)*Mom(nu9,-p4)*Mom(nu15,p3)*Den(p3)^2*
      Deng(0,xiw,M3)^2*Deng(p4,xiw,M3)*p3.p3*d^-1*ufoGC58^2*ufoGC4^2
       - 1/4*g_(1,6_,nu9)*g_(2,6_,nu15)*Mom(nu9,-p4)*Mom(nu15,p3)*Den(p3)*
      Deng(0,xiw,M3)^2*Deng(p4,xiw,M3)^2*p4.p4*d^-1*ufoGC58^2*ufoGC4^2
       - 1/4*g_(1,6_,nu9)*g_(2,6_,nu15)*Mom(nu9,-p4)*Mom(nu15,0)*Den(p3)^2*
      Deng(0,xiw,M3)^2*Deng(p4,xiw,M3)*p3.p3*d^-1*xia*ufoGC58^2*ufoGC4^2
       + 1/4*g_(1,6_,nu9)*g_(2,6_,nu15)*Mom(nu9,-p4)*Mom(nu15,0)*Den(p3)^2*
      Deng(0,xiw,M3)^2*Deng(p4,xiw,M3)*p3.p3*d^-1*ufoGC58^2*ufoGC4^2
       + 1/4*g_(1,6_,nu9)*g_(2,6_,nu15)*Mom(nu9,-p4)*Mom(nu15,0)*Den(p3)*Deng(
      0,xiw,M3)^2*Deng(p4,xiw,M3)^2*p4.p4*d^-1*ufoGC58^2*ufoGC4^2
       - 1/4*g_(1,6_,nu9)*g_(2,6_,nu15)/(d^3 + d^2 - 2*d)*Mom(nu9,-p3)*Mom(
      nu15,p3)*Den(p3)^2*Deng(0,xiw,M3)^2*Deng(p4,xiw,M3)^2*p3.p3*p4.p4*d*xia*
      ufoGC58^2*ufoGC4^2
       + 1/4*g_(1,6_,nu9)*g_(2,6_,nu15)/(d^3 + d^2 - 2*d)*Mom(nu9,-p3)*Mom(
      nu15,p3)*Den(p3)^2*Deng(0,xiw,M3)^2*Deng(p4,xiw,M3)^2*p3.p3*p4.p4*d*
      ufoGC58^2*ufoGC4^2
       - 1/4*g_(1,6_,nu9)*g_(2,6_,nu15)/(d^3 + d^2 - 2*d)*Mom(nu9,-p3)*Mom(
      nu15,p3)*Den(p3)^2*Deng(0,xiw,M3)^2*Deng(p4,xiw,M3)^2*p3.p3*p4.p4*xia*
      ufoGC58^2*ufoGC4^2
       + 1/4*g_(1,6_,nu9)*g_(2,6_,nu15)/(d^3 + d^2 - 2*d)*Mom(nu9,-p3)*Mom(
      nu15,p3)*Den(p3)^2*Deng(0,xiw,M3)^2*Deng(p4,xiw,M3)^2*p3.p3*p4.p4*
      ufoGC58^2*ufoGC4^2
       + 1/4*g_(1,6_,nu9)*g_(2,6_,nu15)/(d^3 + d^2 - 2*d)*Mom(nu9,-p3)*Mom(
      nu15,p3)*Den(p3)^2*Deng(0,xiw,M3)^2*Deng(p4,xiw,M3)^2*p3.p4^2*d^2*xia*
      ufoGC58^2*ufoGC4^2
       - 1/4*g_(1,6_,nu9)*g_(2,6_,nu15)/(d^3 + d^2 - 2*d)*Mom(nu9,-p3)*Mom(
      nu15,p3)*Den(p3)^2*Deng(0,xiw,M3)^2*Deng(p4,xiw,M3)^2*p3.p4^2*d^2*
      ufoGC58^2*ufoGC4^2
       + 1/4*g_(1,6_,nu9)*g_(2,6_,nu15)/(d^3 + d^2 - 2*d)*Mom(nu9,-p3)*Mom(
      nu15,p3)*Den(p3)^2*Deng(0,xiw,M3)^2*Deng(p4,xiw,M3)^2*p3.p4^2*d*xia*
      ufoGC58^2*ufoGC4^2
       - 1/4*g_(1,6_,nu9)*g_(2,6_,nu15)/(d^3 + d^2 - 2*d)*Mom(nu9,-p3)*Mom(
      nu15,p3)*Den(p3)^2*Deng(0,xiw,M3)^2*Deng(p4,xiw,M3)^2*p3.p4^2*d*
      ufoGC58^2*ufoGC4^2
       + 1/4*g_(1,6_,nu9)*g_(2,6_,nu15)/(d^3 + d^2 - 2*d)*Mom(nu9,-p3)*Mom(
      nu15,0)*Den(p3)^2*Deng(0,xiw,M3)^2*Deng(p4,xiw,M3)^2*p3.p3*p4.p4*d*xia*
      ufoGC58^2*ufoGC4^2
       - 1/4*g_(1,6_,nu9)*g_(2,6_,nu15)/(d^3 + d^2 - 2*d)*Mom(nu9,-p3)*Mom(
      nu15,0)*Den(p3)^2*Deng(0,xiw,M3)^2*Deng(p4,xiw,M3)^2*p3.p3*p4.p4*d*
      ufoGC58^2*ufoGC4^2
       + 1/4*g_(1,6_,nu9)*g_(2,6_,nu15)/(d^3 + d^2 - 2*d)*Mom(nu9,-p3)*Mom(
      nu15,0)*Den(p3)^2*Deng(0,xiw,M3)^2*Deng(p4,xiw,M3)^2*p3.p3*p4.p4*xia*
      ufoGC58^2*ufoGC4^2
       - 1/4*g_(1,6_,nu9)*g_(2,6_,nu15)/(d^3 + d^2 - 2*d)*Mom(nu9,-p3)*Mom(
      nu15,0)*Den(p3)^2*Deng(0,xiw,M3)^2*Deng(p4,xiw,M3)^2*p3.p3*p4.p4*
      ufoGC58^2*ufoGC4^2
       - 1/4*g_(1,6_,nu9)*g_(2,6_,nu15)/(d^3 + d^2 - 2*d)*Mom(nu9,-p3)*Mom(
      nu15,0)*Den(p3)^2*Deng(0,xiw,M3)^2*Deng(p4,xiw,M3)^2*p3.p4^2*d^2*xia*
      ufoGC58^2*ufoGC4^2
       + 1/4*g_(1,6_,nu9)*g_(2,6_,nu15)/(d^3 + d^2 - 2*d)*Mom(nu9,-p3)*Mom(
      nu15,0)*Den(p3)^2*Deng(0,xiw,M3)^2*Deng(p4,xiw,M3)^2*p3.p4^2*d^2*
      ufoGC58^2*ufoGC4^2
       - 1/4*g_(1,6_,nu9)*g_(2,6_,nu15)/(d^3 + d^2 - 2*d)*Mom(nu9,-p3)*Mom(
      nu15,0)*Den(p3)^2*Deng(0,xiw,M3)^2*Deng(p4,xiw,M3)^2*p3.p4^2*d*xia*
      ufoGC58^2*ufoGC4^2
       + 1/4*g_(1,6_,nu9)*g_(2,6_,nu15)/(d^3 + d^2 - 2*d)*Mom(nu9,-p3)*Mom(
      nu15,0)*Den(p3)^2*Deng(0,xiw,M3)^2*Deng(p4,xiw,M3)^2*p3.p4^2*d*ufoGC58^2
      *ufoGC4^2
       + 1/4*g_(1,6_,nu9)*g_(2,6_,nu15)/(d^3 + d^2 - 2*d)*Mom(nu9,-p4)*Mom(
      nu15,p3)*Den(p3)^2*Deng(0,xiw,M3)^2*Deng(p4,xiw,M3)^2*p3.p3*p4.p4*d*xia*
      ufoGC58^2*ufoGC4^2
       - 1/4*g_(1,6_,nu9)*g_(2,6_,nu15)/(d^3 + d^2 - 2*d)*Mom(nu9,-p4)*Mom(
      nu15,p3)*Den(p3)^2*Deng(0,xiw,M3)^2*Deng(p4,xiw,M3)^2*p3.p3*p4.p4*d*
      ufoGC58^2*ufoGC4^2
       + 1/4*g_(1,6_,nu9)*g_(2,6_,nu15)/(d^3 + d^2 - 2*d)*Mom(nu9,-p4)*Mom(
      nu15,p3)*Den(p3)^2*Deng(0,xiw,M3)^2*Deng(p4,xiw,M3)^2*p3.p3*p4.p4*xia*
      ufoGC58^2*ufoGC4^2
       - 1/4*g_(1,6_,nu9)*g_(2,6_,nu15)/(d^3 + d^2 - 2*d)*Mom(nu9,-p4)*Mom(
      nu15,p3)*Den(p3)^2*Deng(0,xiw,M3)^2*Deng(p4,xiw,M3)^2*p3.p3*p4.p4*
      ufoGC58^2*ufoGC4^2
       - 1/4*g_(1,6_,nu9)*g_(2,6_,nu15)/(d^3 + d^2 - 2*d)*Mom(nu9,-p4)*Mom(
      nu15,p3)*Den(p3)^2*Deng(0,xiw,M3)^2*Deng(p4,xiw,M3)^2*p3.p4^2*d^2*xia*
      ufoGC58^2*ufoGC4^2
       + 1/4*g_(1,6_,nu9)*g_(2,6_,nu15)/(d^3 + d^2 - 2*d)*Mom(nu9,-p4)*Mom(
      nu15,p3)*Den(p3)^2*Deng(0,xiw,M3)^2*Deng(p4,xiw,M3)^2*p3.p4^2*d^2*
      ufoGC58^2*ufoGC4^2
       - 1/4*g_(1,6_,nu9)*g_(2,6_,nu15)/(d^3 + d^2 - 2*d)*Mom(nu9,-p4)*Mom(
      nu15,p3)*Den(p3)^2*Deng(0,xiw,M3)^2*Deng(p4,xiw,M3)^2*p3.p4^2*d*xia*
      ufoGC58^2*ufoGC4^2
       + 1/4*g_(1,6_,nu9)*g_(2,6_,nu15)/(d^3 + d^2 - 2*d)*Mom(nu9,-p4)*Mom(
      nu15,p3)*Den(p3)^2*Deng(0,xiw,M3)^2*Deng(p4,xiw,M3)^2*p3.p4^2*d*
      ufoGC58^2*ufoGC4^2
       - 1/4*g_(1,6_,nu9)*g_(2,6_,nu15)/(d^3 + d^2 - 2*d)*Mom(nu9,-p4)*Mom(
      nu15,0)*Den(p3)^2*Deng(0,xiw,M3)^2*Deng(p4,xiw,M3)^2*p3.p3*p4.p4*d*xia*
      ufoGC58^2*ufoGC4^2
       + 1/4*g_(1,6_,nu9)*g_(2,6_,nu15)/(d^3 + d^2 - 2*d)*Mom(nu9,-p4)*Mom(
      nu15,0)*Den(p3)^2*Deng(0,xiw,M3)^2*Deng(p4,xiw,M3)^2*p3.p3*p4.p4*d*
      ufoGC58^2*ufoGC4^2
       - 1/4*g_(1,6_,nu9)*g_(2,6_,nu15)/(d^3 + d^2 - 2*d)*Mom(nu9,-p4)*Mom(
      nu15,0)*Den(p3)^2*Deng(0,xiw,M3)^2*Deng(p4,xiw,M3)^2*p3.p3*p4.p4*xia*
      ufoGC58^2*ufoGC4^2
       + 1/4*g_(1,6_,nu9)*g_(2,6_,nu15)/(d^3 + d^2 - 2*d)*Mom(nu9,-p4)*Mom(
      nu15,0)*Den(p3)^2*Deng(0,xiw,M3)^2*Deng(p4,xiw,M3)^2*p3.p3*p4.p4*
      ufoGC58^2*ufoGC4^2
       + 1/4*g_(1,6_,nu9)*g_(2,6_,nu15)/(d^3 + d^2 - 2*d)*Mom(nu9,-p4)*Mom(
      nu15,0)*Den(p3)^2*Deng(0,xiw,M3)^2*Deng(p4,xiw,M3)^2*p3.p4^2*d^2*xia*
      ufoGC58^2*ufoGC4^2
       - 1/4*g_(1,6_,nu9)*g_(2,6_,nu15)/(d^3 + d^2 - 2*d)*Mom(nu9,-p4)*Mom(
      nu15,0)*Den(p3)^2*Deng(0,xiw,M3)^2*Deng(p4,xiw,M3)^2*p3.p4^2*d^2*
      ufoGC58^2*ufoGC4^2
       + 1/4*g_(1,6_,nu9)*g_(2,6_,nu15)/(d^3 + d^2 - 2*d)*Mom(nu9,-p4)*Mom(
      nu15,0)*Den(p3)^2*Deng(0,xiw,M3)^2*Deng(p4,xiw,M3)^2*p3.p4^2*d*xia*
      ufoGC58^2*ufoGC4^2
       - 1/4*g_(1,6_,nu9)*g_(2,6_,nu15)/(d^3 + d^2 - 2*d)*Mom(nu9,-p4)*Mom(
      nu15,0)*Den(p3)^2*Deng(0,xiw,M3)^2*Deng(p4,xiw,M3)^2*p3.p4^2*d*ufoGC58^2
      *ufoGC4^2
       + 1/4*g_(1,6_,nu14)*g_(2,6_,nu13)/(d^3 + d^2 - 2*d)*Mom(nu14,-p4)*Mom(
      nu13,p4)*Den(p3)^2*Deng(0,xiw,M3)^2*Deng(p4,xiw,M3)^2*p3.p3*p4.p4*xia*
      ufoGC58^2*ufoGC4^2
       - 1/4*g_(1,6_,nu14)*g_(2,6_,nu13)/(d^3 + d^2 - 2*d)*Mom(nu14,-p4)*Mom(
      nu13,p4)*Den(p3)^2*Deng(0,xiw,M3)^2*Deng(p4,xiw,M3)^2*p3.p3*p4.p4*
      ufoGC58^2*ufoGC4^2
       - 1/4*g_(1,6_,nu14)*g_(2,6_,nu13)/(d^3 + d^2 - 2*d)*Mom(nu14,-p4)*Mom(
      nu13,p4)*Den(p3)^2*Deng(0,xiw,M3)^2*Deng(p4,xiw,M3)^2*p3.p4^2*d*xia*
      ufoGC58^2*ufoGC4^2
       + 1/4*g_(1,6_,nu14)*g_(2,6_,nu13)/(d^3 + d^2 - 2*d)*Mom(nu14,-p4)*Mom(
      nu13,p4)*Den(p3)^2*Deng(0,xiw,M3)^2*Deng(p4,xiw,M3)^2*p3.p4^2*d*
      ufoGC58^2*ufoGC4^2
       - 1/4*g_(1,6_,nu14)*g_(2,6_,nu13)/(d^3 + d^2 - 2*d)*Mom(nu14,-p4)*Mom(
      nu13,0)*Den(p3)^2*Deng(0,xiw,M3)^2*Deng(p4,xiw,M3)^2*p3.p3*p4.p4*xia*
      ufoGC58^2*ufoGC4^2
       + 1/4*g_(1,6_,nu14)*g_(2,6_,nu13)/(d^3 + d^2 - 2*d)*Mom(nu14,-p4)*Mom(
      nu13,0)*Den(p3)^2*Deng(0,xiw,M3)^2*Deng(p4,xiw,M3)^2*p3.p3*p4.p4*
      ufoGC58^2*ufoGC4^2
       + 1/4*g_(1,6_,nu14)*g_(2,6_,nu13)/(d^3 + d^2 - 2*d)*Mom(nu14,-p4)*Mom(
      nu13,0)*Den(p3)^2*Deng(0,xiw,M3)^2*Deng(p4,xiw,M3)^2*p3.p4^2*d*xia*
      ufoGC58^2*ufoGC4^2
       - 1/4*g_(1,6_,nu14)*g_(2,6_,nu13)/(d^3 + d^2 - 2*d)*Mom(nu14,-p4)*Mom(
      nu13,0)*Den(p3)^2*Deng(0,xiw,M3)^2*Deng(p4,xiw,M3)^2*p3.p4^2*d*ufoGC58^2
      *ufoGC4^2
       - 1/4*g_(1,6_,nu14)*g_(2,6_,nu13)/(d^3 + d^2 - 2*d)*Mom(nu14,0)*Mom(
      nu13,p4)*Den(p3)^2*Deng(0,xiw,M3)^2*Deng(p4,xiw,M3)^2*p3.p3*p4.p4*xia*
      ufoGC58^2*ufoGC4^2
       + 1/4*g_(1,6_,nu14)*g_(2,6_,nu13)/(d^3 + d^2 - 2*d)*Mom(nu14,0)*Mom(
      nu13,p4)*Den(p3)^2*Deng(0,xiw,M3)^2*Deng(p4,xiw,M3)^2*p3.p3*p4.p4*
      ufoGC58^2*ufoGC4^2
       + 1/4*g_(1,6_,nu14)*g_(2,6_,nu13)/(d^3 + d^2 - 2*d)*Mom(nu14,0)*Mom(
      nu13,p4)*Den(p3)^2*Deng(0,xiw,M3)^2*Deng(p4,xiw,M3)^2*p3.p4^2*d*xia*
      ufoGC58^2*ufoGC4^2
       - 1/4*g_(1,6_,nu14)*g_(2,6_,nu13)/(d^3 + d^2 - 2*d)*Mom(nu14,0)*Mom(
      nu13,p4)*Den(p3)^2*Deng(0,xiw,M3)^2*Deng(p4,xiw,M3)^2*p3.p4^2*d*
      ufoGC58^2*ufoGC4^2
       + 1/4*g_(1,6_,nu14)*g_(2,6_,nu13)/(d^3 + d^2 - 2*d)*Mom(nu14,0)*Mom(
      nu13,0)*Den(p3)^2*Deng(0,xiw,M3)^2*Deng(p4,xiw,M3)^2*p3.p3*p4.p4*xia*
      ufoGC58^2*ufoGC4^2
       - 1/4*g_(1,6_,nu14)*g_(2,6_,nu13)/(d^3 + d^2 - 2*d)*Mom(nu14,0)*Mom(
      nu13,0)*Den(p3)^2*Deng(0,xiw,M3)^2*Deng(p4,xiw,M3)^2*p3.p3*p4.p4*
      ufoGC58^2*ufoGC4^2
       - 1/4*g_(1,6_,nu14)*g_(2,6_,nu13)/(d^3 + d^2 - 2*d)*Mom(nu14,0)*Mom(
      nu13,0)*Den(p3)^2*Deng(0,xiw,M3)^2*Deng(p4,xiw,M3)^2*p3.p4^2*d*xia*
      ufoGC58^2*ufoGC4^2
       + 1/4*g_(1,6_,nu14)*g_(2,6_,nu13)/(d^3 + d^2 - 2*d)*Mom(nu14,0)*Mom(
      nu13,0)*Den(p3)^2*Deng(0,xiw,M3)^2*Deng(p4,xiw,M3)^2*p3.p4^2*d*ufoGC58^2
      *ufoGC4^2
       - 1/4*g_(1,6_,nu13)*g_(2,6_,nu11)*Mom(nu11,-p3)*Mom(nu13,p4)*Den(p3)^2*
      Deng(0,xiw,M3)^2*Deng(p4,xiw,M3)*p3.p3*d^-1*xia*ufoGC58^2*ufoGC4^2
       + 1/4*g_(1,6_,nu13)*g_(2,6_,nu11)*Mom(nu11,-p3)*Mom(nu13,p4)*Den(p3)^2*
      Deng(0,xiw,M3)^2*Deng(p4,xiw,M3)*p3.p3*d^-1*ufoGC58^2*ufoGC4^2
       - 1/4*g_(1,6_,nu13)*g_(2,6_,nu11)*Mom(nu11,-p3)*Mom(nu13,p4)*Den(p3)*
      Deng(0,xiw,M3)^2*Deng(p4,xiw,M3)*ufoGC58^2*ufoGC4^2
       + 1/4*g_(1,6_,nu13)*g_(2,6_,nu11)*Mom(nu11,-p3)*Mom(nu13,0)*Den(p3)^2*
      Deng(0,xiw,M3)^2*Deng(p4,xiw,M3)*p3.p3*d^-1*xia*ufoGC58^2*ufoGC4^2
       - 1/4*g_(1,6_,nu13)*g_(2,6_,nu11)*Mom(nu11,-p3)*Mom(nu13,0)*Den(p3)^2*
      Deng(0,xiw,M3)^2*Deng(p4,xiw,M3)*p3.p3*d^-1*ufoGC58^2*ufoGC4^2
       + 1/4*g_(1,6_,nu13)*g_(2,6_,nu11)*Mom(nu11,-p3)*Mom(nu13,0)*Den(p3)*
      Deng(0,xiw,M3)^2*Deng(p4,xiw,M3)*ufoGC58^2*ufoGC4^2
       + 1/4*g_(1,6_,nu13)*g_(2,6_,nu11)*Mom(nu11,0)*Mom(nu13,p4)*Den(p3)^2*
      Deng(0,xiw,M3)^2*Deng(p4,xiw,M3)*p3.p3*d^-1*xia*ufoGC58^2*ufoGC4^2
       - 1/4*g_(1,6_,nu13)*g_(2,6_,nu11)*Mom(nu11,0)*Mom(nu13,p4)*Den(p3)^2*
      Deng(0,xiw,M3)^2*Deng(p4,xiw,M3)*p3.p3*d^-1*ufoGC58^2*ufoGC4^2
       + 1/4*g_(1,6_,nu13)*g_(2,6_,nu11)*Mom(nu11,0)*Mom(nu13,p4)*Den(p3)*
      Deng(0,xiw,M3)^2*Deng(p4,xiw,M3)*ufoGC58^2*ufoGC4^2
       - 1/4*g_(1,6_,nu13)*g_(2,6_,nu11)*Mom(nu11,0)*Mom(nu13,0)*Den(p3)^2*
      Deng(0,xiw,M3)^2*Deng(p4,xiw,M3)*p3.p3*d^-1*xia*ufoGC58^2*ufoGC4^2
       + 1/4*g_(1,6_,nu13)*g_(2,6_,nu11)*Mom(nu11,0)*Mom(nu13,0)*Den(p3)^2*
      Deng(0,xiw,M3)^2*Deng(p4,xiw,M3)*p3.p3*d^-1*ufoGC58^2*ufoGC4^2
       - 1/4*g_(1,6_,nu13)*g_(2,6_,nu11)*Mom(nu11,0)*Mom(nu13,0)*Den(p3)*Deng(
      0,xiw,M3)^2*Deng(p4,xiw,M3)*ufoGC58^2*ufoGC4^2
       + 1/4*g_(1,6_,nu13)*g_(2,6_,nu14)/(d^3 + d^2 - 2*d)*Mom(nu14,-p4)*Mom(
      nu13,p4)*Den(p3)^2*Deng(0,xiw,M3)^2*Deng(p4,xiw,M3)^2*p3.p3*p4.p4*xia*
      ufoGC58^2*ufoGC4^2
       - 1/4*g_(1,6_,nu13)*g_(2,6_,nu14)/(d^3 + d^2 - 2*d)*Mom(nu14,-p4)*Mom(
      nu13,p4)*Den(p3)^2*Deng(0,xiw,M3)^2*Deng(p4,xiw,M3)^2*p3.p3*p4.p4*
      ufoGC58^2*ufoGC4^2
       - 1/4*g_(1,6_,nu13)*g_(2,6_,nu14)/(d^3 + d^2 - 2*d)*Mom(nu14,-p4)*Mom(
      nu13,p4)*Den(p3)^2*Deng(0,xiw,M3)^2*Deng(p4,xiw,M3)^2*p3.p4^2*d*xia*
      ufoGC58^2*ufoGC4^2
       + 1/4*g_(1,6_,nu13)*g_(2,6_,nu14)/(d^3 + d^2 - 2*d)*Mom(nu14,-p4)*Mom(
      nu13,p4)*Den(p3)^2*Deng(0,xiw,M3)^2*Deng(p4,xiw,M3)^2*p3.p4^2*d*
      ufoGC58^2*ufoGC4^2
       - 1/4*g_(1,6_,nu13)*g_(2,6_,nu14)/(d^3 + d^2 - 2*d)*Mom(nu14,-p4)*Mom(
      nu13,0)*Den(p3)^2*Deng(0,xiw,M3)^2*Deng(p4,xiw,M3)^2*p3.p3*p4.p4*xia*
      ufoGC58^2*ufoGC4^2
       + 1/4*g_(1,6_,nu13)*g_(2,6_,nu14)/(d^3 + d^2 - 2*d)*Mom(nu14,-p4)*Mom(
      nu13,0)*Den(p3)^2*Deng(0,xiw,M3)^2*Deng(p4,xiw,M3)^2*p3.p3*p4.p4*
      ufoGC58^2*ufoGC4^2
       + 1/4*g_(1,6_,nu13)*g_(2,6_,nu14)/(d^3 + d^2 - 2*d)*Mom(nu14,-p4)*Mom(
      nu13,0)*Den(p3)^2*Deng(0,xiw,M3)^2*Deng(p4,xiw,M3)^2*p3.p4^2*d*xia*
      ufoGC58^2*ufoGC4^2
       - 1/4*g_(1,6_,nu13)*g_(2,6_,nu14)/(d^3 + d^2 - 2*d)*Mom(nu14,-p4)*Mom(
      nu13,0)*Den(p3)^2*Deng(0,xiw,M3)^2*Deng(p4,xiw,M3)^2*p3.p4^2*d*ufoGC58^2
      *ufoGC4^2
       - 1/4*g_(1,6_,nu13)*g_(2,6_,nu14)/(d^3 + d^2 - 2*d)*Mom(nu14,0)*Mom(
      nu13,p4)*Den(p3)^2*Deng(0,xiw,M3)^2*Deng(p4,xiw,M3)^2*p3.p3*p4.p4*xia*
      ufoGC58^2*ufoGC4^2
       + 1/4*g_(1,6_,nu13)*g_(2,6_,nu14)/(d^3 + d^2 - 2*d)*Mom(nu14,0)*Mom(
      nu13,p4)*Den(p3)^2*Deng(0,xiw,M3)^2*Deng(p4,xiw,M3)^2*p3.p3*p4.p4*
      ufoGC58^2*ufoGC4^2
       + 1/4*g_(1,6_,nu13)*g_(2,6_,nu14)/(d^3 + d^2 - 2*d)*Mom(nu14,0)*Mom(
      nu13,p4)*Den(p3)^2*Deng(0,xiw,M3)^2*Deng(p4,xiw,M3)^2*p3.p4^2*d*xia*
      ufoGC58^2*ufoGC4^2
       - 1/4*g_(1,6_,nu13)*g_(2,6_,nu14)/(d^3 + d^2 - 2*d)*Mom(nu14,0)*Mom(
      nu13,p4)*Den(p3)^2*Deng(0,xiw,M3)^2*Deng(p4,xiw,M3)^2*p3.p4^2*d*
      ufoGC58^2*ufoGC4^2
       + 1/4*g_(1,6_,nu13)*g_(2,6_,nu14)/(d^3 + d^2 - 2*d)*Mom(nu14,0)*Mom(
      nu13,0)*Den(p3)^2*Deng(0,xiw,M3)^2*Deng(p4,xiw,M3)^2*p3.p3*p4.p4*xia*
      ufoGC58^2*ufoGC4^2
       - 1/4*g_(1,6_,nu13)*g_(2,6_,nu14)/(d^3 + d^2 - 2*d)*Mom(nu14,0)*Mom(
      nu13,0)*Den(p3)^2*Deng(0,xiw,M3)^2*Deng(p4,xiw,M3)^2*p3.p3*p4.p4*
      ufoGC58^2*ufoGC4^2
       - 1/4*g_(1,6_,nu13)*g_(2,6_,nu14)/(d^3 + d^2 - 2*d)*Mom(nu14,0)*Mom(
      nu13,0)*Den(p3)^2*Deng(0,xiw,M3)^2*Deng(p4,xiw,M3)^2*p3.p4^2*d*xia*
      ufoGC58^2*ufoGC4^2
       + 1/4*g_(1,6_,nu13)*g_(2,6_,nu14)/(d^3 + d^2 - 2*d)*Mom(nu14,0)*Mom(
      nu13,0)*Den(p3)^2*Deng(0,xiw,M3)^2*Deng(p4,xiw,M3)^2*p3.p4^2*d*ufoGC58^2
      *ufoGC4^2
       + 1/4*g_(1,6_,nu13)*g_(2,6_,nu16)*Mom(nu13,p4)*Mom(nu16,-p3)*Den(p3)*
      Deng(0,xiw,M3)^2*Deng(p4,xiw,M3)^2*p4.p4*d^-1*ufoGC58^2*ufoGC4^2
       - 1/4*g_(1,6_,nu13)*g_(2,6_,nu16)*Mom(nu13,p4)*Mom(nu16,0)*Den(p3)*
      Deng(0,xiw,M3)^2*Deng(p4,xiw,M3)^2*p4.p4*d^-1*ufoGC58^2*ufoGC4^2
       - 1/4*g_(1,6_,nu13)*g_(2,6_,nu16)*Mom(nu13,0)*Mom(nu16,-p3)*Den(p3)*
      Deng(0,xiw,M3)^2*Deng(p4,xiw,M3)^2*p4.p4*d^-1*ufoGC58^2*ufoGC4^2
       + 1/4*g_(1,6_,nu13)*g_(2,6_,nu16)*Mom(nu13,0)*Mom(nu16,0)*Den(p3)*Deng(
      0,xiw,M3)^2*Deng(p4,xiw,M3)^2*p4.p4*d^-1*ufoGC58^2*ufoGC4^2
       - 1/4*g_(1,6_,nu16)*g_(2,6_,nu11)*Mom(nu11,p3)*Mom(nu16,-p3)*Den(p3)*
      Deng(0,xiw,M3)^2*Deng(p4,xiw,M3)*ufoGC58^2*ufoGC4^2
       + 1/4*g_(1,6_,nu16)*g_(2,6_,nu11)*Mom(nu11,p3)*Mom(nu16,0)*Den(p3)*
      Deng(0,xiw,M3)^2*Deng(p4,xiw,M3)*ufoGC58^2*ufoGC4^2
       + 1/4*g_(1,6_,nu16)*g_(2,6_,nu11)*Mom(nu11,p4)*Mom(nu16,-p3)*Den(p3)*
      Deng(0,xiw,M3)^2*Deng(p4,xiw,M3)*ufoGC58^2*ufoGC4^2
       - 1/4*g_(1,6_,nu16)*g_(2,6_,nu11)*Mom(nu11,p4)*Mom(nu16,0)*Den(p3)*
      Deng(0,xiw,M3)^2*Deng(p4,xiw,M3)*ufoGC58^2*ufoGC4^2
       - 1/4*g_(1,6_,nu16)*g_(2,6_,nu11)/(d^3 + d^2 - 2*d)*Mom(nu11,p3)*Mom(
      nu16,-p3)*Den(p3)^2*Deng(0,xiw,M3)^2*Deng(p4,xiw,M3)^2*p3.p3*p4.p4*d*xia
      *ufoGC58^2*ufoGC4^2
       + 1/4*g_(1,6_,nu16)*g_(2,6_,nu11)/(d^3 + d^2 - 2*d)*Mom(nu11,p3)*Mom(
      nu16,-p3)*Den(p3)^2*Deng(0,xiw,M3)^2*Deng(p4,xiw,M3)^2*p3.p3*p4.p4*d*
      ufoGC58^2*ufoGC4^2
       - 1/4*g_(1,6_,nu16)*g_(2,6_,nu11)/(d^3 + d^2 - 2*d)*Mom(nu11,p3)*Mom(
      nu16,-p3)*Den(p3)^2*Deng(0,xiw,M3)^2*Deng(p4,xiw,M3)^2*p3.p3*p4.p4*xia*
      ufoGC58^2*ufoGC4^2
       + 1/4*g_(1,6_,nu16)*g_(2,6_,nu11)/(d^3 + d^2 - 2*d)*Mom(nu11,p3)*Mom(
      nu16,-p3)*Den(p3)^2*Deng(0,xiw,M3)^2*Deng(p4,xiw,M3)^2*p3.p3*p4.p4*
      ufoGC58^2*ufoGC4^2
       + 1/4*g_(1,6_,nu16)*g_(2,6_,nu11)/(d^3 + d^2 - 2*d)*Mom(nu11,p3)*Mom(
      nu16,-p3)*Den(p3)^2*Deng(0,xiw,M3)^2*Deng(p4,xiw,M3)^2*p3.p4^2*d^2*xia*
      ufoGC58^2*ufoGC4^2
       - 1/4*g_(1,6_,nu16)*g_(2,6_,nu11)/(d^3 + d^2 - 2*d)*Mom(nu11,p3)*Mom(
      nu16,-p3)*Den(p3)^2*Deng(0,xiw,M3)^2*Deng(p4,xiw,M3)^2*p3.p4^2*d^2*
      ufoGC58^2*ufoGC4^2
       + 1/4*g_(1,6_,nu16)*g_(2,6_,nu11)/(d^3 + d^2 - 2*d)*Mom(nu11,p3)*Mom(
      nu16,-p3)*Den(p3)^2*Deng(0,xiw,M3)^2*Deng(p4,xiw,M3)^2*p3.p4^2*d*xia*
      ufoGC58^2*ufoGC4^2
       - 1/4*g_(1,6_,nu16)*g_(2,6_,nu11)/(d^3 + d^2 - 2*d)*Mom(nu11,p3)*Mom(
      nu16,-p3)*Den(p3)^2*Deng(0,xiw,M3)^2*Deng(p4,xiw,M3)^2*p3.p4^2*d*
      ufoGC58^2*ufoGC4^2
       + 1/4*g_(1,6_,nu16)*g_(2,6_,nu11)/(d^3 + d^2 - 2*d)*Mom(nu11,p3)*Mom(
      nu16,-p4)*Den(p3)^2*Deng(0,xiw,M3)^2*Deng(p4,xiw,M3)^2*p3.p3*p4.p4*d*xia
      *ufoGC58^2*ufoGC4^2
       - 1/4*g_(1,6_,nu16)*g_(2,6_,nu11)/(d^3 + d^2 - 2*d)*Mom(nu11,p3)*Mom(
      nu16,-p4)*Den(p3)^2*Deng(0,xiw,M3)^2*Deng(p4,xiw,M3)^2*p3.p3*p4.p4*d*
      ufoGC58^2*ufoGC4^2
       + 1/4*g_(1,6_,nu16)*g_(2,6_,nu11)/(d^3 + d^2 - 2*d)*Mom(nu11,p3)*Mom(
      nu16,-p4)*Den(p3)^2*Deng(0,xiw,M3)^2*Deng(p4,xiw,M3)^2*p3.p3*p4.p4*xia*
      ufoGC58^2*ufoGC4^2
       - 1/4*g_(1,6_,nu16)*g_(2,6_,nu11)/(d^3 + d^2 - 2*d)*Mom(nu11,p3)*Mom(
      nu16,-p4)*Den(p3)^2*Deng(0,xiw,M3)^2*Deng(p4,xiw,M3)^2*p3.p3*p4.p4*
      ufoGC58^2*ufoGC4^2
       - 1/4*g_(1,6_,nu16)*g_(2,6_,nu11)/(d^3 + d^2 - 2*d)*Mom(nu11,p3)*Mom(
      nu16,-p4)*Den(p3)^2*Deng(0,xiw,M3)^2*Deng(p4,xiw,M3)^2*p3.p4^2*d^2*xia*
      ufoGC58^2*ufoGC4^2
       + 1/4*g_(1,6_,nu16)*g_(2,6_,nu11)/(d^3 + d^2 - 2*d)*Mom(nu11,p3)*Mom(
      nu16,-p4)*Den(p3)^2*Deng(0,xiw,M3)^2*Deng(p4,xiw,M3)^2*p3.p4^2*d^2*
      ufoGC58^2*ufoGC4^2
       - 1/4*g_(1,6_,nu16)*g_(2,6_,nu11)/(d^3 + d^2 - 2*d)*Mom(nu11,p3)*Mom(
      nu16,-p4)*Den(p3)^2*Deng(0,xiw,M3)^2*Deng(p4,xiw,M3)^2*p3.p4^2*d*xia*
      ufoGC58^2*ufoGC4^2
       + 1/4*g_(1,6_,nu16)*g_(2,6_,nu11)/(d^3 + d^2 - 2*d)*Mom(nu11,p3)*Mom(
      nu16,-p4)*Den(p3)^2*Deng(0,xiw,M3)^2*Deng(p4,xiw,M3)^2*p3.p4^2*d*
      ufoGC58^2*ufoGC4^2
       + 1/4*g_(1,6_,nu16)*g_(2,6_,nu11)/(d^3 + d^2 - 2*d)*Mom(nu11,p4)*Mom(
      nu16,-p3)*Den(p3)^2*Deng(0,xiw,M3)^2*Deng(p4,xiw,M3)^2*p3.p3*p4.p4*d*xia
      *ufoGC58^2*ufoGC4^2
       - 1/4*g_(1,6_,nu16)*g_(2,6_,nu11)/(d^3 + d^2 - 2*d)*Mom(nu11,p4)*Mom(
      nu16,-p3)*Den(p3)^2*Deng(0,xiw,M3)^2*Deng(p4,xiw,M3)^2*p3.p3*p4.p4*d*
      ufoGC58^2*ufoGC4^2
       + 1/4*g_(1,6_,nu16)*g_(2,6_,nu11)/(d^3 + d^2 - 2*d)*Mom(nu11,p4)*Mom(
      nu16,-p3)*Den(p3)^2*Deng(0,xiw,M3)^2*Deng(p4,xiw,M3)^2*p3.p3*p4.p4*xia*
      ufoGC58^2*ufoGC4^2
       - 1/4*g_(1,6_,nu16)*g_(2,6_,nu11)/(d^3 + d^2 - 2*d)*Mom(nu11,p4)*Mom(
      nu16,-p3)*Den(p3)^2*Deng(0,xiw,M3)^2*Deng(p4,xiw,M3)^2*p3.p3*p4.p4*
      ufoGC58^2*ufoGC4^2
       - 1/4*g_(1,6_,nu16)*g_(2,6_,nu11)/(d^3 + d^2 - 2*d)*Mom(nu11,p4)*Mom(
      nu16,-p3)*Den(p3)^2*Deng(0,xiw,M3)^2*Deng(p4,xiw,M3)^2*p3.p4^2*d^2*xia*
      ufoGC58^2*ufoGC4^2
       + 1/4*g_(1,6_,nu16)*g_(2,6_,nu11)/(d^3 + d^2 - 2*d)*Mom(nu11,p4)*Mom(
      nu16,-p3)*Den(p3)^2*Deng(0,xiw,M3)^2*Deng(p4,xiw,M3)^2*p3.p4^2*d^2*
      ufoGC58^2*ufoGC4^2
       - 1/4*g_(1,6_,nu16)*g_(2,6_,nu11)/(d^3 + d^2 - 2*d)*Mom(nu11,p4)*Mom(
      nu16,-p3)*Den(p3)^2*Deng(0,xiw,M3)^2*Deng(p4,xiw,M3)^2*p3.p4^2*d*xia*
      ufoGC58^2*ufoGC4^2
       + 1/4*g_(1,6_,nu16)*g_(2,6_,nu11)/(d^3 + d^2 - 2*d)*Mom(nu11,p4)*Mom(
      nu16,-p3)*Den(p3)^2*Deng(0,xiw,M3)^2*Deng(p4,xiw,M3)^2*p3.p4^2*d*
      ufoGC58^2*ufoGC4^2
       - 1/4*g_(1,6_,nu16)*g_(2,6_,nu11)/(d^3 + d^2 - 2*d)*Mom(nu11,p4)*Mom(
      nu16,-p4)*Den(p3)^2*Deng(0,xiw,M3)^2*Deng(p4,xiw,M3)^2*p3.p3*p4.p4*d*xia
      *ufoGC58^2*ufoGC4^2
       + 1/4*g_(1,6_,nu16)*g_(2,6_,nu11)/(d^3 + d^2 - 2*d)*Mom(nu11,p4)*Mom(
      nu16,-p4)*Den(p3)^2*Deng(0,xiw,M3)^2*Deng(p4,xiw,M3)^2*p3.p3*p4.p4*d*
      ufoGC58^2*ufoGC4^2
       - 1/4*g_(1,6_,nu16)*g_(2,6_,nu11)/(d^3 + d^2 - 2*d)*Mom(nu11,p4)*Mom(
      nu16,-p4)*Den(p3)^2*Deng(0,xiw,M3)^2*Deng(p4,xiw,M3)^2*p3.p3*p4.p4*xia*
      ufoGC58^2*ufoGC4^2
       + 1/4*g_(1,6_,nu16)*g_(2,6_,nu11)/(d^3 + d^2 - 2*d)*Mom(nu11,p4)*Mom(
      nu16,-p4)*Den(p3)^2*Deng(0,xiw,M3)^2*Deng(p4,xiw,M3)^2*p3.p3*p4.p4*
      ufoGC58^2*ufoGC4^2
       + 1/4*g_(1,6_,nu16)*g_(2,6_,nu11)/(d^3 + d^2 - 2*d)*Mom(nu11,p4)*Mom(
      nu16,-p4)*Den(p3)^2*Deng(0,xiw,M3)^2*Deng(p4,xiw,M3)^2*p3.p4^2*d^2*xia*
      ufoGC58^2*ufoGC4^2
       - 1/4*g_(1,6_,nu16)*g_(2,6_,nu11)/(d^3 + d^2 - 2*d)*Mom(nu11,p4)*Mom(
      nu16,-p4)*Den(p3)^2*Deng(0,xiw,M3)^2*Deng(p4,xiw,M3)^2*p3.p4^2*d^2*
      ufoGC58^2*ufoGC4^2
       + 1/4*g_(1,6_,nu16)*g_(2,6_,nu11)/(d^3 + d^2 - 2*d)*Mom(nu11,p4)*Mom(
      nu16,-p4)*Den(p3)^2*Deng(0,xiw,M3)^2*Deng(p4,xiw,M3)^2*p3.p4^2*d*xia*
      ufoGC58^2*ufoGC4^2
       - 1/4*g_(1,6_,nu16)*g_(2,6_,nu11)/(d^3 + d^2 - 2*d)*Mom(nu11,p4)*Mom(
      nu16,-p4)*Den(p3)^2*Deng(0,xiw,M3)^2*Deng(p4,xiw,M3)^2*p3.p4^2*d*
      ufoGC58^2*ufoGC4^2
       + 1/4*g_(1,6_,nu16)*g_(2,6_,nu15)/(d^3 + d^2 - 2*d)*Mom(nu16,-p3)*Mom(
      nu15,p3)*Den(p3)^2*Deng(0,xiw,M3)^2*Deng(p4,xiw,M3)^2*p3.p3*p4.p4*xia*
      ufoGC58^2*ufoGC4^2
       - 1/4*g_(1,6_,nu16)*g_(2,6_,nu15)/(d^3 + d^2 - 2*d)*Mom(nu16,-p3)*Mom(
      nu15,p3)*Den(p3)^2*Deng(0,xiw,M3)^2*Deng(p4,xiw,M3)^2*p3.p3*p4.p4*
      ufoGC58^2*ufoGC4^2
       - 1/4*g_(1,6_,nu16)*g_(2,6_,nu15)/(d^3 + d^2 - 2*d)*Mom(nu16,-p3)*Mom(
      nu15,p3)*Den(p3)^2*Deng(0,xiw,M3)^2*Deng(p4,xiw,M3)^2*p3.p4^2*d*xia*
      ufoGC58^2*ufoGC4^2
       + 1/4*g_(1,6_,nu16)*g_(2,6_,nu15)/(d^3 + d^2 - 2*d)*Mom(nu16,-p3)*Mom(
      nu15,p3)*Den(p3)^2*Deng(0,xiw,M3)^2*Deng(p4,xiw,M3)^2*p3.p4^2*d*
      ufoGC58^2*ufoGC4^2
       - 1/4*g_(1,6_,nu16)*g_(2,6_,nu15)/(d^3 + d^2 - 2*d)*Mom(nu16,-p3)*Mom(
      nu15,0)*Den(p3)^2*Deng(0,xiw,M3)^2*Deng(p4,xiw,M3)^2*p3.p3*p4.p4*xia*
      ufoGC58^2*ufoGC4^2
       + 1/4*g_(1,6_,nu16)*g_(2,6_,nu15)/(d^3 + d^2 - 2*d)*Mom(nu16,-p3)*Mom(
      nu15,0)*Den(p3)^2*Deng(0,xiw,M3)^2*Deng(p4,xiw,M3)^2*p3.p3*p4.p4*
      ufoGC58^2*ufoGC4^2
       + 1/4*g_(1,6_,nu16)*g_(2,6_,nu15)/(d^3 + d^2 - 2*d)*Mom(nu16,-p3)*Mom(
      nu15,0)*Den(p3)^2*Deng(0,xiw,M3)^2*Deng(p4,xiw,M3)^2*p3.p4^2*d*xia*
      ufoGC58^2*ufoGC4^2
       - 1/4*g_(1,6_,nu16)*g_(2,6_,nu15)/(d^3 + d^2 - 2*d)*Mom(nu16,-p3)*Mom(
      nu15,0)*Den(p3)^2*Deng(0,xiw,M3)^2*Deng(p4,xiw,M3)^2*p3.p4^2*d*ufoGC58^2
      *ufoGC4^2
       - 1/4*g_(1,6_,nu16)*g_(2,6_,nu15)/(d^3 + d^2 - 2*d)*Mom(nu16,-p4)*Mom(
      nu15,p3)*Den(p3)^2*Deng(0,xiw,M3)^2*Deng(p4,xiw,M3)^2*p3.p3*p4.p4*xia*
      ufoGC58^2*ufoGC4^2
       + 1/4*g_(1,6_,nu16)*g_(2,6_,nu15)/(d^3 + d^2 - 2*d)*Mom(nu16,-p4)*Mom(
      nu15,p3)*Den(p3)^2*Deng(0,xiw,M3)^2*Deng(p4,xiw,M3)^2*p3.p3*p4.p4*
      ufoGC58^2*ufoGC4^2
       + 1/4*g_(1,6_,nu16)*g_(2,6_,nu15)/(d^3 + d^2 - 2*d)*Mom(nu16,-p4)*Mom(
      nu15,p3)*Den(p3)^2*Deng(0,xiw,M3)^2*Deng(p4,xiw,M3)^2*p3.p4^2*d*xia*
      ufoGC58^2*ufoGC4^2
       - 1/4*g_(1,6_,nu16)*g_(2,6_,nu15)/(d^3 + d^2 - 2*d)*Mom(nu16,-p4)*Mom(
      nu15,p3)*Den(p3)^2*Deng(0,xiw,M3)^2*Deng(p4,xiw,M3)^2*p3.p4^2*d*
      ufoGC58^2*ufoGC4^2
       + 1/4*g_(1,6_,nu16)*g_(2,6_,nu15)/(d^3 + d^2 - 2*d)*Mom(nu16,-p4)*Mom(
      nu15,0)*Den(p3)^2*Deng(0,xiw,M3)^2*Deng(p4,xiw,M3)^2*p3.p3*p4.p4*xia*
      ufoGC58^2*ufoGC4^2
       - 1/4*g_(1,6_,nu16)*g_(2,6_,nu15)/(d^3 + d^2 - 2*d)*Mom(nu16,-p4)*Mom(
      nu15,0)*Den(p3)^2*Deng(0,xiw,M3)^2*Deng(p4,xiw,M3)^2*p3.p3*p4.p4*
      ufoGC58^2*ufoGC4^2
       - 1/4*g_(1,6_,nu16)*g_(2,6_,nu15)/(d^3 + d^2 - 2*d)*Mom(nu16,-p4)*Mom(
      nu15,0)*Den(p3)^2*Deng(0,xiw,M3)^2*Deng(p4,xiw,M3)^2*p3.p4^2*d*xia*
      ufoGC58^2*ufoGC4^2
       + 1/4*g_(1,6_,nu16)*g_(2,6_,nu15)/(d^3 + d^2 - 2*d)*Mom(nu16,-p4)*Mom(
      nu15,0)*Den(p3)^2*Deng(0,xiw,M3)^2*Deng(p4,xiw,M3)^2*p3.p4^2*d*ufoGC58^2
      *ufoGC4^2
       - 1/4*g_(1,6_,nu15)*g_(2,6_,nu11)*Mom(nu11,p3)*Mom(nu15,-p3)*Den(p3)^2*
      Deng(0,xiw,M3)^2*Deng(p4,xiw,M3)*p3.p3*d^-1*xia*ufoGC58^2*ufoGC4^2
       + 1/4*g_(1,6_,nu15)*g_(2,6_,nu11)*Mom(nu11,p3)*Mom(nu15,-p3)*Den(p3)^2*
      Deng(0,xiw,M3)^2*Deng(p4,xiw,M3)*p3.p3*d^-1*ufoGC58^2*ufoGC4^2
       + 1/4*g_(1,6_,nu15)*g_(2,6_,nu11)*Mom(nu11,p3)*Mom(nu15,-p3)*Den(p3)*
      Deng(0,xiw,M3)^2*Deng(p4,xiw,M3)^2*p4.p4*d^-1*ufoGC58^2*ufoGC4^2
       + 1/4*g_(1,6_,nu15)*g_(2,6_,nu11)*Mom(nu11,p3)*Mom(nu15,-p4)*Den(p3)^2*
      Deng(0,xiw,M3)^2*Deng(p4,xiw,M3)*p3.p3*d^-1*xia*ufoGC58^2*ufoGC4^2
       - 1/4*g_(1,6_,nu15)*g_(2,6_,nu11)*Mom(nu11,p3)*Mom(nu15,-p4)*Den(p3)^2*
      Deng(0,xiw,M3)^2*Deng(p4,xiw,M3)*p3.p3*d^-1*ufoGC58^2*ufoGC4^2
       + 1/4*g_(1,6_,nu15)*g_(2,6_,nu11)*Mom(nu11,p3)*Mom(nu15,-p4)*Den(p3)*
      Deng(0,xiw,M3)^2*Deng(p4,xiw,M3)*ufoGC58^2*ufoGC4^2
       - 1/4*g_(1,6_,nu15)*g_(2,6_,nu11)*Mom(nu11,p3)*Mom(nu15,-p4)*Den(p3)*
      Deng(0,xiw,M3)^2*Deng(p4,xiw,M3)^2*p4.p4*d^-1*ufoGC58^2*ufoGC4^2
       - 1/4*g_(1,6_,nu15)*g_(2,6_,nu11)*Mom(nu11,p3)*Mom(nu15,0)*Den(p3)*
      Deng(0,xiw,M3)^2*Deng(p4,xiw,M3)*ufoGC58^2*ufoGC4^2
       + 1/4*g_(1,6_,nu15)*g_(2,6_,nu11)*Mom(nu11,p4)*Mom(nu15,-p3)*Den(p3)^2*
      Deng(0,xiw,M3)^2*Deng(p4,xiw,M3)*p3.p3*d^-1*xia*ufoGC58^2*ufoGC4^2
       - 1/4*g_(1,6_,nu15)*g_(2,6_,nu11)*Mom(nu11,p4)*Mom(nu15,-p3)*Den(p3)^2*
      Deng(0,xiw,M3)^2*Deng(p4,xiw,M3)*p3.p3*d^-1*ufoGC58^2*ufoGC4^2
       - 1/4*g_(1,6_,nu15)*g_(2,6_,nu11)*Mom(nu11,p4)*Mom(nu15,-p3)*Den(p3)*
      Deng(0,xiw,M3)^2*Deng(p4,xiw,M3)^2*p4.p4*d^-1*ufoGC58^2*ufoGC4^2
       - 1/4*g_(1,6_,nu15)*g_(2,6_,nu11)*Mom(nu11,p4)*Mom(nu15,-p4)*Den(p3)^2*
      Deng(0,xiw,M3)^2*Deng(p4,xiw,M3)*p3.p3*d^-1*xia*ufoGC58^2*ufoGC4^2
       + 1/4*g_(1,6_,nu15)*g_(2,6_,nu11)*Mom(nu11,p4)*Mom(nu15,-p4)*Den(p3)^2*
      Deng(0,xiw,M3)^2*Deng(p4,xiw,M3)*p3.p3*d^-1*ufoGC58^2*ufoGC4^2
       - 1/4*g_(1,6_,nu15)*g_(2,6_,nu11)*Mom(nu11,p4)*Mom(nu15,-p4)*Den(p3)*
      Deng(0,xiw,M3)^2*Deng(p4,xiw,M3)*ufoGC58^2*ufoGC4^2
       + 1/4*g_(1,6_,nu15)*g_(2,6_,nu11)*Mom(nu11,p4)*Mom(nu15,-p4)*Den(p3)*
      Deng(0,xiw,M3)^2*Deng(p4,xiw,M3)^2*p4.p4*d^-1*ufoGC58^2*ufoGC4^2
       + 1/4*g_(1,6_,nu15)*g_(2,6_,nu11)*Mom(nu11,p4)*Mom(nu15,0)*Den(p3)*
      Deng(0,xiw,M3)^2*Deng(p4,xiw,M3)*ufoGC58^2*ufoGC4^2
       - 1/4*g_(1,6_,nu15)*g_(2,6_,nu11)*Mom(nu11,-p4)*Mom(nu15,p3)*Den(p3)*
      Deng(0,xiw,M3)^2*Deng(p4,xiw,M3)*ufoGC58^2*ufoGC4^2
       + 1/4*g_(1,6_,nu15)*g_(2,6_,nu11)*Mom(nu11,-p4)*Mom(nu15,p3)*Den(p3)*
      Deng(0,xiw,M3)^2*Deng(p4,xiw,M3)^2*p4.p4*d^-1*ufoGC58^2*ufoGC4^2
       + 1/4*g_(1,6_,nu15)*g_(2,6_,nu11)*Mom(nu11,-p4)*Mom(nu15,0)*Den(p3)*
      Deng(0,xiw,M3)^2*Deng(p4,xiw,M3)*ufoGC58^2*ufoGC4^2
       - 1/4*g_(1,6_,nu15)*g_(2,6_,nu11)*Mom(nu11,-p4)*Mom(nu15,0)*Den(p3)*
      Deng(0,xiw,M3)^2*Deng(p4,xiw,M3)^2*p4.p4*d^-1*ufoGC58^2*ufoGC4^2
       + 1/4*g_(1,6_,nu15)*g_(2,6_,nu11)*Mom(nu11,0)*Mom(nu15,p3)*Den(p3)*
      Deng(0,xiw,M3)^2*Deng(p4,xiw,M3)*ufoGC58^2*ufoGC4^2
       - 1/4*g_(1,6_,nu15)*g_(2,6_,nu11)*Mom(nu11,0)*Mom(nu15,p3)*Den(p3)*
      Deng(0,xiw,M3)^2*Deng(p4,xiw,M3)^2*p4.p4*d^-1*ufoGC58^2*ufoGC4^2
       - 1/4*g_(1,6_,nu15)*g_(2,6_,nu11)*Mom(nu11,0)*Mom(nu15,0)*Den(p3)*Deng(
      0,xiw,M3)^2*Deng(p4,xiw,M3)*ufoGC58^2*ufoGC4^2
       + 1/4*g_(1,6_,nu15)*g_(2,6_,nu11)*Mom(nu11,0)*Mom(nu15,0)*Den(p3)*Deng(
      0,xiw,M3)^2*Deng(p4,xiw,M3)^2*p4.p4*d^-1*ufoGC58^2*ufoGC4^2
       - 1/4*g_(1,6_,nu15)*g_(2,6_,nu14)*Mom(nu14,-p4)*Mom(nu15,p3)*Den(p3)^2*
      Deng(0,xiw,M3)^2*Deng(p4,xiw,M3)*p3.p3*d^-1*xia*ufoGC58^2*ufoGC4^2
       + 1/4*g_(1,6_,nu15)*g_(2,6_,nu14)*Mom(nu14,-p4)*Mom(nu15,p3)*Den(p3)^2*
      Deng(0,xiw,M3)^2*Deng(p4,xiw,M3)*p3.p3*d^-1*ufoGC58^2*ufoGC4^2
       + 1/4*g_(1,6_,nu15)*g_(2,6_,nu14)*Mom(nu14,-p4)*Mom(nu15,0)*Den(p3)^2*
      Deng(0,xiw,M3)^2*Deng(p4,xiw,M3)*p3.p3*d^-1*xia*ufoGC58^2*ufoGC4^2
       - 1/4*g_(1,6_,nu15)*g_(2,6_,nu14)*Mom(nu14,-p4)*Mom(nu15,0)*Den(p3)^2*
      Deng(0,xiw,M3)^2*Deng(p4,xiw,M3)*p3.p3*d^-1*ufoGC58^2*ufoGC4^2
       + 1/4*g_(1,6_,nu15)*g_(2,6_,nu14)*Mom(nu14,0)*Mom(nu15,p3)*Den(p3)^2*
      Deng(0,xiw,M3)^2*Deng(p4,xiw,M3)*p3.p3*d^-1*xia*ufoGC58^2*ufoGC4^2
       - 1/4*g_(1,6_,nu15)*g_(2,6_,nu14)*Mom(nu14,0)*Mom(nu15,p3)*Den(p3)^2*
      Deng(0,xiw,M3)^2*Deng(p4,xiw,M3)*p3.p3*d^-1*ufoGC58^2*ufoGC4^2
       - 1/4*g_(1,6_,nu15)*g_(2,6_,nu14)*Mom(nu14,0)*Mom(nu15,0)*Den(p3)^2*
      Deng(0,xiw,M3)^2*Deng(p4,xiw,M3)*p3.p3*d^-1*xia*ufoGC58^2*ufoGC4^2
       + 1/4*g_(1,6_,nu15)*g_(2,6_,nu14)*Mom(nu14,0)*Mom(nu15,0)*Den(p3)^2*
      Deng(0,xiw,M3)^2*Deng(p4,xiw,M3)*p3.p3*d^-1*ufoGC58^2*ufoGC4^2
       + 1/4*g_(1,6_,nu15)*g_(2,6_,nu16)/(d^3 + d^2 - 2*d)*Mom(nu16,-p3)*Mom(
      nu15,p3)*Den(p3)^2*Deng(0,xiw,M3)^2*Deng(p4,xiw,M3)^2*p3.p3*p4.p4*xia*
      ufoGC58^2*ufoGC4^2
       - 1/4*g_(1,6_,nu15)*g_(2,6_,nu16)/(d^3 + d^2 - 2*d)*Mom(nu16,-p3)*Mom(
      nu15,p3)*Den(p3)^2*Deng(0,xiw,M3)^2*Deng(p4,xiw,M3)^2*p3.p3*p4.p4*
      ufoGC58^2*ufoGC4^2
       - 1/4*g_(1,6_,nu15)*g_(2,6_,nu16)/(d^3 + d^2 - 2*d)*Mom(nu16,-p3)*Mom(
      nu15,p3)*Den(p3)^2*Deng(0,xiw,M3)^2*Deng(p4,xiw,M3)^2*p3.p4^2*d*xia*
      ufoGC58^2*ufoGC4^2
       + 1/4*g_(1,6_,nu15)*g_(2,6_,nu16)/(d^3 + d^2 - 2*d)*Mom(nu16,-p3)*Mom(
      nu15,p3)*Den(p3)^2*Deng(0,xiw,M3)^2*Deng(p4,xiw,M3)^2*p3.p4^2*d*
      ufoGC58^2*ufoGC4^2
       - 1/4*g_(1,6_,nu15)*g_(2,6_,nu16)/(d^3 + d^2 - 2*d)*Mom(nu16,-p3)*Mom(
      nu15,0)*Den(p3)^2*Deng(0,xiw,M3)^2*Deng(p4,xiw,M3)^2*p3.p3*p4.p4*xia*
      ufoGC58^2*ufoGC4^2
       + 1/4*g_(1,6_,nu15)*g_(2,6_,nu16)/(d^3 + d^2 - 2*d)*Mom(nu16,-p3)*Mom(
      nu15,0)*Den(p3)^2*Deng(0,xiw,M3)^2*Deng(p4,xiw,M3)^2*p3.p3*p4.p4*
      ufoGC58^2*ufoGC4^2
       + 1/4*g_(1,6_,nu15)*g_(2,6_,nu16)/(d^3 + d^2 - 2*d)*Mom(nu16,-p3)*Mom(
      nu15,0)*Den(p3)^2*Deng(0,xiw,M3)^2*Deng(p4,xiw,M3)^2*p3.p4^2*d*xia*
      ufoGC58^2*ufoGC4^2
       - 1/4*g_(1,6_,nu15)*g_(2,6_,nu16)/(d^3 + d^2 - 2*d)*Mom(nu16,-p3)*Mom(
      nu15,0)*Den(p3)^2*Deng(0,xiw,M3)^2*Deng(p4,xiw,M3)^2*p3.p4^2*d*ufoGC58^2
      *ufoGC4^2
       - 1/4*g_(1,6_,nu15)*g_(2,6_,nu16)/(d^3 + d^2 - 2*d)*Mom(nu16,0)*Mom(
      nu15,p3)*Den(p3)^2*Deng(0,xiw,M3)^2*Deng(p4,xiw,M3)^2*p3.p3*p4.p4*xia*
      ufoGC58^2*ufoGC4^2
       + 1/4*g_(1,6_,nu15)*g_(2,6_,nu16)/(d^3 + d^2 - 2*d)*Mom(nu16,0)*Mom(
      nu15,p3)*Den(p3)^2*Deng(0,xiw,M3)^2*Deng(p4,xiw,M3)^2*p3.p3*p4.p4*
      ufoGC58^2*ufoGC4^2
       + 1/4*g_(1,6_,nu15)*g_(2,6_,nu16)/(d^3 + d^2 - 2*d)*Mom(nu16,0)*Mom(
      nu15,p3)*Den(p3)^2*Deng(0,xiw,M3)^2*Deng(p4,xiw,M3)^2*p3.p4^2*d*xia*
      ufoGC58^2*ufoGC4^2
       - 1/4*g_(1,6_,nu15)*g_(2,6_,nu16)/(d^3 + d^2 - 2*d)*Mom(nu16,0)*Mom(
      nu15,p3)*Den(p3)^2*Deng(0,xiw,M3)^2*Deng(p4,xiw,M3)^2*p3.p4^2*d*
      ufoGC58^2*ufoGC4^2
       + 1/4*g_(1,6_,nu15)*g_(2,6_,nu16)/(d^3 + d^2 - 2*d)*Mom(nu16,0)*Mom(
      nu15,0)*Den(p3)^2*Deng(0,xiw,M3)^2*Deng(p4,xiw,M3)^2*p3.p3*p4.p4*xia*
      ufoGC58^2*ufoGC4^2
       - 1/4*g_(1,6_,nu15)*g_(2,6_,nu16)/(d^3 + d^2 - 2*d)*Mom(nu16,0)*Mom(
      nu15,0)*Den(p3)^2*Deng(0,xiw,M3)^2*Deng(p4,xiw,M3)^2*p3.p3*p4.p4*
      ufoGC58^2*ufoGC4^2
       - 1/4*g_(1,6_,nu15)*g_(2,6_,nu16)/(d^3 + d^2 - 2*d)*Mom(nu16,0)*Mom(
      nu15,0)*Den(p3)^2*Deng(0,xiw,M3)^2*Deng(p4,xiw,M3)^2*p3.p4^2*d*xia*
      ufoGC58^2*ufoGC4^2
       + 1/4*g_(1,6_,nu15)*g_(2,6_,nu16)/(d^3 + d^2 - 2*d)*Mom(nu16,0)*Mom(
      nu15,0)*Den(p3)^2*Deng(0,xiw,M3)^2*Deng(p4,xiw,M3)^2*p3.p4^2*d*ufoGC58^2
      *ufoGC4^2
      ;

  0.01 sec out of 0.01 sec
