FORM 5.0.0-beta.1 (Jan 15 2026, v5.0.0-beta.1-292-g4341c63)  Run: Fri Feb 13 17:54:08 2026
    #-

   d1l104amp =
       + 1/2*g_(1,6_,nu10)*FT2(g6)*Vec(nu10,q2)*Vec(nu9,q2)*Vec(nu9,q3)*Deng(
      q2 + q3,xiw,0)*Deng(q2 + q3,xiw,M3)^2*Dghost(-p3,xiz)*Dghost( - p3 + q2
       + q3,xiw)*xiw*xiz*ufoGC58*ufoGC107*ufoGC69*ufoGC95
       + 1/4*g_(1,6_,nu10)*FT2(g6)*Vec(nu10,q2)*Vec(nu9,-p3)*Vec(nu9,q2)*Deng(
      q2 + q3,xiw,0)*Deng(q2 + q3,xiw,M3)^2*Dghost(-p3,xiz)*Dghost( - p3 + q2
       + q3,xiw)*xiw*xiz*ufoGC58*ufoGC107*ufoGC69*ufoGC95
       + 1/4*g_(1,6_,nu10)*FT2(g6)*Vec(nu10,q2)*Vec(nu9,-p3)*Vec(nu9,q3)*Deng(
      q2 + q3,xiw,0)*Deng(q2 + q3,xiw,M3)^2*Dghost(-p3,xiz)*Dghost( - p3 + q2
       + q3,xiw)*xiw*xiz*ufoGC58*ufoGC107*ufoGC69*ufoGC95
       + 1/4*g_(1,6_,nu10)*FT2(g6)*Vec(nu10,q2)*Deng(q2 + q3,xiw,0)*Deng(q2 + 
      q3,xiw,M3)^2*Dghost(-p3,xiz)*Dghost( - p3 + q2 + q3,xiw)*q2.q2*xiw*xiz*
      ufoGC58*ufoGC107*ufoGC69*ufoGC95
       + 1/4*g_(1,6_,nu10)*FT2(g6)*Vec(nu10,q2)*Deng(q2 + q3,xiw,0)*Deng(q2 + 
      q3,xiw,M3)^2*Dghost(-p3,xiz)*Dghost( - p3 + q2 + q3,xiw)*q3.q3*xiw*xiz*
      ufoGC58*ufoGC107*ufoGC69*ufoGC95
       + 1/2*g_(1,6_,nu10)*FT2(g6)*Vec(nu10,q3)*Vec(nu9,q2)*Vec(nu9,q3)*Deng(
      q2 + q3,xiw,0)*Deng(q2 + q3,xiw,M3)^2*Dghost(-p3,xiz)*Dghost( - p3 + q2
       + q3,xiw)*xiw*xiz*ufoGC58*ufoGC107*ufoGC69*ufoGC95
       + 1/4*g_(1,6_,nu10)*FT2(g6)*Vec(nu10,q3)*Vec(nu9,-p3)*Vec(nu9,q2)*Deng(
      q2 + q3,xiw,0)*Deng(q2 + q3,xiw,M3)^2*Dghost(-p3,xiz)*Dghost( - p3 + q2
       + q3,xiw)*xiw*xiz*ufoGC58*ufoGC107*ufoGC69*ufoGC95
       + 1/4*g_(1,6_,nu10)*FT2(g6)*Vec(nu10,q3)*Vec(nu9,-p3)*Vec(nu9,q3)*Deng(
      q2 + q3,xiw,0)*Deng(q2 + q3,xiw,M3)^2*Dghost(-p3,xiz)*Dghost( - p3 + q2
       + q3,xiw)*xiw*xiz*ufoGC58*ufoGC107*ufoGC69*ufoGC95
       + 1/4*g_(1,6_,nu10)*FT2(g6)*Vec(nu10,q3)*Deng(q2 + q3,xiw,0)*Deng(q2 + 
      q3,xiw,M3)^2*Dghost(-p3,xiz)*Dghost( - p3 + q2 + q3,xiw)*q2.q2*xiw*xiz*
      ufoGC58*ufoGC107*ufoGC69*ufoGC95
       + 1/4*g_(1,6_,nu10)*FT2(g6)*Vec(nu10,q3)*Deng(q2 + q3,xiw,0)*Deng(q2 + 
      q3,xiw,M3)^2*Dghost(-p3,xiz)*Dghost( - p3 + q2 + q3,xiw)*q3.q3*xiw*xiz*
      ufoGC58*ufoGC107*ufoGC69*ufoGC95
      ;

  0.00 sec out of 0.00 sec
