FORM 5.0.0-beta.1 (Jan 15 2026, v5.0.0-beta.1-292-g4341c63)  Run: Fri Feb 13 17:55:34 2026
    #-

   d1l172amp =
       + 1/4*g_(1,6_,nu10)*FT2(g6)*Vec(nu10,q2)*Vec(nu13,p4)*Vec(nu13,q2)*Vec(
      nu14,-p4)*Vec(nu14,q3)*Deng(p4,xiw,0)*Deng(q2 + q3,xiw,0)*Deng(q2 + q3,
      xiw,M3)^2*Deng( - p4 + q2 + q3,xiz,M4)^2*xiz*ufoGC58*ufoGC107*ufoGC85*
      ufoGC80
       + 1/4*g_(1,6_,nu10)*FT2(g6)*Vec(nu10,q2)*Vec(nu13,p4)*Vec(nu13,q2)*
      Deng(p4,xiw,0)*Deng(q2 + q3,xiw,0)*Deng(q2 + q3,xiw,M3)^2*Deng( - p4 + 
      q2 + q3,xiz,M4)^2*q2.q2*xiz*ufoGC58*ufoGC107*ufoGC85*ufoGC80
       + 1/4*g_(1,6_,nu10)*FT2(g6)*Vec(nu10,q2)*Vec(nu13,p4)*Vec(nu13,q2)*
      Deng(p4,xiw,0)*Deng(q2 + q3,xiw,0)*Deng(q2 + q3,xiw,M3)^2*Deng( - p4 + 
      q2 + q3,xiz,M4)^2*q3.q3*xiz*ufoGC58*ufoGC107*ufoGC85*ufoGC80
       + 1/4*g_(1,6_,nu10)*FT2(g6)*Vec(nu10,q2)*Vec(nu13,p4)*Vec(nu13,q3)*Vec(
      nu14,-p4)*Vec(nu14,q2)*Deng(p4,xiw,0)*Deng(q2 + q3,xiw,0)*Deng(q2 + q3,
      xiw,M3)^2*Deng( - p4 + q2 + q3,xiz,M4)^2*xiz*ufoGC58*ufoGC107*ufoGC85*
      ufoGC80
       + 1/4*g_(1,6_,nu10)*FT2(g6)*Vec(nu10,q2)*Vec(nu13,p4)*Vec(nu13,q3)*Vec(
      nu14,-p4)*Vec(nu14,q3)*Deng(p4,xiw,0)*Deng(q2 + q3,xiw,0)*Deng(q2 + q3,
      xiw,M3)^2*Deng( - p4 + q2 + q3,xiz,M4)^2*xiz*ufoGC58*ufoGC107*ufoGC85*
      ufoGC80
       + 1/4*g_(1,6_,nu10)*FT2(g6)*Vec(nu10,q2)*Vec(nu13,p4)*Vec(nu13,q3)*
      Deng(p4,xiw,0)*Deng(q2 + q3,xiw,0)*Deng(q2 + q3,xiw,M3)^2*Deng( - p4 + 
      q2 + q3,xiz,M4)^2*q2.q2*xiz*ufoGC58*ufoGC107*ufoGC85*ufoGC80
       + 1/4*g_(1,6_,nu10)*FT2(g6)*Vec(nu10,q2)*Vec(nu13,p4)*Vec(nu13,q3)*
      Deng(p4,xiw,0)*Deng(q2 + q3,xiw,0)*Deng(q2 + q3,xiw,M3)^2*Deng( - p4 + 
      q2 + q3,xiz,M4)^2*q3.q3*xiz*ufoGC58*ufoGC107*ufoGC85*ufoGC80
       + 1/2*g_(1,6_,nu10)*FT2(g6)*Vec(nu10,q2)*Vec(nu13,-p4)*Vec(nu13,p4)*
      Vec(nu14,q2)*Vec(nu14,q3)*Deng(p4,xiw,0)*Deng(q2 + q3,xiw,0)*Deng(q2 + 
      q3,xiw,M3)^2*Deng( - p4 + q2 + q3,xiz,M4)^2*xiz*ufoGC58*ufoGC107*ufoGC85
      *ufoGC80
       + 1/4*g_(1,6_,nu10)*FT2(g6)*Vec(nu10,q2)*Vec(nu13,-p4)*Vec(nu13,p4)*
      Vec(nu14,-p4)*Vec(nu14,q3)*Deng(p4,xiw,0)*Deng(q2 + q3,xiw,0)*Deng(q2 + 
      q3,xiw,M3)^2*Deng( - p4 + q2 + q3,xiz,M4)^2*xiz*ufoGC58*ufoGC107*ufoGC85
      *ufoGC80
       + 1/4*g_(1,6_,nu10)*FT2(g6)*Vec(nu10,q2)*Vec(nu13,-p4)*Vec(nu13,p4)*
      Deng(p4,xiw,0)*Deng(q2 + q3,xiw,0)*Deng(q2 + q3,xiw,M3)^2*Deng( - p4 + 
      q2 + q3,xiz,M4)^2*q2.q2*xiz*ufoGC58*ufoGC107*ufoGC85*ufoGC80
       + 1/4*g_(1,6_,nu10)*FT2(g6)*Vec(nu10,q2)*Vec(nu13,-p4)*Vec(nu13,p4)*
      Deng(p4,xiw,0)*Deng(q2 + q3,xiw,0)*Deng(q2 + q3,xiw,M3)^2*Deng( - p4 + 
      q2 + q3,xiz,M4)^2*q3.q3*xiz*ufoGC58*ufoGC107*ufoGC85*ufoGC80
       - 1/2*g_(1,6_,nu10)*FT2(g6)*Vec(nu10,q2)*Vec(nu13,-p4)*Vec(nu13,-q2)*
      Vec(nu14,q2)*Vec(nu14,q3)*Deng(p4,xiw,0)*Deng(q2 + q3,xiw,0)*Deng(q2 + 
      q3,xiw,M3)^2*Deng( - p4 + q2 + q3,xiz,M4)^2*xiz*ufoGC58*ufoGC107*ufoGC85
      *ufoGC80
       - 1/4*g_(1,6_,nu10)*FT2(g6)*Vec(nu10,q2)*Vec(nu13,-p4)*Vec(nu13,-q2)*
      Vec(nu14,-p4)*Vec(nu14,q3)*Deng(p4,xiw,0)*Deng(q2 + q3,xiw,0)*Deng(q2 + 
      q3,xiw,M3)^2*Deng( - p4 + q2 + q3,xiz,M4)^2*xiz*ufoGC58*ufoGC107*ufoGC85
      *ufoGC80
       - 1/4*g_(1,6_,nu10)*FT2(g6)*Vec(nu10,q2)*Vec(nu13,-p4)*Vec(nu13,-q2)*
      Deng(p4,xiw,0)*Deng(q2 + q3,xiw,0)*Deng(q2 + q3,xiw,M3)^2*Deng( - p4 + 
      q2 + q3,xiz,M4)^2*q2.q2*xiz*ufoGC58*ufoGC107*ufoGC85*ufoGC80
       - 1/4*g_(1,6_,nu10)*FT2(g6)*Vec(nu10,q2)*Vec(nu13,-p4)*Vec(nu13,-q2)*
      Deng(p4,xiw,0)*Deng(q2 + q3,xiw,0)*Deng(q2 + q3,xiw,M3)^2*Deng( - p4 + 
      q2 + q3,xiz,M4)^2*q3.q3*xiz*ufoGC58*ufoGC107*ufoGC85*ufoGC80
       - 1/2*g_(1,6_,nu10)*FT2(g6)*Vec(nu10,q2)*Vec(nu13,-p4)*Vec(nu13,-q3)*
      Vec(nu14,q2)*Vec(nu14,q3)*Deng(p4,xiw,0)*Deng(q2 + q3,xiw,0)*Deng(q2 + 
      q3,xiw,M3)^2*Deng( - p4 + q2 + q3,xiz,M4)^2*xiz*ufoGC58*ufoGC107*ufoGC85
      *ufoGC80
       - 1/4*g_(1,6_,nu10)*FT2(g6)*Vec(nu10,q2)*Vec(nu13,-p4)*Vec(nu13,-q3)*
      Vec(nu14,-p4)*Vec(nu14,q3)*Deng(p4,xiw,0)*Deng(q2 + q3,xiw,0)*Deng(q2 + 
      q3,xiw,M3)^2*Deng( - p4 + q2 + q3,xiz,M4)^2*xiz*ufoGC58*ufoGC107*ufoGC85
      *ufoGC80
       - 1/4*g_(1,6_,nu10)*FT2(g6)*Vec(nu10,q2)*Vec(nu13,-p4)*Vec(nu13,-q3)*
      Deng(p4,xiw,0)*Deng(q2 + q3,xiw,0)*Deng(q2 + q3,xiw,M3)^2*Deng( - p4 + 
      q2 + q3,xiz,M4)^2*q2.q2*xiz*ufoGC58*ufoGC107*ufoGC85*ufoGC80
       - 1/4*g_(1,6_,nu10)*FT2(g6)*Vec(nu10,q2)*Vec(nu13,-p4)*Vec(nu13,-q3)*
      Deng(p4,xiw,0)*Deng(q2 + q3,xiw,0)*Deng(q2 + q3,xiw,M3)^2*Deng( - p4 + 
      q2 + q3,xiz,M4)^2*q3.q3*xiz*ufoGC58*ufoGC107*ufoGC85*ufoGC80
       - 1/4*g_(1,6_,nu10)*FT2(g6)*Vec(nu10,q2)*Vec(nu13,-q2)*Vec(nu13,q2)*
      Vec(nu14,-p4)*Vec(nu14,q3)*Deng(p4,xiw,0)*Deng(q2 + q3,xiw,0)*Deng(q2 + 
      q3,xiw,M3)^2*Deng( - p4 + q2 + q3,xiz,M4)^2*xiz*ufoGC58*ufoGC107*ufoGC85
      *ufoGC80
       - 1/4*g_(1,6_,nu10)*FT2(g6)*Vec(nu10,q2)*Vec(nu13,-q2)*Vec(nu13,q2)*
      Deng(p4,xiw,0)*Deng(q2 + q3,xiw,0)*Deng(q2 + q3,xiw,M3)^2*Deng( - p4 + 
      q2 + q3,xiz,M4)^2*q2.q2*xiz*ufoGC58*ufoGC107*ufoGC85*ufoGC80
       - 1/4*g_(1,6_,nu10)*FT2(g6)*Vec(nu10,q2)*Vec(nu13,-q2)*Vec(nu13,q2)*
      Deng(p4,xiw,0)*Deng(q2 + q3,xiw,0)*Deng(q2 + q3,xiw,M3)^2*Deng( - p4 + 
      q2 + q3,xiz,M4)^2*q3.q3*xiz*ufoGC58*ufoGC107*ufoGC85*ufoGC80
       - 1/4*g_(1,6_,nu10)*FT2(g6)*Vec(nu10,q2)*Vec(nu13,-q2)*Vec(nu13,q3)*
      Vec(nu14,-p4)*Vec(nu14,q2)*Deng(p4,xiw,0)*Deng(q2 + q3,xiw,0)*Deng(q2 + 
      q3,xiw,M3)^2*Deng( - p4 + q2 + q3,xiz,M4)^2*xiz*ufoGC58*ufoGC107*ufoGC85
      *ufoGC80
       - 1/4*g_(1,6_,nu10)*FT2(g6)*Vec(nu10,q2)*Vec(nu13,-q2)*Vec(nu13,q3)*
      Vec(nu14,-p4)*Vec(nu14,q3)*Deng(p4,xiw,0)*Deng(q2 + q3,xiw,0)*Deng(q2 + 
      q3,xiw,M3)^2*Deng( - p4 + q2 + q3,xiz,M4)^2*xiz*ufoGC58*ufoGC107*ufoGC85
      *ufoGC80
       - 1/4*g_(1,6_,nu10)*FT2(g6)*Vec(nu10,q2)*Vec(nu13,-q2)*Vec(nu13,q3)*
      Deng(p4,xiw,0)*Deng(q2 + q3,xiw,0)*Deng(q2 + q3,xiw,M3)^2*Deng( - p4 + 
      q2 + q3,xiz,M4)^2*q2.q2*xiz*ufoGC58*ufoGC107*ufoGC85*ufoGC80
       - 1/4*g_(1,6_,nu10)*FT2(g6)*Vec(nu10,q2)*Vec(nu13,-q2)*Vec(nu13,q3)*
      Deng(p4,xiw,0)*Deng(q2 + q3,xiw,0)*Deng(q2 + q3,xiw,M3)^2*Deng( - p4 + 
      q2 + q3,xiz,M4)^2*q3.q3*xiz*ufoGC58*ufoGC107*ufoGC85*ufoGC80
       - 1/4*g_(1,6_,nu10)*FT2(g6)*Vec(nu10,q2)*Vec(nu13,-q3)*Vec(nu13,q2)*
      Vec(nu14,-p4)*Vec(nu14,q3)*Deng(p4,xiw,0)*Deng(q2 + q3,xiw,0)*Deng(q2 + 
      q3,xiw,M3)^2*Deng( - p4 + q2 + q3,xiz,M4)^2*xiz*ufoGC58*ufoGC107*ufoGC85
      *ufoGC80
       - 1/4*g_(1,6_,nu10)*FT2(g6)*Vec(nu10,q2)*Vec(nu13,-q3)*Vec(nu13,q2)*
      Deng(p4,xiw,0)*Deng(q2 + q3,xiw,0)*Deng(q2 + q3,xiw,M3)^2*Deng( - p4 + 
      q2 + q3,xiz,M4)^2*q2.q2*xiz*ufoGC58*ufoGC107*ufoGC85*ufoGC80
       - 1/4*g_(1,6_,nu10)*FT2(g6)*Vec(nu10,q2)*Vec(nu13,-q3)*Vec(nu13,q2)*
      Deng(p4,xiw,0)*Deng(q2 + q3,xiw,0)*Deng(q2 + q3,xiw,M3)^2*Deng( - p4 + 
      q2 + q3,xiz,M4)^2*q3.q3*xiz*ufoGC58*ufoGC107*ufoGC85*ufoGC80
       - 1/4*g_(1,6_,nu10)*FT2(g6)*Vec(nu10,q2)*Vec(nu13,-q3)*Vec(nu13,q3)*
      Vec(nu14,-p4)*Vec(nu14,q2)*Deng(p4,xiw,0)*Deng(q2 + q3,xiw,0)*Deng(q2 + 
      q3,xiw,M3)^2*Deng( - p4 + q2 + q3,xiz,M4)^2*xiz*ufoGC58*ufoGC107*ufoGC85
      *ufoGC80
       - 1/4*g_(1,6_,nu10)*FT2(g6)*Vec(nu10,q2)*Vec(nu13,-q3)*Vec(nu13,q3)*
      Vec(nu14,-p4)*Vec(nu14,q3)*Deng(p4,xiw,0)*Deng(q2 + q3,xiw,0)*Deng(q2 + 
      q3,xiw,M3)^2*Deng( - p4 + q2 + q3,xiz,M4)^2*xiz*ufoGC58*ufoGC107*ufoGC85
      *ufoGC80
       - 1/4*g_(1,6_,nu10)*FT2(g6)*Vec(nu10,q2)*Vec(nu13,-q3)*Vec(nu13,q3)*
      Deng(p4,xiw,0)*Deng(q2 + q3,xiw,0)*Deng(q2 + q3,xiw,M3)^2*Deng( - p4 + 
      q2 + q3,xiz,M4)^2*q2.q2*xiz*ufoGC58*ufoGC107*ufoGC85*ufoGC80
       - 1/4*g_(1,6_,nu10)*FT2(g6)*Vec(nu10,q2)*Vec(nu13,-q3)*Vec(nu13,q3)*
      Deng(p4,xiw,0)*Deng(q2 + q3,xiw,0)*Deng(q2 + q3,xiw,M3)^2*Deng( - p4 + 
      q2 + q3,xiz,M4)^2*q3.q3*xiz*ufoGC58*ufoGC107*ufoGC85*ufoGC80
       + 1/4*g_(1,6_,nu10)*FT2(g6)*Vec(nu10,q3)*Vec(nu13,p4)*Vec(nu13,q2)*Vec(
      nu14,-p4)*Vec(nu14,q2)*Deng(p4,xiw,0)*Deng(q2 + q3,xiw,0)*Deng(q2 + q3,
      xiw,M3)^2*Deng( - p4 + q2 + q3,xiz,M4)^2*xiz*ufoGC58*ufoGC107*ufoGC85*
      ufoGC80
       + 1/4*g_(1,6_,nu10)*FT2(g6)*Vec(nu10,q3)*Vec(nu13,p4)*Vec(nu13,q2)*Vec(
      nu14,-p4)*Vec(nu14,q3)*Deng(p4,xiw,0)*Deng(q2 + q3,xiw,0)*Deng(q2 + q3,
      xiw,M3)^2*Deng( - p4 + q2 + q3,xiz,M4)^2*xiz*ufoGC58*ufoGC107*ufoGC85*
      ufoGC80
       + 1/4*g_(1,6_,nu10)*FT2(g6)*Vec(nu10,q3)*Vec(nu13,p4)*Vec(nu13,q2)*
      Deng(p4,xiw,0)*Deng(q2 + q3,xiw,0)*Deng(q2 + q3,xiw,M3)^2*Deng( - p4 + 
      q2 + q3,xiz,M4)^2*q2.q2*xiz*ufoGC58*ufoGC107*ufoGC85*ufoGC80
       + 1/4*g_(1,6_,nu10)*FT2(g6)*Vec(nu10,q3)*Vec(nu13,p4)*Vec(nu13,q2)*
      Deng(p4,xiw,0)*Deng(q2 + q3,xiw,0)*Deng(q2 + q3,xiw,M3)^2*Deng( - p4 + 
      q2 + q3,xiz,M4)^2*q3.q3*xiz*ufoGC58*ufoGC107*ufoGC85*ufoGC80
       + 1/4*g_(1,6_,nu10)*FT2(g6)*Vec(nu10,q3)*Vec(nu13,p4)*Vec(nu13,q3)*Vec(
      nu14,-p4)*Vec(nu14,q2)*Deng(p4,xiw,0)*Deng(q2 + q3,xiw,0)*Deng(q2 + q3,
      xiw,M3)^2*Deng( - p4 + q2 + q3,xiz,M4)^2*xiz*ufoGC58*ufoGC107*ufoGC85*
      ufoGC80
       + 1/4*g_(1,6_,nu10)*FT2(g6)*Vec(nu10,q3)*Vec(nu13,p4)*Vec(nu13,q3)*
      Deng(p4,xiw,0)*Deng(q2 + q3,xiw,0)*Deng(q2 + q3,xiw,M3)^2*Deng( - p4 + 
      q2 + q3,xiz,M4)^2*q2.q2*xiz*ufoGC58*ufoGC107*ufoGC85*ufoGC80
       + 1/4*g_(1,6_,nu10)*FT2(g6)*Vec(nu10,q3)*Vec(nu13,p4)*Vec(nu13,q3)*
      Deng(p4,xiw,0)*Deng(q2 + q3,xiw,0)*Deng(q2 + q3,xiw,M3)^2*Deng( - p4 + 
      q2 + q3,xiz,M4)^2*q3.q3*xiz*ufoGC58*ufoGC107*ufoGC85*ufoGC80
       + 1/2*g_(1,6_,nu10)*FT2(g6)*Vec(nu10,q3)*Vec(nu13,-p4)*Vec(nu13,p4)*
      Vec(nu14,q2)*Vec(nu14,q3)*Deng(p4,xiw,0)*Deng(q2 + q3,xiw,0)*Deng(q2 + 
      q3,xiw,M3)^2*Deng( - p4 + q2 + q3,xiz,M4)^2*xiz*ufoGC58*ufoGC107*ufoGC85
      *ufoGC80
       + 1/4*g_(1,6_,nu10)*FT2(g6)*Vec(nu10,q3)*Vec(nu13,-p4)*Vec(nu13,p4)*
      Vec(nu14,-p4)*Vec(nu14,q2)*Deng(p4,xiw,0)*Deng(q2 + q3,xiw,0)*Deng(q2 + 
      q3,xiw,M3)^2*Deng( - p4 + q2 + q3,xiz,M4)^2*xiz*ufoGC58*ufoGC107*ufoGC85
      *ufoGC80
       + 1/4*g_(1,6_,nu10)*FT2(g6)*Vec(nu10,q3)*Vec(nu13,-p4)*Vec(nu13,p4)*
      Deng(p4,xiw,0)*Deng(q2 + q3,xiw,0)*Deng(q2 + q3,xiw,M3)^2*Deng( - p4 + 
      q2 + q3,xiz,M4)^2*q2.q2*xiz*ufoGC58*ufoGC107*ufoGC85*ufoGC80
       + 1/4*g_(1,6_,nu10)*FT2(g6)*Vec(nu10,q3)*Vec(nu13,-p4)*Vec(nu13,p4)*
      Deng(p4,xiw,0)*Deng(q2 + q3,xiw,0)*Deng(q2 + q3,xiw,M3)^2*Deng( - p4 + 
      q2 + q3,xiz,M4)^2*q3.q3*xiz*ufoGC58*ufoGC107*ufoGC85*ufoGC80
       - 1/2*g_(1,6_,nu10)*FT2(g6)*Vec(nu10,q3)*Vec(nu13,-p4)*Vec(nu13,-q2)*
      Vec(nu14,q2)*Vec(nu14,q3)*Deng(p4,xiw,0)*Deng(q2 + q3,xiw,0)*Deng(q2 + 
      q3,xiw,M3)^2*Deng( - p4 + q2 + q3,xiz,M4)^2*xiz*ufoGC58*ufoGC107*ufoGC85
      *ufoGC80
       - 1/4*g_(1,6_,nu10)*FT2(g6)*Vec(nu10,q3)*Vec(nu13,-p4)*Vec(nu13,-q2)*
      Vec(nu14,-p4)*Vec(nu14,q2)*Deng(p4,xiw,0)*Deng(q2 + q3,xiw,0)*Deng(q2 + 
      q3,xiw,M3)^2*Deng( - p4 + q2 + q3,xiz,M4)^2*xiz*ufoGC58*ufoGC107*ufoGC85
      *ufoGC80
       - 1/4*g_(1,6_,nu10)*FT2(g6)*Vec(nu10,q3)*Vec(nu13,-p4)*Vec(nu13,-q2)*
      Deng(p4,xiw,0)*Deng(q2 + q3,xiw,0)*Deng(q2 + q3,xiw,M3)^2*Deng( - p4 + 
      q2 + q3,xiz,M4)^2*q2.q2*xiz*ufoGC58*ufoGC107*ufoGC85*ufoGC80
       - 1/4*g_(1,6_,nu10)*FT2(g6)*Vec(nu10,q3)*Vec(nu13,-p4)*Vec(nu13,-q2)*
      Deng(p4,xiw,0)*Deng(q2 + q3,xiw,0)*Deng(q2 + q3,xiw,M3)^2*Deng( - p4 + 
      q2 + q3,xiz,M4)^2*q3.q3*xiz*ufoGC58*ufoGC107*ufoGC85*ufoGC80
       - 1/2*g_(1,6_,nu10)*FT2(g6)*Vec(nu10,q3)*Vec(nu13,-p4)*Vec(nu13,-q3)*
      Vec(nu14,q2)*Vec(nu14,q3)*Deng(p4,xiw,0)*Deng(q2 + q3,xiw,0)*Deng(q2 + 
      q3,xiw,M3)^2*Deng( - p4 + q2 + q3,xiz,M4)^2*xiz*ufoGC58*ufoGC107*ufoGC85
      *ufoGC80
       - 1/4*g_(1,6_,nu10)*FT2(g6)*Vec(nu10,q3)*Vec(nu13,-p4)*Vec(nu13,-q3)*
      Vec(nu14,-p4)*Vec(nu14,q2)*Deng(p4,xiw,0)*Deng(q2 + q3,xiw,0)*Deng(q2 + 
      q3,xiw,M3)^2*Deng( - p4 + q2 + q3,xiz,M4)^2*xiz*ufoGC58*ufoGC107*ufoGC85
      *ufoGC80
       - 1/4*g_(1,6_,nu10)*FT2(g6)*Vec(nu10,q3)*Vec(nu13,-p4)*Vec(nu13,-q3)*
      Deng(p4,xiw,0)*Deng(q2 + q3,xiw,0)*Deng(q2 + q3,xiw,M3)^2*Deng( - p4 + 
      q2 + q3,xiz,M4)^2*q2.q2*xiz*ufoGC58*ufoGC107*ufoGC85*ufoGC80
       - 1/4*g_(1,6_,nu10)*FT2(g6)*Vec(nu10,q3)*Vec(nu13,-p4)*Vec(nu13,-q3)*
      Deng(p4,xiw,0)*Deng(q2 + q3,xiw,0)*Deng(q2 + q3,xiw,M3)^2*Deng( - p4 + 
      q2 + q3,xiz,M4)^2*q3.q3*xiz*ufoGC58*ufoGC107*ufoGC85*ufoGC80
       - 1/4*g_(1,6_,nu10)*FT2(g6)*Vec(nu10,q3)*Vec(nu13,-q2)*Vec(nu13,q2)*
      Vec(nu14,-p4)*Vec(nu14,q2)*Deng(p4,xiw,0)*Deng(q2 + q3,xiw,0)*Deng(q2 + 
      q3,xiw,M3)^2*Deng( - p4 + q2 + q3,xiz,M4)^2*xiz*ufoGC58*ufoGC107*ufoGC85
      *ufoGC80
       - 1/4*g_(1,6_,nu10)*FT2(g6)*Vec(nu10,q3)*Vec(nu13,-q2)*Vec(nu13,q2)*
      Vec(nu14,-p4)*Vec(nu14,q3)*Deng(p4,xiw,0)*Deng(q2 + q3,xiw,0)*Deng(q2 + 
      q3,xiw,M3)^2*Deng( - p4 + q2 + q3,xiz,M4)^2*xiz*ufoGC58*ufoGC107*ufoGC85
      *ufoGC80
       - 1/4*g_(1,6_,nu10)*FT2(g6)*Vec(nu10,q3)*Vec(nu13,-q2)*Vec(nu13,q2)*
      Deng(p4,xiw,0)*Deng(q2 + q3,xiw,0)*Deng(q2 + q3,xiw,M3)^2*Deng( - p4 + 
      q2 + q3,xiz,M4)^2*q2.q2*xiz*ufoGC58*ufoGC107*ufoGC85*ufoGC80
       - 1/4*g_(1,6_,nu10)*FT2(g6)*Vec(nu10,q3)*Vec(nu13,-q2)*Vec(nu13,q2)*
      Deng(p4,xiw,0)*Deng(q2 + q3,xiw,0)*Deng(q2 + q3,xiw,M3)^2*Deng( - p4 + 
      q2 + q3,xiz,M4)^2*q3.q3*xiz*ufoGC58*ufoGC107*ufoGC85*ufoGC80
       - 1/4*g_(1,6_,nu10)*FT2(g6)*Vec(nu10,q3)*Vec(nu13,-q2)*Vec(nu13,q3)*
      Vec(nu14,-p4)*Vec(nu14,q2)*Deng(p4,xiw,0)*Deng(q2 + q3,xiw,0)*Deng(q2 + 
      q3,xiw,M3)^2*Deng( - p4 + q2 + q3,xiz,M4)^2*xiz*ufoGC58*ufoGC107*ufoGC85
      *ufoGC80
       - 1/4*g_(1,6_,nu10)*FT2(g6)*Vec(nu10,q3)*Vec(nu13,-q2)*Vec(nu13,q3)*
      Deng(p4,xiw,0)*Deng(q2 + q3,xiw,0)*Deng(q2 + q3,xiw,M3)^2*Deng( - p4 + 
      q2 + q3,xiz,M4)^2*q2.q2*xiz*ufoGC58*ufoGC107*ufoGC85*ufoGC80
       - 1/4*g_(1,6_,nu10)*FT2(g6)*Vec(nu10,q3)*Vec(nu13,-q2)*Vec(nu13,q3)*
      Deng(p4,xiw,0)*Deng(q2 + q3,xiw,0)*Deng(q2 + q3,xiw,M3)^2*Deng( - p4 + 
      q2 + q3,xiz,M4)^2*q3.q3*xiz*ufoGC58*ufoGC107*ufoGC85*ufoGC80
       - 1/4*g_(1,6_,nu10)*FT2(g6)*Vec(nu10,q3)*Vec(nu13,-q3)*Vec(nu13,q2)*
      Vec(nu14,-p4)*Vec(nu14,q2)*Deng(p4,xiw,0)*Deng(q2 + q3,xiw,0)*Deng(q2 + 
      q3,xiw,M3)^2*Deng( - p4 + q2 + q3,xiz,M4)^2*xiz*ufoGC58*ufoGC107*ufoGC85
      *ufoGC80
       - 1/4*g_(1,6_,nu10)*FT2(g6)*Vec(nu10,q3)*Vec(nu13,-q3)*Vec(nu13,q2)*
      Vec(nu14,-p4)*Vec(nu14,q3)*Deng(p4,xiw,0)*Deng(q2 + q3,xiw,0)*Deng(q2 + 
      q3,xiw,M3)^2*Deng( - p4 + q2 + q3,xiz,M4)^2*xiz*ufoGC58*ufoGC107*ufoGC85
      *ufoGC80
       - 1/4*g_(1,6_,nu10)*FT2(g6)*Vec(nu10,q3)*Vec(nu13,-q3)*Vec(nu13,q2)*
      Deng(p4,xiw,0)*Deng(q2 + q3,xiw,0)*Deng(q2 + q3,xiw,M3)^2*Deng( - p4 + 
      q2 + q3,xiz,M4)^2*q2.q2*xiz*ufoGC58*ufoGC107*ufoGC85*ufoGC80
       - 1/4*g_(1,6_,nu10)*FT2(g6)*Vec(nu10,q3)*Vec(nu13,-q3)*Vec(nu13,q2)*
      Deng(p4,xiw,0)*Deng(q2 + q3,xiw,0)*Deng(q2 + q3,xiw,M3)^2*Deng( - p4 + 
      q2 + q3,xiz,M4)^2*q3.q3*xiz*ufoGC58*ufoGC107*ufoGC85*ufoGC80
       - 1/4*g_(1,6_,nu10)*FT2(g6)*Vec(nu10,q3)*Vec(nu13,-q3)*Vec(nu13,q3)*
      Vec(nu14,-p4)*Vec(nu14,q2)*Deng(p4,xiw,0)*Deng(q2 + q3,xiw,0)*Deng(q2 + 
      q3,xiw,M3)^2*Deng( - p4 + q2 + q3,xiz,M4)^2*xiz*ufoGC58*ufoGC107*ufoGC85
      *ufoGC80
       - 1/4*g_(1,6_,nu10)*FT2(g6)*Vec(nu10,q3)*Vec(nu13,-q3)*Vec(nu13,q3)*
      Deng(p4,xiw,0)*Deng(q2 + q3,xiw,0)*Deng(q2 + q3,xiw,M3)^2*Deng( - p4 + 
      q2 + q3,xiz,M4)^2*q2.q2*xiz*ufoGC58*ufoGC107*ufoGC85*ufoGC80
       - 1/4*g_(1,6_,nu10)*FT2(g6)*Vec(nu10,q3)*Vec(nu13,-q3)*Vec(nu13,q3)*
      Deng(p4,xiw,0)*Deng(q2 + q3,xiw,0)*Deng(q2 + q3,xiw,M3)^2*Deng( - p4 + 
      q2 + q3,xiz,M4)^2*q3.q3*xiz*ufoGC58*ufoGC107*ufoGC85*ufoGC80
       + 1/2*g_(1,6_,nu10)*FT2(g6)/(d^2 + 2*d)*Vec(nu10,q2)*Deng(p4,xiw,0)*
      Deng(q2 + q3,xiw,0)*Deng(q2 + q3,xiw,M3)^2*Deng( - p4 + q2 + q3,xiz,M4)^
      2*p4.q3*q3.q3*xiz*ufoGC58*ufoGC107*ufoGC85*ufoGC80
       + 1/2*g_(1,6_,nu10)*FT2(g6)/(d^2 + 2*d)*Vec(nu10,q2)*Deng(p4,xiw,0)*
      Deng(q2 + q3,xiw,0)*Deng(q2 + q3,xiw,M3)^2*Deng( - p4 + q2 + q3,xiz,M4)^
      2*q2.q3*q3.q3*xiz*ufoGC58*ufoGC107*ufoGC85*ufoGC80
       + 1/2*g_(1,6_,nu10)*FT2(g6)/(d^2 + 2*d)*Vec(nu10,q2)*Deng(p4,xiw,0)*
      Deng(q2 + q3,xiw,0)*Deng(q2 + q3,xiw,M3)^2*Deng( - p4 + q2 + q3,xiz,M4)^
      2*q3.q3^2*xiz*ufoGC58*ufoGC107*ufoGC85*ufoGC80
       + 1/2*g_(1,6_,nu10)*FT2(g6)/(d^2 + 2*d)*Vec(nu10,q3)*Deng(p4,xiw,0)*
      Deng(q2 + q3,xiw,0)*Deng(q2 + q3,xiw,M3)^2*Deng( - p4 + q2 + q3,xiz,M4)^
      2*p4.q2*q2.q2*xiz*ufoGC58*ufoGC107*ufoGC85*ufoGC80
       + 1/2*g_(1,6_,nu10)*FT2(g6)/(d^2 + 2*d)*Vec(nu10,q3)*Deng(p4,xiw,0)*
      Deng(q2 + q3,xiw,0)*Deng(q2 + q3,xiw,M3)^2*Deng( - p4 + q2 + q3,xiz,M4)^
      2*q2.q2^2*xiz*ufoGC58*ufoGC107*ufoGC85*ufoGC80
       + 1/2*g_(1,6_,nu10)*FT2(g6)/(d^2 + 2*d)*Vec(nu10,q3)*Deng(p4,xiw,0)*
      Deng(q2 + q3,xiw,0)*Deng(q2 + q3,xiw,M3)^2*Deng( - p4 + q2 + q3,xiz,M4)^
      2*q2.q2*q2.q3*xiz*ufoGC58*ufoGC107*ufoGC85*ufoGC80
       + 1/4*g_(1,6_,nu10)*FT2(g6)/(d^2 + 2*d)*Vec(nu10,-p4)*Deng(p4,xiw,0)*
      Deng(q2 + q3,xiw,0)*Deng(q2 + q3,xiw,M3)^2*Deng( - p4 + q2 + q3,xiz,M4)^
      2*p4.q2*q2.q2*xiz*ufoGC58*ufoGC107*ufoGC85*ufoGC80
       + 1/4*g_(1,6_,nu10)*FT2(g6)/(d^2 + 2*d)*Vec(nu10,-p4)*Deng(p4,xiw,0)*
      Deng(q2 + q3,xiw,0)*Deng(q2 + q3,xiw,M3)^2*Deng( - p4 + q2 + q3,xiz,M4)^
      2*p4.q3*q3.q3*xiz*ufoGC58*ufoGC107*ufoGC85*ufoGC80
       + 1/4*g_(1,6_,nu10)*FT2(g6)/(d^2 + 2*d)*Vec(nu10,-p4)*Deng(p4,xiw,0)*
      Deng(q2 + q3,xiw,0)*Deng(q2 + q3,xiw,M3)^2*Deng( - p4 + q2 + q3,xiz,M4)^
      2*q2.q2^2*xiz*ufoGC58*ufoGC107*ufoGC85*ufoGC80
       + 1/4*g_(1,6_,nu10)*FT2(g6)/(d^2 + 2*d)*Vec(nu10,-p4)*Deng(p4,xiw,0)*
      Deng(q2 + q3,xiw,0)*Deng(q2 + q3,xiw,M3)^2*Deng( - p4 + q2 + q3,xiz,M4)^
      2*q2.q2*q2.q3*xiz*ufoGC58*ufoGC107*ufoGC85*ufoGC80
       + 1/4*g_(1,6_,nu10)*FT2(g6)/(d^2 + 2*d)*Vec(nu10,-p4)*Deng(p4,xiw,0)*
      Deng(q2 + q3,xiw,0)*Deng(q2 + q3,xiw,M3)^2*Deng( - p4 + q2 + q3,xiz,M4)^
      2*q2.q3*q3.q3*xiz*ufoGC58*ufoGC107*ufoGC85*ufoGC80
       + 1/4*g_(1,6_,nu10)*FT2(g6)/(d^2 + 2*d)*Vec(nu10,-p4)*Deng(p4,xiw,0)*
      Deng(q2 + q3,xiw,0)*Deng(q2 + q3,xiw,M3)^2*Deng( - p4 + q2 + q3,xiz,M4)^
      2*q3.q3^2*xiz*ufoGC58*ufoGC107*ufoGC85*ufoGC80
       - 1/4*g_(1,6_,nu13)*FT2(g6)/(d^3 + d^2 - 2*d)*Vec(nu13,p4)*Deng(p4,xiw,
      0)*Deng(q2 + q3,xiw,0)*Deng(q2 + q3,xiw,M3)^2*Deng( - p4 + q2 + q3,xiz,
      M4)^2*p4.p4*q2.q2*d*xiz*ufoGC58*ufoGC107*ufoGC85*ufoGC80
       - 1/4*g_(1,6_,nu13)*FT2(g6)/(d^3 + d^2 - 2*d)*Vec(nu13,p4)*Deng(p4,xiw,
      0)*Deng(q2 + q3,xiw,0)*Deng(q2 + q3,xiw,M3)^2*Deng( - p4 + q2 + q3,xiz,
      M4)^2*p4.p4*q2.q2*xiz*ufoGC58*ufoGC107*ufoGC85*ufoGC80
       - 1/4*g_(1,6_,nu13)*FT2(g6)/(d^3 + d^2 - 2*d)*Vec(nu13,p4)*Deng(p4,xiw,
      0)*Deng(q2 + q3,xiw,0)*Deng(q2 + q3,xiw,M3)^2*Deng( - p4 + q2 + q3,xiz,
      M4)^2*p4.p4*q3.q3*d*xiz*ufoGC58*ufoGC107*ufoGC85*ufoGC80
       - 1/4*g_(1,6_,nu13)*FT2(g6)/(d^3 + d^2 - 2*d)*Vec(nu13,p4)*Deng(p4,xiw,
      0)*Deng(q2 + q3,xiw,0)*Deng(q2 + q3,xiw,M3)^2*Deng( - p4 + q2 + q3,xiz,
      M4)^2*p4.p4*q3.q3*xiz*ufoGC58*ufoGC107*ufoGC85*ufoGC80
       + 1/4*g_(1,6_,nu13)*FT2(g6)/(d^3 + d^2 - 2*d)*Vec(nu13,p4)*Deng(p4,xiw,
      0)*Deng(q2 + q3,xiw,0)*Deng(q2 + q3,xiw,M3)^2*Deng( - p4 + q2 + q3,xiz,
      M4)^2*p4.q2^2*d^2*xiz*ufoGC58*ufoGC107*ufoGC85*ufoGC80
       + 1/4*g_(1,6_,nu13)*FT2(g6)/(d^3 + d^2 - 2*d)*Vec(nu13,p4)*Deng(p4,xiw,
      0)*Deng(q2 + q3,xiw,0)*Deng(q2 + q3,xiw,M3)^2*Deng( - p4 + q2 + q3,xiz,
      M4)^2*p4.q2^2*d*xiz*ufoGC58*ufoGC107*ufoGC85*ufoGC80
       + 1/4*g_(1,6_,nu13)*FT2(g6)/(d^3 + d^2 - 2*d)*Vec(nu13,p4)*Deng(p4,xiw,
      0)*Deng(q2 + q3,xiw,0)*Deng(q2 + q3,xiw,M3)^2*Deng( - p4 + q2 + q3,xiz,
      M4)^2*p4.q3^2*d^2*xiz*ufoGC58*ufoGC107*ufoGC85*ufoGC80
       + 1/4*g_(1,6_,nu13)*FT2(g6)/(d^3 + d^2 - 2*d)*Vec(nu13,p4)*Deng(p4,xiw,
      0)*Deng(q2 + q3,xiw,0)*Deng(q2 + q3,xiw,M3)^2*Deng( - p4 + q2 + q3,xiz,
      M4)^2*p4.q3^2*d*xiz*ufoGC58*ufoGC107*ufoGC85*ufoGC80
       - g_(1,6_,nu13)*FT2(g6)/(d^3 + d^2 - 2*d)*Vec(nu13,p4)*Deng(p4,xiw,0)*
      Deng(q2 + q3,xiw,0)*Deng(q2 + q3,xiw,M3)^2*Deng( - p4 + q2 + q3,xiz,M4)^
      2*q2.q2*q3.q3*d*xiz*ufoGC58*ufoGC107*ufoGC85*ufoGC80
       - g_(1,6_,nu13)*FT2(g6)/(d^3 + d^2 - 2*d)*Vec(nu13,p4)*Deng(p4,xiw,0)*
      Deng(q2 + q3,xiw,0)*Deng(q2 + q3,xiw,M3)^2*Deng( - p4 + q2 + q3,xiz,M4)^
      2*q2.q2*q3.q3*xiz*ufoGC58*ufoGC107*ufoGC85*ufoGC80
       + g_(1,6_,nu13)*FT2(g6)/(d^3 + d^2 - 2*d)*Vec(nu13,p4)*Deng(p4,xiw,0)*
      Deng(q2 + q3,xiw,0)*Deng(q2 + q3,xiw,M3)^2*Deng( - p4 + q2 + q3,xiz,M4)^
      2*q2.q3^2*d^2*xiz*ufoGC58*ufoGC107*ufoGC85*ufoGC80
       + g_(1,6_,nu13)*FT2(g6)/(d^3 + d^2 - 2*d)*Vec(nu13,p4)*Deng(p4,xiw,0)*
      Deng(q2 + q3,xiw,0)*Deng(q2 + q3,xiw,M3)^2*Deng( - p4 + q2 + q3,xiz,M4)^
      2*q2.q3^2*d*xiz*ufoGC58*ufoGC107*ufoGC85*ufoGC80
       + 1/4*g_(1,6_,nu13)*FT2(g6)/(d^3 + d^2 - 2*d)*Vec(nu13,-q2)*Deng(p4,xiw
      ,0)*Deng(q2 + q3,xiw,0)*Deng(q2 + q3,xiw,M3)^2*Deng( - p4 + q2 + q3,xiz,
      M4)^2*p4.p4*q2.q2*d*xiz*ufoGC58*ufoGC107*ufoGC85*ufoGC80
       + 1/4*g_(1,6_,nu13)*FT2(g6)/(d^3 + d^2 - 2*d)*Vec(nu13,-q2)*Deng(p4,xiw
      ,0)*Deng(q2 + q3,xiw,0)*Deng(q2 + q3,xiw,M3)^2*Deng( - p4 + q2 + q3,xiz,
      M4)^2*p4.p4*q2.q2*xiz*ufoGC58*ufoGC107*ufoGC85*ufoGC80
       + 1/4*g_(1,6_,nu13)*FT2(g6)/(d^3 + d^2 - 2*d)*Vec(nu13,-q2)*Deng(p4,xiw
      ,0)*Deng(q2 + q3,xiw,0)*Deng(q2 + q3,xiw,M3)^2*Deng( - p4 + q2 + q3,xiz,
      M4)^2*p4.p4*q3.q3*d*xiz*ufoGC58*ufoGC107*ufoGC85*ufoGC80
       + 1/4*g_(1,6_,nu13)*FT2(g6)/(d^3 + d^2 - 2*d)*Vec(nu13,-q2)*Deng(p4,xiw
      ,0)*Deng(q2 + q3,xiw,0)*Deng(q2 + q3,xiw,M3)^2*Deng( - p4 + q2 + q3,xiz,
      M4)^2*p4.p4*q3.q3*xiz*ufoGC58*ufoGC107*ufoGC85*ufoGC80
       - 1/4*g_(1,6_,nu13)*FT2(g6)/(d^3 + d^2 - 2*d)*Vec(nu13,-q2)*Deng(p4,xiw
      ,0)*Deng(q2 + q3,xiw,0)*Deng(q2 + q3,xiw,M3)^2*Deng( - p4 + q2 + q3,xiz,
      M4)^2*p4.q2^2*d^2*xiz*ufoGC58*ufoGC107*ufoGC85*ufoGC80
       - 1/4*g_(1,6_,nu13)*FT2(g6)/(d^3 + d^2 - 2*d)*Vec(nu13,-q2)*Deng(p4,xiw
      ,0)*Deng(q2 + q3,xiw,0)*Deng(q2 + q3,xiw,M3)^2*Deng( - p4 + q2 + q3,xiz,
      M4)^2*p4.q2^2*d*xiz*ufoGC58*ufoGC107*ufoGC85*ufoGC80
       - 1/4*g_(1,6_,nu13)*FT2(g6)/(d^3 + d^2 - 2*d)*Vec(nu13,-q2)*Deng(p4,xiw
      ,0)*Deng(q2 + q3,xiw,0)*Deng(q2 + q3,xiw,M3)^2*Deng( - p4 + q2 + q3,xiz,
      M4)^2*p4.q3^2*d^2*xiz*ufoGC58*ufoGC107*ufoGC85*ufoGC80
       - 1/4*g_(1,6_,nu13)*FT2(g6)/(d^3 + d^2 - 2*d)*Vec(nu13,-q2)*Deng(p4,xiw
      ,0)*Deng(q2 + q3,xiw,0)*Deng(q2 + q3,xiw,M3)^2*Deng( - p4 + q2 + q3,xiz,
      M4)^2*p4.q3^2*d*xiz*ufoGC58*ufoGC107*ufoGC85*ufoGC80
       + g_(1,6_,nu13)*FT2(g6)/(d^3 + d^2 - 2*d)*Vec(nu13,-q2)*Deng(p4,xiw,0)*
      Deng(q2 + q3,xiw,0)*Deng(q2 + q3,xiw,M3)^2*Deng( - p4 + q2 + q3,xiz,M4)^
      2*q2.q2*q3.q3*d*xiz*ufoGC58*ufoGC107*ufoGC85*ufoGC80
       + g_(1,6_,nu13)*FT2(g6)/(d^3 + d^2 - 2*d)*Vec(nu13,-q2)*Deng(p4,xiw,0)*
      Deng(q2 + q3,xiw,0)*Deng(q2 + q3,xiw,M3)^2*Deng( - p4 + q2 + q3,xiz,M4)^
      2*q2.q2*q3.q3*xiz*ufoGC58*ufoGC107*ufoGC85*ufoGC80
       - g_(1,6_,nu13)*FT2(g6)/(d^3 + d^2 - 2*d)*Vec(nu13,-q2)*Deng(p4,xiw,0)*
      Deng(q2 + q3,xiw,0)*Deng(q2 + q3,xiw,M3)^2*Deng( - p4 + q2 + q3,xiz,M4)^
      2*q2.q3^2*d^2*xiz*ufoGC58*ufoGC107*ufoGC85*ufoGC80
       - g_(1,6_,nu13)*FT2(g6)/(d^3 + d^2 - 2*d)*Vec(nu13,-q2)*Deng(p4,xiw,0)*
      Deng(q2 + q3,xiw,0)*Deng(q2 + q3,xiw,M3)^2*Deng( - p4 + q2 + q3,xiz,M4)^
      2*q2.q3^2*d*xiz*ufoGC58*ufoGC107*ufoGC85*ufoGC80
       + 1/4*g_(1,6_,nu13)*FT2(g6)/(d^3 + d^2 - 2*d)*Vec(nu13,-q3)*Deng(p4,xiw
      ,0)*Deng(q2 + q3,xiw,0)*Deng(q2 + q3,xiw,M3)^2*Deng( - p4 + q2 + q3,xiz,
      M4)^2*p4.p4*q2.q2*d*xiz*ufoGC58*ufoGC107*ufoGC85*ufoGC80
       + 1/4*g_(1,6_,nu13)*FT2(g6)/(d^3 + d^2 - 2*d)*Vec(nu13,-q3)*Deng(p4,xiw
      ,0)*Deng(q2 + q3,xiw,0)*Deng(q2 + q3,xiw,M3)^2*Deng( - p4 + q2 + q3,xiz,
      M4)^2*p4.p4*q2.q2*xiz*ufoGC58*ufoGC107*ufoGC85*ufoGC80
       + 1/4*g_(1,6_,nu13)*FT2(g6)/(d^3 + d^2 - 2*d)*Vec(nu13,-q3)*Deng(p4,xiw
      ,0)*Deng(q2 + q3,xiw,0)*Deng(q2 + q3,xiw,M3)^2*Deng( - p4 + q2 + q3,xiz,
      M4)^2*p4.p4*q3.q3*d*xiz*ufoGC58*ufoGC107*ufoGC85*ufoGC80
       + 1/4*g_(1,6_,nu13)*FT2(g6)/(d^3 + d^2 - 2*d)*Vec(nu13,-q3)*Deng(p4,xiw
      ,0)*Deng(q2 + q3,xiw,0)*Deng(q2 + q3,xiw,M3)^2*Deng( - p4 + q2 + q3,xiz,
      M4)^2*p4.p4*q3.q3*xiz*ufoGC58*ufoGC107*ufoGC85*ufoGC80
       - 1/4*g_(1,6_,nu13)*FT2(g6)/(d^3 + d^2 - 2*d)*Vec(nu13,-q3)*Deng(p4,xiw
      ,0)*Deng(q2 + q3,xiw,0)*Deng(q2 + q3,xiw,M3)^2*Deng( - p4 + q2 + q3,xiz,
      M4)^2*p4.q2^2*d^2*xiz*ufoGC58*ufoGC107*ufoGC85*ufoGC80
       - 1/4*g_(1,6_,nu13)*FT2(g6)/(d^3 + d^2 - 2*d)*Vec(nu13,-q3)*Deng(p4,xiw
      ,0)*Deng(q2 + q3,xiw,0)*Deng(q2 + q3,xiw,M3)^2*Deng( - p4 + q2 + q3,xiz,
      M4)^2*p4.q2^2*d*xiz*ufoGC58*ufoGC107*ufoGC85*ufoGC80
       - 1/4*g_(1,6_,nu13)*FT2(g6)/(d^3 + d^2 - 2*d)*Vec(nu13,-q3)*Deng(p4,xiw
      ,0)*Deng(q2 + q3,xiw,0)*Deng(q2 + q3,xiw,M3)^2*Deng( - p4 + q2 + q3,xiz,
      M4)^2*p4.q3^2*d^2*xiz*ufoGC58*ufoGC107*ufoGC85*ufoGC80
       - 1/4*g_(1,6_,nu13)*FT2(g6)/(d^3 + d^2 - 2*d)*Vec(nu13,-q3)*Deng(p4,xiw
      ,0)*Deng(q2 + q3,xiw,0)*Deng(q2 + q3,xiw,M3)^2*Deng( - p4 + q2 + q3,xiz,
      M4)^2*p4.q3^2*d*xiz*ufoGC58*ufoGC107*ufoGC85*ufoGC80
       + g_(1,6_,nu13)*FT2(g6)/(d^3 + d^2 - 2*d)*Vec(nu13,-q3)*Deng(p4,xiw,0)*
      Deng(q2 + q3,xiw,0)*Deng(q2 + q3,xiw,M3)^2*Deng( - p4 + q2 + q3,xiz,M4)^
      2*q2.q2*q3.q3*d*xiz*ufoGC58*ufoGC107*ufoGC85*ufoGC80
       + g_(1,6_,nu13)*FT2(g6)/(d^3 + d^2 - 2*d)*Vec(nu13,-q3)*Deng(p4,xiw,0)*
      Deng(q2 + q3,xiw,0)*Deng(q2 + q3,xiw,M3)^2*Deng( - p4 + q2 + q3,xiz,M4)^
      2*q2.q2*q3.q3*xiz*ufoGC58*ufoGC107*ufoGC85*ufoGC80
       - g_(1,6_,nu13)*FT2(g6)/(d^3 + d^2 - 2*d)*Vec(nu13,-q3)*Deng(p4,xiw,0)*
      Deng(q2 + q3,xiw,0)*Deng(q2 + q3,xiw,M3)^2*Deng( - p4 + q2 + q3,xiz,M4)^
      2*q2.q3^2*d^2*xiz*ufoGC58*ufoGC107*ufoGC85*ufoGC80
       - g_(1,6_,nu13)*FT2(g6)/(d^3 + d^2 - 2*d)*Vec(nu13,-q3)*Deng(p4,xiw,0)*
      Deng(q2 + q3,xiw,0)*Deng(q2 + q3,xiw,M3)^2*Deng( - p4 + q2 + q3,xiz,M4)^
      2*q2.q3^2*d*xiz*ufoGC58*ufoGC107*ufoGC85*ufoGC80
       - 1/4*g_(1,6_,nu14)*FT2(g6)*Vec(nu13,p4)*Vec(nu13,q2)*Vec(nu14,q2)*
      Deng(p4,xiw,0)*Deng(q2 + q3,xiw,0)*Deng(q2 + q3,xiw,M3)*Deng( - p4 + q2
       + q3,xiz,M4)^2*xiz*ufoGC58*ufoGC107*ufoGC85*ufoGC80
       - 1/4*g_(1,6_,nu14)*FT2(g6)*Vec(nu13,p4)*Vec(nu13,q2)*Vec(nu14,q3)*
      Deng(p4,xiw,0)*Deng(q2 + q3,xiw,0)*Deng(q2 + q3,xiw,M3)*Deng( - p4 + q2
       + q3,xiz,M4)^2*xiz*ufoGC58*ufoGC107*ufoGC85*ufoGC80
       - 1/4*g_(1,6_,nu14)*FT2(g6)*Vec(nu13,p4)*Vec(nu13,q2)*Vec(nu14,-p4)*
      Deng(p4,xiw,0)*Deng(q2 + q3,xiw,0)*Deng(q2 + q3,xiw,M3)*Deng( - p4 + q2
       + q3,xiz,M4)^2*xiz*ufoGC58*ufoGC107*ufoGC85*ufoGC80
       - 1/4*g_(1,6_,nu14)*FT2(g6)*Vec(nu13,p4)*Vec(nu13,q3)*Vec(nu14,q2)*
      Deng(p4,xiw,0)*Deng(q2 + q3,xiw,0)*Deng(q2 + q3,xiw,M3)*Deng( - p4 + q2
       + q3,xiz,M4)^2*xiz*ufoGC58*ufoGC107*ufoGC85*ufoGC80
       - 1/4*g_(1,6_,nu14)*FT2(g6)*Vec(nu13,p4)*Vec(nu13,q3)*Vec(nu14,q3)*
      Deng(p4,xiw,0)*Deng(q2 + q3,xiw,0)*Deng(q2 + q3,xiw,M3)*Deng( - p4 + q2
       + q3,xiz,M4)^2*xiz*ufoGC58*ufoGC107*ufoGC85*ufoGC80
       - 1/4*g_(1,6_,nu14)*FT2(g6)*Vec(nu13,p4)*Vec(nu13,q3)*Vec(nu14,-p4)*
      Deng(p4,xiw,0)*Deng(q2 + q3,xiw,0)*Deng(q2 + q3,xiw,M3)*Deng( - p4 + q2
       + q3,xiz,M4)^2*xiz*ufoGC58*ufoGC107*ufoGC85*ufoGC80
       - 1/4*g_(1,6_,nu14)*FT2(g6)*Vec(nu13,-p4)*Vec(nu13,p4)*Vec(nu14,q2)*
      Deng(p4,xiw,0)*Deng(q2 + q3,xiw,0)*Deng(q2 + q3,xiw,M3)*Deng( - p4 + q2
       + q3,xiz,M4)^2*xiz*ufoGC58*ufoGC107*ufoGC85*ufoGC80
       - 1/4*g_(1,6_,nu14)*FT2(g6)*Vec(nu13,-p4)*Vec(nu13,p4)*Vec(nu14,q3)*
      Deng(p4,xiw,0)*Deng(q2 + q3,xiw,0)*Deng(q2 + q3,xiw,M3)*Deng( - p4 + q2
       + q3,xiz,M4)^2*xiz*ufoGC58*ufoGC107*ufoGC85*ufoGC80
       - 1/4*g_(1,6_,nu14)*FT2(g6)*Vec(nu13,-p4)*Vec(nu13,p4)*Vec(nu14,-p4)*
      Deng(p4,xiw,0)*Deng(q2 + q3,xiw,0)*Deng(q2 + q3,xiw,M3)*Deng( - p4 + q2
       + q3,xiz,M4)^2*xiz*ufoGC58*ufoGC107*ufoGC85*ufoGC80
       + 1/4*g_(1,6_,nu14)*FT2(g6)*Vec(nu13,-p4)*Vec(nu13,-q2)*Vec(nu14,q2)*
      Deng(p4,xiw,0)*Deng(q2 + q3,xiw,0)*Deng(q2 + q3,xiw,M3)*Deng( - p4 + q2
       + q3,xiz,M4)^2*xiz*ufoGC58*ufoGC107*ufoGC85*ufoGC80
       + 1/4*g_(1,6_,nu14)*FT2(g6)*Vec(nu13,-p4)*Vec(nu13,-q2)*Vec(nu14,q3)*
      Deng(p4,xiw,0)*Deng(q2 + q3,xiw,0)*Deng(q2 + q3,xiw,M3)*Deng( - p4 + q2
       + q3,xiz,M4)^2*xiz*ufoGC58*ufoGC107*ufoGC85*ufoGC80
       + 1/4*g_(1,6_,nu14)*FT2(g6)*Vec(nu13,-p4)*Vec(nu13,-q2)*Vec(nu14,-p4)*
      Deng(p4,xiw,0)*Deng(q2 + q3,xiw,0)*Deng(q2 + q3,xiw,M3)*Deng( - p4 + q2
       + q3,xiz,M4)^2*xiz*ufoGC58*ufoGC107*ufoGC85*ufoGC80
       + 1/4*g_(1,6_,nu14)*FT2(g6)*Vec(nu13,-p4)*Vec(nu13,-q3)*Vec(nu14,q2)*
      Deng(p4,xiw,0)*Deng(q2 + q3,xiw,0)*Deng(q2 + q3,xiw,M3)*Deng( - p4 + q2
       + q3,xiz,M4)^2*xiz*ufoGC58*ufoGC107*ufoGC85*ufoGC80
       + 1/4*g_(1,6_,nu14)*FT2(g6)*Vec(nu13,-p4)*Vec(nu13,-q3)*Vec(nu14,q3)*
      Deng(p4,xiw,0)*Deng(q2 + q3,xiw,0)*Deng(q2 + q3,xiw,M3)*Deng( - p4 + q2
       + q3,xiz,M4)^2*xiz*ufoGC58*ufoGC107*ufoGC85*ufoGC80
       + 1/4*g_(1,6_,nu14)*FT2(g6)*Vec(nu13,-p4)*Vec(nu13,-q3)*Vec(nu14,-p4)*
      Deng(p4,xiw,0)*Deng(q2 + q3,xiw,0)*Deng(q2 + q3,xiw,M3)*Deng( - p4 + q2
       + q3,xiz,M4)^2*xiz*ufoGC58*ufoGC107*ufoGC85*ufoGC80
       + 1/4*g_(1,6_,nu14)*FT2(g6)*Vec(nu13,-q2)*Vec(nu13,q2)*Vec(nu14,q2)*
      Deng(p4,xiw,0)*Deng(q2 + q3,xiw,0)*Deng(q2 + q3,xiw,M3)*Deng( - p4 + q2
       + q3,xiz,M4)^2*xiz*ufoGC58*ufoGC107*ufoGC85*ufoGC80
       + 1/4*g_(1,6_,nu14)*FT2(g6)*Vec(nu13,-q2)*Vec(nu13,q2)*Vec(nu14,q3)*
      Deng(p4,xiw,0)*Deng(q2 + q3,xiw,0)*Deng(q2 + q3,xiw,M3)*Deng( - p4 + q2
       + q3,xiz,M4)^2*xiz*ufoGC58*ufoGC107*ufoGC85*ufoGC80
       + 1/4*g_(1,6_,nu14)*FT2(g6)*Vec(nu13,-q2)*Vec(nu13,q2)*Vec(nu14,-p4)*
      Deng(p4,xiw,0)*Deng(q2 + q3,xiw,0)*Deng(q2 + q3,xiw,M3)*Deng( - p4 + q2
       + q3,xiz,M4)^2*xiz*ufoGC58*ufoGC107*ufoGC85*ufoGC80
       + 1/4*g_(1,6_,nu14)*FT2(g6)*Vec(nu13,-q2)*Vec(nu13,q3)*Vec(nu14,q2)*
      Deng(p4,xiw,0)*Deng(q2 + q3,xiw,0)*Deng(q2 + q3,xiw,M3)*Deng( - p4 + q2
       + q3,xiz,M4)^2*xiz*ufoGC58*ufoGC107*ufoGC85*ufoGC80
       + 1/4*g_(1,6_,nu14)*FT2(g6)*Vec(nu13,-q2)*Vec(nu13,q3)*Vec(nu14,q3)*
      Deng(p4,xiw,0)*Deng(q2 + q3,xiw,0)*Deng(q2 + q3,xiw,M3)*Deng( - p4 + q2
       + q3,xiz,M4)^2*xiz*ufoGC58*ufoGC107*ufoGC85*ufoGC80
       + 1/4*g_(1,6_,nu14)*FT2(g6)*Vec(nu13,-q2)*Vec(nu13,q3)*Vec(nu14,-p4)*
      Deng(p4,xiw,0)*Deng(q2 + q3,xiw,0)*Deng(q2 + q3,xiw,M3)*Deng( - p4 + q2
       + q3,xiz,M4)^2*xiz*ufoGC58*ufoGC107*ufoGC85*ufoGC80
       + 1/4*g_(1,6_,nu14)*FT2(g6)*Vec(nu13,-q3)*Vec(nu13,q2)*Vec(nu14,q2)*
      Deng(p4,xiw,0)*Deng(q2 + q3,xiw,0)*Deng(q2 + q3,xiw,M3)*Deng( - p4 + q2
       + q3,xiz,M4)^2*xiz*ufoGC58*ufoGC107*ufoGC85*ufoGC80
       + 1/4*g_(1,6_,nu14)*FT2(g6)*Vec(nu13,-q3)*Vec(nu13,q2)*Vec(nu14,q3)*
      Deng(p4,xiw,0)*Deng(q2 + q3,xiw,0)*Deng(q2 + q3,xiw,M3)*Deng( - p4 + q2
       + q3,xiz,M4)^2*xiz*ufoGC58*ufoGC107*ufoGC85*ufoGC80
       + 1/4*g_(1,6_,nu14)*FT2(g6)*Vec(nu13,-q3)*Vec(nu13,q2)*Vec(nu14,-p4)*
      Deng(p4,xiw,0)*Deng(q2 + q3,xiw,0)*Deng(q2 + q3,xiw,M3)*Deng( - p4 + q2
       + q3,xiz,M4)^2*xiz*ufoGC58*ufoGC107*ufoGC85*ufoGC80
       + 1/4*g_(1,6_,nu14)*FT2(g6)*Vec(nu13,-q3)*Vec(nu13,q3)*Vec(nu14,q2)*
      Deng(p4,xiw,0)*Deng(q2 + q3,xiw,0)*Deng(q2 + q3,xiw,M3)*Deng( - p4 + q2
       + q3,xiz,M4)^2*xiz*ufoGC58*ufoGC107*ufoGC85*ufoGC80
       + 1/4*g_(1,6_,nu14)*FT2(g6)*Vec(nu13,-q3)*Vec(nu13,q3)*Vec(nu14,q3)*
      Deng(p4,xiw,0)*Deng(q2 + q3,xiw,0)*Deng(q2 + q3,xiw,M3)*Deng( - p4 + q2
       + q3,xiz,M4)^2*xiz*ufoGC58*ufoGC107*ufoGC85*ufoGC80
       + 1/4*g_(1,6_,nu14)*FT2(g6)*Vec(nu13,-q3)*Vec(nu13,q3)*Vec(nu14,-p4)*
      Deng(p4,xiw,0)*Deng(q2 + q3,xiw,0)*Deng(q2 + q3,xiw,M3)*Deng( - p4 + q2
       + q3,xiz,M4)^2*xiz*ufoGC58*ufoGC107*ufoGC85*ufoGC80
       + 1/2*g_(1,6_,nu14)*FT2(g6)/(d^2 + 2*d)*Vec(nu14,q2)*Deng(p4,xiw,0)*
      Deng(q2 + q3,xiw,0)*Deng(q2 + q3,xiw,M3)^2*Deng( - p4 + q2 + q3,xiz,M4)^
      2*p4.q3*q3.q3*d*xiz*ufoGC58*ufoGC107*ufoGC85*ufoGC80
       + 1/2*g_(1,6_,nu14)*FT2(g6)/(d^2 + 2*d)*Vec(nu14,q2)*Deng(p4,xiw,0)*
      Deng(q2 + q3,xiw,0)*Deng(q2 + q3,xiw,M3)^2*Deng( - p4 + q2 + q3,xiz,M4)^
      2*p4.q3*q3.q3*xiz*ufoGC58*ufoGC107*ufoGC85*ufoGC80
       + 1/2*g_(1,6_,nu14)*FT2(g6)/(d^2 + 2*d)*Vec(nu14,q2)*Deng(p4,xiw,0)*
      Deng(q2 + q3,xiw,0)*Deng(q2 + q3,xiw,M3)^2*Deng( - p4 + q2 + q3,xiz,M4)^
      2*q2.q3*q3.q3*d*xiz*ufoGC58*ufoGC107*ufoGC85*ufoGC80
       + 1/2*g_(1,6_,nu14)*FT2(g6)/(d^2 + 2*d)*Vec(nu14,q2)*Deng(p4,xiw,0)*
      Deng(q2 + q3,xiw,0)*Deng(q2 + q3,xiw,M3)^2*Deng( - p4 + q2 + q3,xiz,M4)^
      2*q2.q3*q3.q3*xiz*ufoGC58*ufoGC107*ufoGC85*ufoGC80
       + 1/2*g_(1,6_,nu14)*FT2(g6)/(d^2 + 2*d)*Vec(nu14,q2)*Deng(p4,xiw,0)*
      Deng(q2 + q3,xiw,0)*Deng(q2 + q3,xiw,M3)^2*Deng( - p4 + q2 + q3,xiz,M4)^
      2*q3.q3^2*d*xiz*ufoGC58*ufoGC107*ufoGC85*ufoGC80
       + 1/2*g_(1,6_,nu14)*FT2(g6)/(d^2 + 2*d)*Vec(nu14,q2)*Deng(p4,xiw,0)*
      Deng(q2 + q3,xiw,0)*Deng(q2 + q3,xiw,M3)^2*Deng( - p4 + q2 + q3,xiz,M4)^
      2*q3.q3^2*xiz*ufoGC58*ufoGC107*ufoGC85*ufoGC80
       + 1/2*g_(1,6_,nu14)*FT2(g6)/(d^2 + 2*d)*Vec(nu14,q3)*Deng(p4,xiw,0)*
      Deng(q2 + q3,xiw,0)*Deng(q2 + q3,xiw,M3)^2*Deng( - p4 + q2 + q3,xiz,M4)^
      2*p4.q2*q2.q2*d*xiz*ufoGC58*ufoGC107*ufoGC85*ufoGC80
       + 1/2*g_(1,6_,nu14)*FT2(g6)/(d^2 + 2*d)*Vec(nu14,q3)*Deng(p4,xiw,0)*
      Deng(q2 + q3,xiw,0)*Deng(q2 + q3,xiw,M3)^2*Deng( - p4 + q2 + q3,xiz,M4)^
      2*p4.q2*q2.q2*xiz*ufoGC58*ufoGC107*ufoGC85*ufoGC80
       + 1/2*g_(1,6_,nu14)*FT2(g6)/(d^2 + 2*d)*Vec(nu14,q3)*Deng(p4,xiw,0)*
      Deng(q2 + q3,xiw,0)*Deng(q2 + q3,xiw,M3)^2*Deng( - p4 + q2 + q3,xiz,M4)^
      2*q2.q2^2*d*xiz*ufoGC58*ufoGC107*ufoGC85*ufoGC80
       + 1/2*g_(1,6_,nu14)*FT2(g6)/(d^2 + 2*d)*Vec(nu14,q3)*Deng(p4,xiw,0)*
      Deng(q2 + q3,xiw,0)*Deng(q2 + q3,xiw,M3)^2*Deng( - p4 + q2 + q3,xiz,M4)^
      2*q2.q2^2*xiz*ufoGC58*ufoGC107*ufoGC85*ufoGC80
       + 1/2*g_(1,6_,nu14)*FT2(g6)/(d^2 + 2*d)*Vec(nu14,q3)*Deng(p4,xiw,0)*
      Deng(q2 + q3,xiw,0)*Deng(q2 + q3,xiw,M3)^2*Deng( - p4 + q2 + q3,xiz,M4)^
      2*q2.q2*q2.q3*d*xiz*ufoGC58*ufoGC107*ufoGC85*ufoGC80
       + 1/2*g_(1,6_,nu14)*FT2(g6)/(d^2 + 2*d)*Vec(nu14,q3)*Deng(p4,xiw,0)*
      Deng(q2 + q3,xiw,0)*Deng(q2 + q3,xiw,M3)^2*Deng( - p4 + q2 + q3,xiz,M4)^
      2*q2.q2*q2.q3*xiz*ufoGC58*ufoGC107*ufoGC85*ufoGC80
       + 1/4*g_(1,6_,nu14)*FT2(g6)/(d^2 + 2*d)*Vec(nu14,-p4)*Deng(p4,xiw,0)*
      Deng(q2 + q3,xiw,0)*Deng(q2 + q3,xiw,M3)^2*Deng( - p4 + q2 + q3,xiz,M4)^
      2*p4.q2*q2.q2*d*xiz*ufoGC58*ufoGC107*ufoGC85*ufoGC80
       + 1/4*g_(1,6_,nu14)*FT2(g6)/(d^2 + 2*d)*Vec(nu14,-p4)*Deng(p4,xiw,0)*
      Deng(q2 + q3,xiw,0)*Deng(q2 + q3,xiw,M3)^2*Deng( - p4 + q2 + q3,xiz,M4)^
      2*p4.q2*q2.q2*xiz*ufoGC58*ufoGC107*ufoGC85*ufoGC80
       + 1/4*g_(1,6_,nu14)*FT2(g6)/(d^2 + 2*d)*Vec(nu14,-p4)*Deng(p4,xiw,0)*
      Deng(q2 + q3,xiw,0)*Deng(q2 + q3,xiw,M3)^2*Deng( - p4 + q2 + q3,xiz,M4)^
      2*p4.q3*q3.q3*d*xiz*ufoGC58*ufoGC107*ufoGC85*ufoGC80
       + 1/4*g_(1,6_,nu14)*FT2(g6)/(d^2 + 2*d)*Vec(nu14,-p4)*Deng(p4,xiw,0)*
      Deng(q2 + q3,xiw,0)*Deng(q2 + q3,xiw,M3)^2*Deng( - p4 + q2 + q3,xiz,M4)^
      2*p4.q3*q3.q3*xiz*ufoGC58*ufoGC107*ufoGC85*ufoGC80
       + 1/4*g_(1,6_,nu14)*FT2(g6)/(d^2 + 2*d)*Vec(nu14,-p4)*Deng(p4,xiw,0)*
      Deng(q2 + q3,xiw,0)*Deng(q2 + q3,xiw,M3)^2*Deng( - p4 + q2 + q3,xiz,M4)^
      2*q2.q2^2*d*xiz*ufoGC58*ufoGC107*ufoGC85*ufoGC80
       + 1/4*g_(1,6_,nu14)*FT2(g6)/(d^2 + 2*d)*Vec(nu14,-p4)*Deng(p4,xiw,0)*
      Deng(q2 + q3,xiw,0)*Deng(q2 + q3,xiw,M3)^2*Deng( - p4 + q2 + q3,xiz,M4)^
      2*q2.q2^2*xiz*ufoGC58*ufoGC107*ufoGC85*ufoGC80
       + 1/4*g_(1,6_,nu14)*FT2(g6)/(d^2 + 2*d)*Vec(nu14,-p4)*Deng(p4,xiw,0)*
      Deng(q2 + q3,xiw,0)*Deng(q2 + q3,xiw,M3)^2*Deng( - p4 + q2 + q3,xiz,M4)^
      2*q2.q2*q2.q3*d*xiz*ufoGC58*ufoGC107*ufoGC85*ufoGC80
       + 1/4*g_(1,6_,nu14)*FT2(g6)/(d^2 + 2*d)*Vec(nu14,-p4)*Deng(p4,xiw,0)*
      Deng(q2 + q3,xiw,0)*Deng(q2 + q3,xiw,M3)^2*Deng( - p4 + q2 + q3,xiz,M4)^
      2*q2.q2*q2.q3*xiz*ufoGC58*ufoGC107*ufoGC85*ufoGC80
       + 1/4*g_(1,6_,nu14)*FT2(g6)/(d^2 + 2*d)*Vec(nu14,-p4)*Deng(p4,xiw,0)*
      Deng(q2 + q3,xiw,0)*Deng(q2 + q3,xiw,M3)^2*Deng( - p4 + q2 + q3,xiz,M4)^
      2*q2.q3*q3.q3*d*xiz*ufoGC58*ufoGC107*ufoGC85*ufoGC80
       + 1/4*g_(1,6_,nu14)*FT2(g6)/(d^2 + 2*d)*Vec(nu14,-p4)*Deng(p4,xiw,0)*
      Deng(q2 + q3,xiw,0)*Deng(q2 + q3,xiw,M3)^2*Deng( - p4 + q2 + q3,xiz,M4)^
      2*q2.q3*q3.q3*xiz*ufoGC58*ufoGC107*ufoGC85*ufoGC80
       + 1/4*g_(1,6_,nu14)*FT2(g6)/(d^2 + 2*d)*Vec(nu14,-p4)*Deng(p4,xiw,0)*
      Deng(q2 + q3,xiw,0)*Deng(q2 + q3,xiw,M3)^2*Deng( - p4 + q2 + q3,xiz,M4)^
      2*q3.q3^2*d*xiz*ufoGC58*ufoGC107*ufoGC85*ufoGC80
       + 1/4*g_(1,6_,nu14)*FT2(g6)/(d^2 + 2*d)*Vec(nu14,-p4)*Deng(p4,xiw,0)*
      Deng(q2 + q3,xiw,0)*Deng(q2 + q3,xiw,M3)^2*Deng( - p4 + q2 + q3,xiz,M4)^
      2*q3.q3^2*xiz*ufoGC58*ufoGC107*ufoGC85*ufoGC80
      ;

  0.01 sec out of 0.01 sec
