FORM 5.0.0-beta.1 (Jan 15 2026, v5.0.0-beta.1-292-g4341c63)  Run: Fri Feb 13 17:54:08 2026
    #-

   d1l106amp =
       - 1/16*g_(1,6_,nu10)*FT2(g6)*cFT(g7,XX,j16,j13)*cFT( - p3 + q2 + q3,XX,
      j15,j16)*cFT(nu9,XX,j14,iufo15)*cFT(g7,XX,iufo15,j15)*cFT(p3,XX,j13,j14)
      *flavourTag(fs,j15,j16)*flavourTag(ft,j13,j14)*Vec(nu10,q2)*Vec(nu9,q2)*
      Deng(q2 + q3,xiw,0)*Deng(q2 + q3,xiw,M3)^2*xiw*ufoGC58*ufoGC107*ufoGC18*
      ufoGC66
       - 1/16*g_(1,6_,nu10)*FT2(g6)*cFT(g7,XX,j16,j13)*cFT( - p3 + q2 + q3,XX,
      j15,j16)*cFT(nu9,XX,j14,iufo15)*cFT(g7,XX,iufo15,j15)*cFT(p3,XX,j13,j14)
      *flavourTag(fs,j15,j16)*flavourTag(ft,j13,j14)*Vec(nu10,q2)*Vec(nu9,q3)*
      Deng(q2 + q3,xiw,0)*Deng(q2 + q3,xiw,M3)^2*xiw*ufoGC58*ufoGC107*ufoGC18*
      ufoGC66
       - 1/16*g_(1,6_,nu10)*FT2(g6)*cFT(g7,XX,j16,j13)*cFT( - p3 + q2 + q3,XX,
      j15,j16)*cFT(nu9,XX,j14,iufo15)*cFT(g7,XX,iufo15,j15)*cFT(p3,XX,j13,j14)
      *flavourTag(fs,j15,j16)*flavourTag(ft,j13,j14)*Vec(nu10,q3)*Vec(nu9,q2)*
      Deng(q2 + q3,xiw,0)*Deng(q2 + q3,xiw,M3)^2*xiw*ufoGC58*ufoGC107*ufoGC18*
      ufoGC66
       - 1/16*g_(1,6_,nu10)*FT2(g6)*cFT(g7,XX,j16,j13)*cFT( - p3 + q2 + q3,XX,
      j15,j16)*cFT(nu9,XX,j14,iufo15)*cFT(g7,XX,iufo15,j15)*cFT(p3,XX,j13,j14)
      *flavourTag(fs,j15,j16)*flavourTag(ft,j13,j14)*Vec(nu10,q3)*Vec(nu9,q3)*
      Deng(q2 + q3,xiw,0)*Deng(q2 + q3,xiw,M3)^2*xiw*ufoGC58*ufoGC107*ufoGC18*
      ufoGC66
       - 1/16*g_(1,6_,nu10)*FT2(g6)*cFT(g6,XX,j16,j13)*cFT( - p3 + q2 + q3,XX,
      j15,j16)*cFT(nu9,XX,j14,iufo15)*cFT(g7,XX,iufo15,j15)*cFT(p3,XX,j13,j14)
      *flavourTag(fs,j15,j16)*flavourTag(ft,j13,j14)*Vec(nu10,q2)*Vec(nu9,q2)*
      Deng(q2 + q3,xiw,0)*Deng(q2 + q3,xiw,M3)^2*xiw*ufoGC58*ufoGC107*ufoGC27*
      ufoGC66
       - 1/16*g_(1,6_,nu10)*FT2(g6)*cFT(g6,XX,j16,j13)*cFT( - p3 + q2 + q3,XX,
      j15,j16)*cFT(nu9,XX,j14,iufo15)*cFT(g7,XX,iufo15,j15)*cFT(p3,XX,j13,j14)
      *flavourTag(fs,j15,j16)*flavourTag(ft,j13,j14)*Vec(nu10,q2)*Vec(nu9,q3)*
      Deng(q2 + q3,xiw,0)*Deng(q2 + q3,xiw,M3)^2*xiw*ufoGC58*ufoGC107*ufoGC27*
      ufoGC66
       - 1/16*g_(1,6_,nu10)*FT2(g6)*cFT(g6,XX,j16,j13)*cFT( - p3 + q2 + q3,XX,
      j15,j16)*cFT(nu9,XX,j14,iufo15)*cFT(g7,XX,iufo15,j15)*cFT(p3,XX,j13,j14)
      *flavourTag(fs,j15,j16)*flavourTag(ft,j13,j14)*Vec(nu10,q3)*Vec(nu9,q2)*
      Deng(q2 + q3,xiw,0)*Deng(q2 + q3,xiw,M3)^2*xiw*ufoGC58*ufoGC107*ufoGC27*
      ufoGC66
       - 1/16*g_(1,6_,nu10)*FT2(g6)*cFT(g6,XX,j16,j13)*cFT( - p3 + q2 + q3,XX,
      j15,j16)*cFT(nu9,XX,j14,iufo15)*cFT(g7,XX,iufo15,j15)*cFT(p3,XX,j13,j14)
      *flavourTag(fs,j15,j16)*flavourTag(ft,j13,j14)*Vec(nu10,q3)*Vec(nu9,q3)*
      Deng(q2 + q3,xiw,0)*Deng(q2 + q3,xiw,M3)^2*xiw*ufoGC58*ufoGC107*ufoGC27*
      ufoGC66
      ;

  0.00 sec out of 0.00 sec
