FORM 5.0.0-beta.1 (Jan 15 2026, v5.0.0-beta.1-292-g4341c63)  Run: Fri Feb 13 17:53:03 2026
    #-

   d1l14amp =
       + 1/4*g_(1,6_,nu10)*g_(2,6_,nu10)/(d^2 + 2*d)*Deng(q2 + q3,xiw,M3)^4*
      DH(p3)*q2.q2*q2.q3*d*xiw*ufoGC58^2*ufoGC52
       + 1/4*g_(1,6_,nu10)*g_(2,6_,nu10)/(d^2 + 2*d)*Deng(q2 + q3,xiw,M3)^4*
      DH(p3)*q2.q2*q2.q3*xiw*ufoGC58^2*ufoGC52
       + 1/4*g_(1,6_,nu10)*g_(2,6_,nu10)/(d^2 + 2*d)*Deng(q2 + q3,xiw,M3)^4*
      DH(p3)*q2.q3*q3.q3*d*xiw*ufoGC58^2*ufoGC52
       + 1/4*g_(1,6_,nu10)*g_(2,6_,nu10)/(d^2 + 2*d)*Deng(q2 + q3,xiw,M3)^4*
      DH(p3)*q2.q3*q3.q3*xiw*ufoGC58^2*ufoGC52
       + 1/8*g_(1,6_,nu10)*g_(2,6_,nu11)*Vec(nu10,q2)*Vec(nu11,q2)*Deng(q2 + 
      q3,xiw,M3)^4*DH(p3)*q2.q2*xiw*ufoGC58^2*ufoGC52
       + 1/8*g_(1,6_,nu10)*g_(2,6_,nu11)*Vec(nu10,q2)*Vec(nu11,q2)*Deng(q2 + 
      q3,xiw,M3)^4*DH(p3)*q3.q3*xiw*ufoGC58^2*ufoGC52
       - 1/8*g_(1,6_,nu10)*g_(2,6_,nu11)*Vec(nu10,q2)*Vec(nu11,q2)*Deng(q2 + 
      q3,xiw,M3)^3*DH(p3)*xiw*ufoGC58^2*ufoGC52
       + 1/8*g_(1,6_,nu10)*g_(2,6_,nu11)*Vec(nu10,q2)*Vec(nu11,q3)*Deng(q2 + 
      q3,xiw,M3)^4*DH(p3)*q2.q2*xiw*ufoGC58^2*ufoGC52
       + 1/8*g_(1,6_,nu10)*g_(2,6_,nu11)*Vec(nu10,q2)*Vec(nu11,q3)*Deng(q2 + 
      q3,xiw,M3)^4*DH(p3)*q3.q3*xiw*ufoGC58^2*ufoGC52
       - 1/8*g_(1,6_,nu10)*g_(2,6_,nu11)*Vec(nu10,q2)*Vec(nu11,q3)*Deng(q2 + 
      q3,xiw,M3)^3*DH(p3)*xiw*ufoGC58^2*ufoGC52
       + 1/8*g_(1,6_,nu10)*g_(2,6_,nu11)*Vec(nu10,q3)*Vec(nu11,q2)*Deng(q2 + 
      q3,xiw,M3)^4*DH(p3)*q2.q2*xiw*ufoGC58^2*ufoGC52
       + 1/8*g_(1,6_,nu10)*g_(2,6_,nu11)*Vec(nu10,q3)*Vec(nu11,q2)*Deng(q2 + 
      q3,xiw,M3)^4*DH(p3)*q3.q3*xiw*ufoGC58^2*ufoGC52
       - 1/8*g_(1,6_,nu10)*g_(2,6_,nu11)*Vec(nu10,q3)*Vec(nu11,q2)*Deng(q2 + 
      q3,xiw,M3)^3*DH(p3)*xiw*ufoGC58^2*ufoGC52
       + 1/8*g_(1,6_,nu10)*g_(2,6_,nu11)*Vec(nu10,q3)*Vec(nu11,q3)*Deng(q2 + 
      q3,xiw,M3)^4*DH(p3)*q2.q2*xiw*ufoGC58^2*ufoGC52
       + 1/8*g_(1,6_,nu10)*g_(2,6_,nu11)*Vec(nu10,q3)*Vec(nu11,q3)*Deng(q2 + 
      q3,xiw,M3)^4*DH(p3)*q3.q3*xiw*ufoGC58^2*ufoGC52
       - 1/8*g_(1,6_,nu10)*g_(2,6_,nu11)*Vec(nu10,q3)*Vec(nu11,q3)*Deng(q2 + 
      q3,xiw,M3)^3*DH(p3)*xiw*ufoGC58^2*ufoGC52
       - 1/2*g_(1,6_,nu11)*g_(2,6_,nu11)/(d^3 + d^2 - 2*d)*Deng(q2 + q3,xiw,M3
      )^4*DH(p3)*q2.q2*q3.q3*d*xiw*ufoGC58^2*ufoGC52
       - 1/2*g_(1,6_,nu11)*g_(2,6_,nu11)/(d^3 + d^2 - 2*d)*Deng(q2 + q3,xiw,M3
      )^4*DH(p3)*q2.q2*q3.q3*xiw*ufoGC58^2*ufoGC52
       + 1/2*g_(1,6_,nu11)*g_(2,6_,nu11)/(d^3 + d^2 - 2*d)*Deng(q2 + q3,xiw,M3
      )^4*DH(p3)*q2.q3^2*d^2*xiw*ufoGC58^2*ufoGC52
       + 1/2*g_(1,6_,nu11)*g_(2,6_,nu11)/(d^3 + d^2 - 2*d)*Deng(q2 + q3,xiw,M3
      )^4*DH(p3)*q2.q3^2*d*xiw*ufoGC58^2*ufoGC52
       + 1/4*g_(1,6_,nu11)*g_(2,6_,nu11)/(d^2 + 2*d)*Deng(q2 + q3,xiw,M3)^4*
      DH(p3)*q2.q2*q2.q3*xiw*ufoGC58^2*ufoGC52
       + 1/4*g_(1,6_,nu11)*g_(2,6_,nu11)/(d^2 + 2*d)*Deng(q2 + q3,xiw,M3)^4*
      DH(p3)*q2.q3*q3.q3*xiw*ufoGC58^2*ufoGC52
      ;

  0.00 sec out of 0.00 sec
