FORM 5.0.0-beta.1 (Jan 15 2026, v5.0.0-beta.1-292-g4341c63)  Run: Fri Feb 13 17:55:34 2026
    #-

   d1l189amp =
       + 1/8*g_(1,6_,nu10)*FT2(g6)*g_(2,p4)*cFT(nu14,XX,i2,iufo11)*cFT(g7,XX,
      iufo11,j11)*flavourTag(fvm,j11,j12)*Vec(nu10,q2)*Vec(nu14,p4)*Vec(nu13,
      p4)*Vec(nu13,q3)*Deng(p4,xiw,0)*Deng(q2 + q3,xiw,M3)^2*Deng(p4 - q2 - q3
      ,xiz,M4)^2*xiw*xiz*ufoGC58*ufoGC107*ufoGC81*ufoGC85
       + 1/8*g_(1,6_,nu10)*FT2(g6)*g_(2,p4)*cFT(nu14,XX,i2,iufo11)*cFT(g7,XX,
      iufo11,j11)*flavourTag(fvm,j11,j12)*Vec(nu10,q2)*Vec(nu14,p4)*Vec(nu13,
      -q2)*Vec(nu13,q2)*Deng(p4,xiw,0)*Deng(q2 + q3,xiw,M3)^2*Deng(p4 - q2 - 
      q3,xiz,M4)^2*xiw*xiz*ufoGC58*ufoGC107*ufoGC81*ufoGC85
       + 1/8*g_(1,6_,nu10)*FT2(g6)*g_(2,p4)*cFT(nu14,XX,i2,iufo11)*cFT(g7,XX,
      iufo11,j11)*flavourTag(fvm,j11,j12)*Vec(nu10,q2)*Vec(nu14,p4)*Vec(nu13,
      -q2)*Vec(nu13,q3)*Deng(p4,xiw,0)*Deng(q2 + q3,xiw,M3)^2*Deng(p4 - q2 - 
      q3,xiz,M4)^2*xiw*xiz*ufoGC58*ufoGC107*ufoGC81*ufoGC85
       + 1/8*g_(1,6_,nu10)*FT2(g6)*g_(2,p4)*cFT(nu14,XX,i2,iufo11)*cFT(g7,XX,
      iufo11,j11)*flavourTag(fvm,j11,j12)*Vec(nu10,q2)*Vec(nu14,p4)*Vec(nu13,
      -q3)*Vec(nu13,q2)*Deng(p4,xiw,0)*Deng(q2 + q3,xiw,M3)^2*Deng(p4 - q2 - 
      q3,xiz,M4)^2*xiw*xiz*ufoGC58*ufoGC107*ufoGC81*ufoGC85
       + 1/8*g_(1,6_,nu10)*FT2(g6)*g_(2,p4)*cFT(nu14,XX,i2,iufo11)*cFT(g7,XX,
      iufo11,j11)*flavourTag(fvm,j11,j12)*Vec(nu10,q2)*Vec(nu14,p4)*Vec(nu13,
      -q3)*Vec(nu13,q3)*Deng(p4,xiw,0)*Deng(q2 + q3,xiw,M3)^2*Deng(p4 - q2 - 
      q3,xiz,M4)^2*xiw*xiz*ufoGC58*ufoGC107*ufoGC81*ufoGC85
       + 1/8*g_(1,6_,nu10)*FT2(g6)*g_(2,p4)*cFT(nu14,XX,i2,iufo11)*cFT(g7,XX,
      iufo11,j11)*flavourTag(fvm,j11,j12)*Vec(nu10,q2)*Vec(nu14,-q2)*Vec(nu13,
      p4)*Vec(nu13,q2)*Deng(p4,xiw,0)*Deng(q2 + q3,xiw,M3)^2*Deng(p4 - q2 - q3
      ,xiz,M4)^2*xiw*xiz*ufoGC58*ufoGC107*ufoGC81*ufoGC85
       + 1/8*g_(1,6_,nu10)*FT2(g6)*g_(2,p4)*cFT(nu14,XX,i2,iufo11)*cFT(g7,XX,
      iufo11,j11)*flavourTag(fvm,j11,j12)*Vec(nu10,q2)*Vec(nu14,-q2)*Vec(nu13,
      p4)*Vec(nu13,q3)*Deng(p4,xiw,0)*Deng(q2 + q3,xiw,M3)^2*Deng(p4 - q2 - q3
      ,xiz,M4)^2*xiw*xiz*ufoGC58*ufoGC107*ufoGC81*ufoGC85
       + 1/8*g_(1,6_,nu10)*FT2(g6)*g_(2,p4)*cFT(nu14,XX,i2,iufo11)*cFT(g7,XX,
      iufo11,j11)*flavourTag(fvm,j11,j12)*Vec(nu10,q2)*Vec(nu14,-q2)*Vec(nu13,
      -q2)*Vec(nu13,q3)*Deng(p4,xiw,0)*Deng(q2 + q3,xiw,M3)^2*Deng(p4 - q2 - 
      q3,xiz,M4)^2*xiw*xiz*ufoGC58*ufoGC107*ufoGC81*ufoGC85
       + 1/8*g_(1,6_,nu10)*FT2(g6)*g_(2,p4)*cFT(nu14,XX,i2,iufo11)*cFT(g7,XX,
      iufo11,j11)*flavourTag(fvm,j11,j12)*Vec(nu10,q2)*Vec(nu14,-q2)*Vec(nu13,
      -q3)*Vec(nu13,q2)*Deng(p4,xiw,0)*Deng(q2 + q3,xiw,M3)^2*Deng(p4 - q2 - 
      q3,xiz,M4)^2*xiw*xiz*ufoGC58*ufoGC107*ufoGC81*ufoGC85
       + 1/8*g_(1,6_,nu10)*FT2(g6)*g_(2,p4)*cFT(nu14,XX,i2,iufo11)*cFT(g7,XX,
      iufo11,j11)*flavourTag(fvm,j11,j12)*Vec(nu10,q2)*Vec(nu14,-q2)*Vec(nu13,
      -q3)*Vec(nu13,q3)*Deng(p4,xiw,0)*Deng(q2 + q3,xiw,M3)^2*Deng(p4 - q2 - 
      q3,xiz,M4)^2*xiw*xiz*ufoGC58*ufoGC107*ufoGC81*ufoGC85
       + 1/8*g_(1,6_,nu10)*FT2(g6)*g_(2,p4)*cFT(nu14,XX,i2,iufo11)*cFT(g7,XX,
      iufo11,j11)*flavourTag(fvm,j11,j12)*Vec(nu10,q2)*Vec(nu14,-q3)*Vec(nu13,
      p4)*Vec(nu13,q2)*Deng(p4,xiw,0)*Deng(q2 + q3,xiw,M3)^2*Deng(p4 - q2 - q3
      ,xiz,M4)^2*xiw*xiz*ufoGC58*ufoGC107*ufoGC81*ufoGC85
       + 1/8*g_(1,6_,nu10)*FT2(g6)*g_(2,p4)*cFT(nu14,XX,i2,iufo11)*cFT(g7,XX,
      iufo11,j11)*flavourTag(fvm,j11,j12)*Vec(nu10,q2)*Vec(nu14,-q3)*Vec(nu13,
      p4)*Vec(nu13,q3)*Deng(p4,xiw,0)*Deng(q2 + q3,xiw,M3)^2*Deng(p4 - q2 - q3
      ,xiz,M4)^2*xiw*xiz*ufoGC58*ufoGC107*ufoGC81*ufoGC85
       + 1/8*g_(1,6_,nu10)*FT2(g6)*g_(2,p4)*cFT(nu14,XX,i2,iufo11)*cFT(g7,XX,
      iufo11,j11)*flavourTag(fvm,j11,j12)*Vec(nu10,q2)*Vec(nu14,-q3)*Vec(nu13,
      -q2)*Vec(nu13,q2)*Deng(p4,xiw,0)*Deng(q2 + q3,xiw,M3)^2*Deng(p4 - q2 - 
      q3,xiz,M4)^2*xiw*xiz*ufoGC58*ufoGC107*ufoGC81*ufoGC85
       + 1/8*g_(1,6_,nu10)*FT2(g6)*g_(2,p4)*cFT(nu14,XX,i2,iufo11)*cFT(g7,XX,
      iufo11,j11)*flavourTag(fvm,j11,j12)*Vec(nu10,q2)*Vec(nu14,-q3)*Vec(nu13,
      -q2)*Vec(nu13,q3)*Deng(p4,xiw,0)*Deng(q2 + q3,xiw,M3)^2*Deng(p4 - q2 - 
      q3,xiz,M4)^2*xiw*xiz*ufoGC58*ufoGC107*ufoGC81*ufoGC85
       + 1/8*g_(1,6_,nu10)*FT2(g6)*g_(2,p4)*cFT(nu14,XX,i2,iufo11)*cFT(g7,XX,
      iufo11,j11)*flavourTag(fvm,j11,j12)*Vec(nu10,q2)*Vec(nu14,-q3)*Vec(nu13,
      -q3)*Vec(nu13,q3)*Deng(p4,xiw,0)*Deng(q2 + q3,xiw,M3)^2*Deng(p4 - q2 - 
      q3,xiz,M4)^2*xiw*xiz*ufoGC58*ufoGC107*ufoGC81*ufoGC85
       + 1/8*g_(1,6_,nu10)*FT2(g6)*g_(2,p4)*cFT(nu14,XX,i2,iufo11)*cFT(g7,XX,
      iufo11,j11)*flavourTag(fvm,j11,j12)*Vec(nu10,q3)*Vec(nu14,p4)*Vec(nu13,
      p4)*Vec(nu13,q2)*Deng(p4,xiw,0)*Deng(q2 + q3,xiw,M3)^2*Deng(p4 - q2 - q3
      ,xiz,M4)^2*xiw*xiz*ufoGC58*ufoGC107*ufoGC81*ufoGC85
       + 1/8*g_(1,6_,nu10)*FT2(g6)*g_(2,p4)*cFT(nu14,XX,i2,iufo11)*cFT(g7,XX,
      iufo11,j11)*flavourTag(fvm,j11,j12)*Vec(nu10,q3)*Vec(nu14,p4)*Vec(nu13,
      -q2)*Vec(nu13,q2)*Deng(p4,xiw,0)*Deng(q2 + q3,xiw,M3)^2*Deng(p4 - q2 - 
      q3,xiz,M4)^2*xiw*xiz*ufoGC58*ufoGC107*ufoGC81*ufoGC85
       + 1/8*g_(1,6_,nu10)*FT2(g6)*g_(2,p4)*cFT(nu14,XX,i2,iufo11)*cFT(g7,XX,
      iufo11,j11)*flavourTag(fvm,j11,j12)*Vec(nu10,q3)*Vec(nu14,p4)*Vec(nu13,
      -q2)*Vec(nu13,q3)*Deng(p4,xiw,0)*Deng(q2 + q3,xiw,M3)^2*Deng(p4 - q2 - 
      q3,xiz,M4)^2*xiw*xiz*ufoGC58*ufoGC107*ufoGC81*ufoGC85
       + 1/8*g_(1,6_,nu10)*FT2(g6)*g_(2,p4)*cFT(nu14,XX,i2,iufo11)*cFT(g7,XX,
      iufo11,j11)*flavourTag(fvm,j11,j12)*Vec(nu10,q3)*Vec(nu14,p4)*Vec(nu13,
      -q3)*Vec(nu13,q2)*Deng(p4,xiw,0)*Deng(q2 + q3,xiw,M3)^2*Deng(p4 - q2 - 
      q3,xiz,M4)^2*xiw*xiz*ufoGC58*ufoGC107*ufoGC81*ufoGC85
       + 1/8*g_(1,6_,nu10)*FT2(g6)*g_(2,p4)*cFT(nu14,XX,i2,iufo11)*cFT(g7,XX,
      iufo11,j11)*flavourTag(fvm,j11,j12)*Vec(nu10,q3)*Vec(nu14,p4)*Vec(nu13,
      -q3)*Vec(nu13,q3)*Deng(p4,xiw,0)*Deng(q2 + q3,xiw,M3)^2*Deng(p4 - q2 - 
      q3,xiz,M4)^2*xiw*xiz*ufoGC58*ufoGC107*ufoGC81*ufoGC85
       + 1/8*g_(1,6_,nu10)*FT2(g6)*g_(2,p4)*cFT(nu14,XX,i2,iufo11)*cFT(g7,XX,
      iufo11,j11)*flavourTag(fvm,j11,j12)*Vec(nu10,q3)*Vec(nu14,-q2)*Vec(nu13,
      p4)*Vec(nu13,q2)*Deng(p4,xiw,0)*Deng(q2 + q3,xiw,M3)^2*Deng(p4 - q2 - q3
      ,xiz,M4)^2*xiw*xiz*ufoGC58*ufoGC107*ufoGC81*ufoGC85
       + 1/8*g_(1,6_,nu10)*FT2(g6)*g_(2,p4)*cFT(nu14,XX,i2,iufo11)*cFT(g7,XX,
      iufo11,j11)*flavourTag(fvm,j11,j12)*Vec(nu10,q3)*Vec(nu14,-q2)*Vec(nu13,
      p4)*Vec(nu13,q3)*Deng(p4,xiw,0)*Deng(q2 + q3,xiw,M3)^2*Deng(p4 - q2 - q3
      ,xiz,M4)^2*xiw*xiz*ufoGC58*ufoGC107*ufoGC81*ufoGC85
       + 1/8*g_(1,6_,nu10)*FT2(g6)*g_(2,p4)*cFT(nu14,XX,i2,iufo11)*cFT(g7,XX,
      iufo11,j11)*flavourTag(fvm,j11,j12)*Vec(nu10,q3)*Vec(nu14,-q2)*Vec(nu13,
      -q2)*Vec(nu13,q2)*Deng(p4,xiw,0)*Deng(q2 + q3,xiw,M3)^2*Deng(p4 - q2 - 
      q3,xiz,M4)^2*xiw*xiz*ufoGC58*ufoGC107*ufoGC81*ufoGC85
       + 1/8*g_(1,6_,nu10)*FT2(g6)*g_(2,p4)*cFT(nu14,XX,i2,iufo11)*cFT(g7,XX,
      iufo11,j11)*flavourTag(fvm,j11,j12)*Vec(nu10,q3)*Vec(nu14,-q2)*Vec(nu13,
      -q3)*Vec(nu13,q2)*Deng(p4,xiw,0)*Deng(q2 + q3,xiw,M3)^2*Deng(p4 - q2 - 
      q3,xiz,M4)^2*xiw*xiz*ufoGC58*ufoGC107*ufoGC81*ufoGC85
       + 1/8*g_(1,6_,nu10)*FT2(g6)*g_(2,p4)*cFT(nu14,XX,i2,iufo11)*cFT(g7,XX,
      iufo11,j11)*flavourTag(fvm,j11,j12)*Vec(nu10,q3)*Vec(nu14,-q2)*Vec(nu13,
      -q3)*Vec(nu13,q3)*Deng(p4,xiw,0)*Deng(q2 + q3,xiw,M3)^2*Deng(p4 - q2 - 
      q3,xiz,M4)^2*xiw*xiz*ufoGC58*ufoGC107*ufoGC81*ufoGC85
       + 1/8*g_(1,6_,nu10)*FT2(g6)*g_(2,p4)*cFT(nu14,XX,i2,iufo11)*cFT(g7,XX,
      iufo11,j11)*flavourTag(fvm,j11,j12)*Vec(nu10,q3)*Vec(nu14,-q3)*Vec(nu13,
      p4)*Vec(nu13,q2)*Deng(p4,xiw,0)*Deng(q2 + q3,xiw,M3)^2*Deng(p4 - q2 - q3
      ,xiz,M4)^2*xiw*xiz*ufoGC58*ufoGC107*ufoGC81*ufoGC85
       + 1/8*g_(1,6_,nu10)*FT2(g6)*g_(2,p4)*cFT(nu14,XX,i2,iufo11)*cFT(g7,XX,
      iufo11,j11)*flavourTag(fvm,j11,j12)*Vec(nu10,q3)*Vec(nu14,-q3)*Vec(nu13,
      p4)*Vec(nu13,q3)*Deng(p4,xiw,0)*Deng(q2 + q3,xiw,M3)^2*Deng(p4 - q2 - q3
      ,xiz,M4)^2*xiw*xiz*ufoGC58*ufoGC107*ufoGC81*ufoGC85
       + 1/8*g_(1,6_,nu10)*FT2(g6)*g_(2,p4)*cFT(nu14,XX,i2,iufo11)*cFT(g7,XX,
      iufo11,j11)*flavourTag(fvm,j11,j12)*Vec(nu10,q3)*Vec(nu14,-q3)*Vec(nu13,
      -q2)*Vec(nu13,q2)*Deng(p4,xiw,0)*Deng(q2 + q3,xiw,M3)^2*Deng(p4 - q2 - 
      q3,xiz,M4)^2*xiw*xiz*ufoGC58*ufoGC107*ufoGC81*ufoGC85
       + 1/8*g_(1,6_,nu10)*FT2(g6)*g_(2,p4)*cFT(nu14,XX,i2,iufo11)*cFT(g7,XX,
      iufo11,j11)*flavourTag(fvm,j11,j12)*Vec(nu10,q3)*Vec(nu14,-q3)*Vec(nu13,
      -q2)*Vec(nu13,q3)*Deng(p4,xiw,0)*Deng(q2 + q3,xiw,M3)^2*Deng(p4 - q2 - 
      q3,xiz,M4)^2*xiw*xiz*ufoGC58*ufoGC107*ufoGC81*ufoGC85
       + 1/8*g_(1,6_,nu10)*FT2(g6)*g_(2,p4)*cFT(nu14,XX,i2,iufo11)*cFT(g7,XX,
      iufo11,j11)*flavourTag(fvm,j11,j12)*Vec(nu10,q3)*Vec(nu14,-q3)*Vec(nu13,
      -q3)*Vec(nu13,q2)*Deng(p4,xiw,0)*Deng(q2 + q3,xiw,M3)^2*Deng(p4 - q2 - 
      q3,xiz,M4)^2*xiw*xiz*ufoGC58*ufoGC107*ufoGC81*ufoGC85
       - 1/8*g_(1,6_,nu10)*FT2(g6)*g_(2,q3)*cFT(nu14,XX,i2,iufo11)*cFT(g7,XX,
      iufo11,j11)*flavourTag(fvm,j11,j12)*Vec(nu10,q2)*Vec(nu14,p4)*Vec(nu13,
      p4)*Vec(nu13,q3)*Deng(p4,xiw,0)*Deng(q2 + q3,xiw,M3)^2*Deng(p4 - q2 - q3
      ,xiz,M4)^2*xiw*xiz*ufoGC58*ufoGC107*ufoGC81*ufoGC85
       - 1/8*g_(1,6_,nu10)*FT2(g6)*g_(2,q3)*cFT(nu14,XX,i2,iufo11)*cFT(g7,XX,
      iufo11,j11)*flavourTag(fvm,j11,j12)*Vec(nu10,q2)*Vec(nu14,p4)*Vec(nu13,
      -q2)*Vec(nu13,q2)*Deng(p4,xiw,0)*Deng(q2 + q3,xiw,M3)^2*Deng(p4 - q2 - 
      q3,xiz,M4)^2*xiw*xiz*ufoGC58*ufoGC107*ufoGC81*ufoGC85
       - 1/8*g_(1,6_,nu10)*FT2(g6)*g_(2,q3)*cFT(nu14,XX,i2,iufo11)*cFT(g7,XX,
      iufo11,j11)*flavourTag(fvm,j11,j12)*Vec(nu10,q2)*Vec(nu14,p4)*Vec(nu13,
      -q2)*Vec(nu13,q3)*Deng(p4,xiw,0)*Deng(q2 + q3,xiw,M3)^2*Deng(p4 - q2 - 
      q3,xiz,M4)^2*xiw*xiz*ufoGC58*ufoGC107*ufoGC81*ufoGC85
       - 1/8*g_(1,6_,nu10)*FT2(g6)*g_(2,q3)*cFT(nu14,XX,i2,iufo11)*cFT(g7,XX,
      iufo11,j11)*flavourTag(fvm,j11,j12)*Vec(nu10,q2)*Vec(nu14,p4)*Vec(nu13,
      -q3)*Vec(nu13,q2)*Deng(p4,xiw,0)*Deng(q2 + q3,xiw,M3)^2*Deng(p4 - q2 - 
      q3,xiz,M4)^2*xiw*xiz*ufoGC58*ufoGC107*ufoGC81*ufoGC85
       - 1/8*g_(1,6_,nu10)*FT2(g6)*g_(2,q3)*cFT(nu14,XX,i2,iufo11)*cFT(g7,XX,
      iufo11,j11)*flavourTag(fvm,j11,j12)*Vec(nu10,q2)*Vec(nu14,p4)*Vec(nu13,
      -q3)*Vec(nu13,q3)*Deng(p4,xiw,0)*Deng(q2 + q3,xiw,M3)^2*Deng(p4 - q2 - 
      q3,xiz,M4)^2*xiw*xiz*ufoGC58*ufoGC107*ufoGC81*ufoGC85
       - 1/8*g_(1,6_,nu10)*FT2(g6)*g_(2,q3)*cFT(nu14,XX,i2,iufo11)*cFT(g7,XX,
      iufo11,j11)*flavourTag(fvm,j11,j12)*Vec(nu10,q2)*Vec(nu14,-q2)*Vec(nu13,
      p4)*Vec(nu13,q2)*Deng(p4,xiw,0)*Deng(q2 + q3,xiw,M3)^2*Deng(p4 - q2 - q3
      ,xiz,M4)^2*xiw*xiz*ufoGC58*ufoGC107*ufoGC81*ufoGC85
       - 1/8*g_(1,6_,nu10)*FT2(g6)*g_(2,q3)*cFT(nu14,XX,i2,iufo11)*cFT(g7,XX,
      iufo11,j11)*flavourTag(fvm,j11,j12)*Vec(nu10,q2)*Vec(nu14,-q2)*Vec(nu13,
      p4)*Vec(nu13,q3)*Deng(p4,xiw,0)*Deng(q2 + q3,xiw,M3)^2*Deng(p4 - q2 - q3
      ,xiz,M4)^2*xiw*xiz*ufoGC58*ufoGC107*ufoGC81*ufoGC85
       - 1/8*g_(1,6_,nu10)*FT2(g6)*g_(2,q3)*cFT(nu14,XX,i2,iufo11)*cFT(g7,XX,
      iufo11,j11)*flavourTag(fvm,j11,j12)*Vec(nu10,q2)*Vec(nu14,-q2)*Vec(nu13,
      -q2)*Vec(nu13,q3)*Deng(p4,xiw,0)*Deng(q2 + q3,xiw,M3)^2*Deng(p4 - q2 - 
      q3,xiz,M4)^2*xiw*xiz*ufoGC58*ufoGC107*ufoGC81*ufoGC85
       - 1/8*g_(1,6_,nu10)*FT2(g6)*g_(2,q3)*cFT(nu14,XX,i2,iufo11)*cFT(g7,XX,
      iufo11,j11)*flavourTag(fvm,j11,j12)*Vec(nu10,q2)*Vec(nu14,-q2)*Vec(nu13,
      -q3)*Vec(nu13,q2)*Deng(p4,xiw,0)*Deng(q2 + q3,xiw,M3)^2*Deng(p4 - q2 - 
      q3,xiz,M4)^2*xiw*xiz*ufoGC58*ufoGC107*ufoGC81*ufoGC85
       - 1/8*g_(1,6_,nu10)*FT2(g6)*g_(2,q3)*cFT(nu14,XX,i2,iufo11)*cFT(g7,XX,
      iufo11,j11)*flavourTag(fvm,j11,j12)*Vec(nu10,q2)*Vec(nu14,-q2)*Vec(nu13,
      -q3)*Vec(nu13,q3)*Deng(p4,xiw,0)*Deng(q2 + q3,xiw,M3)^2*Deng(p4 - q2 - 
      q3,xiz,M4)^2*xiw*xiz*ufoGC58*ufoGC107*ufoGC81*ufoGC85
       - 1/8*g_(1,6_,nu10)*FT2(g6)*g_(2,q3)*cFT(nu14,XX,i2,iufo11)*cFT(g7,XX,
      iufo11,j11)*flavourTag(fvm,j11,j12)*Vec(nu10,q2)*Vec(nu14,-q3)*Vec(nu13,
      p4)*Vec(nu13,q2)*Deng(p4,xiw,0)*Deng(q2 + q3,xiw,M3)^2*Deng(p4 - q2 - q3
      ,xiz,M4)^2*xiw*xiz*ufoGC58*ufoGC107*ufoGC81*ufoGC85
       - 1/8*g_(1,6_,nu10)*FT2(g6)*g_(2,q3)*cFT(nu14,XX,i2,iufo11)*cFT(g7,XX,
      iufo11,j11)*flavourTag(fvm,j11,j12)*Vec(nu10,q2)*Vec(nu14,-q3)*Vec(nu13,
      p4)*Vec(nu13,q3)*Deng(p4,xiw,0)*Deng(q2 + q3,xiw,M3)^2*Deng(p4 - q2 - q3
      ,xiz,M4)^2*xiw*xiz*ufoGC58*ufoGC107*ufoGC81*ufoGC85
       - 1/8*g_(1,6_,nu10)*FT2(g6)*g_(2,q3)*cFT(nu14,XX,i2,iufo11)*cFT(g7,XX,
      iufo11,j11)*flavourTag(fvm,j11,j12)*Vec(nu10,q2)*Vec(nu14,-q3)*Vec(nu13,
      -q2)*Vec(nu13,q2)*Deng(p4,xiw,0)*Deng(q2 + q3,xiw,M3)^2*Deng(p4 - q2 - 
      q3,xiz,M4)^2*xiw*xiz*ufoGC58*ufoGC107*ufoGC81*ufoGC85
       - 1/8*g_(1,6_,nu10)*FT2(g6)*g_(2,q3)*cFT(nu14,XX,i2,iufo11)*cFT(g7,XX,
      iufo11,j11)*flavourTag(fvm,j11,j12)*Vec(nu10,q2)*Vec(nu14,-q3)*Vec(nu13,
      -q2)*Vec(nu13,q3)*Deng(p4,xiw,0)*Deng(q2 + q3,xiw,M3)^2*Deng(p4 - q2 - 
      q3,xiz,M4)^2*xiw*xiz*ufoGC58*ufoGC107*ufoGC81*ufoGC85
       - 1/8*g_(1,6_,nu10)*FT2(g6)*g_(2,q3)*cFT(nu14,XX,i2,iufo11)*cFT(g7,XX,
      iufo11,j11)*flavourTag(fvm,j11,j12)*Vec(nu10,q2)*Vec(nu14,-q3)*Vec(nu13,
      -q3)*Vec(nu13,q3)*Deng(p4,xiw,0)*Deng(q2 + q3,xiw,M3)^2*Deng(p4 - q2 - 
      q3,xiz,M4)^2*xiw*xiz*ufoGC58*ufoGC107*ufoGC81*ufoGC85
       - 1/8*g_(1,6_,nu10)*FT2(g6)*g_(2,q3)*cFT(nu14,XX,i2,iufo11)*cFT(g7,XX,
      iufo11,j11)*flavourTag(fvm,j11,j12)*Vec(nu10,q3)*Vec(nu14,p4)*Vec(nu13,
      p4)*Vec(nu13,q2)*Deng(p4,xiw,0)*Deng(q2 + q3,xiw,M3)^2*Deng(p4 - q2 - q3
      ,xiz,M4)^2*xiw*xiz*ufoGC58*ufoGC107*ufoGC81*ufoGC85
       - 1/8*g_(1,6_,nu10)*FT2(g6)*g_(2,q3)*cFT(nu14,XX,i2,iufo11)*cFT(g7,XX,
      iufo11,j11)*flavourTag(fvm,j11,j12)*Vec(nu10,q3)*Vec(nu14,p4)*Vec(nu13,
      -q2)*Vec(nu13,q2)*Deng(p4,xiw,0)*Deng(q2 + q3,xiw,M3)^2*Deng(p4 - q2 - 
      q3,xiz,M4)^2*xiw*xiz*ufoGC58*ufoGC107*ufoGC81*ufoGC85
       - 1/8*g_(1,6_,nu10)*FT2(g6)*g_(2,q3)*cFT(nu14,XX,i2,iufo11)*cFT(g7,XX,
      iufo11,j11)*flavourTag(fvm,j11,j12)*Vec(nu10,q3)*Vec(nu14,p4)*Vec(nu13,
      -q2)*Vec(nu13,q3)*Deng(p4,xiw,0)*Deng(q2 + q3,xiw,M3)^2*Deng(p4 - q2 - 
      q3,xiz,M4)^2*xiw*xiz*ufoGC58*ufoGC107*ufoGC81*ufoGC85
       - 1/8*g_(1,6_,nu10)*FT2(g6)*g_(2,q3)*cFT(nu14,XX,i2,iufo11)*cFT(g7,XX,
      iufo11,j11)*flavourTag(fvm,j11,j12)*Vec(nu10,q3)*Vec(nu14,p4)*Vec(nu13,
      -q3)*Vec(nu13,q2)*Deng(p4,xiw,0)*Deng(q2 + q3,xiw,M3)^2*Deng(p4 - q2 - 
      q3,xiz,M4)^2*xiw*xiz*ufoGC58*ufoGC107*ufoGC81*ufoGC85
       - 1/8*g_(1,6_,nu10)*FT2(g6)*g_(2,q3)*cFT(nu14,XX,i2,iufo11)*cFT(g7,XX,
      iufo11,j11)*flavourTag(fvm,j11,j12)*Vec(nu10,q3)*Vec(nu14,p4)*Vec(nu13,
      -q3)*Vec(nu13,q3)*Deng(p4,xiw,0)*Deng(q2 + q3,xiw,M3)^2*Deng(p4 - q2 - 
      q3,xiz,M4)^2*xiw*xiz*ufoGC58*ufoGC107*ufoGC81*ufoGC85
       - 1/8*g_(1,6_,nu10)*FT2(g6)*g_(2,q3)*cFT(nu14,XX,i2,iufo11)*cFT(g7,XX,
      iufo11,j11)*flavourTag(fvm,j11,j12)*Vec(nu10,q3)*Vec(nu14,-q2)*Vec(nu13,
      p4)*Vec(nu13,q2)*Deng(p4,xiw,0)*Deng(q2 + q3,xiw,M3)^2*Deng(p4 - q2 - q3
      ,xiz,M4)^2*xiw*xiz*ufoGC58*ufoGC107*ufoGC81*ufoGC85
       - 1/8*g_(1,6_,nu10)*FT2(g6)*g_(2,q3)*cFT(nu14,XX,i2,iufo11)*cFT(g7,XX,
      iufo11,j11)*flavourTag(fvm,j11,j12)*Vec(nu10,q3)*Vec(nu14,-q2)*Vec(nu13,
      p4)*Vec(nu13,q3)*Deng(p4,xiw,0)*Deng(q2 + q3,xiw,M3)^2*Deng(p4 - q2 - q3
      ,xiz,M4)^2*xiw*xiz*ufoGC58*ufoGC107*ufoGC81*ufoGC85
       - 1/8*g_(1,6_,nu10)*FT2(g6)*g_(2,q3)*cFT(nu14,XX,i2,iufo11)*cFT(g7,XX,
      iufo11,j11)*flavourTag(fvm,j11,j12)*Vec(nu10,q3)*Vec(nu14,-q2)*Vec(nu13,
      -q2)*Vec(nu13,q2)*Deng(p4,xiw,0)*Deng(q2 + q3,xiw,M3)^2*Deng(p4 - q2 - 
      q3,xiz,M4)^2*xiw*xiz*ufoGC58*ufoGC107*ufoGC81*ufoGC85
       - 1/8*g_(1,6_,nu10)*FT2(g6)*g_(2,q3)*cFT(nu14,XX,i2,iufo11)*cFT(g7,XX,
      iufo11,j11)*flavourTag(fvm,j11,j12)*Vec(nu10,q3)*Vec(nu14,-q2)*Vec(nu13,
      -q3)*Vec(nu13,q2)*Deng(p4,xiw,0)*Deng(q2 + q3,xiw,M3)^2*Deng(p4 - q2 - 
      q3,xiz,M4)^2*xiw*xiz*ufoGC58*ufoGC107*ufoGC81*ufoGC85
       - 1/8*g_(1,6_,nu10)*FT2(g6)*g_(2,q3)*cFT(nu14,XX,i2,iufo11)*cFT(g7,XX,
      iufo11,j11)*flavourTag(fvm,j11,j12)*Vec(nu10,q3)*Vec(nu14,-q2)*Vec(nu13,
      -q3)*Vec(nu13,q3)*Deng(p4,xiw,0)*Deng(q2 + q3,xiw,M3)^2*Deng(p4 - q2 - 
      q3,xiz,M4)^2*xiw*xiz*ufoGC58*ufoGC107*ufoGC81*ufoGC85
       - 1/8*g_(1,6_,nu10)*FT2(g6)*g_(2,q3)*cFT(nu14,XX,i2,iufo11)*cFT(g7,XX,
      iufo11,j11)*flavourTag(fvm,j11,j12)*Vec(nu10,q3)*Vec(nu14,-q3)*Vec(nu13,
      p4)*Vec(nu13,q2)*Deng(p4,xiw,0)*Deng(q2 + q3,xiw,M3)^2*Deng(p4 - q2 - q3
      ,xiz,M4)^2*xiw*xiz*ufoGC58*ufoGC107*ufoGC81*ufoGC85
       - 1/8*g_(1,6_,nu10)*FT2(g6)*g_(2,q3)*cFT(nu14,XX,i2,iufo11)*cFT(g7,XX,
      iufo11,j11)*flavourTag(fvm,j11,j12)*Vec(nu10,q3)*Vec(nu14,-q3)*Vec(nu13,
      p4)*Vec(nu13,q3)*Deng(p4,xiw,0)*Deng(q2 + q3,xiw,M3)^2*Deng(p4 - q2 - q3
      ,xiz,M4)^2*xiw*xiz*ufoGC58*ufoGC107*ufoGC81*ufoGC85
       - 1/8*g_(1,6_,nu10)*FT2(g6)*g_(2,q3)*cFT(nu14,XX,i2,iufo11)*cFT(g7,XX,
      iufo11,j11)*flavourTag(fvm,j11,j12)*Vec(nu10,q3)*Vec(nu14,-q3)*Vec(nu13,
      -q2)*Vec(nu13,q2)*Deng(p4,xiw,0)*Deng(q2 + q3,xiw,M3)^2*Deng(p4 - q2 - 
      q3,xiz,M4)^2*xiw*xiz*ufoGC58*ufoGC107*ufoGC81*ufoGC85
       - 1/8*g_(1,6_,nu10)*FT2(g6)*g_(2,q3)*cFT(nu14,XX,i2,iufo11)*cFT(g7,XX,
      iufo11,j11)*flavourTag(fvm,j11,j12)*Vec(nu10,q3)*Vec(nu14,-q3)*Vec(nu13,
      -q2)*Vec(nu13,q3)*Deng(p4,xiw,0)*Deng(q2 + q3,xiw,M3)^2*Deng(p4 - q2 - 
      q3,xiz,M4)^2*xiw*xiz*ufoGC58*ufoGC107*ufoGC81*ufoGC85
       - 1/8*g_(1,6_,nu10)*FT2(g6)*g_(2,q3)*cFT(nu14,XX,i2,iufo11)*cFT(g7,XX,
      iufo11,j11)*flavourTag(fvm,j11,j12)*Vec(nu10,q3)*Vec(nu14,-q3)*Vec(nu13,
      -q3)*Vec(nu13,q2)*Deng(p4,xiw,0)*Deng(q2 + q3,xiw,M3)^2*Deng(p4 - q2 - 
      q3,xiz,M4)^2*xiw*xiz*ufoGC58*ufoGC107*ufoGC81*ufoGC85
       - 1/8*g_(1,6_,nu14)*FT2(g6)*g_(2,p4)*cFT(nu14,XX,i2,iufo11)*cFT(g7,XX,
      iufo11,j11)/(d^3 + d^2 - 2*d)*flavourTag(fvm,j11,j12)*Deng(p4,xiw,0)*
      Deng(q2 + q3,xiw,M3)^2*Deng(p4 - q2 - q3,xiz,M4)^2*p4.p4*q2.q2*d*xiw*xiz
      *ufoGC58*ufoGC107*ufoGC81*ufoGC85
       - 1/8*g_(1,6_,nu14)*FT2(g6)*g_(2,p4)*cFT(nu14,XX,i2,iufo11)*cFT(g7,XX,
      iufo11,j11)/(d^3 + d^2 - 2*d)*flavourTag(fvm,j11,j12)*Deng(p4,xiw,0)*
      Deng(q2 + q3,xiw,M3)^2*Deng(p4 - q2 - q3,xiz,M4)^2*p4.p4*q2.q2*xiw*xiz*
      ufoGC58*ufoGC107*ufoGC81*ufoGC85
       - 1/8*g_(1,6_,nu14)*FT2(g6)*g_(2,p4)*cFT(nu14,XX,i2,iufo11)*cFT(g7,XX,
      iufo11,j11)/(d^3 + d^2 - 2*d)*flavourTag(fvm,j11,j12)*Deng(p4,xiw,0)*
      Deng(q2 + q3,xiw,M3)^2*Deng(p4 - q2 - q3,xiz,M4)^2*p4.p4*q3.q3*d*xiw*xiz
      *ufoGC58*ufoGC107*ufoGC81*ufoGC85
       - 1/8*g_(1,6_,nu14)*FT2(g6)*g_(2,p4)*cFT(nu14,XX,i2,iufo11)*cFT(g7,XX,
      iufo11,j11)/(d^3 + d^2 - 2*d)*flavourTag(fvm,j11,j12)*Deng(p4,xiw,0)*
      Deng(q2 + q3,xiw,M3)^2*Deng(p4 - q2 - q3,xiz,M4)^2*p4.p4*q3.q3*xiw*xiz*
      ufoGC58*ufoGC107*ufoGC81*ufoGC85
       + 1/8*g_(1,6_,nu14)*FT2(g6)*g_(2,p4)*cFT(nu14,XX,i2,iufo11)*cFT(g7,XX,
      iufo11,j11)/(d^3 + d^2 - 2*d)*flavourTag(fvm,j11,j12)*Deng(p4,xiw,0)*
      Deng(q2 + q3,xiw,M3)^2*Deng(p4 - q2 - q3,xiz,M4)^2*p4.q2^2*d^2*xiw*xiz*
      ufoGC58*ufoGC107*ufoGC81*ufoGC85
       + 1/8*g_(1,6_,nu14)*FT2(g6)*g_(2,p4)*cFT(nu14,XX,i2,iufo11)*cFT(g7,XX,
      iufo11,j11)/(d^3 + d^2 - 2*d)*flavourTag(fvm,j11,j12)*Deng(p4,xiw,0)*
      Deng(q2 + q3,xiw,M3)^2*Deng(p4 - q2 - q3,xiz,M4)^2*p4.q2^2*d*xiw*xiz*
      ufoGC58*ufoGC107*ufoGC81*ufoGC85
       + 1/8*g_(1,6_,nu14)*FT2(g6)*g_(2,p4)*cFT(nu14,XX,i2,iufo11)*cFT(g7,XX,
      iufo11,j11)/(d^3 + d^2 - 2*d)*flavourTag(fvm,j11,j12)*Deng(p4,xiw,0)*
      Deng(q2 + q3,xiw,M3)^2*Deng(p4 - q2 - q3,xiz,M4)^2*p4.q3^2*d^2*xiw*xiz*
      ufoGC58*ufoGC107*ufoGC81*ufoGC85
       + 1/8*g_(1,6_,nu14)*FT2(g6)*g_(2,p4)*cFT(nu14,XX,i2,iufo11)*cFT(g7,XX,
      iufo11,j11)/(d^3 + d^2 - 2*d)*flavourTag(fvm,j11,j12)*Deng(p4,xiw,0)*
      Deng(q2 + q3,xiw,M3)^2*Deng(p4 - q2 - q3,xiz,M4)^2*p4.q3^2*d*xiw*xiz*
      ufoGC58*ufoGC107*ufoGC81*ufoGC85
       + 1/8*g_(1,6_,nu14)*FT2(g6)*g_(2,p4)*cFT(nu14,XX,i2,iufo11)*cFT(g7,XX,
      iufo11,j11)/(d^3 + d^2 - 2*d)*flavourTag(fvm,j11,j12)*Deng(p4,xiw,0)*
      Deng(q2 + q3,xiw,M3)^2*Deng(p4 - q2 - q3,xiz,M4)^2*q2.q2^2*d^2*xiw*xiz*
      ufoGC58*ufoGC107*ufoGC81*ufoGC85
       - 1/8*g_(1,6_,nu14)*FT2(g6)*g_(2,p4)*cFT(nu14,XX,i2,iufo11)*cFT(g7,XX,
      iufo11,j11)/(d^3 + d^2 - 2*d)*flavourTag(fvm,j11,j12)*Deng(p4,xiw,0)*
      Deng(q2 + q3,xiw,M3)^2*Deng(p4 - q2 - q3,xiz,M4)^2*q2.q2^2*xiw*xiz*
      ufoGC58*ufoGC107*ufoGC81*ufoGC85
       - 1/4*g_(1,6_,nu14)*FT2(g6)*g_(2,p4)*cFT(nu14,XX,i2,iufo11)*cFT(g7,XX,
      iufo11,j11)/(d^3 + d^2 - 2*d)*flavourTag(fvm,j11,j12)*Deng(p4,xiw,0)*
      Deng(q2 + q3,xiw,M3)^2*Deng(p4 - q2 - q3,xiz,M4)^2*q2.q2*q3.q3*d*xiw*xiz
      *ufoGC58*ufoGC107*ufoGC81*ufoGC85
       - 1/4*g_(1,6_,nu14)*FT2(g6)*g_(2,p4)*cFT(nu14,XX,i2,iufo11)*cFT(g7,XX,
      iufo11,j11)/(d^3 + d^2 - 2*d)*flavourTag(fvm,j11,j12)*Deng(p4,xiw,0)*
      Deng(q2 + q3,xiw,M3)^2*Deng(p4 - q2 - q3,xiz,M4)^2*q2.q2*q3.q3*xiw*xiz*
      ufoGC58*ufoGC107*ufoGC81*ufoGC85
       + 1/4*g_(1,6_,nu14)*FT2(g6)*g_(2,p4)*cFT(nu14,XX,i2,iufo11)*cFT(g7,XX,
      iufo11,j11)/(d^3 + d^2 - 2*d)*flavourTag(fvm,j11,j12)*Deng(p4,xiw,0)*
      Deng(q2 + q3,xiw,M3)^2*Deng(p4 - q2 - q3,xiz,M4)^2*q2.q3^2*d^2*xiw*xiz*
      ufoGC58*ufoGC107*ufoGC81*ufoGC85
       + 1/4*g_(1,6_,nu14)*FT2(g6)*g_(2,p4)*cFT(nu14,XX,i2,iufo11)*cFT(g7,XX,
      iufo11,j11)/(d^3 + d^2 - 2*d)*flavourTag(fvm,j11,j12)*Deng(p4,xiw,0)*
      Deng(q2 + q3,xiw,M3)^2*Deng(p4 - q2 - q3,xiz,M4)^2*q2.q3^2*d*xiw*xiz*
      ufoGC58*ufoGC107*ufoGC81*ufoGC85
       + 1/8*g_(1,6_,nu14)*FT2(g6)*g_(2,p4)*cFT(nu14,XX,i2,iufo11)*cFT(g7,XX,
      iufo11,j11)/(d^3 + d^2 - 2*d)*flavourTag(fvm,j11,j12)*Deng(p4,xiw,0)*
      Deng(q2 + q3,xiw,M3)^2*Deng(p4 - q2 - q3,xiz,M4)^2*q3.q3^2*d^2*xiw*xiz*
      ufoGC58*ufoGC107*ufoGC81*ufoGC85
       - 1/8*g_(1,6_,nu14)*FT2(g6)*g_(2,p4)*cFT(nu14,XX,i2,iufo11)*cFT(g7,XX,
      iufo11,j11)/(d^3 + d^2 - 2*d)*flavourTag(fvm,j11,j12)*Deng(p4,xiw,0)*
      Deng(q2 + q3,xiw,M3)^2*Deng(p4 - q2 - q3,xiz,M4)^2*q3.q3^2*xiw*xiz*
      ufoGC58*ufoGC107*ufoGC81*ufoGC85
       + 1/8*g_(1,6_,nu14)*FT2(g6)*g_(2,q3)*cFT(nu14,XX,i2,iufo11)*cFT(g7,XX,
      iufo11,j11)/(d^3 + d^2 - 2*d)*flavourTag(fvm,j11,j12)*Deng(p4,xiw,0)*
      Deng(q2 + q3,xiw,M3)^2*Deng(p4 - q2 - q3,xiz,M4)^2*p4.p4*q2.q2*d*xiw*xiz
      *ufoGC58*ufoGC107*ufoGC81*ufoGC85
       + 1/8*g_(1,6_,nu14)*FT2(g6)*g_(2,q3)*cFT(nu14,XX,i2,iufo11)*cFT(g7,XX,
      iufo11,j11)/(d^3 + d^2 - 2*d)*flavourTag(fvm,j11,j12)*Deng(p4,xiw,0)*
      Deng(q2 + q3,xiw,M3)^2*Deng(p4 - q2 - q3,xiz,M4)^2*p4.p4*q2.q2*xiw*xiz*
      ufoGC58*ufoGC107*ufoGC81*ufoGC85
       + 1/8*g_(1,6_,nu14)*FT2(g6)*g_(2,q3)*cFT(nu14,XX,i2,iufo11)*cFT(g7,XX,
      iufo11,j11)/(d^3 + d^2 - 2*d)*flavourTag(fvm,j11,j12)*Deng(p4,xiw,0)*
      Deng(q2 + q3,xiw,M3)^2*Deng(p4 - q2 - q3,xiz,M4)^2*p4.p4*q3.q3*d*xiw*xiz
      *ufoGC58*ufoGC107*ufoGC81*ufoGC85
       + 1/8*g_(1,6_,nu14)*FT2(g6)*g_(2,q3)*cFT(nu14,XX,i2,iufo11)*cFT(g7,XX,
      iufo11,j11)/(d^3 + d^2 - 2*d)*flavourTag(fvm,j11,j12)*Deng(p4,xiw,0)*
      Deng(q2 + q3,xiw,M3)^2*Deng(p4 - q2 - q3,xiz,M4)^2*p4.p4*q3.q3*xiw*xiz*
      ufoGC58*ufoGC107*ufoGC81*ufoGC85
       - 1/8*g_(1,6_,nu14)*FT2(g6)*g_(2,q3)*cFT(nu14,XX,i2,iufo11)*cFT(g7,XX,
      iufo11,j11)/(d^3 + d^2 - 2*d)*flavourTag(fvm,j11,j12)*Deng(p4,xiw,0)*
      Deng(q2 + q3,xiw,M3)^2*Deng(p4 - q2 - q3,xiz,M4)^2*p4.q2^2*d^2*xiw*xiz*
      ufoGC58*ufoGC107*ufoGC81*ufoGC85
       - 1/8*g_(1,6_,nu14)*FT2(g6)*g_(2,q3)*cFT(nu14,XX,i2,iufo11)*cFT(g7,XX,
      iufo11,j11)/(d^3 + d^2 - 2*d)*flavourTag(fvm,j11,j12)*Deng(p4,xiw,0)*
      Deng(q2 + q3,xiw,M3)^2*Deng(p4 - q2 - q3,xiz,M4)^2*p4.q2^2*d*xiw*xiz*
      ufoGC58*ufoGC107*ufoGC81*ufoGC85
       - 1/8*g_(1,6_,nu14)*FT2(g6)*g_(2,q3)*cFT(nu14,XX,i2,iufo11)*cFT(g7,XX,
      iufo11,j11)/(d^3 + d^2 - 2*d)*flavourTag(fvm,j11,j12)*Deng(p4,xiw,0)*
      Deng(q2 + q3,xiw,M3)^2*Deng(p4 - q2 - q3,xiz,M4)^2*p4.q3^2*d^2*xiw*xiz*
      ufoGC58*ufoGC107*ufoGC81*ufoGC85
       - 1/8*g_(1,6_,nu14)*FT2(g6)*g_(2,q3)*cFT(nu14,XX,i2,iufo11)*cFT(g7,XX,
      iufo11,j11)/(d^3 + d^2 - 2*d)*flavourTag(fvm,j11,j12)*Deng(p4,xiw,0)*
      Deng(q2 + q3,xiw,M3)^2*Deng(p4 - q2 - q3,xiz,M4)^2*p4.q3^2*d*xiw*xiz*
      ufoGC58*ufoGC107*ufoGC81*ufoGC85
       - 1/8*g_(1,6_,nu14)*FT2(g6)*g_(2,q3)*cFT(nu14,XX,i2,iufo11)*cFT(g7,XX,
      iufo11,j11)/(d^3 + d^2 - 2*d)*flavourTag(fvm,j11,j12)*Deng(p4,xiw,0)*
      Deng(q2 + q3,xiw,M3)^2*Deng(p4 - q2 - q3,xiz,M4)^2*q2.q2^2*d^2*xiw*xiz*
      ufoGC58*ufoGC107*ufoGC81*ufoGC85
       + 1/8*g_(1,6_,nu14)*FT2(g6)*g_(2,q3)*cFT(nu14,XX,i2,iufo11)*cFT(g7,XX,
      iufo11,j11)/(d^3 + d^2 - 2*d)*flavourTag(fvm,j11,j12)*Deng(p4,xiw,0)*
      Deng(q2 + q3,xiw,M3)^2*Deng(p4 - q2 - q3,xiz,M4)^2*q2.q2^2*xiw*xiz*
      ufoGC58*ufoGC107*ufoGC81*ufoGC85
       + 1/4*g_(1,6_,nu14)*FT2(g6)*g_(2,q3)*cFT(nu14,XX,i2,iufo11)*cFT(g7,XX,
      iufo11,j11)/(d^3 + d^2 - 2*d)*flavourTag(fvm,j11,j12)*Deng(p4,xiw,0)*
      Deng(q2 + q3,xiw,M3)^2*Deng(p4 - q2 - q3,xiz,M4)^2*q2.q2*q3.q3*d*xiw*xiz
      *ufoGC58*ufoGC107*ufoGC81*ufoGC85
       + 1/4*g_(1,6_,nu14)*FT2(g6)*g_(2,q3)*cFT(nu14,XX,i2,iufo11)*cFT(g7,XX,
      iufo11,j11)/(d^3 + d^2 - 2*d)*flavourTag(fvm,j11,j12)*Deng(p4,xiw,0)*
      Deng(q2 + q3,xiw,M3)^2*Deng(p4 - q2 - q3,xiz,M4)^2*q2.q2*q3.q3*xiw*xiz*
      ufoGC58*ufoGC107*ufoGC81*ufoGC85
       - 1/4*g_(1,6_,nu14)*FT2(g6)*g_(2,q3)*cFT(nu14,XX,i2,iufo11)*cFT(g7,XX,
      iufo11,j11)/(d^3 + d^2 - 2*d)*flavourTag(fvm,j11,j12)*Deng(p4,xiw,0)*
      Deng(q2 + q3,xiw,M3)^2*Deng(p4 - q2 - q3,xiz,M4)^2*q2.q3^2*d^2*xiw*xiz*
      ufoGC58*ufoGC107*ufoGC81*ufoGC85
       - 1/4*g_(1,6_,nu14)*FT2(g6)*g_(2,q3)*cFT(nu14,XX,i2,iufo11)*cFT(g7,XX,
      iufo11,j11)/(d^3 + d^2 - 2*d)*flavourTag(fvm,j11,j12)*Deng(p4,xiw,0)*
      Deng(q2 + q3,xiw,M3)^2*Deng(p4 - q2 - q3,xiz,M4)^2*q2.q3^2*d*xiw*xiz*
      ufoGC58*ufoGC107*ufoGC81*ufoGC85
       - 1/8*g_(1,6_,nu14)*FT2(g6)*g_(2,q3)*cFT(nu14,XX,i2,iufo11)*cFT(g7,XX,
      iufo11,j11)/(d^3 + d^2 - 2*d)*flavourTag(fvm,j11,j12)*Deng(p4,xiw,0)*
      Deng(q2 + q3,xiw,M3)^2*Deng(p4 - q2 - q3,xiz,M4)^2*q3.q3^2*d^2*xiw*xiz*
      ufoGC58*ufoGC107*ufoGC81*ufoGC85
       + 1/8*g_(1,6_,nu14)*FT2(g6)*g_(2,q3)*cFT(nu14,XX,i2,iufo11)*cFT(g7,XX,
      iufo11,j11)/(d^3 + d^2 - 2*d)*flavourTag(fvm,j11,j12)*Deng(p4,xiw,0)*
      Deng(q2 + q3,xiw,M3)^2*Deng(p4 - q2 - q3,xiz,M4)^2*q3.q3^2*xiw*xiz*
      ufoGC58*ufoGC107*ufoGC81*ufoGC85
      ;

  0.00 sec out of 0.00 sec
