FORM 5.0.0-beta.1 (Jan 15 2026, v5.0.0-beta.1-292-g4341c63)  Run: Fri Feb 13 17:54:08 2026
    #-

   d1l108amp =
       + 1/4*g_(1,6_,nu10)*FT2(g6)*Vec(nu10,q2)*Vec(nu9,p4)*Vec(nu9,q2)*Deng(
      p4,xiw,0)*Deng(q2 + q3,xiw,0)*Deng(q2 + q3,xiw,M3)^2*DH( - p4 + q2 + q3)
      *xiw*ufoGC58*ufoGC107*ufoGC56*ufoGC86
       + 1/4*g_(1,6_,nu10)*FT2(g6)*Vec(nu10,q2)*Vec(nu9,p4)*Vec(nu9,q3)*Deng(
      p4,xiw,0)*Deng(q2 + q3,xiw,0)*Deng(q2 + q3,xiw,M3)^2*DH( - p4 + q2 + q3)
      *xiw*ufoGC58*ufoGC107*ufoGC56*ufoGC86
       - 1/4*g_(1,6_,nu10)*FT2(g6)*Vec(nu10,q2)*Vec(nu9,-p4)*Vec(nu9,q2)*Deng(
      p4,xiw,0)*Deng(q2 + q3,xiw,0)*Deng(q2 + q3,xiw,M3)^2*DH( - p4 + q2 + q3)
      *xiw*ufoGC58*ufoGC107*ufoGC56*ufoGC86
       - 1/4*g_(1,6_,nu10)*FT2(g6)*Vec(nu10,q2)*Vec(nu9,-p4)*Vec(nu9,q3)*Deng(
      p4,xiw,0)*Deng(q2 + q3,xiw,0)*Deng(q2 + q3,xiw,M3)^2*DH( - p4 + q2 + q3)
      *xiw*ufoGC58*ufoGC107*ufoGC56*ufoGC86
       + 1/4*g_(1,6_,nu10)*FT2(g6)*Vec(nu10,q2)*Vec(nu9,-q2)*Vec(nu9,q2)*Deng(
      p4,xiw,0)*Deng(q2 + q3,xiw,0)*Deng(q2 + q3,xiw,M3)^2*DH( - p4 + q2 + q3)
      *xiw*ufoGC58*ufoGC107*ufoGC56*ufoGC86
       + 1/4*g_(1,6_,nu10)*FT2(g6)*Vec(nu10,q2)*Vec(nu9,-q2)*Vec(nu9,q3)*Deng(
      p4,xiw,0)*Deng(q2 + q3,xiw,0)*Deng(q2 + q3,xiw,M3)^2*DH( - p4 + q2 + q3)
      *xiw*ufoGC58*ufoGC107*ufoGC56*ufoGC86
       + 1/4*g_(1,6_,nu10)*FT2(g6)*Vec(nu10,q2)*Vec(nu9,-q3)*Vec(nu9,q2)*Deng(
      p4,xiw,0)*Deng(q2 + q3,xiw,0)*Deng(q2 + q3,xiw,M3)^2*DH( - p4 + q2 + q3)
      *xiw*ufoGC58*ufoGC107*ufoGC56*ufoGC86
       + 1/4*g_(1,6_,nu10)*FT2(g6)*Vec(nu10,q2)*Vec(nu9,-q3)*Vec(nu9,q3)*Deng(
      p4,xiw,0)*Deng(q2 + q3,xiw,0)*Deng(q2 + q3,xiw,M3)^2*DH( - p4 + q2 + q3)
      *xiw*ufoGC58*ufoGC107*ufoGC56*ufoGC86
       + 1/4*g_(1,6_,nu10)*FT2(g6)*Vec(nu10,q3)*Vec(nu9,p4)*Vec(nu9,q2)*Deng(
      p4,xiw,0)*Deng(q2 + q3,xiw,0)*Deng(q2 + q3,xiw,M3)^2*DH( - p4 + q2 + q3)
      *xiw*ufoGC58*ufoGC107*ufoGC56*ufoGC86
       + 1/4*g_(1,6_,nu10)*FT2(g6)*Vec(nu10,q3)*Vec(nu9,p4)*Vec(nu9,q3)*Deng(
      p4,xiw,0)*Deng(q2 + q3,xiw,0)*Deng(q2 + q3,xiw,M3)^2*DH( - p4 + q2 + q3)
      *xiw*ufoGC58*ufoGC107*ufoGC56*ufoGC86
       - 1/4*g_(1,6_,nu10)*FT2(g6)*Vec(nu10,q3)*Vec(nu9,-p4)*Vec(nu9,q2)*Deng(
      p4,xiw,0)*Deng(q2 + q3,xiw,0)*Deng(q2 + q3,xiw,M3)^2*DH( - p4 + q2 + q3)
      *xiw*ufoGC58*ufoGC107*ufoGC56*ufoGC86
       - 1/4*g_(1,6_,nu10)*FT2(g6)*Vec(nu10,q3)*Vec(nu9,-p4)*Vec(nu9,q3)*Deng(
      p4,xiw,0)*Deng(q2 + q3,xiw,0)*Deng(q2 + q3,xiw,M3)^2*DH( - p4 + q2 + q3)
      *xiw*ufoGC58*ufoGC107*ufoGC56*ufoGC86
       + 1/4*g_(1,6_,nu10)*FT2(g6)*Vec(nu10,q3)*Vec(nu9,-q2)*Vec(nu9,q2)*Deng(
      p4,xiw,0)*Deng(q2 + q3,xiw,0)*Deng(q2 + q3,xiw,M3)^2*DH( - p4 + q2 + q3)
      *xiw*ufoGC58*ufoGC107*ufoGC56*ufoGC86
       + 1/4*g_(1,6_,nu10)*FT2(g6)*Vec(nu10,q3)*Vec(nu9,-q2)*Vec(nu9,q3)*Deng(
      p4,xiw,0)*Deng(q2 + q3,xiw,0)*Deng(q2 + q3,xiw,M3)^2*DH( - p4 + q2 + q3)
      *xiw*ufoGC58*ufoGC107*ufoGC56*ufoGC86
       + 1/4*g_(1,6_,nu10)*FT2(g6)*Vec(nu10,q3)*Vec(nu9,-q3)*Vec(nu9,q2)*Deng(
      p4,xiw,0)*Deng(q2 + q3,xiw,0)*Deng(q2 + q3,xiw,M3)^2*DH( - p4 + q2 + q3)
      *xiw*ufoGC58*ufoGC107*ufoGC56*ufoGC86
       + 1/4*g_(1,6_,nu10)*FT2(g6)*Vec(nu10,q3)*Vec(nu9,-q3)*Vec(nu9,q3)*Deng(
      p4,xiw,0)*Deng(q2 + q3,xiw,0)*Deng(q2 + q3,xiw,M3)^2*DH( - p4 + q2 + q3)
      *xiw*ufoGC58*ufoGC107*ufoGC56*ufoGC86
      ;

  0.00 sec out of 0.00 sec
