FORM 5.0.0-beta.1 (Jan 15 2026, v5.0.0-beta.1-292-g4341c63)  Run: Fri Feb 13 15:00:06 2026
    #-

   d1l182amp =
       - 1/16*g_(1,6_,nu10)*FT2(g6)*cFT(g7,XX,j16,j13)*cFT(p4,XX,j15,j16)*cFT(
      nu9,XX,j14,iufo15)*cFT(g7,XX,iufo15,j15)*cFT(p3,XX,j13,j14)*flavourTag(
      fs,j15,j16)*flavourTag(ft,j13,j14)*Vec(nu10,p1)*Vec(nu9,p1)*Deng(p1,xiw,
      M3)^2*Deng(p2,xiw,0)*ufoGC58*ufoGC107*ufoGC18*ufoGC66
       - 1/16*g_(1,6_,nu10)*FT2(g6)*cFT(g6,XX,j16,j13)*cFT(p4,XX,j15,j16)*cFT(
      nu9,XX,j14,iufo15)*cFT(g7,XX,iufo15,j15)*cFT(p3,XX,j13,j14)*flavourTag(
      fs,j15,j16)*flavourTag(ft,j13,j14)*Vec(nu10,p1)*Vec(nu9,p1)*Deng(p1,xiw,
      M3)^2*Deng(p2,xiw,0)*ufoGC58*ufoGC107*ufoGC27*ufoGC66
       + 1/16*g_(1,6_,nu9)*FT2(g6)*cFT(g7,XX,j16,j13)*cFT(p4,XX,j15,j16)*cFT(
      nu9,XX,j14,iufo15)*cFT(g7,XX,iufo15,j15)*cFT(p3,XX,j13,j14)*flavourTag(
      fs,j15,j16)*flavourTag(ft,j13,j14)*Deng(p1,xiw,M3)*Deng(p2,xiw,0)*
      ufoGC58*ufoGC107*ufoGC18*ufoGC66
       + 1/16*g_(1,6_,nu9)*FT2(g6)*cFT(g6,XX,j16,j13)*cFT(p4,XX,j15,j16)*cFT(
      nu9,XX,j14,iufo15)*cFT(g7,XX,iufo15,j15)*cFT(p3,XX,j13,j14)*flavourTag(
      fs,j15,j16)*flavourTag(ft,j13,j14)*Deng(p1,xiw,M3)*Deng(p2,xiw,0)*
      ufoGC58*ufoGC107*ufoGC27*ufoGC66
      ;

  0.00 sec out of 0.00 sec
