FORM 5.0.0-beta.1 (Jan 15 2026, v5.0.0-beta.1-292-g4341c63)  Run: Wed Feb 11 13:45:52 2026
    #-

   d1l193amp =
       + 1/2*g_(1,6_,nu10)*g_(2,nu16)*cFT(p3 - q2,XX,j11,j12)*auxGamma(nu13,i2
      ,iufo11)*auxPL(iufo11,j11)*flavourTag(fmu,j11,j12)*Mom(nu9,p3 - q2 - q3)
      *Vec(nu10,q2)*Vec(nu16,p3 - q2 - q3)*Vec(nu13,p3)*Vec(nu9,q2)*Vec(nu14,
      p3)*Vec(nu14,p3 - q2 - q3)*Den(p3 - q2 - q3)^2*Deng(p3,xiw,M3)^2*Deng(q2
       + q3,xiw,M3)^2*xia*xiw^2*ufoGC58^2*ufoGC3*ufoGC4
       - 1/2*g_(1,6_,nu10)*g_(2,nu16)*cFT(p3 - q2,XX,j11,j12)*auxGamma(nu13,i2
      ,iufo11)*auxPL(iufo11,j11)*flavourTag(fmu,j11,j12)*Mom(nu9,p3 - q2 - q3)
      *Vec(nu10,q2)*Vec(nu16,p3 - q2 - q3)*Vec(nu13,p3)*Vec(nu9,q2)*Vec(nu14,
      p3)*Vec(nu14,p3 - q2 - q3)*Den(p3 - q2 - q3)^2*Deng(p3,xiw,M3)^2*Deng(q2
       + q3,xiw,M3)^2*xiw^2*ufoGC58^2*ufoGC3*ufoGC4
       + 1/2*g_(1,6_,nu10)*g_(2,nu16)*cFT(p3 - q2,XX,j11,j12)*auxGamma(nu13,i2
      ,iufo11)*auxPL(iufo11,j11)*flavourTag(fmu,j11,j12)*Mom(nu9,p3 - q2 - q3)
      *Vec(nu10,q2)*Vec(nu16,p3 - q2 - q3)*Vec(nu13,p3)*Vec(nu9,q3)*Vec(nu14,
      p3)*Vec(nu14,p3 - q2 - q3)*Den(p3 - q2 - q3)^2*Deng(p3,xiw,M3)^2*Deng(q2
       + q3,xiw,M3)^2*xia*xiw^2*ufoGC58^2*ufoGC3*ufoGC4
       - 1/2*g_(1,6_,nu10)*g_(2,nu16)*cFT(p3 - q2,XX,j11,j12)*auxGamma(nu13,i2
      ,iufo11)*auxPL(iufo11,j11)*flavourTag(fmu,j11,j12)*Mom(nu9,p3 - q2 - q3)
      *Vec(nu10,q2)*Vec(nu16,p3 - q2 - q3)*Vec(nu13,p3)*Vec(nu9,q3)*Vec(nu14,
      p3)*Vec(nu14,p3 - q2 - q3)*Den(p3 - q2 - q3)^2*Deng(p3,xiw,M3)^2*Deng(q2
       + q3,xiw,M3)^2*xiw^2*ufoGC58^2*ufoGC3*ufoGC4
       + 1/2*g_(1,6_,nu10)*g_(2,nu16)*cFT(p3 - q2,XX,j11,j12)*auxGamma(nu13,i2
      ,iufo11)*auxPL(iufo11,j11)*flavourTag(fmu,j11,j12)*Mom(nu9,p3 - q2 - q3)
      *Vec(nu10,q3)*Vec(nu16,p3 - q2 - q3)*Vec(nu13,p3)*Vec(nu9,q2)*Vec(nu14,
      p3)*Vec(nu14,p3 - q2 - q3)*Den(p3 - q2 - q3)^2*Deng(p3,xiw,M3)^2*Deng(q2
       + q3,xiw,M3)^2*xia*xiw^2*ufoGC58^2*ufoGC3*ufoGC4
       - 1/2*g_(1,6_,nu10)*g_(2,nu16)*cFT(p3 - q2,XX,j11,j12)*auxGamma(nu13,i2
      ,iufo11)*auxPL(iufo11,j11)*flavourTag(fmu,j11,j12)*Mom(nu9,p3 - q2 - q3)
      *Vec(nu10,q3)*Vec(nu16,p3 - q2 - q3)*Vec(nu13,p3)*Vec(nu9,q2)*Vec(nu14,
      p3)*Vec(nu14,p3 - q2 - q3)*Den(p3 - q2 - q3)^2*Deng(p3,xiw,M3)^2*Deng(q2
       + q3,xiw,M3)^2*xiw^2*ufoGC58^2*ufoGC3*ufoGC4
       + 1/2*g_(1,6_,nu10)*g_(2,nu16)*cFT(p3 - q2,XX,j11,j12)*auxGamma(nu13,i2
      ,iufo11)*auxPL(iufo11,j11)*flavourTag(fmu,j11,j12)*Mom(nu9,p3 - q2 - q3)
      *Vec(nu10,q3)*Vec(nu16,p3 - q2 - q3)*Vec(nu13,p3)*Vec(nu9,q3)*Vec(nu14,
      p3)*Vec(nu14,p3 - q2 - q3)*Den(p3 - q2 - q3)^2*Deng(p3,xiw,M3)^2*Deng(q2
       + q3,xiw,M3)^2*xia*xiw^2*ufoGC58^2*ufoGC3*ufoGC4
       - 1/2*g_(1,6_,nu10)*g_(2,nu16)*cFT(p3 - q2,XX,j11,j12)*auxGamma(nu13,i2
      ,iufo11)*auxPL(iufo11,j11)*flavourTag(fmu,j11,j12)*Mom(nu9,p3 - q2 - q3)
      *Vec(nu10,q3)*Vec(nu16,p3 - q2 - q3)*Vec(nu13,p3)*Vec(nu9,q3)*Vec(nu14,
      p3)*Vec(nu14,p3 - q2 - q3)*Den(p3 - q2 - q3)^2*Deng(p3,xiw,M3)^2*Deng(q2
       + q3,xiw,M3)^2*xiw^2*ufoGC58^2*ufoGC3*ufoGC4
       - 1/2*g_(1,6_,nu10)*g_(2,nu16)*cFT(p3 - q2,XX,j11,j12)*auxGamma(nu13,i2
      ,iufo11)*auxPL(iufo11,j11)*flavourTag(fmu,j11,j12)*Mom(nu9,-p3)*Vec(nu10
      ,q2)*Vec(nu16,p3 - q2 - q3)*Vec(nu13,p3)*Vec(nu9,q2)*Vec(nu14,p3)*Vec(
      nu14,p3 - q2 - q3)*Den(p3 - q2 - q3)^2*Deng(p3,xiw,M3)^2*Deng(q2 + q3,
      xiw,M3)^2*xia*xiw^2*ufoGC58^2*ufoGC3*ufoGC4
       + 1/2*g_(1,6_,nu10)*g_(2,nu16)*cFT(p3 - q2,XX,j11,j12)*auxGamma(nu13,i2
      ,iufo11)*auxPL(iufo11,j11)*flavourTag(fmu,j11,j12)*Mom(nu9,-p3)*Vec(nu10
      ,q2)*Vec(nu16,p3 - q2 - q3)*Vec(nu13,p3)*Vec(nu9,q2)*Vec(nu14,p3)*Vec(
      nu14,p3 - q2 - q3)*Den(p3 - q2 - q3)^2*Deng(p3,xiw,M3)^2*Deng(q2 + q3,
      xiw,M3)^2*xiw^2*ufoGC58^2*ufoGC3*ufoGC4
       - 1/2*g_(1,6_,nu10)*g_(2,nu16)*cFT(p3 - q2,XX,j11,j12)*auxGamma(nu13,i2
      ,iufo11)*auxPL(iufo11,j11)*flavourTag(fmu,j11,j12)*Mom(nu9,-p3)*Vec(nu10
      ,q2)*Vec(nu16,p3 - q2 - q3)*Vec(nu13,p3)*Vec(nu9,q3)*Vec(nu14,p3)*Vec(
      nu14,p3 - q2 - q3)*Den(p3 - q2 - q3)^2*Deng(p3,xiw,M3)^2*Deng(q2 + q3,
      xiw,M3)^2*xia*xiw^2*ufoGC58^2*ufoGC3*ufoGC4
       + 1/2*g_(1,6_,nu10)*g_(2,nu16)*cFT(p3 - q2,XX,j11,j12)*auxGamma(nu13,i2
      ,iufo11)*auxPL(iufo11,j11)*flavourTag(fmu,j11,j12)*Mom(nu9,-p3)*Vec(nu10
      ,q2)*Vec(nu16,p3 - q2 - q3)*Vec(nu13,p3)*Vec(nu9,q3)*Vec(nu14,p3)*Vec(
      nu14,p3 - q2 - q3)*Den(p3 - q2 - q3)^2*Deng(p3,xiw,M3)^2*Deng(q2 + q3,
      xiw,M3)^2*xiw^2*ufoGC58^2*ufoGC3*ufoGC4
       - 1/2*g_(1,6_,nu10)*g_(2,nu16)*cFT(p3 - q2,XX,j11,j12)*auxGamma(nu13,i2
      ,iufo11)*auxPL(iufo11,j11)*flavourTag(fmu,j11,j12)*Mom(nu9,-p3)*Vec(nu10
      ,q3)*Vec(nu16,p3 - q2 - q3)*Vec(nu13,p3)*Vec(nu9,q2)*Vec(nu14,p3)*Vec(
      nu14,p3 - q2 - q3)*Den(p3 - q2 - q3)^2*Deng(p3,xiw,M3)^2*Deng(q2 + q3,
      xiw,M3)^2*xia*xiw^2*ufoGC58^2*ufoGC3*ufoGC4
       + 1/2*g_(1,6_,nu10)*g_(2,nu16)*cFT(p3 - q2,XX,j11,j12)*auxGamma(nu13,i2
      ,iufo11)*auxPL(iufo11,j11)*flavourTag(fmu,j11,j12)*Mom(nu9,-p3)*Vec(nu10
      ,q3)*Vec(nu16,p3 - q2 - q3)*Vec(nu13,p3)*Vec(nu9,q2)*Vec(nu14,p3)*Vec(
      nu14,p3 - q2 - q3)*Den(p3 - q2 - q3)^2*Deng(p3,xiw,M3)^2*Deng(q2 + q3,
      xiw,M3)^2*xiw^2*ufoGC58^2*ufoGC3*ufoGC4
       - 1/2*g_(1,6_,nu10)*g_(2,nu16)*cFT(p3 - q2,XX,j11,j12)*auxGamma(nu13,i2
      ,iufo11)*auxPL(iufo11,j11)*flavourTag(fmu,j11,j12)*Mom(nu9,-p3)*Vec(nu10
      ,q3)*Vec(nu16,p3 - q2 - q3)*Vec(nu13,p3)*Vec(nu9,q3)*Vec(nu14,p3)*Vec(
      nu14,p3 - q2 - q3)*Den(p3 - q2 - q3)^2*Deng(p3,xiw,M3)^2*Deng(q2 + q3,
      xiw,M3)^2*xia*xiw^2*ufoGC58^2*ufoGC3*ufoGC4
       + 1/2*g_(1,6_,nu10)*g_(2,nu16)*cFT(p3 - q2,XX,j11,j12)*auxGamma(nu13,i2
      ,iufo11)*auxPL(iufo11,j11)*flavourTag(fmu,j11,j12)*Mom(nu9,-p3)*Vec(nu10
      ,q3)*Vec(nu16,p3 - q2 - q3)*Vec(nu13,p3)*Vec(nu9,q3)*Vec(nu14,p3)*Vec(
      nu14,p3 - q2 - q3)*Den(p3 - q2 - q3)^2*Deng(p3,xiw,M3)^2*Deng(q2 + q3,
      xiw,M3)^2*xiw^2*ufoGC58^2*ufoGC3*ufoGC4
       - 1/2*g_(1,6_,nu10)*g_(2,nu16)*cFT(p3 - q2,XX,j11,j12)*auxGamma(nu13,i2
      ,iufo11)*auxPL(iufo11,j11)*flavourTag(fmu,j11,j12)*Mom(nu14,p3 - q2 - q3
      )*Vec(nu10,q2)*Vec(nu16,p3 - q2 - q3)*Vec(nu13,p3)*Vec(nu9,q2)*Vec(nu9,
      p3 - q2 - q3)*Vec(nu14,p3)*Den(p3 - q2 - q3)^2*Deng(p3,xiw,M3)^2*Deng(q2
       + q3,xiw,M3)^2*xia*xiw^2*ufoGC58^2*ufoGC3*ufoGC4
       + 1/2*g_(1,6_,nu10)*g_(2,nu16)*cFT(p3 - q2,XX,j11,j12)*auxGamma(nu13,i2
      ,iufo11)*auxPL(iufo11,j11)*flavourTag(fmu,j11,j12)*Mom(nu14,p3 - q2 - q3
      )*Vec(nu10,q2)*Vec(nu16,p3 - q2 - q3)*Vec(nu13,p3)*Vec(nu9,q2)*Vec(nu9,
      p3 - q2 - q3)*Vec(nu14,p3)*Den(p3 - q2 - q3)^2*Deng(p3,xiw,M3)^2*Deng(q2
       + q3,xiw,M3)^2*xiw^2*ufoGC58^2*ufoGC3*ufoGC4
       - 1/2*g_(1,6_,nu10)*g_(2,nu16)*cFT(p3 - q2,XX,j11,j12)*auxGamma(nu13,i2
      ,iufo11)*auxPL(iufo11,j11)*flavourTag(fmu,j11,j12)*Mom(nu14,p3 - q2 - q3
      )*Vec(nu10,q2)*Vec(nu16,p3 - q2 - q3)*Vec(nu13,p3)*Vec(nu9,q3)*Vec(nu9,
      p3 - q2 - q3)*Vec(nu14,p3)*Den(p3 - q2 - q3)^2*Deng(p3,xiw,M3)^2*Deng(q2
       + q3,xiw,M3)^2*xia*xiw^2*ufoGC58^2*ufoGC3*ufoGC4
       + 1/2*g_(1,6_,nu10)*g_(2,nu16)*cFT(p3 - q2,XX,j11,j12)*auxGamma(nu13,i2
      ,iufo11)*auxPL(iufo11,j11)*flavourTag(fmu,j11,j12)*Mom(nu14,p3 - q2 - q3
      )*Vec(nu10,q2)*Vec(nu16,p3 - q2 - q3)*Vec(nu13,p3)*Vec(nu9,q3)*Vec(nu9,
      p3 - q2 - q3)*Vec(nu14,p3)*Den(p3 - q2 - q3)^2*Deng(p3,xiw,M3)^2*Deng(q2
       + q3,xiw,M3)^2*xiw^2*ufoGC58^2*ufoGC3*ufoGC4
       - 1/2*g_(1,6_,nu10)*g_(2,nu16)*cFT(p3 - q2,XX,j11,j12)*auxGamma(nu13,i2
      ,iufo11)*auxPL(iufo11,j11)*flavourTag(fmu,j11,j12)*Mom(nu14,p3 - q2 - q3
      )*Vec(nu10,q3)*Vec(nu16,p3 - q2 - q3)*Vec(nu13,p3)*Vec(nu9,q2)*Vec(nu9,
      p3 - q2 - q3)*Vec(nu14,p3)*Den(p3 - q2 - q3)^2*Deng(p3,xiw,M3)^2*Deng(q2
       + q3,xiw,M3)^2*xia*xiw^2*ufoGC58^2*ufoGC3*ufoGC4
       + 1/2*g_(1,6_,nu10)*g_(2,nu16)*cFT(p3 - q2,XX,j11,j12)*auxGamma(nu13,i2
      ,iufo11)*auxPL(iufo11,j11)*flavourTag(fmu,j11,j12)*Mom(nu14,p3 - q2 - q3
      )*Vec(nu10,q3)*Vec(nu16,p3 - q2 - q3)*Vec(nu13,p3)*Vec(nu9,q2)*Vec(nu9,
      p3 - q2 - q3)*Vec(nu14,p3)*Den(p3 - q2 - q3)^2*Deng(p3,xiw,M3)^2*Deng(q2
       + q3,xiw,M3)^2*xiw^2*ufoGC58^2*ufoGC3*ufoGC4
       - 1/2*g_(1,6_,nu10)*g_(2,nu16)*cFT(p3 - q2,XX,j11,j12)*auxGamma(nu13,i2
      ,iufo11)*auxPL(iufo11,j11)*flavourTag(fmu,j11,j12)*Mom(nu14,p3 - q2 - q3
      )*Vec(nu10,q3)*Vec(nu16,p3 - q2 - q3)*Vec(nu13,p3)*Vec(nu9,q3)*Vec(nu9,
      p3 - q2 - q3)*Vec(nu14,p3)*Den(p3 - q2 - q3)^2*Deng(p3,xiw,M3)^2*Deng(q2
       + q3,xiw,M3)^2*xia*xiw^2*ufoGC58^2*ufoGC3*ufoGC4
       + 1/2*g_(1,6_,nu10)*g_(2,nu16)*cFT(p3 - q2,XX,j11,j12)*auxGamma(nu13,i2
      ,iufo11)*auxPL(iufo11,j11)*flavourTag(fmu,j11,j12)*Mom(nu14,p3 - q2 - q3
      )*Vec(nu10,q3)*Vec(nu16,p3 - q2 - q3)*Vec(nu13,p3)*Vec(nu9,q3)*Vec(nu9,
      p3 - q2 - q3)*Vec(nu14,p3)*Den(p3 - q2 - q3)^2*Deng(p3,xiw,M3)^2*Deng(q2
       + q3,xiw,M3)^2*xiw^2*ufoGC58^2*ufoGC3*ufoGC4
       + 1/2*g_(1,6_,nu10)*g_(2,nu16)*cFT(p3 - q2,XX,j11,j12)*auxGamma(nu13,i2
      ,iufo11)*auxPL(iufo11,j11)*flavourTag(fmu,j11,j12)*Mom(nu14,q2 + q3)*
      Vec(nu10,q2)*Vec(nu16,p3 - q2 - q3)*Vec(nu13,p3)*Vec(nu9,q2)*Vec(nu9,p3
       - q2 - q3)*Vec(nu14,p3)*Den(p3 - q2 - q3)^2*Deng(p3,xiw,M3)^2*Deng(q2
       + q3,xiw,M3)^2*xia*xiw^2*ufoGC58^2*ufoGC3*ufoGC4
       - 1/2*g_(1,6_,nu10)*g_(2,nu16)*cFT(p3 - q2,XX,j11,j12)*auxGamma(nu13,i2
      ,iufo11)*auxPL(iufo11,j11)*flavourTag(fmu,j11,j12)*Mom(nu14,q2 + q3)*
      Vec(nu10,q2)*Vec(nu16,p3 - q2 - q3)*Vec(nu13,p3)*Vec(nu9,q2)*Vec(nu9,p3
       - q2 - q3)*Vec(nu14,p3)*Den(p3 - q2 - q3)^2*Deng(p3,xiw,M3)^2*Deng(q2
       + q3,xiw,M3)^2*xiw^2*ufoGC58^2*ufoGC3*ufoGC4
       + 1/2*g_(1,6_,nu10)*g_(2,nu16)*cFT(p3 - q2,XX,j11,j12)*auxGamma(nu13,i2
      ,iufo11)*auxPL(iufo11,j11)*flavourTag(fmu,j11,j12)*Mom(nu14,q2 + q3)*
      Vec(nu10,q2)*Vec(nu16,p3 - q2 - q3)*Vec(nu13,p3)*Vec(nu9,q3)*Vec(nu9,p3
       - q2 - q3)*Vec(nu14,p3)*Den(p3 - q2 - q3)^2*Deng(p3,xiw,M3)^2*Deng(q2
       + q3,xiw,M3)^2*xia*xiw^2*ufoGC58^2*ufoGC3*ufoGC4
       - 1/2*g_(1,6_,nu10)*g_(2,nu16)*cFT(p3 - q2,XX,j11,j12)*auxGamma(nu13,i2
      ,iufo11)*auxPL(iufo11,j11)*flavourTag(fmu,j11,j12)*Mom(nu14,q2 + q3)*
      Vec(nu10,q2)*Vec(nu16,p3 - q2 - q3)*Vec(nu13,p3)*Vec(nu9,q3)*Vec(nu9,p3
       - q2 - q3)*Vec(nu14,p3)*Den(p3 - q2 - q3)^2*Deng(p3,xiw,M3)^2*Deng(q2
       + q3,xiw,M3)^2*xiw^2*ufoGC58^2*ufoGC3*ufoGC4
       + 1/2*g_(1,6_,nu10)*g_(2,nu16)*cFT(p3 - q2,XX,j11,j12)*auxGamma(nu13,i2
      ,iufo11)*auxPL(iufo11,j11)*flavourTag(fmu,j11,j12)*Mom(nu14,q2 + q3)*
      Vec(nu10,q3)*Vec(nu16,p3 - q2 - q3)*Vec(nu13,p3)*Vec(nu9,q2)*Vec(nu9,p3
       - q2 - q3)*Vec(nu14,p3)*Den(p3 - q2 - q3)^2*Deng(p3,xiw,M3)^2*Deng(q2
       + q3,xiw,M3)^2*xia*xiw^2*ufoGC58^2*ufoGC3*ufoGC4
       - 1/2*g_(1,6_,nu10)*g_(2,nu16)*cFT(p3 - q2,XX,j11,j12)*auxGamma(nu13,i2
      ,iufo11)*auxPL(iufo11,j11)*flavourTag(fmu,j11,j12)*Mom(nu14,q2 + q3)*
      Vec(nu10,q3)*Vec(nu16,p3 - q2 - q3)*Vec(nu13,p3)*Vec(nu9,q2)*Vec(nu9,p3
       - q2 - q3)*Vec(nu14,p3)*Den(p3 - q2 - q3)^2*Deng(p3,xiw,M3)^2*Deng(q2
       + q3,xiw,M3)^2*xiw^2*ufoGC58^2*ufoGC3*ufoGC4
       + 1/2*g_(1,6_,nu10)*g_(2,nu16)*cFT(p3 - q2,XX,j11,j12)*auxGamma(nu13,i2
      ,iufo11)*auxPL(iufo11,j11)*flavourTag(fmu,j11,j12)*Mom(nu14,q2 + q3)*
      Vec(nu10,q3)*Vec(nu16,p3 - q2 - q3)*Vec(nu13,p3)*Vec(nu9,q3)*Vec(nu9,p3
       - q2 - q3)*Vec(nu14,p3)*Den(p3 - q2 - q3)^2*Deng(p3,xiw,M3)^2*Deng(q2
       + q3,xiw,M3)^2*xia*xiw^2*ufoGC58^2*ufoGC3*ufoGC4
       - 1/2*g_(1,6_,nu10)*g_(2,nu16)*cFT(p3 - q2,XX,j11,j12)*auxGamma(nu13,i2
      ,iufo11)*auxPL(iufo11,j11)*flavourTag(fmu,j11,j12)*Mom(nu14,q2 + q3)*
      Vec(nu10,q3)*Vec(nu16,p3 - q2 - q3)*Vec(nu13,p3)*Vec(nu9,q3)*Vec(nu9,p3
       - q2 - q3)*Vec(nu14,p3)*Den(p3 - q2 - q3)^2*Deng(p3,xiw,M3)^2*Deng(q2
       + q3,xiw,M3)^2*xiw^2*ufoGC58^2*ufoGC3*ufoGC4
       - 1/2*g_(1,6_,nu10)*g_(2,nu16)*cFT(p3 - q2,XX,j11,j12)*auxGamma(nu13,i2
      ,iufo11)*auxPL(iufo11,j11)*flavourTag(fmu,j11,j12)*Mom(nu15,q2 + q3)*
      Vec(nu10,q2)*Vec(nu16,p3 - q2 - q3)*Vec(nu13,p3)*Vec(nu14,p3)*Vec(nu14,
      q2)*Vec(nu15,p3 - q2 - q3)*Den(p3 - q2 - q3)^2*Deng(p3,xiw,M3)^2*Deng(q2
       + q3,xiw,M3)^2*xia*xiw^2*ufoGC58^2*ufoGC3*ufoGC4
       + 1/2*g_(1,6_,nu10)*g_(2,nu16)*cFT(p3 - q2,XX,j11,j12)*auxGamma(nu13,i2
      ,iufo11)*auxPL(iufo11,j11)*flavourTag(fmu,j11,j12)*Mom(nu15,q2 + q3)*
      Vec(nu10,q2)*Vec(nu16,p3 - q2 - q3)*Vec(nu13,p3)*Vec(nu14,p3)*Vec(nu14,
      q2)*Vec(nu15,p3 - q2 - q3)*Den(p3 - q2 - q3)^2*Deng(p3,xiw,M3)^2*Deng(q2
       + q3,xiw,M3)^2*xiw^2*ufoGC58^2*ufoGC3*ufoGC4
       - 1/2*g_(1,6_,nu10)*g_(2,nu16)*cFT(p3 - q2,XX,j11,j12)*auxGamma(nu13,i2
      ,iufo11)*auxPL(iufo11,j11)*flavourTag(fmu,j11,j12)*Mom(nu15,q2 + q3)*
      Vec(nu10,q2)*Vec(nu16,p3 - q2 - q3)*Vec(nu13,p3)*Vec(nu14,p3)*Vec(nu14,
      q3)*Vec(nu15,p3 - q2 - q3)*Den(p3 - q2 - q3)^2*Deng(p3,xiw,M3)^2*Deng(q2
       + q3,xiw,M3)^2*xia*xiw^2*ufoGC58^2*ufoGC3*ufoGC4
       + 1/2*g_(1,6_,nu10)*g_(2,nu16)*cFT(p3 - q2,XX,j11,j12)*auxGamma(nu13,i2
      ,iufo11)*auxPL(iufo11,j11)*flavourTag(fmu,j11,j12)*Mom(nu15,q2 + q3)*
      Vec(nu10,q2)*Vec(nu16,p3 - q2 - q3)*Vec(nu13,p3)*Vec(nu14,p3)*Vec(nu14,
      q3)*Vec(nu15,p3 - q2 - q3)*Den(p3 - q2 - q3)^2*Deng(p3,xiw,M3)^2*Deng(q2
       + q3,xiw,M3)^2*xiw^2*ufoGC58^2*ufoGC3*ufoGC4
       - 1/2*g_(1,6_,nu10)*g_(2,nu16)*cFT(p3 - q2,XX,j11,j12)*auxGamma(nu13,i2
      ,iufo11)*auxPL(iufo11,j11)*flavourTag(fmu,j11,j12)*Mom(nu15,q2 + q3)*
      Vec(nu10,q3)*Vec(nu16,p3 - q2 - q3)*Vec(nu13,p3)*Vec(nu14,p3)*Vec(nu14,
      q2)*Vec(nu15,p3 - q2 - q3)*Den(p3 - q2 - q3)^2*Deng(p3,xiw,M3)^2*Deng(q2
       + q3,xiw,M3)^2*xia*xiw^2*ufoGC58^2*ufoGC3*ufoGC4
       + 1/2*g_(1,6_,nu10)*g_(2,nu16)*cFT(p3 - q2,XX,j11,j12)*auxGamma(nu13,i2
      ,iufo11)*auxPL(iufo11,j11)*flavourTag(fmu,j11,j12)*Mom(nu15,q2 + q3)*
      Vec(nu10,q3)*Vec(nu16,p3 - q2 - q3)*Vec(nu13,p3)*Vec(nu14,p3)*Vec(nu14,
      q2)*Vec(nu15,p3 - q2 - q3)*Den(p3 - q2 - q3)^2*Deng(p3,xiw,M3)^2*Deng(q2
       + q3,xiw,M3)^2*xiw^2*ufoGC58^2*ufoGC3*ufoGC4
       - 1/2*g_(1,6_,nu10)*g_(2,nu16)*cFT(p3 - q2,XX,j11,j12)*auxGamma(nu13,i2
      ,iufo11)*auxPL(iufo11,j11)*flavourTag(fmu,j11,j12)*Mom(nu15,q2 + q3)*
      Vec(nu10,q3)*Vec(nu16,p3 - q2 - q3)*Vec(nu13,p3)*Vec(nu14,p3)*Vec(nu14,
      q3)*Vec(nu15,p3 - q2 - q3)*Den(p3 - q2 - q3)^2*Deng(p3,xiw,M3)^2*Deng(q2
       + q3,xiw,M3)^2*xia*xiw^2*ufoGC58^2*ufoGC3*ufoGC4
       + 1/2*g_(1,6_,nu10)*g_(2,nu16)*cFT(p3 - q2,XX,j11,j12)*auxGamma(nu13,i2
      ,iufo11)*auxPL(iufo11,j11)*flavourTag(fmu,j11,j12)*Mom(nu15,q2 + q3)*
      Vec(nu10,q3)*Vec(nu16,p3 - q2 - q3)*Vec(nu13,p3)*Vec(nu14,p3)*Vec(nu14,
      q3)*Vec(nu15,p3 - q2 - q3)*Den(p3 - q2 - q3)^2*Deng(p3,xiw,M3)^2*Deng(q2
       + q3,xiw,M3)^2*xiw^2*ufoGC58^2*ufoGC3*ufoGC4
       + 1/2*g_(1,6_,nu10)*g_(2,nu16)*cFT(p3 - q2,XX,j11,j12)*auxGamma(nu13,i2
      ,iufo11)*auxPL(iufo11,j11)*flavourTag(fmu,j11,j12)*Mom(nu15,-p3)*Vec(
      nu10,q2)*Vec(nu16,p3 - q2 - q3)*Vec(nu13,p3)*Vec(nu14,p3)*Vec(nu14,q2)*
      Vec(nu15,p3 - q2 - q3)*Den(p3 - q2 - q3)^2*Deng(p3,xiw,M3)^2*Deng(q2 + 
      q3,xiw,M3)^2*xia*xiw^2*ufoGC58^2*ufoGC3*ufoGC4
       - 1/2*g_(1,6_,nu10)*g_(2,nu16)*cFT(p3 - q2,XX,j11,j12)*auxGamma(nu13,i2
      ,iufo11)*auxPL(iufo11,j11)*flavourTag(fmu,j11,j12)*Mom(nu15,-p3)*Vec(
      nu10,q2)*Vec(nu16,p3 - q2 - q3)*Vec(nu13,p3)*Vec(nu14,p3)*Vec(nu14,q2)*
      Vec(nu15,p3 - q2 - q3)*Den(p3 - q2 - q3)^2*Deng(p3,xiw,M3)^2*Deng(q2 + 
      q3,xiw,M3)^2*xiw^2*ufoGC58^2*ufoGC3*ufoGC4
       + 1/2*g_(1,6_,nu10)*g_(2,nu16)*cFT(p3 - q2,XX,j11,j12)*auxGamma(nu13,i2
      ,iufo11)*auxPL(iufo11,j11)*flavourTag(fmu,j11,j12)*Mom(nu15,-p3)*Vec(
      nu10,q2)*Vec(nu16,p3 - q2 - q3)*Vec(nu13,p3)*Vec(nu14,p3)*Vec(nu14,q3)*
      Vec(nu15,p3 - q2 - q3)*Den(p3 - q2 - q3)^2*Deng(p3,xiw,M3)^2*Deng(q2 + 
      q3,xiw,M3)^2*xia*xiw^2*ufoGC58^2*ufoGC3*ufoGC4
       - 1/2*g_(1,6_,nu10)*g_(2,nu16)*cFT(p3 - q2,XX,j11,j12)*auxGamma(nu13,i2
      ,iufo11)*auxPL(iufo11,j11)*flavourTag(fmu,j11,j12)*Mom(nu15,-p3)*Vec(
      nu10,q2)*Vec(nu16,p3 - q2 - q3)*Vec(nu13,p3)*Vec(nu14,p3)*Vec(nu14,q3)*
      Vec(nu15,p3 - q2 - q3)*Den(p3 - q2 - q3)^2*Deng(p3,xiw,M3)^2*Deng(q2 + 
      q3,xiw,M3)^2*xiw^2*ufoGC58^2*ufoGC3*ufoGC4
       + 1/2*g_(1,6_,nu10)*g_(2,nu16)*cFT(p3 - q2,XX,j11,j12)*auxGamma(nu13,i2
      ,iufo11)*auxPL(iufo11,j11)*flavourTag(fmu,j11,j12)*Mom(nu15,-p3)*Vec(
      nu10,q3)*Vec(nu16,p3 - q2 - q3)*Vec(nu13,p3)*Vec(nu14,p3)*Vec(nu14,q2)*
      Vec(nu15,p3 - q2 - q3)*Den(p3 - q2 - q3)^2*Deng(p3,xiw,M3)^2*Deng(q2 + 
      q3,xiw,M3)^2*xia*xiw^2*ufoGC58^2*ufoGC3*ufoGC4
       - 1/2*g_(1,6_,nu10)*g_(2,nu16)*cFT(p3 - q2,XX,j11,j12)*auxGamma(nu13,i2
      ,iufo11)*auxPL(iufo11,j11)*flavourTag(fmu,j11,j12)*Mom(nu15,-p3)*Vec(
      nu10,q3)*Vec(nu16,p3 - q2 - q3)*Vec(nu13,p3)*Vec(nu14,p3)*Vec(nu14,q2)*
      Vec(nu15,p3 - q2 - q3)*Den(p3 - q2 - q3)^2*Deng(p3,xiw,M3)^2*Deng(q2 + 
      q3,xiw,M3)^2*xiw^2*ufoGC58^2*ufoGC3*ufoGC4
       + 1/2*g_(1,6_,nu10)*g_(2,nu16)*cFT(p3 - q2,XX,j11,j12)*auxGamma(nu13,i2
      ,iufo11)*auxPL(iufo11,j11)*flavourTag(fmu,j11,j12)*Mom(nu15,-p3)*Vec(
      nu10,q3)*Vec(nu16,p3 - q2 - q3)*Vec(nu13,p3)*Vec(nu14,p3)*Vec(nu14,q3)*
      Vec(nu15,p3 - q2 - q3)*Den(p3 - q2 - q3)^2*Deng(p3,xiw,M3)^2*Deng(q2 + 
      q3,xiw,M3)^2*xia*xiw^2*ufoGC58^2*ufoGC3*ufoGC4
       - 1/2*g_(1,6_,nu10)*g_(2,nu16)*cFT(p3 - q2,XX,j11,j12)*auxGamma(nu13,i2
      ,iufo11)*auxPL(iufo11,j11)*flavourTag(fmu,j11,j12)*Mom(nu15,-p3)*Vec(
      nu10,q3)*Vec(nu16,p3 - q2 - q3)*Vec(nu13,p3)*Vec(nu14,p3)*Vec(nu14,q3)*
      Vec(nu15,p3 - q2 - q3)*Den(p3 - q2 - q3)^2*Deng(p3,xiw,M3)^2*Deng(q2 + 
      q3,xiw,M3)^2*xiw^2*ufoGC58^2*ufoGC3*ufoGC4
       - 1/2*g_(1,6_,nu10)*g_(2,nu9)*cFT(p3 - q2,XX,j11,j12)*auxGamma(nu13,i2,
      iufo11)*auxPL(iufo11,j11)*flavourTag(fmu,j11,j12)*Mom(nu14,p3 - q2 - q3)
      *Vec(nu10,q2)*Vec(nu13,p3)*Vec(nu9,q2)*Vec(nu14,p3)*Den(p3 - q2 - q3)*
      Deng(p3,xiw,M3)^2*Deng(q2 + q3,xiw,M3)^2*xiw^2*ufoGC58^2*ufoGC3*ufoGC4
       - 1/2*g_(1,6_,nu10)*g_(2,nu9)*cFT(p3 - q2,XX,j11,j12)*auxGamma(nu13,i2,
      iufo11)*auxPL(iufo11,j11)*flavourTag(fmu,j11,j12)*Mom(nu14,p3 - q2 - q3)
      *Vec(nu10,q2)*Vec(nu13,p3)*Vec(nu9,q3)*Vec(nu14,p3)*Den(p3 - q2 - q3)*
      Deng(p3,xiw,M3)^2*Deng(q2 + q3,xiw,M3)^2*xiw^2*ufoGC58^2*ufoGC3*ufoGC4
       - 1/2*g_(1,6_,nu10)*g_(2,nu9)*cFT(p3 - q2,XX,j11,j12)*auxGamma(nu13,i2,
      iufo11)*auxPL(iufo11,j11)*flavourTag(fmu,j11,j12)*Mom(nu14,p3 - q2 - q3)
      *Vec(nu10,q3)*Vec(nu13,p3)*Vec(nu9,q2)*Vec(nu14,p3)*Den(p3 - q2 - q3)*
      Deng(p3,xiw,M3)^2*Deng(q2 + q3,xiw,M3)^2*xiw^2*ufoGC58^2*ufoGC3*ufoGC4
       - 1/2*g_(1,6_,nu10)*g_(2,nu9)*cFT(p3 - q2,XX,j11,j12)*auxGamma(nu13,i2,
      iufo11)*auxPL(iufo11,j11)*flavourTag(fmu,j11,j12)*Mom(nu14,p3 - q2 - q3)
      *Vec(nu10,q3)*Vec(nu13,p3)*Vec(nu9,q3)*Vec(nu14,p3)*Den(p3 - q2 - q3)*
      Deng(p3,xiw,M3)^2*Deng(q2 + q3,xiw,M3)^2*xiw^2*ufoGC58^2*ufoGC3*ufoGC4
       + 1/2*g_(1,6_,nu10)*g_(2,nu9)*cFT(p3 - q2,XX,j11,j12)*auxGamma(nu13,i2,
      iufo11)*auxPL(iufo11,j11)*flavourTag(fmu,j11,j12)*Mom(nu14,q2 + q3)*Vec(
      nu10,q2)*Vec(nu13,p3)*Vec(nu9,q2)*Vec(nu14,p3)*Den(p3 - q2 - q3)*Deng(p3
      ,xiw,M3)^2*Deng(q2 + q3,xiw,M3)^2*xiw^2*ufoGC58^2*ufoGC3*ufoGC4
       + 1/2*g_(1,6_,nu10)*g_(2,nu9)*cFT(p3 - q2,XX,j11,j12)*auxGamma(nu13,i2,
      iufo11)*auxPL(iufo11,j11)*flavourTag(fmu,j11,j12)*Mom(nu14,q2 + q3)*Vec(
      nu10,q2)*Vec(nu13,p3)*Vec(nu9,q3)*Vec(nu14,p3)*Den(p3 - q2 - q3)*Deng(p3
      ,xiw,M3)^2*Deng(q2 + q3,xiw,M3)^2*xiw^2*ufoGC58^2*ufoGC3*ufoGC4
       + 1/2*g_(1,6_,nu10)*g_(2,nu9)*cFT(p3 - q2,XX,j11,j12)*auxGamma(nu13,i2,
      iufo11)*auxPL(iufo11,j11)*flavourTag(fmu,j11,j12)*Mom(nu14,q2 + q3)*Vec(
      nu10,q3)*Vec(nu13,p3)*Vec(nu9,q2)*Vec(nu14,p3)*Den(p3 - q2 - q3)*Deng(p3
      ,xiw,M3)^2*Deng(q2 + q3,xiw,M3)^2*xiw^2*ufoGC58^2*ufoGC3*ufoGC4
       + 1/2*g_(1,6_,nu10)*g_(2,nu9)*cFT(p3 - q2,XX,j11,j12)*auxGamma(nu13,i2,
      iufo11)*auxPL(iufo11,j11)*flavourTag(fmu,j11,j12)*Mom(nu14,q2 + q3)*Vec(
      nu10,q3)*Vec(nu13,p3)*Vec(nu9,q3)*Vec(nu14,p3)*Den(p3 - q2 - q3)*Deng(p3
      ,xiw,M3)^2*Deng(q2 + q3,xiw,M3)^2*xiw^2*ufoGC58^2*ufoGC3*ufoGC4
       + 1/2*g_(1,6_,nu10)*g_(2,nu14)*cFT(p3 - q2,XX,j11,j12)*auxGamma(nu13,i2
      ,iufo11)*auxPL(iufo11,j11)*flavourTag(fmu,j11,j12)*Mom(nu9,p3 - q2 - q3)
      *Vec(nu10,q2)*Vec(nu13,p3)*Vec(nu9,q2)*Vec(nu14,p3)*Den(p3 - q2 - q3)*
      Deng(p3,xiw,M3)^2*Deng(q2 + q3,xiw,M3)^2*xiw^2*ufoGC58^2*ufoGC3*ufoGC4
       + 1/2*g_(1,6_,nu10)*g_(2,nu14)*cFT(p3 - q2,XX,j11,j12)*auxGamma(nu13,i2
      ,iufo11)*auxPL(iufo11,j11)*flavourTag(fmu,j11,j12)*Mom(nu9,p3 - q2 - q3)
      *Vec(nu10,q2)*Vec(nu13,p3)*Vec(nu9,q3)*Vec(nu14,p3)*Den(p3 - q2 - q3)*
      Deng(p3,xiw,M3)^2*Deng(q2 + q3,xiw,M3)^2*xiw^2*ufoGC58^2*ufoGC3*ufoGC4
       + 1/2*g_(1,6_,nu10)*g_(2,nu14)*cFT(p3 - q2,XX,j11,j12)*auxGamma(nu13,i2
      ,iufo11)*auxPL(iufo11,j11)*flavourTag(fmu,j11,j12)*Mom(nu9,p3 - q2 - q3)
      *Vec(nu10,q3)*Vec(nu13,p3)*Vec(nu9,q2)*Vec(nu14,p3)*Den(p3 - q2 - q3)*
      Deng(p3,xiw,M3)^2*Deng(q2 + q3,xiw,M3)^2*xiw^2*ufoGC58^2*ufoGC3*ufoGC4
       + 1/2*g_(1,6_,nu10)*g_(2,nu14)*cFT(p3 - q2,XX,j11,j12)*auxGamma(nu13,i2
      ,iufo11)*auxPL(iufo11,j11)*flavourTag(fmu,j11,j12)*Mom(nu9,p3 - q2 - q3)
      *Vec(nu10,q3)*Vec(nu13,p3)*Vec(nu9,q3)*Vec(nu14,p3)*Den(p3 - q2 - q3)*
      Deng(p3,xiw,M3)^2*Deng(q2 + q3,xiw,M3)^2*xiw^2*ufoGC58^2*ufoGC3*ufoGC4
       - 1/2*g_(1,6_,nu10)*g_(2,nu14)*cFT(p3 - q2,XX,j11,j12)*auxGamma(nu13,i2
      ,iufo11)*auxPL(iufo11,j11)*flavourTag(fmu,j11,j12)*Mom(nu9,-p3)*Vec(nu10
      ,q2)*Vec(nu13,p3)*Vec(nu9,q2)*Vec(nu14,p3)*Den(p3 - q2 - q3)*Deng(p3,xiw
      ,M3)^2*Deng(q2 + q3,xiw,M3)^2*xiw^2*ufoGC58^2*ufoGC3*ufoGC4
       - 1/2*g_(1,6_,nu10)*g_(2,nu14)*cFT(p3 - q2,XX,j11,j12)*auxGamma(nu13,i2
      ,iufo11)*auxPL(iufo11,j11)*flavourTag(fmu,j11,j12)*Mom(nu9,-p3)*Vec(nu10
      ,q2)*Vec(nu13,p3)*Vec(nu9,q3)*Vec(nu14,p3)*Den(p3 - q2 - q3)*Deng(p3,xiw
      ,M3)^2*Deng(q2 + q3,xiw,M3)^2*xiw^2*ufoGC58^2*ufoGC3*ufoGC4
       - 1/2*g_(1,6_,nu10)*g_(2,nu14)*cFT(p3 - q2,XX,j11,j12)*auxGamma(nu13,i2
      ,iufo11)*auxPL(iufo11,j11)*flavourTag(fmu,j11,j12)*Mom(nu9,-p3)*Vec(nu10
      ,q3)*Vec(nu13,p3)*Vec(nu9,q2)*Vec(nu14,p3)*Den(p3 - q2 - q3)*Deng(p3,xiw
      ,M3)^2*Deng(q2 + q3,xiw,M3)^2*xiw^2*ufoGC58^2*ufoGC3*ufoGC4
       - 1/2*g_(1,6_,nu10)*g_(2,nu14)*cFT(p3 - q2,XX,j11,j12)*auxGamma(nu13,i2
      ,iufo11)*auxPL(iufo11,j11)*flavourTag(fmu,j11,j12)*Mom(nu9,-p3)*Vec(nu10
      ,q3)*Vec(nu13,p3)*Vec(nu9,q3)*Vec(nu14,p3)*Den(p3 - q2 - q3)*Deng(p3,xiw
      ,M3)^2*Deng(q2 + q3,xiw,M3)^2*xiw^2*ufoGC58^2*ufoGC3*ufoGC4
       - 1/2*g_(1,6_,nu10)*g_(2,nu15)*cFT(p3 - q2,XX,j11,j12)*auxGamma(nu13,i2
      ,iufo11)*auxPL(iufo11,j11)*flavourTag(fmu,j11,j12)*Mom(nu15,q2 + q3)*
      Vec(nu10,q2)*Vec(nu13,p3)*Vec(nu14,p3)*Vec(nu14,q2)*Den(p3 - q2 - q3)*
      Deng(p3,xiw,M3)^2*Deng(q2 + q3,xiw,M3)^2*xiw^2*ufoGC58^2*ufoGC3*ufoGC4
       - 1/2*g_(1,6_,nu10)*g_(2,nu15)*cFT(p3 - q2,XX,j11,j12)*auxGamma(nu13,i2
      ,iufo11)*auxPL(iufo11,j11)*flavourTag(fmu,j11,j12)*Mom(nu15,q2 + q3)*
      Vec(nu10,q2)*Vec(nu13,p3)*Vec(nu14,p3)*Vec(nu14,q3)*Den(p3 - q2 - q3)*
      Deng(p3,xiw,M3)^2*Deng(q2 + q3,xiw,M3)^2*xiw^2*ufoGC58^2*ufoGC3*ufoGC4
       - 1/2*g_(1,6_,nu10)*g_(2,nu15)*cFT(p3 - q2,XX,j11,j12)*auxGamma(nu13,i2
      ,iufo11)*auxPL(iufo11,j11)*flavourTag(fmu,j11,j12)*Mom(nu15,q2 + q3)*
      Vec(nu10,q3)*Vec(nu13,p3)*Vec(nu14,p3)*Vec(nu14,q2)*Den(p3 - q2 - q3)*
      Deng(p3,xiw,M3)^2*Deng(q2 + q3,xiw,M3)^2*xiw^2*ufoGC58^2*ufoGC3*ufoGC4
       - 1/2*g_(1,6_,nu10)*g_(2,nu15)*cFT(p3 - q2,XX,j11,j12)*auxGamma(nu13,i2
      ,iufo11)*auxPL(iufo11,j11)*flavourTag(fmu,j11,j12)*Mom(nu15,q2 + q3)*
      Vec(nu10,q3)*Vec(nu13,p3)*Vec(nu14,p3)*Vec(nu14,q3)*Den(p3 - q2 - q3)*
      Deng(p3,xiw,M3)^2*Deng(q2 + q3,xiw,M3)^2*xiw^2*ufoGC58^2*ufoGC3*ufoGC4
       + 1/2*g_(1,6_,nu10)*g_(2,nu15)*cFT(p3 - q2,XX,j11,j12)*auxGamma(nu13,i2
      ,iufo11)*auxPL(iufo11,j11)*flavourTag(fmu,j11,j12)*Mom(nu15,-p3)*Vec(
      nu10,q2)*Vec(nu13,p3)*Vec(nu14,p3)*Vec(nu14,q2)*Den(p3 - q2 - q3)*Deng(
      p3,xiw,M3)^2*Deng(q2 + q3,xiw,M3)^2*xiw^2*ufoGC58^2*ufoGC3*ufoGC4
       + 1/2*g_(1,6_,nu10)*g_(2,nu15)*cFT(p3 - q2,XX,j11,j12)*auxGamma(nu13,i2
      ,iufo11)*auxPL(iufo11,j11)*flavourTag(fmu,j11,j12)*Mom(nu15,-p3)*Vec(
      nu10,q2)*Vec(nu13,p3)*Vec(nu14,p3)*Vec(nu14,q3)*Den(p3 - q2 - q3)*Deng(
      p3,xiw,M3)^2*Deng(q2 + q3,xiw,M3)^2*xiw^2*ufoGC58^2*ufoGC3*ufoGC4
       + 1/2*g_(1,6_,nu10)*g_(2,nu15)*cFT(p3 - q2,XX,j11,j12)*auxGamma(nu13,i2
      ,iufo11)*auxPL(iufo11,j11)*flavourTag(fmu,j11,j12)*Mom(nu15,-p3)*Vec(
      nu10,q3)*Vec(nu13,p3)*Vec(nu14,p3)*Vec(nu14,q2)*Den(p3 - q2 - q3)*Deng(
      p3,xiw,M3)^2*Deng(q2 + q3,xiw,M3)^2*xiw^2*ufoGC58^2*ufoGC3*ufoGC4
       + 1/2*g_(1,6_,nu10)*g_(2,nu15)*cFT(p3 - q2,XX,j11,j12)*auxGamma(nu13,i2
      ,iufo11)*auxPL(iufo11,j11)*flavourTag(fmu,j11,j12)*Mom(nu15,-p3)*Vec(
      nu10,q3)*Vec(nu13,p3)*Vec(nu14,p3)*Vec(nu14,q3)*Den(p3 - q2 - q3)*Deng(
      p3,xiw,M3)^2*Deng(q2 + q3,xiw,M3)^2*xiw^2*ufoGC58^2*ufoGC3*ufoGC4
      ;

  0.00 sec out of 0.00 sec
