FORM 5.0.0-beta.1 (Jan 15 2026, v5.0.0-beta.1-292-g4341c63)  Run: Fri Feb 13 17:55:33 2026
    #-

   d1l147amp =
       - 1/4*g_(1,6_,nu10)*g_(2,6_,nu10)/(d^2 + 2*d)*Deng(q2 + q3,xiw,M3)^3*
      Deng( - p4 + q2 + q3,xiw,M3)^2*DH(p4)*p4.q2*q2.q2*d*xiw*ufoGC58^2*
      ufoGC90^2
       - 1/4*g_(1,6_,nu10)*g_(2,6_,nu10)/(d^2 + 2*d)*Deng(q2 + q3,xiw,M3)^3*
      Deng( - p4 + q2 + q3,xiw,M3)^2*DH(p4)*p4.q2*q2.q2*xiw*ufoGC58^2*
      ufoGC90^2
       - 1/4*g_(1,6_,nu10)*g_(2,6_,nu10)/(d^2 + 2*d)*Deng(q2 + q3,xiw,M3)^3*
      Deng( - p4 + q2 + q3,xiw,M3)^2*DH(p4)*p4.q3*q3.q3*d*xiw*ufoGC58^2*
      ufoGC90^2
       - 1/4*g_(1,6_,nu10)*g_(2,6_,nu10)/(d^2 + 2*d)*Deng(q2 + q3,xiw,M3)^3*
      Deng( - p4 + q2 + q3,xiw,M3)^2*DH(p4)*p4.q3*q3.q3*xiw*ufoGC58^2*
      ufoGC90^2
       + 1/2*g_(1,6_,nu10)*g_(2,6_,nu10)/(d^2 + 2*d)*Deng(q2 + q3,xiw,M3)^3*
      Deng( - p4 + q2 + q3,xiw,M3)^2*DH(p4)*q2.q2*q2.q3*d*xiw*ufoGC58^2*
      ufoGC90^2
       + 1/2*g_(1,6_,nu10)*g_(2,6_,nu10)/(d^2 + 2*d)*Deng(q2 + q3,xiw,M3)^3*
      Deng( - p4 + q2 + q3,xiw,M3)^2*DH(p4)*q2.q2*q2.q3*xiw*ufoGC58^2*
      ufoGC90^2
       + 1/2*g_(1,6_,nu10)*g_(2,6_,nu10)/(d^2 + 2*d)*Deng(q2 + q3,xiw,M3)^3*
      Deng( - p4 + q2 + q3,xiw,M3)^2*DH(p4)*q2.q3*q3.q3*d*xiw*ufoGC58^2*
      ufoGC90^2
       + 1/2*g_(1,6_,nu10)*g_(2,6_,nu10)/(d^2 + 2*d)*Deng(q2 + q3,xiw,M3)^3*
      Deng( - p4 + q2 + q3,xiw,M3)^2*DH(p4)*q2.q3*q3.q3*xiw*ufoGC58^2*
      ufoGC90^2
       + 1/2*g_(1,6_,nu10)*g_(2,6_,nu10)/(d^2 + 2*d)*Deng(q2 + q3,xiw,M3)^4*
      Deng( - p4 + q2 + q3,xiw,M3)^2*DH(p4)*p4.q2*q2.q2^2*d*xiw*ufoGC58^2*
      ufoGC90^2
       + 1/2*g_(1,6_,nu10)*g_(2,6_,nu10)/(d^2 + 2*d)*Deng(q2 + q3,xiw,M3)^4*
      Deng( - p4 + q2 + q3,xiw,M3)^2*DH(p4)*p4.q2*q2.q2^2*xiw*ufoGC58^2*
      ufoGC90^2
       + 1/2*g_(1,6_,nu10)*g_(2,6_,nu10)/(d^2 + 2*d)*Deng(q2 + q3,xiw,M3)^4*
      Deng( - p4 + q2 + q3,xiw,M3)^2*DH(p4)*p4.q2*q2.q2*q3.q3*d*xiw*ufoGC58^2*
      ufoGC90^2
       + 1/2*g_(1,6_,nu10)*g_(2,6_,nu10)/(d^2 + 2*d)*Deng(q2 + q3,xiw,M3)^4*
      Deng( - p4 + q2 + q3,xiw,M3)^2*DH(p4)*p4.q2*q2.q2*q3.q3*xiw*ufoGC58^2*
      ufoGC90^2
       + 1/2*g_(1,6_,nu10)*g_(2,6_,nu10)/(d^2 + 2*d)*Deng(q2 + q3,xiw,M3)^4*
      Deng( - p4 + q2 + q3,xiw,M3)^2*DH(p4)*p4.q3*q2.q2*q3.q3*d*xiw*ufoGC58^2*
      ufoGC90^2
       + 1/2*g_(1,6_,nu10)*g_(2,6_,nu10)/(d^2 + 2*d)*Deng(q2 + q3,xiw,M3)^4*
      Deng( - p4 + q2 + q3,xiw,M3)^2*DH(p4)*p4.q3*q2.q2*q3.q3*xiw*ufoGC58^2*
      ufoGC90^2
       + 1/2*g_(1,6_,nu10)*g_(2,6_,nu10)/(d^2 + 2*d)*Deng(q2 + q3,xiw,M3)^4*
      Deng( - p4 + q2 + q3,xiw,M3)^2*DH(p4)*p4.q3*q3.q3^2*d*xiw*ufoGC58^2*
      ufoGC90^2
       + 1/2*g_(1,6_,nu10)*g_(2,6_,nu10)/(d^2 + 2*d)*Deng(q2 + q3,xiw,M3)^4*
      Deng( - p4 + q2 + q3,xiw,M3)^2*DH(p4)*p4.q3*q3.q3^2*xiw*ufoGC58^2*
      ufoGC90^2
       - g_(1,6_,nu10)*g_(2,6_,nu10)/(d^2 + 2*d)*Deng(q2 + q3,xiw,M3)^4*Deng(
       - p4 + q2 + q3,xiw,M3)^2*DH(p4)*q2.q2^2*q2.q3*d*xiw*ufoGC58^2*ufoGC90^2
       - g_(1,6_,nu10)*g_(2,6_,nu10)/(d^2 + 2*d)*Deng(q2 + q3,xiw,M3)^4*Deng(
       - p4 + q2 + q3,xiw,M3)^2*DH(p4)*q2.q2^2*q2.q3*xiw*ufoGC58^2*ufoGC90^2
       - 2*g_(1,6_,nu10)*g_(2,6_,nu10)/(d^2 + 2*d)*Deng(q2 + q3,xiw,M3)^4*
      Deng( - p4 + q2 + q3,xiw,M3)^2*DH(p4)*q2.q2*q2.q3*q3.q3*d*xiw*ufoGC58^2*
      ufoGC90^2
       - 2*g_(1,6_,nu10)*g_(2,6_,nu10)/(d^2 + 2*d)*Deng(q2 + q3,xiw,M3)^4*
      Deng( - p4 + q2 + q3,xiw,M3)^2*DH(p4)*q2.q2*q2.q3*q3.q3*xiw*ufoGC58^2*
      ufoGC90^2
       - g_(1,6_,nu10)*g_(2,6_,nu10)/(d^2 + 2*d)*Deng(q2 + q3,xiw,M3)^4*Deng(
       - p4 + q2 + q3,xiw,M3)^2*DH(p4)*q2.q3*q3.q3^2*d*xiw*ufoGC58^2*ufoGC90^2
       - g_(1,6_,nu10)*g_(2,6_,nu10)/(d^2 + 2*d)*Deng(q2 + q3,xiw,M3)^4*Deng(
       - p4 + q2 + q3,xiw,M3)^2*DH(p4)*q2.q3*q3.q3^2*xiw*ufoGC58^2*ufoGC90^2
       - 1/4*g_(1,6_,nu10)*g_(2,6_,nu11)*Vec(nu10,q2)*Vec(nu11,q2)*Vec(nu12,
      -p4)*Vec(nu12,q3)*Deng(q2 + q3,xiw,M3)^4*Deng( - p4 + q2 + q3,xiw,M3)^2*
      DH(p4)*q2.q2*xiw*ufoGC58^2*ufoGC90^2
       - 1/4*g_(1,6_,nu10)*g_(2,6_,nu11)*Vec(nu10,q2)*Vec(nu11,q2)*Vec(nu12,
      -p4)*Vec(nu12,q3)*Deng(q2 + q3,xiw,M3)^4*Deng( - p4 + q2 + q3,xiw,M3)^2*
      DH(p4)*q3.q3*xiw*ufoGC58^2*ufoGC90^2
       + 1/4*g_(1,6_,nu10)*g_(2,6_,nu11)*Vec(nu10,q2)*Vec(nu11,q2)*Vec(nu14,
      -p4)*Vec(nu14,q3)*Deng(q2 + q3,xiw,M3)^3*Deng( - p4 + q2 + q3,xiw,M3)^2*
      DH(p4)*xiw*ufoGC58^2*ufoGC90^2
       - 1/4*g_(1,6_,nu10)*g_(2,6_,nu11)*Vec(nu10,q2)*Vec(nu11,q2)*Vec(nu14,
      -p4)*Vec(nu14,q3)*Deng(q2 + q3,xiw,M3)^4*Deng( - p4 + q2 + q3,xiw,M3)^2*
      DH(p4)*q2.q2*xiw*ufoGC58^2*ufoGC90^2
       - 1/4*g_(1,6_,nu10)*g_(2,6_,nu11)*Vec(nu10,q2)*Vec(nu11,q2)*Vec(nu14,
      -p4)*Vec(nu14,q3)*Deng(q2 + q3,xiw,M3)^4*Deng( - p4 + q2 + q3,xiw,M3)^2*
      DH(p4)*q3.q3*xiw*ufoGC58^2*ufoGC90^2
       + 1/4*g_(1,6_,nu10)*g_(2,6_,nu11)*Vec(nu10,q2)*Vec(nu11,q2)*Deng(q2 + 
      q3,xiw,M3)^3*Deng( - p4 + q2 + q3,xiw,M3)^2*DH(p4)*q2.q2*xiw*ufoGC58^2*
      ufoGC90^2
       + 1/4*g_(1,6_,nu10)*g_(2,6_,nu11)*Vec(nu10,q2)*Vec(nu11,q2)*Deng(q2 + 
      q3,xiw,M3)^3*Deng( - p4 + q2 + q3,xiw,M3)^2*DH(p4)*q3.q3*xiw*ufoGC58^2*
      ufoGC90^2
       - 1/4*g_(1,6_,nu10)*g_(2,6_,nu11)*Vec(nu10,q2)*Vec(nu11,q2)*Deng(q2 + 
      q3,xiw,M3)^4*Deng( - p4 + q2 + q3,xiw,M3)^2*DH(p4)*q2.q2^2*xiw*ufoGC58^2
      *ufoGC90^2
       - 1/2*g_(1,6_,nu10)*g_(2,6_,nu11)*Vec(nu10,q2)*Vec(nu11,q2)*Deng(q2 + 
      q3,xiw,M3)^4*Deng( - p4 + q2 + q3,xiw,M3)^2*DH(p4)*q2.q2*q3.q3*xiw*
      ufoGC58^2*ufoGC90^2
       - 1/4*g_(1,6_,nu10)*g_(2,6_,nu11)*Vec(nu10,q2)*Vec(nu11,q2)*Deng(q2 + 
      q3,xiw,M3)^4*Deng( - p4 + q2 + q3,xiw,M3)^2*DH(p4)*q3.q3^2*xiw*ufoGC58^2
      *ufoGC90^2
       - 1/4*g_(1,6_,nu10)*g_(2,6_,nu11)*Vec(nu10,q2)*Vec(nu11,q3)*Vec(nu12,
      -p4)*Vec(nu12,q2)*Deng(q2 + q3,xiw,M3)^4*Deng( - p4 + q2 + q3,xiw,M3)^2*
      DH(p4)*q2.q2*xiw*ufoGC58^2*ufoGC90^2
       - 1/4*g_(1,6_,nu10)*g_(2,6_,nu11)*Vec(nu10,q2)*Vec(nu11,q3)*Vec(nu12,
      -p4)*Vec(nu12,q2)*Deng(q2 + q3,xiw,M3)^4*Deng( - p4 + q2 + q3,xiw,M3)^2*
      DH(p4)*q3.q3*xiw*ufoGC58^2*ufoGC90^2
       - 1/4*g_(1,6_,nu10)*g_(2,6_,nu11)*Vec(nu10,q2)*Vec(nu11,q3)*Vec(nu12,
      -p4)*Vec(nu12,q3)*Deng(q2 + q3,xiw,M3)^4*Deng( - p4 + q2 + q3,xiw,M3)^2*
      DH(p4)*q2.q2*xiw*ufoGC58^2*ufoGC90^2
       - 1/4*g_(1,6_,nu10)*g_(2,6_,nu11)*Vec(nu10,q2)*Vec(nu11,q3)*Vec(nu12,
      -p4)*Vec(nu12,q3)*Deng(q2 + q3,xiw,M3)^4*Deng( - p4 + q2 + q3,xiw,M3)^2*
      DH(p4)*q3.q3*xiw*ufoGC58^2*ufoGC90^2
       + 1/4*g_(1,6_,nu10)*g_(2,6_,nu11)*Vec(nu10,q2)*Vec(nu11,q3)*Vec(nu14,
      -p4)*Vec(nu14,q2)*Deng(q2 + q3,xiw,M3)^3*Deng( - p4 + q2 + q3,xiw,M3)^2*
      DH(p4)*xiw*ufoGC58^2*ufoGC90^2
       - 1/4*g_(1,6_,nu10)*g_(2,6_,nu11)*Vec(nu10,q2)*Vec(nu11,q3)*Vec(nu14,
      -p4)*Vec(nu14,q2)*Deng(q2 + q3,xiw,M3)^4*Deng( - p4 + q2 + q3,xiw,M3)^2*
      DH(p4)*q2.q2*xiw*ufoGC58^2*ufoGC90^2
       - 1/4*g_(1,6_,nu10)*g_(2,6_,nu11)*Vec(nu10,q2)*Vec(nu11,q3)*Vec(nu14,
      -p4)*Vec(nu14,q2)*Deng(q2 + q3,xiw,M3)^4*Deng( - p4 + q2 + q3,xiw,M3)^2*
      DH(p4)*q3.q3*xiw*ufoGC58^2*ufoGC90^2
       + 1/4*g_(1,6_,nu10)*g_(2,6_,nu11)*Vec(nu10,q2)*Vec(nu11,q3)*Vec(nu14,
      -p4)*Vec(nu14,q3)*Deng(q2 + q3,xiw,M3)^3*Deng( - p4 + q2 + q3,xiw,M3)^2*
      DH(p4)*xiw*ufoGC58^2*ufoGC90^2
       - 1/4*g_(1,6_,nu10)*g_(2,6_,nu11)*Vec(nu10,q2)*Vec(nu11,q3)*Vec(nu14,
      -p4)*Vec(nu14,q3)*Deng(q2 + q3,xiw,M3)^4*Deng( - p4 + q2 + q3,xiw,M3)^2*
      DH(p4)*q2.q2*xiw*ufoGC58^2*ufoGC90^2
       - 1/4*g_(1,6_,nu10)*g_(2,6_,nu11)*Vec(nu10,q2)*Vec(nu11,q3)*Vec(nu14,
      -p4)*Vec(nu14,q3)*Deng(q2 + q3,xiw,M3)^4*Deng( - p4 + q2 + q3,xiw,M3)^2*
      DH(p4)*q3.q3*xiw*ufoGC58^2*ufoGC90^2
       + 1/4*g_(1,6_,nu10)*g_(2,6_,nu11)*Vec(nu10,q2)*Vec(nu11,q3)*Deng(q2 + 
      q3,xiw,M3)^3*Deng( - p4 + q2 + q3,xiw,M3)^2*DH(p4)*q2.q2*xiw*ufoGC58^2*
      ufoGC90^2
       + 1/4*g_(1,6_,nu10)*g_(2,6_,nu11)*Vec(nu10,q2)*Vec(nu11,q3)*Deng(q2 + 
      q3,xiw,M3)^3*Deng( - p4 + q2 + q3,xiw,M3)^2*DH(p4)*q3.q3*xiw*ufoGC58^2*
      ufoGC90^2
       - 1/4*g_(1,6_,nu10)*g_(2,6_,nu11)*Vec(nu10,q2)*Vec(nu11,q3)*Deng(q2 + 
      q3,xiw,M3)^4*Deng( - p4 + q2 + q3,xiw,M3)^2*DH(p4)*q2.q2^2*xiw*ufoGC58^2
      *ufoGC90^2
       - 1/2*g_(1,6_,nu10)*g_(2,6_,nu11)*Vec(nu10,q2)*Vec(nu11,q3)*Deng(q2 + 
      q3,xiw,M3)^4*Deng( - p4 + q2 + q3,xiw,M3)^2*DH(p4)*q2.q2*q3.q3*xiw*
      ufoGC58^2*ufoGC90^2
       - 1/4*g_(1,6_,nu10)*g_(2,6_,nu11)*Vec(nu10,q2)*Vec(nu11,q3)*Deng(q2 + 
      q3,xiw,M3)^4*Deng( - p4 + q2 + q3,xiw,M3)^2*DH(p4)*q3.q3^2*xiw*ufoGC58^2
      *ufoGC90^2
       + 1/2*g_(1,6_,nu10)*g_(2,6_,nu11)*Vec(nu10,q2)*Vec(nu11,-p4)*Vec(nu14,
      q2)*Vec(nu14,q3)*Deng(q2 + q3,xiw,M3)^3*Deng( - p4 + q2 + q3,xiw,M3)^2*
      DH(p4)*xiw*ufoGC58^2*ufoGC90^2
       + 1/4*g_(1,6_,nu10)*g_(2,6_,nu11)*Vec(nu10,q2)*Vec(nu11,-p4)*Vec(nu14,
      -p4)*Vec(nu14,q3)*Deng(q2 + q3,xiw,M3)^3*Deng( - p4 + q2 + q3,xiw,M3)^2*
      DH(p4)*xiw*ufoGC58^2*ufoGC90^2
       + 1/4*g_(1,6_,nu10)*g_(2,6_,nu11)*Vec(nu10,q2)*Vec(nu11,-p4)*Deng(q2 + 
      q3,xiw,M3)^3*Deng( - p4 + q2 + q3,xiw,M3)^2*DH(p4)*q2.q2*xiw*ufoGC58^2*
      ufoGC90^2
       + 1/4*g_(1,6_,nu10)*g_(2,6_,nu11)*Vec(nu10,q2)*Vec(nu11,-p4)*Deng(q2 + 
      q3,xiw,M3)^3*Deng( - p4 + q2 + q3,xiw,M3)^2*DH(p4)*q3.q3*xiw*ufoGC58^2*
      ufoGC90^2
       - 1/4*g_(1,6_,nu10)*g_(2,6_,nu11)*Vec(nu10,q3)*Vec(nu11,q2)*Vec(nu12,
      -p4)*Vec(nu12,q2)*Deng(q2 + q3,xiw,M3)^4*Deng( - p4 + q2 + q3,xiw,M3)^2*
      DH(p4)*q2.q2*xiw*ufoGC58^2*ufoGC90^2
       - 1/4*g_(1,6_,nu10)*g_(2,6_,nu11)*Vec(nu10,q3)*Vec(nu11,q2)*Vec(nu12,
      -p4)*Vec(nu12,q2)*Deng(q2 + q3,xiw,M3)^4*Deng( - p4 + q2 + q3,xiw,M3)^2*
      DH(p4)*q3.q3*xiw*ufoGC58^2*ufoGC90^2
       - 1/4*g_(1,6_,nu10)*g_(2,6_,nu11)*Vec(nu10,q3)*Vec(nu11,q2)*Vec(nu12,
      -p4)*Vec(nu12,q3)*Deng(q2 + q3,xiw,M3)^4*Deng( - p4 + q2 + q3,xiw,M3)^2*
      DH(p4)*q2.q2*xiw*ufoGC58^2*ufoGC90^2
       - 1/4*g_(1,6_,nu10)*g_(2,6_,nu11)*Vec(nu10,q3)*Vec(nu11,q2)*Vec(nu12,
      -p4)*Vec(nu12,q3)*Deng(q2 + q3,xiw,M3)^4*Deng( - p4 + q2 + q3,xiw,M3)^2*
      DH(p4)*q3.q3*xiw*ufoGC58^2*ufoGC90^2
       + 1/4*g_(1,6_,nu10)*g_(2,6_,nu11)*Vec(nu10,q3)*Vec(nu11,q2)*Vec(nu14,
      -p4)*Vec(nu14,q2)*Deng(q2 + q3,xiw,M3)^3*Deng( - p4 + q2 + q3,xiw,M3)^2*
      DH(p4)*xiw*ufoGC58^2*ufoGC90^2
       - 1/4*g_(1,6_,nu10)*g_(2,6_,nu11)*Vec(nu10,q3)*Vec(nu11,q2)*Vec(nu14,
      -p4)*Vec(nu14,q2)*Deng(q2 + q3,xiw,M3)^4*Deng( - p4 + q2 + q3,xiw,M3)^2*
      DH(p4)*q2.q2*xiw*ufoGC58^2*ufoGC90^2
       - 1/4*g_(1,6_,nu10)*g_(2,6_,nu11)*Vec(nu10,q3)*Vec(nu11,q2)*Vec(nu14,
      -p4)*Vec(nu14,q2)*Deng(q2 + q3,xiw,M3)^4*Deng( - p4 + q2 + q3,xiw,M3)^2*
      DH(p4)*q3.q3*xiw*ufoGC58^2*ufoGC90^2
       + 1/4*g_(1,6_,nu10)*g_(2,6_,nu11)*Vec(nu10,q3)*Vec(nu11,q2)*Vec(nu14,
      -p4)*Vec(nu14,q3)*Deng(q2 + q3,xiw,M3)^3*Deng( - p4 + q2 + q3,xiw,M3)^2*
      DH(p4)*xiw*ufoGC58^2*ufoGC90^2
       - 1/4*g_(1,6_,nu10)*g_(2,6_,nu11)*Vec(nu10,q3)*Vec(nu11,q2)*Vec(nu14,
      -p4)*Vec(nu14,q3)*Deng(q2 + q3,xiw,M3)^4*Deng( - p4 + q2 + q3,xiw,M3)^2*
      DH(p4)*q2.q2*xiw*ufoGC58^2*ufoGC90^2
       - 1/4*g_(1,6_,nu10)*g_(2,6_,nu11)*Vec(nu10,q3)*Vec(nu11,q2)*Vec(nu14,
      -p4)*Vec(nu14,q3)*Deng(q2 + q3,xiw,M3)^4*Deng( - p4 + q2 + q3,xiw,M3)^2*
      DH(p4)*q3.q3*xiw*ufoGC58^2*ufoGC90^2
       + 1/4*g_(1,6_,nu10)*g_(2,6_,nu11)*Vec(nu10,q3)*Vec(nu11,q2)*Deng(q2 + 
      q3,xiw,M3)^3*Deng( - p4 + q2 + q3,xiw,M3)^2*DH(p4)*q2.q2*xiw*ufoGC58^2*
      ufoGC90^2
       + 1/4*g_(1,6_,nu10)*g_(2,6_,nu11)*Vec(nu10,q3)*Vec(nu11,q2)*Deng(q2 + 
      q3,xiw,M3)^3*Deng( - p4 + q2 + q3,xiw,M3)^2*DH(p4)*q3.q3*xiw*ufoGC58^2*
      ufoGC90^2
       - 1/4*g_(1,6_,nu10)*g_(2,6_,nu11)*Vec(nu10,q3)*Vec(nu11,q2)*Deng(q2 + 
      q3,xiw,M3)^4*Deng( - p4 + q2 + q3,xiw,M3)^2*DH(p4)*q2.q2^2*xiw*ufoGC58^2
      *ufoGC90^2
       - 1/2*g_(1,6_,nu10)*g_(2,6_,nu11)*Vec(nu10,q3)*Vec(nu11,q2)*Deng(q2 + 
      q3,xiw,M3)^4*Deng( - p4 + q2 + q3,xiw,M3)^2*DH(p4)*q2.q2*q3.q3*xiw*
      ufoGC58^2*ufoGC90^2
       - 1/4*g_(1,6_,nu10)*g_(2,6_,nu11)*Vec(nu10,q3)*Vec(nu11,q2)*Deng(q2 + 
      q3,xiw,M3)^4*Deng( - p4 + q2 + q3,xiw,M3)^2*DH(p4)*q3.q3^2*xiw*ufoGC58^2
      *ufoGC90^2
       - 1/4*g_(1,6_,nu10)*g_(2,6_,nu11)*Vec(nu10,q3)*Vec(nu11,q3)*Vec(nu12,
      -p4)*Vec(nu12,q2)*Deng(q2 + q3,xiw,M3)^4*Deng( - p4 + q2 + q3,xiw,M3)^2*
      DH(p4)*q2.q2*xiw*ufoGC58^2*ufoGC90^2
       - 1/4*g_(1,6_,nu10)*g_(2,6_,nu11)*Vec(nu10,q3)*Vec(nu11,q3)*Vec(nu12,
      -p4)*Vec(nu12,q2)*Deng(q2 + q3,xiw,M3)^4*Deng( - p4 + q2 + q3,xiw,M3)^2*
      DH(p4)*q3.q3*xiw*ufoGC58^2*ufoGC90^2
       + 1/4*g_(1,6_,nu10)*g_(2,6_,nu11)*Vec(nu10,q3)*Vec(nu11,q3)*Vec(nu14,
      -p4)*Vec(nu14,q2)*Deng(q2 + q3,xiw,M3)^3*Deng( - p4 + q2 + q3,xiw,M3)^2*
      DH(p4)*xiw*ufoGC58^2*ufoGC90^2
       - 1/4*g_(1,6_,nu10)*g_(2,6_,nu11)*Vec(nu10,q3)*Vec(nu11,q3)*Vec(nu14,
      -p4)*Vec(nu14,q2)*Deng(q2 + q3,xiw,M3)^4*Deng( - p4 + q2 + q3,xiw,M3)^2*
      DH(p4)*q2.q2*xiw*ufoGC58^2*ufoGC90^2
       - 1/4*g_(1,6_,nu10)*g_(2,6_,nu11)*Vec(nu10,q3)*Vec(nu11,q3)*Vec(nu14,
      -p4)*Vec(nu14,q2)*Deng(q2 + q3,xiw,M3)^4*Deng( - p4 + q2 + q3,xiw,M3)^2*
      DH(p4)*q3.q3*xiw*ufoGC58^2*ufoGC90^2
       + 1/4*g_(1,6_,nu10)*g_(2,6_,nu11)*Vec(nu10,q3)*Vec(nu11,q3)*Deng(q2 + 
      q3,xiw,M3)^3*Deng( - p4 + q2 + q3,xiw,M3)^2*DH(p4)*q2.q2*xiw*ufoGC58^2*
      ufoGC90^2
       + 1/4*g_(1,6_,nu10)*g_(2,6_,nu11)*Vec(nu10,q3)*Vec(nu11,q3)*Deng(q2 + 
      q3,xiw,M3)^3*Deng( - p4 + q2 + q3,xiw,M3)^2*DH(p4)*q3.q3*xiw*ufoGC58^2*
      ufoGC90^2
       - 1/4*g_(1,6_,nu10)*g_(2,6_,nu11)*Vec(nu10,q3)*Vec(nu11,q3)*Deng(q2 + 
      q3,xiw,M3)^4*Deng( - p4 + q2 + q3,xiw,M3)^2*DH(p4)*q2.q2^2*xiw*ufoGC58^2
      *ufoGC90^2
       - 1/2*g_(1,6_,nu10)*g_(2,6_,nu11)*Vec(nu10,q3)*Vec(nu11,q3)*Deng(q2 + 
      q3,xiw,M3)^4*Deng( - p4 + q2 + q3,xiw,M3)^2*DH(p4)*q2.q2*q3.q3*xiw*
      ufoGC58^2*ufoGC90^2
       - 1/4*g_(1,6_,nu10)*g_(2,6_,nu11)*Vec(nu10,q3)*Vec(nu11,q3)*Deng(q2 + 
      q3,xiw,M3)^4*Deng( - p4 + q2 + q3,xiw,M3)^2*DH(p4)*q3.q3^2*xiw*ufoGC58^2
      *ufoGC90^2
       + 1/2*g_(1,6_,nu10)*g_(2,6_,nu11)*Vec(nu10,q3)*Vec(nu11,-p4)*Vec(nu14,
      q2)*Vec(nu14,q3)*Deng(q2 + q3,xiw,M3)^3*Deng( - p4 + q2 + q3,xiw,M3)^2*
      DH(p4)*xiw*ufoGC58^2*ufoGC90^2
       + 1/4*g_(1,6_,nu10)*g_(2,6_,nu11)*Vec(nu10,q3)*Vec(nu11,-p4)*Vec(nu14,
      -p4)*Vec(nu14,q2)*Deng(q2 + q3,xiw,M3)^3*Deng( - p4 + q2 + q3,xiw,M3)^2*
      DH(p4)*xiw*ufoGC58^2*ufoGC90^2
       + 1/4*g_(1,6_,nu10)*g_(2,6_,nu11)*Vec(nu10,q3)*Vec(nu11,-p4)*Deng(q2 + 
      q3,xiw,M3)^3*Deng( - p4 + q2 + q3,xiw,M3)^2*DH(p4)*q2.q2*xiw*ufoGC58^2*
      ufoGC90^2
       + 1/4*g_(1,6_,nu10)*g_(2,6_,nu11)*Vec(nu10,q3)*Vec(nu11,-p4)*Deng(q2 + 
      q3,xiw,M3)^3*Deng( - p4 + q2 + q3,xiw,M3)^2*DH(p4)*q3.q3*xiw*ufoGC58^2*
      ufoGC90^2
       + 1/4*g_(1,6_,nu10)*g_(2,6_,nu14)/(d^3 + d^2 - 2*d)*Vec(nu10,q2)*Vec(
      nu14,q3)*Deng(q2 + q3,xiw,M3)^4*Deng( - p4 + q2 + q3,xiw,M3)^2*DH(p4)*
      p4.p4*q3.q3*d*xiw*ufoGC58^2*ufoGC90^2
       + 1/4*g_(1,6_,nu10)*g_(2,6_,nu14)/(d^3 + d^2 - 2*d)*Vec(nu10,q2)*Vec(
      nu14,q3)*Deng(q2 + q3,xiw,M3)^4*Deng( - p4 + q2 + q3,xiw,M3)^2*DH(p4)*
      p4.p4*q3.q3*xiw*ufoGC58^2*ufoGC90^2
       - 1/4*g_(1,6_,nu10)*g_(2,6_,nu14)/(d^3 + d^2 - 2*d)*Vec(nu10,q2)*Vec(
      nu14,q3)*Deng(q2 + q3,xiw,M3)^4*Deng( - p4 + q2 + q3,xiw,M3)^2*DH(p4)*
      p4.q3^2*d^2*xiw*ufoGC58^2*ufoGC90^2
       - 1/4*g_(1,6_,nu10)*g_(2,6_,nu14)/(d^3 + d^2 - 2*d)*Vec(nu10,q2)*Vec(
      nu14,q3)*Deng(q2 + q3,xiw,M3)^4*Deng( - p4 + q2 + q3,xiw,M3)^2*DH(p4)*
      p4.q3^2*d*xiw*ufoGC58^2*ufoGC90^2
       + 1/4*g_(1,6_,nu10)*g_(2,6_,nu14)/(d^3 + d^2 - 2*d)*Vec(nu10,q3)*Vec(
      nu14,q2)*Deng(q2 + q3,xiw,M3)^4*Deng( - p4 + q2 + q3,xiw,M3)^2*DH(p4)*
      p4.p4*q2.q2*d*xiw*ufoGC58^2*ufoGC90^2
       + 1/4*g_(1,6_,nu10)*g_(2,6_,nu14)/(d^3 + d^2 - 2*d)*Vec(nu10,q3)*Vec(
      nu14,q2)*Deng(q2 + q3,xiw,M3)^4*Deng( - p4 + q2 + q3,xiw,M3)^2*DH(p4)*
      p4.p4*q2.q2*xiw*ufoGC58^2*ufoGC90^2
       - 1/4*g_(1,6_,nu10)*g_(2,6_,nu14)/(d^3 + d^2 - 2*d)*Vec(nu10,q3)*Vec(
      nu14,q2)*Deng(q2 + q3,xiw,M3)^4*Deng( - p4 + q2 + q3,xiw,M3)^2*DH(p4)*
      p4.q2^2*d^2*xiw*ufoGC58^2*ufoGC90^2
       - 1/4*g_(1,6_,nu10)*g_(2,6_,nu14)/(d^3 + d^2 - 2*d)*Vec(nu10,q3)*Vec(
      nu14,q2)*Deng(q2 + q3,xiw,M3)^4*Deng( - p4 + q2 + q3,xiw,M3)^2*DH(p4)*
      p4.q2^2*d*xiw*ufoGC58^2*ufoGC90^2
       + 1/2*g_(1,6_,nu11)*g_(2,6_,nu11)/(d^3 + d^2 - 2*d)*Vec(nu12,-p4)*Vec(
      nu12,q2)*Deng(q2 + q3,xiw,M3)^4*Deng( - p4 + q2 + q3,xiw,M3)^2*DH(p4)*
      q2.q2*q3.q3*xiw*ufoGC58^2*ufoGC90^2
       - 1/2*g_(1,6_,nu11)*g_(2,6_,nu11)/(d^3 + d^2 - 2*d)*Vec(nu12,-p4)*Vec(
      nu12,q2)*Deng(q2 + q3,xiw,M3)^4*Deng( - p4 + q2 + q3,xiw,M3)^2*DH(p4)*
      q2.q3^2*d*xiw*ufoGC58^2*ufoGC90^2
       + 1/2*g_(1,6_,nu11)*g_(2,6_,nu11)/(d^3 + d^2 - 2*d)*Vec(nu12,-p4)*Vec(
      nu12,q3)*Deng(q2 + q3,xiw,M3)^4*Deng( - p4 + q2 + q3,xiw,M3)^2*DH(p4)*
      q2.q2*q3.q3*xiw*ufoGC58^2*ufoGC90^2
       - 1/2*g_(1,6_,nu11)*g_(2,6_,nu11)/(d^3 + d^2 - 2*d)*Vec(nu12,-p4)*Vec(
      nu12,q3)*Deng(q2 + q3,xiw,M3)^4*Deng( - p4 + q2 + q3,xiw,M3)^2*DH(p4)*
      q2.q3^2*d*xiw*ufoGC58^2*ufoGC90^2
       + 1/2*g_(1,6_,nu11)*g_(2,6_,nu11)/(d^3 + d^2 - 2*d)*Vec(nu12,-p4)^2*
      Deng(q2 + q3,xiw,M3)^4*Deng( - p4 + q2 + q3,xiw,M3)^2*DH(p4)*q2.q2*q3.q3
      *xiw*ufoGC58^2*ufoGC90^2
       - 1/2*g_(1,6_,nu11)*g_(2,6_,nu11)/(d^3 + d^2 - 2*d)*Vec(nu12,-p4)^2*
      Deng(q2 + q3,xiw,M3)^4*Deng( - p4 + q2 + q3,xiw,M3)^2*DH(p4)*q2.q3^2*d*
      xiw*ufoGC58^2*ufoGC90^2
       + 2*g_(1,6_,nu11)*g_(2,6_,nu11)/(d^3 + d^2 - 2*d)*Vec(nu14,q2)*Vec(nu14
      ,q3)*Deng(q2 + q3,xiw,M3)^4*Deng( - p4 + q2 + q3,xiw,M3)^2*DH(p4)*q2.q2*
      q3.q3*d*xiw*ufoGC58^2*ufoGC90^2
       + 2*g_(1,6_,nu11)*g_(2,6_,nu11)/(d^3 + d^2 - 2*d)*Vec(nu14,q2)*Vec(nu14
      ,q3)*Deng(q2 + q3,xiw,M3)^4*Deng( - p4 + q2 + q3,xiw,M3)^2*DH(p4)*q2.q2*
      q3.q3*xiw*ufoGC58^2*ufoGC90^2
       - 2*g_(1,6_,nu11)*g_(2,6_,nu11)/(d^3 + d^2 - 2*d)*Vec(nu14,q2)*Vec(nu14
      ,q3)*Deng(q2 + q3,xiw,M3)^4*Deng( - p4 + q2 + q3,xiw,M3)^2*DH(p4)*
      q2.q3^2*d^2*xiw*ufoGC58^2*ufoGC90^2
       - 2*g_(1,6_,nu11)*g_(2,6_,nu11)/(d^3 + d^2 - 2*d)*Vec(nu14,q2)*Vec(nu14
      ,q3)*Deng(q2 + q3,xiw,M3)^4*Deng( - p4 + q2 + q3,xiw,M3)^2*DH(p4)*
      q2.q3^2*d*xiw*ufoGC58^2*ufoGC90^2
       + g_(1,6_,nu11)*g_(2,6_,nu11)/(d^3 + d^2 - 2*d)*Vec(nu14,-p4)*Vec(nu14,
      q2)*Deng(q2 + q3,xiw,M3)^4*Deng( - p4 + q2 + q3,xiw,M3)^2*DH(p4)*q2.q2*
      q3.q3*d*xiw*ufoGC58^2*ufoGC90^2
       + 3/2*g_(1,6_,nu11)*g_(2,6_,nu11)/(d^3 + d^2 - 2*d)*Vec(nu14,-p4)*Vec(
      nu14,q2)*Deng(q2 + q3,xiw,M3)^4*Deng( - p4 + q2 + q3,xiw,M3)^2*DH(p4)*
      q2.q2*q3.q3*xiw*ufoGC58^2*ufoGC90^2
       - g_(1,6_,nu11)*g_(2,6_,nu11)/(d^3 + d^2 - 2*d)*Vec(nu14,-p4)*Vec(nu14,
      q2)*Deng(q2 + q3,xiw,M3)^4*Deng( - p4 + q2 + q3,xiw,M3)^2*DH(p4)*q2.q3^2
      *d^2*xiw*ufoGC58^2*ufoGC90^2
       - 3/2*g_(1,6_,nu11)*g_(2,6_,nu11)/(d^3 + d^2 - 2*d)*Vec(nu14,-p4)*Vec(
      nu14,q2)*Deng(q2 + q3,xiw,M3)^4*Deng( - p4 + q2 + q3,xiw,M3)^2*DH(p4)*
      q2.q3^2*d*xiw*ufoGC58^2*ufoGC90^2
       + g_(1,6_,nu11)*g_(2,6_,nu11)/(d^3 + d^2 - 2*d)*Vec(nu14,-p4)*Vec(nu14,
      q3)*Deng(q2 + q3,xiw,M3)^4*Deng( - p4 + q2 + q3,xiw,M3)^2*DH(p4)*q2.q2*
      q3.q3*d*xiw*ufoGC58^2*ufoGC90^2
       + 3/2*g_(1,6_,nu11)*g_(2,6_,nu11)/(d^3 + d^2 - 2*d)*Vec(nu14,-p4)*Vec(
      nu14,q3)*Deng(q2 + q3,xiw,M3)^4*Deng( - p4 + q2 + q3,xiw,M3)^2*DH(p4)*
      q2.q2*q3.q3*xiw*ufoGC58^2*ufoGC90^2
       - g_(1,6_,nu11)*g_(2,6_,nu11)/(d^3 + d^2 - 2*d)*Vec(nu14,-p4)*Vec(nu14,
      q3)*Deng(q2 + q3,xiw,M3)^4*Deng( - p4 + q2 + q3,xiw,M3)^2*DH(p4)*q2.q3^2
      *d^2*xiw*ufoGC58^2*ufoGC90^2
       - 3/2*g_(1,6_,nu11)*g_(2,6_,nu11)/(d^3 + d^2 - 2*d)*Vec(nu14,-p4)*Vec(
      nu14,q3)*Deng(q2 + q3,xiw,M3)^4*Deng( - p4 + q2 + q3,xiw,M3)^2*DH(p4)*
      q2.q3^2*d*xiw*ufoGC58^2*ufoGC90^2
       + 1/2*g_(1,6_,nu11)*g_(2,6_,nu11)/(d^3 + d^2 - 2*d)*Vec(nu14,-p4)^2*
      Deng(q2 + q3,xiw,M3)^4*Deng( - p4 + q2 + q3,xiw,M3)^2*DH(p4)*q2.q2*q3.q3
      *xiw*ufoGC58^2*ufoGC90^2
       - 1/2*g_(1,6_,nu11)*g_(2,6_,nu11)/(d^3 + d^2 - 2*d)*Vec(nu14,-p4)^2*
      Deng(q2 + q3,xiw,M3)^4*Deng( - p4 + q2 + q3,xiw,M3)^2*DH(p4)*q2.q3^2*d*
      xiw*ufoGC58^2*ufoGC90^2
       - 1/4*g_(1,6_,nu11)*g_(2,6_,nu11)/(d^3 + d^2 - 2*d)*Deng(q2 + q3,xiw,M3
      )^3*Deng( - p4 + q2 + q3,xiw,M3)^2*DH(p4)*p4.p4*q2.q2*d*xiw*ufoGC58^2*
      ufoGC90^2
       - 1/4*g_(1,6_,nu11)*g_(2,6_,nu11)/(d^3 + d^2 - 2*d)*Deng(q2 + q3,xiw,M3
      )^3*Deng( - p4 + q2 + q3,xiw,M3)^2*DH(p4)*p4.p4*q2.q2*xiw*ufoGC58^2*
      ufoGC90^2
       - 1/4*g_(1,6_,nu11)*g_(2,6_,nu11)/(d^3 + d^2 - 2*d)*Deng(q2 + q3,xiw,M3
      )^3*Deng( - p4 + q2 + q3,xiw,M3)^2*DH(p4)*p4.p4*q3.q3*d*xiw*ufoGC58^2*
      ufoGC90^2
       - 1/4*g_(1,6_,nu11)*g_(2,6_,nu11)/(d^3 + d^2 - 2*d)*Deng(q2 + q3,xiw,M3
      )^3*Deng( - p4 + q2 + q3,xiw,M3)^2*DH(p4)*p4.p4*q3.q3*xiw*ufoGC58^2*
      ufoGC90^2
       + 1/4*g_(1,6_,nu11)*g_(2,6_,nu11)/(d^3 + d^2 - 2*d)*Deng(q2 + q3,xiw,M3
      )^3*Deng( - p4 + q2 + q3,xiw,M3)^2*DH(p4)*p4.q2^2*d^2*xiw*ufoGC58^2*
      ufoGC90^2
       + 1/4*g_(1,6_,nu11)*g_(2,6_,nu11)/(d^3 + d^2 - 2*d)*Deng(q2 + q3,xiw,M3
      )^3*Deng( - p4 + q2 + q3,xiw,M3)^2*DH(p4)*p4.q2^2*d*xiw*ufoGC58^2*
      ufoGC90^2
       + 1/4*g_(1,6_,nu11)*g_(2,6_,nu11)/(d^3 + d^2 - 2*d)*Deng(q2 + q3,xiw,M3
      )^3*Deng( - p4 + q2 + q3,xiw,M3)^2*DH(p4)*p4.q3^2*d^2*xiw*ufoGC58^2*
      ufoGC90^2
       + 1/4*g_(1,6_,nu11)*g_(2,6_,nu11)/(d^3 + d^2 - 2*d)*Deng(q2 + q3,xiw,M3
      )^3*Deng( - p4 + q2 + q3,xiw,M3)^2*DH(p4)*p4.q3^2*d*xiw*ufoGC58^2*
      ufoGC90^2
       - g_(1,6_,nu11)*g_(2,6_,nu11)/(d^3 + d^2 - 2*d)*Deng(q2 + q3,xiw,M3)^3*
      Deng( - p4 + q2 + q3,xiw,M3)^2*DH(p4)*q2.q2*q3.q3*d*xiw*ufoGC58^2*
      ufoGC90^2
       - g_(1,6_,nu11)*g_(2,6_,nu11)/(d^3 + d^2 - 2*d)*Deng(q2 + q3,xiw,M3)^3*
      Deng( - p4 + q2 + q3,xiw,M3)^2*DH(p4)*q2.q2*q3.q3*xiw*ufoGC58^2*
      ufoGC90^2
       + g_(1,6_,nu11)*g_(2,6_,nu11)/(d^3 + d^2 - 2*d)*Deng(q2 + q3,xiw,M3)^3*
      Deng( - p4 + q2 + q3,xiw,M3)^2*DH(p4)*q2.q3^2*d^2*xiw*ufoGC58^2*
      ufoGC90^2
       + g_(1,6_,nu11)*g_(2,6_,nu11)/(d^3 + d^2 - 2*d)*Deng(q2 + q3,xiw,M3)^3*
      Deng( - p4 + q2 + q3,xiw,M3)^2*DH(p4)*q2.q3^2*d*xiw*ufoGC58^2*ufoGC90^2
       + 2*g_(1,6_,nu11)*g_(2,6_,nu11)/(d^3 + d^2 - 2*d)*Deng(q2 + q3,xiw,M3)^
      4*Deng( - p4 + q2 + q3,xiw,M3)^2*DH(p4)*q2.q2^2*q3.q3*d*xiw*ufoGC58^2*
      ufoGC90^2
       + 2*g_(1,6_,nu11)*g_(2,6_,nu11)/(d^3 + d^2 - 2*d)*Deng(q2 + q3,xiw,M3)^
      4*Deng( - p4 + q2 + q3,xiw,M3)^2*DH(p4)*q2.q2^2*q3.q3*xiw*ufoGC58^2*
      ufoGC90^2
       - 2*g_(1,6_,nu11)*g_(2,6_,nu11)/(d^3 + d^2 - 2*d)*Deng(q2 + q3,xiw,M3)^
      4*Deng( - p4 + q2 + q3,xiw,M3)^2*DH(p4)*q2.q2*q2.q3^2*d^2*xiw*ufoGC58^2*
      ufoGC90^2
       - 2*g_(1,6_,nu11)*g_(2,6_,nu11)/(d^3 + d^2 - 2*d)*Deng(q2 + q3,xiw,M3)^
      4*Deng( - p4 + q2 + q3,xiw,M3)^2*DH(p4)*q2.q2*q2.q3^2*d*xiw*ufoGC58^2*
      ufoGC90^2
       + 2*g_(1,6_,nu11)*g_(2,6_,nu11)/(d^3 + d^2 - 2*d)*Deng(q2 + q3,xiw,M3)^
      4*Deng( - p4 + q2 + q3,xiw,M3)^2*DH(p4)*q2.q2*q3.q3^2*d*xiw*ufoGC58^2*
      ufoGC90^2
       + 2*g_(1,6_,nu11)*g_(2,6_,nu11)/(d^3 + d^2 - 2*d)*Deng(q2 + q3,xiw,M3)^
      4*Deng( - p4 + q2 + q3,xiw,M3)^2*DH(p4)*q2.q2*q3.q3^2*xiw*ufoGC58^2*
      ufoGC90^2
       - 2*g_(1,6_,nu11)*g_(2,6_,nu11)/(d^3 + d^2 - 2*d)*Deng(q2 + q3,xiw,M3)^
      4*Deng( - p4 + q2 + q3,xiw,M3)^2*DH(p4)*q2.q3^2*q3.q3*d^2*xiw*ufoGC58^2*
      ufoGC90^2
       - 2*g_(1,6_,nu11)*g_(2,6_,nu11)/(d^3 + d^2 - 2*d)*Deng(q2 + q3,xiw,M3)^
      4*Deng( - p4 + q2 + q3,xiw,M3)^2*DH(p4)*q2.q3^2*q3.q3*d*xiw*ufoGC58^2*
      ufoGC90^2
       - 1/2*g_(1,6_,nu11)*g_(2,6_,nu11)/(d^2 + 2*d)*Deng(q2 + q3,xiw,M3)^3*
      Deng( - p4 + q2 + q3,xiw,M3)^2*DH(p4)*p4.q2*q2.q2*xiw*ufoGC58^2*
      ufoGC90^2
       - 1/2*g_(1,6_,nu11)*g_(2,6_,nu11)/(d^2 + 2*d)*Deng(q2 + q3,xiw,M3)^3*
      Deng( - p4 + q2 + q3,xiw,M3)^2*DH(p4)*p4.q3*q3.q3*xiw*ufoGC58^2*
      ufoGC90^2
       + g_(1,6_,nu11)*g_(2,6_,nu11)/(d^2 + 2*d)*Deng(q2 + q3,xiw,M3)^3*Deng(
       - p4 + q2 + q3,xiw,M3)^2*DH(p4)*q2.q2*q2.q3*xiw*ufoGC58^2*ufoGC90^2
       + g_(1,6_,nu11)*g_(2,6_,nu11)/(d^2 + 2*d)*Deng(q2 + q3,xiw,M3)^3*Deng(
       - p4 + q2 + q3,xiw,M3)^2*DH(p4)*q2.q3*q3.q3*xiw*ufoGC58^2*ufoGC90^2
       + 1/2*g_(1,6_,nu11)*g_(2,6_,nu11)/(d^2 + 2*d)*Deng(q2 + q3,xiw,M3)^4*
      Deng( - p4 + q2 + q3,xiw,M3)^2*DH(p4)*p4.q2*q2.q2^2*xiw*ufoGC58^2*
      ufoGC90^2
       + 1/2*g_(1,6_,nu11)*g_(2,6_,nu11)/(d^2 + 2*d)*Deng(q2 + q3,xiw,M3)^4*
      Deng( - p4 + q2 + q3,xiw,M3)^2*DH(p4)*p4.q2*q2.q2*q3.q3*xiw*ufoGC58^2*
      ufoGC90^2
       + 1/2*g_(1,6_,nu11)*g_(2,6_,nu11)/(d^2 + 2*d)*Deng(q2 + q3,xiw,M3)^4*
      Deng( - p4 + q2 + q3,xiw,M3)^2*DH(p4)*p4.q3*q2.q2*q3.q3*xiw*ufoGC58^2*
      ufoGC90^2
       + 1/2*g_(1,6_,nu11)*g_(2,6_,nu11)/(d^2 + 2*d)*Deng(q2 + q3,xiw,M3)^4*
      Deng( - p4 + q2 + q3,xiw,M3)^2*DH(p4)*p4.q3*q3.q3^2*xiw*ufoGC58^2*
      ufoGC90^2
       - g_(1,6_,nu11)*g_(2,6_,nu11)/(d^2 + 2*d)*Deng(q2 + q3,xiw,M3)^4*Deng(
       - p4 + q2 + q3,xiw,M3)^2*DH(p4)*q2.q2^2*q2.q3*xiw*ufoGC58^2*ufoGC90^2
       - 2*g_(1,6_,nu11)*g_(2,6_,nu11)/(d^2 + 2*d)*Deng(q2 + q3,xiw,M3)^4*
      Deng( - p4 + q2 + q3,xiw,M3)^2*DH(p4)*q2.q2*q2.q3*q3.q3*xiw*ufoGC58^2*
      ufoGC90^2
       - g_(1,6_,nu11)*g_(2,6_,nu11)/(d^2 + 2*d)*Deng(q2 + q3,xiw,M3)^4*Deng(
       - p4 + q2 + q3,xiw,M3)^2*DH(p4)*q2.q3*q3.q3^2*xiw*ufoGC58^2*ufoGC90^2
       + 1/2*g_(1,6_,nu12)*g_(2,6_,nu11)/(d^3 + d^2 - 2*d)*Vec(nu11,q2)*Vec(
      nu12,-p4)*Deng(q2 + q3,xiw,M3)^4*Deng( - p4 + q2 + q3,xiw,M3)^2*DH(p4)*
      q2.q2*q3.q3*xiw*ufoGC58^2*ufoGC90^2
       - 1/2*g_(1,6_,nu12)*g_(2,6_,nu11)/(d^3 + d^2 - 2*d)*Vec(nu11,q2)*Vec(
      nu12,-p4)*Deng(q2 + q3,xiw,M3)^4*Deng( - p4 + q2 + q3,xiw,M3)^2*DH(p4)*
      q2.q3^2*d*xiw*ufoGC58^2*ufoGC90^2
       + 1/2*g_(1,6_,nu12)*g_(2,6_,nu11)/(d^3 + d^2 - 2*d)*Vec(nu11,q3)*Vec(
      nu12,-p4)*Deng(q2 + q3,xiw,M3)^4*Deng( - p4 + q2 + q3,xiw,M3)^2*DH(p4)*
      q2.q2*q3.q3*xiw*ufoGC58^2*ufoGC90^2
       - 1/2*g_(1,6_,nu12)*g_(2,6_,nu11)/(d^3 + d^2 - 2*d)*Vec(nu11,q3)*Vec(
      nu12,-p4)*Deng(q2 + q3,xiw,M3)^4*Deng( - p4 + q2 + q3,xiw,M3)^2*DH(p4)*
      q2.q3^2*d*xiw*ufoGC58^2*ufoGC90^2
       + 1/2*g_(1,6_,nu12)*g_(2,6_,nu11)/(d^3 + d^2 - 2*d)*Vec(nu11,-p4)*Vec(
      nu12,-p4)*Deng(q2 + q3,xiw,M3)^4*Deng( - p4 + q2 + q3,xiw,M3)^2*DH(p4)*
      q2.q2*q3.q3*xiw*ufoGC58^2*ufoGC90^2
       - 1/2*g_(1,6_,nu12)*g_(2,6_,nu11)/(d^3 + d^2 - 2*d)*Vec(nu11,-p4)*Vec(
      nu12,-p4)*Deng(q2 + q3,xiw,M3)^4*Deng( - p4 + q2 + q3,xiw,M3)^2*DH(p4)*
      q2.q3^2*d*xiw*ufoGC58^2*ufoGC90^2
       + 1/4*g_(1,6_,nu12)*g_(2,6_,nu14)/(d^3 + d^2 - 2*d)*Vec(nu12,q2)*Vec(
      nu14,q2)*Deng(q2 + q3,xiw,M3)^4*Deng( - p4 + q2 + q3,xiw,M3)^2*DH(p4)*
      p4.p4*q2.q2*xiw*ufoGC58^2*ufoGC90^2
       + 1/4*g_(1,6_,nu12)*g_(2,6_,nu14)/(d^3 + d^2 - 2*d)*Vec(nu12,q2)*Vec(
      nu14,q2)*Deng(q2 + q3,xiw,M3)^4*Deng( - p4 + q2 + q3,xiw,M3)^2*DH(p4)*
      p4.p4*q3.q3*xiw*ufoGC58^2*ufoGC90^2
       - 1/4*g_(1,6_,nu12)*g_(2,6_,nu14)/(d^3 + d^2 - 2*d)*Vec(nu12,q2)*Vec(
      nu14,q2)*Deng(q2 + q3,xiw,M3)^4*Deng( - p4 + q2 + q3,xiw,M3)^2*DH(p4)*
      p4.q2^2*d*xiw*ufoGC58^2*ufoGC90^2
       - 1/4*g_(1,6_,nu12)*g_(2,6_,nu14)/(d^3 + d^2 - 2*d)*Vec(nu12,q2)*Vec(
      nu14,q2)*Deng(q2 + q3,xiw,M3)^4*Deng( - p4 + q2 + q3,xiw,M3)^2*DH(p4)*
      p4.q3^2*d*xiw*ufoGC58^2*ufoGC90^2
       + 1/4*g_(1,6_,nu12)*g_(2,6_,nu14)/(d^3 + d^2 - 2*d)*Vec(nu12,q2)*Vec(
      nu14,q3)*Deng(q2 + q3,xiw,M3)^4*Deng( - p4 + q2 + q3,xiw,M3)^2*DH(p4)*
      p4.p4*q2.q2*xiw*ufoGC58^2*ufoGC90^2
       + 1/4*g_(1,6_,nu12)*g_(2,6_,nu14)/(d^3 + d^2 - 2*d)*Vec(nu12,q2)*Vec(
      nu14,q3)*Deng(q2 + q3,xiw,M3)^4*Deng( - p4 + q2 + q3,xiw,M3)^2*DH(p4)*
      p4.p4*q3.q3*xiw*ufoGC58^2*ufoGC90^2
       - 1/4*g_(1,6_,nu12)*g_(2,6_,nu14)/(d^3 + d^2 - 2*d)*Vec(nu12,q2)*Vec(
      nu14,q3)*Deng(q2 + q3,xiw,M3)^4*Deng( - p4 + q2 + q3,xiw,M3)^2*DH(p4)*
      p4.q2^2*d*xiw*ufoGC58^2*ufoGC90^2
       - 1/4*g_(1,6_,nu12)*g_(2,6_,nu14)/(d^3 + d^2 - 2*d)*Vec(nu12,q2)*Vec(
      nu14,q3)*Deng(q2 + q3,xiw,M3)^4*Deng( - p4 + q2 + q3,xiw,M3)^2*DH(p4)*
      p4.q3^2*d*xiw*ufoGC58^2*ufoGC90^2
       + 1/2*g_(1,6_,nu12)*g_(2,6_,nu14)/(d^3 + d^2 - 2*d)*Vec(nu12,q2)*Vec(
      nu14,-p4)*Deng(q2 + q3,xiw,M3)^4*Deng( - p4 + q2 + q3,xiw,M3)^2*DH(p4)*
      q2.q2*q3.q3*xiw*ufoGC58^2*ufoGC90^2
       - 1/2*g_(1,6_,nu12)*g_(2,6_,nu14)/(d^3 + d^2 - 2*d)*Vec(nu12,q2)*Vec(
      nu14,-p4)*Deng(q2 + q3,xiw,M3)^4*Deng( - p4 + q2 + q3,xiw,M3)^2*DH(p4)*
      q2.q3^2*d*xiw*ufoGC58^2*ufoGC90^2
       - 1/2*g_(1,6_,nu12)*g_(2,6_,nu14)/(d^3 + d^2 - 2*d)*Vec(nu12,q2)*Vec(
      nu14,-p4)*Deng(q2 + q3,xiw,M3)^4*Deng( - p4 + q2 + q3,xiw,M3)^2*DH(p4)*
      q3.q3^2*d*xiw*ufoGC58^2*ufoGC90^2
       + 1/2*g_(1,6_,nu12)*g_(2,6_,nu14)/(d^3 + d^2 - 2*d)*Vec(nu12,q2)*Vec(
      nu14,-p4)*Deng(q2 + q3,xiw,M3)^4*Deng( - p4 + q2 + q3,xiw,M3)^2*DH(p4)*
      q3.q3^2*xiw*ufoGC58^2*ufoGC90^2
       + 1/4*g_(1,6_,nu12)*g_(2,6_,nu14)/(d^3 + d^2 - 2*d)*Vec(nu12,q3)*Vec(
      nu14,q2)*Deng(q2 + q3,xiw,M3)^4*Deng( - p4 + q2 + q3,xiw,M3)^2*DH(p4)*
      p4.p4*q2.q2*xiw*ufoGC58^2*ufoGC90^2
       + 1/4*g_(1,6_,nu12)*g_(2,6_,nu14)/(d^3 + d^2 - 2*d)*Vec(nu12,q3)*Vec(
      nu14,q2)*Deng(q2 + q3,xiw,M3)^4*Deng( - p4 + q2 + q3,xiw,M3)^2*DH(p4)*
      p4.p4*q3.q3*xiw*ufoGC58^2*ufoGC90^2
       - 1/4*g_(1,6_,nu12)*g_(2,6_,nu14)/(d^3 + d^2 - 2*d)*Vec(nu12,q3)*Vec(
      nu14,q2)*Deng(q2 + q3,xiw,M3)^4*Deng( - p4 + q2 + q3,xiw,M3)^2*DH(p4)*
      p4.q2^2*d*xiw*ufoGC58^2*ufoGC90^2
       - 1/4*g_(1,6_,nu12)*g_(2,6_,nu14)/(d^3 + d^2 - 2*d)*Vec(nu12,q3)*Vec(
      nu14,q2)*Deng(q2 + q3,xiw,M3)^4*Deng( - p4 + q2 + q3,xiw,M3)^2*DH(p4)*
      p4.q3^2*d*xiw*ufoGC58^2*ufoGC90^2
       + 1/4*g_(1,6_,nu12)*g_(2,6_,nu14)/(d^3 + d^2 - 2*d)*Vec(nu12,q3)*Vec(
      nu14,q3)*Deng(q2 + q3,xiw,M3)^4*Deng( - p4 + q2 + q3,xiw,M3)^2*DH(p4)*
      p4.p4*q2.q2*xiw*ufoGC58^2*ufoGC90^2
       + 1/4*g_(1,6_,nu12)*g_(2,6_,nu14)/(d^3 + d^2 - 2*d)*Vec(nu12,q3)*Vec(
      nu14,q3)*Deng(q2 + q3,xiw,M3)^4*Deng( - p4 + q2 + q3,xiw,M3)^2*DH(p4)*
      p4.p4*q3.q3*xiw*ufoGC58^2*ufoGC90^2
       - 1/4*g_(1,6_,nu12)*g_(2,6_,nu14)/(d^3 + d^2 - 2*d)*Vec(nu12,q3)*Vec(
      nu14,q3)*Deng(q2 + q3,xiw,M3)^4*Deng( - p4 + q2 + q3,xiw,M3)^2*DH(p4)*
      p4.q2^2*d*xiw*ufoGC58^2*ufoGC90^2
       - 1/4*g_(1,6_,nu12)*g_(2,6_,nu14)/(d^3 + d^2 - 2*d)*Vec(nu12,q3)*Vec(
      nu14,q3)*Deng(q2 + q3,xiw,M3)^4*Deng( - p4 + q2 + q3,xiw,M3)^2*DH(p4)*
      p4.q3^2*d*xiw*ufoGC58^2*ufoGC90^2
       - g_(1,6_,nu12)*g_(2,6_,nu14)/(d^3 + d^2 - 2*d)*Vec(nu12,q3)*Vec(nu14,
      q3)*Deng(q2 + q3,xiw,M3)^4*Deng( - p4 + q2 + q3,xiw,M3)^2*DH(p4)*q2.q2^2
      *d*xiw*ufoGC58^2*ufoGC90^2
       + g_(1,6_,nu12)*g_(2,6_,nu14)/(d^3 + d^2 - 2*d)*Vec(nu12,q3)*Vec(nu14,
      q3)*Deng(q2 + q3,xiw,M3)^4*Deng( - p4 + q2 + q3,xiw,M3)^2*DH(p4)*q2.q2^2
      *xiw*ufoGC58^2*ufoGC90^2
       + g_(1,6_,nu12)*g_(2,6_,nu14)/(d^3 + d^2 - 2*d)*Vec(nu12,q3)*Vec(nu14,
      q3)*Deng(q2 + q3,xiw,M3)^4*Deng( - p4 + q2 + q3,xiw,M3)^2*DH(p4)*q2.q2*
      q3.q3*xiw*ufoGC58^2*ufoGC90^2
       - g_(1,6_,nu12)*g_(2,6_,nu14)/(d^3 + d^2 - 2*d)*Vec(nu12,q3)*Vec(nu14,
      q3)*Deng(q2 + q3,xiw,M3)^4*Deng( - p4 + q2 + q3,xiw,M3)^2*DH(p4)*q2.q3^2
      *d*xiw*ufoGC58^2*ufoGC90^2
       - 1/2*g_(1,6_,nu12)*g_(2,6_,nu14)/(d^3 + d^2 - 2*d)*Vec(nu12,q3)*Vec(
      nu14,-p4)*Deng(q2 + q3,xiw,M3)^4*Deng( - p4 + q2 + q3,xiw,M3)^2*DH(p4)*
      q2.q2^2*d*xiw*ufoGC58^2*ufoGC90^2
       + 1/2*g_(1,6_,nu12)*g_(2,6_,nu14)/(d^3 + d^2 - 2*d)*Vec(nu12,q3)*Vec(
      nu14,-p4)*Deng(q2 + q3,xiw,M3)^4*Deng( - p4 + q2 + q3,xiw,M3)^2*DH(p4)*
      q2.q2^2*xiw*ufoGC58^2*ufoGC90^2
       + 1/2*g_(1,6_,nu12)*g_(2,6_,nu14)/(d^3 + d^2 - 2*d)*Vec(nu12,q3)*Vec(
      nu14,-p4)*Deng(q2 + q3,xiw,M3)^4*Deng( - p4 + q2 + q3,xiw,M3)^2*DH(p4)*
      q2.q2*q3.q3*xiw*ufoGC58^2*ufoGC90^2
       - 1/2*g_(1,6_,nu12)*g_(2,6_,nu14)/(d^3 + d^2 - 2*d)*Vec(nu12,q3)*Vec(
      nu14,-p4)*Deng(q2 + q3,xiw,M3)^4*Deng( - p4 + q2 + q3,xiw,M3)^2*DH(p4)*
      q2.q3^2*d*xiw*ufoGC58^2*ufoGC90^2
       + 1/2*g_(1,6_,nu12)*g_(2,6_,nu14)/(d^3 + d^2 - 2*d)*Vec(nu12,-p4)*Vec(
      nu14,q2)*Deng(q2 + q3,xiw,M3)^4*Deng( - p4 + q2 + q3,xiw,M3)^2*DH(p4)*
      q2.q2*q3.q3*xiw*ufoGC58^2*ufoGC90^2
       - 1/2*g_(1,6_,nu12)*g_(2,6_,nu14)/(d^3 + d^2 - 2*d)*Vec(nu12,-p4)*Vec(
      nu14,q2)*Deng(q2 + q3,xiw,M3)^4*Deng( - p4 + q2 + q3,xiw,M3)^2*DH(p4)*
      q2.q3^2*d*xiw*ufoGC58^2*ufoGC90^2
       - 1/2*g_(1,6_,nu12)*g_(2,6_,nu14)/(d^3 + d^2 - 2*d)*Vec(nu12,-p4)*Vec(
      nu14,q2)*Deng(q2 + q3,xiw,M3)^4*Deng( - p4 + q2 + q3,xiw,M3)^2*DH(p4)*
      q3.q3^2*d*xiw*ufoGC58^2*ufoGC90^2
       + 1/2*g_(1,6_,nu12)*g_(2,6_,nu14)/(d^3 + d^2 - 2*d)*Vec(nu12,-p4)*Vec(
      nu14,q2)*Deng(q2 + q3,xiw,M3)^4*Deng( - p4 + q2 + q3,xiw,M3)^2*DH(p4)*
      q3.q3^2*xiw*ufoGC58^2*ufoGC90^2
       - 1/2*g_(1,6_,nu12)*g_(2,6_,nu14)/(d^3 + d^2 - 2*d)*Vec(nu12,-p4)*Vec(
      nu14,q3)*Deng(q2 + q3,xiw,M3)^4*Deng( - p4 + q2 + q3,xiw,M3)^2*DH(p4)*
      q2.q2^2*d*xiw*ufoGC58^2*ufoGC90^2
       + 1/2*g_(1,6_,nu12)*g_(2,6_,nu14)/(d^3 + d^2 - 2*d)*Vec(nu12,-p4)*Vec(
      nu14,q3)*Deng(q2 + q3,xiw,M3)^4*Deng( - p4 + q2 + q3,xiw,M3)^2*DH(p4)*
      q2.q2^2*xiw*ufoGC58^2*ufoGC90^2
       + 1/2*g_(1,6_,nu12)*g_(2,6_,nu14)/(d^3 + d^2 - 2*d)*Vec(nu12,-p4)*Vec(
      nu14,q3)*Deng(q2 + q3,xiw,M3)^4*Deng( - p4 + q2 + q3,xiw,M3)^2*DH(p4)*
      q2.q2*q3.q3*xiw*ufoGC58^2*ufoGC90^2
       - 1/2*g_(1,6_,nu12)*g_(2,6_,nu14)/(d^3 + d^2 - 2*d)*Vec(nu12,-p4)*Vec(
      nu14,q3)*Deng(q2 + q3,xiw,M3)^4*Deng( - p4 + q2 + q3,xiw,M3)^2*DH(p4)*
      q2.q3^2*d*xiw*ufoGC58^2*ufoGC90^2
       + 1/2*g_(1,6_,nu14)*g_(2,6_,nu11)*Vec(nu11,q2)*Vec(nu12,q2)*Vec(nu12,q3
      )*Vec(nu14,-p4)*Deng(q2 + q3,xiw,M3)^3*Deng( - p4 + q2 + q3,xiw,M3)^2*
      DH(p4)*xiw*ufoGC58^2*ufoGC90^2
       + 1/4*g_(1,6_,nu14)*g_(2,6_,nu11)*Vec(nu11,q2)*Vec(nu12,-p4)*Vec(nu12,
      q2)*Vec(nu14,q3)*Deng(q2 + q3,xiw,M3)^3*Deng( - p4 + q2 + q3,xiw,M3)^2*
      DH(p4)*xiw*ufoGC58^2*ufoGC90^2
       + 1/4*g_(1,6_,nu14)*g_(2,6_,nu11)*Vec(nu11,q2)*Vec(nu12,-p4)*Vec(nu12,
      q3)*Vec(nu14,q2)*Deng(q2 + q3,xiw,M3)^3*Deng( - p4 + q2 + q3,xiw,M3)^2*
      DH(p4)*xiw*ufoGC58^2*ufoGC90^2
       + 1/4*g_(1,6_,nu14)*g_(2,6_,nu11)*Vec(nu11,q2)*Vec(nu12,-p4)*Vec(nu12,
      q3)*Vec(nu14,q3)*Deng(q2 + q3,xiw,M3)^3*Deng( - p4 + q2 + q3,xiw,M3)^2*
      DH(p4)*xiw*ufoGC58^2*ufoGC90^2
       + 1/4*g_(1,6_,nu14)*g_(2,6_,nu11)*Vec(nu11,q2)*Vec(nu12,-p4)*Vec(nu12,
      q3)*Vec(nu14,-p4)*Deng(q2 + q3,xiw,M3)^3*Deng( - p4 + q2 + q3,xiw,M3)^2*
      DH(p4)*xiw*ufoGC58^2*ufoGC90^2
       - 1/4*g_(1,6_,nu14)*g_(2,6_,nu11)*Vec(nu11,q2)*Vec(nu14,q2)*Deng(q2 + 
      q3,xiw,M3)^2*Deng( - p4 + q2 + q3,xiw,M3)^2*DH(p4)*xiw*ufoGC58^2*
      ufoGC90^2
       + 1/4*g_(1,6_,nu14)*g_(2,6_,nu11)*Vec(nu11,q2)*Vec(nu14,q2)*Deng(q2 + 
      q3,xiw,M3)^3*Deng( - p4 + q2 + q3,xiw,M3)^2*DH(p4)*q2.q2*xiw*ufoGC58^2*
      ufoGC90^2
       + 1/4*g_(1,6_,nu14)*g_(2,6_,nu11)*Vec(nu11,q2)*Vec(nu14,q2)*Deng(q2 + 
      q3,xiw,M3)^3*Deng( - p4 + q2 + q3,xiw,M3)^2*DH(p4)*q3.q3*xiw*ufoGC58^2*
      ufoGC90^2
       - 1/4*g_(1,6_,nu14)*g_(2,6_,nu11)*Vec(nu11,q2)*Vec(nu14,q3)*Deng(q2 + 
      q3,xiw,M3)^2*Deng( - p4 + q2 + q3,xiw,M3)^2*DH(p4)*xiw*ufoGC58^2*
      ufoGC90^2
       + 1/4*g_(1,6_,nu14)*g_(2,6_,nu11)*Vec(nu11,q2)*Vec(nu14,q3)*Deng(q2 + 
      q3,xiw,M3)^3*Deng( - p4 + q2 + q3,xiw,M3)^2*DH(p4)*q2.q2*xiw*ufoGC58^2*
      ufoGC90^2
       + 1/4*g_(1,6_,nu14)*g_(2,6_,nu11)*Vec(nu11,q2)*Vec(nu14,q3)*Deng(q2 + 
      q3,xiw,M3)^3*Deng( - p4 + q2 + q3,xiw,M3)^2*DH(p4)*q3.q3*xiw*ufoGC58^2*
      ufoGC90^2
       - 1/4*g_(1,6_,nu14)*g_(2,6_,nu11)*Vec(nu11,q2)*Vec(nu14,-p4)*Deng(q2 + 
      q3,xiw,M3)^2*Deng( - p4 + q2 + q3,xiw,M3)^2*DH(p4)*xiw*ufoGC58^2*
      ufoGC90^2
       + 1/4*g_(1,6_,nu14)*g_(2,6_,nu11)*Vec(nu11,q2)*Vec(nu14,-p4)*Deng(q2 + 
      q3,xiw,M3)^3*Deng( - p4 + q2 + q3,xiw,M3)^2*DH(p4)*q2.q2*xiw*ufoGC58^2*
      ufoGC90^2
       + 1/4*g_(1,6_,nu14)*g_(2,6_,nu11)*Vec(nu11,q2)*Vec(nu14,-p4)*Deng(q2 + 
      q3,xiw,M3)^3*Deng( - p4 + q2 + q3,xiw,M3)^2*DH(p4)*q3.q3*xiw*ufoGC58^2*
      ufoGC90^2
       + 1/2*g_(1,6_,nu14)*g_(2,6_,nu11)*Vec(nu11,q3)*Vec(nu12,q2)*Vec(nu12,q3
      )*Vec(nu14,-p4)*Deng(q2 + q3,xiw,M3)^3*Deng( - p4 + q2 + q3,xiw,M3)^2*
      DH(p4)*xiw*ufoGC58^2*ufoGC90^2
       + 1/4*g_(1,6_,nu14)*g_(2,6_,nu11)*Vec(nu11,q3)*Vec(nu12,-p4)*Vec(nu12,
      q2)*Vec(nu14,q2)*Deng(q2 + q3,xiw,M3)^3*Deng( - p4 + q2 + q3,xiw,M3)^2*
      DH(p4)*xiw*ufoGC58^2*ufoGC90^2
       + 1/4*g_(1,6_,nu14)*g_(2,6_,nu11)*Vec(nu11,q3)*Vec(nu12,-p4)*Vec(nu12,
      q2)*Vec(nu14,q3)*Deng(q2 + q3,xiw,M3)^3*Deng( - p4 + q2 + q3,xiw,M3)^2*
      DH(p4)*xiw*ufoGC58^2*ufoGC90^2
       + 1/4*g_(1,6_,nu14)*g_(2,6_,nu11)*Vec(nu11,q3)*Vec(nu12,-p4)*Vec(nu12,
      q2)*Vec(nu14,-p4)*Deng(q2 + q3,xiw,M3)^3*Deng( - p4 + q2 + q3,xiw,M3)^2*
      DH(p4)*xiw*ufoGC58^2*ufoGC90^2
       + 1/4*g_(1,6_,nu14)*g_(2,6_,nu11)*Vec(nu11,q3)*Vec(nu12,-p4)*Vec(nu12,
      q3)*Vec(nu14,q2)*Deng(q2 + q3,xiw,M3)^3*Deng( - p4 + q2 + q3,xiw,M3)^2*
      DH(p4)*xiw*ufoGC58^2*ufoGC90^2
       - 1/4*g_(1,6_,nu14)*g_(2,6_,nu11)*Vec(nu11,q3)*Vec(nu14,q2)*Deng(q2 + 
      q3,xiw,M3)^2*Deng( - p4 + q2 + q3,xiw,M3)^2*DH(p4)*xiw*ufoGC58^2*
      ufoGC90^2
       + 1/4*g_(1,6_,nu14)*g_(2,6_,nu11)*Vec(nu11,q3)*Vec(nu14,q2)*Deng(q2 + 
      q3,xiw,M3)^3*Deng( - p4 + q2 + q3,xiw,M3)^2*DH(p4)*q2.q2*xiw*ufoGC58^2*
      ufoGC90^2
       + 1/4*g_(1,6_,nu14)*g_(2,6_,nu11)*Vec(nu11,q3)*Vec(nu14,q2)*Deng(q2 + 
      q3,xiw,M3)^3*Deng( - p4 + q2 + q3,xiw,M3)^2*DH(p4)*q3.q3*xiw*ufoGC58^2*
      ufoGC90^2
       - 1/4*g_(1,6_,nu14)*g_(2,6_,nu11)*Vec(nu11,q3)*Vec(nu14,q3)*Deng(q2 + 
      q3,xiw,M3)^2*Deng( - p4 + q2 + q3,xiw,M3)^2*DH(p4)*xiw*ufoGC58^2*
      ufoGC90^2
       + 1/4*g_(1,6_,nu14)*g_(2,6_,nu11)*Vec(nu11,q3)*Vec(nu14,q3)*Deng(q2 + 
      q3,xiw,M3)^3*Deng( - p4 + q2 + q3,xiw,M3)^2*DH(p4)*q2.q2*xiw*ufoGC58^2*
      ufoGC90^2
       + 1/4*g_(1,6_,nu14)*g_(2,6_,nu11)*Vec(nu11,q3)*Vec(nu14,q3)*Deng(q2 + 
      q3,xiw,M3)^3*Deng( - p4 + q2 + q3,xiw,M3)^2*DH(p4)*q3.q3*xiw*ufoGC58^2*
      ufoGC90^2
       - 1/4*g_(1,6_,nu14)*g_(2,6_,nu11)*Vec(nu11,q3)*Vec(nu14,-p4)*Deng(q2 + 
      q3,xiw,M3)^2*Deng( - p4 + q2 + q3,xiw,M3)^2*DH(p4)*xiw*ufoGC58^2*
      ufoGC90^2
       + 1/4*g_(1,6_,nu14)*g_(2,6_,nu11)*Vec(nu11,q3)*Vec(nu14,-p4)*Deng(q2 + 
      q3,xiw,M3)^3*Deng( - p4 + q2 + q3,xiw,M3)^2*DH(p4)*q2.q2*xiw*ufoGC58^2*
      ufoGC90^2
       + 1/4*g_(1,6_,nu14)*g_(2,6_,nu11)*Vec(nu11,q3)*Vec(nu14,-p4)*Deng(q2 + 
      q3,xiw,M3)^3*Deng( - p4 + q2 + q3,xiw,M3)^2*DH(p4)*q3.q3*xiw*ufoGC58^2*
      ufoGC90^2
       - 1/4*g_(1,6_,nu14)*g_(2,6_,nu11)*Vec(nu11,-p4)*Vec(nu14,q2)*Deng(q2 + 
      q3,xiw,M3)^2*Deng( - p4 + q2 + q3,xiw,M3)^2*DH(p4)*xiw*ufoGC58^2*
      ufoGC90^2
       - 1/4*g_(1,6_,nu14)*g_(2,6_,nu11)*Vec(nu11,-p4)*Vec(nu14,q3)*Deng(q2 + 
      q3,xiw,M3)^2*Deng( - p4 + q2 + q3,xiw,M3)^2*DH(p4)*xiw*ufoGC58^2*
      ufoGC90^2
       - 1/4*g_(1,6_,nu14)*g_(2,6_,nu11)*Vec(nu11,-p4)*Vec(nu14,-p4)*Deng(q2
       + q3,xiw,M3)^2*Deng( - p4 + q2 + q3,xiw,M3)^2*DH(p4)*xiw*ufoGC58^2*
      ufoGC90^2
       + 1/4*g_(1,6_,nu14)*g_(2,6_,nu11)/(d^3 + d^2 - 2*d)*Vec(nu11,q2)*Vec(
      nu14,q3)*Deng(q2 + q3,xiw,M3)^4*Deng( - p4 + q2 + q3,xiw,M3)^2*DH(p4)*
      p4.p4*q3.q3*d*xiw*ufoGC58^2*ufoGC90^2
       + 1/4*g_(1,6_,nu14)*g_(2,6_,nu11)/(d^3 + d^2 - 2*d)*Vec(nu11,q2)*Vec(
      nu14,q3)*Deng(q2 + q3,xiw,M3)^4*Deng( - p4 + q2 + q3,xiw,M3)^2*DH(p4)*
      p4.p4*q3.q3*xiw*ufoGC58^2*ufoGC90^2
       - 1/4*g_(1,6_,nu14)*g_(2,6_,nu11)/(d^3 + d^2 - 2*d)*Vec(nu11,q2)*Vec(
      nu14,q3)*Deng(q2 + q3,xiw,M3)^4*Deng( - p4 + q2 + q3,xiw,M3)^2*DH(p4)*
      p4.q3^2*d^2*xiw*ufoGC58^2*ufoGC90^2
       - 1/4*g_(1,6_,nu14)*g_(2,6_,nu11)/(d^3 + d^2 - 2*d)*Vec(nu11,q2)*Vec(
      nu14,q3)*Deng(q2 + q3,xiw,M3)^4*Deng( - p4 + q2 + q3,xiw,M3)^2*DH(p4)*
      p4.q3^2*d*xiw*ufoGC58^2*ufoGC90^2
       + 1/4*g_(1,6_,nu14)*g_(2,6_,nu11)/(d^3 + d^2 - 2*d)*Vec(nu11,q3)*Vec(
      nu14,q2)*Deng(q2 + q3,xiw,M3)^4*Deng( - p4 + q2 + q3,xiw,M3)^2*DH(p4)*
      p4.p4*q2.q2*d*xiw*ufoGC58^2*ufoGC90^2
       + 1/4*g_(1,6_,nu14)*g_(2,6_,nu11)/(d^3 + d^2 - 2*d)*Vec(nu11,q3)*Vec(
      nu14,q2)*Deng(q2 + q3,xiw,M3)^4*Deng( - p4 + q2 + q3,xiw,M3)^2*DH(p4)*
      p4.p4*q2.q2*xiw*ufoGC58^2*ufoGC90^2
       - 1/4*g_(1,6_,nu14)*g_(2,6_,nu11)/(d^3 + d^2 - 2*d)*Vec(nu11,q3)*Vec(
      nu14,q2)*Deng(q2 + q3,xiw,M3)^4*Deng( - p4 + q2 + q3,xiw,M3)^2*DH(p4)*
      p4.q2^2*d^2*xiw*ufoGC58^2*ufoGC90^2
       - 1/4*g_(1,6_,nu14)*g_(2,6_,nu11)/(d^3 + d^2 - 2*d)*Vec(nu11,q3)*Vec(
      nu14,q2)*Deng(q2 + q3,xiw,M3)^4*Deng( - p4 + q2 + q3,xiw,M3)^2*DH(p4)*
      p4.q2^2*d*xiw*ufoGC58^2*ufoGC90^2
       + 1/2*g_(1,6_,nu14)*g_(2,6_,nu11)/(d^3 + d^2 - 2*d)*Vec(nu11,-p4)*Vec(
      nu14,q2)*Deng(q2 + q3,xiw,M3)^4*Deng( - p4 + q2 + q3,xiw,M3)^2*DH(p4)*
      q2.q2*q3.q3*xiw*ufoGC58^2*ufoGC90^2
       - 1/2*g_(1,6_,nu14)*g_(2,6_,nu11)/(d^3 + d^2 - 2*d)*Vec(nu11,-p4)*Vec(
      nu14,q2)*Deng(q2 + q3,xiw,M3)^4*Deng( - p4 + q2 + q3,xiw,M3)^2*DH(p4)*
      q2.q3^2*d*xiw*ufoGC58^2*ufoGC90^2
       + 1/2*g_(1,6_,nu14)*g_(2,6_,nu11)/(d^3 + d^2 - 2*d)*Vec(nu11,-p4)*Vec(
      nu14,q3)*Deng(q2 + q3,xiw,M3)^4*Deng( - p4 + q2 + q3,xiw,M3)^2*DH(p4)*
      q2.q2*q3.q3*xiw*ufoGC58^2*ufoGC90^2
       - 1/2*g_(1,6_,nu14)*g_(2,6_,nu11)/(d^3 + d^2 - 2*d)*Vec(nu11,-p4)*Vec(
      nu14,q3)*Deng(q2 + q3,xiw,M3)^4*Deng( - p4 + q2 + q3,xiw,M3)^2*DH(p4)*
      q2.q3^2*d*xiw*ufoGC58^2*ufoGC90^2
       + 1/2*g_(1,6_,nu14)*g_(2,6_,nu11)/(d^3 + d^2 - 2*d)*Vec(nu11,-p4)*Vec(
      nu14,-p4)*Deng(q2 + q3,xiw,M3)^4*Deng( - p4 + q2 + q3,xiw,M3)^2*DH(p4)*
      q2.q2*q3.q3*xiw*ufoGC58^2*ufoGC90^2
       - 1/2*g_(1,6_,nu14)*g_(2,6_,nu11)/(d^3 + d^2 - 2*d)*Vec(nu11,-p4)*Vec(
      nu14,-p4)*Deng(q2 + q3,xiw,M3)^4*Deng( - p4 + q2 + q3,xiw,M3)^2*DH(p4)*
      q2.q3^2*d*xiw*ufoGC58^2*ufoGC90^2
       + 1/4*g_(1,6_,nu14)*g_(2,6_,nu12)/(d^3 + d^2 - 2*d)*Vec(nu12,q2)*Vec(
      nu14,q2)*Deng(q2 + q3,xiw,M3)^4*Deng( - p4 + q2 + q3,xiw,M3)^2*DH(p4)*
      p4.p4*q2.q2*xiw*ufoGC58^2*ufoGC90^2
       + 1/4*g_(1,6_,nu14)*g_(2,6_,nu12)/(d^3 + d^2 - 2*d)*Vec(nu12,q2)*Vec(
      nu14,q2)*Deng(q2 + q3,xiw,M3)^4*Deng( - p4 + q2 + q3,xiw,M3)^2*DH(p4)*
      p4.p4*q3.q3*xiw*ufoGC58^2*ufoGC90^2
       - 1/4*g_(1,6_,nu14)*g_(2,6_,nu12)/(d^3 + d^2 - 2*d)*Vec(nu12,q2)*Vec(
      nu14,q2)*Deng(q2 + q3,xiw,M3)^4*Deng( - p4 + q2 + q3,xiw,M3)^2*DH(p4)*
      p4.q2^2*d*xiw*ufoGC58^2*ufoGC90^2
       - 1/4*g_(1,6_,nu14)*g_(2,6_,nu12)/(d^3 + d^2 - 2*d)*Vec(nu12,q2)*Vec(
      nu14,q2)*Deng(q2 + q3,xiw,M3)^4*Deng( - p4 + q2 + q3,xiw,M3)^2*DH(p4)*
      p4.q3^2*d*xiw*ufoGC58^2*ufoGC90^2
       + 1/4*g_(1,6_,nu14)*g_(2,6_,nu12)/(d^3 + d^2 - 2*d)*Vec(nu12,q2)*Vec(
      nu14,q3)*Deng(q2 + q3,xiw,M3)^4*Deng( - p4 + q2 + q3,xiw,M3)^2*DH(p4)*
      p4.p4*q2.q2*xiw*ufoGC58^2*ufoGC90^2
       + 1/4*g_(1,6_,nu14)*g_(2,6_,nu12)/(d^3 + d^2 - 2*d)*Vec(nu12,q2)*Vec(
      nu14,q3)*Deng(q2 + q3,xiw,M3)^4*Deng( - p4 + q2 + q3,xiw,M3)^2*DH(p4)*
      p4.p4*q3.q3*xiw*ufoGC58^2*ufoGC90^2
       - 1/4*g_(1,6_,nu14)*g_(2,6_,nu12)/(d^3 + d^2 - 2*d)*Vec(nu12,q2)*Vec(
      nu14,q3)*Deng(q2 + q3,xiw,M3)^4*Deng( - p4 + q2 + q3,xiw,M3)^2*DH(p4)*
      p4.q2^2*d*xiw*ufoGC58^2*ufoGC90^2
       - 1/4*g_(1,6_,nu14)*g_(2,6_,nu12)/(d^3 + d^2 - 2*d)*Vec(nu12,q2)*Vec(
      nu14,q3)*Deng(q2 + q3,xiw,M3)^4*Deng( - p4 + q2 + q3,xiw,M3)^2*DH(p4)*
      p4.q3^2*d*xiw*ufoGC58^2*ufoGC90^2
       + 1/2*g_(1,6_,nu14)*g_(2,6_,nu12)/(d^3 + d^2 - 2*d)*Vec(nu12,q2)*Vec(
      nu14,-p4)*Deng(q2 + q3,xiw,M3)^4*Deng( - p4 + q2 + q3,xiw,M3)^2*DH(p4)*
      q2.q2*q3.q3*xiw*ufoGC58^2*ufoGC90^2
       - 1/2*g_(1,6_,nu14)*g_(2,6_,nu12)/(d^3 + d^2 - 2*d)*Vec(nu12,q2)*Vec(
      nu14,-p4)*Deng(q2 + q3,xiw,M3)^4*Deng( - p4 + q2 + q3,xiw,M3)^2*DH(p4)*
      q2.q3^2*d*xiw*ufoGC58^2*ufoGC90^2
       - 1/2*g_(1,6_,nu14)*g_(2,6_,nu12)/(d^3 + d^2 - 2*d)*Vec(nu12,q2)*Vec(
      nu14,-p4)*Deng(q2 + q3,xiw,M3)^4*Deng( - p4 + q2 + q3,xiw,M3)^2*DH(p4)*
      q3.q3^2*d*xiw*ufoGC58^2*ufoGC90^2
       + 1/2*g_(1,6_,nu14)*g_(2,6_,nu12)/(d^3 + d^2 - 2*d)*Vec(nu12,q2)*Vec(
      nu14,-p4)*Deng(q2 + q3,xiw,M3)^4*Deng( - p4 + q2 + q3,xiw,M3)^2*DH(p4)*
      q3.q3^2*xiw*ufoGC58^2*ufoGC90^2
       + 1/4*g_(1,6_,nu14)*g_(2,6_,nu12)/(d^3 + d^2 - 2*d)*Vec(nu12,q3)*Vec(
      nu14,q2)*Deng(q2 + q3,xiw,M3)^4*Deng( - p4 + q2 + q3,xiw,M3)^2*DH(p4)*
      p4.p4*q2.q2*xiw*ufoGC58^2*ufoGC90^2
       + 1/4*g_(1,6_,nu14)*g_(2,6_,nu12)/(d^3 + d^2 - 2*d)*Vec(nu12,q3)*Vec(
      nu14,q2)*Deng(q2 + q3,xiw,M3)^4*Deng( - p4 + q2 + q3,xiw,M3)^2*DH(p4)*
      p4.p4*q3.q3*xiw*ufoGC58^2*ufoGC90^2
       - 1/4*g_(1,6_,nu14)*g_(2,6_,nu12)/(d^3 + d^2 - 2*d)*Vec(nu12,q3)*Vec(
      nu14,q2)*Deng(q2 + q3,xiw,M3)^4*Deng( - p4 + q2 + q3,xiw,M3)^2*DH(p4)*
      p4.q2^2*d*xiw*ufoGC58^2*ufoGC90^2
       - 1/4*g_(1,6_,nu14)*g_(2,6_,nu12)/(d^3 + d^2 - 2*d)*Vec(nu12,q3)*Vec(
      nu14,q2)*Deng(q2 + q3,xiw,M3)^4*Deng( - p4 + q2 + q3,xiw,M3)^2*DH(p4)*
      p4.q3^2*d*xiw*ufoGC58^2*ufoGC90^2
       + 1/4*g_(1,6_,nu14)*g_(2,6_,nu12)/(d^3 + d^2 - 2*d)*Vec(nu12,q3)*Vec(
      nu14,q3)*Deng(q2 + q3,xiw,M3)^4*Deng( - p4 + q2 + q3,xiw,M3)^2*DH(p4)*
      p4.p4*q2.q2*xiw*ufoGC58^2*ufoGC90^2
       + 1/4*g_(1,6_,nu14)*g_(2,6_,nu12)/(d^3 + d^2 - 2*d)*Vec(nu12,q3)*Vec(
      nu14,q3)*Deng(q2 + q3,xiw,M3)^4*Deng( - p4 + q2 + q3,xiw,M3)^2*DH(p4)*
      p4.p4*q3.q3*xiw*ufoGC58^2*ufoGC90^2
       - 1/4*g_(1,6_,nu14)*g_(2,6_,nu12)/(d^3 + d^2 - 2*d)*Vec(nu12,q3)*Vec(
      nu14,q3)*Deng(q2 + q3,xiw,M3)^4*Deng( - p4 + q2 + q3,xiw,M3)^2*DH(p4)*
      p4.q2^2*d*xiw*ufoGC58^2*ufoGC90^2
       - 1/4*g_(1,6_,nu14)*g_(2,6_,nu12)/(d^3 + d^2 - 2*d)*Vec(nu12,q3)*Vec(
      nu14,q3)*Deng(q2 + q3,xiw,M3)^4*Deng( - p4 + q2 + q3,xiw,M3)^2*DH(p4)*
      p4.q3^2*d*xiw*ufoGC58^2*ufoGC90^2
       - g_(1,6_,nu14)*g_(2,6_,nu12)/(d^3 + d^2 - 2*d)*Vec(nu12,q3)*Vec(nu14,
      q3)*Deng(q2 + q3,xiw,M3)^4*Deng( - p4 + q2 + q3,xiw,M3)^2*DH(p4)*q2.q2^2
      *d*xiw*ufoGC58^2*ufoGC90^2
       + g_(1,6_,nu14)*g_(2,6_,nu12)/(d^3 + d^2 - 2*d)*Vec(nu12,q3)*Vec(nu14,
      q3)*Deng(q2 + q3,xiw,M3)^4*Deng( - p4 + q2 + q3,xiw,M3)^2*DH(p4)*q2.q2^2
      *xiw*ufoGC58^2*ufoGC90^2
       + g_(1,6_,nu14)*g_(2,6_,nu12)/(d^3 + d^2 - 2*d)*Vec(nu12,q3)*Vec(nu14,
      q3)*Deng(q2 + q3,xiw,M3)^4*Deng( - p4 + q2 + q3,xiw,M3)^2*DH(p4)*q2.q2*
      q3.q3*xiw*ufoGC58^2*ufoGC90^2
       - g_(1,6_,nu14)*g_(2,6_,nu12)/(d^3 + d^2 - 2*d)*Vec(nu12,q3)*Vec(nu14,
      q3)*Deng(q2 + q3,xiw,M3)^4*Deng( - p4 + q2 + q3,xiw,M3)^2*DH(p4)*q2.q3^2
      *d*xiw*ufoGC58^2*ufoGC90^2
       - 1/2*g_(1,6_,nu14)*g_(2,6_,nu12)/(d^3 + d^2 - 2*d)*Vec(nu12,q3)*Vec(
      nu14,-p4)*Deng(q2 + q3,xiw,M3)^4*Deng( - p4 + q2 + q3,xiw,M3)^2*DH(p4)*
      q2.q2^2*d*xiw*ufoGC58^2*ufoGC90^2
       + 1/2*g_(1,6_,nu14)*g_(2,6_,nu12)/(d^3 + d^2 - 2*d)*Vec(nu12,q3)*Vec(
      nu14,-p4)*Deng(q2 + q3,xiw,M3)^4*Deng( - p4 + q2 + q3,xiw,M3)^2*DH(p4)*
      q2.q2^2*xiw*ufoGC58^2*ufoGC90^2
       + 1/2*g_(1,6_,nu14)*g_(2,6_,nu12)/(d^3 + d^2 - 2*d)*Vec(nu12,q3)*Vec(
      nu14,-p4)*Deng(q2 + q3,xiw,M3)^4*Deng( - p4 + q2 + q3,xiw,M3)^2*DH(p4)*
      q2.q2*q3.q3*xiw*ufoGC58^2*ufoGC90^2
       - 1/2*g_(1,6_,nu14)*g_(2,6_,nu12)/(d^3 + d^2 - 2*d)*Vec(nu12,q3)*Vec(
      nu14,-p4)*Deng(q2 + q3,xiw,M3)^4*Deng( - p4 + q2 + q3,xiw,M3)^2*DH(p4)*
      q2.q3^2*d*xiw*ufoGC58^2*ufoGC90^2
       + 1/2*g_(1,6_,nu14)*g_(2,6_,nu12)/(d^3 + d^2 - 2*d)*Vec(nu12,-p4)*Vec(
      nu14,q2)*Deng(q2 + q3,xiw,M3)^4*Deng( - p4 + q2 + q3,xiw,M3)^2*DH(p4)*
      q2.q2*q3.q3*xiw*ufoGC58^2*ufoGC90^2
       - 1/2*g_(1,6_,nu14)*g_(2,6_,nu12)/(d^3 + d^2 - 2*d)*Vec(nu12,-p4)*Vec(
      nu14,q2)*Deng(q2 + q3,xiw,M3)^4*Deng( - p4 + q2 + q3,xiw,M3)^2*DH(p4)*
      q2.q3^2*d*xiw*ufoGC58^2*ufoGC90^2
       - 1/2*g_(1,6_,nu14)*g_(2,6_,nu12)/(d^3 + d^2 - 2*d)*Vec(nu12,-p4)*Vec(
      nu14,q2)*Deng(q2 + q3,xiw,M3)^4*Deng( - p4 + q2 + q3,xiw,M3)^2*DH(p4)*
      q3.q3^2*d*xiw*ufoGC58^2*ufoGC90^2
       + 1/2*g_(1,6_,nu14)*g_(2,6_,nu12)/(d^3 + d^2 - 2*d)*Vec(nu12,-p4)*Vec(
      nu14,q2)*Deng(q2 + q3,xiw,M3)^4*Deng( - p4 + q2 + q3,xiw,M3)^2*DH(p4)*
      q3.q3^2*xiw*ufoGC58^2*ufoGC90^2
       - 1/2*g_(1,6_,nu14)*g_(2,6_,nu12)/(d^3 + d^2 - 2*d)*Vec(nu12,-p4)*Vec(
      nu14,q3)*Deng(q2 + q3,xiw,M3)^4*Deng( - p4 + q2 + q3,xiw,M3)^2*DH(p4)*
      q2.q2^2*d*xiw*ufoGC58^2*ufoGC90^2
       + 1/2*g_(1,6_,nu14)*g_(2,6_,nu12)/(d^3 + d^2 - 2*d)*Vec(nu12,-p4)*Vec(
      nu14,q3)*Deng(q2 + q3,xiw,M3)^4*Deng( - p4 + q2 + q3,xiw,M3)^2*DH(p4)*
      q2.q2^2*xiw*ufoGC58^2*ufoGC90^2
       + 1/2*g_(1,6_,nu14)*g_(2,6_,nu12)/(d^3 + d^2 - 2*d)*Vec(nu12,-p4)*Vec(
      nu14,q3)*Deng(q2 + q3,xiw,M3)^4*Deng( - p4 + q2 + q3,xiw,M3)^2*DH(p4)*
      q2.q2*q3.q3*xiw*ufoGC58^2*ufoGC90^2
       - 1/2*g_(1,6_,nu14)*g_(2,6_,nu12)/(d^3 + d^2 - 2*d)*Vec(nu12,-p4)*Vec(
      nu14,q3)*Deng(q2 + q3,xiw,M3)^4*Deng( - p4 + q2 + q3,xiw,M3)^2*DH(p4)*
      q2.q3^2*d*xiw*ufoGC58^2*ufoGC90^2
       - 1/4*g_(1,6_,nu14)*g_(2,6_,nu14)/(d^3 + d^2 - 2*d)*Deng(q2 + q3,xiw,M3
      )^3*Deng( - p4 + q2 + q3,xiw,M3)^2*DH(p4)*p4.p4*q2.q2*d*xiw*ufoGC58^2*
      ufoGC90^2
       - 1/4*g_(1,6_,nu14)*g_(2,6_,nu14)/(d^3 + d^2 - 2*d)*Deng(q2 + q3,xiw,M3
      )^3*Deng( - p4 + q2 + q3,xiw,M3)^2*DH(p4)*p4.p4*q2.q2*xiw*ufoGC58^2*
      ufoGC90^2
       - 1/4*g_(1,6_,nu14)*g_(2,6_,nu14)/(d^3 + d^2 - 2*d)*Deng(q2 + q3,xiw,M3
      )^3*Deng( - p4 + q2 + q3,xiw,M3)^2*DH(p4)*p4.p4*q3.q3*d*xiw*ufoGC58^2*
      ufoGC90^2
       - 1/4*g_(1,6_,nu14)*g_(2,6_,nu14)/(d^3 + d^2 - 2*d)*Deng(q2 + q3,xiw,M3
      )^3*Deng( - p4 + q2 + q3,xiw,M3)^2*DH(p4)*p4.p4*q3.q3*xiw*ufoGC58^2*
      ufoGC90^2
       + 1/4*g_(1,6_,nu14)*g_(2,6_,nu14)/(d^3 + d^2 - 2*d)*Deng(q2 + q3,xiw,M3
      )^3*Deng( - p4 + q2 + q3,xiw,M3)^2*DH(p4)*p4.q2^2*d^2*xiw*ufoGC58^2*
      ufoGC90^2
       + 1/4*g_(1,6_,nu14)*g_(2,6_,nu14)/(d^3 + d^2 - 2*d)*Deng(q2 + q3,xiw,M3
      )^3*Deng( - p4 + q2 + q3,xiw,M3)^2*DH(p4)*p4.q2^2*d*xiw*ufoGC58^2*
      ufoGC90^2
       + 1/4*g_(1,6_,nu14)*g_(2,6_,nu14)/(d^3 + d^2 - 2*d)*Deng(q2 + q3,xiw,M3
      )^3*Deng( - p4 + q2 + q3,xiw,M3)^2*DH(p4)*p4.q3^2*d^2*xiw*ufoGC58^2*
      ufoGC90^2
       + 1/4*g_(1,6_,nu14)*g_(2,6_,nu14)/(d^3 + d^2 - 2*d)*Deng(q2 + q3,xiw,M3
      )^3*Deng( - p4 + q2 + q3,xiw,M3)^2*DH(p4)*p4.q3^2*d*xiw*ufoGC58^2*
      ufoGC90^2
       - g_(1,6_,nu14)*g_(2,6_,nu14)/(d^3 + d^2 - 2*d)*Deng(q2 + q3,xiw,M3)^3*
      Deng( - p4 + q2 + q3,xiw,M3)^2*DH(p4)*q2.q2*q3.q3*d*xiw*ufoGC58^2*
      ufoGC90^2
       - g_(1,6_,nu14)*g_(2,6_,nu14)/(d^3 + d^2 - 2*d)*Deng(q2 + q3,xiw,M3)^3*
      Deng( - p4 + q2 + q3,xiw,M3)^2*DH(p4)*q2.q2*q3.q3*xiw*ufoGC58^2*
      ufoGC90^2
       + g_(1,6_,nu14)*g_(2,6_,nu14)/(d^3 + d^2 - 2*d)*Deng(q2 + q3,xiw,M3)^3*
      Deng( - p4 + q2 + q3,xiw,M3)^2*DH(p4)*q2.q3^2*d^2*xiw*ufoGC58^2*
      ufoGC90^2
       + g_(1,6_,nu14)*g_(2,6_,nu14)/(d^3 + d^2 - 2*d)*Deng(q2 + q3,xiw,M3)^3*
      Deng( - p4 + q2 + q3,xiw,M3)^2*DH(p4)*q2.q3^2*d*xiw*ufoGC58^2*ufoGC90^2
       - 1/4*g_(1,6_,nu14)*g_(2,6_,nu14)/(d^2 + 2*d)*Deng(q2 + q3,xiw,M3)^3*
      Deng( - p4 + q2 + q3,xiw,M3)^2*DH(p4)*p4.q2*q2.q2*d*xiw*ufoGC58^2*
      ufoGC90^2
       - 1/4*g_(1,6_,nu14)*g_(2,6_,nu14)/(d^2 + 2*d)*Deng(q2 + q3,xiw,M3)^3*
      Deng( - p4 + q2 + q3,xiw,M3)^2*DH(p4)*p4.q2*q2.q2*xiw*ufoGC58^2*
      ufoGC90^2
       - 1/4*g_(1,6_,nu14)*g_(2,6_,nu14)/(d^2 + 2*d)*Deng(q2 + q3,xiw,M3)^3*
      Deng( - p4 + q2 + q3,xiw,M3)^2*DH(p4)*p4.q3*q3.q3*d*xiw*ufoGC58^2*
      ufoGC90^2
       - 1/4*g_(1,6_,nu14)*g_(2,6_,nu14)/(d^2 + 2*d)*Deng(q2 + q3,xiw,M3)^3*
      Deng( - p4 + q2 + q3,xiw,M3)^2*DH(p4)*p4.q3*q3.q3*xiw*ufoGC58^2*
      ufoGC90^2
       + 1/2*g_(1,6_,nu14)*g_(2,6_,nu14)/(d^2 + 2*d)*Deng(q2 + q3,xiw,M3)^3*
      Deng( - p4 + q2 + q3,xiw,M3)^2*DH(p4)*q2.q2*q2.q3*d*xiw*ufoGC58^2*
      ufoGC90^2
       + 1/2*g_(1,6_,nu14)*g_(2,6_,nu14)/(d^2 + 2*d)*Deng(q2 + q3,xiw,M3)^3*
      Deng( - p4 + q2 + q3,xiw,M3)^2*DH(p4)*q2.q2*q2.q3*xiw*ufoGC58^2*
      ufoGC90^2
       + 1/2*g_(1,6_,nu14)*g_(2,6_,nu14)/(d^2 + 2*d)*Deng(q2 + q3,xiw,M3)^3*
      Deng( - p4 + q2 + q3,xiw,M3)^2*DH(p4)*q2.q3*q3.q3*d*xiw*ufoGC58^2*
      ufoGC90^2
       + 1/2*g_(1,6_,nu14)*g_(2,6_,nu14)/(d^2 + 2*d)*Deng(q2 + q3,xiw,M3)^3*
      Deng( - p4 + q2 + q3,xiw,M3)^2*DH(p4)*q2.q3*q3.q3*xiw*ufoGC58^2*
      ufoGC90^2
      ;

  0.01 sec out of 0.01 sec
