FORM 5.0.0-beta.1 (Jan 15 2026, v5.0.0-beta.1-292-g4341c63)  Run: Fri Feb 13 14:19:03 2026
    #-

   d1l223amp =
       + 1/4*g_(1,6_,nu16)*FT2(p2)*auxGamma(nu14,i1,iufo11)*auxPL(iufo11,j11)*
      cFT(nu9,XX,i2,iufo3)*cFT(g7,XX,iufo3,i3)*flavourTag(fve,j11,j12)*Vec(
      nu16,p4)*Vec(nu14,p3)*Vec(nu9,p1)*Vec(nu10,p1)*Vec(nu10,p3)*Vec(nu15,p4)
      *Vec(nu15, - p1)*Deng(p1,xiw,M3)^2*Deng(p3,xiw,M3)^2*Deng(p4,xiz,M4)^2*
      xiw*xiz*ufoGC58^2*ufoGC69*ufoGC81
       - 1/4*g_(1,6_,nu16)*FT2(p2)*auxGamma(nu14,i1,iufo11)*auxPL(iufo11,j11)*
      cFT(nu9,XX,i2,iufo3)*cFT(g7,XX,iufo3,i3)*flavourTag(fve,j11,j12)*Vec(
      nu16,p4)*Vec(nu14,p3)*Vec(nu9,p1)*Vec(nu10,p1)*Vec(nu10,p4)*Vec(nu15,p3)
      *Vec(nu15,p4)*Deng(p1,xiw,M3)^2*Deng(p3,xiw,M3)^2*Deng(p4,xiz,M4)^2*xiw*
      xiz*ufoGC58^2*ufoGC69*ufoGC81
       - 1/4*g_(1,6_,nu16)*FT2(p2)*auxGamma(nu14,i1,iufo11)*auxPL(iufo11,j11)*
      cFT(nu9,XX,i2,iufo3)*cFT(g7,XX,iufo3,i3)*flavourTag(fve,j11,j12)*Vec(
      nu16,p4)*Vec(nu14,p3)*Vec(nu9,p1)*Vec(nu13,p3)*Vec(nu13, - p1)*Vec(nu15,
      p1)*Vec(nu15,p4)*Deng(p1,xiw,M3)^2*Deng(p3,xiw,M3)^2*Deng(p4,xiz,M4)^2*
      xiw*xiz*ufoGC58^2*ufoGC69*ufoGC81
       + 1/4*g_(1,6_,nu16)*FT2(p2)*auxGamma(nu14,i1,iufo11)*auxPL(iufo11,j11)*
      cFT(nu9,XX,i2,iufo3)*cFT(g7,XX,iufo3,i3)*flavourTag(fve,j11,j12)*Vec(
      nu16,p4)*Vec(nu14,p3)*Vec(nu9,p1)*Vec(nu13,p3)*Vec(nu13,p4)*Vec(nu15,p1)
      *Vec(nu15,p4)*Deng(p1,xiw,M3)^2*Deng(p3,xiw,M3)^2*Deng(p4,xiz,M4)^2*xiw*
      xiz*ufoGC58^2*ufoGC69*ufoGC81
       + 1/4*g_(1,6_,nu16)*FT2(p2)*auxGamma(nu10,i1,iufo11)*auxPL(iufo11,j11)*
      cFT(nu9,XX,i2,iufo3)*cFT(g7,XX,iufo3,i3)*flavourTag(fve,j11,j12)*Vec(
      nu16,p4)*Vec(nu9,p1)*Vec(nu10,p1)*Vec(nu15,p3)*Vec(nu15,p4)*Deng(p1,xiw,
      M3)^2*Deng(p3,xiw,M3)*Deng(p4,xiz,M4)^2*xiw*xiz*ufoGC58^2*ufoGC69*
      ufoGC81
       - 1/4*g_(1,6_,nu16)*FT2(p2)*auxGamma(nu10,i1,iufo11)*auxPL(iufo11,j11)*
      cFT(nu9,XX,i2,iufo3)*cFT(g7,XX,iufo3,i3)*flavourTag(fve,j11,j12)*Vec(
      nu16,p4)*Vec(nu9,p1)*Vec(nu10,p1)*Vec(nu15,p4)*Vec(nu15, - p1)*Deng(p1,
      xiw,M3)^2*Deng(p3,xiw,M3)*Deng(p4,xiz,M4)^2*xiw*xiz*ufoGC58^2*ufoGC69*
      ufoGC81
       + 1/4*g_(1,6_,nu16)*FT2(p2)*auxGamma(nu13,i1,iufo11)*auxPL(iufo11,j11)*
      cFT(nu9,XX,i2,iufo3)*cFT(g7,XX,iufo3,i3)*flavourTag(fve,j11,j12)*Vec(
      nu16,p4)*Vec(nu9,p1)*Vec(nu13, - p1)*Vec(nu15,p1)*Vec(nu15,p4)*Deng(p1,
      xiw,M3)^2*Deng(p3,xiw,M3)*Deng(p4,xiz,M4)^2*xiw*xiz*ufoGC58^2*ufoGC69*
      ufoGC81
       - 1/4*g_(1,6_,nu16)*FT2(p2)*auxGamma(nu13,i1,iufo11)*auxPL(iufo11,j11)*
      cFT(nu9,XX,i2,iufo3)*cFT(g7,XX,iufo3,i3)*flavourTag(fve,j11,j12)*Vec(
      nu16,p4)*Vec(nu9,p1)*Vec(nu13,p4)*Vec(nu15,p1)*Vec(nu15,p4)*Deng(p1,xiw,
      M3)^2*Deng(p3,xiw,M3)*Deng(p4,xiz,M4)^2*xiw*xiz*ufoGC58^2*ufoGC69*
      ufoGC81
       - 1/4*g_(1,6_,nu16)*FT2(p2)*auxGamma(nu15,i1,iufo11)*auxPL(iufo11,j11)*
      cFT(nu9,XX,i2,iufo3)*cFT(g7,XX,iufo3,i3)*flavourTag(fve,j11,j12)*Vec(
      nu16,p4)*Vec(nu9,p1)*Vec(nu10,p1)*Vec(nu10,p3)*Vec(nu15,p4)*Deng(p1,xiw,
      M3)^2*Deng(p3,xiw,M3)*Deng(p4,xiz,M4)^2*xiw*xiz*ufoGC58^2*ufoGC69*
      ufoGC81
       + 1/4*g_(1,6_,nu16)*FT2(p2)*auxGamma(nu15,i1,iufo11)*auxPL(iufo11,j11)*
      cFT(nu9,XX,i2,iufo3)*cFT(g7,XX,iufo3,i3)*flavourTag(fve,j11,j12)*Vec(
      nu16,p4)*Vec(nu9,p1)*Vec(nu10,p1)*Vec(nu10,p4)*Vec(nu15,p4)*Deng(p1,xiw,
      M3)^2*Deng(p3,xiw,M3)*Deng(p4,xiz,M4)^2*xiw*xiz*ufoGC58^2*ufoGC69*
      ufoGC81
      ;

  0.00 sec out of 0.00 sec
