FORM 5.0.0-beta.1 (Jan 15 2026, v5.0.0-beta.1-292-g4341c63)  Run: Fri Feb 13 14:19:03 2026
    #-

   d1l259amp =
       + 1/4*g_(1,6_,nu16)*FT2(p2)*auxGamma(nu10,i1,iufo11)*auxPL(iufo11,j11)*
      cFT(nu15,XX,j14,iufo3)*cFT(g7,XX,iufo3,i3)*cFT(p3,XX,j13,j14)*auxGamma(
      nu9,i2,iufo13)*auxPL(iufo13,j13)*flavourTag(fve,j11,j12)*flavourTag(fmu,
      j13,j14)*Vec(nu16,p4)*Vec(nu10,p1)*Vec(nu15,p4)*Vec(nu9,p1)*Deng(p1,xiw,
      M3)^2*Deng(p4,xiz,M4)^2*xiz*ufoGC58^2*ufoGC80*ufoGC81
       + 1/4*g_(1,6_,nu16)*FT2(p2)*auxGamma(nu10,i1,iufo11)*auxPL(iufo11,j11)*
      cFT(nu15,XX,j14,iufo3)*cFT(g6,XX,iufo3,i3)*cFT(p3,XX,j13,j14)*auxGamma(
      nu9,i2,iufo13)*auxPL(iufo13,j13)*flavourTag(fve,j11,j12)*flavourTag(fmu,
      j13,j14)*Vec(nu16,p4)*Vec(nu10,p1)*Vec(nu15,p4)*Vec(nu9,p1)*Deng(p1,xiw,
      M3)^2*Deng(p4,xiz,M4)^2*xiz*ufoGC58^2*ufoGC76*ufoGC81
       - 1/4*g_(1,6_,nu16)*FT2(p2)*auxGamma(nu9,i1,iufo11)*auxPL(iufo11,j11)*
      cFT(nu15,XX,j14,iufo3)*cFT(g7,XX,iufo3,i3)*cFT(p3,XX,j13,j14)*auxGamma(
      nu9,i2,iufo13)*auxPL(iufo13,j13)*flavourTag(fve,j11,j12)*flavourTag(fmu,
      j13,j14)*Vec(nu16,p4)*Vec(nu15,p4)*Deng(p1,xiw,M3)*Deng(p4,xiz,M4)^2*xiz
      *ufoGC58^2*ufoGC80*ufoGC81
       - 1/4*g_(1,6_,nu16)*FT2(p2)*auxGamma(nu9,i1,iufo11)*auxPL(iufo11,j11)*
      cFT(nu15,XX,j14,iufo3)*cFT(g6,XX,iufo3,i3)*cFT(p3,XX,j13,j14)*auxGamma(
      nu9,i2,iufo13)*auxPL(iufo13,j13)*flavourTag(fve,j11,j12)*flavourTag(fmu,
      j13,j14)*Vec(nu16,p4)*Vec(nu15,p4)*Deng(p1,xiw,M3)*Deng(p4,xiz,M4)^2*xiz
      *ufoGC58^2*ufoGC76*ufoGC81
      ;

  0.00 sec out of 0.00 sec
