FORM 5.0.0-beta.1 (Jan 15 2026, v5.0.0-beta.1-292-g4341c63)  Run: Fri Feb 13 17:55:40 2026
    #-

   d1l231amp =
       + 1/16*g_(1,6_,nu11)*FT1*g_(1,p2)*g_(2,6_,nu10)*FT2*g_(2,p2)*cFT(nu12,
      XX,i1,iufo13)*cFT(g7,XX,iufo13,j13)*cFT(nu9,XX,i2,iufo3)*cFT(g7,XX,iufo3
      ,i3)*flavourTag(fve,j15,j16)*flavourTag(fe,j13,j14)*Vec(nu11,p2)*Vec(
      nu10,q2)*Vec(nu12,p2)*Vec(nu9,q3)*Deng(p2,xiz,M4)^2*Deng(q2 + q3,xiw,M3)
      ^2*xiz*ufoGC81*ufoGC58^2*ufoGC80
       + 1/16*g_(1,6_,nu11)*FT1*g_(1,p2)*g_(2,6_,nu10)*FT2*g_(2,p2)*cFT(nu12,
      XX,i1,iufo13)*cFT(g7,XX,iufo13,j13)*cFT(nu9,XX,i2,iufo3)*cFT(g7,XX,iufo3
      ,i3)*flavourTag(fve,j15,j16)*flavourTag(fe,j13,j14)*Vec(nu11,p2)*Vec(
      nu10,q3)*Vec(nu12,p2)*Vec(nu9,q2)*Deng(p2,xiz,M4)^2*Deng(q2 + q3,xiw,M3)
      ^2*xiz*ufoGC81*ufoGC58^2*ufoGC80
       + 1/16*g_(1,6_,nu11)*FT1*g_(1,p2)*g_(2,6_,nu10)*FT2*g_(2,p2)*cFT(nu12,
      XX,i1,iufo13)*cFT(g6,XX,iufo13,j13)*cFT(nu9,XX,i2,iufo3)*cFT(g7,XX,iufo3
      ,i3)*flavourTag(fve,j15,j16)*flavourTag(fe,j13,j14)*Vec(nu11,p2)*Vec(
      nu10,q2)*Vec(nu12,p2)*Vec(nu9,q3)*Deng(p2,xiz,M4)^2*Deng(q2 + q3,xiw,M3)
      ^2*xiz*ufoGC81*ufoGC58^2*ufoGC76
       + 1/16*g_(1,6_,nu11)*FT1*g_(1,p2)*g_(2,6_,nu10)*FT2*g_(2,p2)*cFT(nu12,
      XX,i1,iufo13)*cFT(g6,XX,iufo13,j13)*cFT(nu9,XX,i2,iufo3)*cFT(g7,XX,iufo3
      ,i3)*flavourTag(fve,j15,j16)*flavourTag(fe,j13,j14)*Vec(nu11,p2)*Vec(
      nu10,q3)*Vec(nu12,p2)*Vec(nu9,q2)*Deng(p2,xiz,M4)^2*Deng(q2 + q3,xiw,M3)
      ^2*xiz*ufoGC81*ufoGC58^2*ufoGC76
       + 1/16*g_(1,6_,nu11)*FT1*g_(1,p2)*g_(2,6_,nu10)*FT2*g_(2,q1)*cFT(nu12,
      XX,i1,iufo13)*cFT(g7,XX,iufo13,j13)*cFT(nu9,XX,i2,iufo3)*cFT(g7,XX,iufo3
      ,i3)*flavourTag(fve,j15,j16)*flavourTag(fe,j13,j14)*Vec(nu11,p2)*Vec(
      nu10,q2)*Vec(nu12,p2)*Vec(nu9,q3)*Deng(p2,xiz,M4)^2*Deng(q2 + q3,xiw,M3)
      ^2*xiz*ufoGC81*ufoGC58^2*ufoGC80
       + 1/16*g_(1,6_,nu11)*FT1*g_(1,p2)*g_(2,6_,nu10)*FT2*g_(2,q1)*cFT(nu12,
      XX,i1,iufo13)*cFT(g7,XX,iufo13,j13)*cFT(nu9,XX,i2,iufo3)*cFT(g7,XX,iufo3
      ,i3)*flavourTag(fve,j15,j16)*flavourTag(fe,j13,j14)*Vec(nu11,p2)*Vec(
      nu10,q3)*Vec(nu12,p2)*Vec(nu9,q2)*Deng(p2,xiz,M4)^2*Deng(q2 + q3,xiw,M3)
      ^2*xiz*ufoGC81*ufoGC58^2*ufoGC80
       + 1/16*g_(1,6_,nu11)*FT1*g_(1,p2)*g_(2,6_,nu10)*FT2*g_(2,q1)*cFT(nu12,
      XX,i1,iufo13)*cFT(g6,XX,iufo13,j13)*cFT(nu9,XX,i2,iufo3)*cFT(g7,XX,iufo3
      ,i3)*flavourTag(fve,j15,j16)*flavourTag(fe,j13,j14)*Vec(nu11,p2)*Vec(
      nu10,q2)*Vec(nu12,p2)*Vec(nu9,q3)*Deng(p2,xiz,M4)^2*Deng(q2 + q3,xiw,M3)
      ^2*xiz*ufoGC81*ufoGC58^2*ufoGC76
       + 1/16*g_(1,6_,nu11)*FT1*g_(1,p2)*g_(2,6_,nu10)*FT2*g_(2,q1)*cFT(nu12,
      XX,i1,iufo13)*cFT(g6,XX,iufo13,j13)*cFT(nu9,XX,i2,iufo3)*cFT(g7,XX,iufo3
      ,i3)*flavourTag(fve,j15,j16)*flavourTag(fe,j13,j14)*Vec(nu11,p2)*Vec(
      nu10,q3)*Vec(nu12,p2)*Vec(nu9,q2)*Deng(p2,xiz,M4)^2*Deng(q2 + q3,xiw,M3)
      ^2*xiz*ufoGC81*ufoGC58^2*ufoGC76
       - 1/16*g_(1,6_,nu11)*FT1*g_(1,p2)*g_(2,6_,nu9)*FT2*g_(2,p2)*cFT(nu12,XX
      ,i1,iufo13)*cFT(g7,XX,iufo13,j13)*cFT(nu9,XX,i2,iufo3)*cFT(g7,XX,iufo3,
      i3)*flavourTag(fve,j15,j16)*flavourTag(fe,j13,j14)*Vec(nu11,p2)*Vec(nu12
      ,p2)*Deng(p2,xiz,M4)^2*Deng(q2 + q3,xiw,M3)*xiz*ufoGC81*ufoGC58^2*
      ufoGC80
       - 1/16*g_(1,6_,nu11)*FT1*g_(1,p2)*g_(2,6_,nu9)*FT2*g_(2,p2)*cFT(nu12,XX
      ,i1,iufo13)*cFT(g6,XX,iufo13,j13)*cFT(nu9,XX,i2,iufo3)*cFT(g7,XX,iufo3,
      i3)*flavourTag(fve,j15,j16)*flavourTag(fe,j13,j14)*Vec(nu11,p2)*Vec(nu12
      ,p2)*Deng(p2,xiz,M4)^2*Deng(q2 + q3,xiw,M3)*xiz*ufoGC81*ufoGC58^2*
      ufoGC76
       - 1/16*g_(1,6_,nu11)*FT1*g_(1,p2)*g_(2,6_,nu9)*FT2*g_(2,q1)*cFT(nu12,XX
      ,i1,iufo13)*cFT(g7,XX,iufo13,j13)*cFT(nu9,XX,i2,iufo3)*cFT(g7,XX,iufo3,
      i3)*flavourTag(fve,j15,j16)*flavourTag(fe,j13,j14)*Vec(nu11,p2)*Vec(nu12
      ,p2)*Deng(p2,xiz,M4)^2*Deng(q2 + q3,xiw,M3)*xiz*ufoGC81*ufoGC58^2*
      ufoGC80
       - 1/16*g_(1,6_,nu11)*FT1*g_(1,p2)*g_(2,6_,nu9)*FT2*g_(2,q1)*cFT(nu12,XX
      ,i1,iufo13)*cFT(g6,XX,iufo13,j13)*cFT(nu9,XX,i2,iufo3)*cFT(g7,XX,iufo3,
      i3)*flavourTag(fve,j15,j16)*flavourTag(fe,j13,j14)*Vec(nu11,p2)*Vec(nu12
      ,p2)*Deng(p2,xiz,M4)^2*Deng(q2 + q3,xiw,M3)*xiz*ufoGC81*ufoGC58^2*
      ufoGC76
       + 1/16*g_(1,6_,nu11)*FT1*g_(1,q1)*g_(2,6_,nu10)*FT2*g_(2,p2)*cFT(nu12,
      XX,i1,iufo13)*cFT(g7,XX,iufo13,j13)*cFT(nu9,XX,i2,iufo3)*cFT(g7,XX,iufo3
      ,i3)*flavourTag(fve,j15,j16)*flavourTag(fe,j13,j14)*Vec(nu11,p2)*Vec(
      nu10,q2)*Vec(nu12,p2)*Vec(nu9,q3)*Deng(p2,xiz,M4)^2*Deng(q2 + q3,xiw,M3)
      ^2*xiz*ufoGC81*ufoGC58^2*ufoGC80
       + 1/16*g_(1,6_,nu11)*FT1*g_(1,q1)*g_(2,6_,nu10)*FT2*g_(2,p2)*cFT(nu12,
      XX,i1,iufo13)*cFT(g7,XX,iufo13,j13)*cFT(nu9,XX,i2,iufo3)*cFT(g7,XX,iufo3
      ,i3)*flavourTag(fve,j15,j16)*flavourTag(fe,j13,j14)*Vec(nu11,p2)*Vec(
      nu10,q3)*Vec(nu12,p2)*Vec(nu9,q2)*Deng(p2,xiz,M4)^2*Deng(q2 + q3,xiw,M3)
      ^2*xiz*ufoGC81*ufoGC58^2*ufoGC80
       + 1/16*g_(1,6_,nu11)*FT1*g_(1,q1)*g_(2,6_,nu10)*FT2*g_(2,p2)*cFT(nu12,
      XX,i1,iufo13)*cFT(g6,XX,iufo13,j13)*cFT(nu9,XX,i2,iufo3)*cFT(g7,XX,iufo3
      ,i3)*flavourTag(fve,j15,j16)*flavourTag(fe,j13,j14)*Vec(nu11,p2)*Vec(
      nu10,q2)*Vec(nu12,p2)*Vec(nu9,q3)*Deng(p2,xiz,M4)^2*Deng(q2 + q3,xiw,M3)
      ^2*xiz*ufoGC81*ufoGC58^2*ufoGC76
       + 1/16*g_(1,6_,nu11)*FT1*g_(1,q1)*g_(2,6_,nu10)*FT2*g_(2,p2)*cFT(nu12,
      XX,i1,iufo13)*cFT(g6,XX,iufo13,j13)*cFT(nu9,XX,i2,iufo3)*cFT(g7,XX,iufo3
      ,i3)*flavourTag(fve,j15,j16)*flavourTag(fe,j13,j14)*Vec(nu11,p2)*Vec(
      nu10,q3)*Vec(nu12,p2)*Vec(nu9,q2)*Deng(p2,xiz,M4)^2*Deng(q2 + q3,xiw,M3)
      ^2*xiz*ufoGC81*ufoGC58^2*ufoGC76
       + 1/16*g_(1,6_,nu11)*FT1*g_(1,q1)*g_(2,6_,nu10)*FT2*g_(2,q1)*cFT(nu12,
      XX,i1,iufo13)*cFT(g7,XX,iufo13,j13)*cFT(nu9,XX,i2,iufo3)*cFT(g7,XX,iufo3
      ,i3)*flavourTag(fve,j15,j16)*flavourTag(fe,j13,j14)*Vec(nu11,p2)*Vec(
      nu10,q2)*Vec(nu12,p2)*Vec(nu9,q3)*Deng(p2,xiz,M4)^2*Deng(q2 + q3,xiw,M3)
      ^2*xiz*ufoGC81*ufoGC58^2*ufoGC80
       + 1/16*g_(1,6_,nu11)*FT1*g_(1,q1)*g_(2,6_,nu10)*FT2*g_(2,q1)*cFT(nu12,
      XX,i1,iufo13)*cFT(g7,XX,iufo13,j13)*cFT(nu9,XX,i2,iufo3)*cFT(g7,XX,iufo3
      ,i3)*flavourTag(fve,j15,j16)*flavourTag(fe,j13,j14)*Vec(nu11,p2)*Vec(
      nu10,q3)*Vec(nu12,p2)*Vec(nu9,q2)*Deng(p2,xiz,M4)^2*Deng(q2 + q3,xiw,M3)
      ^2*xiz*ufoGC81*ufoGC58^2*ufoGC80
       + 1/16*g_(1,6_,nu11)*FT1*g_(1,q1)*g_(2,6_,nu10)*FT2*g_(2,q1)*cFT(nu12,
      XX,i1,iufo13)*cFT(g6,XX,iufo13,j13)*cFT(nu9,XX,i2,iufo3)*cFT(g7,XX,iufo3
      ,i3)*flavourTag(fve,j15,j16)*flavourTag(fe,j13,j14)*Vec(nu11,p2)*Vec(
      nu10,q2)*Vec(nu12,p2)*Vec(nu9,q3)*Deng(p2,xiz,M4)^2*Deng(q2 + q3,xiw,M3)
      ^2*xiz*ufoGC81*ufoGC58^2*ufoGC76
       + 1/16*g_(1,6_,nu11)*FT1*g_(1,q1)*g_(2,6_,nu10)*FT2*g_(2,q1)*cFT(nu12,
      XX,i1,iufo13)*cFT(g6,XX,iufo13,j13)*cFT(nu9,XX,i2,iufo3)*cFT(g7,XX,iufo3
      ,i3)*flavourTag(fve,j15,j16)*flavourTag(fe,j13,j14)*Vec(nu11,p2)*Vec(
      nu10,q3)*Vec(nu12,p2)*Vec(nu9,q2)*Deng(p2,xiz,M4)^2*Deng(q2 + q3,xiw,M3)
      ^2*xiz*ufoGC81*ufoGC58^2*ufoGC76
       - 1/16*g_(1,6_,nu11)*FT1*g_(1,q1)*g_(2,6_,nu9)*FT2*g_(2,p2)*cFT(nu12,XX
      ,i1,iufo13)*cFT(g7,XX,iufo13,j13)*cFT(nu9,XX,i2,iufo3)*cFT(g7,XX,iufo3,
      i3)*flavourTag(fve,j15,j16)*flavourTag(fe,j13,j14)*Vec(nu11,p2)*Vec(nu12
      ,p2)*Deng(p2,xiz,M4)^2*Deng(q2 + q3,xiw,M3)*xiz*ufoGC81*ufoGC58^2*
      ufoGC80
       - 1/16*g_(1,6_,nu11)*FT1*g_(1,q1)*g_(2,6_,nu9)*FT2*g_(2,p2)*cFT(nu12,XX
      ,i1,iufo13)*cFT(g6,XX,iufo13,j13)*cFT(nu9,XX,i2,iufo3)*cFT(g7,XX,iufo3,
      i3)*flavourTag(fve,j15,j16)*flavourTag(fe,j13,j14)*Vec(nu11,p2)*Vec(nu12
      ,p2)*Deng(p2,xiz,M4)^2*Deng(q2 + q3,xiw,M3)*xiz*ufoGC81*ufoGC58^2*
      ufoGC76
       - 1/16*g_(1,6_,nu11)*FT1*g_(1,q1)*g_(2,6_,nu9)*FT2*g_(2,q1)*cFT(nu12,XX
      ,i1,iufo13)*cFT(g7,XX,iufo13,j13)*cFT(nu9,XX,i2,iufo3)*cFT(g7,XX,iufo3,
      i3)*flavourTag(fve,j15,j16)*flavourTag(fe,j13,j14)*Vec(nu11,p2)*Vec(nu12
      ,p2)*Deng(p2,xiz,M4)^2*Deng(q2 + q3,xiw,M3)*xiz*ufoGC81*ufoGC58^2*
      ufoGC80
       - 1/16*g_(1,6_,nu11)*FT1*g_(1,q1)*g_(2,6_,nu9)*FT2*g_(2,q1)*cFT(nu12,XX
      ,i1,iufo13)*cFT(g6,XX,iufo13,j13)*cFT(nu9,XX,i2,iufo3)*cFT(g7,XX,iufo3,
      i3)*flavourTag(fve,j15,j16)*flavourTag(fe,j13,j14)*Vec(nu11,p2)*Vec(nu12
      ,p2)*Deng(p2,xiz,M4)^2*Deng(q2 + q3,xiw,M3)*xiz*ufoGC81*ufoGC58^2*
      ufoGC76
       + 1/16*g_(1,6_,nu11)*FT1*g_(1,q2)*g_(2,6_,nu10)*FT2*g_(2,p2)*cFT(nu12,
      XX,i1,iufo13)*cFT(g7,XX,iufo13,j13)*cFT(nu9,XX,i2,iufo3)*cFT(g7,XX,iufo3
      ,i3)*flavourTag(fve,j15,j16)*flavourTag(fe,j13,j14)*Vec(nu11,p2)*Vec(
      nu10,q2)*Vec(nu12,p2)*Vec(nu9,q3)*Deng(p2,xiz,M4)^2*Deng(q2 + q3,xiw,M3)
      ^2*xiz*ufoGC81*ufoGC58^2*ufoGC80
       + 1/16*g_(1,6_,nu11)*FT1*g_(1,q2)*g_(2,6_,nu10)*FT2*g_(2,p2)*cFT(nu12,
      XX,i1,iufo13)*cFT(g7,XX,iufo13,j13)*cFT(nu9,XX,i2,iufo3)*cFT(g7,XX,iufo3
      ,i3)*flavourTag(fve,j15,j16)*flavourTag(fe,j13,j14)*Vec(nu11,p2)*Vec(
      nu10,q3)*Vec(nu12,p2)*Vec(nu9,q2)*Deng(p2,xiz,M4)^2*Deng(q2 + q3,xiw,M3)
      ^2*xiz*ufoGC81*ufoGC58^2*ufoGC80
       + 1/16*g_(1,6_,nu11)*FT1*g_(1,q2)*g_(2,6_,nu10)*FT2*g_(2,p2)*cFT(nu12,
      XX,i1,iufo13)*cFT(g6,XX,iufo13,j13)*cFT(nu9,XX,i2,iufo3)*cFT(g7,XX,iufo3
      ,i3)*flavourTag(fve,j15,j16)*flavourTag(fe,j13,j14)*Vec(nu11,p2)*Vec(
      nu10,q2)*Vec(nu12,p2)*Vec(nu9,q3)*Deng(p2,xiz,M4)^2*Deng(q2 + q3,xiw,M3)
      ^2*xiz*ufoGC81*ufoGC58^2*ufoGC76
       + 1/16*g_(1,6_,nu11)*FT1*g_(1,q2)*g_(2,6_,nu10)*FT2*g_(2,p2)*cFT(nu12,
      XX,i1,iufo13)*cFT(g6,XX,iufo13,j13)*cFT(nu9,XX,i2,iufo3)*cFT(g7,XX,iufo3
      ,i3)*flavourTag(fve,j15,j16)*flavourTag(fe,j13,j14)*Vec(nu11,p2)*Vec(
      nu10,q3)*Vec(nu12,p2)*Vec(nu9,q2)*Deng(p2,xiz,M4)^2*Deng(q2 + q3,xiw,M3)
      ^2*xiz*ufoGC81*ufoGC58^2*ufoGC76
       + 1/16*g_(1,6_,nu11)*FT1*g_(1,q2)*g_(2,6_,nu10)*FT2*g_(2,q1)*cFT(nu12,
      XX,i1,iufo13)*cFT(g7,XX,iufo13,j13)*cFT(nu9,XX,i2,iufo3)*cFT(g7,XX,iufo3
      ,i3)*flavourTag(fve,j15,j16)*flavourTag(fe,j13,j14)*Vec(nu11,p2)*Vec(
      nu10,q2)*Vec(nu12,p2)*Vec(nu9,q3)*Deng(p2,xiz,M4)^2*Deng(q2 + q3,xiw,M3)
      ^2*xiz*ufoGC81*ufoGC58^2*ufoGC80
       + 1/16*g_(1,6_,nu11)*FT1*g_(1,q2)*g_(2,6_,nu10)*FT2*g_(2,q1)*cFT(nu12,
      XX,i1,iufo13)*cFT(g7,XX,iufo13,j13)*cFT(nu9,XX,i2,iufo3)*cFT(g7,XX,iufo3
      ,i3)*flavourTag(fve,j15,j16)*flavourTag(fe,j13,j14)*Vec(nu11,p2)*Vec(
      nu10,q3)*Vec(nu12,p2)*Vec(nu9,q2)*Deng(p2,xiz,M4)^2*Deng(q2 + q3,xiw,M3)
      ^2*xiz*ufoGC81*ufoGC58^2*ufoGC80
       + 1/16*g_(1,6_,nu11)*FT1*g_(1,q2)*g_(2,6_,nu10)*FT2*g_(2,q1)*cFT(nu12,
      XX,i1,iufo13)*cFT(g6,XX,iufo13,j13)*cFT(nu9,XX,i2,iufo3)*cFT(g7,XX,iufo3
      ,i3)*flavourTag(fve,j15,j16)*flavourTag(fe,j13,j14)*Vec(nu11,p2)*Vec(
      nu10,q2)*Vec(nu12,p2)*Vec(nu9,q3)*Deng(p2,xiz,M4)^2*Deng(q2 + q3,xiw,M3)
      ^2*xiz*ufoGC81*ufoGC58^2*ufoGC76
       + 1/16*g_(1,6_,nu11)*FT1*g_(1,q2)*g_(2,6_,nu10)*FT2*g_(2,q1)*cFT(nu12,
      XX,i1,iufo13)*cFT(g6,XX,iufo13,j13)*cFT(nu9,XX,i2,iufo3)*cFT(g7,XX,iufo3
      ,i3)*flavourTag(fve,j15,j16)*flavourTag(fe,j13,j14)*Vec(nu11,p2)*Vec(
      nu10,q3)*Vec(nu12,p2)*Vec(nu9,q2)*Deng(p2,xiz,M4)^2*Deng(q2 + q3,xiw,M3)
      ^2*xiz*ufoGC81*ufoGC58^2*ufoGC76
       - 1/16*g_(1,6_,nu11)*FT1*g_(1,q2)*g_(2,6_,nu9)*FT2*g_(2,p2)*cFT(nu12,XX
      ,i1,iufo13)*cFT(g7,XX,iufo13,j13)*cFT(nu9,XX,i2,iufo3)*cFT(g7,XX,iufo3,
      i3)*flavourTag(fve,j15,j16)*flavourTag(fe,j13,j14)*Vec(nu11,p2)*Vec(nu12
      ,p2)*Deng(p2,xiz,M4)^2*Deng(q2 + q3,xiw,M3)*xiz*ufoGC81*ufoGC58^2*
      ufoGC80
       - 1/16*g_(1,6_,nu11)*FT1*g_(1,q2)*g_(2,6_,nu9)*FT2*g_(2,p2)*cFT(nu12,XX
      ,i1,iufo13)*cFT(g6,XX,iufo13,j13)*cFT(nu9,XX,i2,iufo3)*cFT(g7,XX,iufo3,
      i3)*flavourTag(fve,j15,j16)*flavourTag(fe,j13,j14)*Vec(nu11,p2)*Vec(nu12
      ,p2)*Deng(p2,xiz,M4)^2*Deng(q2 + q3,xiw,M3)*xiz*ufoGC81*ufoGC58^2*
      ufoGC76
       - 1/16*g_(1,6_,nu11)*FT1*g_(1,q2)*g_(2,6_,nu9)*FT2*g_(2,q1)*cFT(nu12,XX
      ,i1,iufo13)*cFT(g7,XX,iufo13,j13)*cFT(nu9,XX,i2,iufo3)*cFT(g7,XX,iufo3,
      i3)*flavourTag(fve,j15,j16)*flavourTag(fe,j13,j14)*Vec(nu11,p2)*Vec(nu12
      ,p2)*Deng(p2,xiz,M4)^2*Deng(q2 + q3,xiw,M3)*xiz*ufoGC81*ufoGC58^2*
      ufoGC80
       - 1/16*g_(1,6_,nu11)*FT1*g_(1,q2)*g_(2,6_,nu9)*FT2*g_(2,q1)*cFT(nu12,XX
      ,i1,iufo13)*cFT(g6,XX,iufo13,j13)*cFT(nu9,XX,i2,iufo3)*cFT(g7,XX,iufo3,
      i3)*flavourTag(fve,j15,j16)*flavourTag(fe,j13,j14)*Vec(nu11,p2)*Vec(nu12
      ,p2)*Deng(p2,xiz,M4)^2*Deng(q2 + q3,xiw,M3)*xiz*ufoGC81*ufoGC58^2*
      ufoGC76
       + 1/16*g_(1,6_,nu11)*FT1*g_(1,q3)*g_(2,6_,nu10)*FT2*g_(2,p2)*cFT(nu12,
      XX,i1,iufo13)*cFT(g7,XX,iufo13,j13)*cFT(nu9,XX,i2,iufo3)*cFT(g7,XX,iufo3
      ,i3)*flavourTag(fve,j15,j16)*flavourTag(fe,j13,j14)*Vec(nu11,p2)*Vec(
      nu10,q2)*Vec(nu12,p2)*Vec(nu9,q3)*Deng(p2,xiz,M4)^2*Deng(q2 + q3,xiw,M3)
      ^2*xiz*ufoGC81*ufoGC58^2*ufoGC80
       + 1/16*g_(1,6_,nu11)*FT1*g_(1,q3)*g_(2,6_,nu10)*FT2*g_(2,p2)*cFT(nu12,
      XX,i1,iufo13)*cFT(g7,XX,iufo13,j13)*cFT(nu9,XX,i2,iufo3)*cFT(g7,XX,iufo3
      ,i3)*flavourTag(fve,j15,j16)*flavourTag(fe,j13,j14)*Vec(nu11,p2)*Vec(
      nu10,q3)*Vec(nu12,p2)*Vec(nu9,q2)*Deng(p2,xiz,M4)^2*Deng(q2 + q3,xiw,M3)
      ^2*xiz*ufoGC81*ufoGC58^2*ufoGC80
       + 1/16*g_(1,6_,nu11)*FT1*g_(1,q3)*g_(2,6_,nu10)*FT2*g_(2,p2)*cFT(nu12,
      XX,i1,iufo13)*cFT(g6,XX,iufo13,j13)*cFT(nu9,XX,i2,iufo3)*cFT(g7,XX,iufo3
      ,i3)*flavourTag(fve,j15,j16)*flavourTag(fe,j13,j14)*Vec(nu11,p2)*Vec(
      nu10,q2)*Vec(nu12,p2)*Vec(nu9,q3)*Deng(p2,xiz,M4)^2*Deng(q2 + q3,xiw,M3)
      ^2*xiz*ufoGC81*ufoGC58^2*ufoGC76
       + 1/16*g_(1,6_,nu11)*FT1*g_(1,q3)*g_(2,6_,nu10)*FT2*g_(2,p2)*cFT(nu12,
      XX,i1,iufo13)*cFT(g6,XX,iufo13,j13)*cFT(nu9,XX,i2,iufo3)*cFT(g7,XX,iufo3
      ,i3)*flavourTag(fve,j15,j16)*flavourTag(fe,j13,j14)*Vec(nu11,p2)*Vec(
      nu10,q3)*Vec(nu12,p2)*Vec(nu9,q2)*Deng(p2,xiz,M4)^2*Deng(q2 + q3,xiw,M3)
      ^2*xiz*ufoGC81*ufoGC58^2*ufoGC76
       + 1/16*g_(1,6_,nu11)*FT1*g_(1,q3)*g_(2,6_,nu10)*FT2*g_(2,q1)*cFT(nu12,
      XX,i1,iufo13)*cFT(g7,XX,iufo13,j13)*cFT(nu9,XX,i2,iufo3)*cFT(g7,XX,iufo3
      ,i3)*flavourTag(fve,j15,j16)*flavourTag(fe,j13,j14)*Vec(nu11,p2)*Vec(
      nu10,q2)*Vec(nu12,p2)*Vec(nu9,q3)*Deng(p2,xiz,M4)^2*Deng(q2 + q3,xiw,M3)
      ^2*xiz*ufoGC81*ufoGC58^2*ufoGC80
       + 1/16*g_(1,6_,nu11)*FT1*g_(1,q3)*g_(2,6_,nu10)*FT2*g_(2,q1)*cFT(nu12,
      XX,i1,iufo13)*cFT(g7,XX,iufo13,j13)*cFT(nu9,XX,i2,iufo3)*cFT(g7,XX,iufo3
      ,i3)*flavourTag(fve,j15,j16)*flavourTag(fe,j13,j14)*Vec(nu11,p2)*Vec(
      nu10,q3)*Vec(nu12,p2)*Vec(nu9,q2)*Deng(p2,xiz,M4)^2*Deng(q2 + q3,xiw,M3)
      ^2*xiz*ufoGC81*ufoGC58^2*ufoGC80
       + 1/16*g_(1,6_,nu11)*FT1*g_(1,q3)*g_(2,6_,nu10)*FT2*g_(2,q1)*cFT(nu12,
      XX,i1,iufo13)*cFT(g6,XX,iufo13,j13)*cFT(nu9,XX,i2,iufo3)*cFT(g7,XX,iufo3
      ,i3)*flavourTag(fve,j15,j16)*flavourTag(fe,j13,j14)*Vec(nu11,p2)*Vec(
      nu10,q2)*Vec(nu12,p2)*Vec(nu9,q3)*Deng(p2,xiz,M4)^2*Deng(q2 + q3,xiw,M3)
      ^2*xiz*ufoGC81*ufoGC58^2*ufoGC76
       + 1/16*g_(1,6_,nu11)*FT1*g_(1,q3)*g_(2,6_,nu10)*FT2*g_(2,q1)*cFT(nu12,
      XX,i1,iufo13)*cFT(g6,XX,iufo13,j13)*cFT(nu9,XX,i2,iufo3)*cFT(g7,XX,iufo3
      ,i3)*flavourTag(fve,j15,j16)*flavourTag(fe,j13,j14)*Vec(nu11,p2)*Vec(
      nu10,q3)*Vec(nu12,p2)*Vec(nu9,q2)*Deng(p2,xiz,M4)^2*Deng(q2 + q3,xiw,M3)
      ^2*xiz*ufoGC81*ufoGC58^2*ufoGC76
       - 1/16*g_(1,6_,nu11)*FT1*g_(1,q3)*g_(2,6_,nu9)*FT2*g_(2,p2)*cFT(nu12,XX
      ,i1,iufo13)*cFT(g7,XX,iufo13,j13)*cFT(nu9,XX,i2,iufo3)*cFT(g7,XX,iufo3,
      i3)*flavourTag(fve,j15,j16)*flavourTag(fe,j13,j14)*Vec(nu11,p2)*Vec(nu12
      ,p2)*Deng(p2,xiz,M4)^2*Deng(q2 + q3,xiw,M3)*xiz*ufoGC81*ufoGC58^2*
      ufoGC80
       - 1/16*g_(1,6_,nu11)*FT1*g_(1,q3)*g_(2,6_,nu9)*FT2*g_(2,p2)*cFT(nu12,XX
      ,i1,iufo13)*cFT(g6,XX,iufo13,j13)*cFT(nu9,XX,i2,iufo3)*cFT(g7,XX,iufo3,
      i3)*flavourTag(fve,j15,j16)*flavourTag(fe,j13,j14)*Vec(nu11,p2)*Vec(nu12
      ,p2)*Deng(p2,xiz,M4)^2*Deng(q2 + q3,xiw,M3)*xiz*ufoGC81*ufoGC58^2*
      ufoGC76
       - 1/16*g_(1,6_,nu11)*FT1*g_(1,q3)*g_(2,6_,nu9)*FT2*g_(2,q1)*cFT(nu12,XX
      ,i1,iufo13)*cFT(g7,XX,iufo13,j13)*cFT(nu9,XX,i2,iufo3)*cFT(g7,XX,iufo3,
      i3)*flavourTag(fve,j15,j16)*flavourTag(fe,j13,j14)*Vec(nu11,p2)*Vec(nu12
      ,p2)*Deng(p2,xiz,M4)^2*Deng(q2 + q3,xiw,M3)*xiz*ufoGC81*ufoGC58^2*
      ufoGC80
       - 1/16*g_(1,6_,nu11)*FT1*g_(1,q3)*g_(2,6_,nu9)*FT2*g_(2,q1)*cFT(nu12,XX
      ,i1,iufo13)*cFT(g6,XX,iufo13,j13)*cFT(nu9,XX,i2,iufo3)*cFT(g7,XX,iufo3,
      i3)*flavourTag(fve,j15,j16)*flavourTag(fe,j13,j14)*Vec(nu11,p2)*Vec(nu12
      ,p2)*Deng(p2,xiz,M4)^2*Deng(q2 + q3,xiw,M3)*xiz*ufoGC81*ufoGC58^2*
      ufoGC76
       - 1/16*g_(1,6_,nu10)*FT1*g_(1,p2)*g_(2,6_,nu10)*FT2*g_(2,p2)*cFT(nu9,XX
      ,i1,iufo13)*cFT(g7,XX,iufo13,j13)*cFT(nu9,XX,i2,iufo3)*cFT(g7,XX,iufo3,
      i3)/(d^3 + d^2 - 2*d)*flavourTag(fve,j15,j16)*flavourTag(fe,j13,j14)*
      Deng(p2,xiz,M4)^2*Deng(q2 + q3,xiw,M3)^2*p2.p2*q2.q2*xiz*ufoGC81*
      ufoGC58^2*ufoGC80
       - 1/16*g_(1,6_,nu10)*FT1*g_(1,p2)*g_(2,6_,nu10)*FT2*g_(2,p2)*cFT(nu9,XX
      ,i1,iufo13)*cFT(g7,XX,iufo13,j13)*cFT(nu9,XX,i2,iufo3)*cFT(g7,XX,iufo3,
      i3)/(d^3 + d^2 - 2*d)*flavourTag(fve,j15,j16)*flavourTag(fe,j13,j14)*
      Deng(p2,xiz,M4)^2*Deng(q2 + q3,xiw,M3)^2*p2.p2*q3.q3*xiz*ufoGC81*
      ufoGC58^2*ufoGC80
       + 1/16*g_(1,6_,nu10)*FT1*g_(1,p2)*g_(2,6_,nu10)*FT2*g_(2,p2)*cFT(nu9,XX
      ,i1,iufo13)*cFT(g7,XX,iufo13,j13)*cFT(nu9,XX,i2,iufo3)*cFT(g7,XX,iufo3,
      i3)/(d^3 + d^2 - 2*d)*flavourTag(fve,j15,j16)*flavourTag(fe,j13,j14)*
      Deng(p2,xiz,M4)^2*Deng(q2 + q3,xiw,M3)^2*p2.q2^2*d*xiz*ufoGC81*ufoGC58^2
      *ufoGC80
       + 1/16*g_(1,6_,nu10)*FT1*g_(1,p2)*g_(2,6_,nu10)*FT2*g_(2,p2)*cFT(nu9,XX
      ,i1,iufo13)*cFT(g7,XX,iufo13,j13)*cFT(nu9,XX,i2,iufo3)*cFT(g7,XX,iufo3,
      i3)/(d^3 + d^2 - 2*d)*flavourTag(fve,j15,j16)*flavourTag(fe,j13,j14)*
      Deng(p2,xiz,M4)^2*Deng(q2 + q3,xiw,M3)^2*p2.q3^2*d*xiz*ufoGC81*ufoGC58^2
      *ufoGC80
       - 1/16*g_(1,6_,nu10)*FT1*g_(1,p2)*g_(2,6_,nu10)*FT2*g_(2,p2)*cFT(nu9,XX
      ,i1,iufo13)*cFT(g6,XX,iufo13,j13)*cFT(nu9,XX,i2,iufo3)*cFT(g7,XX,iufo3,
      i3)/(d^3 + d^2 - 2*d)*flavourTag(fve,j15,j16)*flavourTag(fe,j13,j14)*
      Deng(p2,xiz,M4)^2*Deng(q2 + q3,xiw,M3)^2*p2.p2*q2.q2*xiz*ufoGC81*
      ufoGC58^2*ufoGC76
       - 1/16*g_(1,6_,nu10)*FT1*g_(1,p2)*g_(2,6_,nu10)*FT2*g_(2,p2)*cFT(nu9,XX
      ,i1,iufo13)*cFT(g6,XX,iufo13,j13)*cFT(nu9,XX,i2,iufo3)*cFT(g7,XX,iufo3,
      i3)/(d^3 + d^2 - 2*d)*flavourTag(fve,j15,j16)*flavourTag(fe,j13,j14)*
      Deng(p2,xiz,M4)^2*Deng(q2 + q3,xiw,M3)^2*p2.p2*q3.q3*xiz*ufoGC81*
      ufoGC58^2*ufoGC76
       + 1/16*g_(1,6_,nu10)*FT1*g_(1,p2)*g_(2,6_,nu10)*FT2*g_(2,p2)*cFT(nu9,XX
      ,i1,iufo13)*cFT(g6,XX,iufo13,j13)*cFT(nu9,XX,i2,iufo3)*cFT(g7,XX,iufo3,
      i3)/(d^3 + d^2 - 2*d)*flavourTag(fve,j15,j16)*flavourTag(fe,j13,j14)*
      Deng(p2,xiz,M4)^2*Deng(q2 + q3,xiw,M3)^2*p2.q2^2*d*xiz*ufoGC81*ufoGC58^2
      *ufoGC76
       + 1/16*g_(1,6_,nu10)*FT1*g_(1,p2)*g_(2,6_,nu10)*FT2*g_(2,p2)*cFT(nu9,XX
      ,i1,iufo13)*cFT(g6,XX,iufo13,j13)*cFT(nu9,XX,i2,iufo3)*cFT(g7,XX,iufo3,
      i3)/(d^3 + d^2 - 2*d)*flavourTag(fve,j15,j16)*flavourTag(fe,j13,j14)*
      Deng(p2,xiz,M4)^2*Deng(q2 + q3,xiw,M3)^2*p2.q3^2*d*xiz*ufoGC81*ufoGC58^2
      *ufoGC76
       - 1/16*g_(1,6_,nu10)*FT1*g_(1,p2)*g_(2,6_,nu10)*FT2*g_(2,q1)*cFT(nu9,XX
      ,i1,iufo13)*cFT(g7,XX,iufo13,j13)*cFT(nu9,XX,i2,iufo3)*cFT(g7,XX,iufo3,
      i3)/(d^3 + d^2 - 2*d)*flavourTag(fve,j15,j16)*flavourTag(fe,j13,j14)*
      Deng(p2,xiz,M4)^2*Deng(q2 + q3,xiw,M3)^2*p2.p2*q2.q2*xiz*ufoGC81*
      ufoGC58^2*ufoGC80
       - 1/16*g_(1,6_,nu10)*FT1*g_(1,p2)*g_(2,6_,nu10)*FT2*g_(2,q1)*cFT(nu9,XX
      ,i1,iufo13)*cFT(g7,XX,iufo13,j13)*cFT(nu9,XX,i2,iufo3)*cFT(g7,XX,iufo3,
      i3)/(d^3 + d^2 - 2*d)*flavourTag(fve,j15,j16)*flavourTag(fe,j13,j14)*
      Deng(p2,xiz,M4)^2*Deng(q2 + q3,xiw,M3)^2*p2.p2*q3.q3*xiz*ufoGC81*
      ufoGC58^2*ufoGC80
       + 1/16*g_(1,6_,nu10)*FT1*g_(1,p2)*g_(2,6_,nu10)*FT2*g_(2,q1)*cFT(nu9,XX
      ,i1,iufo13)*cFT(g7,XX,iufo13,j13)*cFT(nu9,XX,i2,iufo3)*cFT(g7,XX,iufo3,
      i3)/(d^3 + d^2 - 2*d)*flavourTag(fve,j15,j16)*flavourTag(fe,j13,j14)*
      Deng(p2,xiz,M4)^2*Deng(q2 + q3,xiw,M3)^2*p2.q2^2*d*xiz*ufoGC81*ufoGC58^2
      *ufoGC80
       + 1/16*g_(1,6_,nu10)*FT1*g_(1,p2)*g_(2,6_,nu10)*FT2*g_(2,q1)*cFT(nu9,XX
      ,i1,iufo13)*cFT(g7,XX,iufo13,j13)*cFT(nu9,XX,i2,iufo3)*cFT(g7,XX,iufo3,
      i3)/(d^3 + d^2 - 2*d)*flavourTag(fve,j15,j16)*flavourTag(fe,j13,j14)*
      Deng(p2,xiz,M4)^2*Deng(q2 + q3,xiw,M3)^2*p2.q3^2*d*xiz*ufoGC81*ufoGC58^2
      *ufoGC80
       - 1/16*g_(1,6_,nu10)*FT1*g_(1,p2)*g_(2,6_,nu10)*FT2*g_(2,q1)*cFT(nu9,XX
      ,i1,iufo13)*cFT(g6,XX,iufo13,j13)*cFT(nu9,XX,i2,iufo3)*cFT(g7,XX,iufo3,
      i3)/(d^3 + d^2 - 2*d)*flavourTag(fve,j15,j16)*flavourTag(fe,j13,j14)*
      Deng(p2,xiz,M4)^2*Deng(q2 + q3,xiw,M3)^2*p2.p2*q2.q2*xiz*ufoGC81*
      ufoGC58^2*ufoGC76
       - 1/16*g_(1,6_,nu10)*FT1*g_(1,p2)*g_(2,6_,nu10)*FT2*g_(2,q1)*cFT(nu9,XX
      ,i1,iufo13)*cFT(g6,XX,iufo13,j13)*cFT(nu9,XX,i2,iufo3)*cFT(g7,XX,iufo3,
      i3)/(d^3 + d^2 - 2*d)*flavourTag(fve,j15,j16)*flavourTag(fe,j13,j14)*
      Deng(p2,xiz,M4)^2*Deng(q2 + q3,xiw,M3)^2*p2.p2*q3.q3*xiz*ufoGC81*
      ufoGC58^2*ufoGC76
       + 1/16*g_(1,6_,nu10)*FT1*g_(1,p2)*g_(2,6_,nu10)*FT2*g_(2,q1)*cFT(nu9,XX
      ,i1,iufo13)*cFT(g6,XX,iufo13,j13)*cFT(nu9,XX,i2,iufo3)*cFT(g7,XX,iufo3,
      i3)/(d^3 + d^2 - 2*d)*flavourTag(fve,j15,j16)*flavourTag(fe,j13,j14)*
      Deng(p2,xiz,M4)^2*Deng(q2 + q3,xiw,M3)^2*p2.q2^2*d*xiz*ufoGC81*ufoGC58^2
      *ufoGC76
       + 1/16*g_(1,6_,nu10)*FT1*g_(1,p2)*g_(2,6_,nu10)*FT2*g_(2,q1)*cFT(nu9,XX
      ,i1,iufo13)*cFT(g6,XX,iufo13,j13)*cFT(nu9,XX,i2,iufo3)*cFT(g7,XX,iufo3,
      i3)/(d^3 + d^2 - 2*d)*flavourTag(fve,j15,j16)*flavourTag(fe,j13,j14)*
      Deng(p2,xiz,M4)^2*Deng(q2 + q3,xiw,M3)^2*p2.q3^2*d*xiz*ufoGC81*ufoGC58^2
      *ufoGC76
       - 1/16*g_(1,6_,nu10)*FT1*g_(1,q1)*g_(2,6_,nu10)*FT2*g_(2,p2)*cFT(nu9,XX
      ,i1,iufo13)*cFT(g7,XX,iufo13,j13)*cFT(nu9,XX,i2,iufo3)*cFT(g7,XX,iufo3,
      i3)/(d^3 + d^2 - 2*d)*flavourTag(fve,j15,j16)*flavourTag(fe,j13,j14)*
      Deng(p2,xiz,M4)^2*Deng(q2 + q3,xiw,M3)^2*p2.p2*q2.q2*xiz*ufoGC81*
      ufoGC58^2*ufoGC80
       - 1/16*g_(1,6_,nu10)*FT1*g_(1,q1)*g_(2,6_,nu10)*FT2*g_(2,p2)*cFT(nu9,XX
      ,i1,iufo13)*cFT(g7,XX,iufo13,j13)*cFT(nu9,XX,i2,iufo3)*cFT(g7,XX,iufo3,
      i3)/(d^3 + d^2 - 2*d)*flavourTag(fve,j15,j16)*flavourTag(fe,j13,j14)*
      Deng(p2,xiz,M4)^2*Deng(q2 + q3,xiw,M3)^2*p2.p2*q3.q3*xiz*ufoGC81*
      ufoGC58^2*ufoGC80
       + 1/16*g_(1,6_,nu10)*FT1*g_(1,q1)*g_(2,6_,nu10)*FT2*g_(2,p2)*cFT(nu9,XX
      ,i1,iufo13)*cFT(g7,XX,iufo13,j13)*cFT(nu9,XX,i2,iufo3)*cFT(g7,XX,iufo3,
      i3)/(d^3 + d^2 - 2*d)*flavourTag(fve,j15,j16)*flavourTag(fe,j13,j14)*
      Deng(p2,xiz,M4)^2*Deng(q2 + q3,xiw,M3)^2*p2.q2^2*d*xiz*ufoGC81*ufoGC58^2
      *ufoGC80
       + 1/16*g_(1,6_,nu10)*FT1*g_(1,q1)*g_(2,6_,nu10)*FT2*g_(2,p2)*cFT(nu9,XX
      ,i1,iufo13)*cFT(g7,XX,iufo13,j13)*cFT(nu9,XX,i2,iufo3)*cFT(g7,XX,iufo3,
      i3)/(d^3 + d^2 - 2*d)*flavourTag(fve,j15,j16)*flavourTag(fe,j13,j14)*
      Deng(p2,xiz,M4)^2*Deng(q2 + q3,xiw,M3)^2*p2.q3^2*d*xiz*ufoGC81*ufoGC58^2
      *ufoGC80
       - 1/16*g_(1,6_,nu10)*FT1*g_(1,q1)*g_(2,6_,nu10)*FT2*g_(2,p2)*cFT(nu9,XX
      ,i1,iufo13)*cFT(g6,XX,iufo13,j13)*cFT(nu9,XX,i2,iufo3)*cFT(g7,XX,iufo3,
      i3)/(d^3 + d^2 - 2*d)*flavourTag(fve,j15,j16)*flavourTag(fe,j13,j14)*
      Deng(p2,xiz,M4)^2*Deng(q2 + q3,xiw,M3)^2*p2.p2*q2.q2*xiz*ufoGC81*
      ufoGC58^2*ufoGC76
       - 1/16*g_(1,6_,nu10)*FT1*g_(1,q1)*g_(2,6_,nu10)*FT2*g_(2,p2)*cFT(nu9,XX
      ,i1,iufo13)*cFT(g6,XX,iufo13,j13)*cFT(nu9,XX,i2,iufo3)*cFT(g7,XX,iufo3,
      i3)/(d^3 + d^2 - 2*d)*flavourTag(fve,j15,j16)*flavourTag(fe,j13,j14)*
      Deng(p2,xiz,M4)^2*Deng(q2 + q3,xiw,M3)^2*p2.p2*q3.q3*xiz*ufoGC81*
      ufoGC58^2*ufoGC76
       + 1/16*g_(1,6_,nu10)*FT1*g_(1,q1)*g_(2,6_,nu10)*FT2*g_(2,p2)*cFT(nu9,XX
      ,i1,iufo13)*cFT(g6,XX,iufo13,j13)*cFT(nu9,XX,i2,iufo3)*cFT(g7,XX,iufo3,
      i3)/(d^3 + d^2 - 2*d)*flavourTag(fve,j15,j16)*flavourTag(fe,j13,j14)*
      Deng(p2,xiz,M4)^2*Deng(q2 + q3,xiw,M3)^2*p2.q2^2*d*xiz*ufoGC81*ufoGC58^2
      *ufoGC76
       + 1/16*g_(1,6_,nu10)*FT1*g_(1,q1)*g_(2,6_,nu10)*FT2*g_(2,p2)*cFT(nu9,XX
      ,i1,iufo13)*cFT(g6,XX,iufo13,j13)*cFT(nu9,XX,i2,iufo3)*cFT(g7,XX,iufo3,
      i3)/(d^3 + d^2 - 2*d)*flavourTag(fve,j15,j16)*flavourTag(fe,j13,j14)*
      Deng(p2,xiz,M4)^2*Deng(q2 + q3,xiw,M3)^2*p2.q3^2*d*xiz*ufoGC81*ufoGC58^2
      *ufoGC76
       - 1/16*g_(1,6_,nu10)*FT1*g_(1,q1)*g_(2,6_,nu10)*FT2*g_(2,q1)*cFT(nu9,XX
      ,i1,iufo13)*cFT(g7,XX,iufo13,j13)*cFT(nu9,XX,i2,iufo3)*cFT(g7,XX,iufo3,
      i3)/(d^3 + d^2 - 2*d)*flavourTag(fve,j15,j16)*flavourTag(fe,j13,j14)*
      Deng(p2,xiz,M4)^2*Deng(q2 + q3,xiw,M3)^2*p2.p2*q2.q2*xiz*ufoGC81*
      ufoGC58^2*ufoGC80
       - 1/16*g_(1,6_,nu10)*FT1*g_(1,q1)*g_(2,6_,nu10)*FT2*g_(2,q1)*cFT(nu9,XX
      ,i1,iufo13)*cFT(g7,XX,iufo13,j13)*cFT(nu9,XX,i2,iufo3)*cFT(g7,XX,iufo3,
      i3)/(d^3 + d^2 - 2*d)*flavourTag(fve,j15,j16)*flavourTag(fe,j13,j14)*
      Deng(p2,xiz,M4)^2*Deng(q2 + q3,xiw,M3)^2*p2.p2*q3.q3*xiz*ufoGC81*
      ufoGC58^2*ufoGC80
       + 1/16*g_(1,6_,nu10)*FT1*g_(1,q1)*g_(2,6_,nu10)*FT2*g_(2,q1)*cFT(nu9,XX
      ,i1,iufo13)*cFT(g7,XX,iufo13,j13)*cFT(nu9,XX,i2,iufo3)*cFT(g7,XX,iufo3,
      i3)/(d^3 + d^2 - 2*d)*flavourTag(fve,j15,j16)*flavourTag(fe,j13,j14)*
      Deng(p2,xiz,M4)^2*Deng(q2 + q3,xiw,M3)^2*p2.q2^2*d*xiz*ufoGC81*ufoGC58^2
      *ufoGC80
       + 1/16*g_(1,6_,nu10)*FT1*g_(1,q1)*g_(2,6_,nu10)*FT2*g_(2,q1)*cFT(nu9,XX
      ,i1,iufo13)*cFT(g7,XX,iufo13,j13)*cFT(nu9,XX,i2,iufo3)*cFT(g7,XX,iufo3,
      i3)/(d^3 + d^2 - 2*d)*flavourTag(fve,j15,j16)*flavourTag(fe,j13,j14)*
      Deng(p2,xiz,M4)^2*Deng(q2 + q3,xiw,M3)^2*p2.q3^2*d*xiz*ufoGC81*ufoGC58^2
      *ufoGC80
       - 1/16*g_(1,6_,nu10)*FT1*g_(1,q1)*g_(2,6_,nu10)*FT2*g_(2,q1)*cFT(nu9,XX
      ,i1,iufo13)*cFT(g6,XX,iufo13,j13)*cFT(nu9,XX,i2,iufo3)*cFT(g7,XX,iufo3,
      i3)/(d^3 + d^2 - 2*d)*flavourTag(fve,j15,j16)*flavourTag(fe,j13,j14)*
      Deng(p2,xiz,M4)^2*Deng(q2 + q3,xiw,M3)^2*p2.p2*q2.q2*xiz*ufoGC81*
      ufoGC58^2*ufoGC76
       - 1/16*g_(1,6_,nu10)*FT1*g_(1,q1)*g_(2,6_,nu10)*FT2*g_(2,q1)*cFT(nu9,XX
      ,i1,iufo13)*cFT(g6,XX,iufo13,j13)*cFT(nu9,XX,i2,iufo3)*cFT(g7,XX,iufo3,
      i3)/(d^3 + d^2 - 2*d)*flavourTag(fve,j15,j16)*flavourTag(fe,j13,j14)*
      Deng(p2,xiz,M4)^2*Deng(q2 + q3,xiw,M3)^2*p2.p2*q3.q3*xiz*ufoGC81*
      ufoGC58^2*ufoGC76
       + 1/16*g_(1,6_,nu10)*FT1*g_(1,q1)*g_(2,6_,nu10)*FT2*g_(2,q1)*cFT(nu9,XX
      ,i1,iufo13)*cFT(g6,XX,iufo13,j13)*cFT(nu9,XX,i2,iufo3)*cFT(g7,XX,iufo3,
      i3)/(d^3 + d^2 - 2*d)*flavourTag(fve,j15,j16)*flavourTag(fe,j13,j14)*
      Deng(p2,xiz,M4)^2*Deng(q2 + q3,xiw,M3)^2*p2.q2^2*d*xiz*ufoGC81*ufoGC58^2
      *ufoGC76
       + 1/16*g_(1,6_,nu10)*FT1*g_(1,q1)*g_(2,6_,nu10)*FT2*g_(2,q1)*cFT(nu9,XX
      ,i1,iufo13)*cFT(g6,XX,iufo13,j13)*cFT(nu9,XX,i2,iufo3)*cFT(g7,XX,iufo3,
      i3)/(d^3 + d^2 - 2*d)*flavourTag(fve,j15,j16)*flavourTag(fe,j13,j14)*
      Deng(p2,xiz,M4)^2*Deng(q2 + q3,xiw,M3)^2*p2.q3^2*d*xiz*ufoGC81*ufoGC58^2
      *ufoGC76
       - 1/16*g_(1,6_,nu10)*FT1*g_(1,q2)*g_(2,6_,nu10)*FT2*g_(2,p2)*cFT(nu9,XX
      ,i1,iufo13)*cFT(g7,XX,iufo13,j13)*cFT(nu9,XX,i2,iufo3)*cFT(g7,XX,iufo3,
      i3)/(d^3 + d^2 - 2*d)*flavourTag(fve,j15,j16)*flavourTag(fe,j13,j14)*
      Deng(p2,xiz,M4)^2*Deng(q2 + q3,xiw,M3)^2*p2.p2*q2.q2*xiz*ufoGC81*
      ufoGC58^2*ufoGC80
       - 1/16*g_(1,6_,nu10)*FT1*g_(1,q2)*g_(2,6_,nu10)*FT2*g_(2,p2)*cFT(nu9,XX
      ,i1,iufo13)*cFT(g7,XX,iufo13,j13)*cFT(nu9,XX,i2,iufo3)*cFT(g7,XX,iufo3,
      i3)/(d^3 + d^2 - 2*d)*flavourTag(fve,j15,j16)*flavourTag(fe,j13,j14)*
      Deng(p2,xiz,M4)^2*Deng(q2 + q3,xiw,M3)^2*p2.p2*q3.q3*xiz*ufoGC81*
      ufoGC58^2*ufoGC80
       + 1/16*g_(1,6_,nu10)*FT1*g_(1,q2)*g_(2,6_,nu10)*FT2*g_(2,p2)*cFT(nu9,XX
      ,i1,iufo13)*cFT(g7,XX,iufo13,j13)*cFT(nu9,XX,i2,iufo3)*cFT(g7,XX,iufo3,
      i3)/(d^3 + d^2 - 2*d)*flavourTag(fve,j15,j16)*flavourTag(fe,j13,j14)*
      Deng(p2,xiz,M4)^2*Deng(q2 + q3,xiw,M3)^2*p2.q2^2*d*xiz*ufoGC81*ufoGC58^2
      *ufoGC80
       + 1/16*g_(1,6_,nu10)*FT1*g_(1,q2)*g_(2,6_,nu10)*FT2*g_(2,p2)*cFT(nu9,XX
      ,i1,iufo13)*cFT(g7,XX,iufo13,j13)*cFT(nu9,XX,i2,iufo3)*cFT(g7,XX,iufo3,
      i3)/(d^3 + d^2 - 2*d)*flavourTag(fve,j15,j16)*flavourTag(fe,j13,j14)*
      Deng(p2,xiz,M4)^2*Deng(q2 + q3,xiw,M3)^2*p2.q3^2*d*xiz*ufoGC81*ufoGC58^2
      *ufoGC80
       - 1/16*g_(1,6_,nu10)*FT1*g_(1,q2)*g_(2,6_,nu10)*FT2*g_(2,p2)*cFT(nu9,XX
      ,i1,iufo13)*cFT(g6,XX,iufo13,j13)*cFT(nu9,XX,i2,iufo3)*cFT(g7,XX,iufo3,
      i3)/(d^3 + d^2 - 2*d)*flavourTag(fve,j15,j16)*flavourTag(fe,j13,j14)*
      Deng(p2,xiz,M4)^2*Deng(q2 + q3,xiw,M3)^2*p2.p2*q2.q2*xiz*ufoGC81*
      ufoGC58^2*ufoGC76
       - 1/16*g_(1,6_,nu10)*FT1*g_(1,q2)*g_(2,6_,nu10)*FT2*g_(2,p2)*cFT(nu9,XX
      ,i1,iufo13)*cFT(g6,XX,iufo13,j13)*cFT(nu9,XX,i2,iufo3)*cFT(g7,XX,iufo3,
      i3)/(d^3 + d^2 - 2*d)*flavourTag(fve,j15,j16)*flavourTag(fe,j13,j14)*
      Deng(p2,xiz,M4)^2*Deng(q2 + q3,xiw,M3)^2*p2.p2*q3.q3*xiz*ufoGC81*
      ufoGC58^2*ufoGC76
       + 1/16*g_(1,6_,nu10)*FT1*g_(1,q2)*g_(2,6_,nu10)*FT2*g_(2,p2)*cFT(nu9,XX
      ,i1,iufo13)*cFT(g6,XX,iufo13,j13)*cFT(nu9,XX,i2,iufo3)*cFT(g7,XX,iufo3,
      i3)/(d^3 + d^2 - 2*d)*flavourTag(fve,j15,j16)*flavourTag(fe,j13,j14)*
      Deng(p2,xiz,M4)^2*Deng(q2 + q3,xiw,M3)^2*p2.q2^2*d*xiz*ufoGC81*ufoGC58^2
      *ufoGC76
       + 1/16*g_(1,6_,nu10)*FT1*g_(1,q2)*g_(2,6_,nu10)*FT2*g_(2,p2)*cFT(nu9,XX
      ,i1,iufo13)*cFT(g6,XX,iufo13,j13)*cFT(nu9,XX,i2,iufo3)*cFT(g7,XX,iufo3,
      i3)/(d^3 + d^2 - 2*d)*flavourTag(fve,j15,j16)*flavourTag(fe,j13,j14)*
      Deng(p2,xiz,M4)^2*Deng(q2 + q3,xiw,M3)^2*p2.q3^2*d*xiz*ufoGC81*ufoGC58^2
      *ufoGC76
       - 1/16*g_(1,6_,nu10)*FT1*g_(1,q2)*g_(2,6_,nu10)*FT2*g_(2,q1)*cFT(nu9,XX
      ,i1,iufo13)*cFT(g7,XX,iufo13,j13)*cFT(nu9,XX,i2,iufo3)*cFT(g7,XX,iufo3,
      i3)/(d^3 + d^2 - 2*d)*flavourTag(fve,j15,j16)*flavourTag(fe,j13,j14)*
      Deng(p2,xiz,M4)^2*Deng(q2 + q3,xiw,M3)^2*p2.p2*q2.q2*xiz*ufoGC81*
      ufoGC58^2*ufoGC80
       - 1/16*g_(1,6_,nu10)*FT1*g_(1,q2)*g_(2,6_,nu10)*FT2*g_(2,q1)*cFT(nu9,XX
      ,i1,iufo13)*cFT(g7,XX,iufo13,j13)*cFT(nu9,XX,i2,iufo3)*cFT(g7,XX,iufo3,
      i3)/(d^3 + d^2 - 2*d)*flavourTag(fve,j15,j16)*flavourTag(fe,j13,j14)*
      Deng(p2,xiz,M4)^2*Deng(q2 + q3,xiw,M3)^2*p2.p2*q3.q3*xiz*ufoGC81*
      ufoGC58^2*ufoGC80
       + 1/16*g_(1,6_,nu10)*FT1*g_(1,q2)*g_(2,6_,nu10)*FT2*g_(2,q1)*cFT(nu9,XX
      ,i1,iufo13)*cFT(g7,XX,iufo13,j13)*cFT(nu9,XX,i2,iufo3)*cFT(g7,XX,iufo3,
      i3)/(d^3 + d^2 - 2*d)*flavourTag(fve,j15,j16)*flavourTag(fe,j13,j14)*
      Deng(p2,xiz,M4)^2*Deng(q2 + q3,xiw,M3)^2*p2.q2^2*d*xiz*ufoGC81*ufoGC58^2
      *ufoGC80
       + 1/16*g_(1,6_,nu10)*FT1*g_(1,q2)*g_(2,6_,nu10)*FT2*g_(2,q1)*cFT(nu9,XX
      ,i1,iufo13)*cFT(g7,XX,iufo13,j13)*cFT(nu9,XX,i2,iufo3)*cFT(g7,XX,iufo3,
      i3)/(d^3 + d^2 - 2*d)*flavourTag(fve,j15,j16)*flavourTag(fe,j13,j14)*
      Deng(p2,xiz,M4)^2*Deng(q2 + q3,xiw,M3)^2*p2.q3^2*d*xiz*ufoGC81*ufoGC58^2
      *ufoGC80
       - 1/16*g_(1,6_,nu10)*FT1*g_(1,q2)*g_(2,6_,nu10)*FT2*g_(2,q1)*cFT(nu9,XX
      ,i1,iufo13)*cFT(g6,XX,iufo13,j13)*cFT(nu9,XX,i2,iufo3)*cFT(g7,XX,iufo3,
      i3)/(d^3 + d^2 - 2*d)*flavourTag(fve,j15,j16)*flavourTag(fe,j13,j14)*
      Deng(p2,xiz,M4)^2*Deng(q2 + q3,xiw,M3)^2*p2.p2*q2.q2*xiz*ufoGC81*
      ufoGC58^2*ufoGC76
       - 1/16*g_(1,6_,nu10)*FT1*g_(1,q2)*g_(2,6_,nu10)*FT2*g_(2,q1)*cFT(nu9,XX
      ,i1,iufo13)*cFT(g6,XX,iufo13,j13)*cFT(nu9,XX,i2,iufo3)*cFT(g7,XX,iufo3,
      i3)/(d^3 + d^2 - 2*d)*flavourTag(fve,j15,j16)*flavourTag(fe,j13,j14)*
      Deng(p2,xiz,M4)^2*Deng(q2 + q3,xiw,M3)^2*p2.p2*q3.q3*xiz*ufoGC81*
      ufoGC58^2*ufoGC76
       + 1/16*g_(1,6_,nu10)*FT1*g_(1,q2)*g_(2,6_,nu10)*FT2*g_(2,q1)*cFT(nu9,XX
      ,i1,iufo13)*cFT(g6,XX,iufo13,j13)*cFT(nu9,XX,i2,iufo3)*cFT(g7,XX,iufo3,
      i3)/(d^3 + d^2 - 2*d)*flavourTag(fve,j15,j16)*flavourTag(fe,j13,j14)*
      Deng(p2,xiz,M4)^2*Deng(q2 + q3,xiw,M3)^2*p2.q2^2*d*xiz*ufoGC81*ufoGC58^2
      *ufoGC76
       + 1/16*g_(1,6_,nu10)*FT1*g_(1,q2)*g_(2,6_,nu10)*FT2*g_(2,q1)*cFT(nu9,XX
      ,i1,iufo13)*cFT(g6,XX,iufo13,j13)*cFT(nu9,XX,i2,iufo3)*cFT(g7,XX,iufo3,
      i3)/(d^3 + d^2 - 2*d)*flavourTag(fve,j15,j16)*flavourTag(fe,j13,j14)*
      Deng(p2,xiz,M4)^2*Deng(q2 + q3,xiw,M3)^2*p2.q3^2*d*xiz*ufoGC81*ufoGC58^2
      *ufoGC76
       - 1/16*g_(1,6_,nu10)*FT1*g_(1,q3)*g_(2,6_,nu10)*FT2*g_(2,p2)*cFT(nu9,XX
      ,i1,iufo13)*cFT(g7,XX,iufo13,j13)*cFT(nu9,XX,i2,iufo3)*cFT(g7,XX,iufo3,
      i3)/(d^3 + d^2 - 2*d)*flavourTag(fve,j15,j16)*flavourTag(fe,j13,j14)*
      Deng(p2,xiz,M4)^2*Deng(q2 + q3,xiw,M3)^2*p2.p2*q2.q2*xiz*ufoGC81*
      ufoGC58^2*ufoGC80
       - 1/16*g_(1,6_,nu10)*FT1*g_(1,q3)*g_(2,6_,nu10)*FT2*g_(2,p2)*cFT(nu9,XX
      ,i1,iufo13)*cFT(g7,XX,iufo13,j13)*cFT(nu9,XX,i2,iufo3)*cFT(g7,XX,iufo3,
      i3)/(d^3 + d^2 - 2*d)*flavourTag(fve,j15,j16)*flavourTag(fe,j13,j14)*
      Deng(p2,xiz,M4)^2*Deng(q2 + q3,xiw,M3)^2*p2.p2*q3.q3*xiz*ufoGC81*
      ufoGC58^2*ufoGC80
       + 1/16*g_(1,6_,nu10)*FT1*g_(1,q3)*g_(2,6_,nu10)*FT2*g_(2,p2)*cFT(nu9,XX
      ,i1,iufo13)*cFT(g7,XX,iufo13,j13)*cFT(nu9,XX,i2,iufo3)*cFT(g7,XX,iufo3,
      i3)/(d^3 + d^2 - 2*d)*flavourTag(fve,j15,j16)*flavourTag(fe,j13,j14)*
      Deng(p2,xiz,M4)^2*Deng(q2 + q3,xiw,M3)^2*p2.q2^2*d*xiz*ufoGC81*ufoGC58^2
      *ufoGC80
       + 1/16*g_(1,6_,nu10)*FT1*g_(1,q3)*g_(2,6_,nu10)*FT2*g_(2,p2)*cFT(nu9,XX
      ,i1,iufo13)*cFT(g7,XX,iufo13,j13)*cFT(nu9,XX,i2,iufo3)*cFT(g7,XX,iufo3,
      i3)/(d^3 + d^2 - 2*d)*flavourTag(fve,j15,j16)*flavourTag(fe,j13,j14)*
      Deng(p2,xiz,M4)^2*Deng(q2 + q3,xiw,M3)^2*p2.q3^2*d*xiz*ufoGC81*ufoGC58^2
      *ufoGC80
       - 1/16*g_(1,6_,nu10)*FT1*g_(1,q3)*g_(2,6_,nu10)*FT2*g_(2,p2)*cFT(nu9,XX
      ,i1,iufo13)*cFT(g6,XX,iufo13,j13)*cFT(nu9,XX,i2,iufo3)*cFT(g7,XX,iufo3,
      i3)/(d^3 + d^2 - 2*d)*flavourTag(fve,j15,j16)*flavourTag(fe,j13,j14)*
      Deng(p2,xiz,M4)^2*Deng(q2 + q3,xiw,M3)^2*p2.p2*q2.q2*xiz*ufoGC81*
      ufoGC58^2*ufoGC76
       - 1/16*g_(1,6_,nu10)*FT1*g_(1,q3)*g_(2,6_,nu10)*FT2*g_(2,p2)*cFT(nu9,XX
      ,i1,iufo13)*cFT(g6,XX,iufo13,j13)*cFT(nu9,XX,i2,iufo3)*cFT(g7,XX,iufo3,
      i3)/(d^3 + d^2 - 2*d)*flavourTag(fve,j15,j16)*flavourTag(fe,j13,j14)*
      Deng(p2,xiz,M4)^2*Deng(q2 + q3,xiw,M3)^2*p2.p2*q3.q3*xiz*ufoGC81*
      ufoGC58^2*ufoGC76
       + 1/16*g_(1,6_,nu10)*FT1*g_(1,q3)*g_(2,6_,nu10)*FT2*g_(2,p2)*cFT(nu9,XX
      ,i1,iufo13)*cFT(g6,XX,iufo13,j13)*cFT(nu9,XX,i2,iufo3)*cFT(g7,XX,iufo3,
      i3)/(d^3 + d^2 - 2*d)*flavourTag(fve,j15,j16)*flavourTag(fe,j13,j14)*
      Deng(p2,xiz,M4)^2*Deng(q2 + q3,xiw,M3)^2*p2.q2^2*d*xiz*ufoGC81*ufoGC58^2
      *ufoGC76
       + 1/16*g_(1,6_,nu10)*FT1*g_(1,q3)*g_(2,6_,nu10)*FT2*g_(2,p2)*cFT(nu9,XX
      ,i1,iufo13)*cFT(g6,XX,iufo13,j13)*cFT(nu9,XX,i2,iufo3)*cFT(g7,XX,iufo3,
      i3)/(d^3 + d^2 - 2*d)*flavourTag(fve,j15,j16)*flavourTag(fe,j13,j14)*
      Deng(p2,xiz,M4)^2*Deng(q2 + q3,xiw,M3)^2*p2.q3^2*d*xiz*ufoGC81*ufoGC58^2
      *ufoGC76
       - 1/16*g_(1,6_,nu10)*FT1*g_(1,q3)*g_(2,6_,nu10)*FT2*g_(2,q1)*cFT(nu9,XX
      ,i1,iufo13)*cFT(g7,XX,iufo13,j13)*cFT(nu9,XX,i2,iufo3)*cFT(g7,XX,iufo3,
      i3)/(d^3 + d^2 - 2*d)*flavourTag(fve,j15,j16)*flavourTag(fe,j13,j14)*
      Deng(p2,xiz,M4)^2*Deng(q2 + q3,xiw,M3)^2*p2.p2*q2.q2*xiz*ufoGC81*
      ufoGC58^2*ufoGC80
       - 1/16*g_(1,6_,nu10)*FT1*g_(1,q3)*g_(2,6_,nu10)*FT2*g_(2,q1)*cFT(nu9,XX
      ,i1,iufo13)*cFT(g7,XX,iufo13,j13)*cFT(nu9,XX,i2,iufo3)*cFT(g7,XX,iufo3,
      i3)/(d^3 + d^2 - 2*d)*flavourTag(fve,j15,j16)*flavourTag(fe,j13,j14)*
      Deng(p2,xiz,M4)^2*Deng(q2 + q3,xiw,M3)^2*p2.p2*q3.q3*xiz*ufoGC81*
      ufoGC58^2*ufoGC80
       + 1/16*g_(1,6_,nu10)*FT1*g_(1,q3)*g_(2,6_,nu10)*FT2*g_(2,q1)*cFT(nu9,XX
      ,i1,iufo13)*cFT(g7,XX,iufo13,j13)*cFT(nu9,XX,i2,iufo3)*cFT(g7,XX,iufo3,
      i3)/(d^3 + d^2 - 2*d)*flavourTag(fve,j15,j16)*flavourTag(fe,j13,j14)*
      Deng(p2,xiz,M4)^2*Deng(q2 + q3,xiw,M3)^2*p2.q2^2*d*xiz*ufoGC81*ufoGC58^2
      *ufoGC80
       + 1/16*g_(1,6_,nu10)*FT1*g_(1,q3)*g_(2,6_,nu10)*FT2*g_(2,q1)*cFT(nu9,XX
      ,i1,iufo13)*cFT(g7,XX,iufo13,j13)*cFT(nu9,XX,i2,iufo3)*cFT(g7,XX,iufo3,
      i3)/(d^3 + d^2 - 2*d)*flavourTag(fve,j15,j16)*flavourTag(fe,j13,j14)*
      Deng(p2,xiz,M4)^2*Deng(q2 + q3,xiw,M3)^2*p2.q3^2*d*xiz*ufoGC81*ufoGC58^2
      *ufoGC80
       - 1/16*g_(1,6_,nu10)*FT1*g_(1,q3)*g_(2,6_,nu10)*FT2*g_(2,q1)*cFT(nu9,XX
      ,i1,iufo13)*cFT(g6,XX,iufo13,j13)*cFT(nu9,XX,i2,iufo3)*cFT(g7,XX,iufo3,
      i3)/(d^3 + d^2 - 2*d)*flavourTag(fve,j15,j16)*flavourTag(fe,j13,j14)*
      Deng(p2,xiz,M4)^2*Deng(q2 + q3,xiw,M3)^2*p2.p2*q2.q2*xiz*ufoGC81*
      ufoGC58^2*ufoGC76
       - 1/16*g_(1,6_,nu10)*FT1*g_(1,q3)*g_(2,6_,nu10)*FT2*g_(2,q1)*cFT(nu9,XX
      ,i1,iufo13)*cFT(g6,XX,iufo13,j13)*cFT(nu9,XX,i2,iufo3)*cFT(g7,XX,iufo3,
      i3)/(d^3 + d^2 - 2*d)*flavourTag(fve,j15,j16)*flavourTag(fe,j13,j14)*
      Deng(p2,xiz,M4)^2*Deng(q2 + q3,xiw,M3)^2*p2.p2*q3.q3*xiz*ufoGC81*
      ufoGC58^2*ufoGC76
       + 1/16*g_(1,6_,nu10)*FT1*g_(1,q3)*g_(2,6_,nu10)*FT2*g_(2,q1)*cFT(nu9,XX
      ,i1,iufo13)*cFT(g6,XX,iufo13,j13)*cFT(nu9,XX,i2,iufo3)*cFT(g7,XX,iufo3,
      i3)/(d^3 + d^2 - 2*d)*flavourTag(fve,j15,j16)*flavourTag(fe,j13,j14)*
      Deng(p2,xiz,M4)^2*Deng(q2 + q3,xiw,M3)^2*p2.q2^2*d*xiz*ufoGC81*ufoGC58^2
      *ufoGC76
       + 1/16*g_(1,6_,nu10)*FT1*g_(1,q3)*g_(2,6_,nu10)*FT2*g_(2,q1)*cFT(nu9,XX
      ,i1,iufo13)*cFT(g6,XX,iufo13,j13)*cFT(nu9,XX,i2,iufo3)*cFT(g7,XX,iufo3,
      i3)/(d^3 + d^2 - 2*d)*flavourTag(fve,j15,j16)*flavourTag(fe,j13,j14)*
      Deng(p2,xiz,M4)^2*Deng(q2 + q3,xiw,M3)^2*p2.q3^2*d*xiz*ufoGC81*ufoGC58^2
      *ufoGC76
       - 1/16*g_(1,6_,nu9)*FT1*g_(1,p2)*g_(2,6_,nu10)*FT2*g_(2,p2)*cFT(nu10,XX
      ,i1,iufo13)*cFT(g7,XX,iufo13,j13)*cFT(nu9,XX,i2,iufo3)*cFT(g7,XX,iufo3,
      i3)/(d^3 + d^2 - 2*d)*flavourTag(fve,j15,j16)*flavourTag(fe,j13,j14)*
      Deng(p2,xiz,M4)^2*Deng(q2 + q3,xiw,M3)^2*p2.p2*q2.q2*xiz*ufoGC81*
      ufoGC58^2*ufoGC80
       - 1/16*g_(1,6_,nu9)*FT1*g_(1,p2)*g_(2,6_,nu10)*FT2*g_(2,p2)*cFT(nu10,XX
      ,i1,iufo13)*cFT(g7,XX,iufo13,j13)*cFT(nu9,XX,i2,iufo3)*cFT(g7,XX,iufo3,
      i3)/(d^3 + d^2 - 2*d)*flavourTag(fve,j15,j16)*flavourTag(fe,j13,j14)*
      Deng(p2,xiz,M4)^2*Deng(q2 + q3,xiw,M3)^2*p2.p2*q3.q3*xiz*ufoGC81*
      ufoGC58^2*ufoGC80
       + 1/16*g_(1,6_,nu9)*FT1*g_(1,p2)*g_(2,6_,nu10)*FT2*g_(2,p2)*cFT(nu10,XX
      ,i1,iufo13)*cFT(g7,XX,iufo13,j13)*cFT(nu9,XX,i2,iufo3)*cFT(g7,XX,iufo3,
      i3)/(d^3 + d^2 - 2*d)*flavourTag(fve,j15,j16)*flavourTag(fe,j13,j14)*
      Deng(p2,xiz,M4)^2*Deng(q2 + q3,xiw,M3)^2*p2.q2^2*d*xiz*ufoGC81*ufoGC58^2
      *ufoGC80
       + 1/16*g_(1,6_,nu9)*FT1*g_(1,p2)*g_(2,6_,nu10)*FT2*g_(2,p2)*cFT(nu10,XX
      ,i1,iufo13)*cFT(g7,XX,iufo13,j13)*cFT(nu9,XX,i2,iufo3)*cFT(g7,XX,iufo3,
      i3)/(d^3 + d^2 - 2*d)*flavourTag(fve,j15,j16)*flavourTag(fe,j13,j14)*
      Deng(p2,xiz,M4)^2*Deng(q2 + q3,xiw,M3)^2*p2.q3^2*d*xiz*ufoGC81*ufoGC58^2
      *ufoGC80
       - 1/16*g_(1,6_,nu9)*FT1*g_(1,p2)*g_(2,6_,nu10)*FT2*g_(2,p2)*cFT(nu10,XX
      ,i1,iufo13)*cFT(g6,XX,iufo13,j13)*cFT(nu9,XX,i2,iufo3)*cFT(g7,XX,iufo3,
      i3)/(d^3 + d^2 - 2*d)*flavourTag(fve,j15,j16)*flavourTag(fe,j13,j14)*
      Deng(p2,xiz,M4)^2*Deng(q2 + q3,xiw,M3)^2*p2.p2*q2.q2*xiz*ufoGC81*
      ufoGC58^2*ufoGC76
       - 1/16*g_(1,6_,nu9)*FT1*g_(1,p2)*g_(2,6_,nu10)*FT2*g_(2,p2)*cFT(nu10,XX
      ,i1,iufo13)*cFT(g6,XX,iufo13,j13)*cFT(nu9,XX,i2,iufo3)*cFT(g7,XX,iufo3,
      i3)/(d^3 + d^2 - 2*d)*flavourTag(fve,j15,j16)*flavourTag(fe,j13,j14)*
      Deng(p2,xiz,M4)^2*Deng(q2 + q3,xiw,M3)^2*p2.p2*q3.q3*xiz*ufoGC81*
      ufoGC58^2*ufoGC76
       + 1/16*g_(1,6_,nu9)*FT1*g_(1,p2)*g_(2,6_,nu10)*FT2*g_(2,p2)*cFT(nu10,XX
      ,i1,iufo13)*cFT(g6,XX,iufo13,j13)*cFT(nu9,XX,i2,iufo3)*cFT(g7,XX,iufo3,
      i3)/(d^3 + d^2 - 2*d)*flavourTag(fve,j15,j16)*flavourTag(fe,j13,j14)*
      Deng(p2,xiz,M4)^2*Deng(q2 + q3,xiw,M3)^2*p2.q2^2*d*xiz*ufoGC81*ufoGC58^2
      *ufoGC76
       + 1/16*g_(1,6_,nu9)*FT1*g_(1,p2)*g_(2,6_,nu10)*FT2*g_(2,p2)*cFT(nu10,XX
      ,i1,iufo13)*cFT(g6,XX,iufo13,j13)*cFT(nu9,XX,i2,iufo3)*cFT(g7,XX,iufo3,
      i3)/(d^3 + d^2 - 2*d)*flavourTag(fve,j15,j16)*flavourTag(fe,j13,j14)*
      Deng(p2,xiz,M4)^2*Deng(q2 + q3,xiw,M3)^2*p2.q3^2*d*xiz*ufoGC81*ufoGC58^2
      *ufoGC76
       - 1/16*g_(1,6_,nu9)*FT1*g_(1,p2)*g_(2,6_,nu10)*FT2*g_(2,q1)*cFT(nu10,XX
      ,i1,iufo13)*cFT(g7,XX,iufo13,j13)*cFT(nu9,XX,i2,iufo3)*cFT(g7,XX,iufo3,
      i3)/(d^3 + d^2 - 2*d)*flavourTag(fve,j15,j16)*flavourTag(fe,j13,j14)*
      Deng(p2,xiz,M4)^2*Deng(q2 + q3,xiw,M3)^2*p2.p2*q2.q2*xiz*ufoGC81*
      ufoGC58^2*ufoGC80
       - 1/16*g_(1,6_,nu9)*FT1*g_(1,p2)*g_(2,6_,nu10)*FT2*g_(2,q1)*cFT(nu10,XX
      ,i1,iufo13)*cFT(g7,XX,iufo13,j13)*cFT(nu9,XX,i2,iufo3)*cFT(g7,XX,iufo3,
      i3)/(d^3 + d^2 - 2*d)*flavourTag(fve,j15,j16)*flavourTag(fe,j13,j14)*
      Deng(p2,xiz,M4)^2*Deng(q2 + q3,xiw,M3)^2*p2.p2*q3.q3*xiz*ufoGC81*
      ufoGC58^2*ufoGC80
       + 1/16*g_(1,6_,nu9)*FT1*g_(1,p2)*g_(2,6_,nu10)*FT2*g_(2,q1)*cFT(nu10,XX
      ,i1,iufo13)*cFT(g7,XX,iufo13,j13)*cFT(nu9,XX,i2,iufo3)*cFT(g7,XX,iufo3,
      i3)/(d^3 + d^2 - 2*d)*flavourTag(fve,j15,j16)*flavourTag(fe,j13,j14)*
      Deng(p2,xiz,M4)^2*Deng(q2 + q3,xiw,M3)^2*p2.q2^2*d*xiz*ufoGC81*ufoGC58^2
      *ufoGC80
       + 1/16*g_(1,6_,nu9)*FT1*g_(1,p2)*g_(2,6_,nu10)*FT2*g_(2,q1)*cFT(nu10,XX
      ,i1,iufo13)*cFT(g7,XX,iufo13,j13)*cFT(nu9,XX,i2,iufo3)*cFT(g7,XX,iufo3,
      i3)/(d^3 + d^2 - 2*d)*flavourTag(fve,j15,j16)*flavourTag(fe,j13,j14)*
      Deng(p2,xiz,M4)^2*Deng(q2 + q3,xiw,M3)^2*p2.q3^2*d*xiz*ufoGC81*ufoGC58^2
      *ufoGC80
       - 1/16*g_(1,6_,nu9)*FT1*g_(1,p2)*g_(2,6_,nu10)*FT2*g_(2,q1)*cFT(nu10,XX
      ,i1,iufo13)*cFT(g6,XX,iufo13,j13)*cFT(nu9,XX,i2,iufo3)*cFT(g7,XX,iufo3,
      i3)/(d^3 + d^2 - 2*d)*flavourTag(fve,j15,j16)*flavourTag(fe,j13,j14)*
      Deng(p2,xiz,M4)^2*Deng(q2 + q3,xiw,M3)^2*p2.p2*q2.q2*xiz*ufoGC81*
      ufoGC58^2*ufoGC76
       - 1/16*g_(1,6_,nu9)*FT1*g_(1,p2)*g_(2,6_,nu10)*FT2*g_(2,q1)*cFT(nu10,XX
      ,i1,iufo13)*cFT(g6,XX,iufo13,j13)*cFT(nu9,XX,i2,iufo3)*cFT(g7,XX,iufo3,
      i3)/(d^3 + d^2 - 2*d)*flavourTag(fve,j15,j16)*flavourTag(fe,j13,j14)*
      Deng(p2,xiz,M4)^2*Deng(q2 + q3,xiw,M3)^2*p2.p2*q3.q3*xiz*ufoGC81*
      ufoGC58^2*ufoGC76
       + 1/16*g_(1,6_,nu9)*FT1*g_(1,p2)*g_(2,6_,nu10)*FT2*g_(2,q1)*cFT(nu10,XX
      ,i1,iufo13)*cFT(g6,XX,iufo13,j13)*cFT(nu9,XX,i2,iufo3)*cFT(g7,XX,iufo3,
      i3)/(d^3 + d^2 - 2*d)*flavourTag(fve,j15,j16)*flavourTag(fe,j13,j14)*
      Deng(p2,xiz,M4)^2*Deng(q2 + q3,xiw,M3)^2*p2.q2^2*d*xiz*ufoGC81*ufoGC58^2
      *ufoGC76
       + 1/16*g_(1,6_,nu9)*FT1*g_(1,p2)*g_(2,6_,nu10)*FT2*g_(2,q1)*cFT(nu10,XX
      ,i1,iufo13)*cFT(g6,XX,iufo13,j13)*cFT(nu9,XX,i2,iufo3)*cFT(g7,XX,iufo3,
      i3)/(d^3 + d^2 - 2*d)*flavourTag(fve,j15,j16)*flavourTag(fe,j13,j14)*
      Deng(p2,xiz,M4)^2*Deng(q2 + q3,xiw,M3)^2*p2.q3^2*d*xiz*ufoGC81*ufoGC58^2
      *ufoGC76
       - 1/16*g_(1,6_,nu9)*FT1*g_(1,q1)*g_(2,6_,nu10)*FT2*g_(2,p2)*cFT(nu10,XX
      ,i1,iufo13)*cFT(g7,XX,iufo13,j13)*cFT(nu9,XX,i2,iufo3)*cFT(g7,XX,iufo3,
      i3)/(d^3 + d^2 - 2*d)*flavourTag(fve,j15,j16)*flavourTag(fe,j13,j14)*
      Deng(p2,xiz,M4)^2*Deng(q2 + q3,xiw,M3)^2*p2.p2*q2.q2*xiz*ufoGC81*
      ufoGC58^2*ufoGC80
       - 1/16*g_(1,6_,nu9)*FT1*g_(1,q1)*g_(2,6_,nu10)*FT2*g_(2,p2)*cFT(nu10,XX
      ,i1,iufo13)*cFT(g7,XX,iufo13,j13)*cFT(nu9,XX,i2,iufo3)*cFT(g7,XX,iufo3,
      i3)/(d^3 + d^2 - 2*d)*flavourTag(fve,j15,j16)*flavourTag(fe,j13,j14)*
      Deng(p2,xiz,M4)^2*Deng(q2 + q3,xiw,M3)^2*p2.p2*q3.q3*xiz*ufoGC81*
      ufoGC58^2*ufoGC80
       + 1/16*g_(1,6_,nu9)*FT1*g_(1,q1)*g_(2,6_,nu10)*FT2*g_(2,p2)*cFT(nu10,XX
      ,i1,iufo13)*cFT(g7,XX,iufo13,j13)*cFT(nu9,XX,i2,iufo3)*cFT(g7,XX,iufo3,
      i3)/(d^3 + d^2 - 2*d)*flavourTag(fve,j15,j16)*flavourTag(fe,j13,j14)*
      Deng(p2,xiz,M4)^2*Deng(q2 + q3,xiw,M3)^2*p2.q2^2*d*xiz*ufoGC81*ufoGC58^2
      *ufoGC80
       + 1/16*g_(1,6_,nu9)*FT1*g_(1,q1)*g_(2,6_,nu10)*FT2*g_(2,p2)*cFT(nu10,XX
      ,i1,iufo13)*cFT(g7,XX,iufo13,j13)*cFT(nu9,XX,i2,iufo3)*cFT(g7,XX,iufo3,
      i3)/(d^3 + d^2 - 2*d)*flavourTag(fve,j15,j16)*flavourTag(fe,j13,j14)*
      Deng(p2,xiz,M4)^2*Deng(q2 + q3,xiw,M3)^2*p2.q3^2*d*xiz*ufoGC81*ufoGC58^2
      *ufoGC80
       - 1/16*g_(1,6_,nu9)*FT1*g_(1,q1)*g_(2,6_,nu10)*FT2*g_(2,p2)*cFT(nu10,XX
      ,i1,iufo13)*cFT(g6,XX,iufo13,j13)*cFT(nu9,XX,i2,iufo3)*cFT(g7,XX,iufo3,
      i3)/(d^3 + d^2 - 2*d)*flavourTag(fve,j15,j16)*flavourTag(fe,j13,j14)*
      Deng(p2,xiz,M4)^2*Deng(q2 + q3,xiw,M3)^2*p2.p2*q2.q2*xiz*ufoGC81*
      ufoGC58^2*ufoGC76
       - 1/16*g_(1,6_,nu9)*FT1*g_(1,q1)*g_(2,6_,nu10)*FT2*g_(2,p2)*cFT(nu10,XX
      ,i1,iufo13)*cFT(g6,XX,iufo13,j13)*cFT(nu9,XX,i2,iufo3)*cFT(g7,XX,iufo3,
      i3)/(d^3 + d^2 - 2*d)*flavourTag(fve,j15,j16)*flavourTag(fe,j13,j14)*
      Deng(p2,xiz,M4)^2*Deng(q2 + q3,xiw,M3)^2*p2.p2*q3.q3*xiz*ufoGC81*
      ufoGC58^2*ufoGC76
       + 1/16*g_(1,6_,nu9)*FT1*g_(1,q1)*g_(2,6_,nu10)*FT2*g_(2,p2)*cFT(nu10,XX
      ,i1,iufo13)*cFT(g6,XX,iufo13,j13)*cFT(nu9,XX,i2,iufo3)*cFT(g7,XX,iufo3,
      i3)/(d^3 + d^2 - 2*d)*flavourTag(fve,j15,j16)*flavourTag(fe,j13,j14)*
      Deng(p2,xiz,M4)^2*Deng(q2 + q3,xiw,M3)^2*p2.q2^2*d*xiz*ufoGC81*ufoGC58^2
      *ufoGC76
       + 1/16*g_(1,6_,nu9)*FT1*g_(1,q1)*g_(2,6_,nu10)*FT2*g_(2,p2)*cFT(nu10,XX
      ,i1,iufo13)*cFT(g6,XX,iufo13,j13)*cFT(nu9,XX,i2,iufo3)*cFT(g7,XX,iufo3,
      i3)/(d^3 + d^2 - 2*d)*flavourTag(fve,j15,j16)*flavourTag(fe,j13,j14)*
      Deng(p2,xiz,M4)^2*Deng(q2 + q3,xiw,M3)^2*p2.q3^2*d*xiz*ufoGC81*ufoGC58^2
      *ufoGC76
       - 1/16*g_(1,6_,nu9)*FT1*g_(1,q1)*g_(2,6_,nu10)*FT2*g_(2,q1)*cFT(nu10,XX
      ,i1,iufo13)*cFT(g7,XX,iufo13,j13)*cFT(nu9,XX,i2,iufo3)*cFT(g7,XX,iufo3,
      i3)/(d^3 + d^2 - 2*d)*flavourTag(fve,j15,j16)*flavourTag(fe,j13,j14)*
      Deng(p2,xiz,M4)^2*Deng(q2 + q3,xiw,M3)^2*p2.p2*q2.q2*xiz*ufoGC81*
      ufoGC58^2*ufoGC80
       - 1/16*g_(1,6_,nu9)*FT1*g_(1,q1)*g_(2,6_,nu10)*FT2*g_(2,q1)*cFT(nu10,XX
      ,i1,iufo13)*cFT(g7,XX,iufo13,j13)*cFT(nu9,XX,i2,iufo3)*cFT(g7,XX,iufo3,
      i3)/(d^3 + d^2 - 2*d)*flavourTag(fve,j15,j16)*flavourTag(fe,j13,j14)*
      Deng(p2,xiz,M4)^2*Deng(q2 + q3,xiw,M3)^2*p2.p2*q3.q3*xiz*ufoGC81*
      ufoGC58^2*ufoGC80
       + 1/16*g_(1,6_,nu9)*FT1*g_(1,q1)*g_(2,6_,nu10)*FT2*g_(2,q1)*cFT(nu10,XX
      ,i1,iufo13)*cFT(g7,XX,iufo13,j13)*cFT(nu9,XX,i2,iufo3)*cFT(g7,XX,iufo3,
      i3)/(d^3 + d^2 - 2*d)*flavourTag(fve,j15,j16)*flavourTag(fe,j13,j14)*
      Deng(p2,xiz,M4)^2*Deng(q2 + q3,xiw,M3)^2*p2.q2^2*d*xiz*ufoGC81*ufoGC58^2
      *ufoGC80
       + 1/16*g_(1,6_,nu9)*FT1*g_(1,q1)*g_(2,6_,nu10)*FT2*g_(2,q1)*cFT(nu10,XX
      ,i1,iufo13)*cFT(g7,XX,iufo13,j13)*cFT(nu9,XX,i2,iufo3)*cFT(g7,XX,iufo3,
      i3)/(d^3 + d^2 - 2*d)*flavourTag(fve,j15,j16)*flavourTag(fe,j13,j14)*
      Deng(p2,xiz,M4)^2*Deng(q2 + q3,xiw,M3)^2*p2.q3^2*d*xiz*ufoGC81*ufoGC58^2
      *ufoGC80
       - 1/16*g_(1,6_,nu9)*FT1*g_(1,q1)*g_(2,6_,nu10)*FT2*g_(2,q1)*cFT(nu10,XX
      ,i1,iufo13)*cFT(g6,XX,iufo13,j13)*cFT(nu9,XX,i2,iufo3)*cFT(g7,XX,iufo3,
      i3)/(d^3 + d^2 - 2*d)*flavourTag(fve,j15,j16)*flavourTag(fe,j13,j14)*
      Deng(p2,xiz,M4)^2*Deng(q2 + q3,xiw,M3)^2*p2.p2*q2.q2*xiz*ufoGC81*
      ufoGC58^2*ufoGC76
       - 1/16*g_(1,6_,nu9)*FT1*g_(1,q1)*g_(2,6_,nu10)*FT2*g_(2,q1)*cFT(nu10,XX
      ,i1,iufo13)*cFT(g6,XX,iufo13,j13)*cFT(nu9,XX,i2,iufo3)*cFT(g7,XX,iufo3,
      i3)/(d^3 + d^2 - 2*d)*flavourTag(fve,j15,j16)*flavourTag(fe,j13,j14)*
      Deng(p2,xiz,M4)^2*Deng(q2 + q3,xiw,M3)^2*p2.p2*q3.q3*xiz*ufoGC81*
      ufoGC58^2*ufoGC76
       + 1/16*g_(1,6_,nu9)*FT1*g_(1,q1)*g_(2,6_,nu10)*FT2*g_(2,q1)*cFT(nu10,XX
      ,i1,iufo13)*cFT(g6,XX,iufo13,j13)*cFT(nu9,XX,i2,iufo3)*cFT(g7,XX,iufo3,
      i3)/(d^3 + d^2 - 2*d)*flavourTag(fve,j15,j16)*flavourTag(fe,j13,j14)*
      Deng(p2,xiz,M4)^2*Deng(q2 + q3,xiw,M3)^2*p2.q2^2*d*xiz*ufoGC81*ufoGC58^2
      *ufoGC76
       + 1/16*g_(1,6_,nu9)*FT1*g_(1,q1)*g_(2,6_,nu10)*FT2*g_(2,q1)*cFT(nu10,XX
      ,i1,iufo13)*cFT(g6,XX,iufo13,j13)*cFT(nu9,XX,i2,iufo3)*cFT(g7,XX,iufo3,
      i3)/(d^3 + d^2 - 2*d)*flavourTag(fve,j15,j16)*flavourTag(fe,j13,j14)*
      Deng(p2,xiz,M4)^2*Deng(q2 + q3,xiw,M3)^2*p2.q3^2*d*xiz*ufoGC81*ufoGC58^2
      *ufoGC76
       - 1/16*g_(1,6_,nu9)*FT1*g_(1,q2)*g_(2,6_,nu10)*FT2*g_(2,p2)*cFT(nu10,XX
      ,i1,iufo13)*cFT(g7,XX,iufo13,j13)*cFT(nu9,XX,i2,iufo3)*cFT(g7,XX,iufo3,
      i3)/(d^3 + d^2 - 2*d)*flavourTag(fve,j15,j16)*flavourTag(fe,j13,j14)*
      Deng(p2,xiz,M4)^2*Deng(q2 + q3,xiw,M3)^2*p2.p2*q2.q2*xiz*ufoGC81*
      ufoGC58^2*ufoGC80
       - 1/16*g_(1,6_,nu9)*FT1*g_(1,q2)*g_(2,6_,nu10)*FT2*g_(2,p2)*cFT(nu10,XX
      ,i1,iufo13)*cFT(g7,XX,iufo13,j13)*cFT(nu9,XX,i2,iufo3)*cFT(g7,XX,iufo3,
      i3)/(d^3 + d^2 - 2*d)*flavourTag(fve,j15,j16)*flavourTag(fe,j13,j14)*
      Deng(p2,xiz,M4)^2*Deng(q2 + q3,xiw,M3)^2*p2.p2*q3.q3*xiz*ufoGC81*
      ufoGC58^2*ufoGC80
       + 1/16*g_(1,6_,nu9)*FT1*g_(1,q2)*g_(2,6_,nu10)*FT2*g_(2,p2)*cFT(nu10,XX
      ,i1,iufo13)*cFT(g7,XX,iufo13,j13)*cFT(nu9,XX,i2,iufo3)*cFT(g7,XX,iufo3,
      i3)/(d^3 + d^2 - 2*d)*flavourTag(fve,j15,j16)*flavourTag(fe,j13,j14)*
      Deng(p2,xiz,M4)^2*Deng(q2 + q3,xiw,M3)^2*p2.q2^2*d*xiz*ufoGC81*ufoGC58^2
      *ufoGC80
       + 1/16*g_(1,6_,nu9)*FT1*g_(1,q2)*g_(2,6_,nu10)*FT2*g_(2,p2)*cFT(nu10,XX
      ,i1,iufo13)*cFT(g7,XX,iufo13,j13)*cFT(nu9,XX,i2,iufo3)*cFT(g7,XX,iufo3,
      i3)/(d^3 + d^2 - 2*d)*flavourTag(fve,j15,j16)*flavourTag(fe,j13,j14)*
      Deng(p2,xiz,M4)^2*Deng(q2 + q3,xiw,M3)^2*p2.q3^2*d*xiz*ufoGC81*ufoGC58^2
      *ufoGC80
       - 1/16*g_(1,6_,nu9)*FT1*g_(1,q2)*g_(2,6_,nu10)*FT2*g_(2,p2)*cFT(nu10,XX
      ,i1,iufo13)*cFT(g6,XX,iufo13,j13)*cFT(nu9,XX,i2,iufo3)*cFT(g7,XX,iufo3,
      i3)/(d^3 + d^2 - 2*d)*flavourTag(fve,j15,j16)*flavourTag(fe,j13,j14)*
      Deng(p2,xiz,M4)^2*Deng(q2 + q3,xiw,M3)^2*p2.p2*q2.q2*xiz*ufoGC81*
      ufoGC58^2*ufoGC76
       - 1/16*g_(1,6_,nu9)*FT1*g_(1,q2)*g_(2,6_,nu10)*FT2*g_(2,p2)*cFT(nu10,XX
      ,i1,iufo13)*cFT(g6,XX,iufo13,j13)*cFT(nu9,XX,i2,iufo3)*cFT(g7,XX,iufo3,
      i3)/(d^3 + d^2 - 2*d)*flavourTag(fve,j15,j16)*flavourTag(fe,j13,j14)*
      Deng(p2,xiz,M4)^2*Deng(q2 + q3,xiw,M3)^2*p2.p2*q3.q3*xiz*ufoGC81*
      ufoGC58^2*ufoGC76
       + 1/16*g_(1,6_,nu9)*FT1*g_(1,q2)*g_(2,6_,nu10)*FT2*g_(2,p2)*cFT(nu10,XX
      ,i1,iufo13)*cFT(g6,XX,iufo13,j13)*cFT(nu9,XX,i2,iufo3)*cFT(g7,XX,iufo3,
      i3)/(d^3 + d^2 - 2*d)*flavourTag(fve,j15,j16)*flavourTag(fe,j13,j14)*
      Deng(p2,xiz,M4)^2*Deng(q2 + q3,xiw,M3)^2*p2.q2^2*d*xiz*ufoGC81*ufoGC58^2
      *ufoGC76
       + 1/16*g_(1,6_,nu9)*FT1*g_(1,q2)*g_(2,6_,nu10)*FT2*g_(2,p2)*cFT(nu10,XX
      ,i1,iufo13)*cFT(g6,XX,iufo13,j13)*cFT(nu9,XX,i2,iufo3)*cFT(g7,XX,iufo3,
      i3)/(d^3 + d^2 - 2*d)*flavourTag(fve,j15,j16)*flavourTag(fe,j13,j14)*
      Deng(p2,xiz,M4)^2*Deng(q2 + q3,xiw,M3)^2*p2.q3^2*d*xiz*ufoGC81*ufoGC58^2
      *ufoGC76
       - 1/16*g_(1,6_,nu9)*FT1*g_(1,q2)*g_(2,6_,nu10)*FT2*g_(2,q1)*cFT(nu10,XX
      ,i1,iufo13)*cFT(g7,XX,iufo13,j13)*cFT(nu9,XX,i2,iufo3)*cFT(g7,XX,iufo3,
      i3)/(d^3 + d^2 - 2*d)*flavourTag(fve,j15,j16)*flavourTag(fe,j13,j14)*
      Deng(p2,xiz,M4)^2*Deng(q2 + q3,xiw,M3)^2*p2.p2*q2.q2*xiz*ufoGC81*
      ufoGC58^2*ufoGC80
       - 1/16*g_(1,6_,nu9)*FT1*g_(1,q2)*g_(2,6_,nu10)*FT2*g_(2,q1)*cFT(nu10,XX
      ,i1,iufo13)*cFT(g7,XX,iufo13,j13)*cFT(nu9,XX,i2,iufo3)*cFT(g7,XX,iufo3,
      i3)/(d^3 + d^2 - 2*d)*flavourTag(fve,j15,j16)*flavourTag(fe,j13,j14)*
      Deng(p2,xiz,M4)^2*Deng(q2 + q3,xiw,M3)^2*p2.p2*q3.q3*xiz*ufoGC81*
      ufoGC58^2*ufoGC80
       + 1/16*g_(1,6_,nu9)*FT1*g_(1,q2)*g_(2,6_,nu10)*FT2*g_(2,q1)*cFT(nu10,XX
      ,i1,iufo13)*cFT(g7,XX,iufo13,j13)*cFT(nu9,XX,i2,iufo3)*cFT(g7,XX,iufo3,
      i3)/(d^3 + d^2 - 2*d)*flavourTag(fve,j15,j16)*flavourTag(fe,j13,j14)*
      Deng(p2,xiz,M4)^2*Deng(q2 + q3,xiw,M3)^2*p2.q2^2*d*xiz*ufoGC81*ufoGC58^2
      *ufoGC80
       + 1/16*g_(1,6_,nu9)*FT1*g_(1,q2)*g_(2,6_,nu10)*FT2*g_(2,q1)*cFT(nu10,XX
      ,i1,iufo13)*cFT(g7,XX,iufo13,j13)*cFT(nu9,XX,i2,iufo3)*cFT(g7,XX,iufo3,
      i3)/(d^3 + d^2 - 2*d)*flavourTag(fve,j15,j16)*flavourTag(fe,j13,j14)*
      Deng(p2,xiz,M4)^2*Deng(q2 + q3,xiw,M3)^2*p2.q3^2*d*xiz*ufoGC81*ufoGC58^2
      *ufoGC80
       - 1/16*g_(1,6_,nu9)*FT1*g_(1,q2)*g_(2,6_,nu10)*FT2*g_(2,q1)*cFT(nu10,XX
      ,i1,iufo13)*cFT(g6,XX,iufo13,j13)*cFT(nu9,XX,i2,iufo3)*cFT(g7,XX,iufo3,
      i3)/(d^3 + d^2 - 2*d)*flavourTag(fve,j15,j16)*flavourTag(fe,j13,j14)*
      Deng(p2,xiz,M4)^2*Deng(q2 + q3,xiw,M3)^2*p2.p2*q2.q2*xiz*ufoGC81*
      ufoGC58^2*ufoGC76
       - 1/16*g_(1,6_,nu9)*FT1*g_(1,q2)*g_(2,6_,nu10)*FT2*g_(2,q1)*cFT(nu10,XX
      ,i1,iufo13)*cFT(g6,XX,iufo13,j13)*cFT(nu9,XX,i2,iufo3)*cFT(g7,XX,iufo3,
      i3)/(d^3 + d^2 - 2*d)*flavourTag(fve,j15,j16)*flavourTag(fe,j13,j14)*
      Deng(p2,xiz,M4)^2*Deng(q2 + q3,xiw,M3)^2*p2.p2*q3.q3*xiz*ufoGC81*
      ufoGC58^2*ufoGC76
       + 1/16*g_(1,6_,nu9)*FT1*g_(1,q2)*g_(2,6_,nu10)*FT2*g_(2,q1)*cFT(nu10,XX
      ,i1,iufo13)*cFT(g6,XX,iufo13,j13)*cFT(nu9,XX,i2,iufo3)*cFT(g7,XX,iufo3,
      i3)/(d^3 + d^2 - 2*d)*flavourTag(fve,j15,j16)*flavourTag(fe,j13,j14)*
      Deng(p2,xiz,M4)^2*Deng(q2 + q3,xiw,M3)^2*p2.q2^2*d*xiz*ufoGC81*ufoGC58^2
      *ufoGC76
       + 1/16*g_(1,6_,nu9)*FT1*g_(1,q2)*g_(2,6_,nu10)*FT2*g_(2,q1)*cFT(nu10,XX
      ,i1,iufo13)*cFT(g6,XX,iufo13,j13)*cFT(nu9,XX,i2,iufo3)*cFT(g7,XX,iufo3,
      i3)/(d^3 + d^2 - 2*d)*flavourTag(fve,j15,j16)*flavourTag(fe,j13,j14)*
      Deng(p2,xiz,M4)^2*Deng(q2 + q3,xiw,M3)^2*p2.q3^2*d*xiz*ufoGC81*ufoGC58^2
      *ufoGC76
       - 1/16*g_(1,6_,nu9)*FT1*g_(1,q3)*g_(2,6_,nu10)*FT2*g_(2,p2)*cFT(nu10,XX
      ,i1,iufo13)*cFT(g7,XX,iufo13,j13)*cFT(nu9,XX,i2,iufo3)*cFT(g7,XX,iufo3,
      i3)/(d^3 + d^2 - 2*d)*flavourTag(fve,j15,j16)*flavourTag(fe,j13,j14)*
      Deng(p2,xiz,M4)^2*Deng(q2 + q3,xiw,M3)^2*p2.p2*q2.q2*xiz*ufoGC81*
      ufoGC58^2*ufoGC80
       - 1/16*g_(1,6_,nu9)*FT1*g_(1,q3)*g_(2,6_,nu10)*FT2*g_(2,p2)*cFT(nu10,XX
      ,i1,iufo13)*cFT(g7,XX,iufo13,j13)*cFT(nu9,XX,i2,iufo3)*cFT(g7,XX,iufo3,
      i3)/(d^3 + d^2 - 2*d)*flavourTag(fve,j15,j16)*flavourTag(fe,j13,j14)*
      Deng(p2,xiz,M4)^2*Deng(q2 + q3,xiw,M3)^2*p2.p2*q3.q3*xiz*ufoGC81*
      ufoGC58^2*ufoGC80
       + 1/16*g_(1,6_,nu9)*FT1*g_(1,q3)*g_(2,6_,nu10)*FT2*g_(2,p2)*cFT(nu10,XX
      ,i1,iufo13)*cFT(g7,XX,iufo13,j13)*cFT(nu9,XX,i2,iufo3)*cFT(g7,XX,iufo3,
      i3)/(d^3 + d^2 - 2*d)*flavourTag(fve,j15,j16)*flavourTag(fe,j13,j14)*
      Deng(p2,xiz,M4)^2*Deng(q2 + q3,xiw,M3)^2*p2.q2^2*d*xiz*ufoGC81*ufoGC58^2
      *ufoGC80
       + 1/16*g_(1,6_,nu9)*FT1*g_(1,q3)*g_(2,6_,nu10)*FT2*g_(2,p2)*cFT(nu10,XX
      ,i1,iufo13)*cFT(g7,XX,iufo13,j13)*cFT(nu9,XX,i2,iufo3)*cFT(g7,XX,iufo3,
      i3)/(d^3 + d^2 - 2*d)*flavourTag(fve,j15,j16)*flavourTag(fe,j13,j14)*
      Deng(p2,xiz,M4)^2*Deng(q2 + q3,xiw,M3)^2*p2.q3^2*d*xiz*ufoGC81*ufoGC58^2
      *ufoGC80
       - 1/16*g_(1,6_,nu9)*FT1*g_(1,q3)*g_(2,6_,nu10)*FT2*g_(2,p2)*cFT(nu10,XX
      ,i1,iufo13)*cFT(g6,XX,iufo13,j13)*cFT(nu9,XX,i2,iufo3)*cFT(g7,XX,iufo3,
      i3)/(d^3 + d^2 - 2*d)*flavourTag(fve,j15,j16)*flavourTag(fe,j13,j14)*
      Deng(p2,xiz,M4)^2*Deng(q2 + q3,xiw,M3)^2*p2.p2*q2.q2*xiz*ufoGC81*
      ufoGC58^2*ufoGC76
       - 1/16*g_(1,6_,nu9)*FT1*g_(1,q3)*g_(2,6_,nu10)*FT2*g_(2,p2)*cFT(nu10,XX
      ,i1,iufo13)*cFT(g6,XX,iufo13,j13)*cFT(nu9,XX,i2,iufo3)*cFT(g7,XX,iufo3,
      i3)/(d^3 + d^2 - 2*d)*flavourTag(fve,j15,j16)*flavourTag(fe,j13,j14)*
      Deng(p2,xiz,M4)^2*Deng(q2 + q3,xiw,M3)^2*p2.p2*q3.q3*xiz*ufoGC81*
      ufoGC58^2*ufoGC76
       + 1/16*g_(1,6_,nu9)*FT1*g_(1,q3)*g_(2,6_,nu10)*FT2*g_(2,p2)*cFT(nu10,XX
      ,i1,iufo13)*cFT(g6,XX,iufo13,j13)*cFT(nu9,XX,i2,iufo3)*cFT(g7,XX,iufo3,
      i3)/(d^3 + d^2 - 2*d)*flavourTag(fve,j15,j16)*flavourTag(fe,j13,j14)*
      Deng(p2,xiz,M4)^2*Deng(q2 + q3,xiw,M3)^2*p2.q2^2*d*xiz*ufoGC81*ufoGC58^2
      *ufoGC76
       + 1/16*g_(1,6_,nu9)*FT1*g_(1,q3)*g_(2,6_,nu10)*FT2*g_(2,p2)*cFT(nu10,XX
      ,i1,iufo13)*cFT(g6,XX,iufo13,j13)*cFT(nu9,XX,i2,iufo3)*cFT(g7,XX,iufo3,
      i3)/(d^3 + d^2 - 2*d)*flavourTag(fve,j15,j16)*flavourTag(fe,j13,j14)*
      Deng(p2,xiz,M4)^2*Deng(q2 + q3,xiw,M3)^2*p2.q3^2*d*xiz*ufoGC81*ufoGC58^2
      *ufoGC76
       - 1/16*g_(1,6_,nu9)*FT1*g_(1,q3)*g_(2,6_,nu10)*FT2*g_(2,q1)*cFT(nu10,XX
      ,i1,iufo13)*cFT(g7,XX,iufo13,j13)*cFT(nu9,XX,i2,iufo3)*cFT(g7,XX,iufo3,
      i3)/(d^3 + d^2 - 2*d)*flavourTag(fve,j15,j16)*flavourTag(fe,j13,j14)*
      Deng(p2,xiz,M4)^2*Deng(q2 + q3,xiw,M3)^2*p2.p2*q2.q2*xiz*ufoGC81*
      ufoGC58^2*ufoGC80
       - 1/16*g_(1,6_,nu9)*FT1*g_(1,q3)*g_(2,6_,nu10)*FT2*g_(2,q1)*cFT(nu10,XX
      ,i1,iufo13)*cFT(g7,XX,iufo13,j13)*cFT(nu9,XX,i2,iufo3)*cFT(g7,XX,iufo3,
      i3)/(d^3 + d^2 - 2*d)*flavourTag(fve,j15,j16)*flavourTag(fe,j13,j14)*
      Deng(p2,xiz,M4)^2*Deng(q2 + q3,xiw,M3)^2*p2.p2*q3.q3*xiz*ufoGC81*
      ufoGC58^2*ufoGC80
       + 1/16*g_(1,6_,nu9)*FT1*g_(1,q3)*g_(2,6_,nu10)*FT2*g_(2,q1)*cFT(nu10,XX
      ,i1,iufo13)*cFT(g7,XX,iufo13,j13)*cFT(nu9,XX,i2,iufo3)*cFT(g7,XX,iufo3,
      i3)/(d^3 + d^2 - 2*d)*flavourTag(fve,j15,j16)*flavourTag(fe,j13,j14)*
      Deng(p2,xiz,M4)^2*Deng(q2 + q3,xiw,M3)^2*p2.q2^2*d*xiz*ufoGC81*ufoGC58^2
      *ufoGC80
       + 1/16*g_(1,6_,nu9)*FT1*g_(1,q3)*g_(2,6_,nu10)*FT2*g_(2,q1)*cFT(nu10,XX
      ,i1,iufo13)*cFT(g7,XX,iufo13,j13)*cFT(nu9,XX,i2,iufo3)*cFT(g7,XX,iufo3,
      i3)/(d^3 + d^2 - 2*d)*flavourTag(fve,j15,j16)*flavourTag(fe,j13,j14)*
      Deng(p2,xiz,M4)^2*Deng(q2 + q3,xiw,M3)^2*p2.q3^2*d*xiz*ufoGC81*ufoGC58^2
      *ufoGC80
       - 1/16*g_(1,6_,nu9)*FT1*g_(1,q3)*g_(2,6_,nu10)*FT2*g_(2,q1)*cFT(nu10,XX
      ,i1,iufo13)*cFT(g6,XX,iufo13,j13)*cFT(nu9,XX,i2,iufo3)*cFT(g7,XX,iufo3,
      i3)/(d^3 + d^2 - 2*d)*flavourTag(fve,j15,j16)*flavourTag(fe,j13,j14)*
      Deng(p2,xiz,M4)^2*Deng(q2 + q3,xiw,M3)^2*p2.p2*q2.q2*xiz*ufoGC81*
      ufoGC58^2*ufoGC76
       - 1/16*g_(1,6_,nu9)*FT1*g_(1,q3)*g_(2,6_,nu10)*FT2*g_(2,q1)*cFT(nu10,XX
      ,i1,iufo13)*cFT(g6,XX,iufo13,j13)*cFT(nu9,XX,i2,iufo3)*cFT(g7,XX,iufo3,
      i3)/(d^3 + d^2 - 2*d)*flavourTag(fve,j15,j16)*flavourTag(fe,j13,j14)*
      Deng(p2,xiz,M4)^2*Deng(q2 + q3,xiw,M3)^2*p2.p2*q3.q3*xiz*ufoGC81*
      ufoGC58^2*ufoGC76
       + 1/16*g_(1,6_,nu9)*FT1*g_(1,q3)*g_(2,6_,nu10)*FT2*g_(2,q1)*cFT(nu10,XX
      ,i1,iufo13)*cFT(g6,XX,iufo13,j13)*cFT(nu9,XX,i2,iufo3)*cFT(g7,XX,iufo3,
      i3)/(d^3 + d^2 - 2*d)*flavourTag(fve,j15,j16)*flavourTag(fe,j13,j14)*
      Deng(p2,xiz,M4)^2*Deng(q2 + q3,xiw,M3)^2*p2.q2^2*d*xiz*ufoGC81*ufoGC58^2
      *ufoGC76
       + 1/16*g_(1,6_,nu9)*FT1*g_(1,q3)*g_(2,6_,nu10)*FT2*g_(2,q1)*cFT(nu10,XX
      ,i1,iufo13)*cFT(g6,XX,iufo13,j13)*cFT(nu9,XX,i2,iufo3)*cFT(g7,XX,iufo3,
      i3)/(d^3 + d^2 - 2*d)*flavourTag(fve,j15,j16)*flavourTag(fe,j13,j14)*
      Deng(p2,xiz,M4)^2*Deng(q2 + q3,xiw,M3)^2*p2.q3^2*d*xiz*ufoGC81*ufoGC58^2
      *ufoGC76
      ;

  0.01 sec out of 0.01 sec
