FORM 5.0.0-beta.1 (Jan 15 2026, v5.0.0-beta.1-292-g4341c63)  Run: Fri Feb 13 17:55:37 2026
    #-

   d1l216amp =
       + 1/4*g_(1,6_,nu10)*g_(2,nu16,p3)*cFT(g6,XX,i2,j11)*flavourTag(fmu,j11,
      j12)*Vec(nu10,q2)*Vec(nu16,p3)*Vec(nu9,p3)*Vec(nu9,q3)*Den(p3 - q2 - q3)
      ^2*Deng(p3,xiw,0)*Deng(q2 + q3,xiw,M3)^2*xia*ufoGC58*ufoGC3*ufoGC107*
      ufoGC93
       - 1/4*g_(1,6_,nu10)*g_(2,nu16,p3)*cFT(g6,XX,i2,j11)*flavourTag(fmu,j11,
      j12)*Vec(nu10,q2)*Vec(nu16,p3)*Vec(nu9,p3)*Vec(nu9,q3)*Den(p3 - q2 - q3)
      ^2*Deng(p3,xiw,0)*Deng(q2 + q3,xiw,M3)^2*ufoGC58*ufoGC3*ufoGC107*ufoGC93
       + 1/4*g_(1,6_,nu10)*g_(2,nu16,p3)*cFT(g6,XX,i2,j11)*flavourTag(fmu,j11,
      j12)*Vec(nu10,q2)*Vec(nu16,p3)*Vec(nu9,-q2)*Vec(nu9,q2)*Den(p3 - q2 - q3
      )^2*Deng(p3,xiw,0)*Deng(q2 + q3,xiw,M3)^2*xia*ufoGC58*ufoGC3*ufoGC107*
      ufoGC93
       - 1/4*g_(1,6_,nu10)*g_(2,nu16,p3)*cFT(g6,XX,i2,j11)*flavourTag(fmu,j11,
      j12)*Vec(nu10,q2)*Vec(nu16,p3)*Vec(nu9,-q2)*Vec(nu9,q2)*Den(p3 - q2 - q3
      )^2*Deng(p3,xiw,0)*Deng(q2 + q3,xiw,M3)^2*ufoGC58*ufoGC3*ufoGC107*
      ufoGC93
       + 1/4*g_(1,6_,nu10)*g_(2,nu16,p3)*cFT(g6,XX,i2,j11)*flavourTag(fmu,j11,
      j12)*Vec(nu10,q2)*Vec(nu16,p3)*Vec(nu9,-q2)*Vec(nu9,q3)*Den(p3 - q2 - q3
      )^2*Deng(p3,xiw,0)*Deng(q2 + q3,xiw,M3)^2*xia*ufoGC58*ufoGC3*ufoGC107*
      ufoGC93
       - 1/4*g_(1,6_,nu10)*g_(2,nu16,p3)*cFT(g6,XX,i2,j11)*flavourTag(fmu,j11,
      j12)*Vec(nu10,q2)*Vec(nu16,p3)*Vec(nu9,-q2)*Vec(nu9,q3)*Den(p3 - q2 - q3
      )^2*Deng(p3,xiw,0)*Deng(q2 + q3,xiw,M3)^2*ufoGC58*ufoGC3*ufoGC107*
      ufoGC93
       + 1/4*g_(1,6_,nu10)*g_(2,nu16,p3)*cFT(g6,XX,i2,j11)*flavourTag(fmu,j11,
      j12)*Vec(nu10,q2)*Vec(nu16,p3)*Vec(nu9,-q3)*Vec(nu9,q2)*Den(p3 - q2 - q3
      )^2*Deng(p3,xiw,0)*Deng(q2 + q3,xiw,M3)^2*xia*ufoGC58*ufoGC3*ufoGC107*
      ufoGC93
       - 1/4*g_(1,6_,nu10)*g_(2,nu16,p3)*cFT(g6,XX,i2,j11)*flavourTag(fmu,j11,
      j12)*Vec(nu10,q2)*Vec(nu16,p3)*Vec(nu9,-q3)*Vec(nu9,q2)*Den(p3 - q2 - q3
      )^2*Deng(p3,xiw,0)*Deng(q2 + q3,xiw,M3)^2*ufoGC58*ufoGC3*ufoGC107*
      ufoGC93
       + 1/4*g_(1,6_,nu10)*g_(2,nu16,p3)*cFT(g6,XX,i2,j11)*flavourTag(fmu,j11,
      j12)*Vec(nu10,q2)*Vec(nu16,p3)*Vec(nu9,-q3)*Vec(nu9,q3)*Den(p3 - q2 - q3
      )^2*Deng(p3,xiw,0)*Deng(q2 + q3,xiw,M3)^2*xia*ufoGC58*ufoGC3*ufoGC107*
      ufoGC93
       - 1/4*g_(1,6_,nu10)*g_(2,nu16,p3)*cFT(g6,XX,i2,j11)*flavourTag(fmu,j11,
      j12)*Vec(nu10,q2)*Vec(nu16,p3)*Vec(nu9,-q3)*Vec(nu9,q3)*Den(p3 - q2 - q3
      )^2*Deng(p3,xiw,0)*Deng(q2 + q3,xiw,M3)^2*ufoGC58*ufoGC3*ufoGC107*
      ufoGC93
       + 1/4*g_(1,6_,nu10)*g_(2,nu16,p3)*cFT(g6,XX,i2,j11)*flavourTag(fmu,j11,
      j12)*Vec(nu10,q2)*Vec(nu16,-q2)*Vec(nu9,p3)*Vec(nu9,q2)*Den(p3 - q2 - q3
      )^2*Deng(p3,xiw,0)*Deng(q2 + q3,xiw,M3)^2*xia*ufoGC58*ufoGC3*ufoGC107*
      ufoGC93
       - 1/4*g_(1,6_,nu10)*g_(2,nu16,p3)*cFT(g6,XX,i2,j11)*flavourTag(fmu,j11,
      j12)*Vec(nu10,q2)*Vec(nu16,-q2)*Vec(nu9,p3)*Vec(nu9,q2)*Den(p3 - q2 - q3
      )^2*Deng(p3,xiw,0)*Deng(q2 + q3,xiw,M3)^2*ufoGC58*ufoGC3*ufoGC107*
      ufoGC93
       + 1/4*g_(1,6_,nu10)*g_(2,nu16,p3)*cFT(g6,XX,i2,j11)*flavourTag(fmu,j11,
      j12)*Vec(nu10,q2)*Vec(nu16,-q2)*Vec(nu9,p3)*Vec(nu9,q3)*Den(p3 - q2 - q3
      )^2*Deng(p3,xiw,0)*Deng(q2 + q3,xiw,M3)^2*xia*ufoGC58*ufoGC3*ufoGC107*
      ufoGC93
       - 1/4*g_(1,6_,nu10)*g_(2,nu16,p3)*cFT(g6,XX,i2,j11)*flavourTag(fmu,j11,
      j12)*Vec(nu10,q2)*Vec(nu16,-q2)*Vec(nu9,p3)*Vec(nu9,q3)*Den(p3 - q2 - q3
      )^2*Deng(p3,xiw,0)*Deng(q2 + q3,xiw,M3)^2*ufoGC58*ufoGC3*ufoGC107*
      ufoGC93
       + 1/4*g_(1,6_,nu10)*g_(2,nu16,p3)*cFT(g6,XX,i2,j11)*flavourTag(fmu,j11,
      j12)*Vec(nu10,q2)*Vec(nu16,-q2)*Vec(nu9,-q2)*Vec(nu9,q3)*Den(p3 - q2 - 
      q3)^2*Deng(p3,xiw,0)*Deng(q2 + q3,xiw,M3)^2*xia*ufoGC58*ufoGC3*ufoGC107*
      ufoGC93
       - 1/4*g_(1,6_,nu10)*g_(2,nu16,p3)*cFT(g6,XX,i2,j11)*flavourTag(fmu,j11,
      j12)*Vec(nu10,q2)*Vec(nu16,-q2)*Vec(nu9,-q2)*Vec(nu9,q3)*Den(p3 - q2 - 
      q3)^2*Deng(p3,xiw,0)*Deng(q2 + q3,xiw,M3)^2*ufoGC58*ufoGC3*ufoGC107*
      ufoGC93
       + 1/4*g_(1,6_,nu10)*g_(2,nu16,p3)*cFT(g6,XX,i2,j11)*flavourTag(fmu,j11,
      j12)*Vec(nu10,q2)*Vec(nu16,-q2)*Vec(nu9,-q3)*Vec(nu9,q2)*Den(p3 - q2 - 
      q3)^2*Deng(p3,xiw,0)*Deng(q2 + q3,xiw,M3)^2*xia*ufoGC58*ufoGC3*ufoGC107*
      ufoGC93
       - 1/4*g_(1,6_,nu10)*g_(2,nu16,p3)*cFT(g6,XX,i2,j11)*flavourTag(fmu,j11,
      j12)*Vec(nu10,q2)*Vec(nu16,-q2)*Vec(nu9,-q3)*Vec(nu9,q2)*Den(p3 - q2 - 
      q3)^2*Deng(p3,xiw,0)*Deng(q2 + q3,xiw,M3)^2*ufoGC58*ufoGC3*ufoGC107*
      ufoGC93
       + 1/4*g_(1,6_,nu10)*g_(2,nu16,p3)*cFT(g6,XX,i2,j11)*flavourTag(fmu,j11,
      j12)*Vec(nu10,q2)*Vec(nu16,-q2)*Vec(nu9,-q3)*Vec(nu9,q3)*Den(p3 - q2 - 
      q3)^2*Deng(p3,xiw,0)*Deng(q2 + q3,xiw,M3)^2*xia*ufoGC58*ufoGC3*ufoGC107*
      ufoGC93
       - 1/4*g_(1,6_,nu10)*g_(2,nu16,p3)*cFT(g6,XX,i2,j11)*flavourTag(fmu,j11,
      j12)*Vec(nu10,q2)*Vec(nu16,-q2)*Vec(nu9,-q3)*Vec(nu9,q3)*Den(p3 - q2 - 
      q3)^2*Deng(p3,xiw,0)*Deng(q2 + q3,xiw,M3)^2*ufoGC58*ufoGC3*ufoGC107*
      ufoGC93
       + 1/4*g_(1,6_,nu10)*g_(2,nu16,p3)*cFT(g6,XX,i2,j11)*flavourTag(fmu,j11,
      j12)*Vec(nu10,q2)*Vec(nu16,-q3)*Vec(nu9,p3)*Vec(nu9,q2)*Den(p3 - q2 - q3
      )^2*Deng(p3,xiw,0)*Deng(q2 + q3,xiw,M3)^2*xia*ufoGC58*ufoGC3*ufoGC107*
      ufoGC93
       - 1/4*g_(1,6_,nu10)*g_(2,nu16,p3)*cFT(g6,XX,i2,j11)*flavourTag(fmu,j11,
      j12)*Vec(nu10,q2)*Vec(nu16,-q3)*Vec(nu9,p3)*Vec(nu9,q2)*Den(p3 - q2 - q3
      )^2*Deng(p3,xiw,0)*Deng(q2 + q3,xiw,M3)^2*ufoGC58*ufoGC3*ufoGC107*
      ufoGC93
       + 1/4*g_(1,6_,nu10)*g_(2,nu16,p3)*cFT(g6,XX,i2,j11)*flavourTag(fmu,j11,
      j12)*Vec(nu10,q2)*Vec(nu16,-q3)*Vec(nu9,p3)*Vec(nu9,q3)*Den(p3 - q2 - q3
      )^2*Deng(p3,xiw,0)*Deng(q2 + q3,xiw,M3)^2*xia*ufoGC58*ufoGC3*ufoGC107*
      ufoGC93
       - 1/4*g_(1,6_,nu10)*g_(2,nu16,p3)*cFT(g6,XX,i2,j11)*flavourTag(fmu,j11,
      j12)*Vec(nu10,q2)*Vec(nu16,-q3)*Vec(nu9,p3)*Vec(nu9,q3)*Den(p3 - q2 - q3
      )^2*Deng(p3,xiw,0)*Deng(q2 + q3,xiw,M3)^2*ufoGC58*ufoGC3*ufoGC107*
      ufoGC93
       + 1/4*g_(1,6_,nu10)*g_(2,nu16,p3)*cFT(g6,XX,i2,j11)*flavourTag(fmu,j11,
      j12)*Vec(nu10,q2)*Vec(nu16,-q3)*Vec(nu9,-q2)*Vec(nu9,q2)*Den(p3 - q2 - 
      q3)^2*Deng(p3,xiw,0)*Deng(q2 + q3,xiw,M3)^2*xia*ufoGC58*ufoGC3*ufoGC107*
      ufoGC93
       - 1/4*g_(1,6_,nu10)*g_(2,nu16,p3)*cFT(g6,XX,i2,j11)*flavourTag(fmu,j11,
      j12)*Vec(nu10,q2)*Vec(nu16,-q3)*Vec(nu9,-q2)*Vec(nu9,q2)*Den(p3 - q2 - 
      q3)^2*Deng(p3,xiw,0)*Deng(q2 + q3,xiw,M3)^2*ufoGC58*ufoGC3*ufoGC107*
      ufoGC93
       + 1/4*g_(1,6_,nu10)*g_(2,nu16,p3)*cFT(g6,XX,i2,j11)*flavourTag(fmu,j11,
      j12)*Vec(nu10,q2)*Vec(nu16,-q3)*Vec(nu9,-q2)*Vec(nu9,q3)*Den(p3 - q2 - 
      q3)^2*Deng(p3,xiw,0)*Deng(q2 + q3,xiw,M3)^2*xia*ufoGC58*ufoGC3*ufoGC107*
      ufoGC93
       - 1/4*g_(1,6_,nu10)*g_(2,nu16,p3)*cFT(g6,XX,i2,j11)*flavourTag(fmu,j11,
      j12)*Vec(nu10,q2)*Vec(nu16,-q3)*Vec(nu9,-q2)*Vec(nu9,q3)*Den(p3 - q2 - 
      q3)^2*Deng(p3,xiw,0)*Deng(q2 + q3,xiw,M3)^2*ufoGC58*ufoGC3*ufoGC107*
      ufoGC93
       + 1/4*g_(1,6_,nu10)*g_(2,nu16,p3)*cFT(g6,XX,i2,j11)*flavourTag(fmu,j11,
      j12)*Vec(nu10,q2)*Vec(nu16,-q3)*Vec(nu9,-q3)*Vec(nu9,q3)*Den(p3 - q2 - 
      q3)^2*Deng(p3,xiw,0)*Deng(q2 + q3,xiw,M3)^2*xia*ufoGC58*ufoGC3*ufoGC107*
      ufoGC93
       - 1/4*g_(1,6_,nu10)*g_(2,nu16,p3)*cFT(g6,XX,i2,j11)*flavourTag(fmu,j11,
      j12)*Vec(nu10,q2)*Vec(nu16,-q3)*Vec(nu9,-q3)*Vec(nu9,q3)*Den(p3 - q2 - 
      q3)^2*Deng(p3,xiw,0)*Deng(q2 + q3,xiw,M3)^2*ufoGC58*ufoGC3*ufoGC107*
      ufoGC93
       + 1/4*g_(1,6_,nu10)*g_(2,nu16,p3)*cFT(g6,XX,i2,j11)*flavourTag(fmu,j11,
      j12)*Vec(nu10,q3)*Vec(nu16,p3)*Vec(nu9,p3)*Vec(nu9,q2)*Den(p3 - q2 - q3)
      ^2*Deng(p3,xiw,0)*Deng(q2 + q3,xiw,M3)^2*xia*ufoGC58*ufoGC3*ufoGC107*
      ufoGC93
       - 1/4*g_(1,6_,nu10)*g_(2,nu16,p3)*cFT(g6,XX,i2,j11)*flavourTag(fmu,j11,
      j12)*Vec(nu10,q3)*Vec(nu16,p3)*Vec(nu9,p3)*Vec(nu9,q2)*Den(p3 - q2 - q3)
      ^2*Deng(p3,xiw,0)*Deng(q2 + q3,xiw,M3)^2*ufoGC58*ufoGC3*ufoGC107*ufoGC93
       + 1/4*g_(1,6_,nu10)*g_(2,nu16,p3)*cFT(g6,XX,i2,j11)*flavourTag(fmu,j11,
      j12)*Vec(nu10,q3)*Vec(nu16,p3)*Vec(nu9,-q2)*Vec(nu9,q2)*Den(p3 - q2 - q3
      )^2*Deng(p3,xiw,0)*Deng(q2 + q3,xiw,M3)^2*xia*ufoGC58*ufoGC3*ufoGC107*
      ufoGC93
       - 1/4*g_(1,6_,nu10)*g_(2,nu16,p3)*cFT(g6,XX,i2,j11)*flavourTag(fmu,j11,
      j12)*Vec(nu10,q3)*Vec(nu16,p3)*Vec(nu9,-q2)*Vec(nu9,q2)*Den(p3 - q2 - q3
      )^2*Deng(p3,xiw,0)*Deng(q2 + q3,xiw,M3)^2*ufoGC58*ufoGC3*ufoGC107*
      ufoGC93
       + 1/4*g_(1,6_,nu10)*g_(2,nu16,p3)*cFT(g6,XX,i2,j11)*flavourTag(fmu,j11,
      j12)*Vec(nu10,q3)*Vec(nu16,p3)*Vec(nu9,-q2)*Vec(nu9,q3)*Den(p3 - q2 - q3
      )^2*Deng(p3,xiw,0)*Deng(q2 + q3,xiw,M3)^2*xia*ufoGC58*ufoGC3*ufoGC107*
      ufoGC93
       - 1/4*g_(1,6_,nu10)*g_(2,nu16,p3)*cFT(g6,XX,i2,j11)*flavourTag(fmu,j11,
      j12)*Vec(nu10,q3)*Vec(nu16,p3)*Vec(nu9,-q2)*Vec(nu9,q3)*Den(p3 - q2 - q3
      )^2*Deng(p3,xiw,0)*Deng(q2 + q3,xiw,M3)^2*ufoGC58*ufoGC3*ufoGC107*
      ufoGC93
       + 1/4*g_(1,6_,nu10)*g_(2,nu16,p3)*cFT(g6,XX,i2,j11)*flavourTag(fmu,j11,
      j12)*Vec(nu10,q3)*Vec(nu16,p3)*Vec(nu9,-q3)*Vec(nu9,q2)*Den(p3 - q2 - q3
      )^2*Deng(p3,xiw,0)*Deng(q2 + q3,xiw,M3)^2*xia*ufoGC58*ufoGC3*ufoGC107*
      ufoGC93
       - 1/4*g_(1,6_,nu10)*g_(2,nu16,p3)*cFT(g6,XX,i2,j11)*flavourTag(fmu,j11,
      j12)*Vec(nu10,q3)*Vec(nu16,p3)*Vec(nu9,-q3)*Vec(nu9,q2)*Den(p3 - q2 - q3
      )^2*Deng(p3,xiw,0)*Deng(q2 + q3,xiw,M3)^2*ufoGC58*ufoGC3*ufoGC107*
      ufoGC93
       + 1/4*g_(1,6_,nu10)*g_(2,nu16,p3)*cFT(g6,XX,i2,j11)*flavourTag(fmu,j11,
      j12)*Vec(nu10,q3)*Vec(nu16,p3)*Vec(nu9,-q3)*Vec(nu9,q3)*Den(p3 - q2 - q3
      )^2*Deng(p3,xiw,0)*Deng(q2 + q3,xiw,M3)^2*xia*ufoGC58*ufoGC3*ufoGC107*
      ufoGC93
       - 1/4*g_(1,6_,nu10)*g_(2,nu16,p3)*cFT(g6,XX,i2,j11)*flavourTag(fmu,j11,
      j12)*Vec(nu10,q3)*Vec(nu16,p3)*Vec(nu9,-q3)*Vec(nu9,q3)*Den(p3 - q2 - q3
      )^2*Deng(p3,xiw,0)*Deng(q2 + q3,xiw,M3)^2*ufoGC58*ufoGC3*ufoGC107*
      ufoGC93
       + 1/4*g_(1,6_,nu10)*g_(2,nu16,p3)*cFT(g6,XX,i2,j11)*flavourTag(fmu,j11,
      j12)*Vec(nu10,q3)*Vec(nu16,-q2)*Vec(nu9,p3)*Vec(nu9,q2)*Den(p3 - q2 - q3
      )^2*Deng(p3,xiw,0)*Deng(q2 + q3,xiw,M3)^2*xia*ufoGC58*ufoGC3*ufoGC107*
      ufoGC93
       - 1/4*g_(1,6_,nu10)*g_(2,nu16,p3)*cFT(g6,XX,i2,j11)*flavourTag(fmu,j11,
      j12)*Vec(nu10,q3)*Vec(nu16,-q2)*Vec(nu9,p3)*Vec(nu9,q2)*Den(p3 - q2 - q3
      )^2*Deng(p3,xiw,0)*Deng(q2 + q3,xiw,M3)^2*ufoGC58*ufoGC3*ufoGC107*
      ufoGC93
       + 1/4*g_(1,6_,nu10)*g_(2,nu16,p3)*cFT(g6,XX,i2,j11)*flavourTag(fmu,j11,
      j12)*Vec(nu10,q3)*Vec(nu16,-q2)*Vec(nu9,p3)*Vec(nu9,q3)*Den(p3 - q2 - q3
      )^2*Deng(p3,xiw,0)*Deng(q2 + q3,xiw,M3)^2*xia*ufoGC58*ufoGC3*ufoGC107*
      ufoGC93
       - 1/4*g_(1,6_,nu10)*g_(2,nu16,p3)*cFT(g6,XX,i2,j11)*flavourTag(fmu,j11,
      j12)*Vec(nu10,q3)*Vec(nu16,-q2)*Vec(nu9,p3)*Vec(nu9,q3)*Den(p3 - q2 - q3
      )^2*Deng(p3,xiw,0)*Deng(q2 + q3,xiw,M3)^2*ufoGC58*ufoGC3*ufoGC107*
      ufoGC93
       + 1/4*g_(1,6_,nu10)*g_(2,nu16,p3)*cFT(g6,XX,i2,j11)*flavourTag(fmu,j11,
      j12)*Vec(nu10,q3)*Vec(nu16,-q2)*Vec(nu9,-q2)*Vec(nu9,q2)*Den(p3 - q2 - 
      q3)^2*Deng(p3,xiw,0)*Deng(q2 + q3,xiw,M3)^2*xia*ufoGC58*ufoGC3*ufoGC107*
      ufoGC93
       - 1/4*g_(1,6_,nu10)*g_(2,nu16,p3)*cFT(g6,XX,i2,j11)*flavourTag(fmu,j11,
      j12)*Vec(nu10,q3)*Vec(nu16,-q2)*Vec(nu9,-q2)*Vec(nu9,q2)*Den(p3 - q2 - 
      q3)^2*Deng(p3,xiw,0)*Deng(q2 + q3,xiw,M3)^2*ufoGC58*ufoGC3*ufoGC107*
      ufoGC93
       + 1/4*g_(1,6_,nu10)*g_(2,nu16,p3)*cFT(g6,XX,i2,j11)*flavourTag(fmu,j11,
      j12)*Vec(nu10,q3)*Vec(nu16,-q2)*Vec(nu9,-q3)*Vec(nu9,q2)*Den(p3 - q2 - 
      q3)^2*Deng(p3,xiw,0)*Deng(q2 + q3,xiw,M3)^2*xia*ufoGC58*ufoGC3*ufoGC107*
      ufoGC93
       - 1/4*g_(1,6_,nu10)*g_(2,nu16,p3)*cFT(g6,XX,i2,j11)*flavourTag(fmu,j11,
      j12)*Vec(nu10,q3)*Vec(nu16,-q2)*Vec(nu9,-q3)*Vec(nu9,q2)*Den(p3 - q2 - 
      q3)^2*Deng(p3,xiw,0)*Deng(q2 + q3,xiw,M3)^2*ufoGC58*ufoGC3*ufoGC107*
      ufoGC93
       + 1/4*g_(1,6_,nu10)*g_(2,nu16,p3)*cFT(g6,XX,i2,j11)*flavourTag(fmu,j11,
      j12)*Vec(nu10,q3)*Vec(nu16,-q2)*Vec(nu9,-q3)*Vec(nu9,q3)*Den(p3 - q2 - 
      q3)^2*Deng(p3,xiw,0)*Deng(q2 + q3,xiw,M3)^2*xia*ufoGC58*ufoGC3*ufoGC107*
      ufoGC93
       - 1/4*g_(1,6_,nu10)*g_(2,nu16,p3)*cFT(g6,XX,i2,j11)*flavourTag(fmu,j11,
      j12)*Vec(nu10,q3)*Vec(nu16,-q2)*Vec(nu9,-q3)*Vec(nu9,q3)*Den(p3 - q2 - 
      q3)^2*Deng(p3,xiw,0)*Deng(q2 + q3,xiw,M3)^2*ufoGC58*ufoGC3*ufoGC107*
      ufoGC93
       + 1/4*g_(1,6_,nu10)*g_(2,nu16,p3)*cFT(g6,XX,i2,j11)*flavourTag(fmu,j11,
      j12)*Vec(nu10,q3)*Vec(nu16,-q3)*Vec(nu9,p3)*Vec(nu9,q2)*Den(p3 - q2 - q3
      )^2*Deng(p3,xiw,0)*Deng(q2 + q3,xiw,M3)^2*xia*ufoGC58*ufoGC3*ufoGC107*
      ufoGC93
       - 1/4*g_(1,6_,nu10)*g_(2,nu16,p3)*cFT(g6,XX,i2,j11)*flavourTag(fmu,j11,
      j12)*Vec(nu10,q3)*Vec(nu16,-q3)*Vec(nu9,p3)*Vec(nu9,q2)*Den(p3 - q2 - q3
      )^2*Deng(p3,xiw,0)*Deng(q2 + q3,xiw,M3)^2*ufoGC58*ufoGC3*ufoGC107*
      ufoGC93
       + 1/4*g_(1,6_,nu10)*g_(2,nu16,p3)*cFT(g6,XX,i2,j11)*flavourTag(fmu,j11,
      j12)*Vec(nu10,q3)*Vec(nu16,-q3)*Vec(nu9,p3)*Vec(nu9,q3)*Den(p3 - q2 - q3
      )^2*Deng(p3,xiw,0)*Deng(q2 + q3,xiw,M3)^2*xia*ufoGC58*ufoGC3*ufoGC107*
      ufoGC93
       - 1/4*g_(1,6_,nu10)*g_(2,nu16,p3)*cFT(g6,XX,i2,j11)*flavourTag(fmu,j11,
      j12)*Vec(nu10,q3)*Vec(nu16,-q3)*Vec(nu9,p3)*Vec(nu9,q3)*Den(p3 - q2 - q3
      )^2*Deng(p3,xiw,0)*Deng(q2 + q3,xiw,M3)^2*ufoGC58*ufoGC3*ufoGC107*
      ufoGC93
       + 1/4*g_(1,6_,nu10)*g_(2,nu16,p3)*cFT(g6,XX,i2,j11)*flavourTag(fmu,j11,
      j12)*Vec(nu10,q3)*Vec(nu16,-q3)*Vec(nu9,-q2)*Vec(nu9,q2)*Den(p3 - q2 - 
      q3)^2*Deng(p3,xiw,0)*Deng(q2 + q3,xiw,M3)^2*xia*ufoGC58*ufoGC3*ufoGC107*
      ufoGC93
       - 1/4*g_(1,6_,nu10)*g_(2,nu16,p3)*cFT(g6,XX,i2,j11)*flavourTag(fmu,j11,
      j12)*Vec(nu10,q3)*Vec(nu16,-q3)*Vec(nu9,-q2)*Vec(nu9,q2)*Den(p3 - q2 - 
      q3)^2*Deng(p3,xiw,0)*Deng(q2 + q3,xiw,M3)^2*ufoGC58*ufoGC3*ufoGC107*
      ufoGC93
       + 1/4*g_(1,6_,nu10)*g_(2,nu16,p3)*cFT(g6,XX,i2,j11)*flavourTag(fmu,j11,
      j12)*Vec(nu10,q3)*Vec(nu16,-q3)*Vec(nu9,-q2)*Vec(nu9,q3)*Den(p3 - q2 - 
      q3)^2*Deng(p3,xiw,0)*Deng(q2 + q3,xiw,M3)^2*xia*ufoGC58*ufoGC3*ufoGC107*
      ufoGC93
       - 1/4*g_(1,6_,nu10)*g_(2,nu16,p3)*cFT(g6,XX,i2,j11)*flavourTag(fmu,j11,
      j12)*Vec(nu10,q3)*Vec(nu16,-q3)*Vec(nu9,-q2)*Vec(nu9,q3)*Den(p3 - q2 - 
      q3)^2*Deng(p3,xiw,0)*Deng(q2 + q3,xiw,M3)^2*ufoGC58*ufoGC3*ufoGC107*
      ufoGC93
       + 1/4*g_(1,6_,nu10)*g_(2,nu16,p3)*cFT(g6,XX,i2,j11)*flavourTag(fmu,j11,
      j12)*Vec(nu10,q3)*Vec(nu16,-q3)*Vec(nu9,-q3)*Vec(nu9,q2)*Den(p3 - q2 - 
      q3)^2*Deng(p3,xiw,0)*Deng(q2 + q3,xiw,M3)^2*xia*ufoGC58*ufoGC3*ufoGC107*
      ufoGC93
       - 1/4*g_(1,6_,nu10)*g_(2,nu16,p3)*cFT(g6,XX,i2,j11)*flavourTag(fmu,j11,
      j12)*Vec(nu10,q3)*Vec(nu16,-q3)*Vec(nu9,-q3)*Vec(nu9,q2)*Den(p3 - q2 - 
      q3)^2*Deng(p3,xiw,0)*Deng(q2 + q3,xiw,M3)^2*ufoGC58*ufoGC3*ufoGC107*
      ufoGC93
       - 1/4*g_(1,6_,nu10)*g_(2,nu16,q2)*cFT(g6,XX,i2,j11)*flavourTag(fmu,j11,
      j12)*Vec(nu10,q2)*Vec(nu16,p3)*Vec(nu9,p3)*Vec(nu9,q3)*Den(p3 - q2 - q3)
      ^2*Deng(p3,xiw,0)*Deng(q2 + q3,xiw,M3)^2*xia*ufoGC58*ufoGC3*ufoGC107*
      ufoGC93
       + 1/4*g_(1,6_,nu10)*g_(2,nu16,q2)*cFT(g6,XX,i2,j11)*flavourTag(fmu,j11,
      j12)*Vec(nu10,q2)*Vec(nu16,p3)*Vec(nu9,p3)*Vec(nu9,q3)*Den(p3 - q2 - q3)
      ^2*Deng(p3,xiw,0)*Deng(q2 + q3,xiw,M3)^2*ufoGC58*ufoGC3*ufoGC107*ufoGC93
       - 1/4*g_(1,6_,nu10)*g_(2,nu16,q2)*cFT(g6,XX,i2,j11)*flavourTag(fmu,j11,
      j12)*Vec(nu10,q2)*Vec(nu16,p3)*Vec(nu9,-q2)*Vec(nu9,q2)*Den(p3 - q2 - q3
      )^2*Deng(p3,xiw,0)*Deng(q2 + q3,xiw,M3)^2*xia*ufoGC58*ufoGC3*ufoGC107*
      ufoGC93
       + 1/4*g_(1,6_,nu10)*g_(2,nu16,q2)*cFT(g6,XX,i2,j11)*flavourTag(fmu,j11,
      j12)*Vec(nu10,q2)*Vec(nu16,p3)*Vec(nu9,-q2)*Vec(nu9,q2)*Den(p3 - q2 - q3
      )^2*Deng(p3,xiw,0)*Deng(q2 + q3,xiw,M3)^2*ufoGC58*ufoGC3*ufoGC107*
      ufoGC93
       - 1/4*g_(1,6_,nu10)*g_(2,nu16,q2)*cFT(g6,XX,i2,j11)*flavourTag(fmu,j11,
      j12)*Vec(nu10,q2)*Vec(nu16,p3)*Vec(nu9,-q2)*Vec(nu9,q3)*Den(p3 - q2 - q3
      )^2*Deng(p3,xiw,0)*Deng(q2 + q3,xiw,M3)^2*xia*ufoGC58*ufoGC3*ufoGC107*
      ufoGC93
       + 1/4*g_(1,6_,nu10)*g_(2,nu16,q2)*cFT(g6,XX,i2,j11)*flavourTag(fmu,j11,
      j12)*Vec(nu10,q2)*Vec(nu16,p3)*Vec(nu9,-q2)*Vec(nu9,q3)*Den(p3 - q2 - q3
      )^2*Deng(p3,xiw,0)*Deng(q2 + q3,xiw,M3)^2*ufoGC58*ufoGC3*ufoGC107*
      ufoGC93
       - 1/4*g_(1,6_,nu10)*g_(2,nu16,q2)*cFT(g6,XX,i2,j11)*flavourTag(fmu,j11,
      j12)*Vec(nu10,q2)*Vec(nu16,p3)*Vec(nu9,-q3)*Vec(nu9,q2)*Den(p3 - q2 - q3
      )^2*Deng(p3,xiw,0)*Deng(q2 + q3,xiw,M3)^2*xia*ufoGC58*ufoGC3*ufoGC107*
      ufoGC93
       + 1/4*g_(1,6_,nu10)*g_(2,nu16,q2)*cFT(g6,XX,i2,j11)*flavourTag(fmu,j11,
      j12)*Vec(nu10,q2)*Vec(nu16,p3)*Vec(nu9,-q3)*Vec(nu9,q2)*Den(p3 - q2 - q3
      )^2*Deng(p3,xiw,0)*Deng(q2 + q3,xiw,M3)^2*ufoGC58*ufoGC3*ufoGC107*
      ufoGC93
       - 1/4*g_(1,6_,nu10)*g_(2,nu16,q2)*cFT(g6,XX,i2,j11)*flavourTag(fmu,j11,
      j12)*Vec(nu10,q2)*Vec(nu16,p3)*Vec(nu9,-q3)*Vec(nu9,q3)*Den(p3 - q2 - q3
      )^2*Deng(p3,xiw,0)*Deng(q2 + q3,xiw,M3)^2*xia*ufoGC58*ufoGC3*ufoGC107*
      ufoGC93
       + 1/4*g_(1,6_,nu10)*g_(2,nu16,q2)*cFT(g6,XX,i2,j11)*flavourTag(fmu,j11,
      j12)*Vec(nu10,q2)*Vec(nu16,p3)*Vec(nu9,-q3)*Vec(nu9,q3)*Den(p3 - q2 - q3
      )^2*Deng(p3,xiw,0)*Deng(q2 + q3,xiw,M3)^2*ufoGC58*ufoGC3*ufoGC107*
      ufoGC93
       - 1/4*g_(1,6_,nu10)*g_(2,nu16,q2)*cFT(g6,XX,i2,j11)*flavourTag(fmu,j11,
      j12)*Vec(nu10,q2)*Vec(nu16,-q2)*Vec(nu9,p3)*Vec(nu9,q2)*Den(p3 - q2 - q3
      )^2*Deng(p3,xiw,0)*Deng(q2 + q3,xiw,M3)^2*xia*ufoGC58*ufoGC3*ufoGC107*
      ufoGC93
       + 1/4*g_(1,6_,nu10)*g_(2,nu16,q2)*cFT(g6,XX,i2,j11)*flavourTag(fmu,j11,
      j12)*Vec(nu10,q2)*Vec(nu16,-q2)*Vec(nu9,p3)*Vec(nu9,q2)*Den(p3 - q2 - q3
      )^2*Deng(p3,xiw,0)*Deng(q2 + q3,xiw,M3)^2*ufoGC58*ufoGC3*ufoGC107*
      ufoGC93
       - 1/4*g_(1,6_,nu10)*g_(2,nu16,q2)*cFT(g6,XX,i2,j11)*flavourTag(fmu,j11,
      j12)*Vec(nu10,q2)*Vec(nu16,-q2)*Vec(nu9,p3)*Vec(nu9,q3)*Den(p3 - q2 - q3
      )^2*Deng(p3,xiw,0)*Deng(q2 + q3,xiw,M3)^2*xia*ufoGC58*ufoGC3*ufoGC107*
      ufoGC93
       + 1/4*g_(1,6_,nu10)*g_(2,nu16,q2)*cFT(g6,XX,i2,j11)*flavourTag(fmu,j11,
      j12)*Vec(nu10,q2)*Vec(nu16,-q2)*Vec(nu9,p3)*Vec(nu9,q3)*Den(p3 - q2 - q3
      )^2*Deng(p3,xiw,0)*Deng(q2 + q3,xiw,M3)^2*ufoGC58*ufoGC3*ufoGC107*
      ufoGC93
       - 1/4*g_(1,6_,nu10)*g_(2,nu16,q2)*cFT(g6,XX,i2,j11)*flavourTag(fmu,j11,
      j12)*Vec(nu10,q2)*Vec(nu16,-q2)*Vec(nu9,-q2)*Vec(nu9,q3)*Den(p3 - q2 - 
      q3)^2*Deng(p3,xiw,0)*Deng(q2 + q3,xiw,M3)^2*xia*ufoGC58*ufoGC3*ufoGC107*
      ufoGC93
       + 1/4*g_(1,6_,nu10)*g_(2,nu16,q2)*cFT(g6,XX,i2,j11)*flavourTag(fmu,j11,
      j12)*Vec(nu10,q2)*Vec(nu16,-q2)*Vec(nu9,-q2)*Vec(nu9,q3)*Den(p3 - q2 - 
      q3)^2*Deng(p3,xiw,0)*Deng(q2 + q3,xiw,M3)^2*ufoGC58*ufoGC3*ufoGC107*
      ufoGC93
       - 1/4*g_(1,6_,nu10)*g_(2,nu16,q2)*cFT(g6,XX,i2,j11)*flavourTag(fmu,j11,
      j12)*Vec(nu10,q2)*Vec(nu16,-q2)*Vec(nu9,-q3)*Vec(nu9,q2)*Den(p3 - q2 - 
      q3)^2*Deng(p3,xiw,0)*Deng(q2 + q3,xiw,M3)^2*xia*ufoGC58*ufoGC3*ufoGC107*
      ufoGC93
       + 1/4*g_(1,6_,nu10)*g_(2,nu16,q2)*cFT(g6,XX,i2,j11)*flavourTag(fmu,j11,
      j12)*Vec(nu10,q2)*Vec(nu16,-q2)*Vec(nu9,-q3)*Vec(nu9,q2)*Den(p3 - q2 - 
      q3)^2*Deng(p3,xiw,0)*Deng(q2 + q3,xiw,M3)^2*ufoGC58*ufoGC3*ufoGC107*
      ufoGC93
       - 1/4*g_(1,6_,nu10)*g_(2,nu16,q2)*cFT(g6,XX,i2,j11)*flavourTag(fmu,j11,
      j12)*Vec(nu10,q2)*Vec(nu16,-q2)*Vec(nu9,-q3)*Vec(nu9,q3)*Den(p3 - q2 - 
      q3)^2*Deng(p3,xiw,0)*Deng(q2 + q3,xiw,M3)^2*xia*ufoGC58*ufoGC3*ufoGC107*
      ufoGC93
       + 1/4*g_(1,6_,nu10)*g_(2,nu16,q2)*cFT(g6,XX,i2,j11)*flavourTag(fmu,j11,
      j12)*Vec(nu10,q2)*Vec(nu16,-q2)*Vec(nu9,-q3)*Vec(nu9,q3)*Den(p3 - q2 - 
      q3)^2*Deng(p3,xiw,0)*Deng(q2 + q3,xiw,M3)^2*ufoGC58*ufoGC3*ufoGC107*
      ufoGC93
       - 1/4*g_(1,6_,nu10)*g_(2,nu16,q2)*cFT(g6,XX,i2,j11)*flavourTag(fmu,j11,
      j12)*Vec(nu10,q2)*Vec(nu16,-q3)*Vec(nu9,p3)*Vec(nu9,q2)*Den(p3 - q2 - q3
      )^2*Deng(p3,xiw,0)*Deng(q2 + q3,xiw,M3)^2*xia*ufoGC58*ufoGC3*ufoGC107*
      ufoGC93
       + 1/4*g_(1,6_,nu10)*g_(2,nu16,q2)*cFT(g6,XX,i2,j11)*flavourTag(fmu,j11,
      j12)*Vec(nu10,q2)*Vec(nu16,-q3)*Vec(nu9,p3)*Vec(nu9,q2)*Den(p3 - q2 - q3
      )^2*Deng(p3,xiw,0)*Deng(q2 + q3,xiw,M3)^2*ufoGC58*ufoGC3*ufoGC107*
      ufoGC93
       - 1/4*g_(1,6_,nu10)*g_(2,nu16,q2)*cFT(g6,XX,i2,j11)*flavourTag(fmu,j11,
      j12)*Vec(nu10,q2)*Vec(nu16,-q3)*Vec(nu9,p3)*Vec(nu9,q3)*Den(p3 - q2 - q3
      )^2*Deng(p3,xiw,0)*Deng(q2 + q3,xiw,M3)^2*xia*ufoGC58*ufoGC3*ufoGC107*
      ufoGC93
       + 1/4*g_(1,6_,nu10)*g_(2,nu16,q2)*cFT(g6,XX,i2,j11)*flavourTag(fmu,j11,
      j12)*Vec(nu10,q2)*Vec(nu16,-q3)*Vec(nu9,p3)*Vec(nu9,q3)*Den(p3 - q2 - q3
      )^2*Deng(p3,xiw,0)*Deng(q2 + q3,xiw,M3)^2*ufoGC58*ufoGC3*ufoGC107*
      ufoGC93
       - 1/4*g_(1,6_,nu10)*g_(2,nu16,q2)*cFT(g6,XX,i2,j11)*flavourTag(fmu,j11,
      j12)*Vec(nu10,q2)*Vec(nu16,-q3)*Vec(nu9,-q2)*Vec(nu9,q2)*Den(p3 - q2 - 
      q3)^2*Deng(p3,xiw,0)*Deng(q2 + q3,xiw,M3)^2*xia*ufoGC58*ufoGC3*ufoGC107*
      ufoGC93
       + 1/4*g_(1,6_,nu10)*g_(2,nu16,q2)*cFT(g6,XX,i2,j11)*flavourTag(fmu,j11,
      j12)*Vec(nu10,q2)*Vec(nu16,-q3)*Vec(nu9,-q2)*Vec(nu9,q2)*Den(p3 - q2 - 
      q3)^2*Deng(p3,xiw,0)*Deng(q2 + q3,xiw,M3)^2*ufoGC58*ufoGC3*ufoGC107*
      ufoGC93
       - 1/4*g_(1,6_,nu10)*g_(2,nu16,q2)*cFT(g6,XX,i2,j11)*flavourTag(fmu,j11,
      j12)*Vec(nu10,q2)*Vec(nu16,-q3)*Vec(nu9,-q2)*Vec(nu9,q3)*Den(p3 - q2 - 
      q3)^2*Deng(p3,xiw,0)*Deng(q2 + q3,xiw,M3)^2*xia*ufoGC58*ufoGC3*ufoGC107*
      ufoGC93
       + 1/4*g_(1,6_,nu10)*g_(2,nu16,q2)*cFT(g6,XX,i2,j11)*flavourTag(fmu,j11,
      j12)*Vec(nu10,q2)*Vec(nu16,-q3)*Vec(nu9,-q2)*Vec(nu9,q3)*Den(p3 - q2 - 
      q3)^2*Deng(p3,xiw,0)*Deng(q2 + q3,xiw,M3)^2*ufoGC58*ufoGC3*ufoGC107*
      ufoGC93
       - 1/4*g_(1,6_,nu10)*g_(2,nu16,q2)*cFT(g6,XX,i2,j11)*flavourTag(fmu,j11,
      j12)*Vec(nu10,q2)*Vec(nu16,-q3)*Vec(nu9,-q3)*Vec(nu9,q3)*Den(p3 - q2 - 
      q3)^2*Deng(p3,xiw,0)*Deng(q2 + q3,xiw,M3)^2*xia*ufoGC58*ufoGC3*ufoGC107*
      ufoGC93
       + 1/4*g_(1,6_,nu10)*g_(2,nu16,q2)*cFT(g6,XX,i2,j11)*flavourTag(fmu,j11,
      j12)*Vec(nu10,q2)*Vec(nu16,-q3)*Vec(nu9,-q3)*Vec(nu9,q3)*Den(p3 - q2 - 
      q3)^2*Deng(p3,xiw,0)*Deng(q2 + q3,xiw,M3)^2*ufoGC58*ufoGC3*ufoGC107*
      ufoGC93
       - 1/4*g_(1,6_,nu10)*g_(2,nu16,q2)*cFT(g6,XX,i2,j11)*flavourTag(fmu,j11,
      j12)*Vec(nu10,q3)*Vec(nu16,p3)*Vec(nu9,p3)*Vec(nu9,q2)*Den(p3 - q2 - q3)
      ^2*Deng(p3,xiw,0)*Deng(q2 + q3,xiw,M3)^2*xia*ufoGC58*ufoGC3*ufoGC107*
      ufoGC93
       + 1/4*g_(1,6_,nu10)*g_(2,nu16,q2)*cFT(g6,XX,i2,j11)*flavourTag(fmu,j11,
      j12)*Vec(nu10,q3)*Vec(nu16,p3)*Vec(nu9,p3)*Vec(nu9,q2)*Den(p3 - q2 - q3)
      ^2*Deng(p3,xiw,0)*Deng(q2 + q3,xiw,M3)^2*ufoGC58*ufoGC3*ufoGC107*ufoGC93
       - 1/4*g_(1,6_,nu10)*g_(2,nu16,q2)*cFT(g6,XX,i2,j11)*flavourTag(fmu,j11,
      j12)*Vec(nu10,q3)*Vec(nu16,p3)*Vec(nu9,-q2)*Vec(nu9,q2)*Den(p3 - q2 - q3
      )^2*Deng(p3,xiw,0)*Deng(q2 + q3,xiw,M3)^2*xia*ufoGC58*ufoGC3*ufoGC107*
      ufoGC93
       + 1/4*g_(1,6_,nu10)*g_(2,nu16,q2)*cFT(g6,XX,i2,j11)*flavourTag(fmu,j11,
      j12)*Vec(nu10,q3)*Vec(nu16,p3)*Vec(nu9,-q2)*Vec(nu9,q2)*Den(p3 - q2 - q3
      )^2*Deng(p3,xiw,0)*Deng(q2 + q3,xiw,M3)^2*ufoGC58*ufoGC3*ufoGC107*
      ufoGC93
       - 1/4*g_(1,6_,nu10)*g_(2,nu16,q2)*cFT(g6,XX,i2,j11)*flavourTag(fmu,j11,
      j12)*Vec(nu10,q3)*Vec(nu16,p3)*Vec(nu9,-q2)*Vec(nu9,q3)*Den(p3 - q2 - q3
      )^2*Deng(p3,xiw,0)*Deng(q2 + q3,xiw,M3)^2*xia*ufoGC58*ufoGC3*ufoGC107*
      ufoGC93
       + 1/4*g_(1,6_,nu10)*g_(2,nu16,q2)*cFT(g6,XX,i2,j11)*flavourTag(fmu,j11,
      j12)*Vec(nu10,q3)*Vec(nu16,p3)*Vec(nu9,-q2)*Vec(nu9,q3)*Den(p3 - q2 - q3
      )^2*Deng(p3,xiw,0)*Deng(q2 + q3,xiw,M3)^2*ufoGC58*ufoGC3*ufoGC107*
      ufoGC93
       - 1/4*g_(1,6_,nu10)*g_(2,nu16,q2)*cFT(g6,XX,i2,j11)*flavourTag(fmu,j11,
      j12)*Vec(nu10,q3)*Vec(nu16,p3)*Vec(nu9,-q3)*Vec(nu9,q2)*Den(p3 - q2 - q3
      )^2*Deng(p3,xiw,0)*Deng(q2 + q3,xiw,M3)^2*xia*ufoGC58*ufoGC3*ufoGC107*
      ufoGC93
       + 1/4*g_(1,6_,nu10)*g_(2,nu16,q2)*cFT(g6,XX,i2,j11)*flavourTag(fmu,j11,
      j12)*Vec(nu10,q3)*Vec(nu16,p3)*Vec(nu9,-q3)*Vec(nu9,q2)*Den(p3 - q2 - q3
      )^2*Deng(p3,xiw,0)*Deng(q2 + q3,xiw,M3)^2*ufoGC58*ufoGC3*ufoGC107*
      ufoGC93
       - 1/4*g_(1,6_,nu10)*g_(2,nu16,q2)*cFT(g6,XX,i2,j11)*flavourTag(fmu,j11,
      j12)*Vec(nu10,q3)*Vec(nu16,p3)*Vec(nu9,-q3)*Vec(nu9,q3)*Den(p3 - q2 - q3
      )^2*Deng(p3,xiw,0)*Deng(q2 + q3,xiw,M3)^2*xia*ufoGC58*ufoGC3*ufoGC107*
      ufoGC93
       + 1/4*g_(1,6_,nu10)*g_(2,nu16,q2)*cFT(g6,XX,i2,j11)*flavourTag(fmu,j11,
      j12)*Vec(nu10,q3)*Vec(nu16,p3)*Vec(nu9,-q3)*Vec(nu9,q3)*Den(p3 - q2 - q3
      )^2*Deng(p3,xiw,0)*Deng(q2 + q3,xiw,M3)^2*ufoGC58*ufoGC3*ufoGC107*
      ufoGC93
       - 1/4*g_(1,6_,nu10)*g_(2,nu16,q2)*cFT(g6,XX,i2,j11)*flavourTag(fmu,j11,
      j12)*Vec(nu10,q3)*Vec(nu16,-q2)*Vec(nu9,p3)*Vec(nu9,q2)*Den(p3 - q2 - q3
      )^2*Deng(p3,xiw,0)*Deng(q2 + q3,xiw,M3)^2*xia*ufoGC58*ufoGC3*ufoGC107*
      ufoGC93
       + 1/4*g_(1,6_,nu10)*g_(2,nu16,q2)*cFT(g6,XX,i2,j11)*flavourTag(fmu,j11,
      j12)*Vec(nu10,q3)*Vec(nu16,-q2)*Vec(nu9,p3)*Vec(nu9,q2)*Den(p3 - q2 - q3
      )^2*Deng(p3,xiw,0)*Deng(q2 + q3,xiw,M3)^2*ufoGC58*ufoGC3*ufoGC107*
      ufoGC93
       - 1/4*g_(1,6_,nu10)*g_(2,nu16,q2)*cFT(g6,XX,i2,j11)*flavourTag(fmu,j11,
      j12)*Vec(nu10,q3)*Vec(nu16,-q2)*Vec(nu9,p3)*Vec(nu9,q3)*Den(p3 - q2 - q3
      )^2*Deng(p3,xiw,0)*Deng(q2 + q3,xiw,M3)^2*xia*ufoGC58*ufoGC3*ufoGC107*
      ufoGC93
       + 1/4*g_(1,6_,nu10)*g_(2,nu16,q2)*cFT(g6,XX,i2,j11)*flavourTag(fmu,j11,
      j12)*Vec(nu10,q3)*Vec(nu16,-q2)*Vec(nu9,p3)*Vec(nu9,q3)*Den(p3 - q2 - q3
      )^2*Deng(p3,xiw,0)*Deng(q2 + q3,xiw,M3)^2*ufoGC58*ufoGC3*ufoGC107*
      ufoGC93
       - 1/4*g_(1,6_,nu10)*g_(2,nu16,q2)*cFT(g6,XX,i2,j11)*flavourTag(fmu,j11,
      j12)*Vec(nu10,q3)*Vec(nu16,-q2)*Vec(nu9,-q2)*Vec(nu9,q2)*Den(p3 - q2 - 
      q3)^2*Deng(p3,xiw,0)*Deng(q2 + q3,xiw,M3)^2*xia*ufoGC58*ufoGC3*ufoGC107*
      ufoGC93
       + 1/4*g_(1,6_,nu10)*g_(2,nu16,q2)*cFT(g6,XX,i2,j11)*flavourTag(fmu,j11,
      j12)*Vec(nu10,q3)*Vec(nu16,-q2)*Vec(nu9,-q2)*Vec(nu9,q2)*Den(p3 - q2 - 
      q3)^2*Deng(p3,xiw,0)*Deng(q2 + q3,xiw,M3)^2*ufoGC58*ufoGC3*ufoGC107*
      ufoGC93
       - 1/4*g_(1,6_,nu10)*g_(2,nu16,q2)*cFT(g6,XX,i2,j11)*flavourTag(fmu,j11,
      j12)*Vec(nu10,q3)*Vec(nu16,-q2)*Vec(nu9,-q3)*Vec(nu9,q2)*Den(p3 - q2 - 
      q3)^2*Deng(p3,xiw,0)*Deng(q2 + q3,xiw,M3)^2*xia*ufoGC58*ufoGC3*ufoGC107*
      ufoGC93
       + 1/4*g_(1,6_,nu10)*g_(2,nu16,q2)*cFT(g6,XX,i2,j11)*flavourTag(fmu,j11,
      j12)*Vec(nu10,q3)*Vec(nu16,-q2)*Vec(nu9,-q3)*Vec(nu9,q2)*Den(p3 - q2 - 
      q3)^2*Deng(p3,xiw,0)*Deng(q2 + q3,xiw,M3)^2*ufoGC58*ufoGC3*ufoGC107*
      ufoGC93
       - 1/4*g_(1,6_,nu10)*g_(2,nu16,q2)*cFT(g6,XX,i2,j11)*flavourTag(fmu,j11,
      j12)*Vec(nu10,q3)*Vec(nu16,-q2)*Vec(nu9,-q3)*Vec(nu9,q3)*Den(p3 - q2 - 
      q3)^2*Deng(p3,xiw,0)*Deng(q2 + q3,xiw,M3)^2*xia*ufoGC58*ufoGC3*ufoGC107*
      ufoGC93
       + 1/4*g_(1,6_,nu10)*g_(2,nu16,q2)*cFT(g6,XX,i2,j11)*flavourTag(fmu,j11,
      j12)*Vec(nu10,q3)*Vec(nu16,-q2)*Vec(nu9,-q3)*Vec(nu9,q3)*Den(p3 - q2 - 
      q3)^2*Deng(p3,xiw,0)*Deng(q2 + q3,xiw,M3)^2*ufoGC58*ufoGC3*ufoGC107*
      ufoGC93
       - 1/4*g_(1,6_,nu10)*g_(2,nu16,q2)*cFT(g6,XX,i2,j11)*flavourTag(fmu,j11,
      j12)*Vec(nu10,q3)*Vec(nu16,-q3)*Vec(nu9,p3)*Vec(nu9,q2)*Den(p3 - q2 - q3
      )^2*Deng(p3,xiw,0)*Deng(q2 + q3,xiw,M3)^2*xia*ufoGC58*ufoGC3*ufoGC107*
      ufoGC93
       + 1/4*g_(1,6_,nu10)*g_(2,nu16,q2)*cFT(g6,XX,i2,j11)*flavourTag(fmu,j11,
      j12)*Vec(nu10,q3)*Vec(nu16,-q3)*Vec(nu9,p3)*Vec(nu9,q2)*Den(p3 - q2 - q3
      )^2*Deng(p3,xiw,0)*Deng(q2 + q3,xiw,M3)^2*ufoGC58*ufoGC3*ufoGC107*
      ufoGC93
       - 1/4*g_(1,6_,nu10)*g_(2,nu16,q2)*cFT(g6,XX,i2,j11)*flavourTag(fmu,j11,
      j12)*Vec(nu10,q3)*Vec(nu16,-q3)*Vec(nu9,p3)*Vec(nu9,q3)*Den(p3 - q2 - q3
      )^2*Deng(p3,xiw,0)*Deng(q2 + q3,xiw,M3)^2*xia*ufoGC58*ufoGC3*ufoGC107*
      ufoGC93
       + 1/4*g_(1,6_,nu10)*g_(2,nu16,q2)*cFT(g6,XX,i2,j11)*flavourTag(fmu,j11,
      j12)*Vec(nu10,q3)*Vec(nu16,-q3)*Vec(nu9,p3)*Vec(nu9,q3)*Den(p3 - q2 - q3
      )^2*Deng(p3,xiw,0)*Deng(q2 + q3,xiw,M3)^2*ufoGC58*ufoGC3*ufoGC107*
      ufoGC93
       - 1/4*g_(1,6_,nu10)*g_(2,nu16,q2)*cFT(g6,XX,i2,j11)*flavourTag(fmu,j11,
      j12)*Vec(nu10,q3)*Vec(nu16,-q3)*Vec(nu9,-q2)*Vec(nu9,q2)*Den(p3 - q2 - 
      q3)^2*Deng(p3,xiw,0)*Deng(q2 + q3,xiw,M3)^2*xia*ufoGC58*ufoGC3*ufoGC107*
      ufoGC93
       + 1/4*g_(1,6_,nu10)*g_(2,nu16,q2)*cFT(g6,XX,i2,j11)*flavourTag(fmu,j11,
      j12)*Vec(nu10,q3)*Vec(nu16,-q3)*Vec(nu9,-q2)*Vec(nu9,q2)*Den(p3 - q2 - 
      q3)^2*Deng(p3,xiw,0)*Deng(q2 + q3,xiw,M3)^2*ufoGC58*ufoGC3*ufoGC107*
      ufoGC93
       - 1/4*g_(1,6_,nu10)*g_(2,nu16,q2)*cFT(g6,XX,i2,j11)*flavourTag(fmu,j11,
      j12)*Vec(nu10,q3)*Vec(nu16,-q3)*Vec(nu9,-q2)*Vec(nu9,q3)*Den(p3 - q2 - 
      q3)^2*Deng(p3,xiw,0)*Deng(q2 + q3,xiw,M3)^2*xia*ufoGC58*ufoGC3*ufoGC107*
      ufoGC93
       + 1/4*g_(1,6_,nu10)*g_(2,nu16,q2)*cFT(g6,XX,i2,j11)*flavourTag(fmu,j11,
      j12)*Vec(nu10,q3)*Vec(nu16,-q3)*Vec(nu9,-q2)*Vec(nu9,q3)*Den(p3 - q2 - 
      q3)^2*Deng(p3,xiw,0)*Deng(q2 + q3,xiw,M3)^2*ufoGC58*ufoGC3*ufoGC107*
      ufoGC93
       - 1/4*g_(1,6_,nu10)*g_(2,nu16,q2)*cFT(g6,XX,i2,j11)*flavourTag(fmu,j11,
      j12)*Vec(nu10,q3)*Vec(nu16,-q3)*Vec(nu9,-q3)*Vec(nu9,q2)*Den(p3 - q2 - 
      q3)^2*Deng(p3,xiw,0)*Deng(q2 + q3,xiw,M3)^2*xia*ufoGC58*ufoGC3*ufoGC107*
      ufoGC93
       + 1/4*g_(1,6_,nu10)*g_(2,nu16,q2)*cFT(g6,XX,i2,j11)*flavourTag(fmu,j11,
      j12)*Vec(nu10,q3)*Vec(nu16,-q3)*Vec(nu9,-q3)*Vec(nu9,q2)*Den(p3 - q2 - 
      q3)^2*Deng(p3,xiw,0)*Deng(q2 + q3,xiw,M3)^2*ufoGC58*ufoGC3*ufoGC107*
      ufoGC93
       + 1/4*g_(1,6_,nu10)*g_(2,nu9,p3)*cFT(g6,XX,i2,j11)*flavourTag(fmu,j11,
      j12)*Vec(nu10,q2)*Vec(nu9,q2)*Den(p3 - q2 - q3)*Deng(p3,xiw,0)*Deng(q2
       + q3,xiw,M3)^2*ufoGC58*ufoGC3*ufoGC107*ufoGC93
       + 1/4*g_(1,6_,nu10)*g_(2,nu9,p3)*cFT(g6,XX,i2,j11)*flavourTag(fmu,j11,
      j12)*Vec(nu10,q2)*Vec(nu9,q3)*Den(p3 - q2 - q3)*Deng(p3,xiw,0)*Deng(q2
       + q3,xiw,M3)^2*ufoGC58*ufoGC3*ufoGC107*ufoGC93
       + 1/4*g_(1,6_,nu10)*g_(2,nu9,p3)*cFT(g6,XX,i2,j11)*flavourTag(fmu,j11,
      j12)*Vec(nu10,q3)*Vec(nu9,q2)*Den(p3 - q2 - q3)*Deng(p3,xiw,0)*Deng(q2
       + q3,xiw,M3)^2*ufoGC58*ufoGC3*ufoGC107*ufoGC93
       + 1/4*g_(1,6_,nu10)*g_(2,nu9,p3)*cFT(g6,XX,i2,j11)*flavourTag(fmu,j11,
      j12)*Vec(nu10,q3)*Vec(nu9,q3)*Den(p3 - q2 - q3)*Deng(p3,xiw,0)*Deng(q2
       + q3,xiw,M3)^2*ufoGC58*ufoGC3*ufoGC107*ufoGC93
       - 1/4*g_(1,6_,nu10)*g_(2,nu9,q2)*cFT(g6,XX,i2,j11)*flavourTag(fmu,j11,
      j12)*Vec(nu10,q2)*Vec(nu9,q2)*Den(p3 - q2 - q3)*Deng(p3,xiw,0)*Deng(q2
       + q3,xiw,M3)^2*ufoGC58*ufoGC3*ufoGC107*ufoGC93
       - 1/4*g_(1,6_,nu10)*g_(2,nu9,q2)*cFT(g6,XX,i2,j11)*flavourTag(fmu,j11,
      j12)*Vec(nu10,q2)*Vec(nu9,q3)*Den(p3 - q2 - q3)*Deng(p3,xiw,0)*Deng(q2
       + q3,xiw,M3)^2*ufoGC58*ufoGC3*ufoGC107*ufoGC93
       - 1/4*g_(1,6_,nu10)*g_(2,nu9,q2)*cFT(g6,XX,i2,j11)*flavourTag(fmu,j11,
      j12)*Vec(nu10,q3)*Vec(nu9,q2)*Den(p3 - q2 - q3)*Deng(p3,xiw,0)*Deng(q2
       + q3,xiw,M3)^2*ufoGC58*ufoGC3*ufoGC107*ufoGC93
       - 1/4*g_(1,6_,nu10)*g_(2,nu9,q2)*cFT(g6,XX,i2,j11)*flavourTag(fmu,j11,
      j12)*Vec(nu10,q3)*Vec(nu9,q3)*Den(p3 - q2 - q3)*Deng(p3,xiw,0)*Deng(q2
       + q3,xiw,M3)^2*ufoGC58*ufoGC3*ufoGC107*ufoGC93
       - 1/4*g_(1,6_,nu16)*g_(2,nu16,p3)*cFT(g6,XX,i2,j11)/(d^3 + d^2 - 2*d)*
      flavourTag(fmu,j11,j12)*Den(p3 - q2 - q3)^2*Deng(p3,xiw,0)*Deng(q2 + q3,
      xiw,M3)^2*p3.p3*q2.q2*d*xia*ufoGC58*ufoGC3*ufoGC107*ufoGC93
       + 1/4*g_(1,6_,nu16)*g_(2,nu16,p3)*cFT(g6,XX,i2,j11)/(d^3 + d^2 - 2*d)*
      flavourTag(fmu,j11,j12)*Den(p3 - q2 - q3)^2*Deng(p3,xiw,0)*Deng(q2 + q3,
      xiw,M3)^2*p3.p3*q2.q2*d*ufoGC58*ufoGC3*ufoGC107*ufoGC93
       - 1/4*g_(1,6_,nu16)*g_(2,nu16,p3)*cFT(g6,XX,i2,j11)/(d^3 + d^2 - 2*d)*
      flavourTag(fmu,j11,j12)*Den(p3 - q2 - q3)^2*Deng(p3,xiw,0)*Deng(q2 + q3,
      xiw,M3)^2*p3.p3*q2.q2*xia*ufoGC58*ufoGC3*ufoGC107*ufoGC93
       + 1/4*g_(1,6_,nu16)*g_(2,nu16,p3)*cFT(g6,XX,i2,j11)/(d^3 + d^2 - 2*d)*
      flavourTag(fmu,j11,j12)*Den(p3 - q2 - q3)^2*Deng(p3,xiw,0)*Deng(q2 + q3,
      xiw,M3)^2*p3.p3*q2.q2*ufoGC58*ufoGC3*ufoGC107*ufoGC93
       - 1/4*g_(1,6_,nu16)*g_(2,nu16,p3)*cFT(g6,XX,i2,j11)/(d^3 + d^2 - 2*d)*
      flavourTag(fmu,j11,j12)*Den(p3 - q2 - q3)^2*Deng(p3,xiw,0)*Deng(q2 + q3,
      xiw,M3)^2*p3.p3*q3.q3*d*xia*ufoGC58*ufoGC3*ufoGC107*ufoGC93
       + 1/4*g_(1,6_,nu16)*g_(2,nu16,p3)*cFT(g6,XX,i2,j11)/(d^3 + d^2 - 2*d)*
      flavourTag(fmu,j11,j12)*Den(p3 - q2 - q3)^2*Deng(p3,xiw,0)*Deng(q2 + q3,
      xiw,M3)^2*p3.p3*q3.q3*d*ufoGC58*ufoGC3*ufoGC107*ufoGC93
       - 1/4*g_(1,6_,nu16)*g_(2,nu16,p3)*cFT(g6,XX,i2,j11)/(d^3 + d^2 - 2*d)*
      flavourTag(fmu,j11,j12)*Den(p3 - q2 - q3)^2*Deng(p3,xiw,0)*Deng(q2 + q3,
      xiw,M3)^2*p3.p3*q3.q3*xia*ufoGC58*ufoGC3*ufoGC107*ufoGC93
       + 1/4*g_(1,6_,nu16)*g_(2,nu16,p3)*cFT(g6,XX,i2,j11)/(d^3 + d^2 - 2*d)*
      flavourTag(fmu,j11,j12)*Den(p3 - q2 - q3)^2*Deng(p3,xiw,0)*Deng(q2 + q3,
      xiw,M3)^2*p3.p3*q3.q3*ufoGC58*ufoGC3*ufoGC107*ufoGC93
       + 1/4*g_(1,6_,nu16)*g_(2,nu16,p3)*cFT(g6,XX,i2,j11)/(d^3 + d^2 - 2*d)*
      flavourTag(fmu,j11,j12)*Den(p3 - q2 - q3)^2*Deng(p3,xiw,0)*Deng(q2 + q3,
      xiw,M3)^2*p3.q2^2*d^2*xia*ufoGC58*ufoGC3*ufoGC107*ufoGC93
       - 1/4*g_(1,6_,nu16)*g_(2,nu16,p3)*cFT(g6,XX,i2,j11)/(d^3 + d^2 - 2*d)*
      flavourTag(fmu,j11,j12)*Den(p3 - q2 - q3)^2*Deng(p3,xiw,0)*Deng(q2 + q3,
      xiw,M3)^2*p3.q2^2*d^2*ufoGC58*ufoGC3*ufoGC107*ufoGC93
       + 1/4*g_(1,6_,nu16)*g_(2,nu16,p3)*cFT(g6,XX,i2,j11)/(d^3 + d^2 - 2*d)*
      flavourTag(fmu,j11,j12)*Den(p3 - q2 - q3)^2*Deng(p3,xiw,0)*Deng(q2 + q3,
      xiw,M3)^2*p3.q2^2*d*xia*ufoGC58*ufoGC3*ufoGC107*ufoGC93
       - 1/4*g_(1,6_,nu16)*g_(2,nu16,p3)*cFT(g6,XX,i2,j11)/(d^3 + d^2 - 2*d)*
      flavourTag(fmu,j11,j12)*Den(p3 - q2 - q3)^2*Deng(p3,xiw,0)*Deng(q2 + q3,
      xiw,M3)^2*p3.q2^2*d*ufoGC58*ufoGC3*ufoGC107*ufoGC93
       + 1/4*g_(1,6_,nu16)*g_(2,nu16,p3)*cFT(g6,XX,i2,j11)/(d^3 + d^2 - 2*d)*
      flavourTag(fmu,j11,j12)*Den(p3 - q2 - q3)^2*Deng(p3,xiw,0)*Deng(q2 + q3,
      xiw,M3)^2*p3.q3^2*d^2*xia*ufoGC58*ufoGC3*ufoGC107*ufoGC93
       - 1/4*g_(1,6_,nu16)*g_(2,nu16,p3)*cFT(g6,XX,i2,j11)/(d^3 + d^2 - 2*d)*
      flavourTag(fmu,j11,j12)*Den(p3 - q2 - q3)^2*Deng(p3,xiw,0)*Deng(q2 + q3,
      xiw,M3)^2*p3.q3^2*d^2*ufoGC58*ufoGC3*ufoGC107*ufoGC93
       + 1/4*g_(1,6_,nu16)*g_(2,nu16,p3)*cFT(g6,XX,i2,j11)/(d^3 + d^2 - 2*d)*
      flavourTag(fmu,j11,j12)*Den(p3 - q2 - q3)^2*Deng(p3,xiw,0)*Deng(q2 + q3,
      xiw,M3)^2*p3.q3^2*d*xia*ufoGC58*ufoGC3*ufoGC107*ufoGC93
       - 1/4*g_(1,6_,nu16)*g_(2,nu16,p3)*cFT(g6,XX,i2,j11)/(d^3 + d^2 - 2*d)*
      flavourTag(fmu,j11,j12)*Den(p3 - q2 - q3)^2*Deng(p3,xiw,0)*Deng(q2 + q3,
      xiw,M3)^2*p3.q3^2*d*ufoGC58*ufoGC3*ufoGC107*ufoGC93
       + 1/4*g_(1,6_,nu16)*g_(2,nu16,p3)*cFT(g6,XX,i2,j11)/(d^3 + d^2 - 2*d)*
      flavourTag(fmu,j11,j12)*Den(p3 - q2 - q3)^2*Deng(p3,xiw,0)*Deng(q2 + q3,
      xiw,M3)^2*q2.q2^2*d^2*xia*ufoGC58*ufoGC3*ufoGC107*ufoGC93
       - 1/4*g_(1,6_,nu16)*g_(2,nu16,p3)*cFT(g6,XX,i2,j11)/(d^3 + d^2 - 2*d)*
      flavourTag(fmu,j11,j12)*Den(p3 - q2 - q3)^2*Deng(p3,xiw,0)*Deng(q2 + q3,
      xiw,M3)^2*q2.q2^2*d^2*ufoGC58*ufoGC3*ufoGC107*ufoGC93
       - 1/4*g_(1,6_,nu16)*g_(2,nu16,p3)*cFT(g6,XX,i2,j11)/(d^3 + d^2 - 2*d)*
      flavourTag(fmu,j11,j12)*Den(p3 - q2 - q3)^2*Deng(p3,xiw,0)*Deng(q2 + q3,
      xiw,M3)^2*q2.q2^2*xia*ufoGC58*ufoGC3*ufoGC107*ufoGC93
       + 1/4*g_(1,6_,nu16)*g_(2,nu16,p3)*cFT(g6,XX,i2,j11)/(d^3 + d^2 - 2*d)*
      flavourTag(fmu,j11,j12)*Den(p3 - q2 - q3)^2*Deng(p3,xiw,0)*Deng(q2 + q3,
      xiw,M3)^2*q2.q2^2*ufoGC58*ufoGC3*ufoGC107*ufoGC93
       - 1/2*g_(1,6_,nu16)*g_(2,nu16,p3)*cFT(g6,XX,i2,j11)/(d^3 + d^2 - 2*d)*
      flavourTag(fmu,j11,j12)*Den(p3 - q2 - q3)^2*Deng(p3,xiw,0)*Deng(q2 + q3,
      xiw,M3)^2*q2.q2*q3.q3*d*xia*ufoGC58*ufoGC3*ufoGC107*ufoGC93
       + 1/2*g_(1,6_,nu16)*g_(2,nu16,p3)*cFT(g6,XX,i2,j11)/(d^3 + d^2 - 2*d)*
      flavourTag(fmu,j11,j12)*Den(p3 - q2 - q3)^2*Deng(p3,xiw,0)*Deng(q2 + q3,
      xiw,M3)^2*q2.q2*q3.q3*d*ufoGC58*ufoGC3*ufoGC107*ufoGC93
       - 1/2*g_(1,6_,nu16)*g_(2,nu16,p3)*cFT(g6,XX,i2,j11)/(d^3 + d^2 - 2*d)*
      flavourTag(fmu,j11,j12)*Den(p3 - q2 - q3)^2*Deng(p3,xiw,0)*Deng(q2 + q3,
      xiw,M3)^2*q2.q2*q3.q3*xia*ufoGC58*ufoGC3*ufoGC107*ufoGC93
       + 1/2*g_(1,6_,nu16)*g_(2,nu16,p3)*cFT(g6,XX,i2,j11)/(d^3 + d^2 - 2*d)*
      flavourTag(fmu,j11,j12)*Den(p3 - q2 - q3)^2*Deng(p3,xiw,0)*Deng(q2 + q3,
      xiw,M3)^2*q2.q2*q3.q3*ufoGC58*ufoGC3*ufoGC107*ufoGC93
       + 1/2*g_(1,6_,nu16)*g_(2,nu16,p3)*cFT(g6,XX,i2,j11)/(d^3 + d^2 - 2*d)*
      flavourTag(fmu,j11,j12)*Den(p3 - q2 - q3)^2*Deng(p3,xiw,0)*Deng(q2 + q3,
      xiw,M3)^2*q2.q3^2*d^2*xia*ufoGC58*ufoGC3*ufoGC107*ufoGC93
       - 1/2*g_(1,6_,nu16)*g_(2,nu16,p3)*cFT(g6,XX,i2,j11)/(d^3 + d^2 - 2*d)*
      flavourTag(fmu,j11,j12)*Den(p3 - q2 - q3)^2*Deng(p3,xiw,0)*Deng(q2 + q3,
      xiw,M3)^2*q2.q3^2*d^2*ufoGC58*ufoGC3*ufoGC107*ufoGC93
       + 1/2*g_(1,6_,nu16)*g_(2,nu16,p3)*cFT(g6,XX,i2,j11)/(d^3 + d^2 - 2*d)*
      flavourTag(fmu,j11,j12)*Den(p3 - q2 - q3)^2*Deng(p3,xiw,0)*Deng(q2 + q3,
      xiw,M3)^2*q2.q3^2*d*xia*ufoGC58*ufoGC3*ufoGC107*ufoGC93
       - 1/2*g_(1,6_,nu16)*g_(2,nu16,p3)*cFT(g6,XX,i2,j11)/(d^3 + d^2 - 2*d)*
      flavourTag(fmu,j11,j12)*Den(p3 - q2 - q3)^2*Deng(p3,xiw,0)*Deng(q2 + q3,
      xiw,M3)^2*q2.q3^2*d*ufoGC58*ufoGC3*ufoGC107*ufoGC93
       + 1/4*g_(1,6_,nu16)*g_(2,nu16,p3)*cFT(g6,XX,i2,j11)/(d^3 + d^2 - 2*d)*
      flavourTag(fmu,j11,j12)*Den(p3 - q2 - q3)^2*Deng(p3,xiw,0)*Deng(q2 + q3,
      xiw,M3)^2*q3.q3^2*d^2*xia*ufoGC58*ufoGC3*ufoGC107*ufoGC93
       - 1/4*g_(1,6_,nu16)*g_(2,nu16,p3)*cFT(g6,XX,i2,j11)/(d^3 + d^2 - 2*d)*
      flavourTag(fmu,j11,j12)*Den(p3 - q2 - q3)^2*Deng(p3,xiw,0)*Deng(q2 + q3,
      xiw,M3)^2*q3.q3^2*d^2*ufoGC58*ufoGC3*ufoGC107*ufoGC93
       - 1/4*g_(1,6_,nu16)*g_(2,nu16,p3)*cFT(g6,XX,i2,j11)/(d^3 + d^2 - 2*d)*
      flavourTag(fmu,j11,j12)*Den(p3 - q2 - q3)^2*Deng(p3,xiw,0)*Deng(q2 + q3,
      xiw,M3)^2*q3.q3^2*xia*ufoGC58*ufoGC3*ufoGC107*ufoGC93
       + 1/4*g_(1,6_,nu16)*g_(2,nu16,p3)*cFT(g6,XX,i2,j11)/(d^3 + d^2 - 2*d)*
      flavourTag(fmu,j11,j12)*Den(p3 - q2 - q3)^2*Deng(p3,xiw,0)*Deng(q2 + q3,
      xiw,M3)^2*q3.q3^2*ufoGC58*ufoGC3*ufoGC107*ufoGC93
       + 1/4*g_(1,6_,nu16)*g_(2,nu16,q2)*cFT(g6,XX,i2,j11)/(d^3 + d^2 - 2*d)*
      flavourTag(fmu,j11,j12)*Den(p3 - q2 - q3)^2*Deng(p3,xiw,0)*Deng(q2 + q3,
      xiw,M3)^2*p3.p3*q2.q2*d*xia*ufoGC58*ufoGC3*ufoGC107*ufoGC93
       - 1/4*g_(1,6_,nu16)*g_(2,nu16,q2)*cFT(g6,XX,i2,j11)/(d^3 + d^2 - 2*d)*
      flavourTag(fmu,j11,j12)*Den(p3 - q2 - q3)^2*Deng(p3,xiw,0)*Deng(q2 + q3,
      xiw,M3)^2*p3.p3*q2.q2*d*ufoGC58*ufoGC3*ufoGC107*ufoGC93
       + 1/4*g_(1,6_,nu16)*g_(2,nu16,q2)*cFT(g6,XX,i2,j11)/(d^3 + d^2 - 2*d)*
      flavourTag(fmu,j11,j12)*Den(p3 - q2 - q3)^2*Deng(p3,xiw,0)*Deng(q2 + q3,
      xiw,M3)^2*p3.p3*q2.q2*xia*ufoGC58*ufoGC3*ufoGC107*ufoGC93
       - 1/4*g_(1,6_,nu16)*g_(2,nu16,q2)*cFT(g6,XX,i2,j11)/(d^3 + d^2 - 2*d)*
      flavourTag(fmu,j11,j12)*Den(p3 - q2 - q3)^2*Deng(p3,xiw,0)*Deng(q2 + q3,
      xiw,M3)^2*p3.p3*q2.q2*ufoGC58*ufoGC3*ufoGC107*ufoGC93
       + 1/4*g_(1,6_,nu16)*g_(2,nu16,q2)*cFT(g6,XX,i2,j11)/(d^3 + d^2 - 2*d)*
      flavourTag(fmu,j11,j12)*Den(p3 - q2 - q3)^2*Deng(p3,xiw,0)*Deng(q2 + q3,
      xiw,M3)^2*p3.p3*q3.q3*d*xia*ufoGC58*ufoGC3*ufoGC107*ufoGC93
       - 1/4*g_(1,6_,nu16)*g_(2,nu16,q2)*cFT(g6,XX,i2,j11)/(d^3 + d^2 - 2*d)*
      flavourTag(fmu,j11,j12)*Den(p3 - q2 - q3)^2*Deng(p3,xiw,0)*Deng(q2 + q3,
      xiw,M3)^2*p3.p3*q3.q3*d*ufoGC58*ufoGC3*ufoGC107*ufoGC93
       + 1/4*g_(1,6_,nu16)*g_(2,nu16,q2)*cFT(g6,XX,i2,j11)/(d^3 + d^2 - 2*d)*
      flavourTag(fmu,j11,j12)*Den(p3 - q2 - q3)^2*Deng(p3,xiw,0)*Deng(q2 + q3,
      xiw,M3)^2*p3.p3*q3.q3*xia*ufoGC58*ufoGC3*ufoGC107*ufoGC93
       - 1/4*g_(1,6_,nu16)*g_(2,nu16,q2)*cFT(g6,XX,i2,j11)/(d^3 + d^2 - 2*d)*
      flavourTag(fmu,j11,j12)*Den(p3 - q2 - q3)^2*Deng(p3,xiw,0)*Deng(q2 + q3,
      xiw,M3)^2*p3.p3*q3.q3*ufoGC58*ufoGC3*ufoGC107*ufoGC93
       - 1/4*g_(1,6_,nu16)*g_(2,nu16,q2)*cFT(g6,XX,i2,j11)/(d^3 + d^2 - 2*d)*
      flavourTag(fmu,j11,j12)*Den(p3 - q2 - q3)^2*Deng(p3,xiw,0)*Deng(q2 + q3,
      xiw,M3)^2*p3.q2^2*d^2*xia*ufoGC58*ufoGC3*ufoGC107*ufoGC93
       + 1/4*g_(1,6_,nu16)*g_(2,nu16,q2)*cFT(g6,XX,i2,j11)/(d^3 + d^2 - 2*d)*
      flavourTag(fmu,j11,j12)*Den(p3 - q2 - q3)^2*Deng(p3,xiw,0)*Deng(q2 + q3,
      xiw,M3)^2*p3.q2^2*d^2*ufoGC58*ufoGC3*ufoGC107*ufoGC93
       - 1/4*g_(1,6_,nu16)*g_(2,nu16,q2)*cFT(g6,XX,i2,j11)/(d^3 + d^2 - 2*d)*
      flavourTag(fmu,j11,j12)*Den(p3 - q2 - q3)^2*Deng(p3,xiw,0)*Deng(q2 + q3,
      xiw,M3)^2*p3.q2^2*d*xia*ufoGC58*ufoGC3*ufoGC107*ufoGC93
       + 1/4*g_(1,6_,nu16)*g_(2,nu16,q2)*cFT(g6,XX,i2,j11)/(d^3 + d^2 - 2*d)*
      flavourTag(fmu,j11,j12)*Den(p3 - q2 - q3)^2*Deng(p3,xiw,0)*Deng(q2 + q3,
      xiw,M3)^2*p3.q2^2*d*ufoGC58*ufoGC3*ufoGC107*ufoGC93
       - 1/4*g_(1,6_,nu16)*g_(2,nu16,q2)*cFT(g6,XX,i2,j11)/(d^3 + d^2 - 2*d)*
      flavourTag(fmu,j11,j12)*Den(p3 - q2 - q3)^2*Deng(p3,xiw,0)*Deng(q2 + q3,
      xiw,M3)^2*p3.q3^2*d^2*xia*ufoGC58*ufoGC3*ufoGC107*ufoGC93
       + 1/4*g_(1,6_,nu16)*g_(2,nu16,q2)*cFT(g6,XX,i2,j11)/(d^3 + d^2 - 2*d)*
      flavourTag(fmu,j11,j12)*Den(p3 - q2 - q3)^2*Deng(p3,xiw,0)*Deng(q2 + q3,
      xiw,M3)^2*p3.q3^2*d^2*ufoGC58*ufoGC3*ufoGC107*ufoGC93
       - 1/4*g_(1,6_,nu16)*g_(2,nu16,q2)*cFT(g6,XX,i2,j11)/(d^3 + d^2 - 2*d)*
      flavourTag(fmu,j11,j12)*Den(p3 - q2 - q3)^2*Deng(p3,xiw,0)*Deng(q2 + q3,
      xiw,M3)^2*p3.q3^2*d*xia*ufoGC58*ufoGC3*ufoGC107*ufoGC93
       + 1/4*g_(1,6_,nu16)*g_(2,nu16,q2)*cFT(g6,XX,i2,j11)/(d^3 + d^2 - 2*d)*
      flavourTag(fmu,j11,j12)*Den(p3 - q2 - q3)^2*Deng(p3,xiw,0)*Deng(q2 + q3,
      xiw,M3)^2*p3.q3^2*d*ufoGC58*ufoGC3*ufoGC107*ufoGC93
       - 1/4*g_(1,6_,nu16)*g_(2,nu16,q2)*cFT(g6,XX,i2,j11)/(d^3 + d^2 - 2*d)*
      flavourTag(fmu,j11,j12)*Den(p3 - q2 - q3)^2*Deng(p3,xiw,0)*Deng(q2 + q3,
      xiw,M3)^2*q2.q2^2*d^2*xia*ufoGC58*ufoGC3*ufoGC107*ufoGC93
       + 1/4*g_(1,6_,nu16)*g_(2,nu16,q2)*cFT(g6,XX,i2,j11)/(d^3 + d^2 - 2*d)*
      flavourTag(fmu,j11,j12)*Den(p3 - q2 - q3)^2*Deng(p3,xiw,0)*Deng(q2 + q3,
      xiw,M3)^2*q2.q2^2*d^2*ufoGC58*ufoGC3*ufoGC107*ufoGC93
       + 1/4*g_(1,6_,nu16)*g_(2,nu16,q2)*cFT(g6,XX,i2,j11)/(d^3 + d^2 - 2*d)*
      flavourTag(fmu,j11,j12)*Den(p3 - q2 - q3)^2*Deng(p3,xiw,0)*Deng(q2 + q3,
      xiw,M3)^2*q2.q2^2*xia*ufoGC58*ufoGC3*ufoGC107*ufoGC93
       - 1/4*g_(1,6_,nu16)*g_(2,nu16,q2)*cFT(g6,XX,i2,j11)/(d^3 + d^2 - 2*d)*
      flavourTag(fmu,j11,j12)*Den(p3 - q2 - q3)^2*Deng(p3,xiw,0)*Deng(q2 + q3,
      xiw,M3)^2*q2.q2^2*ufoGC58*ufoGC3*ufoGC107*ufoGC93
       + 1/2*g_(1,6_,nu16)*g_(2,nu16,q2)*cFT(g6,XX,i2,j11)/(d^3 + d^2 - 2*d)*
      flavourTag(fmu,j11,j12)*Den(p3 - q2 - q3)^2*Deng(p3,xiw,0)*Deng(q2 + q3,
      xiw,M3)^2*q2.q2*q3.q3*d*xia*ufoGC58*ufoGC3*ufoGC107*ufoGC93
       - 1/2*g_(1,6_,nu16)*g_(2,nu16,q2)*cFT(g6,XX,i2,j11)/(d^3 + d^2 - 2*d)*
      flavourTag(fmu,j11,j12)*Den(p3 - q2 - q3)^2*Deng(p3,xiw,0)*Deng(q2 + q3,
      xiw,M3)^2*q2.q2*q3.q3*d*ufoGC58*ufoGC3*ufoGC107*ufoGC93
       + 1/2*g_(1,6_,nu16)*g_(2,nu16,q2)*cFT(g6,XX,i2,j11)/(d^3 + d^2 - 2*d)*
      flavourTag(fmu,j11,j12)*Den(p3 - q2 - q3)^2*Deng(p3,xiw,0)*Deng(q2 + q3,
      xiw,M3)^2*q2.q2*q3.q3*xia*ufoGC58*ufoGC3*ufoGC107*ufoGC93
       - 1/2*g_(1,6_,nu16)*g_(2,nu16,q2)*cFT(g6,XX,i2,j11)/(d^3 + d^2 - 2*d)*
      flavourTag(fmu,j11,j12)*Den(p3 - q2 - q3)^2*Deng(p3,xiw,0)*Deng(q2 + q3,
      xiw,M3)^2*q2.q2*q3.q3*ufoGC58*ufoGC3*ufoGC107*ufoGC93
       - 1/2*g_(1,6_,nu16)*g_(2,nu16,q2)*cFT(g6,XX,i2,j11)/(d^3 + d^2 - 2*d)*
      flavourTag(fmu,j11,j12)*Den(p3 - q2 - q3)^2*Deng(p3,xiw,0)*Deng(q2 + q3,
      xiw,M3)^2*q2.q3^2*d^2*xia*ufoGC58*ufoGC3*ufoGC107*ufoGC93
       + 1/2*g_(1,6_,nu16)*g_(2,nu16,q2)*cFT(g6,XX,i2,j11)/(d^3 + d^2 - 2*d)*
      flavourTag(fmu,j11,j12)*Den(p3 - q2 - q3)^2*Deng(p3,xiw,0)*Deng(q2 + q3,
      xiw,M3)^2*q2.q3^2*d^2*ufoGC58*ufoGC3*ufoGC107*ufoGC93
       - 1/2*g_(1,6_,nu16)*g_(2,nu16,q2)*cFT(g6,XX,i2,j11)/(d^3 + d^2 - 2*d)*
      flavourTag(fmu,j11,j12)*Den(p3 - q2 - q3)^2*Deng(p3,xiw,0)*Deng(q2 + q3,
      xiw,M3)^2*q2.q3^2*d*xia*ufoGC58*ufoGC3*ufoGC107*ufoGC93
       + 1/2*g_(1,6_,nu16)*g_(2,nu16,q2)*cFT(g6,XX,i2,j11)/(d^3 + d^2 - 2*d)*
      flavourTag(fmu,j11,j12)*Den(p3 - q2 - q3)^2*Deng(p3,xiw,0)*Deng(q2 + q3,
      xiw,M3)^2*q2.q3^2*d*ufoGC58*ufoGC3*ufoGC107*ufoGC93
       - 1/4*g_(1,6_,nu16)*g_(2,nu16,q2)*cFT(g6,XX,i2,j11)/(d^3 + d^2 - 2*d)*
      flavourTag(fmu,j11,j12)*Den(p3 - q2 - q3)^2*Deng(p3,xiw,0)*Deng(q2 + q3,
      xiw,M3)^2*q3.q3^2*d^2*xia*ufoGC58*ufoGC3*ufoGC107*ufoGC93
       + 1/4*g_(1,6_,nu16)*g_(2,nu16,q2)*cFT(g6,XX,i2,j11)/(d^3 + d^2 - 2*d)*
      flavourTag(fmu,j11,j12)*Den(p3 - q2 - q3)^2*Deng(p3,xiw,0)*Deng(q2 + q3,
      xiw,M3)^2*q3.q3^2*d^2*ufoGC58*ufoGC3*ufoGC107*ufoGC93
       + 1/4*g_(1,6_,nu16)*g_(2,nu16,q2)*cFT(g6,XX,i2,j11)/(d^3 + d^2 - 2*d)*
      flavourTag(fmu,j11,j12)*Den(p3 - q2 - q3)^2*Deng(p3,xiw,0)*Deng(q2 + q3,
      xiw,M3)^2*q3.q3^2*xia*ufoGC58*ufoGC3*ufoGC107*ufoGC93
       - 1/4*g_(1,6_,nu16)*g_(2,nu16,q2)*cFT(g6,XX,i2,j11)/(d^3 + d^2 - 2*d)*
      flavourTag(fmu,j11,j12)*Den(p3 - q2 - q3)^2*Deng(p3,xiw,0)*Deng(q2 + q3,
      xiw,M3)^2*q3.q3^2*ufoGC58*ufoGC3*ufoGC107*ufoGC93
       - 1/4*g_(1,6_,nu9)*g_(2,nu16,p3)*cFT(g6,XX,i2,j11)*flavourTag(fmu,j11,
      j12)*Vec(nu16,p3)*Vec(nu9,p3)*Den(p3 - q2 - q3)^2*Deng(p3,xiw,0)*Deng(q2
       + q3,xiw,M3)*xia*ufoGC58*ufoGC3*ufoGC107*ufoGC93
       + 1/4*g_(1,6_,nu9)*g_(2,nu16,p3)*cFT(g6,XX,i2,j11)*flavourTag(fmu,j11,
      j12)*Vec(nu16,p3)*Vec(nu9,p3)*Den(p3 - q2 - q3)^2*Deng(p3,xiw,0)*Deng(q2
       + q3,xiw,M3)*ufoGC58*ufoGC3*ufoGC107*ufoGC93
       - 1/4*g_(1,6_,nu9)*g_(2,nu16,p3)*cFT(g6,XX,i2,j11)*flavourTag(fmu,j11,
      j12)*Vec(nu16,p3)*Vec(nu9,-q2)*Den(p3 - q2 - q3)^2*Deng(p3,xiw,0)*Deng(
      q2 + q3,xiw,M3)*xia*ufoGC58*ufoGC3*ufoGC107*ufoGC93
       + 1/4*g_(1,6_,nu9)*g_(2,nu16,p3)*cFT(g6,XX,i2,j11)*flavourTag(fmu,j11,
      j12)*Vec(nu16,p3)*Vec(nu9,-q2)*Den(p3 - q2 - q3)^2*Deng(p3,xiw,0)*Deng(
      q2 + q3,xiw,M3)*ufoGC58*ufoGC3*ufoGC107*ufoGC93
       - 1/4*g_(1,6_,nu9)*g_(2,nu16,p3)*cFT(g6,XX,i2,j11)*flavourTag(fmu,j11,
      j12)*Vec(nu16,p3)*Vec(nu9,-q3)*Den(p3 - q2 - q3)^2*Deng(p3,xiw,0)*Deng(
      q2 + q3,xiw,M3)*xia*ufoGC58*ufoGC3*ufoGC107*ufoGC93
       + 1/4*g_(1,6_,nu9)*g_(2,nu16,p3)*cFT(g6,XX,i2,j11)*flavourTag(fmu,j11,
      j12)*Vec(nu16,p3)*Vec(nu9,-q3)*Den(p3 - q2 - q3)^2*Deng(p3,xiw,0)*Deng(
      q2 + q3,xiw,M3)*ufoGC58*ufoGC3*ufoGC107*ufoGC93
       - 1/4*g_(1,6_,nu9)*g_(2,nu16,p3)*cFT(g6,XX,i2,j11)*flavourTag(fmu,j11,
      j12)*Vec(nu16,-q2)*Vec(nu9,p3)*Den(p3 - q2 - q3)^2*Deng(p3,xiw,0)*Deng(
      q2 + q3,xiw,M3)*xia*ufoGC58*ufoGC3*ufoGC107*ufoGC93
       + 1/4*g_(1,6_,nu9)*g_(2,nu16,p3)*cFT(g6,XX,i2,j11)*flavourTag(fmu,j11,
      j12)*Vec(nu16,-q2)*Vec(nu9,p3)*Den(p3 - q2 - q3)^2*Deng(p3,xiw,0)*Deng(
      q2 + q3,xiw,M3)*ufoGC58*ufoGC3*ufoGC107*ufoGC93
       - 1/4*g_(1,6_,nu9)*g_(2,nu16,p3)*cFT(g6,XX,i2,j11)*flavourTag(fmu,j11,
      j12)*Vec(nu16,-q2)*Vec(nu9,-q2)*Den(p3 - q2 - q3)^2*Deng(p3,xiw,0)*Deng(
      q2 + q3,xiw,M3)*xia*ufoGC58*ufoGC3*ufoGC107*ufoGC93
       + 1/4*g_(1,6_,nu9)*g_(2,nu16,p3)*cFT(g6,XX,i2,j11)*flavourTag(fmu,j11,
      j12)*Vec(nu16,-q2)*Vec(nu9,-q2)*Den(p3 - q2 - q3)^2*Deng(p3,xiw,0)*Deng(
      q2 + q3,xiw,M3)*ufoGC58*ufoGC3*ufoGC107*ufoGC93
       - 1/4*g_(1,6_,nu9)*g_(2,nu16,p3)*cFT(g6,XX,i2,j11)*flavourTag(fmu,j11,
      j12)*Vec(nu16,-q2)*Vec(nu9,-q3)*Den(p3 - q2 - q3)^2*Deng(p3,xiw,0)*Deng(
      q2 + q3,xiw,M3)*xia*ufoGC58*ufoGC3*ufoGC107*ufoGC93
       + 1/4*g_(1,6_,nu9)*g_(2,nu16,p3)*cFT(g6,XX,i2,j11)*flavourTag(fmu,j11,
      j12)*Vec(nu16,-q2)*Vec(nu9,-q3)*Den(p3 - q2 - q3)^2*Deng(p3,xiw,0)*Deng(
      q2 + q3,xiw,M3)*ufoGC58*ufoGC3*ufoGC107*ufoGC93
       - 1/4*g_(1,6_,nu9)*g_(2,nu16,p3)*cFT(g6,XX,i2,j11)*flavourTag(fmu,j11,
      j12)*Vec(nu16,-q3)*Vec(nu9,p3)*Den(p3 - q2 - q3)^2*Deng(p3,xiw,0)*Deng(
      q2 + q3,xiw,M3)*xia*ufoGC58*ufoGC3*ufoGC107*ufoGC93
       + 1/4*g_(1,6_,nu9)*g_(2,nu16,p3)*cFT(g6,XX,i2,j11)*flavourTag(fmu,j11,
      j12)*Vec(nu16,-q3)*Vec(nu9,p3)*Den(p3 - q2 - q3)^2*Deng(p3,xiw,0)*Deng(
      q2 + q3,xiw,M3)*ufoGC58*ufoGC3*ufoGC107*ufoGC93
       - 1/4*g_(1,6_,nu9)*g_(2,nu16,p3)*cFT(g6,XX,i2,j11)*flavourTag(fmu,j11,
      j12)*Vec(nu16,-q3)*Vec(nu9,-q2)*Den(p3 - q2 - q3)^2*Deng(p3,xiw,0)*Deng(
      q2 + q3,xiw,M3)*xia*ufoGC58*ufoGC3*ufoGC107*ufoGC93
       + 1/4*g_(1,6_,nu9)*g_(2,nu16,p3)*cFT(g6,XX,i2,j11)*flavourTag(fmu,j11,
      j12)*Vec(nu16,-q3)*Vec(nu9,-q2)*Den(p3 - q2 - q3)^2*Deng(p3,xiw,0)*Deng(
      q2 + q3,xiw,M3)*ufoGC58*ufoGC3*ufoGC107*ufoGC93
       - 1/4*g_(1,6_,nu9)*g_(2,nu16,p3)*cFT(g6,XX,i2,j11)*flavourTag(fmu,j11,
      j12)*Vec(nu16,-q3)*Vec(nu9,-q3)*Den(p3 - q2 - q3)^2*Deng(p3,xiw,0)*Deng(
      q2 + q3,xiw,M3)*xia*ufoGC58*ufoGC3*ufoGC107*ufoGC93
       + 1/4*g_(1,6_,nu9)*g_(2,nu16,p3)*cFT(g6,XX,i2,j11)*flavourTag(fmu,j11,
      j12)*Vec(nu16,-q3)*Vec(nu9,-q3)*Den(p3 - q2 - q3)^2*Deng(p3,xiw,0)*Deng(
      q2 + q3,xiw,M3)*ufoGC58*ufoGC3*ufoGC107*ufoGC93
       + 1/4*g_(1,6_,nu9)*g_(2,nu16,q2)*cFT(g6,XX,i2,j11)*flavourTag(fmu,j11,
      j12)*Vec(nu16,p3)*Vec(nu9,p3)*Den(p3 - q2 - q3)^2*Deng(p3,xiw,0)*Deng(q2
       + q3,xiw,M3)*xia*ufoGC58*ufoGC3*ufoGC107*ufoGC93
       - 1/4*g_(1,6_,nu9)*g_(2,nu16,q2)*cFT(g6,XX,i2,j11)*flavourTag(fmu,j11,
      j12)*Vec(nu16,p3)*Vec(nu9,p3)*Den(p3 - q2 - q3)^2*Deng(p3,xiw,0)*Deng(q2
       + q3,xiw,M3)*ufoGC58*ufoGC3*ufoGC107*ufoGC93
       + 1/4*g_(1,6_,nu9)*g_(2,nu16,q2)*cFT(g6,XX,i2,j11)*flavourTag(fmu,j11,
      j12)*Vec(nu16,p3)*Vec(nu9,-q2)*Den(p3 - q2 - q3)^2*Deng(p3,xiw,0)*Deng(
      q2 + q3,xiw,M3)*xia*ufoGC58*ufoGC3*ufoGC107*ufoGC93
       - 1/4*g_(1,6_,nu9)*g_(2,nu16,q2)*cFT(g6,XX,i2,j11)*flavourTag(fmu,j11,
      j12)*Vec(nu16,p3)*Vec(nu9,-q2)*Den(p3 - q2 - q3)^2*Deng(p3,xiw,0)*Deng(
      q2 + q3,xiw,M3)*ufoGC58*ufoGC3*ufoGC107*ufoGC93
       + 1/4*g_(1,6_,nu9)*g_(2,nu16,q2)*cFT(g6,XX,i2,j11)*flavourTag(fmu,j11,
      j12)*Vec(nu16,p3)*Vec(nu9,-q3)*Den(p3 - q2 - q3)^2*Deng(p3,xiw,0)*Deng(
      q2 + q3,xiw,M3)*xia*ufoGC58*ufoGC3*ufoGC107*ufoGC93
       - 1/4*g_(1,6_,nu9)*g_(2,nu16,q2)*cFT(g6,XX,i2,j11)*flavourTag(fmu,j11,
      j12)*Vec(nu16,p3)*Vec(nu9,-q3)*Den(p3 - q2 - q3)^2*Deng(p3,xiw,0)*Deng(
      q2 + q3,xiw,M3)*ufoGC58*ufoGC3*ufoGC107*ufoGC93
       + 1/4*g_(1,6_,nu9)*g_(2,nu16,q2)*cFT(g6,XX,i2,j11)*flavourTag(fmu,j11,
      j12)*Vec(nu16,-q2)*Vec(nu9,p3)*Den(p3 - q2 - q3)^2*Deng(p3,xiw,0)*Deng(
      q2 + q3,xiw,M3)*xia*ufoGC58*ufoGC3*ufoGC107*ufoGC93
       - 1/4*g_(1,6_,nu9)*g_(2,nu16,q2)*cFT(g6,XX,i2,j11)*flavourTag(fmu,j11,
      j12)*Vec(nu16,-q2)*Vec(nu9,p3)*Den(p3 - q2 - q3)^2*Deng(p3,xiw,0)*Deng(
      q2 + q3,xiw,M3)*ufoGC58*ufoGC3*ufoGC107*ufoGC93
       + 1/4*g_(1,6_,nu9)*g_(2,nu16,q2)*cFT(g6,XX,i2,j11)*flavourTag(fmu,j11,
      j12)*Vec(nu16,-q2)*Vec(nu9,-q2)*Den(p3 - q2 - q3)^2*Deng(p3,xiw,0)*Deng(
      q2 + q3,xiw,M3)*xia*ufoGC58*ufoGC3*ufoGC107*ufoGC93
       - 1/4*g_(1,6_,nu9)*g_(2,nu16,q2)*cFT(g6,XX,i2,j11)*flavourTag(fmu,j11,
      j12)*Vec(nu16,-q2)*Vec(nu9,-q2)*Den(p3 - q2 - q3)^2*Deng(p3,xiw,0)*Deng(
      q2 + q3,xiw,M3)*ufoGC58*ufoGC3*ufoGC107*ufoGC93
       + 1/4*g_(1,6_,nu9)*g_(2,nu16,q2)*cFT(g6,XX,i2,j11)*flavourTag(fmu,j11,
      j12)*Vec(nu16,-q2)*Vec(nu9,-q3)*Den(p3 - q2 - q3)^2*Deng(p3,xiw,0)*Deng(
      q2 + q3,xiw,M3)*xia*ufoGC58*ufoGC3*ufoGC107*ufoGC93
       - 1/4*g_(1,6_,nu9)*g_(2,nu16,q2)*cFT(g6,XX,i2,j11)*flavourTag(fmu,j11,
      j12)*Vec(nu16,-q2)*Vec(nu9,-q3)*Den(p3 - q2 - q3)^2*Deng(p3,xiw,0)*Deng(
      q2 + q3,xiw,M3)*ufoGC58*ufoGC3*ufoGC107*ufoGC93
       + 1/4*g_(1,6_,nu9)*g_(2,nu16,q2)*cFT(g6,XX,i2,j11)*flavourTag(fmu,j11,
      j12)*Vec(nu16,-q3)*Vec(nu9,p3)*Den(p3 - q2 - q3)^2*Deng(p3,xiw,0)*Deng(
      q2 + q3,xiw,M3)*xia*ufoGC58*ufoGC3*ufoGC107*ufoGC93
       - 1/4*g_(1,6_,nu9)*g_(2,nu16,q2)*cFT(g6,XX,i2,j11)*flavourTag(fmu,j11,
      j12)*Vec(nu16,-q3)*Vec(nu9,p3)*Den(p3 - q2 - q3)^2*Deng(p3,xiw,0)*Deng(
      q2 + q3,xiw,M3)*ufoGC58*ufoGC3*ufoGC107*ufoGC93
       + 1/4*g_(1,6_,nu9)*g_(2,nu16,q2)*cFT(g6,XX,i2,j11)*flavourTag(fmu,j11,
      j12)*Vec(nu16,-q3)*Vec(nu9,-q2)*Den(p3 - q2 - q3)^2*Deng(p3,xiw,0)*Deng(
      q2 + q3,xiw,M3)*xia*ufoGC58*ufoGC3*ufoGC107*ufoGC93
       - 1/4*g_(1,6_,nu9)*g_(2,nu16,q2)*cFT(g6,XX,i2,j11)*flavourTag(fmu,j11,
      j12)*Vec(nu16,-q3)*Vec(nu9,-q2)*Den(p3 - q2 - q3)^2*Deng(p3,xiw,0)*Deng(
      q2 + q3,xiw,M3)*ufoGC58*ufoGC3*ufoGC107*ufoGC93
       + 1/4*g_(1,6_,nu9)*g_(2,nu16,q2)*cFT(g6,XX,i2,j11)*flavourTag(fmu,j11,
      j12)*Vec(nu16,-q3)*Vec(nu9,-q3)*Den(p3 - q2 - q3)^2*Deng(p3,xiw,0)*Deng(
      q2 + q3,xiw,M3)*xia*ufoGC58*ufoGC3*ufoGC107*ufoGC93
       - 1/4*g_(1,6_,nu9)*g_(2,nu16,q2)*cFT(g6,XX,i2,j11)*flavourTag(fmu,j11,
      j12)*Vec(nu16,-q3)*Vec(nu9,-q3)*Den(p3 - q2 - q3)^2*Deng(p3,xiw,0)*Deng(
      q2 + q3,xiw,M3)*ufoGC58*ufoGC3*ufoGC107*ufoGC93
       - 1/4*g_(1,6_,nu9)*g_(2,nu9,p3)*cFT(g6,XX,i2,j11)*flavourTag(fmu,j11,
      j12)*Den(p3 - q2 - q3)*Deng(p3,xiw,0)*Deng(q2 + q3,xiw,M3)*ufoGC58*
      ufoGC3*ufoGC107*ufoGC93
       + 1/4*g_(1,6_,nu9)*g_(2,nu9,q2)*cFT(g6,XX,i2,j11)*flavourTag(fmu,j11,
      j12)*Den(p3 - q2 - q3)*Deng(p3,xiw,0)*Deng(q2 + q3,xiw,M3)*ufoGC58*
      ufoGC3*ufoGC107*ufoGC93
      ;

  0.01 sec out of 0.01 sec
