FORM 5.0.0-beta.1 (Jan 15 2026, v5.0.0-beta.1-292-g4341c63)  Run: Tue Feb 10 17:13:05 2026
    #-

   d1l237amp =
       + 1/4*g_(1,6_,nu14)*g_(2,p4)*cFT(nu14,XX,i1,j11)*cFT(nu9,XX,i2,iufo3)*
      cFT(g7,XX,iufo3,i3)/(d^3 + d^2 - 2*d)*flavourTag(fe,j11,j12)*Mom(nu9,p2)
      *Den(p2)^2*Deng(0,xiw,M3)*Deng(p3,xiw,M3)^2*p2.p2*p3.p3*d*xia*xiw*
      ufoGC58^2*ufoGC3*ufoGC4
       - 1/4*g_(1,6_,nu14)*g_(2,p4)*cFT(nu14,XX,i1,j11)*cFT(nu9,XX,i2,iufo3)*
      cFT(g7,XX,iufo3,i3)/(d^3 + d^2 - 2*d)*flavourTag(fe,j11,j12)*Mom(nu9,p2)
      *Den(p2)^2*Deng(0,xiw,M3)*Deng(p3,xiw,M3)^2*p2.p2*p3.p3*d*xiw*ufoGC58^2*
      ufoGC3*ufoGC4
       - 1/4*g_(1,6_,nu14)*g_(2,p4)*cFT(nu14,XX,i1,j11)*cFT(nu9,XX,i2,iufo3)*
      cFT(g7,XX,iufo3,i3)/(d^3 + d^2 - 2*d)*flavourTag(fe,j11,j12)*Mom(nu9,p2)
      *Den(p2)^2*Deng(0,xiw,M3)*Deng(p3,xiw,M3)^2*p2.p3^2*d^2*xia*xiw*
      ufoGC58^2*ufoGC3*ufoGC4
       + 1/4*g_(1,6_,nu14)*g_(2,p4)*cFT(nu14,XX,i1,j11)*cFT(nu9,XX,i2,iufo3)*
      cFT(g7,XX,iufo3,i3)/(d^3 + d^2 - 2*d)*flavourTag(fe,j11,j12)*Mom(nu9,p2)
      *Den(p2)^2*Deng(0,xiw,M3)*Deng(p3,xiw,M3)^2*p2.p3^2*d^2*xiw*ufoGC58^2*
      ufoGC3*ufoGC4
       - 1/4*g_(1,6_,nu14)*g_(2,p4)*cFT(nu14,XX,i1,j11)*cFT(nu9,XX,i2,iufo3)*
      cFT(g7,XX,iufo3,i3)/(d^3 + d^2 - 2*d)*flavourTag(fe,j11,j12)*Mom(nu9,p3)
      *Den(p2)^2*Deng(0,xiw,M3)*Deng(p3,xiw,M3)^2*p2.p2*p3.p3*d*xia*xiw*
      ufoGC58^2*ufoGC3*ufoGC4
       + 1/4*g_(1,6_,nu14)*g_(2,p4)*cFT(nu14,XX,i1,j11)*cFT(nu9,XX,i2,iufo3)*
      cFT(g7,XX,iufo3,i3)/(d^3 + d^2 - 2*d)*flavourTag(fe,j11,j12)*Mom(nu9,p3)
      *Den(p2)^2*Deng(0,xiw,M3)*Deng(p3,xiw,M3)^2*p2.p2*p3.p3*d*xiw*ufoGC58^2*
      ufoGC3*ufoGC4
       - 1/4*g_(1,6_,nu14)*g_(2,p4)*cFT(nu14,XX,i1,j11)*cFT(nu9,XX,i2,iufo3)*
      cFT(g7,XX,iufo3,i3)/(d^3 + d^2 - 2*d)*flavourTag(fe,j11,j12)*Mom(nu9,p3)
      *Den(p2)^2*Deng(0,xiw,M3)*Deng(p3,xiw,M3)^2*p2.p2*p3.p3*xia*xiw*
      ufoGC58^2*ufoGC3*ufoGC4
       + 1/4*g_(1,6_,nu14)*g_(2,p4)*cFT(nu14,XX,i1,j11)*cFT(nu9,XX,i2,iufo3)*
      cFT(g7,XX,iufo3,i3)/(d^3 + d^2 - 2*d)*flavourTag(fe,j11,j12)*Mom(nu9,p3)
      *Den(p2)^2*Deng(0,xiw,M3)*Deng(p3,xiw,M3)^2*p2.p2*p3.p3*xiw*ufoGC58^2*
      ufoGC3*ufoGC4
       + 1/4*g_(1,6_,nu14)*g_(2,p4)*cFT(nu14,XX,i1,j11)*cFT(nu9,XX,i2,iufo3)*
      cFT(g7,XX,iufo3,i3)/(d^3 + d^2 - 2*d)*flavourTag(fe,j11,j12)*Mom(nu9,p3)
      *Den(p2)^2*Deng(0,xiw,M3)*Deng(p3,xiw,M3)^2*p2.p3^2*d^2*xia*xiw*
      ufoGC58^2*ufoGC3*ufoGC4
       - 1/4*g_(1,6_,nu14)*g_(2,p4)*cFT(nu14,XX,i1,j11)*cFT(nu9,XX,i2,iufo3)*
      cFT(g7,XX,iufo3,i3)/(d^3 + d^2 - 2*d)*flavourTag(fe,j11,j12)*Mom(nu9,p3)
      *Den(p2)^2*Deng(0,xiw,M3)*Deng(p3,xiw,M3)^2*p2.p3^2*d^2*xiw*ufoGC58^2*
      ufoGC3*ufoGC4
       + 1/4*g_(1,6_,nu14)*g_(2,p4)*cFT(nu14,XX,i1,j11)*cFT(nu9,XX,i2,iufo3)*
      cFT(g7,XX,iufo3,i3)/(d^3 + d^2 - 2*d)*flavourTag(fe,j11,j12)*Mom(nu9,p3)
      *Den(p2)^2*Deng(0,xiw,M3)*Deng(p3,xiw,M3)^2*p2.p3^2*d*xia*xiw*ufoGC58^2*
      ufoGC3*ufoGC4
       - 1/4*g_(1,6_,nu14)*g_(2,p4)*cFT(nu14,XX,i1,j11)*cFT(nu9,XX,i2,iufo3)*
      cFT(g7,XX,iufo3,i3)/(d^3 + d^2 - 2*d)*flavourTag(fe,j11,j12)*Mom(nu9,p3)
      *Den(p2)^2*Deng(0,xiw,M3)*Deng(p3,xiw,M3)^2*p2.p3^2*d*xiw*ufoGC58^2*
      ufoGC3*ufoGC4
       + 1/4*g_(1,6_,nu14)*g_(2,p4)*cFT(nu14,XX,i1,j11)*cFT(nu9,XX,i2,iufo3)*
      cFT(g7,XX,iufo3,i3)/(d^3 + d^2 - 2*d)*flavourTag(fe,j11,j12)*Mom(nu9,0)*
      Den(p2)^2*Deng(0,xiw,M3)*Deng(p3,xiw,M3)^2*p2.p2*p3.p3*xia*xiw*ufoGC58^2
      *ufoGC3*ufoGC4
       - 1/4*g_(1,6_,nu14)*g_(2,p4)*cFT(nu14,XX,i1,j11)*cFT(nu9,XX,i2,iufo3)*
      cFT(g7,XX,iufo3,i3)/(d^3 + d^2 - 2*d)*flavourTag(fe,j11,j12)*Mom(nu9,0)*
      Den(p2)^2*Deng(0,xiw,M3)*Deng(p3,xiw,M3)^2*p2.p2*p3.p3*xiw*ufoGC58^2*
      ufoGC3*ufoGC4
       - 1/4*g_(1,6_,nu14)*g_(2,p4)*cFT(nu14,XX,i1,j11)*cFT(nu9,XX,i2,iufo3)*
      cFT(g7,XX,iufo3,i3)/(d^3 + d^2 - 2*d)*flavourTag(fe,j11,j12)*Mom(nu9,0)*
      Den(p2)^2*Deng(0,xiw,M3)*Deng(p3,xiw,M3)^2*p2.p3^2*d*xia*xiw*ufoGC58^2*
      ufoGC3*ufoGC4
       + 1/4*g_(1,6_,nu14)*g_(2,p4)*cFT(nu14,XX,i1,j11)*cFT(nu9,XX,i2,iufo3)*
      cFT(g7,XX,iufo3,i3)/(d^3 + d^2 - 2*d)*flavourTag(fe,j11,j12)*Mom(nu9,0)*
      Den(p2)^2*Deng(0,xiw,M3)*Deng(p3,xiw,M3)^2*p2.p3^2*d*xiw*ufoGC58^2*
      ufoGC3*ufoGC4
       + 1/4*g_(1,6_,nu14)*g_(2,p4)*cFT(nu14,XX,i1,j11)*cFT(nu13,XX,i2,iufo3)*
      cFT(g7,XX,iufo3,i3)/(d^3 + d^2 - 2*d)*flavourTag(fe,j11,j12)*Mom(nu13,p3
      )*Den(p2)^2*Deng(0,xiw,M3)*Deng(p3,xiw,M3)^2*p2.p2*p3.p3*xia*xiw*
      ufoGC58^2*ufoGC3*ufoGC4
       - 1/4*g_(1,6_,nu14)*g_(2,p4)*cFT(nu14,XX,i1,j11)*cFT(nu13,XX,i2,iufo3)*
      cFT(g7,XX,iufo3,i3)/(d^3 + d^2 - 2*d)*flavourTag(fe,j11,j12)*Mom(nu13,p3
      )*Den(p2)^2*Deng(0,xiw,M3)*Deng(p3,xiw,M3)^2*p2.p2*p3.p3*xiw*ufoGC58^2*
      ufoGC3*ufoGC4
       - 1/4*g_(1,6_,nu14)*g_(2,p4)*cFT(nu14,XX,i1,j11)*cFT(nu13,XX,i2,iufo3)*
      cFT(g7,XX,iufo3,i3)/(d^3 + d^2 - 2*d)*flavourTag(fe,j11,j12)*Mom(nu13,p3
      )*Den(p2)^2*Deng(0,xiw,M3)*Deng(p3,xiw,M3)^2*p2.p3^2*d*xia*xiw*ufoGC58^2
      *ufoGC3*ufoGC4
       + 1/4*g_(1,6_,nu14)*g_(2,p4)*cFT(nu14,XX,i1,j11)*cFT(nu13,XX,i2,iufo3)*
      cFT(g7,XX,iufo3,i3)/(d^3 + d^2 - 2*d)*flavourTag(fe,j11,j12)*Mom(nu13,p3
      )*Den(p2)^2*Deng(0,xiw,M3)*Deng(p3,xiw,M3)^2*p2.p3^2*d*xiw*ufoGC58^2*
      ufoGC3*ufoGC4
       - 1/4*g_(1,6_,nu14)*g_(2,p4)*cFT(nu14,XX,i1,j11)*cFT(nu13,XX,i2,iufo3)*
      cFT(g7,XX,iufo3,i3)/(d^3 + d^2 - 2*d)*flavourTag(fe,j11,j12)*Mom(nu13,0)
      *Den(p2)^2*Deng(0,xiw,M3)*Deng(p3,xiw,M3)^2*p2.p2*p3.p3*xia*xiw*
      ufoGC58^2*ufoGC3*ufoGC4
       + 1/4*g_(1,6_,nu14)*g_(2,p4)*cFT(nu14,XX,i1,j11)*cFT(nu13,XX,i2,iufo3)*
      cFT(g7,XX,iufo3,i3)/(d^3 + d^2 - 2*d)*flavourTag(fe,j11,j12)*Mom(nu13,0)
      *Den(p2)^2*Deng(0,xiw,M3)*Deng(p3,xiw,M3)^2*p2.p2*p3.p3*xiw*ufoGC58^2*
      ufoGC3*ufoGC4
       + 1/4*g_(1,6_,nu14)*g_(2,p4)*cFT(nu14,XX,i1,j11)*cFT(nu13,XX,i2,iufo3)*
      cFT(g7,XX,iufo3,i3)/(d^3 + d^2 - 2*d)*flavourTag(fe,j11,j12)*Mom(nu13,0)
      *Den(p2)^2*Deng(0,xiw,M3)*Deng(p3,xiw,M3)^2*p2.p3^2*d*xia*xiw*ufoGC58^2*
      ufoGC3*ufoGC4
       - 1/4*g_(1,6_,nu14)*g_(2,p4)*cFT(nu14,XX,i1,j11)*cFT(nu13,XX,i2,iufo3)*
      cFT(g7,XX,iufo3,i3)/(d^3 + d^2 - 2*d)*flavourTag(fe,j11,j12)*Mom(nu13,0)
      *Den(p2)^2*Deng(0,xiw,M3)*Deng(p3,xiw,M3)^2*p2.p3^2*d*xiw*ufoGC58^2*
      ufoGC3*ufoGC4
       - 1/4*g_(1,6_,nu9)*g_(2,p4)*cFT(nu14,XX,i1,j11)*cFT(nu9,XX,i2,iufo3)*
      cFT(g7,XX,iufo3,i3)/(d^3 + d^2 - 2*d)*flavourTag(fe,j11,j12)*Mom(nu14,p2
      )*Den(p2)^2*Deng(0,xiw,M3)*Deng(p3,xiw,M3)^2*p2.p2*p3.p3*xia*xiw*
      ufoGC58^2*ufoGC3*ufoGC4
       + 1/4*g_(1,6_,nu9)*g_(2,p4)*cFT(nu14,XX,i1,j11)*cFT(nu9,XX,i2,iufo3)*
      cFT(g7,XX,iufo3,i3)/(d^3 + d^2 - 2*d)*flavourTag(fe,j11,j12)*Mom(nu14,p2
      )*Den(p2)^2*Deng(0,xiw,M3)*Deng(p3,xiw,M3)^2*p2.p2*p3.p3*xiw*ufoGC58^2*
      ufoGC3*ufoGC4
       + 1/4*g_(1,6_,nu9)*g_(2,p4)*cFT(nu14,XX,i1,j11)*cFT(nu9,XX,i2,iufo3)*
      cFT(g7,XX,iufo3,i3)/(d^3 + d^2 - 2*d)*flavourTag(fe,j11,j12)*Mom(nu14,p2
      )*Den(p2)^2*Deng(0,xiw,M3)*Deng(p3,xiw,M3)^2*p2.p3^2*d*xia*xiw*ufoGC58^2
      *ufoGC3*ufoGC4
       - 1/4*g_(1,6_,nu9)*g_(2,p4)*cFT(nu14,XX,i1,j11)*cFT(nu9,XX,i2,iufo3)*
      cFT(g7,XX,iufo3,i3)/(d^3 + d^2 - 2*d)*flavourTag(fe,j11,j12)*Mom(nu14,p2
      )*Den(p2)^2*Deng(0,xiw,M3)*Deng(p3,xiw,M3)^2*p2.p3^2*d*xiw*ufoGC58^2*
      ufoGC3*ufoGC4
       + 1/4*g_(1,6_,nu9)*g_(2,p4)*cFT(nu14,XX,i1,j11)*cFT(nu9,XX,i2,iufo3)*
      cFT(g7,XX,iufo3,i3)/(d^3 + d^2 - 2*d)*flavourTag(fe,j11,j12)*Mom(nu14,0)
      *Den(p2)^2*Deng(0,xiw,M3)*Deng(p3,xiw,M3)^2*p2.p2*p3.p3*xia*xiw*
      ufoGC58^2*ufoGC3*ufoGC4
       - 1/4*g_(1,6_,nu9)*g_(2,p4)*cFT(nu14,XX,i1,j11)*cFT(nu9,XX,i2,iufo3)*
      cFT(g7,XX,iufo3,i3)/(d^3 + d^2 - 2*d)*flavourTag(fe,j11,j12)*Mom(nu14,0)
      *Den(p2)^2*Deng(0,xiw,M3)*Deng(p3,xiw,M3)^2*p2.p2*p3.p3*xiw*ufoGC58^2*
      ufoGC3*ufoGC4
       - 1/4*g_(1,6_,nu9)*g_(2,p4)*cFT(nu14,XX,i1,j11)*cFT(nu9,XX,i2,iufo3)*
      cFT(g7,XX,iufo3,i3)/(d^3 + d^2 - 2*d)*flavourTag(fe,j11,j12)*Mom(nu14,0)
      *Den(p2)^2*Deng(0,xiw,M3)*Deng(p3,xiw,M3)^2*p2.p3^2*d*xia*xiw*ufoGC58^2*
      ufoGC3*ufoGC4
       + 1/4*g_(1,6_,nu9)*g_(2,p4)*cFT(nu14,XX,i1,j11)*cFT(nu9,XX,i2,iufo3)*
      cFT(g7,XX,iufo3,i3)/(d^3 + d^2 - 2*d)*flavourTag(fe,j11,j12)*Mom(nu14,0)
      *Den(p2)^2*Deng(0,xiw,M3)*Deng(p3,xiw,M3)^2*p2.p3^2*d*xiw*ufoGC58^2*
      ufoGC3*ufoGC4
       - 1/4*g_(1,6_,nu9)*g_(2,p4)*cFT(nu13,XX,i1,j11)*cFT(nu9,XX,i2,iufo3)*
      cFT(g7,XX,iufo3,i3)*flavourTag(fe,j11,j12)*Mom(nu13,p3)*Den(p2)*Deng(0,
      xiw,M3)*Deng(p3,xiw,M3)^2*p3.p3*d^-1*xiw*ufoGC58^2*ufoGC3*ufoGC4
       + 1/4*g_(1,6_,nu9)*g_(2,p4)*cFT(nu13,XX,i1,j11)*cFT(nu9,XX,i2,iufo3)*
      cFT(g7,XX,iufo3,i3)*flavourTag(fe,j11,j12)*Mom(nu13,0)*Den(p2)*Deng(0,
      xiw,M3)*Deng(p3,xiw,M3)^2*p3.p3*d^-1*xiw*ufoGC58^2*ufoGC3*ufoGC4
       + 1/4*g_(1,6_,nu13)*g_(2,p4)*cFT(nu14,XX,i1,j11)*cFT(nu14,XX,i2,iufo3)*
      cFT(g7,XX,iufo3,i3)/(d^3 + d^2 - 2*d)*flavourTag(fe,j11,j12)*Mom(nu13,p3
      )*Den(p2)^2*Deng(0,xiw,M3)*Deng(p3,xiw,M3)^2*p2.p2*p3.p3*xia*xiw*
      ufoGC58^2*ufoGC3*ufoGC4
       - 1/4*g_(1,6_,nu13)*g_(2,p4)*cFT(nu14,XX,i1,j11)*cFT(nu14,XX,i2,iufo3)*
      cFT(g7,XX,iufo3,i3)/(d^3 + d^2 - 2*d)*flavourTag(fe,j11,j12)*Mom(nu13,p3
      )*Den(p2)^2*Deng(0,xiw,M3)*Deng(p3,xiw,M3)^2*p2.p2*p3.p3*xiw*ufoGC58^2*
      ufoGC3*ufoGC4
       - 1/4*g_(1,6_,nu13)*g_(2,p4)*cFT(nu14,XX,i1,j11)*cFT(nu14,XX,i2,iufo3)*
      cFT(g7,XX,iufo3,i3)/(d^3 + d^2 - 2*d)*flavourTag(fe,j11,j12)*Mom(nu13,p3
      )*Den(p2)^2*Deng(0,xiw,M3)*Deng(p3,xiw,M3)^2*p2.p3^2*d*xia*xiw*ufoGC58^2
      *ufoGC3*ufoGC4
       + 1/4*g_(1,6_,nu13)*g_(2,p4)*cFT(nu14,XX,i1,j11)*cFT(nu14,XX,i2,iufo3)*
      cFT(g7,XX,iufo3,i3)/(d^3 + d^2 - 2*d)*flavourTag(fe,j11,j12)*Mom(nu13,p3
      )*Den(p2)^2*Deng(0,xiw,M3)*Deng(p3,xiw,M3)^2*p2.p3^2*d*xiw*ufoGC58^2*
      ufoGC3*ufoGC4
       - 1/4*g_(1,6_,nu13)*g_(2,p4)*cFT(nu14,XX,i1,j11)*cFT(nu14,XX,i2,iufo3)*
      cFT(g7,XX,iufo3,i3)/(d^3 + d^2 - 2*d)*flavourTag(fe,j11,j12)*Mom(nu13,0)
      *Den(p2)^2*Deng(0,xiw,M3)*Deng(p3,xiw,M3)^2*p2.p2*p3.p3*xia*xiw*
      ufoGC58^2*ufoGC3*ufoGC4
       + 1/4*g_(1,6_,nu13)*g_(2,p4)*cFT(nu14,XX,i1,j11)*cFT(nu14,XX,i2,iufo3)*
      cFT(g7,XX,iufo3,i3)/(d^3 + d^2 - 2*d)*flavourTag(fe,j11,j12)*Mom(nu13,0)
      *Den(p2)^2*Deng(0,xiw,M3)*Deng(p3,xiw,M3)^2*p2.p2*p3.p3*xiw*ufoGC58^2*
      ufoGC3*ufoGC4
       + 1/4*g_(1,6_,nu13)*g_(2,p4)*cFT(nu14,XX,i1,j11)*cFT(nu14,XX,i2,iufo3)*
      cFT(g7,XX,iufo3,i3)/(d^3 + d^2 - 2*d)*flavourTag(fe,j11,j12)*Mom(nu13,0)
      *Den(p2)^2*Deng(0,xiw,M3)*Deng(p3,xiw,M3)^2*p2.p3^2*d*xia*xiw*ufoGC58^2*
      ufoGC3*ufoGC4
       - 1/4*g_(1,6_,nu13)*g_(2,p4)*cFT(nu14,XX,i1,j11)*cFT(nu14,XX,i2,iufo3)*
      cFT(g7,XX,iufo3,i3)/(d^3 + d^2 - 2*d)*flavourTag(fe,j11,j12)*Mom(nu13,0)
      *Den(p2)^2*Deng(0,xiw,M3)*Deng(p3,xiw,M3)^2*p2.p3^2*d*xiw*ufoGC58^2*
      ufoGC3*ufoGC4
       + 1/4*g_(1,6_,nu15)*g_(2,p4)*cFT(nu9,XX,i1,j11)*cFT(nu9,XX,i2,iufo3)*
      cFT(g7,XX,iufo3,i3)*flavourTag(fe,j11,j12)*Mom(nu15,p2)*Den(p2)*Deng(0,
      xiw,M3)*Deng(p3,xiw,M3)^2*p3.p3*d^-1*xiw*ufoGC58^2*ufoGC3*ufoGC4
       - 1/4*g_(1,6_,nu15)*g_(2,p4)*cFT(nu9,XX,i1,j11)*cFT(nu9,XX,i2,iufo3)*
      cFT(g7,XX,iufo3,i3)*flavourTag(fe,j11,j12)*Mom(nu15,0)*Den(p2)*Deng(0,
      xiw,M3)*Deng(p3,xiw,M3)^2*p3.p3*d^-1*xiw*ufoGC58^2*ufoGC3*ufoGC4
       - 1/4*g_(1,6_,nu15)*g_(2,p4)*cFT(nu15,XX,i1,j11)*cFT(nu9,XX,i2,iufo3)*
      cFT(g7,XX,iufo3,i3)*flavourTag(fe,j11,j12)*Mom(nu9,p2)*Den(p2)*Deng(0,
      xiw,M3)*Deng(p3,xiw,M3)^2*p3.p3*d^-1*xiw*ufoGC58^2*ufoGC3*ufoGC4
       + 1/4*g_(1,6_,nu15)*g_(2,p4)*cFT(nu15,XX,i1,j11)*cFT(nu9,XX,i2,iufo3)*
      cFT(g7,XX,iufo3,i3)*flavourTag(fe,j11,j12)*Mom(nu9,p3)*Den(p2)*Deng(0,
      xiw,M3)*Deng(p3,xiw,M3)^2*p3.p3*d^-1*xiw*ufoGC58^2*ufoGC3*ufoGC4
      ;

  0.00 sec out of 0.00 sec
