FORM 5.0.0-beta.1 (Jan 15 2026, v5.0.0-beta.1-292-g4341c63)  Run: Fri Feb 13 15:00:06 2026
    #-

   d1l220amp =
       + 1/16*g_(1,6_,nu11)*FT2(p4)*cFT(nu10,XX,j14,iufo15)*cFT(g7,XX,iufo15,
      j15)*cFT(p3,XX,j13,j14)*cFT(nu12,XX,i1,iufo13)*cFT(g7,XX,iufo13,j13)*
      cFT(nu9,XX,i2,iufo3)*cFT(g7,XX,iufo3,i3)*flavourTag(fve,j15,j16)*
      flavourTag(fe,j13,j14)*Vec(nu11,p2)*Vec(nu10,p1)*Vec(nu12,p2)*Vec(nu9,p1
      )*Deng(p1,xiw,M3)^2*Deng(p2,xiz,M4)^2*xiw*ufoGC81*ufoGC58^2*ufoGC80
       + 1/16*g_(1,6_,nu11)*FT2(p4)*cFT(nu10,XX,j14,iufo15)*cFT(g7,XX,iufo15,
      j15)*cFT(p3,XX,j13,j14)*cFT(nu12,XX,i1,iufo13)*cFT(g6,XX,iufo13,j13)*
      cFT(nu9,XX,i2,iufo3)*cFT(g7,XX,iufo3,i3)*flavourTag(fve,j15,j16)*
      flavourTag(fe,j13,j14)*Vec(nu11,p2)*Vec(nu10,p1)*Vec(nu12,p2)*Vec(nu9,p1
      )*Deng(p1,xiw,M3)^2*Deng(p2,xiz,M4)^2*xiw*ufoGC81*ufoGC58^2*ufoGC76
       - 1/16*g_(1,6_,nu12)*FT2(p4)*cFT(nu10,XX,j14,iufo15)*cFT(g7,XX,iufo15,
      j15)*cFT(p3,XX,j13,j14)*cFT(nu12,XX,i1,iufo13)*cFT(g7,XX,iufo13,j13)*
      cFT(nu9,XX,i2,iufo3)*cFT(g7,XX,iufo3,i3)*flavourTag(fve,j15,j16)*
      flavourTag(fe,j13,j14)*Vec(nu10,p1)*Vec(nu9,p1)*Deng(p1,xiw,M3)^2*Deng(
      p2,xiz,M4)*xiw*ufoGC81*ufoGC58^2*ufoGC80
       - 1/16*g_(1,6_,nu12)*FT2(p4)*cFT(nu10,XX,j14,iufo15)*cFT(g7,XX,iufo15,
      j15)*cFT(p3,XX,j13,j14)*cFT(nu12,XX,i1,iufo13)*cFT(g6,XX,iufo13,j13)*
      cFT(nu9,XX,i2,iufo3)*cFT(g7,XX,iufo3,i3)*flavourTag(fve,j15,j16)*
      flavourTag(fe,j13,j14)*Vec(nu10,p1)*Vec(nu9,p1)*Deng(p1,xiw,M3)^2*Deng(
      p2,xiz,M4)*xiw*ufoGC81*ufoGC58^2*ufoGC76
      ;

  0.00 sec out of 0.00 sec
