FORM 5.0.0-beta.1 (Jan 15 2026, v5.0.0-beta.1-292-g4341c63)  Run: Fri Feb 13 14:19:03 2026
    #-

   d1l246amp =
       + 1/4*g_(1,6_,nu16)*FT2(p2)*auxGamma(nu16,i1,iufo11)*auxPL(iufo11,j11)*
      cFT(g6,XX,i2,i3)*flavourTag(fve,j11,j12)*Deng(p1,xiw,0)*Deng(p3,xiw,M3)*
      Deng(p4,xiz,M4)*ufoGC58*ufoGC107*ufoGC85*ufoGC81
       - 1/4*g_(1,6_,nu16)*FT2(p2)*auxGamma(nu14,i1,iufo11)*auxPL(iufo11,j11)*
      cFT(g6,XX,i2,i3)*flavourTag(fve,j11,j12)*Vec(nu16,p3)*Vec(nu14,p3)*Deng(
      p1,xiw,0)*Deng(p3,xiw,M3)^2*Deng(p4,xiz,M4)*ufoGC58*ufoGC107*ufoGC85*
      ufoGC81
       + 1/4*g_(1,6_,nu16)*FT2(p2)*auxGamma(nu14,i1,iufo11)*auxPL(iufo11,j11)*
      cFT(g6,XX,i2,i3)*flavourTag(fve,j11,j12)*Vec(nu16,p4)*Vec(nu14,p3)*Vec(
      nu15,p3)*Vec(nu15,p4)*Deng(p1,xiw,0)*Deng(p3,xiw,M3)^2*Deng(p4,xiz,M4)^2
      *ufoGC58*ufoGC107*ufoGC85*ufoGC81
       - 1/4*g_(1,6_,nu16)*FT2(p2)*auxGamma(nu15,i1,iufo11)*auxPL(iufo11,j11)*
      cFT(g6,XX,i2,i3)*flavourTag(fve,j11,j12)*Vec(nu16,p4)*Vec(nu15,p4)*Deng(
      p1,xiw,0)*Deng(p3,xiw,M3)*Deng(p4,xiz,M4)^2*ufoGC58*ufoGC107*ufoGC85*
      ufoGC81
      ;

  0.00 sec out of 0.00 sec
