FORM 5.0.0-beta.1 (Jan 15 2026, v5.0.0-beta.1-292-g4341c63)  Run: Fri Feb 13 17:55:35 2026
    #-

   d1l201amp =
       + 1/8*g_(1,6_,nu10)*g_(2,6_,nu16)*FT2*g_(2,p4)*cFT(g6,XX,i2,j11)*
      flavourTag(fmu,j11,j12)*Vec(nu10,q2)*Vec(nu16,p4)*Vec(nu15,p4)*Vec(nu15,
      q3)*Deng(p4,xiz,M4)^2*Deng(q2 + q3,xiw,M3)^2*Deng(p4 + q2 + q3,xiw,0)*
      xiw*ufoGC58*ufoGC80*ufoGC107*ufoGC85
       - 1/8*g_(1,6_,nu10)*g_(2,6_,nu16)*FT2*g_(2,p4)*cFT(g6,XX,i2,j11)*
      flavourTag(fmu,j11,j12)*Vec(nu10,q2)*Vec(nu16,q2)*Deng(p4,xiz,M4)*Deng(
      q2 + q3,xiw,M3)^2*Deng(p4 + q2 + q3,xiw,0)*xiw*ufoGC58*ufoGC80*ufoGC107*
      ufoGC85
       - 1/8*g_(1,6_,nu10)*g_(2,6_,nu16)*FT2*g_(2,p4)*cFT(g6,XX,i2,j11)*
      flavourTag(fmu,j11,j12)*Vec(nu10,q2)*Vec(nu16,q3)*Deng(p4,xiz,M4)*Deng(
      q2 + q3,xiw,M3)^2*Deng(p4 + q2 + q3,xiw,0)*xiw*ufoGC58*ufoGC80*ufoGC107*
      ufoGC85
       + 1/8*g_(1,6_,nu10)*g_(2,6_,nu16)*FT2*g_(2,p4)*cFT(g6,XX,i2,j11)*
      flavourTag(fmu,j11,j12)*Vec(nu10,q3)*Vec(nu16,p4)*Vec(nu15,p4)*Vec(nu15,
      q2)*Deng(p4,xiz,M4)^2*Deng(q2 + q3,xiw,M3)^2*Deng(p4 + q2 + q3,xiw,0)*
      xiw*ufoGC58*ufoGC80*ufoGC107*ufoGC85
       - 1/8*g_(1,6_,nu10)*g_(2,6_,nu16)*FT2*g_(2,p4)*cFT(g6,XX,i2,j11)*
      flavourTag(fmu,j11,j12)*Vec(nu10,q3)*Vec(nu16,q2)*Deng(p4,xiz,M4)*Deng(
      q2 + q3,xiw,M3)^2*Deng(p4 + q2 + q3,xiw,0)*xiw*ufoGC58*ufoGC80*ufoGC107*
      ufoGC85
       - 1/8*g_(1,6_,nu10)*g_(2,6_,nu16)*FT2*g_(2,p4)*cFT(g6,XX,i2,j11)*
      flavourTag(fmu,j11,j12)*Vec(nu10,q3)*Vec(nu16,q3)*Deng(p4,xiz,M4)*Deng(
      q2 + q3,xiw,M3)^2*Deng(p4 + q2 + q3,xiw,0)*xiw*ufoGC58*ufoGC80*ufoGC107*
      ufoGC85
       + 1/8*g_(1,6_,nu10)*g_(2,6_,nu16)*FT2*g_(2,q3)*cFT(g6,XX,i2,j11)*
      flavourTag(fmu,j11,j12)*Vec(nu10,q2)*Vec(nu16,p4)*Vec(nu15,p4)*Vec(nu15,
      q3)*Deng(p4,xiz,M4)^2*Deng(q2 + q3,xiw,M3)^2*Deng(p4 + q2 + q3,xiw,0)*
      xiw*ufoGC58*ufoGC80*ufoGC107*ufoGC85
       - 1/8*g_(1,6_,nu10)*g_(2,6_,nu16)*FT2*g_(2,q3)*cFT(g6,XX,i2,j11)*
      flavourTag(fmu,j11,j12)*Vec(nu10,q2)*Vec(nu16,q2)*Deng(p4,xiz,M4)*Deng(
      q2 + q3,xiw,M3)^2*Deng(p4 + q2 + q3,xiw,0)*xiw*ufoGC58*ufoGC80*ufoGC107*
      ufoGC85
       - 1/8*g_(1,6_,nu10)*g_(2,6_,nu16)*FT2*g_(2,q3)*cFT(g6,XX,i2,j11)*
      flavourTag(fmu,j11,j12)*Vec(nu10,q2)*Vec(nu16,q3)*Deng(p4,xiz,M4)*Deng(
      q2 + q3,xiw,M3)^2*Deng(p4 + q2 + q3,xiw,0)*xiw*ufoGC58*ufoGC80*ufoGC107*
      ufoGC85
       + 1/8*g_(1,6_,nu10)*g_(2,6_,nu16)*FT2*g_(2,q3)*cFT(g6,XX,i2,j11)*
      flavourTag(fmu,j11,j12)*Vec(nu10,q3)*Vec(nu16,p4)*Vec(nu15,p4)*Vec(nu15,
      q2)*Deng(p4,xiz,M4)^2*Deng(q2 + q3,xiw,M3)^2*Deng(p4 + q2 + q3,xiw,0)*
      xiw*ufoGC58*ufoGC80*ufoGC107*ufoGC85
       - 1/8*g_(1,6_,nu10)*g_(2,6_,nu16)*FT2*g_(2,q3)*cFT(g6,XX,i2,j11)*
      flavourTag(fmu,j11,j12)*Vec(nu10,q3)*Vec(nu16,q2)*Deng(p4,xiz,M4)*Deng(
      q2 + q3,xiw,M3)^2*Deng(p4 + q2 + q3,xiw,0)*xiw*ufoGC58*ufoGC80*ufoGC107*
      ufoGC85
       - 1/8*g_(1,6_,nu10)*g_(2,6_,nu16)*FT2*g_(2,q3)*cFT(g6,XX,i2,j11)*
      flavourTag(fmu,j11,j12)*Vec(nu10,q3)*Vec(nu16,q3)*Deng(p4,xiz,M4)*Deng(
      q2 + q3,xiw,M3)^2*Deng(p4 + q2 + q3,xiw,0)*xiw*ufoGC58*ufoGC80*ufoGC107*
      ufoGC85
       + 1/8*g_(1,6_,nu10)*g_(2,nu16)*FT2(g6)*FT2*g_(2,p4)*cFT(g6,XX,i2,j11)*
      flavourTag(fmu,j11,j12)*Vec(nu10,q2)*Vec(nu16,p4)*Vec(nu15,p4)*Vec(nu15,
      q3)*Deng(p4,xiz,M4)^2*Deng(q2 + q3,xiw,M3)^2*Deng(p4 + q2 + q3,xiw,0)*
      xiw*ufoGC58*ufoGC76*ufoGC107*ufoGC85
       - 1/8*g_(1,6_,nu10)*g_(2,nu16)*FT2(g6)*FT2*g_(2,p4)*cFT(g6,XX,i2,j11)*
      flavourTag(fmu,j11,j12)*Vec(nu10,q2)*Vec(nu16,q2)*Deng(p4,xiz,M4)*Deng(
      q2 + q3,xiw,M3)^2*Deng(p4 + q2 + q3,xiw,0)*xiw*ufoGC58*ufoGC76*ufoGC107*
      ufoGC85
       - 1/8*g_(1,6_,nu10)*g_(2,nu16)*FT2(g6)*FT2*g_(2,p4)*cFT(g6,XX,i2,j11)*
      flavourTag(fmu,j11,j12)*Vec(nu10,q2)*Vec(nu16,q3)*Deng(p4,xiz,M4)*Deng(
      q2 + q3,xiw,M3)^2*Deng(p4 + q2 + q3,xiw,0)*xiw*ufoGC58*ufoGC76*ufoGC107*
      ufoGC85
       + 1/8*g_(1,6_,nu10)*g_(2,nu16)*FT2(g6)*FT2*g_(2,p4)*cFT(g6,XX,i2,j11)*
      flavourTag(fmu,j11,j12)*Vec(nu10,q3)*Vec(nu16,p4)*Vec(nu15,p4)*Vec(nu15,
      q2)*Deng(p4,xiz,M4)^2*Deng(q2 + q3,xiw,M3)^2*Deng(p4 + q2 + q3,xiw,0)*
      xiw*ufoGC58*ufoGC76*ufoGC107*ufoGC85
       - 1/8*g_(1,6_,nu10)*g_(2,nu16)*FT2(g6)*FT2*g_(2,p4)*cFT(g6,XX,i2,j11)*
      flavourTag(fmu,j11,j12)*Vec(nu10,q3)*Vec(nu16,q2)*Deng(p4,xiz,M4)*Deng(
      q2 + q3,xiw,M3)^2*Deng(p4 + q2 + q3,xiw,0)*xiw*ufoGC58*ufoGC76*ufoGC107*
      ufoGC85
       - 1/8*g_(1,6_,nu10)*g_(2,nu16)*FT2(g6)*FT2*g_(2,p4)*cFT(g6,XX,i2,j11)*
      flavourTag(fmu,j11,j12)*Vec(nu10,q3)*Vec(nu16,q3)*Deng(p4,xiz,M4)*Deng(
      q2 + q3,xiw,M3)^2*Deng(p4 + q2 + q3,xiw,0)*xiw*ufoGC58*ufoGC76*ufoGC107*
      ufoGC85
       + 1/8*g_(1,6_,nu10)*g_(2,nu16)*FT2(g6)*FT2*g_(2,q3)*cFT(g6,XX,i2,j11)*
      flavourTag(fmu,j11,j12)*Vec(nu10,q2)*Vec(nu16,p4)*Vec(nu15,p4)*Vec(nu15,
      q3)*Deng(p4,xiz,M4)^2*Deng(q2 + q3,xiw,M3)^2*Deng(p4 + q2 + q3,xiw,0)*
      xiw*ufoGC58*ufoGC76*ufoGC107*ufoGC85
       - 1/8*g_(1,6_,nu10)*g_(2,nu16)*FT2(g6)*FT2*g_(2,q3)*cFT(g6,XX,i2,j11)*
      flavourTag(fmu,j11,j12)*Vec(nu10,q2)*Vec(nu16,q2)*Deng(p4,xiz,M4)*Deng(
      q2 + q3,xiw,M3)^2*Deng(p4 + q2 + q3,xiw,0)*xiw*ufoGC58*ufoGC76*ufoGC107*
      ufoGC85
       - 1/8*g_(1,6_,nu10)*g_(2,nu16)*FT2(g6)*FT2*g_(2,q3)*cFT(g6,XX,i2,j11)*
      flavourTag(fmu,j11,j12)*Vec(nu10,q2)*Vec(nu16,q3)*Deng(p4,xiz,M4)*Deng(
      q2 + q3,xiw,M3)^2*Deng(p4 + q2 + q3,xiw,0)*xiw*ufoGC58*ufoGC76*ufoGC107*
      ufoGC85
       + 1/8*g_(1,6_,nu10)*g_(2,nu16)*FT2(g6)*FT2*g_(2,q3)*cFT(g6,XX,i2,j11)*
      flavourTag(fmu,j11,j12)*Vec(nu10,q3)*Vec(nu16,p4)*Vec(nu15,p4)*Vec(nu15,
      q2)*Deng(p4,xiz,M4)^2*Deng(q2 + q3,xiw,M3)^2*Deng(p4 + q2 + q3,xiw,0)*
      xiw*ufoGC58*ufoGC76*ufoGC107*ufoGC85
       - 1/8*g_(1,6_,nu10)*g_(2,nu16)*FT2(g6)*FT2*g_(2,q3)*cFT(g6,XX,i2,j11)*
      flavourTag(fmu,j11,j12)*Vec(nu10,q3)*Vec(nu16,q2)*Deng(p4,xiz,M4)*Deng(
      q2 + q3,xiw,M3)^2*Deng(p4 + q2 + q3,xiw,0)*xiw*ufoGC58*ufoGC76*ufoGC107*
      ufoGC85
       - 1/8*g_(1,6_,nu10)*g_(2,nu16)*FT2(g6)*FT2*g_(2,q3)*cFT(g6,XX,i2,j11)*
      flavourTag(fmu,j11,j12)*Vec(nu10,q3)*Vec(nu16,q3)*Deng(p4,xiz,M4)*Deng(
      q2 + q3,xiw,M3)^2*Deng(p4 + q2 + q3,xiw,0)*xiw*ufoGC58*ufoGC76*ufoGC107*
      ufoGC85
       - 1/8*g_(1,6_,nu16)*g_(2,6_,nu16)*FT2*g_(2,p4)*cFT(g6,XX,i2,j11)/(d^3
       + d^2 - 2*d)*flavourTag(fmu,j11,j12)*Deng(p4,xiz,M4)^2*Deng(q2 + q3,xiw
      ,M3)^2*Deng(p4 + q2 + q3,xiw,0)*p4.p4*q2.q2*d*xiw*ufoGC58*ufoGC80*
      ufoGC107*ufoGC85
       - 1/8*g_(1,6_,nu16)*g_(2,6_,nu16)*FT2*g_(2,p4)*cFT(g6,XX,i2,j11)/(d^3
       + d^2 - 2*d)*flavourTag(fmu,j11,j12)*Deng(p4,xiz,M4)^2*Deng(q2 + q3,xiw
      ,M3)^2*Deng(p4 + q2 + q3,xiw,0)*p4.p4*q2.q2*xiw*ufoGC58*ufoGC80*ufoGC107
      *ufoGC85
       - 1/8*g_(1,6_,nu16)*g_(2,6_,nu16)*FT2*g_(2,p4)*cFT(g6,XX,i2,j11)/(d^3
       + d^2 - 2*d)*flavourTag(fmu,j11,j12)*Deng(p4,xiz,M4)^2*Deng(q2 + q3,xiw
      ,M3)^2*Deng(p4 + q2 + q3,xiw,0)*p4.p4*q3.q3*d*xiw*ufoGC58*ufoGC80*
      ufoGC107*ufoGC85
       - 1/8*g_(1,6_,nu16)*g_(2,6_,nu16)*FT2*g_(2,p4)*cFT(g6,XX,i2,j11)/(d^3
       + d^2 - 2*d)*flavourTag(fmu,j11,j12)*Deng(p4,xiz,M4)^2*Deng(q2 + q3,xiw
      ,M3)^2*Deng(p4 + q2 + q3,xiw,0)*p4.p4*q3.q3*xiw*ufoGC58*ufoGC80*ufoGC107
      *ufoGC85
       + 1/8*g_(1,6_,nu16)*g_(2,6_,nu16)*FT2*g_(2,p4)*cFT(g6,XX,i2,j11)/(d^3
       + d^2 - 2*d)*flavourTag(fmu,j11,j12)*Deng(p4,xiz,M4)^2*Deng(q2 + q3,xiw
      ,M3)^2*Deng(p4 + q2 + q3,xiw,0)*p4.q2^2*d^2*xiw*ufoGC58*ufoGC80*ufoGC107
      *ufoGC85
       + 1/8*g_(1,6_,nu16)*g_(2,6_,nu16)*FT2*g_(2,p4)*cFT(g6,XX,i2,j11)/(d^3
       + d^2 - 2*d)*flavourTag(fmu,j11,j12)*Deng(p4,xiz,M4)^2*Deng(q2 + q3,xiw
      ,M3)^2*Deng(p4 + q2 + q3,xiw,0)*p4.q2^2*d*xiw*ufoGC58*ufoGC80*ufoGC107*
      ufoGC85
       + 1/8*g_(1,6_,nu16)*g_(2,6_,nu16)*FT2*g_(2,p4)*cFT(g6,XX,i2,j11)/(d^3
       + d^2 - 2*d)*flavourTag(fmu,j11,j12)*Deng(p4,xiz,M4)^2*Deng(q2 + q3,xiw
      ,M3)^2*Deng(p4 + q2 + q3,xiw,0)*p4.q3^2*d^2*xiw*ufoGC58*ufoGC80*ufoGC107
      *ufoGC85
       + 1/8*g_(1,6_,nu16)*g_(2,6_,nu16)*FT2*g_(2,p4)*cFT(g6,XX,i2,j11)/(d^3
       + d^2 - 2*d)*flavourTag(fmu,j11,j12)*Deng(p4,xiz,M4)^2*Deng(q2 + q3,xiw
      ,M3)^2*Deng(p4 + q2 + q3,xiw,0)*p4.q3^2*d*xiw*ufoGC58*ufoGC80*ufoGC107*
      ufoGC85
       - 1/8*g_(1,6_,nu16)*g_(2,6_,nu16)*FT2*g_(2,q3)*cFT(g6,XX,i2,j11)/(d^3
       + d^2 - 2*d)*flavourTag(fmu,j11,j12)*Deng(p4,xiz,M4)^2*Deng(q2 + q3,xiw
      ,M3)^2*Deng(p4 + q2 + q3,xiw,0)*p4.p4*q2.q2*d*xiw*ufoGC58*ufoGC80*
      ufoGC107*ufoGC85
       - 1/8*g_(1,6_,nu16)*g_(2,6_,nu16)*FT2*g_(2,q3)*cFT(g6,XX,i2,j11)/(d^3
       + d^2 - 2*d)*flavourTag(fmu,j11,j12)*Deng(p4,xiz,M4)^2*Deng(q2 + q3,xiw
      ,M3)^2*Deng(p4 + q2 + q3,xiw,0)*p4.p4*q2.q2*xiw*ufoGC58*ufoGC80*ufoGC107
      *ufoGC85
       - 1/8*g_(1,6_,nu16)*g_(2,6_,nu16)*FT2*g_(2,q3)*cFT(g6,XX,i2,j11)/(d^3
       + d^2 - 2*d)*flavourTag(fmu,j11,j12)*Deng(p4,xiz,M4)^2*Deng(q2 + q3,xiw
      ,M3)^2*Deng(p4 + q2 + q3,xiw,0)*p4.p4*q3.q3*d*xiw*ufoGC58*ufoGC80*
      ufoGC107*ufoGC85
       - 1/8*g_(1,6_,nu16)*g_(2,6_,nu16)*FT2*g_(2,q3)*cFT(g6,XX,i2,j11)/(d^3
       + d^2 - 2*d)*flavourTag(fmu,j11,j12)*Deng(p4,xiz,M4)^2*Deng(q2 + q3,xiw
      ,M3)^2*Deng(p4 + q2 + q3,xiw,0)*p4.p4*q3.q3*xiw*ufoGC58*ufoGC80*ufoGC107
      *ufoGC85
       + 1/8*g_(1,6_,nu16)*g_(2,6_,nu16)*FT2*g_(2,q3)*cFT(g6,XX,i2,j11)/(d^3
       + d^2 - 2*d)*flavourTag(fmu,j11,j12)*Deng(p4,xiz,M4)^2*Deng(q2 + q3,xiw
      ,M3)^2*Deng(p4 + q2 + q3,xiw,0)*p4.q2^2*d^2*xiw*ufoGC58*ufoGC80*ufoGC107
      *ufoGC85
       + 1/8*g_(1,6_,nu16)*g_(2,6_,nu16)*FT2*g_(2,q3)*cFT(g6,XX,i2,j11)/(d^3
       + d^2 - 2*d)*flavourTag(fmu,j11,j12)*Deng(p4,xiz,M4)^2*Deng(q2 + q3,xiw
      ,M3)^2*Deng(p4 + q2 + q3,xiw,0)*p4.q2^2*d*xiw*ufoGC58*ufoGC80*ufoGC107*
      ufoGC85
       + 1/8*g_(1,6_,nu16)*g_(2,6_,nu16)*FT2*g_(2,q3)*cFT(g6,XX,i2,j11)/(d^3
       + d^2 - 2*d)*flavourTag(fmu,j11,j12)*Deng(p4,xiz,M4)^2*Deng(q2 + q3,xiw
      ,M3)^2*Deng(p4 + q2 + q3,xiw,0)*p4.q3^2*d^2*xiw*ufoGC58*ufoGC80*ufoGC107
      *ufoGC85
       + 1/8*g_(1,6_,nu16)*g_(2,6_,nu16)*FT2*g_(2,q3)*cFT(g6,XX,i2,j11)/(d^3
       + d^2 - 2*d)*flavourTag(fmu,j11,j12)*Deng(p4,xiz,M4)^2*Deng(q2 + q3,xiw
      ,M3)^2*Deng(p4 + q2 + q3,xiw,0)*p4.q3^2*d*xiw*ufoGC58*ufoGC80*ufoGC107*
      ufoGC85
       - 1/8*g_(1,6_,nu16)*g_(2,nu16)*FT2(g6)*FT2*g_(2,p4)*cFT(g6,XX,i2,j11)/(
      d^3 + d^2 - 2*d)*flavourTag(fmu,j11,j12)*Deng(p4,xiz,M4)^2*Deng(q2 + q3,
      xiw,M3)^2*Deng(p4 + q2 + q3,xiw,0)*p4.p4*q2.q2*d*xiw*ufoGC58*ufoGC76*
      ufoGC107*ufoGC85
       - 1/8*g_(1,6_,nu16)*g_(2,nu16)*FT2(g6)*FT2*g_(2,p4)*cFT(g6,XX,i2,j11)/(
      d^3 + d^2 - 2*d)*flavourTag(fmu,j11,j12)*Deng(p4,xiz,M4)^2*Deng(q2 + q3,
      xiw,M3)^2*Deng(p4 + q2 + q3,xiw,0)*p4.p4*q2.q2*xiw*ufoGC58*ufoGC76*
      ufoGC107*ufoGC85
       - 1/8*g_(1,6_,nu16)*g_(2,nu16)*FT2(g6)*FT2*g_(2,p4)*cFT(g6,XX,i2,j11)/(
      d^3 + d^2 - 2*d)*flavourTag(fmu,j11,j12)*Deng(p4,xiz,M4)^2*Deng(q2 + q3,
      xiw,M3)^2*Deng(p4 + q2 + q3,xiw,0)*p4.p4*q3.q3*d*xiw*ufoGC58*ufoGC76*
      ufoGC107*ufoGC85
       - 1/8*g_(1,6_,nu16)*g_(2,nu16)*FT2(g6)*FT2*g_(2,p4)*cFT(g6,XX,i2,j11)/(
      d^3 + d^2 - 2*d)*flavourTag(fmu,j11,j12)*Deng(p4,xiz,M4)^2*Deng(q2 + q3,
      xiw,M3)^2*Deng(p4 + q2 + q3,xiw,0)*p4.p4*q3.q3*xiw*ufoGC58*ufoGC76*
      ufoGC107*ufoGC85
       + 1/8*g_(1,6_,nu16)*g_(2,nu16)*FT2(g6)*FT2*g_(2,p4)*cFT(g6,XX,i2,j11)/(
      d^3 + d^2 - 2*d)*flavourTag(fmu,j11,j12)*Deng(p4,xiz,M4)^2*Deng(q2 + q3,
      xiw,M3)^2*Deng(p4 + q2 + q3,xiw,0)*p4.q2^2*d^2*xiw*ufoGC58*ufoGC76*
      ufoGC107*ufoGC85
       + 1/8*g_(1,6_,nu16)*g_(2,nu16)*FT2(g6)*FT2*g_(2,p4)*cFT(g6,XX,i2,j11)/(
      d^3 + d^2 - 2*d)*flavourTag(fmu,j11,j12)*Deng(p4,xiz,M4)^2*Deng(q2 + q3,
      xiw,M3)^2*Deng(p4 + q2 + q3,xiw,0)*p4.q2^2*d*xiw*ufoGC58*ufoGC76*
      ufoGC107*ufoGC85
       + 1/8*g_(1,6_,nu16)*g_(2,nu16)*FT2(g6)*FT2*g_(2,p4)*cFT(g6,XX,i2,j11)/(
      d^3 + d^2 - 2*d)*flavourTag(fmu,j11,j12)*Deng(p4,xiz,M4)^2*Deng(q2 + q3,
      xiw,M3)^2*Deng(p4 + q2 + q3,xiw,0)*p4.q3^2*d^2*xiw*ufoGC58*ufoGC76*
      ufoGC107*ufoGC85
       + 1/8*g_(1,6_,nu16)*g_(2,nu16)*FT2(g6)*FT2*g_(2,p4)*cFT(g6,XX,i2,j11)/(
      d^3 + d^2 - 2*d)*flavourTag(fmu,j11,j12)*Deng(p4,xiz,M4)^2*Deng(q2 + q3,
      xiw,M3)^2*Deng(p4 + q2 + q3,xiw,0)*p4.q3^2*d*xiw*ufoGC58*ufoGC76*
      ufoGC107*ufoGC85
       - 1/8*g_(1,6_,nu16)*g_(2,nu16)*FT2(g6)*FT2*g_(2,q3)*cFT(g6,XX,i2,j11)/(
      d^3 + d^2 - 2*d)*flavourTag(fmu,j11,j12)*Deng(p4,xiz,M4)^2*Deng(q2 + q3,
      xiw,M3)^2*Deng(p4 + q2 + q3,xiw,0)*p4.p4*q2.q2*d*xiw*ufoGC58*ufoGC76*
      ufoGC107*ufoGC85
       - 1/8*g_(1,6_,nu16)*g_(2,nu16)*FT2(g6)*FT2*g_(2,q3)*cFT(g6,XX,i2,j11)/(
      d^3 + d^2 - 2*d)*flavourTag(fmu,j11,j12)*Deng(p4,xiz,M4)^2*Deng(q2 + q3,
      xiw,M3)^2*Deng(p4 + q2 + q3,xiw,0)*p4.p4*q2.q2*xiw*ufoGC58*ufoGC76*
      ufoGC107*ufoGC85
       - 1/8*g_(1,6_,nu16)*g_(2,nu16)*FT2(g6)*FT2*g_(2,q3)*cFT(g6,XX,i2,j11)/(
      d^3 + d^2 - 2*d)*flavourTag(fmu,j11,j12)*Deng(p4,xiz,M4)^2*Deng(q2 + q3,
      xiw,M3)^2*Deng(p4 + q2 + q3,xiw,0)*p4.p4*q3.q3*d*xiw*ufoGC58*ufoGC76*
      ufoGC107*ufoGC85
       - 1/8*g_(1,6_,nu16)*g_(2,nu16)*FT2(g6)*FT2*g_(2,q3)*cFT(g6,XX,i2,j11)/(
      d^3 + d^2 - 2*d)*flavourTag(fmu,j11,j12)*Deng(p4,xiz,M4)^2*Deng(q2 + q3,
      xiw,M3)^2*Deng(p4 + q2 + q3,xiw,0)*p4.p4*q3.q3*xiw*ufoGC58*ufoGC76*
      ufoGC107*ufoGC85
       + 1/8*g_(1,6_,nu16)*g_(2,nu16)*FT2(g6)*FT2*g_(2,q3)*cFT(g6,XX,i2,j11)/(
      d^3 + d^2 - 2*d)*flavourTag(fmu,j11,j12)*Deng(p4,xiz,M4)^2*Deng(q2 + q3,
      xiw,M3)^2*Deng(p4 + q2 + q3,xiw,0)*p4.q2^2*d^2*xiw*ufoGC58*ufoGC76*
      ufoGC107*ufoGC85
       + 1/8*g_(1,6_,nu16)*g_(2,nu16)*FT2(g6)*FT2*g_(2,q3)*cFT(g6,XX,i2,j11)/(
      d^3 + d^2 - 2*d)*flavourTag(fmu,j11,j12)*Deng(p4,xiz,M4)^2*Deng(q2 + q3,
      xiw,M3)^2*Deng(p4 + q2 + q3,xiw,0)*p4.q2^2*d*xiw*ufoGC58*ufoGC76*
      ufoGC107*ufoGC85
       + 1/8*g_(1,6_,nu16)*g_(2,nu16)*FT2(g6)*FT2*g_(2,q3)*cFT(g6,XX,i2,j11)/(
      d^3 + d^2 - 2*d)*flavourTag(fmu,j11,j12)*Deng(p4,xiz,M4)^2*Deng(q2 + q3,
      xiw,M3)^2*Deng(p4 + q2 + q3,xiw,0)*p4.q3^2*d^2*xiw*ufoGC58*ufoGC76*
      ufoGC107*ufoGC85
       + 1/8*g_(1,6_,nu16)*g_(2,nu16)*FT2(g6)*FT2*g_(2,q3)*cFT(g6,XX,i2,j11)/(
      d^3 + d^2 - 2*d)*flavourTag(fmu,j11,j12)*Deng(p4,xiz,M4)^2*Deng(q2 + q3,
      xiw,M3)^2*Deng(p4 + q2 + q3,xiw,0)*p4.q3^2*d*xiw*ufoGC58*ufoGC76*
      ufoGC107*ufoGC85
      ;

  0.00 sec out of 0.01 sec
