FORM 5.0.0-beta.1 (Jan 15 2026, v5.0.0-beta.1-292-g4341c63)  Run: Fri Feb 13 14:19:01 2026
    #-

   d1l29amp =
       - 1/4*g_(1,6_,nu10)*g_(2,6_,nu11)*Vec(nu10,p1)*Vec(nu11,p1)*Vec(nu14,p3
      )^2*Deng(p1,xiw,M3)^2*Deng(p2,xiw,M3)*Deng(p3,xiw,M3)^2*ufoGC58^2*
      ufoGC53
       + 1/4*g_(1,6_,nu10)*g_(2,6_,nu11)*Vec(nu10,p1)*Vec(nu11,p1)*Deng(p1,xiw
      ,M3)^2*Deng(p2,xiw,M3)*Deng(p3,xiw,M3)*d*ufoGC58^2*ufoGC53
       - 1/4*g_(1,6_,nu10)*g_(2,6_,nu11)*Vec(nu10,p1)*Vec(nu11,p1)*Deng(p1,xiw
      ,M3)^2*Deng(p2,xiw,M3)*Deng(p3,xiw,M3)*ufoGC58^2*ufoGC53
       + 1/4*g_(1,6_,nu10)*g_(2,6_,nu11)*Vec(nu10,p1)*Vec(nu11,p2)*Vec(nu12,p1
      )*Vec(nu12,p2)*Vec(nu14,p3)^2*Deng(p1,xiw,M3)^2*Deng(p2,xiw,M3)^2*Deng(
      p3,xiw,M3)^2*ufoGC58^2*ufoGC53
       - 1/4*g_(1,6_,nu10)*g_(2,6_,nu11)*Vec(nu10,p1)*Vec(nu11,p2)*Vec(nu12,p1
      )*Vec(nu12,p2)*Deng(p1,xiw,M3)^2*Deng(p2,xiw,M3)^2*Deng(p3,xiw,M3)*d*
      ufoGC58^2*ufoGC53
       - 1/4*g_(1,6_,nu10)*g_(2,6_,nu11)*Vec(nu10,p1)*Vec(nu11,p2)*Vec(nu12,p1
      )*Vec(nu12,p2)*Deng(p1,xiw,M3)^2*Deng(p2,xiw,M3)^2*Deng(p3,xiw,M3)*
      ufoGC58^2*ufoGC53
       + 1/4*g_(1,6_,nu10)*g_(2,6_,nu11)*Vec(nu10,p1)*Vec(nu11,p2)*Vec(nu12,p2
      )*Vec(nu12,p3)*Vec(nu14,p1)*Vec(nu14,p3)*Deng(p1,xiw,M3)^2*Deng(p2,xiw,
      M3)^2*Deng(p3,xiw,M3)^2*ufoGC58^2*ufoGC53
       - 1/2*g_(1,6_,nu10)*g_(2,6_,nu11)*Vec(nu10,p1)*Vec(nu11,p2)*Vec(nu14,p2
      )*Vec(nu14,p3)*Vec(nu13,p1)*Vec(nu13,p3)*Deng(p1,xiw,M3)^2*Deng(p2,xiw,
      M3)^2*Deng(p3,xiw,M3)^2*ufoGC58^2*ufoGC53
       + 1/2*g_(1,6_,nu10)*g_(2,6_,nu11)*Vec(nu10,p1)*Vec(nu11,p2)*Vec(nu13,p1
      )*Vec(nu13,p2)*Deng(p1,xiw,M3)^2*Deng(p2,xiw,M3)^2*Deng(p3,xiw,M3)*
      ufoGC58^2*ufoGC53
       - 1/4*g_(1,6_,nu10)*g_(2,6_,nu11)*Vec(nu10,p1)*Vec(nu11,p3)*Vec(nu14,p1
      )*Vec(nu14,p3)*Deng(p1,xiw,M3)^2*Deng(p2,xiw,M3)*Deng(p3,xiw,M3)^2*
      ufoGC58^2*ufoGC53
       + 1/2*g_(1,6_,nu10)*g_(2,6_,nu11)*Vec(nu10,p1)*Vec(nu11,p3)*Vec(nu13,p1
      )*Vec(nu13,p3)*Deng(p1,xiw,M3)^2*Deng(p2,xiw,M3)*Deng(p3,xiw,M3)^2*
      ufoGC58^2*ufoGC53
       + 1/4*g_(1,6_,nu11)*g_(2,6_,nu11)*Vec(nu14,p3)^2*Deng(p1,xiw,M3)*Deng(
      p2,xiw,M3)*Deng(p3,xiw,M3)^2*ufoGC58^2*ufoGC53
       - 1/4*g_(1,6_,nu11)*g_(2,6_,nu11)*Deng(p1,xiw,M3)*Deng(p2,xiw,M3)*Deng(
      p3,xiw,M3)*d*ufoGC58^2*ufoGC53
       + 1/4*g_(1,6_,nu11)*g_(2,6_,nu11)*Deng(p1,xiw,M3)*Deng(p2,xiw,M3)*Deng(
      p3,xiw,M3)*ufoGC58^2*ufoGC53
       - 1/4*g_(1,6_,nu12)*g_(2,6_,nu11)*Vec(nu11,p2)*Vec(nu12,p2)*Vec(nu14,p3
      )^2*Deng(p1,xiw,M3)*Deng(p2,xiw,M3)^2*Deng(p3,xiw,M3)^2*ufoGC58^2*
      ufoGC53
       + 1/4*g_(1,6_,nu12)*g_(2,6_,nu11)*Vec(nu11,p2)*Vec(nu12,p2)*Deng(p1,xiw
      ,M3)*Deng(p2,xiw,M3)^2*Deng(p3,xiw,M3)*d*ufoGC58^2*ufoGC53
       + 1/4*g_(1,6_,nu12)*g_(2,6_,nu11)*Vec(nu11,p2)*Vec(nu12,p2)*Deng(p1,xiw
      ,M3)*Deng(p2,xiw,M3)^2*Deng(p3,xiw,M3)*ufoGC58^2*ufoGC53
       - 1/4*g_(1,6_,nu14)*g_(2,6_,nu11)*Vec(nu11,p2)*Vec(nu12,p2)*Vec(nu12,p3
      )*Vec(nu14,p3)*Deng(p1,xiw,M3)*Deng(p2,xiw,M3)^2*Deng(p3,xiw,M3)^2*
      ufoGC58^2*ufoGC53
       - 1/2*g_(1,6_,nu14)*g_(2,6_,nu11)*Vec(nu11,p2)*Vec(nu14,p2)*Deng(p1,xiw
      ,M3)*Deng(p2,xiw,M3)^2*Deng(p3,xiw,M3)*ufoGC58^2*ufoGC53
       + 1/4*g_(1,6_,nu14)*g_(2,6_,nu11)*Vec(nu11,p3)*Vec(nu14,p3)*Deng(p1,xiw
      ,M3)*Deng(p2,xiw,M3)*Deng(p3,xiw,M3)^2*ufoGC58^2*ufoGC53
       + 1/2*g_(1,6_,nu13)*g_(2,6_,nu11)*Vec(nu11,p2)*Vec(nu14,p2)*Vec(nu14,p3
      )*Vec(nu13,p3)*Deng(p1,xiw,M3)*Deng(p2,xiw,M3)^2*Deng(p3,xiw,M3)^2*
      ufoGC58^2*ufoGC53
       - 1/2*g_(1,6_,nu13)*g_(2,6_,nu11)*Vec(nu11,p3)*Vec(nu13,p3)*Deng(p1,xiw
      ,M3)*Deng(p2,xiw,M3)*Deng(p3,xiw,M3)^2*ufoGC58^2*ufoGC53
      ;

  0.00 sec out of 0.00 sec
