FORM 5.0.0-beta.1 (Jan 15 2026, v5.0.0-beta.1-292-g4341c63)  Run: Tue Feb 10 16:47:28 2026
    #-

   d1l207amp =
       + 1/4*g_(1,6_,nu14)*g_(2,6_,nu13)*cFT(-p2,XX,j11,j12)*auxGamma(nu14,i2,
      iufo11)*auxPL(iufo11,j11)/(d^3 + d^2 - 2*d)*flavourTag(fvm,j11,j12)*Mom(
      nu13,-p4)*Deng(0,xiw,M3)*Deng(p3,xiz,M4)^2*Deng(p4,xiw,M3)^2*p3.p3*p4.p4
      *xiw*ufoGC58^2*ufoGC69*ufoGC81
       - 1/4*g_(1,6_,nu14)*g_(2,6_,nu13)*cFT(-p2,XX,j11,j12)*auxGamma(nu14,i2,
      iufo11)*auxPL(iufo11,j11)/(d^3 + d^2 - 2*d)*flavourTag(fvm,j11,j12)*Mom(
      nu13,-p4)*Deng(0,xiw,M3)*Deng(p3,xiz,M4)^2*Deng(p4,xiw,M3)^2*p3.p4^2*d*
      xiw*ufoGC58^2*ufoGC69*ufoGC81
       - 1/4*g_(1,6_,nu14)*g_(2,6_,nu13)*cFT(-p2,XX,j11,j12)*auxGamma(nu14,i2,
      iufo11)*auxPL(iufo11,j11)/(d^3 + d^2 - 2*d)*flavourTag(fvm,j11,j12)*Mom(
      nu13,0)*Deng(0,xiw,M3)*Deng(p3,xiz,M4)^2*Deng(p4,xiw,M3)^2*p3.p3*p4.p4*
      xiw*ufoGC58^2*ufoGC69*ufoGC81
       + 1/4*g_(1,6_,nu14)*g_(2,6_,nu13)*cFT(-p2,XX,j11,j12)*auxGamma(nu14,i2,
      iufo11)*auxPL(iufo11,j11)/(d^3 + d^2 - 2*d)*flavourTag(fvm,j11,j12)*Mom(
      nu13,0)*Deng(0,xiw,M3)*Deng(p3,xiz,M4)^2*Deng(p4,xiw,M3)^2*p3.p4^2*d*xiw
      *ufoGC58^2*ufoGC69*ufoGC81
       - 1/4*g_(1,6_,nu14)*g_(2,6_,nu16)*cFT(-p2,XX,j11,j12)*auxGamma(nu14,i2,
      iufo11)*auxPL(iufo11,j11)*flavourTag(fvm,j11,j12)*Mom(nu16,p3)*Deng(0,
      xiw,M3)*Deng(p3,xiz,M4)*Deng(p4,xiw,M3)^2*p4.p4*d^-1*xiw*ufoGC58^2*
      ufoGC69*ufoGC81
       + 1/4*g_(1,6_,nu14)*g_(2,6_,nu16)*cFT(-p2,XX,j11,j12)*auxGamma(nu14,i2,
      iufo11)*auxPL(iufo11,j11)*flavourTag(fvm,j11,j12)*Mom(nu16,0)*Deng(0,xiw
      ,M3)*Deng(p3,xiz,M4)*Deng(p4,xiw,M3)^2*p4.p4*d^-1*xiw*ufoGC58^2*ufoGC69*
      ufoGC81
       + 1/4*g_(1,6_,nu9)*g_(2,6_,nu14)*cFT(-p2,XX,j11,j12)*auxGamma(nu14,i2,
      iufo11)*auxPL(iufo11,j11)*flavourTag(fvm,j11,j12)*Mom(nu9,p3)*Deng(0,xiw
      ,M3)*Deng(p3,xiz,M4)*Deng(p4,xiw,M3)^2*p4.p4*d^-1*xiw*ufoGC58^2*ufoGC69*
      ufoGC81
       - 1/4*g_(1,6_,nu9)*g_(2,6_,nu14)*cFT(-p2,XX,j11,j12)*auxGamma(nu14,i2,
      iufo11)*auxPL(iufo11,j11)*flavourTag(fvm,j11,j12)*Mom(nu9,-p4)*Deng(0,
      xiw,M3)*Deng(p3,xiz,M4)*Deng(p4,xiw,M3)^2*p4.p4*d^-1*xiw*ufoGC58^2*
      ufoGC69*ufoGC81
       + 1/4*g_(1,6_,nu9)*g_(2,6_,nu14)*cFT(-p2,XX,j11,j12)*auxGamma(nu14,i2,
      iufo11)*auxPL(iufo11,j11)/(d^3 + d^2 - 2*d)*flavourTag(fvm,j11,j12)*Mom(
      nu9,p3)*Deng(0,xiw,M3)*Deng(p3,xiz,M4)^2*Deng(p4,xiw,M3)^2*p3.p3*p4.p4*d
      *xiw*ufoGC58^2*ufoGC69*ufoGC81
       + 1/4*g_(1,6_,nu9)*g_(2,6_,nu14)*cFT(-p2,XX,j11,j12)*auxGamma(nu14,i2,
      iufo11)*auxPL(iufo11,j11)/(d^3 + d^2 - 2*d)*flavourTag(fvm,j11,j12)*Mom(
      nu9,p3)*Deng(0,xiw,M3)*Deng(p3,xiz,M4)^2*Deng(p4,xiw,M3)^2*p3.p3*p4.p4*
      xiw*ufoGC58^2*ufoGC69*ufoGC81
       - 1/4*g_(1,6_,nu9)*g_(2,6_,nu14)*cFT(-p2,XX,j11,j12)*auxGamma(nu14,i2,
      iufo11)*auxPL(iufo11,j11)/(d^3 + d^2 - 2*d)*flavourTag(fvm,j11,j12)*Mom(
      nu9,p3)*Deng(0,xiw,M3)*Deng(p3,xiz,M4)^2*Deng(p4,xiw,M3)^2*p3.p4^2*d^2*
      xiw*ufoGC58^2*ufoGC69*ufoGC81
       - 1/4*g_(1,6_,nu9)*g_(2,6_,nu14)*cFT(-p2,XX,j11,j12)*auxGamma(nu14,i2,
      iufo11)*auxPL(iufo11,j11)/(d^3 + d^2 - 2*d)*flavourTag(fvm,j11,j12)*Mom(
      nu9,p3)*Deng(0,xiw,M3)*Deng(p3,xiz,M4)^2*Deng(p4,xiw,M3)^2*p3.p4^2*d*xiw
      *ufoGC58^2*ufoGC69*ufoGC81
       - 1/4*g_(1,6_,nu9)*g_(2,6_,nu14)*cFT(-p2,XX,j11,j12)*auxGamma(nu14,i2,
      iufo11)*auxPL(iufo11,j11)/(d^3 + d^2 - 2*d)*flavourTag(fvm,j11,j12)*Mom(
      nu9,-p4)*Deng(0,xiw,M3)*Deng(p3,xiz,M4)^2*Deng(p4,xiw,M3)^2*p3.p3*p4.p4*
      d*xiw*ufoGC58^2*ufoGC69*ufoGC81
       - 1/4*g_(1,6_,nu9)*g_(2,6_,nu14)*cFT(-p2,XX,j11,j12)*auxGamma(nu14,i2,
      iufo11)*auxPL(iufo11,j11)/(d^3 + d^2 - 2*d)*flavourTag(fvm,j11,j12)*Mom(
      nu9,-p4)*Deng(0,xiw,M3)*Deng(p3,xiz,M4)^2*Deng(p4,xiw,M3)^2*p3.p3*p4.p4*
      xiw*ufoGC58^2*ufoGC69*ufoGC81
       + 1/4*g_(1,6_,nu9)*g_(2,6_,nu14)*cFT(-p2,XX,j11,j12)*auxGamma(nu14,i2,
      iufo11)*auxPL(iufo11,j11)/(d^3 + d^2 - 2*d)*flavourTag(fvm,j11,j12)*Mom(
      nu9,-p4)*Deng(0,xiw,M3)*Deng(p3,xiz,M4)^2*Deng(p4,xiw,M3)^2*p3.p4^2*d^2*
      xiw*ufoGC58^2*ufoGC69*ufoGC81
       + 1/4*g_(1,6_,nu9)*g_(2,6_,nu14)*cFT(-p2,XX,j11,j12)*auxGamma(nu14,i2,
      iufo11)*auxPL(iufo11,j11)/(d^3 + d^2 - 2*d)*flavourTag(fvm,j11,j12)*Mom(
      nu9,-p4)*Deng(0,xiw,M3)*Deng(p3,xiz,M4)^2*Deng(p4,xiw,M3)^2*p3.p4^2*d*
      xiw*ufoGC58^2*ufoGC69*ufoGC81
       - 1/4*g_(1,6_,nu13)*g_(2,6_,nu14)*cFT(-p2,XX,j11,j12)*auxGamma(nu14,i2,
      iufo11)*auxPL(iufo11,j11)/(d^3 + d^2 - 2*d)*flavourTag(fvm,j11,j12)*Mom(
      nu13,p3)*Deng(0,xiw,M3)*Deng(p3,xiz,M4)^2*Deng(p4,xiw,M3)^2*p3.p3*p4.p4*
      xiw*ufoGC58^2*ufoGC69*ufoGC81
       + 1/4*g_(1,6_,nu13)*g_(2,6_,nu14)*cFT(-p2,XX,j11,j12)*auxGamma(nu14,i2,
      iufo11)*auxPL(iufo11,j11)/(d^3 + d^2 - 2*d)*flavourTag(fvm,j11,j12)*Mom(
      nu13,p3)*Deng(0,xiw,M3)*Deng(p3,xiz,M4)^2*Deng(p4,xiw,M3)^2*p3.p4^2*d*
      xiw*ufoGC58^2*ufoGC69*ufoGC81
       + 1/4*g_(1,6_,nu13)*g_(2,6_,nu14)*cFT(-p2,XX,j11,j12)*auxGamma(nu14,i2,
      iufo11)*auxPL(iufo11,j11)/(d^3 + d^2 - 2*d)*flavourTag(fvm,j11,j12)*Mom(
      nu13,-p4)*Deng(0,xiw,M3)*Deng(p3,xiz,M4)^2*Deng(p4,xiw,M3)^2*p3.p3*p4.p4
      *xiw*ufoGC58^2*ufoGC69*ufoGC81
       - 1/4*g_(1,6_,nu13)*g_(2,6_,nu14)*cFT(-p2,XX,j11,j12)*auxGamma(nu14,i2,
      iufo11)*auxPL(iufo11,j11)/(d^3 + d^2 - 2*d)*flavourTag(fvm,j11,j12)*Mom(
      nu13,-p4)*Deng(0,xiw,M3)*Deng(p3,xiz,M4)^2*Deng(p4,xiw,M3)^2*p3.p4^2*d*
      xiw*ufoGC58^2*ufoGC69*ufoGC81
       + 1/4*cFT(-p2,XX,j11,j12)*auxGamma(nu14,i2,iufo11)*auxPL(iufo11,j11)*
      flavourTag(fvm,j11,j12)*Mom(nu14,-p4)*Deng(0,xiw,M3)*Deng(p3,xiz,M4)*
      Deng(p4,xiw,M3)^2*p4.p4*d^-1*xiw*ufoGC58^2*ufoGC69*ufoGC81*Op
       - 1/4*cFT(-p2,XX,j11,j12)*auxGamma(nu14,i2,iufo11)*auxPL(iufo11,j11)*
      flavourTag(fvm,j11,j12)*Mom(nu14,0)*Deng(0,xiw,M3)*Deng(p3,xiz,M4)*Deng(
      p4,xiw,M3)^2*p4.p4*d^-1*xiw*ufoGC58^2*ufoGC69*ufoGC81*Op
       - 1/4*cFT(-p2,XX,j11,j12)*auxGamma(nu14,i2,iufo11)*auxPL(iufo11,j11)/(
      d^3 + d^2 - 2*d)*flavourTag(fvm,j11,j12)*Mom(nu14,p3)*Deng(0,xiw,M3)*
      Deng(p3,xiz,M4)^2*Deng(p4,xiw,M3)^2*p3.p3*p4.p4*xiw*ufoGC58^2*ufoGC69*
      ufoGC81*Op
       + 1/4*cFT(-p2,XX,j11,j12)*auxGamma(nu14,i2,iufo11)*auxPL(iufo11,j11)/(
      d^3 + d^2 - 2*d)*flavourTag(fvm,j11,j12)*Mom(nu14,p3)*Deng(0,xiw,M3)*
      Deng(p3,xiz,M4)^2*Deng(p4,xiw,M3)^2*p3.p4^2*d*xiw*ufoGC58^2*ufoGC69*
      ufoGC81*Op
       + 1/4*cFT(-p2,XX,j11,j12)*auxGamma(nu14,i2,iufo11)*auxPL(iufo11,j11)/(
      d^3 + d^2 - 2*d)*flavourTag(fvm,j11,j12)*Mom(nu14,0)*Deng(0,xiw,M3)*
      Deng(p3,xiz,M4)^2*Deng(p4,xiw,M3)^2*p3.p3*p4.p4*xiw*ufoGC58^2*ufoGC69*
      ufoGC81*Op
       - 1/4*cFT(-p2,XX,j11,j12)*auxGamma(nu14,i2,iufo11)*auxPL(iufo11,j11)/(
      d^3 + d^2 - 2*d)*flavourTag(fvm,j11,j12)*Mom(nu14,0)*Deng(0,xiw,M3)*
      Deng(p3,xiz,M4)^2*Deng(p4,xiw,M3)^2*p3.p4^2*d*xiw*ufoGC58^2*ufoGC69*
      ufoGC81*Op
      ;

  0.00 sec out of 0.00 sec
