FORM 5.0.0-beta.1 (Jan 15 2026, v5.0.0-beta.1-292-g4341c63)  Run: Fri Feb 13 17:55:44 2026
    #-

   d1l248amp =
       + 1/4*g_(1,6_,nu16)*FT1*g_(1,p4)*g_(2,nu14)*cFT(g6,XX,i2,i3)*
      flavourTag(fe,j11,j12)*Vec(nu16,p4)*Vec(nu14,q2)*Vec(nu15,p4)*Vec(nu15,
      q3)*Den( - p4 + q2 + q3)^2*Deng(p4,xiw,M3)^2*Deng(q2 + q3,xiw,0)*xia*
      ufoGC58*ufoGC3*ufoGC107*ufoGC93
       - 1/4*g_(1,6_,nu16)*FT1*g_(1,p4)*g_(2,nu14)*cFT(g6,XX,i2,i3)*
      flavourTag(fe,j11,j12)*Vec(nu16,p4)*Vec(nu14,q2)*Vec(nu15,p4)*Vec(nu15,
      q3)*Den( - p4 + q2 + q3)^2*Deng(p4,xiw,M3)^2*Deng(q2 + q3,xiw,0)*ufoGC58
      *ufoGC3*ufoGC107*ufoGC93
       + 1/4*g_(1,6_,nu16)*FT1*g_(1,p4)*g_(2,nu14)*cFT(g6,XX,i2,i3)*
      flavourTag(fe,j11,j12)*Vec(nu16,p4)*Vec(nu14,q2)*Vec(nu15,-p4)*Vec(nu15,
      p4)*Den( - p4 + q2 + q3)^2*Deng(p4,xiw,M3)^2*Deng(q2 + q3,xiw,0)*xia*
      ufoGC58*ufoGC3*ufoGC107*ufoGC93
       - 1/4*g_(1,6_,nu16)*FT1*g_(1,p4)*g_(2,nu14)*cFT(g6,XX,i2,i3)*
      flavourTag(fe,j11,j12)*Vec(nu16,p4)*Vec(nu14,q2)*Vec(nu15,-p4)*Vec(nu15,
      p4)*Den( - p4 + q2 + q3)^2*Deng(p4,xiw,M3)^2*Deng(q2 + q3,xiw,0)*ufoGC58
      *ufoGC3*ufoGC107*ufoGC93
       + 1/4*g_(1,6_,nu16)*FT1*g_(1,p4)*g_(2,nu14)*cFT(g6,XX,i2,i3)*
      flavourTag(fe,j11,j12)*Vec(nu16,p4)*Vec(nu14,q3)*Vec(nu15,p4)*Vec(nu15,
      q2)*Den( - p4 + q2 + q3)^2*Deng(p4,xiw,M3)^2*Deng(q2 + q3,xiw,0)*xia*
      ufoGC58*ufoGC3*ufoGC107*ufoGC93
       - 1/4*g_(1,6_,nu16)*FT1*g_(1,p4)*g_(2,nu14)*cFT(g6,XX,i2,i3)*
      flavourTag(fe,j11,j12)*Vec(nu16,p4)*Vec(nu14,q3)*Vec(nu15,p4)*Vec(nu15,
      q2)*Den( - p4 + q2 + q3)^2*Deng(p4,xiw,M3)^2*Deng(q2 + q3,xiw,0)*ufoGC58
      *ufoGC3*ufoGC107*ufoGC93
       + 1/4*g_(1,6_,nu16)*FT1*g_(1,p4)*g_(2,nu14)*cFT(g6,XX,i2,i3)*
      flavourTag(fe,j11,j12)*Vec(nu16,p4)*Vec(nu14,q3)*Vec(nu15,-p4)*Vec(nu15,
      p4)*Den( - p4 + q2 + q3)^2*Deng(p4,xiw,M3)^2*Deng(q2 + q3,xiw,0)*xia*
      ufoGC58*ufoGC3*ufoGC107*ufoGC93
       - 1/4*g_(1,6_,nu16)*FT1*g_(1,p4)*g_(2,nu14)*cFT(g6,XX,i2,i3)*
      flavourTag(fe,j11,j12)*Vec(nu16,p4)*Vec(nu14,q3)*Vec(nu15,-p4)*Vec(nu15,
      p4)*Den( - p4 + q2 + q3)^2*Deng(p4,xiw,M3)^2*Deng(q2 + q3,xiw,0)*ufoGC58
      *ufoGC3*ufoGC107*ufoGC93
       + 1/4*g_(1,6_,nu16)*FT1*g_(1,p4)*g_(2,nu14)*cFT(g6,XX,i2,i3)*
      flavourTag(fe,j11,j12)*Vec(nu16,p4)*Vec(nu14,-p4)*Vec(nu15,p4)*Vec(nu15,
      q2)*Den( - p4 + q2 + q3)^2*Deng(p4,xiw,M3)^2*Deng(q2 + q3,xiw,0)*xia*
      ufoGC58*ufoGC3*ufoGC107*ufoGC93
       - 1/4*g_(1,6_,nu16)*FT1*g_(1,p4)*g_(2,nu14)*cFT(g6,XX,i2,i3)*
      flavourTag(fe,j11,j12)*Vec(nu16,p4)*Vec(nu14,-p4)*Vec(nu15,p4)*Vec(nu15,
      q2)*Den( - p4 + q2 + q3)^2*Deng(p4,xiw,M3)^2*Deng(q2 + q3,xiw,0)*ufoGC58
      *ufoGC3*ufoGC107*ufoGC93
       + 1/4*g_(1,6_,nu16)*FT1*g_(1,p4)*g_(2,nu14)*cFT(g6,XX,i2,i3)*
      flavourTag(fe,j11,j12)*Vec(nu16,p4)*Vec(nu14,-p4)*Vec(nu15,p4)*Vec(nu15,
      q3)*Den( - p4 + q2 + q3)^2*Deng(p4,xiw,M3)^2*Deng(q2 + q3,xiw,0)*xia*
      ufoGC58*ufoGC3*ufoGC107*ufoGC93
       - 1/4*g_(1,6_,nu16)*FT1*g_(1,p4)*g_(2,nu14)*cFT(g6,XX,i2,i3)*
      flavourTag(fe,j11,j12)*Vec(nu16,p4)*Vec(nu14,-p4)*Vec(nu15,p4)*Vec(nu15,
      q3)*Den( - p4 + q2 + q3)^2*Deng(p4,xiw,M3)^2*Deng(q2 + q3,xiw,0)*ufoGC58
      *ufoGC3*ufoGC107*ufoGC93
       + 1/4*g_(1,6_,nu16)*FT1*g_(1,p4)*g_(2,nu15)*cFT(g6,XX,i2,i3)*
      flavourTag(fe,j11,j12)*Vec(nu16,p4)*Vec(nu15,p4)*Den( - p4 + q2 + q3)*
      Deng(p4,xiw,M3)^2*Deng(q2 + q3,xiw,0)*ufoGC58*ufoGC3*ufoGC107*ufoGC93
       - 1/4*g_(1,6_,nu16)*FT1*g_(1,q1)*g_(2,nu14)*cFT(g6,XX,i2,i3)*
      flavourTag(fe,j11,j12)*Vec(nu16,p4)*Vec(nu14,q2)*Vec(nu15,p4)*Vec(nu15,
      q3)*Den( - p4 + q2 + q3)^2*Deng(p4,xiw,M3)^2*Deng(q2 + q3,xiw,0)*xia*
      ufoGC58*ufoGC3*ufoGC107*ufoGC93
       + 1/4*g_(1,6_,nu16)*FT1*g_(1,q1)*g_(2,nu14)*cFT(g6,XX,i2,i3)*
      flavourTag(fe,j11,j12)*Vec(nu16,p4)*Vec(nu14,q2)*Vec(nu15,p4)*Vec(nu15,
      q3)*Den( - p4 + q2 + q3)^2*Deng(p4,xiw,M3)^2*Deng(q2 + q3,xiw,0)*ufoGC58
      *ufoGC3*ufoGC107*ufoGC93
       - 1/4*g_(1,6_,nu16)*FT1*g_(1,q1)*g_(2,nu14)*cFT(g6,XX,i2,i3)*
      flavourTag(fe,j11,j12)*Vec(nu16,p4)*Vec(nu14,q2)*Vec(nu15,-p4)*Vec(nu15,
      p4)*Den( - p4 + q2 + q3)^2*Deng(p4,xiw,M3)^2*Deng(q2 + q3,xiw,0)*xia*
      ufoGC58*ufoGC3*ufoGC107*ufoGC93
       + 1/4*g_(1,6_,nu16)*FT1*g_(1,q1)*g_(2,nu14)*cFT(g6,XX,i2,i3)*
      flavourTag(fe,j11,j12)*Vec(nu16,p4)*Vec(nu14,q2)*Vec(nu15,-p4)*Vec(nu15,
      p4)*Den( - p4 + q2 + q3)^2*Deng(p4,xiw,M3)^2*Deng(q2 + q3,xiw,0)*ufoGC58
      *ufoGC3*ufoGC107*ufoGC93
       - 1/4*g_(1,6_,nu16)*FT1*g_(1,q1)*g_(2,nu14)*cFT(g6,XX,i2,i3)*
      flavourTag(fe,j11,j12)*Vec(nu16,p4)*Vec(nu14,q3)*Vec(nu15,p4)*Vec(nu15,
      q2)*Den( - p4 + q2 + q3)^2*Deng(p4,xiw,M3)^2*Deng(q2 + q3,xiw,0)*xia*
      ufoGC58*ufoGC3*ufoGC107*ufoGC93
       + 1/4*g_(1,6_,nu16)*FT1*g_(1,q1)*g_(2,nu14)*cFT(g6,XX,i2,i3)*
      flavourTag(fe,j11,j12)*Vec(nu16,p4)*Vec(nu14,q3)*Vec(nu15,p4)*Vec(nu15,
      q2)*Den( - p4 + q2 + q3)^2*Deng(p4,xiw,M3)^2*Deng(q2 + q3,xiw,0)*ufoGC58
      *ufoGC3*ufoGC107*ufoGC93
       - 1/4*g_(1,6_,nu16)*FT1*g_(1,q1)*g_(2,nu14)*cFT(g6,XX,i2,i3)*
      flavourTag(fe,j11,j12)*Vec(nu16,p4)*Vec(nu14,q3)*Vec(nu15,-p4)*Vec(nu15,
      p4)*Den( - p4 + q2 + q3)^2*Deng(p4,xiw,M3)^2*Deng(q2 + q3,xiw,0)*xia*
      ufoGC58*ufoGC3*ufoGC107*ufoGC93
       + 1/4*g_(1,6_,nu16)*FT1*g_(1,q1)*g_(2,nu14)*cFT(g6,XX,i2,i3)*
      flavourTag(fe,j11,j12)*Vec(nu16,p4)*Vec(nu14,q3)*Vec(nu15,-p4)*Vec(nu15,
      p4)*Den( - p4 + q2 + q3)^2*Deng(p4,xiw,M3)^2*Deng(q2 + q3,xiw,0)*ufoGC58
      *ufoGC3*ufoGC107*ufoGC93
       - 1/4*g_(1,6_,nu16)*FT1*g_(1,q1)*g_(2,nu14)*cFT(g6,XX,i2,i3)*
      flavourTag(fe,j11,j12)*Vec(nu16,p4)*Vec(nu14,-p4)*Vec(nu15,p4)*Vec(nu15,
      q2)*Den( - p4 + q2 + q3)^2*Deng(p4,xiw,M3)^2*Deng(q2 + q3,xiw,0)*xia*
      ufoGC58*ufoGC3*ufoGC107*ufoGC93
       + 1/4*g_(1,6_,nu16)*FT1*g_(1,q1)*g_(2,nu14)*cFT(g6,XX,i2,i3)*
      flavourTag(fe,j11,j12)*Vec(nu16,p4)*Vec(nu14,-p4)*Vec(nu15,p4)*Vec(nu15,
      q2)*Den( - p4 + q2 + q3)^2*Deng(p4,xiw,M3)^2*Deng(q2 + q3,xiw,0)*ufoGC58
      *ufoGC3*ufoGC107*ufoGC93
       - 1/4*g_(1,6_,nu16)*FT1*g_(1,q1)*g_(2,nu14)*cFT(g6,XX,i2,i3)*
      flavourTag(fe,j11,j12)*Vec(nu16,p4)*Vec(nu14,-p4)*Vec(nu15,p4)*Vec(nu15,
      q3)*Den( - p4 + q2 + q3)^2*Deng(p4,xiw,M3)^2*Deng(q2 + q3,xiw,0)*xia*
      ufoGC58*ufoGC3*ufoGC107*ufoGC93
       + 1/4*g_(1,6_,nu16)*FT1*g_(1,q1)*g_(2,nu14)*cFT(g6,XX,i2,i3)*
      flavourTag(fe,j11,j12)*Vec(nu16,p4)*Vec(nu14,-p4)*Vec(nu15,p4)*Vec(nu15,
      q3)*Den( - p4 + q2 + q3)^2*Deng(p4,xiw,M3)^2*Deng(q2 + q3,xiw,0)*ufoGC58
      *ufoGC3*ufoGC107*ufoGC93
       - 1/4*g_(1,6_,nu16)*FT1*g_(1,q1)*g_(2,nu15)*cFT(g6,XX,i2,i3)*
      flavourTag(fe,j11,j12)*Vec(nu16,p4)*Vec(nu15,p4)*Den( - p4 + q2 + q3)*
      Deng(p4,xiw,M3)^2*Deng(q2 + q3,xiw,0)*ufoGC58*ufoGC3*ufoGC107*ufoGC93
       - 1/4*g_(1,6_,nu16)*FT1*g_(1,q2)*g_(2,nu14)*cFT(g6,XX,i2,i3)*
      flavourTag(fe,j11,j12)*Vec(nu16,p4)*Vec(nu14,q2)*Vec(nu15,p4)*Vec(nu15,
      q3)*Den( - p4 + q2 + q3)^2*Deng(p4,xiw,M3)^2*Deng(q2 + q3,xiw,0)*xia*
      ufoGC58*ufoGC3*ufoGC107*ufoGC93
       + 1/4*g_(1,6_,nu16)*FT1*g_(1,q2)*g_(2,nu14)*cFT(g6,XX,i2,i3)*
      flavourTag(fe,j11,j12)*Vec(nu16,p4)*Vec(nu14,q2)*Vec(nu15,p4)*Vec(nu15,
      q3)*Den( - p4 + q2 + q3)^2*Deng(p4,xiw,M3)^2*Deng(q2 + q3,xiw,0)*ufoGC58
      *ufoGC3*ufoGC107*ufoGC93
       - 1/4*g_(1,6_,nu16)*FT1*g_(1,q2)*g_(2,nu14)*cFT(g6,XX,i2,i3)*
      flavourTag(fe,j11,j12)*Vec(nu16,p4)*Vec(nu14,q2)*Vec(nu15,-p4)*Vec(nu15,
      p4)*Den( - p4 + q2 + q3)^2*Deng(p4,xiw,M3)^2*Deng(q2 + q3,xiw,0)*xia*
      ufoGC58*ufoGC3*ufoGC107*ufoGC93
       + 1/4*g_(1,6_,nu16)*FT1*g_(1,q2)*g_(2,nu14)*cFT(g6,XX,i2,i3)*
      flavourTag(fe,j11,j12)*Vec(nu16,p4)*Vec(nu14,q2)*Vec(nu15,-p4)*Vec(nu15,
      p4)*Den( - p4 + q2 + q3)^2*Deng(p4,xiw,M3)^2*Deng(q2 + q3,xiw,0)*ufoGC58
      *ufoGC3*ufoGC107*ufoGC93
       - 1/4*g_(1,6_,nu16)*FT1*g_(1,q2)*g_(2,nu14)*cFT(g6,XX,i2,i3)*
      flavourTag(fe,j11,j12)*Vec(nu16,p4)*Vec(nu14,q3)*Vec(nu15,p4)*Vec(nu15,
      q2)*Den( - p4 + q2 + q3)^2*Deng(p4,xiw,M3)^2*Deng(q2 + q3,xiw,0)*xia*
      ufoGC58*ufoGC3*ufoGC107*ufoGC93
       + 1/4*g_(1,6_,nu16)*FT1*g_(1,q2)*g_(2,nu14)*cFT(g6,XX,i2,i3)*
      flavourTag(fe,j11,j12)*Vec(nu16,p4)*Vec(nu14,q3)*Vec(nu15,p4)*Vec(nu15,
      q2)*Den( - p4 + q2 + q3)^2*Deng(p4,xiw,M3)^2*Deng(q2 + q3,xiw,0)*ufoGC58
      *ufoGC3*ufoGC107*ufoGC93
       - 1/4*g_(1,6_,nu16)*FT1*g_(1,q2)*g_(2,nu14)*cFT(g6,XX,i2,i3)*
      flavourTag(fe,j11,j12)*Vec(nu16,p4)*Vec(nu14,q3)*Vec(nu15,-p4)*Vec(nu15,
      p4)*Den( - p4 + q2 + q3)^2*Deng(p4,xiw,M3)^2*Deng(q2 + q3,xiw,0)*xia*
      ufoGC58*ufoGC3*ufoGC107*ufoGC93
       + 1/4*g_(1,6_,nu16)*FT1*g_(1,q2)*g_(2,nu14)*cFT(g6,XX,i2,i3)*
      flavourTag(fe,j11,j12)*Vec(nu16,p4)*Vec(nu14,q3)*Vec(nu15,-p4)*Vec(nu15,
      p4)*Den( - p4 + q2 + q3)^2*Deng(p4,xiw,M3)^2*Deng(q2 + q3,xiw,0)*ufoGC58
      *ufoGC3*ufoGC107*ufoGC93
       - 1/4*g_(1,6_,nu16)*FT1*g_(1,q2)*g_(2,nu14)*cFT(g6,XX,i2,i3)*
      flavourTag(fe,j11,j12)*Vec(nu16,p4)*Vec(nu14,-p4)*Vec(nu15,p4)*Vec(nu15,
      q2)*Den( - p4 + q2 + q3)^2*Deng(p4,xiw,M3)^2*Deng(q2 + q3,xiw,0)*xia*
      ufoGC58*ufoGC3*ufoGC107*ufoGC93
       + 1/4*g_(1,6_,nu16)*FT1*g_(1,q2)*g_(2,nu14)*cFT(g6,XX,i2,i3)*
      flavourTag(fe,j11,j12)*Vec(nu16,p4)*Vec(nu14,-p4)*Vec(nu15,p4)*Vec(nu15,
      q2)*Den( - p4 + q2 + q3)^2*Deng(p4,xiw,M3)^2*Deng(q2 + q3,xiw,0)*ufoGC58
      *ufoGC3*ufoGC107*ufoGC93
       - 1/4*g_(1,6_,nu16)*FT1*g_(1,q2)*g_(2,nu14)*cFT(g6,XX,i2,i3)*
      flavourTag(fe,j11,j12)*Vec(nu16,p4)*Vec(nu14,-p4)*Vec(nu15,p4)*Vec(nu15,
      q3)*Den( - p4 + q2 + q3)^2*Deng(p4,xiw,M3)^2*Deng(q2 + q3,xiw,0)*xia*
      ufoGC58*ufoGC3*ufoGC107*ufoGC93
       + 1/4*g_(1,6_,nu16)*FT1*g_(1,q2)*g_(2,nu14)*cFT(g6,XX,i2,i3)*
      flavourTag(fe,j11,j12)*Vec(nu16,p4)*Vec(nu14,-p4)*Vec(nu15,p4)*Vec(nu15,
      q3)*Den( - p4 + q2 + q3)^2*Deng(p4,xiw,M3)^2*Deng(q2 + q3,xiw,0)*ufoGC58
      *ufoGC3*ufoGC107*ufoGC93
       - 1/4*g_(1,6_,nu16)*FT1*g_(1,q2)*g_(2,nu15)*cFT(g6,XX,i2,i3)*
      flavourTag(fe,j11,j12)*Vec(nu16,p4)*Vec(nu15,p4)*Den( - p4 + q2 + q3)*
      Deng(p4,xiw,M3)^2*Deng(q2 + q3,xiw,0)*ufoGC58*ufoGC3*ufoGC107*ufoGC93
       - 1/4*g_(1,6_,nu16)*FT1*g_(1,q3)*g_(2,nu14)*cFT(g6,XX,i2,i3)*
      flavourTag(fe,j11,j12)*Vec(nu16,p4)*Vec(nu14,q2)*Vec(nu15,p4)*Vec(nu15,
      q3)*Den( - p4 + q2 + q3)^2*Deng(p4,xiw,M3)^2*Deng(q2 + q3,xiw,0)*xia*
      ufoGC58*ufoGC3*ufoGC107*ufoGC93
       + 1/4*g_(1,6_,nu16)*FT1*g_(1,q3)*g_(2,nu14)*cFT(g6,XX,i2,i3)*
      flavourTag(fe,j11,j12)*Vec(nu16,p4)*Vec(nu14,q2)*Vec(nu15,p4)*Vec(nu15,
      q3)*Den( - p4 + q2 + q3)^2*Deng(p4,xiw,M3)^2*Deng(q2 + q3,xiw,0)*ufoGC58
      *ufoGC3*ufoGC107*ufoGC93
       - 1/4*g_(1,6_,nu16)*FT1*g_(1,q3)*g_(2,nu14)*cFT(g6,XX,i2,i3)*
      flavourTag(fe,j11,j12)*Vec(nu16,p4)*Vec(nu14,q2)*Vec(nu15,-p4)*Vec(nu15,
      p4)*Den( - p4 + q2 + q3)^2*Deng(p4,xiw,M3)^2*Deng(q2 + q3,xiw,0)*xia*
      ufoGC58*ufoGC3*ufoGC107*ufoGC93
       + 1/4*g_(1,6_,nu16)*FT1*g_(1,q3)*g_(2,nu14)*cFT(g6,XX,i2,i3)*
      flavourTag(fe,j11,j12)*Vec(nu16,p4)*Vec(nu14,q2)*Vec(nu15,-p4)*Vec(nu15,
      p4)*Den( - p4 + q2 + q3)^2*Deng(p4,xiw,M3)^2*Deng(q2 + q3,xiw,0)*ufoGC58
      *ufoGC3*ufoGC107*ufoGC93
       - 1/4*g_(1,6_,nu16)*FT1*g_(1,q3)*g_(2,nu14)*cFT(g6,XX,i2,i3)*
      flavourTag(fe,j11,j12)*Vec(nu16,p4)*Vec(nu14,q3)*Vec(nu15,p4)*Vec(nu15,
      q2)*Den( - p4 + q2 + q3)^2*Deng(p4,xiw,M3)^2*Deng(q2 + q3,xiw,0)*xia*
      ufoGC58*ufoGC3*ufoGC107*ufoGC93
       + 1/4*g_(1,6_,nu16)*FT1*g_(1,q3)*g_(2,nu14)*cFT(g6,XX,i2,i3)*
      flavourTag(fe,j11,j12)*Vec(nu16,p4)*Vec(nu14,q3)*Vec(nu15,p4)*Vec(nu15,
      q2)*Den( - p4 + q2 + q3)^2*Deng(p4,xiw,M3)^2*Deng(q2 + q3,xiw,0)*ufoGC58
      *ufoGC3*ufoGC107*ufoGC93
       - 1/4*g_(1,6_,nu16)*FT1*g_(1,q3)*g_(2,nu14)*cFT(g6,XX,i2,i3)*
      flavourTag(fe,j11,j12)*Vec(nu16,p4)*Vec(nu14,q3)*Vec(nu15,-p4)*Vec(nu15,
      p4)*Den( - p4 + q2 + q3)^2*Deng(p4,xiw,M3)^2*Deng(q2 + q3,xiw,0)*xia*
      ufoGC58*ufoGC3*ufoGC107*ufoGC93
       + 1/4*g_(1,6_,nu16)*FT1*g_(1,q3)*g_(2,nu14)*cFT(g6,XX,i2,i3)*
      flavourTag(fe,j11,j12)*Vec(nu16,p4)*Vec(nu14,q3)*Vec(nu15,-p4)*Vec(nu15,
      p4)*Den( - p4 + q2 + q3)^2*Deng(p4,xiw,M3)^2*Deng(q2 + q3,xiw,0)*ufoGC58
      *ufoGC3*ufoGC107*ufoGC93
       - 1/4*g_(1,6_,nu16)*FT1*g_(1,q3)*g_(2,nu14)*cFT(g6,XX,i2,i3)*
      flavourTag(fe,j11,j12)*Vec(nu16,p4)*Vec(nu14,-p4)*Vec(nu15,p4)*Vec(nu15,
      q2)*Den( - p4 + q2 + q3)^2*Deng(p4,xiw,M3)^2*Deng(q2 + q3,xiw,0)*xia*
      ufoGC58*ufoGC3*ufoGC107*ufoGC93
       + 1/4*g_(1,6_,nu16)*FT1*g_(1,q3)*g_(2,nu14)*cFT(g6,XX,i2,i3)*
      flavourTag(fe,j11,j12)*Vec(nu16,p4)*Vec(nu14,-p4)*Vec(nu15,p4)*Vec(nu15,
      q2)*Den( - p4 + q2 + q3)^2*Deng(p4,xiw,M3)^2*Deng(q2 + q3,xiw,0)*ufoGC58
      *ufoGC3*ufoGC107*ufoGC93
       - 1/4*g_(1,6_,nu16)*FT1*g_(1,q3)*g_(2,nu14)*cFT(g6,XX,i2,i3)*
      flavourTag(fe,j11,j12)*Vec(nu16,p4)*Vec(nu14,-p4)*Vec(nu15,p4)*Vec(nu15,
      q3)*Den( - p4 + q2 + q3)^2*Deng(p4,xiw,M3)^2*Deng(q2 + q3,xiw,0)*xia*
      ufoGC58*ufoGC3*ufoGC107*ufoGC93
       + 1/4*g_(1,6_,nu16)*FT1*g_(1,q3)*g_(2,nu14)*cFT(g6,XX,i2,i3)*
      flavourTag(fe,j11,j12)*Vec(nu16,p4)*Vec(nu14,-p4)*Vec(nu15,p4)*Vec(nu15,
      q3)*Den( - p4 + q2 + q3)^2*Deng(p4,xiw,M3)^2*Deng(q2 + q3,xiw,0)*ufoGC58
      *ufoGC3*ufoGC107*ufoGC93
       - 1/4*g_(1,6_,nu16)*FT1*g_(1,q3)*g_(2,nu15)*cFT(g6,XX,i2,i3)*
      flavourTag(fe,j11,j12)*Vec(nu16,p4)*Vec(nu15,p4)*Den( - p4 + q2 + q3)*
      Deng(p4,xiw,M3)^2*Deng(q2 + q3,xiw,0)*ufoGC58*ufoGC3*ufoGC107*ufoGC93
       + 1/4*g_(1,6_,nu14)*FT1*g_(1,p4)*g_(2,nu14)*cFT(g6,XX,i2,i3)/(d^3 + d^2
       - 2*d)*flavourTag(fe,j11,j12)*Den( - p4 + q2 + q3)^2*Deng(p4,xiw,M3)^2*
      Deng(q2 + q3,xiw,0)*p4.p4^2*d^2*xia*ufoGC58*ufoGC3*ufoGC107*ufoGC93
       - 1/4*g_(1,6_,nu14)*FT1*g_(1,p4)*g_(2,nu14)*cFT(g6,XX,i2,i3)/(d^3 + d^2
       - 2*d)*flavourTag(fe,j11,j12)*Den( - p4 + q2 + q3)^2*Deng(p4,xiw,M3)^2*
      Deng(q2 + q3,xiw,0)*p4.p4^2*d^2*ufoGC58*ufoGC3*ufoGC107*ufoGC93
       - 1/4*g_(1,6_,nu14)*FT1*g_(1,p4)*g_(2,nu14)*cFT(g6,XX,i2,i3)/(d^3 + d^2
       - 2*d)*flavourTag(fe,j11,j12)*Den( - p4 + q2 + q3)^2*Deng(p4,xiw,M3)^2*
      Deng(q2 + q3,xiw,0)*p4.p4^2*xia*ufoGC58*ufoGC3*ufoGC107*ufoGC93
       + 1/4*g_(1,6_,nu14)*FT1*g_(1,p4)*g_(2,nu14)*cFT(g6,XX,i2,i3)/(d^3 + d^2
       - 2*d)*flavourTag(fe,j11,j12)*Den( - p4 + q2 + q3)^2*Deng(p4,xiw,M3)^2*
      Deng(q2 + q3,xiw,0)*p4.p4^2*ufoGC58*ufoGC3*ufoGC107*ufoGC93
       - 1/4*g_(1,6_,nu14)*FT1*g_(1,p4)*g_(2,nu14)*cFT(g6,XX,i2,i3)/(d^3 + d^2
       - 2*d)*flavourTag(fe,j11,j12)*Den( - p4 + q2 + q3)^2*Deng(p4,xiw,M3)^2*
      Deng(q2 + q3,xiw,0)*p4.p4*q2.q2*d*xia*ufoGC58*ufoGC3*ufoGC107*ufoGC93
       + 1/4*g_(1,6_,nu14)*FT1*g_(1,p4)*g_(2,nu14)*cFT(g6,XX,i2,i3)/(d^3 + d^2
       - 2*d)*flavourTag(fe,j11,j12)*Den( - p4 + q2 + q3)^2*Deng(p4,xiw,M3)^2*
      Deng(q2 + q3,xiw,0)*p4.p4*q2.q2*d*ufoGC58*ufoGC3*ufoGC107*ufoGC93
       - 1/4*g_(1,6_,nu14)*FT1*g_(1,p4)*g_(2,nu14)*cFT(g6,XX,i2,i3)/(d^3 + d^2
       - 2*d)*flavourTag(fe,j11,j12)*Den( - p4 + q2 + q3)^2*Deng(p4,xiw,M3)^2*
      Deng(q2 + q3,xiw,0)*p4.p4*q2.q2*xia*ufoGC58*ufoGC3*ufoGC107*ufoGC93
       + 1/4*g_(1,6_,nu14)*FT1*g_(1,p4)*g_(2,nu14)*cFT(g6,XX,i2,i3)/(d^3 + d^2
       - 2*d)*flavourTag(fe,j11,j12)*Den( - p4 + q2 + q3)^2*Deng(p4,xiw,M3)^2*
      Deng(q2 + q3,xiw,0)*p4.p4*q2.q2*ufoGC58*ufoGC3*ufoGC107*ufoGC93
       - 1/4*g_(1,6_,nu14)*FT1*g_(1,p4)*g_(2,nu14)*cFT(g6,XX,i2,i3)/(d^3 + d^2
       - 2*d)*flavourTag(fe,j11,j12)*Den( - p4 + q2 + q3)^2*Deng(p4,xiw,M3)^2*
      Deng(q2 + q3,xiw,0)*p4.p4*q3.q3*d*xia*ufoGC58*ufoGC3*ufoGC107*ufoGC93
       + 1/4*g_(1,6_,nu14)*FT1*g_(1,p4)*g_(2,nu14)*cFT(g6,XX,i2,i3)/(d^3 + d^2
       - 2*d)*flavourTag(fe,j11,j12)*Den( - p4 + q2 + q3)^2*Deng(p4,xiw,M3)^2*
      Deng(q2 + q3,xiw,0)*p4.p4*q3.q3*d*ufoGC58*ufoGC3*ufoGC107*ufoGC93
       - 1/4*g_(1,6_,nu14)*FT1*g_(1,p4)*g_(2,nu14)*cFT(g6,XX,i2,i3)/(d^3 + d^2
       - 2*d)*flavourTag(fe,j11,j12)*Den( - p4 + q2 + q3)^2*Deng(p4,xiw,M3)^2*
      Deng(q2 + q3,xiw,0)*p4.p4*q3.q3*xia*ufoGC58*ufoGC3*ufoGC107*ufoGC93
       + 1/4*g_(1,6_,nu14)*FT1*g_(1,p4)*g_(2,nu14)*cFT(g6,XX,i2,i3)/(d^3 + d^2
       - 2*d)*flavourTag(fe,j11,j12)*Den( - p4 + q2 + q3)^2*Deng(p4,xiw,M3)^2*
      Deng(q2 + q3,xiw,0)*p4.p4*q3.q3*ufoGC58*ufoGC3*ufoGC107*ufoGC93
       + 1/4*g_(1,6_,nu14)*FT1*g_(1,p4)*g_(2,nu14)*cFT(g6,XX,i2,i3)/(d^3 + d^2
       - 2*d)*flavourTag(fe,j11,j12)*Den( - p4 + q2 + q3)^2*Deng(p4,xiw,M3)^2*
      Deng(q2 + q3,xiw,0)*p4.q2^2*d^2*xia*ufoGC58*ufoGC3*ufoGC107*ufoGC93
       - 1/4*g_(1,6_,nu14)*FT1*g_(1,p4)*g_(2,nu14)*cFT(g6,XX,i2,i3)/(d^3 + d^2
       - 2*d)*flavourTag(fe,j11,j12)*Den( - p4 + q2 + q3)^2*Deng(p4,xiw,M3)^2*
      Deng(q2 + q3,xiw,0)*p4.q2^2*d^2*ufoGC58*ufoGC3*ufoGC107*ufoGC93
       + 1/4*g_(1,6_,nu14)*FT1*g_(1,p4)*g_(2,nu14)*cFT(g6,XX,i2,i3)/(d^3 + d^2
       - 2*d)*flavourTag(fe,j11,j12)*Den( - p4 + q2 + q3)^2*Deng(p4,xiw,M3)^2*
      Deng(q2 + q3,xiw,0)*p4.q2^2*d*xia*ufoGC58*ufoGC3*ufoGC107*ufoGC93
       - 1/4*g_(1,6_,nu14)*FT1*g_(1,p4)*g_(2,nu14)*cFT(g6,XX,i2,i3)/(d^3 + d^2
       - 2*d)*flavourTag(fe,j11,j12)*Den( - p4 + q2 + q3)^2*Deng(p4,xiw,M3)^2*
      Deng(q2 + q3,xiw,0)*p4.q2^2*d*ufoGC58*ufoGC3*ufoGC107*ufoGC93
       + 1/4*g_(1,6_,nu14)*FT1*g_(1,p4)*g_(2,nu14)*cFT(g6,XX,i2,i3)/(d^3 + d^2
       - 2*d)*flavourTag(fe,j11,j12)*Den( - p4 + q2 + q3)^2*Deng(p4,xiw,M3)^2*
      Deng(q2 + q3,xiw,0)*p4.q3^2*d^2*xia*ufoGC58*ufoGC3*ufoGC107*ufoGC93
       - 1/4*g_(1,6_,nu14)*FT1*g_(1,p4)*g_(2,nu14)*cFT(g6,XX,i2,i3)/(d^3 + d^2
       - 2*d)*flavourTag(fe,j11,j12)*Den( - p4 + q2 + q3)^2*Deng(p4,xiw,M3)^2*
      Deng(q2 + q3,xiw,0)*p4.q3^2*d^2*ufoGC58*ufoGC3*ufoGC107*ufoGC93
       + 1/4*g_(1,6_,nu14)*FT1*g_(1,p4)*g_(2,nu14)*cFT(g6,XX,i2,i3)/(d^3 + d^2
       - 2*d)*flavourTag(fe,j11,j12)*Den( - p4 + q2 + q3)^2*Deng(p4,xiw,M3)^2*
      Deng(q2 + q3,xiw,0)*p4.q3^2*d*xia*ufoGC58*ufoGC3*ufoGC107*ufoGC93
       - 1/4*g_(1,6_,nu14)*FT1*g_(1,p4)*g_(2,nu14)*cFT(g6,XX,i2,i3)/(d^3 + d^2
       - 2*d)*flavourTag(fe,j11,j12)*Den( - p4 + q2 + q3)^2*Deng(p4,xiw,M3)^2*
      Deng(q2 + q3,xiw,0)*p4.q3^2*d*ufoGC58*ufoGC3*ufoGC107*ufoGC93
       - 1/4*g_(1,6_,nu14)*FT1*g_(1,q1)*g_(2,nu14)*cFT(g6,XX,i2,i3)/(d^3 + d^2
       - 2*d)*flavourTag(fe,j11,j12)*Den( - p4 + q2 + q3)^2*Deng(p4,xiw,M3)^2*
      Deng(q2 + q3,xiw,0)*p4.p4^2*d^2*xia*ufoGC58*ufoGC3*ufoGC107*ufoGC93
       + 1/4*g_(1,6_,nu14)*FT1*g_(1,q1)*g_(2,nu14)*cFT(g6,XX,i2,i3)/(d^3 + d^2
       - 2*d)*flavourTag(fe,j11,j12)*Den( - p4 + q2 + q3)^2*Deng(p4,xiw,M3)^2*
      Deng(q2 + q3,xiw,0)*p4.p4^2*d^2*ufoGC58*ufoGC3*ufoGC107*ufoGC93
       + 1/4*g_(1,6_,nu14)*FT1*g_(1,q1)*g_(2,nu14)*cFT(g6,XX,i2,i3)/(d^3 + d^2
       - 2*d)*flavourTag(fe,j11,j12)*Den( - p4 + q2 + q3)^2*Deng(p4,xiw,M3)^2*
      Deng(q2 + q3,xiw,0)*p4.p4^2*xia*ufoGC58*ufoGC3*ufoGC107*ufoGC93
       - 1/4*g_(1,6_,nu14)*FT1*g_(1,q1)*g_(2,nu14)*cFT(g6,XX,i2,i3)/(d^3 + d^2
       - 2*d)*flavourTag(fe,j11,j12)*Den( - p4 + q2 + q3)^2*Deng(p4,xiw,M3)^2*
      Deng(q2 + q3,xiw,0)*p4.p4^2*ufoGC58*ufoGC3*ufoGC107*ufoGC93
       + 1/4*g_(1,6_,nu14)*FT1*g_(1,q1)*g_(2,nu14)*cFT(g6,XX,i2,i3)/(d^3 + d^2
       - 2*d)*flavourTag(fe,j11,j12)*Den( - p4 + q2 + q3)^2*Deng(p4,xiw,M3)^2*
      Deng(q2 + q3,xiw,0)*p4.p4*q2.q2*d*xia*ufoGC58*ufoGC3*ufoGC107*ufoGC93
       - 1/4*g_(1,6_,nu14)*FT1*g_(1,q1)*g_(2,nu14)*cFT(g6,XX,i2,i3)/(d^3 + d^2
       - 2*d)*flavourTag(fe,j11,j12)*Den( - p4 + q2 + q3)^2*Deng(p4,xiw,M3)^2*
      Deng(q2 + q3,xiw,0)*p4.p4*q2.q2*d*ufoGC58*ufoGC3*ufoGC107*ufoGC93
       + 1/4*g_(1,6_,nu14)*FT1*g_(1,q1)*g_(2,nu14)*cFT(g6,XX,i2,i3)/(d^3 + d^2
       - 2*d)*flavourTag(fe,j11,j12)*Den( - p4 + q2 + q3)^2*Deng(p4,xiw,M3)^2*
      Deng(q2 + q3,xiw,0)*p4.p4*q2.q2*xia*ufoGC58*ufoGC3*ufoGC107*ufoGC93
       - 1/4*g_(1,6_,nu14)*FT1*g_(1,q1)*g_(2,nu14)*cFT(g6,XX,i2,i3)/(d^3 + d^2
       - 2*d)*flavourTag(fe,j11,j12)*Den( - p4 + q2 + q3)^2*Deng(p4,xiw,M3)^2*
      Deng(q2 + q3,xiw,0)*p4.p4*q2.q2*ufoGC58*ufoGC3*ufoGC107*ufoGC93
       + 1/4*g_(1,6_,nu14)*FT1*g_(1,q1)*g_(2,nu14)*cFT(g6,XX,i2,i3)/(d^3 + d^2
       - 2*d)*flavourTag(fe,j11,j12)*Den( - p4 + q2 + q3)^2*Deng(p4,xiw,M3)^2*
      Deng(q2 + q3,xiw,0)*p4.p4*q3.q3*d*xia*ufoGC58*ufoGC3*ufoGC107*ufoGC93
       - 1/4*g_(1,6_,nu14)*FT1*g_(1,q1)*g_(2,nu14)*cFT(g6,XX,i2,i3)/(d^3 + d^2
       - 2*d)*flavourTag(fe,j11,j12)*Den( - p4 + q2 + q3)^2*Deng(p4,xiw,M3)^2*
      Deng(q2 + q3,xiw,0)*p4.p4*q3.q3*d*ufoGC58*ufoGC3*ufoGC107*ufoGC93
       + 1/4*g_(1,6_,nu14)*FT1*g_(1,q1)*g_(2,nu14)*cFT(g6,XX,i2,i3)/(d^3 + d^2
       - 2*d)*flavourTag(fe,j11,j12)*Den( - p4 + q2 + q3)^2*Deng(p4,xiw,M3)^2*
      Deng(q2 + q3,xiw,0)*p4.p4*q3.q3*xia*ufoGC58*ufoGC3*ufoGC107*ufoGC93
       - 1/4*g_(1,6_,nu14)*FT1*g_(1,q1)*g_(2,nu14)*cFT(g6,XX,i2,i3)/(d^3 + d^2
       - 2*d)*flavourTag(fe,j11,j12)*Den( - p4 + q2 + q3)^2*Deng(p4,xiw,M3)^2*
      Deng(q2 + q3,xiw,0)*p4.p4*q3.q3*ufoGC58*ufoGC3*ufoGC107*ufoGC93
       - 1/4*g_(1,6_,nu14)*FT1*g_(1,q1)*g_(2,nu14)*cFT(g6,XX,i2,i3)/(d^3 + d^2
       - 2*d)*flavourTag(fe,j11,j12)*Den( - p4 + q2 + q3)^2*Deng(p4,xiw,M3)^2*
      Deng(q2 + q3,xiw,0)*p4.q2^2*d^2*xia*ufoGC58*ufoGC3*ufoGC107*ufoGC93
       + 1/4*g_(1,6_,nu14)*FT1*g_(1,q1)*g_(2,nu14)*cFT(g6,XX,i2,i3)/(d^3 + d^2
       - 2*d)*flavourTag(fe,j11,j12)*Den( - p4 + q2 + q3)^2*Deng(p4,xiw,M3)^2*
      Deng(q2 + q3,xiw,0)*p4.q2^2*d^2*ufoGC58*ufoGC3*ufoGC107*ufoGC93
       - 1/4*g_(1,6_,nu14)*FT1*g_(1,q1)*g_(2,nu14)*cFT(g6,XX,i2,i3)/(d^3 + d^2
       - 2*d)*flavourTag(fe,j11,j12)*Den( - p4 + q2 + q3)^2*Deng(p4,xiw,M3)^2*
      Deng(q2 + q3,xiw,0)*p4.q2^2*d*xia*ufoGC58*ufoGC3*ufoGC107*ufoGC93
       + 1/4*g_(1,6_,nu14)*FT1*g_(1,q1)*g_(2,nu14)*cFT(g6,XX,i2,i3)/(d^3 + d^2
       - 2*d)*flavourTag(fe,j11,j12)*Den( - p4 + q2 + q3)^2*Deng(p4,xiw,M3)^2*
      Deng(q2 + q3,xiw,0)*p4.q2^2*d*ufoGC58*ufoGC3*ufoGC107*ufoGC93
       - 1/4*g_(1,6_,nu14)*FT1*g_(1,q1)*g_(2,nu14)*cFT(g6,XX,i2,i3)/(d^3 + d^2
       - 2*d)*flavourTag(fe,j11,j12)*Den( - p4 + q2 + q3)^2*Deng(p4,xiw,M3)^2*
      Deng(q2 + q3,xiw,0)*p4.q3^2*d^2*xia*ufoGC58*ufoGC3*ufoGC107*ufoGC93
       + 1/4*g_(1,6_,nu14)*FT1*g_(1,q1)*g_(2,nu14)*cFT(g6,XX,i2,i3)/(d^3 + d^2
       - 2*d)*flavourTag(fe,j11,j12)*Den( - p4 + q2 + q3)^2*Deng(p4,xiw,M3)^2*
      Deng(q2 + q3,xiw,0)*p4.q3^2*d^2*ufoGC58*ufoGC3*ufoGC107*ufoGC93
       - 1/4*g_(1,6_,nu14)*FT1*g_(1,q1)*g_(2,nu14)*cFT(g6,XX,i2,i3)/(d^3 + d^2
       - 2*d)*flavourTag(fe,j11,j12)*Den( - p4 + q2 + q3)^2*Deng(p4,xiw,M3)^2*
      Deng(q2 + q3,xiw,0)*p4.q3^2*d*xia*ufoGC58*ufoGC3*ufoGC107*ufoGC93
       + 1/4*g_(1,6_,nu14)*FT1*g_(1,q1)*g_(2,nu14)*cFT(g6,XX,i2,i3)/(d^3 + d^2
       - 2*d)*flavourTag(fe,j11,j12)*Den( - p4 + q2 + q3)^2*Deng(p4,xiw,M3)^2*
      Deng(q2 + q3,xiw,0)*p4.q3^2*d*ufoGC58*ufoGC3*ufoGC107*ufoGC93
       - 1/4*g_(1,6_,nu14)*FT1*g_(1,q2)*g_(2,nu14)*cFT(g6,XX,i2,i3)/(d^3 + d^2
       - 2*d)*flavourTag(fe,j11,j12)*Den( - p4 + q2 + q3)^2*Deng(p4,xiw,M3)^2*
      Deng(q2 + q3,xiw,0)*p4.p4^2*d^2*xia*ufoGC58*ufoGC3*ufoGC107*ufoGC93
       + 1/4*g_(1,6_,nu14)*FT1*g_(1,q2)*g_(2,nu14)*cFT(g6,XX,i2,i3)/(d^3 + d^2
       - 2*d)*flavourTag(fe,j11,j12)*Den( - p4 + q2 + q3)^2*Deng(p4,xiw,M3)^2*
      Deng(q2 + q3,xiw,0)*p4.p4^2*d^2*ufoGC58*ufoGC3*ufoGC107*ufoGC93
       + 1/4*g_(1,6_,nu14)*FT1*g_(1,q2)*g_(2,nu14)*cFT(g6,XX,i2,i3)/(d^3 + d^2
       - 2*d)*flavourTag(fe,j11,j12)*Den( - p4 + q2 + q3)^2*Deng(p4,xiw,M3)^2*
      Deng(q2 + q3,xiw,0)*p4.p4^2*xia*ufoGC58*ufoGC3*ufoGC107*ufoGC93
       - 1/4*g_(1,6_,nu14)*FT1*g_(1,q2)*g_(2,nu14)*cFT(g6,XX,i2,i3)/(d^3 + d^2
       - 2*d)*flavourTag(fe,j11,j12)*Den( - p4 + q2 + q3)^2*Deng(p4,xiw,M3)^2*
      Deng(q2 + q3,xiw,0)*p4.p4^2*ufoGC58*ufoGC3*ufoGC107*ufoGC93
       + 1/4*g_(1,6_,nu14)*FT1*g_(1,q2)*g_(2,nu14)*cFT(g6,XX,i2,i3)/(d^3 + d^2
       - 2*d)*flavourTag(fe,j11,j12)*Den( - p4 + q2 + q3)^2*Deng(p4,xiw,M3)^2*
      Deng(q2 + q3,xiw,0)*p4.p4*q2.q2*d*xia*ufoGC58*ufoGC3*ufoGC107*ufoGC93
       - 1/4*g_(1,6_,nu14)*FT1*g_(1,q2)*g_(2,nu14)*cFT(g6,XX,i2,i3)/(d^3 + d^2
       - 2*d)*flavourTag(fe,j11,j12)*Den( - p4 + q2 + q3)^2*Deng(p4,xiw,M3)^2*
      Deng(q2 + q3,xiw,0)*p4.p4*q2.q2*d*ufoGC58*ufoGC3*ufoGC107*ufoGC93
       + 1/4*g_(1,6_,nu14)*FT1*g_(1,q2)*g_(2,nu14)*cFT(g6,XX,i2,i3)/(d^3 + d^2
       - 2*d)*flavourTag(fe,j11,j12)*Den( - p4 + q2 + q3)^2*Deng(p4,xiw,M3)^2*
      Deng(q2 + q3,xiw,0)*p4.p4*q2.q2*xia*ufoGC58*ufoGC3*ufoGC107*ufoGC93
       - 1/4*g_(1,6_,nu14)*FT1*g_(1,q2)*g_(2,nu14)*cFT(g6,XX,i2,i3)/(d^3 + d^2
       - 2*d)*flavourTag(fe,j11,j12)*Den( - p4 + q2 + q3)^2*Deng(p4,xiw,M3)^2*
      Deng(q2 + q3,xiw,0)*p4.p4*q2.q2*ufoGC58*ufoGC3*ufoGC107*ufoGC93
       + 1/4*g_(1,6_,nu14)*FT1*g_(1,q2)*g_(2,nu14)*cFT(g6,XX,i2,i3)/(d^3 + d^2
       - 2*d)*flavourTag(fe,j11,j12)*Den( - p4 + q2 + q3)^2*Deng(p4,xiw,M3)^2*
      Deng(q2 + q3,xiw,0)*p4.p4*q3.q3*d*xia*ufoGC58*ufoGC3*ufoGC107*ufoGC93
       - 1/4*g_(1,6_,nu14)*FT1*g_(1,q2)*g_(2,nu14)*cFT(g6,XX,i2,i3)/(d^3 + d^2
       - 2*d)*flavourTag(fe,j11,j12)*Den( - p4 + q2 + q3)^2*Deng(p4,xiw,M3)^2*
      Deng(q2 + q3,xiw,0)*p4.p4*q3.q3*d*ufoGC58*ufoGC3*ufoGC107*ufoGC93
       + 1/4*g_(1,6_,nu14)*FT1*g_(1,q2)*g_(2,nu14)*cFT(g6,XX,i2,i3)/(d^3 + d^2
       - 2*d)*flavourTag(fe,j11,j12)*Den( - p4 + q2 + q3)^2*Deng(p4,xiw,M3)^2*
      Deng(q2 + q3,xiw,0)*p4.p4*q3.q3*xia*ufoGC58*ufoGC3*ufoGC107*ufoGC93
       - 1/4*g_(1,6_,nu14)*FT1*g_(1,q2)*g_(2,nu14)*cFT(g6,XX,i2,i3)/(d^3 + d^2
       - 2*d)*flavourTag(fe,j11,j12)*Den( - p4 + q2 + q3)^2*Deng(p4,xiw,M3)^2*
      Deng(q2 + q3,xiw,0)*p4.p4*q3.q3*ufoGC58*ufoGC3*ufoGC107*ufoGC93
       - 1/4*g_(1,6_,nu14)*FT1*g_(1,q2)*g_(2,nu14)*cFT(g6,XX,i2,i3)/(d^3 + d^2
       - 2*d)*flavourTag(fe,j11,j12)*Den( - p4 + q2 + q3)^2*Deng(p4,xiw,M3)^2*
      Deng(q2 + q3,xiw,0)*p4.q2^2*d^2*xia*ufoGC58*ufoGC3*ufoGC107*ufoGC93
       + 1/4*g_(1,6_,nu14)*FT1*g_(1,q2)*g_(2,nu14)*cFT(g6,XX,i2,i3)/(d^3 + d^2
       - 2*d)*flavourTag(fe,j11,j12)*Den( - p4 + q2 + q3)^2*Deng(p4,xiw,M3)^2*
      Deng(q2 + q3,xiw,0)*p4.q2^2*d^2*ufoGC58*ufoGC3*ufoGC107*ufoGC93
       - 1/4*g_(1,6_,nu14)*FT1*g_(1,q2)*g_(2,nu14)*cFT(g6,XX,i2,i3)/(d^3 + d^2
       - 2*d)*flavourTag(fe,j11,j12)*Den( - p4 + q2 + q3)^2*Deng(p4,xiw,M3)^2*
      Deng(q2 + q3,xiw,0)*p4.q2^2*d*xia*ufoGC58*ufoGC3*ufoGC107*ufoGC93
       + 1/4*g_(1,6_,nu14)*FT1*g_(1,q2)*g_(2,nu14)*cFT(g6,XX,i2,i3)/(d^3 + d^2
       - 2*d)*flavourTag(fe,j11,j12)*Den( - p4 + q2 + q3)^2*Deng(p4,xiw,M3)^2*
      Deng(q2 + q3,xiw,0)*p4.q2^2*d*ufoGC58*ufoGC3*ufoGC107*ufoGC93
       - 1/4*g_(1,6_,nu14)*FT1*g_(1,q2)*g_(2,nu14)*cFT(g6,XX,i2,i3)/(d^3 + d^2
       - 2*d)*flavourTag(fe,j11,j12)*Den( - p4 + q2 + q3)^2*Deng(p4,xiw,M3)^2*
      Deng(q2 + q3,xiw,0)*p4.q3^2*d^2*xia*ufoGC58*ufoGC3*ufoGC107*ufoGC93
       + 1/4*g_(1,6_,nu14)*FT1*g_(1,q2)*g_(2,nu14)*cFT(g6,XX,i2,i3)/(d^3 + d^2
       - 2*d)*flavourTag(fe,j11,j12)*Den( - p4 + q2 + q3)^2*Deng(p4,xiw,M3)^2*
      Deng(q2 + q3,xiw,0)*p4.q3^2*d^2*ufoGC58*ufoGC3*ufoGC107*ufoGC93
       - 1/4*g_(1,6_,nu14)*FT1*g_(1,q2)*g_(2,nu14)*cFT(g6,XX,i2,i3)/(d^3 + d^2
       - 2*d)*flavourTag(fe,j11,j12)*Den( - p4 + q2 + q3)^2*Deng(p4,xiw,M3)^2*
      Deng(q2 + q3,xiw,0)*p4.q3^2*d*xia*ufoGC58*ufoGC3*ufoGC107*ufoGC93
       + 1/4*g_(1,6_,nu14)*FT1*g_(1,q2)*g_(2,nu14)*cFT(g6,XX,i2,i3)/(d^3 + d^2
       - 2*d)*flavourTag(fe,j11,j12)*Den( - p4 + q2 + q3)^2*Deng(p4,xiw,M3)^2*
      Deng(q2 + q3,xiw,0)*p4.q3^2*d*ufoGC58*ufoGC3*ufoGC107*ufoGC93
       - 1/4*g_(1,6_,nu14)*FT1*g_(1,q3)*g_(2,nu14)*cFT(g6,XX,i2,i3)/(d^3 + d^2
       - 2*d)*flavourTag(fe,j11,j12)*Den( - p4 + q2 + q3)^2*Deng(p4,xiw,M3)^2*
      Deng(q2 + q3,xiw,0)*p4.p4^2*d^2*xia*ufoGC58*ufoGC3*ufoGC107*ufoGC93
       + 1/4*g_(1,6_,nu14)*FT1*g_(1,q3)*g_(2,nu14)*cFT(g6,XX,i2,i3)/(d^3 + d^2
       - 2*d)*flavourTag(fe,j11,j12)*Den( - p4 + q2 + q3)^2*Deng(p4,xiw,M3)^2*
      Deng(q2 + q3,xiw,0)*p4.p4^2*d^2*ufoGC58*ufoGC3*ufoGC107*ufoGC93
       + 1/4*g_(1,6_,nu14)*FT1*g_(1,q3)*g_(2,nu14)*cFT(g6,XX,i2,i3)/(d^3 + d^2
       - 2*d)*flavourTag(fe,j11,j12)*Den( - p4 + q2 + q3)^2*Deng(p4,xiw,M3)^2*
      Deng(q2 + q3,xiw,0)*p4.p4^2*xia*ufoGC58*ufoGC3*ufoGC107*ufoGC93
       - 1/4*g_(1,6_,nu14)*FT1*g_(1,q3)*g_(2,nu14)*cFT(g6,XX,i2,i3)/(d^3 + d^2
       - 2*d)*flavourTag(fe,j11,j12)*Den( - p4 + q2 + q3)^2*Deng(p4,xiw,M3)^2*
      Deng(q2 + q3,xiw,0)*p4.p4^2*ufoGC58*ufoGC3*ufoGC107*ufoGC93
       + 1/4*g_(1,6_,nu14)*FT1*g_(1,q3)*g_(2,nu14)*cFT(g6,XX,i2,i3)/(d^3 + d^2
       - 2*d)*flavourTag(fe,j11,j12)*Den( - p4 + q2 + q3)^2*Deng(p4,xiw,M3)^2*
      Deng(q2 + q3,xiw,0)*p4.p4*q2.q2*d*xia*ufoGC58*ufoGC3*ufoGC107*ufoGC93
       - 1/4*g_(1,6_,nu14)*FT1*g_(1,q3)*g_(2,nu14)*cFT(g6,XX,i2,i3)/(d^3 + d^2
       - 2*d)*flavourTag(fe,j11,j12)*Den( - p4 + q2 + q3)^2*Deng(p4,xiw,M3)^2*
      Deng(q2 + q3,xiw,0)*p4.p4*q2.q2*d*ufoGC58*ufoGC3*ufoGC107*ufoGC93
       + 1/4*g_(1,6_,nu14)*FT1*g_(1,q3)*g_(2,nu14)*cFT(g6,XX,i2,i3)/(d^3 + d^2
       - 2*d)*flavourTag(fe,j11,j12)*Den( - p4 + q2 + q3)^2*Deng(p4,xiw,M3)^2*
      Deng(q2 + q3,xiw,0)*p4.p4*q2.q2*xia*ufoGC58*ufoGC3*ufoGC107*ufoGC93
       - 1/4*g_(1,6_,nu14)*FT1*g_(1,q3)*g_(2,nu14)*cFT(g6,XX,i2,i3)/(d^3 + d^2
       - 2*d)*flavourTag(fe,j11,j12)*Den( - p4 + q2 + q3)^2*Deng(p4,xiw,M3)^2*
      Deng(q2 + q3,xiw,0)*p4.p4*q2.q2*ufoGC58*ufoGC3*ufoGC107*ufoGC93
       + 1/4*g_(1,6_,nu14)*FT1*g_(1,q3)*g_(2,nu14)*cFT(g6,XX,i2,i3)/(d^3 + d^2
       - 2*d)*flavourTag(fe,j11,j12)*Den( - p4 + q2 + q3)^2*Deng(p4,xiw,M3)^2*
      Deng(q2 + q3,xiw,0)*p4.p4*q3.q3*d*xia*ufoGC58*ufoGC3*ufoGC107*ufoGC93
       - 1/4*g_(1,6_,nu14)*FT1*g_(1,q3)*g_(2,nu14)*cFT(g6,XX,i2,i3)/(d^3 + d^2
       - 2*d)*flavourTag(fe,j11,j12)*Den( - p4 + q2 + q3)^2*Deng(p4,xiw,M3)^2*
      Deng(q2 + q3,xiw,0)*p4.p4*q3.q3*d*ufoGC58*ufoGC3*ufoGC107*ufoGC93
       + 1/4*g_(1,6_,nu14)*FT1*g_(1,q3)*g_(2,nu14)*cFT(g6,XX,i2,i3)/(d^3 + d^2
       - 2*d)*flavourTag(fe,j11,j12)*Den( - p4 + q2 + q3)^2*Deng(p4,xiw,M3)^2*
      Deng(q2 + q3,xiw,0)*p4.p4*q3.q3*xia*ufoGC58*ufoGC3*ufoGC107*ufoGC93
       - 1/4*g_(1,6_,nu14)*FT1*g_(1,q3)*g_(2,nu14)*cFT(g6,XX,i2,i3)/(d^3 + d^2
       - 2*d)*flavourTag(fe,j11,j12)*Den( - p4 + q2 + q3)^2*Deng(p4,xiw,M3)^2*
      Deng(q2 + q3,xiw,0)*p4.p4*q3.q3*ufoGC58*ufoGC3*ufoGC107*ufoGC93
       - 1/4*g_(1,6_,nu14)*FT1*g_(1,q3)*g_(2,nu14)*cFT(g6,XX,i2,i3)/(d^3 + d^2
       - 2*d)*flavourTag(fe,j11,j12)*Den( - p4 + q2 + q3)^2*Deng(p4,xiw,M3)^2*
      Deng(q2 + q3,xiw,0)*p4.q2^2*d^2*xia*ufoGC58*ufoGC3*ufoGC107*ufoGC93
       + 1/4*g_(1,6_,nu14)*FT1*g_(1,q3)*g_(2,nu14)*cFT(g6,XX,i2,i3)/(d^3 + d^2
       - 2*d)*flavourTag(fe,j11,j12)*Den( - p4 + q2 + q3)^2*Deng(p4,xiw,M3)^2*
      Deng(q2 + q3,xiw,0)*p4.q2^2*d^2*ufoGC58*ufoGC3*ufoGC107*ufoGC93
       - 1/4*g_(1,6_,nu14)*FT1*g_(1,q3)*g_(2,nu14)*cFT(g6,XX,i2,i3)/(d^3 + d^2
       - 2*d)*flavourTag(fe,j11,j12)*Den( - p4 + q2 + q3)^2*Deng(p4,xiw,M3)^2*
      Deng(q2 + q3,xiw,0)*p4.q2^2*d*xia*ufoGC58*ufoGC3*ufoGC107*ufoGC93
       + 1/4*g_(1,6_,nu14)*FT1*g_(1,q3)*g_(2,nu14)*cFT(g6,XX,i2,i3)/(d^3 + d^2
       - 2*d)*flavourTag(fe,j11,j12)*Den( - p4 + q2 + q3)^2*Deng(p4,xiw,M3)^2*
      Deng(q2 + q3,xiw,0)*p4.q2^2*d*ufoGC58*ufoGC3*ufoGC107*ufoGC93
       - 1/4*g_(1,6_,nu14)*FT1*g_(1,q3)*g_(2,nu14)*cFT(g6,XX,i2,i3)/(d^3 + d^2
       - 2*d)*flavourTag(fe,j11,j12)*Den( - p4 + q2 + q3)^2*Deng(p4,xiw,M3)^2*
      Deng(q2 + q3,xiw,0)*p4.q3^2*d^2*xia*ufoGC58*ufoGC3*ufoGC107*ufoGC93
       + 1/4*g_(1,6_,nu14)*FT1*g_(1,q3)*g_(2,nu14)*cFT(g6,XX,i2,i3)/(d^3 + d^2
       - 2*d)*flavourTag(fe,j11,j12)*Den( - p4 + q2 + q3)^2*Deng(p4,xiw,M3)^2*
      Deng(q2 + q3,xiw,0)*p4.q3^2*d^2*ufoGC58*ufoGC3*ufoGC107*ufoGC93
       - 1/4*g_(1,6_,nu14)*FT1*g_(1,q3)*g_(2,nu14)*cFT(g6,XX,i2,i3)/(d^3 + d^2
       - 2*d)*flavourTag(fe,j11,j12)*Den( - p4 + q2 + q3)^2*Deng(p4,xiw,M3)^2*
      Deng(q2 + q3,xiw,0)*p4.q3^2*d*xia*ufoGC58*ufoGC3*ufoGC107*ufoGC93
       + 1/4*g_(1,6_,nu14)*FT1*g_(1,q3)*g_(2,nu14)*cFT(g6,XX,i2,i3)/(d^3 + d^2
       - 2*d)*flavourTag(fe,j11,j12)*Den( - p4 + q2 + q3)^2*Deng(p4,xiw,M3)^2*
      Deng(q2 + q3,xiw,0)*p4.q3^2*d*ufoGC58*ufoGC3*ufoGC107*ufoGC93
       - 1/4*g_(1,6_,nu15)*FT1*g_(1,p4)*g_(2,nu14)*cFT(g6,XX,i2,i3)*
      flavourTag(fe,j11,j12)*Vec(nu14,q2)*Vec(nu15,q2)*Den( - p4 + q2 + q3)^2*
      Deng(p4,xiw,M3)*Deng(q2 + q3,xiw,0)*xia*ufoGC58*ufoGC3*ufoGC107*ufoGC93
       + 1/4*g_(1,6_,nu15)*FT1*g_(1,p4)*g_(2,nu14)*cFT(g6,XX,i2,i3)*
      flavourTag(fe,j11,j12)*Vec(nu14,q2)*Vec(nu15,q2)*Den( - p4 + q2 + q3)^2*
      Deng(p4,xiw,M3)*Deng(q2 + q3,xiw,0)*ufoGC58*ufoGC3*ufoGC107*ufoGC93
       - 1/4*g_(1,6_,nu15)*FT1*g_(1,p4)*g_(2,nu14)*cFT(g6,XX,i2,i3)*
      flavourTag(fe,j11,j12)*Vec(nu14,q2)*Vec(nu15,q3)*Den( - p4 + q2 + q3)^2*
      Deng(p4,xiw,M3)*Deng(q2 + q3,xiw,0)*xia*ufoGC58*ufoGC3*ufoGC107*ufoGC93
       + 1/4*g_(1,6_,nu15)*FT1*g_(1,p4)*g_(2,nu14)*cFT(g6,XX,i2,i3)*
      flavourTag(fe,j11,j12)*Vec(nu14,q2)*Vec(nu15,q3)*Den( - p4 + q2 + q3)^2*
      Deng(p4,xiw,M3)*Deng(q2 + q3,xiw,0)*ufoGC58*ufoGC3*ufoGC107*ufoGC93
       - 1/4*g_(1,6_,nu15)*FT1*g_(1,p4)*g_(2,nu14)*cFT(g6,XX,i2,i3)*
      flavourTag(fe,j11,j12)*Vec(nu14,q2)*Vec(nu15,-p4)*Den( - p4 + q2 + q3)^2
      *Deng(p4,xiw,M3)*Deng(q2 + q3,xiw,0)*xia*ufoGC58*ufoGC3*ufoGC107*ufoGC93
       + 1/4*g_(1,6_,nu15)*FT1*g_(1,p4)*g_(2,nu14)*cFT(g6,XX,i2,i3)*
      flavourTag(fe,j11,j12)*Vec(nu14,q2)*Vec(nu15,-p4)*Den( - p4 + q2 + q3)^2
      *Deng(p4,xiw,M3)*Deng(q2 + q3,xiw,0)*ufoGC58*ufoGC3*ufoGC107*ufoGC93
       - 1/4*g_(1,6_,nu15)*FT1*g_(1,p4)*g_(2,nu14)*cFT(g6,XX,i2,i3)*
      flavourTag(fe,j11,j12)*Vec(nu14,q3)*Vec(nu15,q2)*Den( - p4 + q2 + q3)^2*
      Deng(p4,xiw,M3)*Deng(q2 + q3,xiw,0)*xia*ufoGC58*ufoGC3*ufoGC107*ufoGC93
       + 1/4*g_(1,6_,nu15)*FT1*g_(1,p4)*g_(2,nu14)*cFT(g6,XX,i2,i3)*
      flavourTag(fe,j11,j12)*Vec(nu14,q3)*Vec(nu15,q2)*Den( - p4 + q2 + q3)^2*
      Deng(p4,xiw,M3)*Deng(q2 + q3,xiw,0)*ufoGC58*ufoGC3*ufoGC107*ufoGC93
       - 1/4*g_(1,6_,nu15)*FT1*g_(1,p4)*g_(2,nu14)*cFT(g6,XX,i2,i3)*
      flavourTag(fe,j11,j12)*Vec(nu14,q3)*Vec(nu15,q3)*Den( - p4 + q2 + q3)^2*
      Deng(p4,xiw,M3)*Deng(q2 + q3,xiw,0)*xia*ufoGC58*ufoGC3*ufoGC107*ufoGC93
       + 1/4*g_(1,6_,nu15)*FT1*g_(1,p4)*g_(2,nu14)*cFT(g6,XX,i2,i3)*
      flavourTag(fe,j11,j12)*Vec(nu14,q3)*Vec(nu15,q3)*Den( - p4 + q2 + q3)^2*
      Deng(p4,xiw,M3)*Deng(q2 + q3,xiw,0)*ufoGC58*ufoGC3*ufoGC107*ufoGC93
       - 1/4*g_(1,6_,nu15)*FT1*g_(1,p4)*g_(2,nu14)*cFT(g6,XX,i2,i3)*
      flavourTag(fe,j11,j12)*Vec(nu14,q3)*Vec(nu15,-p4)*Den( - p4 + q2 + q3)^2
      *Deng(p4,xiw,M3)*Deng(q2 + q3,xiw,0)*xia*ufoGC58*ufoGC3*ufoGC107*ufoGC93
       + 1/4*g_(1,6_,nu15)*FT1*g_(1,p4)*g_(2,nu14)*cFT(g6,XX,i2,i3)*
      flavourTag(fe,j11,j12)*Vec(nu14,q3)*Vec(nu15,-p4)*Den( - p4 + q2 + q3)^2
      *Deng(p4,xiw,M3)*Deng(q2 + q3,xiw,0)*ufoGC58*ufoGC3*ufoGC107*ufoGC93
       - 1/4*g_(1,6_,nu15)*FT1*g_(1,p4)*g_(2,nu14)*cFT(g6,XX,i2,i3)*
      flavourTag(fe,j11,j12)*Vec(nu14,-p4)*Vec(nu15,q2)*Den( - p4 + q2 + q3)^2
      *Deng(p4,xiw,M3)*Deng(q2 + q3,xiw,0)*xia*ufoGC58*ufoGC3*ufoGC107*ufoGC93
       + 1/4*g_(1,6_,nu15)*FT1*g_(1,p4)*g_(2,nu14)*cFT(g6,XX,i2,i3)*
      flavourTag(fe,j11,j12)*Vec(nu14,-p4)*Vec(nu15,q2)*Den( - p4 + q2 + q3)^2
      *Deng(p4,xiw,M3)*Deng(q2 + q3,xiw,0)*ufoGC58*ufoGC3*ufoGC107*ufoGC93
       - 1/4*g_(1,6_,nu15)*FT1*g_(1,p4)*g_(2,nu14)*cFT(g6,XX,i2,i3)*
      flavourTag(fe,j11,j12)*Vec(nu14,-p4)*Vec(nu15,q3)*Den( - p4 + q2 + q3)^2
      *Deng(p4,xiw,M3)*Deng(q2 + q3,xiw,0)*xia*ufoGC58*ufoGC3*ufoGC107*ufoGC93
       + 1/4*g_(1,6_,nu15)*FT1*g_(1,p4)*g_(2,nu14)*cFT(g6,XX,i2,i3)*
      flavourTag(fe,j11,j12)*Vec(nu14,-p4)*Vec(nu15,q3)*Den( - p4 + q2 + q3)^2
      *Deng(p4,xiw,M3)*Deng(q2 + q3,xiw,0)*ufoGC58*ufoGC3*ufoGC107*ufoGC93
       - 1/4*g_(1,6_,nu15)*FT1*g_(1,p4)*g_(2,nu14)*cFT(g6,XX,i2,i3)*
      flavourTag(fe,j11,j12)*Vec(nu14,-p4)*Vec(nu15,-p4)*Den( - p4 + q2 + q3)^
      2*Deng(p4,xiw,M3)*Deng(q2 + q3,xiw,0)*xia*ufoGC58*ufoGC3*ufoGC107*
      ufoGC93
       + 1/4*g_(1,6_,nu15)*FT1*g_(1,p4)*g_(2,nu14)*cFT(g6,XX,i2,i3)*
      flavourTag(fe,j11,j12)*Vec(nu14,-p4)*Vec(nu15,-p4)*Den( - p4 + q2 + q3)^
      2*Deng(p4,xiw,M3)*Deng(q2 + q3,xiw,0)*ufoGC58*ufoGC3*ufoGC107*ufoGC93
       - 1/4*g_(1,6_,nu15)*FT1*g_(1,p4)*g_(2,nu15)*cFT(g6,XX,i2,i3)*
      flavourTag(fe,j11,j12)*Den( - p4 + q2 + q3)*Deng(p4,xiw,M3)*Deng(q2 + q3
      ,xiw,0)*ufoGC58*ufoGC3*ufoGC107*ufoGC93
       + 1/4*g_(1,6_,nu15)*FT1*g_(1,q1)*g_(2,nu14)*cFT(g6,XX,i2,i3)*
      flavourTag(fe,j11,j12)*Vec(nu14,q2)*Vec(nu15,q2)*Den( - p4 + q2 + q3)^2*
      Deng(p4,xiw,M3)*Deng(q2 + q3,xiw,0)*xia*ufoGC58*ufoGC3*ufoGC107*ufoGC93
       - 1/4*g_(1,6_,nu15)*FT1*g_(1,q1)*g_(2,nu14)*cFT(g6,XX,i2,i3)*
      flavourTag(fe,j11,j12)*Vec(nu14,q2)*Vec(nu15,q2)*Den( - p4 + q2 + q3)^2*
      Deng(p4,xiw,M3)*Deng(q2 + q3,xiw,0)*ufoGC58*ufoGC3*ufoGC107*ufoGC93
       + 1/4*g_(1,6_,nu15)*FT1*g_(1,q1)*g_(2,nu14)*cFT(g6,XX,i2,i3)*
      flavourTag(fe,j11,j12)*Vec(nu14,q2)*Vec(nu15,q3)*Den( - p4 + q2 + q3)^2*
      Deng(p4,xiw,M3)*Deng(q2 + q3,xiw,0)*xia*ufoGC58*ufoGC3*ufoGC107*ufoGC93
       - 1/4*g_(1,6_,nu15)*FT1*g_(1,q1)*g_(2,nu14)*cFT(g6,XX,i2,i3)*
      flavourTag(fe,j11,j12)*Vec(nu14,q2)*Vec(nu15,q3)*Den( - p4 + q2 + q3)^2*
      Deng(p4,xiw,M3)*Deng(q2 + q3,xiw,0)*ufoGC58*ufoGC3*ufoGC107*ufoGC93
       + 1/4*g_(1,6_,nu15)*FT1*g_(1,q1)*g_(2,nu14)*cFT(g6,XX,i2,i3)*
      flavourTag(fe,j11,j12)*Vec(nu14,q2)*Vec(nu15,-p4)*Den( - p4 + q2 + q3)^2
      *Deng(p4,xiw,M3)*Deng(q2 + q3,xiw,0)*xia*ufoGC58*ufoGC3*ufoGC107*ufoGC93
       - 1/4*g_(1,6_,nu15)*FT1*g_(1,q1)*g_(2,nu14)*cFT(g6,XX,i2,i3)*
      flavourTag(fe,j11,j12)*Vec(nu14,q2)*Vec(nu15,-p4)*Den( - p4 + q2 + q3)^2
      *Deng(p4,xiw,M3)*Deng(q2 + q3,xiw,0)*ufoGC58*ufoGC3*ufoGC107*ufoGC93
       + 1/4*g_(1,6_,nu15)*FT1*g_(1,q1)*g_(2,nu14)*cFT(g6,XX,i2,i3)*
      flavourTag(fe,j11,j12)*Vec(nu14,q3)*Vec(nu15,q2)*Den( - p4 + q2 + q3)^2*
      Deng(p4,xiw,M3)*Deng(q2 + q3,xiw,0)*xia*ufoGC58*ufoGC3*ufoGC107*ufoGC93
       - 1/4*g_(1,6_,nu15)*FT1*g_(1,q1)*g_(2,nu14)*cFT(g6,XX,i2,i3)*
      flavourTag(fe,j11,j12)*Vec(nu14,q3)*Vec(nu15,q2)*Den( - p4 + q2 + q3)^2*
      Deng(p4,xiw,M3)*Deng(q2 + q3,xiw,0)*ufoGC58*ufoGC3*ufoGC107*ufoGC93
       + 1/4*g_(1,6_,nu15)*FT1*g_(1,q1)*g_(2,nu14)*cFT(g6,XX,i2,i3)*
      flavourTag(fe,j11,j12)*Vec(nu14,q3)*Vec(nu15,q3)*Den( - p4 + q2 + q3)^2*
      Deng(p4,xiw,M3)*Deng(q2 + q3,xiw,0)*xia*ufoGC58*ufoGC3*ufoGC107*ufoGC93
       - 1/4*g_(1,6_,nu15)*FT1*g_(1,q1)*g_(2,nu14)*cFT(g6,XX,i2,i3)*
      flavourTag(fe,j11,j12)*Vec(nu14,q3)*Vec(nu15,q3)*Den( - p4 + q2 + q3)^2*
      Deng(p4,xiw,M3)*Deng(q2 + q3,xiw,0)*ufoGC58*ufoGC3*ufoGC107*ufoGC93
       + 1/4*g_(1,6_,nu15)*FT1*g_(1,q1)*g_(2,nu14)*cFT(g6,XX,i2,i3)*
      flavourTag(fe,j11,j12)*Vec(nu14,q3)*Vec(nu15,-p4)*Den( - p4 + q2 + q3)^2
      *Deng(p4,xiw,M3)*Deng(q2 + q3,xiw,0)*xia*ufoGC58*ufoGC3*ufoGC107*ufoGC93
       - 1/4*g_(1,6_,nu15)*FT1*g_(1,q1)*g_(2,nu14)*cFT(g6,XX,i2,i3)*
      flavourTag(fe,j11,j12)*Vec(nu14,q3)*Vec(nu15,-p4)*Den( - p4 + q2 + q3)^2
      *Deng(p4,xiw,M3)*Deng(q2 + q3,xiw,0)*ufoGC58*ufoGC3*ufoGC107*ufoGC93
       + 1/4*g_(1,6_,nu15)*FT1*g_(1,q1)*g_(2,nu14)*cFT(g6,XX,i2,i3)*
      flavourTag(fe,j11,j12)*Vec(nu14,-p4)*Vec(nu15,q2)*Den( - p4 + q2 + q3)^2
      *Deng(p4,xiw,M3)*Deng(q2 + q3,xiw,0)*xia*ufoGC58*ufoGC3*ufoGC107*ufoGC93
       - 1/4*g_(1,6_,nu15)*FT1*g_(1,q1)*g_(2,nu14)*cFT(g6,XX,i2,i3)*
      flavourTag(fe,j11,j12)*Vec(nu14,-p4)*Vec(nu15,q2)*Den( - p4 + q2 + q3)^2
      *Deng(p4,xiw,M3)*Deng(q2 + q3,xiw,0)*ufoGC58*ufoGC3*ufoGC107*ufoGC93
       + 1/4*g_(1,6_,nu15)*FT1*g_(1,q1)*g_(2,nu14)*cFT(g6,XX,i2,i3)*
      flavourTag(fe,j11,j12)*Vec(nu14,-p4)*Vec(nu15,q3)*Den( - p4 + q2 + q3)^2
      *Deng(p4,xiw,M3)*Deng(q2 + q3,xiw,0)*xia*ufoGC58*ufoGC3*ufoGC107*ufoGC93
       - 1/4*g_(1,6_,nu15)*FT1*g_(1,q1)*g_(2,nu14)*cFT(g6,XX,i2,i3)*
      flavourTag(fe,j11,j12)*Vec(nu14,-p4)*Vec(nu15,q3)*Den( - p4 + q2 + q3)^2
      *Deng(p4,xiw,M3)*Deng(q2 + q3,xiw,0)*ufoGC58*ufoGC3*ufoGC107*ufoGC93
       + 1/4*g_(1,6_,nu15)*FT1*g_(1,q1)*g_(2,nu14)*cFT(g6,XX,i2,i3)*
      flavourTag(fe,j11,j12)*Vec(nu14,-p4)*Vec(nu15,-p4)*Den( - p4 + q2 + q3)^
      2*Deng(p4,xiw,M3)*Deng(q2 + q3,xiw,0)*xia*ufoGC58*ufoGC3*ufoGC107*
      ufoGC93
       - 1/4*g_(1,6_,nu15)*FT1*g_(1,q1)*g_(2,nu14)*cFT(g6,XX,i2,i3)*
      flavourTag(fe,j11,j12)*Vec(nu14,-p4)*Vec(nu15,-p4)*Den( - p4 + q2 + q3)^
      2*Deng(p4,xiw,M3)*Deng(q2 + q3,xiw,0)*ufoGC58*ufoGC3*ufoGC107*ufoGC93
       + 1/4*g_(1,6_,nu15)*FT1*g_(1,q1)*g_(2,nu15)*cFT(g6,XX,i2,i3)*
      flavourTag(fe,j11,j12)*Den( - p4 + q2 + q3)*Deng(p4,xiw,M3)*Deng(q2 + q3
      ,xiw,0)*ufoGC58*ufoGC3*ufoGC107*ufoGC93
       + 1/4*g_(1,6_,nu15)*FT1*g_(1,q2)*g_(2,nu14)*cFT(g6,XX,i2,i3)*
      flavourTag(fe,j11,j12)*Vec(nu14,q2)*Vec(nu15,q2)*Den( - p4 + q2 + q3)^2*
      Deng(p4,xiw,M3)*Deng(q2 + q3,xiw,0)*xia*ufoGC58*ufoGC3*ufoGC107*ufoGC93
       - 1/4*g_(1,6_,nu15)*FT1*g_(1,q2)*g_(2,nu14)*cFT(g6,XX,i2,i3)*
      flavourTag(fe,j11,j12)*Vec(nu14,q2)*Vec(nu15,q2)*Den( - p4 + q2 + q3)^2*
      Deng(p4,xiw,M3)*Deng(q2 + q3,xiw,0)*ufoGC58*ufoGC3*ufoGC107*ufoGC93
       + 1/4*g_(1,6_,nu15)*FT1*g_(1,q2)*g_(2,nu14)*cFT(g6,XX,i2,i3)*
      flavourTag(fe,j11,j12)*Vec(nu14,q2)*Vec(nu15,q3)*Den( - p4 + q2 + q3)^2*
      Deng(p4,xiw,M3)*Deng(q2 + q3,xiw,0)*xia*ufoGC58*ufoGC3*ufoGC107*ufoGC93
       - 1/4*g_(1,6_,nu15)*FT1*g_(1,q2)*g_(2,nu14)*cFT(g6,XX,i2,i3)*
      flavourTag(fe,j11,j12)*Vec(nu14,q2)*Vec(nu15,q3)*Den( - p4 + q2 + q3)^2*
      Deng(p4,xiw,M3)*Deng(q2 + q3,xiw,0)*ufoGC58*ufoGC3*ufoGC107*ufoGC93
       + 1/4*g_(1,6_,nu15)*FT1*g_(1,q2)*g_(2,nu14)*cFT(g6,XX,i2,i3)*
      flavourTag(fe,j11,j12)*Vec(nu14,q2)*Vec(nu15,-p4)*Den( - p4 + q2 + q3)^2
      *Deng(p4,xiw,M3)*Deng(q2 + q3,xiw,0)*xia*ufoGC58*ufoGC3*ufoGC107*ufoGC93
       - 1/4*g_(1,6_,nu15)*FT1*g_(1,q2)*g_(2,nu14)*cFT(g6,XX,i2,i3)*
      flavourTag(fe,j11,j12)*Vec(nu14,q2)*Vec(nu15,-p4)*Den( - p4 + q2 + q3)^2
      *Deng(p4,xiw,M3)*Deng(q2 + q3,xiw,0)*ufoGC58*ufoGC3*ufoGC107*ufoGC93
       + 1/4*g_(1,6_,nu15)*FT1*g_(1,q2)*g_(2,nu14)*cFT(g6,XX,i2,i3)*
      flavourTag(fe,j11,j12)*Vec(nu14,q3)*Vec(nu15,q2)*Den( - p4 + q2 + q3)^2*
      Deng(p4,xiw,M3)*Deng(q2 + q3,xiw,0)*xia*ufoGC58*ufoGC3*ufoGC107*ufoGC93
       - 1/4*g_(1,6_,nu15)*FT1*g_(1,q2)*g_(2,nu14)*cFT(g6,XX,i2,i3)*
      flavourTag(fe,j11,j12)*Vec(nu14,q3)*Vec(nu15,q2)*Den( - p4 + q2 + q3)^2*
      Deng(p4,xiw,M3)*Deng(q2 + q3,xiw,0)*ufoGC58*ufoGC3*ufoGC107*ufoGC93
       + 1/4*g_(1,6_,nu15)*FT1*g_(1,q2)*g_(2,nu14)*cFT(g6,XX,i2,i3)*
      flavourTag(fe,j11,j12)*Vec(nu14,q3)*Vec(nu15,q3)*Den( - p4 + q2 + q3)^2*
      Deng(p4,xiw,M3)*Deng(q2 + q3,xiw,0)*xia*ufoGC58*ufoGC3*ufoGC107*ufoGC93
       - 1/4*g_(1,6_,nu15)*FT1*g_(1,q2)*g_(2,nu14)*cFT(g6,XX,i2,i3)*
      flavourTag(fe,j11,j12)*Vec(nu14,q3)*Vec(nu15,q3)*Den( - p4 + q2 + q3)^2*
      Deng(p4,xiw,M3)*Deng(q2 + q3,xiw,0)*ufoGC58*ufoGC3*ufoGC107*ufoGC93
       + 1/4*g_(1,6_,nu15)*FT1*g_(1,q2)*g_(2,nu14)*cFT(g6,XX,i2,i3)*
      flavourTag(fe,j11,j12)*Vec(nu14,q3)*Vec(nu15,-p4)*Den( - p4 + q2 + q3)^2
      *Deng(p4,xiw,M3)*Deng(q2 + q3,xiw,0)*xia*ufoGC58*ufoGC3*ufoGC107*ufoGC93
       - 1/4*g_(1,6_,nu15)*FT1*g_(1,q2)*g_(2,nu14)*cFT(g6,XX,i2,i3)*
      flavourTag(fe,j11,j12)*Vec(nu14,q3)*Vec(nu15,-p4)*Den( - p4 + q2 + q3)^2
      *Deng(p4,xiw,M3)*Deng(q2 + q3,xiw,0)*ufoGC58*ufoGC3*ufoGC107*ufoGC93
       + 1/4*g_(1,6_,nu15)*FT1*g_(1,q2)*g_(2,nu14)*cFT(g6,XX,i2,i3)*
      flavourTag(fe,j11,j12)*Vec(nu14,-p4)*Vec(nu15,q2)*Den( - p4 + q2 + q3)^2
      *Deng(p4,xiw,M3)*Deng(q2 + q3,xiw,0)*xia*ufoGC58*ufoGC3*ufoGC107*ufoGC93
       - 1/4*g_(1,6_,nu15)*FT1*g_(1,q2)*g_(2,nu14)*cFT(g6,XX,i2,i3)*
      flavourTag(fe,j11,j12)*Vec(nu14,-p4)*Vec(nu15,q2)*Den( - p4 + q2 + q3)^2
      *Deng(p4,xiw,M3)*Deng(q2 + q3,xiw,0)*ufoGC58*ufoGC3*ufoGC107*ufoGC93
       + 1/4*g_(1,6_,nu15)*FT1*g_(1,q2)*g_(2,nu14)*cFT(g6,XX,i2,i3)*
      flavourTag(fe,j11,j12)*Vec(nu14,-p4)*Vec(nu15,q3)*Den( - p4 + q2 + q3)^2
      *Deng(p4,xiw,M3)*Deng(q2 + q3,xiw,0)*xia*ufoGC58*ufoGC3*ufoGC107*ufoGC93
       - 1/4*g_(1,6_,nu15)*FT1*g_(1,q2)*g_(2,nu14)*cFT(g6,XX,i2,i3)*
      flavourTag(fe,j11,j12)*Vec(nu14,-p4)*Vec(nu15,q3)*Den( - p4 + q2 + q3)^2
      *Deng(p4,xiw,M3)*Deng(q2 + q3,xiw,0)*ufoGC58*ufoGC3*ufoGC107*ufoGC93
       + 1/4*g_(1,6_,nu15)*FT1*g_(1,q2)*g_(2,nu14)*cFT(g6,XX,i2,i3)*
      flavourTag(fe,j11,j12)*Vec(nu14,-p4)*Vec(nu15,-p4)*Den( - p4 + q2 + q3)^
      2*Deng(p4,xiw,M3)*Deng(q2 + q3,xiw,0)*xia*ufoGC58*ufoGC3*ufoGC107*
      ufoGC93
       - 1/4*g_(1,6_,nu15)*FT1*g_(1,q2)*g_(2,nu14)*cFT(g6,XX,i2,i3)*
      flavourTag(fe,j11,j12)*Vec(nu14,-p4)*Vec(nu15,-p4)*Den( - p4 + q2 + q3)^
      2*Deng(p4,xiw,M3)*Deng(q2 + q3,xiw,0)*ufoGC58*ufoGC3*ufoGC107*ufoGC93
       + 1/4*g_(1,6_,nu15)*FT1*g_(1,q2)*g_(2,nu15)*cFT(g6,XX,i2,i3)*
      flavourTag(fe,j11,j12)*Den( - p4 + q2 + q3)*Deng(p4,xiw,M3)*Deng(q2 + q3
      ,xiw,0)*ufoGC58*ufoGC3*ufoGC107*ufoGC93
       + 1/4*g_(1,6_,nu15)*FT1*g_(1,q3)*g_(2,nu14)*cFT(g6,XX,i2,i3)*
      flavourTag(fe,j11,j12)*Vec(nu14,q2)*Vec(nu15,q2)*Den( - p4 + q2 + q3)^2*
      Deng(p4,xiw,M3)*Deng(q2 + q3,xiw,0)*xia*ufoGC58*ufoGC3*ufoGC107*ufoGC93
       - 1/4*g_(1,6_,nu15)*FT1*g_(1,q3)*g_(2,nu14)*cFT(g6,XX,i2,i3)*
      flavourTag(fe,j11,j12)*Vec(nu14,q2)*Vec(nu15,q2)*Den( - p4 + q2 + q3)^2*
      Deng(p4,xiw,M3)*Deng(q2 + q3,xiw,0)*ufoGC58*ufoGC3*ufoGC107*ufoGC93
       + 1/4*g_(1,6_,nu15)*FT1*g_(1,q3)*g_(2,nu14)*cFT(g6,XX,i2,i3)*
      flavourTag(fe,j11,j12)*Vec(nu14,q2)*Vec(nu15,q3)*Den( - p4 + q2 + q3)^2*
      Deng(p4,xiw,M3)*Deng(q2 + q3,xiw,0)*xia*ufoGC58*ufoGC3*ufoGC107*ufoGC93
       - 1/4*g_(1,6_,nu15)*FT1*g_(1,q3)*g_(2,nu14)*cFT(g6,XX,i2,i3)*
      flavourTag(fe,j11,j12)*Vec(nu14,q2)*Vec(nu15,q3)*Den( - p4 + q2 + q3)^2*
      Deng(p4,xiw,M3)*Deng(q2 + q3,xiw,0)*ufoGC58*ufoGC3*ufoGC107*ufoGC93
       + 1/4*g_(1,6_,nu15)*FT1*g_(1,q3)*g_(2,nu14)*cFT(g6,XX,i2,i3)*
      flavourTag(fe,j11,j12)*Vec(nu14,q2)*Vec(nu15,-p4)*Den( - p4 + q2 + q3)^2
      *Deng(p4,xiw,M3)*Deng(q2 + q3,xiw,0)*xia*ufoGC58*ufoGC3*ufoGC107*ufoGC93
       - 1/4*g_(1,6_,nu15)*FT1*g_(1,q3)*g_(2,nu14)*cFT(g6,XX,i2,i3)*
      flavourTag(fe,j11,j12)*Vec(nu14,q2)*Vec(nu15,-p4)*Den( - p4 + q2 + q3)^2
      *Deng(p4,xiw,M3)*Deng(q2 + q3,xiw,0)*ufoGC58*ufoGC3*ufoGC107*ufoGC93
       + 1/4*g_(1,6_,nu15)*FT1*g_(1,q3)*g_(2,nu14)*cFT(g6,XX,i2,i3)*
      flavourTag(fe,j11,j12)*Vec(nu14,q3)*Vec(nu15,q2)*Den( - p4 + q2 + q3)^2*
      Deng(p4,xiw,M3)*Deng(q2 + q3,xiw,0)*xia*ufoGC58*ufoGC3*ufoGC107*ufoGC93
       - 1/4*g_(1,6_,nu15)*FT1*g_(1,q3)*g_(2,nu14)*cFT(g6,XX,i2,i3)*
      flavourTag(fe,j11,j12)*Vec(nu14,q3)*Vec(nu15,q2)*Den( - p4 + q2 + q3)^2*
      Deng(p4,xiw,M3)*Deng(q2 + q3,xiw,0)*ufoGC58*ufoGC3*ufoGC107*ufoGC93
       + 1/4*g_(1,6_,nu15)*FT1*g_(1,q3)*g_(2,nu14)*cFT(g6,XX,i2,i3)*
      flavourTag(fe,j11,j12)*Vec(nu14,q3)*Vec(nu15,q3)*Den( - p4 + q2 + q3)^2*
      Deng(p4,xiw,M3)*Deng(q2 + q3,xiw,0)*xia*ufoGC58*ufoGC3*ufoGC107*ufoGC93
       - 1/4*g_(1,6_,nu15)*FT1*g_(1,q3)*g_(2,nu14)*cFT(g6,XX,i2,i3)*
      flavourTag(fe,j11,j12)*Vec(nu14,q3)*Vec(nu15,q3)*Den( - p4 + q2 + q3)^2*
      Deng(p4,xiw,M3)*Deng(q2 + q3,xiw,0)*ufoGC58*ufoGC3*ufoGC107*ufoGC93
       + 1/4*g_(1,6_,nu15)*FT1*g_(1,q3)*g_(2,nu14)*cFT(g6,XX,i2,i3)*
      flavourTag(fe,j11,j12)*Vec(nu14,q3)*Vec(nu15,-p4)*Den( - p4 + q2 + q3)^2
      *Deng(p4,xiw,M3)*Deng(q2 + q3,xiw,0)*xia*ufoGC58*ufoGC3*ufoGC107*ufoGC93
       - 1/4*g_(1,6_,nu15)*FT1*g_(1,q3)*g_(2,nu14)*cFT(g6,XX,i2,i3)*
      flavourTag(fe,j11,j12)*Vec(nu14,q3)*Vec(nu15,-p4)*Den( - p4 + q2 + q3)^2
      *Deng(p4,xiw,M3)*Deng(q2 + q3,xiw,0)*ufoGC58*ufoGC3*ufoGC107*ufoGC93
       + 1/4*g_(1,6_,nu15)*FT1*g_(1,q3)*g_(2,nu14)*cFT(g6,XX,i2,i3)*
      flavourTag(fe,j11,j12)*Vec(nu14,-p4)*Vec(nu15,q2)*Den( - p4 + q2 + q3)^2
      *Deng(p4,xiw,M3)*Deng(q2 + q3,xiw,0)*xia*ufoGC58*ufoGC3*ufoGC107*ufoGC93
       - 1/4*g_(1,6_,nu15)*FT1*g_(1,q3)*g_(2,nu14)*cFT(g6,XX,i2,i3)*
      flavourTag(fe,j11,j12)*Vec(nu14,-p4)*Vec(nu15,q2)*Den( - p4 + q2 + q3)^2
      *Deng(p4,xiw,M3)*Deng(q2 + q3,xiw,0)*ufoGC58*ufoGC3*ufoGC107*ufoGC93
       + 1/4*g_(1,6_,nu15)*FT1*g_(1,q3)*g_(2,nu14)*cFT(g6,XX,i2,i3)*
      flavourTag(fe,j11,j12)*Vec(nu14,-p4)*Vec(nu15,q3)*Den( - p4 + q2 + q3)^2
      *Deng(p4,xiw,M3)*Deng(q2 + q3,xiw,0)*xia*ufoGC58*ufoGC3*ufoGC107*ufoGC93
       - 1/4*g_(1,6_,nu15)*FT1*g_(1,q3)*g_(2,nu14)*cFT(g6,XX,i2,i3)*
      flavourTag(fe,j11,j12)*Vec(nu14,-p4)*Vec(nu15,q3)*Den( - p4 + q2 + q3)^2
      *Deng(p4,xiw,M3)*Deng(q2 + q3,xiw,0)*ufoGC58*ufoGC3*ufoGC107*ufoGC93
       + 1/4*g_(1,6_,nu15)*FT1*g_(1,q3)*g_(2,nu14)*cFT(g6,XX,i2,i3)*
      flavourTag(fe,j11,j12)*Vec(nu14,-p4)*Vec(nu15,-p4)*Den( - p4 + q2 + q3)^
      2*Deng(p4,xiw,M3)*Deng(q2 + q3,xiw,0)*xia*ufoGC58*ufoGC3*ufoGC107*
      ufoGC93
       - 1/4*g_(1,6_,nu15)*FT1*g_(1,q3)*g_(2,nu14)*cFT(g6,XX,i2,i3)*
      flavourTag(fe,j11,j12)*Vec(nu14,-p4)*Vec(nu15,-p4)*Den( - p4 + q2 + q3)^
      2*Deng(p4,xiw,M3)*Deng(q2 + q3,xiw,0)*ufoGC58*ufoGC3*ufoGC107*ufoGC93
       + 1/4*g_(1,6_,nu15)*FT1*g_(1,q3)*g_(2,nu15)*cFT(g6,XX,i2,i3)*
      flavourTag(fe,j11,j12)*Den( - p4 + q2 + q3)*Deng(p4,xiw,M3)*Deng(q2 + q3
      ,xiw,0)*ufoGC58*ufoGC3*ufoGC107*ufoGC93
      ;

  0.01 sec out of 0.01 sec
