FORM 5.0.0-beta.1 (Jan 15 2026, v5.0.0-beta.1-292-g4341c63)  Run: Fri Feb 13 17:53:03 2026
    #-

   d1l25amp =
       + 1/2*g_(1,6_,nu10)*g_(2,6_,nu10)/(d^2 + 2*d)*Den(p3)^2*Deng(q2 + q3,
      xiw,M3)^4*p3.p3*q2.q2*q2.q3*d*xia*ufoGC58^2*ufoGC5
       - 1/2*g_(1,6_,nu10)*g_(2,6_,nu10)/(d^2 + 2*d)*Den(p3)^2*Deng(q2 + q3,
      xiw,M3)^4*p3.p3*q2.q2*q2.q3*d*ufoGC58^2*ufoGC5
       + 1/2*g_(1,6_,nu10)*g_(2,6_,nu10)/(d^2 + 2*d)*Den(p3)^2*Deng(q2 + q3,
      xiw,M3)^4*p3.p3*q2.q2*q2.q3*xia*ufoGC58^2*ufoGC5
       - 1/2*g_(1,6_,nu10)*g_(2,6_,nu10)/(d^2 + 2*d)*Den(p3)^2*Deng(q2 + q3,
      xiw,M3)^4*p3.p3*q2.q2*q2.q3*ufoGC58^2*ufoGC5
       + 1/2*g_(1,6_,nu10)*g_(2,6_,nu10)/(d^2 + 2*d)*Den(p3)^2*Deng(q2 + q3,
      xiw,M3)^4*p3.p3*q2.q3*q3.q3*d*xia*ufoGC58^2*ufoGC5
       - 1/2*g_(1,6_,nu10)*g_(2,6_,nu10)/(d^2 + 2*d)*Den(p3)^2*Deng(q2 + q3,
      xiw,M3)^4*p3.p3*q2.q3*q3.q3*d*ufoGC58^2*ufoGC5
       + 1/2*g_(1,6_,nu10)*g_(2,6_,nu10)/(d^2 + 2*d)*Den(p3)^2*Deng(q2 + q3,
      xiw,M3)^4*p3.p3*q2.q3*q3.q3*xia*ufoGC58^2*ufoGC5
       - 1/2*g_(1,6_,nu10)*g_(2,6_,nu10)/(d^2 + 2*d)*Den(p3)^2*Deng(q2 + q3,
      xiw,M3)^4*p3.p3*q2.q3*q3.q3*ufoGC58^2*ufoGC5
       + 1/2*g_(1,6_,nu10)*g_(2,6_,nu10)/(d^2 + 2*d)*Den(p3)*Deng(q2 + q3,xiw,
      M3)^4*q2.q2*q2.q3*d^2*ufoGC58^2*ufoGC5
       - 1/2*g_(1,6_,nu10)*g_(2,6_,nu10)/(d^2 + 2*d)*Den(p3)*Deng(q2 + q3,xiw,
      M3)^4*q2.q2*q2.q3*ufoGC58^2*ufoGC5
       + 1/2*g_(1,6_,nu10)*g_(2,6_,nu10)/(d^2 + 2*d)*Den(p3)*Deng(q2 + q3,xiw,
      M3)^4*q2.q3*q3.q3*d^2*ufoGC58^2*ufoGC5
       - 1/2*g_(1,6_,nu10)*g_(2,6_,nu10)/(d^2 + 2*d)*Den(p3)*Deng(q2 + q3,xiw,
      M3)^4*q2.q3*q3.q3*ufoGC58^2*ufoGC5
       + 1/4*g_(1,6_,nu10)*g_(2,6_,nu11)*Vec(nu10,q2)*Vec(nu11,p3)*Vec(nu9,p3)
      *Vec(nu9,q3)*Den(p3)^2*Deng(q2 + q3,xiw,M3)^3*xia*ufoGC58^2*ufoGC5
       - 1/4*g_(1,6_,nu10)*g_(2,6_,nu11)*Vec(nu10,q2)*Vec(nu11,p3)*Vec(nu9,p3)
      *Vec(nu9,q3)*Den(p3)^2*Deng(q2 + q3,xiw,M3)^3*ufoGC58^2*ufoGC5
       - 1/4*g_(1,6_,nu10)*g_(2,6_,nu11)*Vec(nu10,q2)*Vec(nu11,q2)*Den(p3)^2*
      Deng(q2 + q3,xiw,M3)^3*p3.p3*xia*ufoGC58^2*ufoGC5
       + 1/4*g_(1,6_,nu10)*g_(2,6_,nu11)*Vec(nu10,q2)*Vec(nu11,q2)*Den(p3)^2*
      Deng(q2 + q3,xiw,M3)^3*p3.p3*ufoGC58^2*ufoGC5
       + 1/4*g_(1,6_,nu10)*g_(2,6_,nu11)*Vec(nu10,q2)*Vec(nu11,q2)*Den(p3)^2*
      Deng(q2 + q3,xiw,M3)^4*p3.p3*q2.q2*xia*ufoGC58^2*ufoGC5
       - 1/4*g_(1,6_,nu10)*g_(2,6_,nu11)*Vec(nu10,q2)*Vec(nu11,q2)*Den(p3)^2*
      Deng(q2 + q3,xiw,M3)^4*p3.p3*q2.q2*ufoGC58^2*ufoGC5
       + 1/4*g_(1,6_,nu10)*g_(2,6_,nu11)*Vec(nu10,q2)*Vec(nu11,q2)*Den(p3)^2*
      Deng(q2 + q3,xiw,M3)^4*p3.p3*q3.q3*xia*ufoGC58^2*ufoGC5
       - 1/4*g_(1,6_,nu10)*g_(2,6_,nu11)*Vec(nu10,q2)*Vec(nu11,q2)*Den(p3)^2*
      Deng(q2 + q3,xiw,M3)^4*p3.p3*q3.q3*ufoGC58^2*ufoGC5
       - 1/4*g_(1,6_,nu10)*g_(2,6_,nu11)*Vec(nu10,q2)*Vec(nu11,q2)*Den(p3)*
      Deng(q2 + q3,xiw,M3)^3*d*ufoGC58^2*ufoGC5
       + 1/4*g_(1,6_,nu10)*g_(2,6_,nu11)*Vec(nu10,q2)*Vec(nu11,q2)*Den(p3)*
      Deng(q2 + q3,xiw,M3)^3*ufoGC58^2*ufoGC5
       + 1/4*g_(1,6_,nu10)*g_(2,6_,nu11)*Vec(nu10,q2)*Vec(nu11,q2)*Den(p3)*
      Deng(q2 + q3,xiw,M3)^4*q2.q2*d*ufoGC58^2*ufoGC5
       - 1/4*g_(1,6_,nu10)*g_(2,6_,nu11)*Vec(nu10,q2)*Vec(nu11,q2)*Den(p3)*
      Deng(q2 + q3,xiw,M3)^4*q2.q2*ufoGC58^2*ufoGC5
       + 1/4*g_(1,6_,nu10)*g_(2,6_,nu11)*Vec(nu10,q2)*Vec(nu11,q2)*Den(p3)*
      Deng(q2 + q3,xiw,M3)^4*q3.q3*d*ufoGC58^2*ufoGC5
       - 1/4*g_(1,6_,nu10)*g_(2,6_,nu11)*Vec(nu10,q2)*Vec(nu11,q2)*Den(p3)*
      Deng(q2 + q3,xiw,M3)^4*q3.q3*ufoGC58^2*ufoGC5
       - 1/4*g_(1,6_,nu10)*g_(2,6_,nu11)*Vec(nu10,q2)*Vec(nu11,q3)*Den(p3)^2*
      Deng(q2 + q3,xiw,M3)^3*p3.p3*xia*ufoGC58^2*ufoGC5
       + 1/4*g_(1,6_,nu10)*g_(2,6_,nu11)*Vec(nu10,q2)*Vec(nu11,q3)*Den(p3)^2*
      Deng(q2 + q3,xiw,M3)^3*p3.p3*ufoGC58^2*ufoGC5
       + 1/4*g_(1,6_,nu10)*g_(2,6_,nu11)*Vec(nu10,q2)*Vec(nu11,q3)*Den(p3)^2*
      Deng(q2 + q3,xiw,M3)^4*p3.p3*q2.q2*xia*ufoGC58^2*ufoGC5
       - 1/4*g_(1,6_,nu10)*g_(2,6_,nu11)*Vec(nu10,q2)*Vec(nu11,q3)*Den(p3)^2*
      Deng(q2 + q3,xiw,M3)^4*p3.p3*q2.q2*ufoGC58^2*ufoGC5
       + 1/4*g_(1,6_,nu10)*g_(2,6_,nu11)*Vec(nu10,q2)*Vec(nu11,q3)*Den(p3)^2*
      Deng(q2 + q3,xiw,M3)^4*p3.p3*q3.q3*xia*ufoGC58^2*ufoGC5
       - 1/4*g_(1,6_,nu10)*g_(2,6_,nu11)*Vec(nu10,q2)*Vec(nu11,q3)*Den(p3)^2*
      Deng(q2 + q3,xiw,M3)^4*p3.p3*q3.q3*ufoGC58^2*ufoGC5
       - 1/4*g_(1,6_,nu10)*g_(2,6_,nu11)*Vec(nu10,q2)*Vec(nu11,q3)*Den(p3)*
      Deng(q2 + q3,xiw,M3)^3*d*ufoGC58^2*ufoGC5
       + 1/4*g_(1,6_,nu10)*g_(2,6_,nu11)*Vec(nu10,q2)*Vec(nu11,q3)*Den(p3)*
      Deng(q2 + q3,xiw,M3)^3*ufoGC58^2*ufoGC5
       + 1/4*g_(1,6_,nu10)*g_(2,6_,nu11)*Vec(nu10,q2)*Vec(nu11,q3)*Den(p3)*
      Deng(q2 + q3,xiw,M3)^4*q2.q2*d*ufoGC58^2*ufoGC5
       - 1/4*g_(1,6_,nu10)*g_(2,6_,nu11)*Vec(nu10,q2)*Vec(nu11,q3)*Den(p3)*
      Deng(q2 + q3,xiw,M3)^4*q2.q2*ufoGC58^2*ufoGC5
       + 1/4*g_(1,6_,nu10)*g_(2,6_,nu11)*Vec(nu10,q2)*Vec(nu11,q3)*Den(p3)*
      Deng(q2 + q3,xiw,M3)^4*q3.q3*d*ufoGC58^2*ufoGC5
       - 1/4*g_(1,6_,nu10)*g_(2,6_,nu11)*Vec(nu10,q2)*Vec(nu11,q3)*Den(p3)*
      Deng(q2 + q3,xiw,M3)^4*q3.q3*ufoGC58^2*ufoGC5
       + 1/4*g_(1,6_,nu10)*g_(2,6_,nu11)*Vec(nu10,q3)*Vec(nu11,p3)*Vec(nu9,p3)
      *Vec(nu9,q2)*Den(p3)^2*Deng(q2 + q3,xiw,M3)^3*xia*ufoGC58^2*ufoGC5
       - 1/4*g_(1,6_,nu10)*g_(2,6_,nu11)*Vec(nu10,q3)*Vec(nu11,p3)*Vec(nu9,p3)
      *Vec(nu9,q2)*Den(p3)^2*Deng(q2 + q3,xiw,M3)^3*ufoGC58^2*ufoGC5
       - 1/4*g_(1,6_,nu10)*g_(2,6_,nu11)*Vec(nu10,q3)*Vec(nu11,q2)*Den(p3)^2*
      Deng(q2 + q3,xiw,M3)^3*p3.p3*xia*ufoGC58^2*ufoGC5
       + 1/4*g_(1,6_,nu10)*g_(2,6_,nu11)*Vec(nu10,q3)*Vec(nu11,q2)*Den(p3)^2*
      Deng(q2 + q3,xiw,M3)^3*p3.p3*ufoGC58^2*ufoGC5
       + 1/4*g_(1,6_,nu10)*g_(2,6_,nu11)*Vec(nu10,q3)*Vec(nu11,q2)*Den(p3)^2*
      Deng(q2 + q3,xiw,M3)^4*p3.p3*q2.q2*xia*ufoGC58^2*ufoGC5
       - 1/4*g_(1,6_,nu10)*g_(2,6_,nu11)*Vec(nu10,q3)*Vec(nu11,q2)*Den(p3)^2*
      Deng(q2 + q3,xiw,M3)^4*p3.p3*q2.q2*ufoGC58^2*ufoGC5
       + 1/4*g_(1,6_,nu10)*g_(2,6_,nu11)*Vec(nu10,q3)*Vec(nu11,q2)*Den(p3)^2*
      Deng(q2 + q3,xiw,M3)^4*p3.p3*q3.q3*xia*ufoGC58^2*ufoGC5
       - 1/4*g_(1,6_,nu10)*g_(2,6_,nu11)*Vec(nu10,q3)*Vec(nu11,q2)*Den(p3)^2*
      Deng(q2 + q3,xiw,M3)^4*p3.p3*q3.q3*ufoGC58^2*ufoGC5
       - 1/4*g_(1,6_,nu10)*g_(2,6_,nu11)*Vec(nu10,q3)*Vec(nu11,q2)*Den(p3)*
      Deng(q2 + q3,xiw,M3)^3*d*ufoGC58^2*ufoGC5
       + 1/4*g_(1,6_,nu10)*g_(2,6_,nu11)*Vec(nu10,q3)*Vec(nu11,q2)*Den(p3)*
      Deng(q2 + q3,xiw,M3)^3*ufoGC58^2*ufoGC5
       + 1/4*g_(1,6_,nu10)*g_(2,6_,nu11)*Vec(nu10,q3)*Vec(nu11,q2)*Den(p3)*
      Deng(q2 + q3,xiw,M3)^4*q2.q2*d*ufoGC58^2*ufoGC5
       - 1/4*g_(1,6_,nu10)*g_(2,6_,nu11)*Vec(nu10,q3)*Vec(nu11,q2)*Den(p3)*
      Deng(q2 + q3,xiw,M3)^4*q2.q2*ufoGC58^2*ufoGC5
       + 1/4*g_(1,6_,nu10)*g_(2,6_,nu11)*Vec(nu10,q3)*Vec(nu11,q2)*Den(p3)*
      Deng(q2 + q3,xiw,M3)^4*q3.q3*d*ufoGC58^2*ufoGC5
       - 1/4*g_(1,6_,nu10)*g_(2,6_,nu11)*Vec(nu10,q3)*Vec(nu11,q2)*Den(p3)*
      Deng(q2 + q3,xiw,M3)^4*q3.q3*ufoGC58^2*ufoGC5
       - 1/4*g_(1,6_,nu10)*g_(2,6_,nu11)*Vec(nu10,q3)*Vec(nu11,q3)*Den(p3)^2*
      Deng(q2 + q3,xiw,M3)^3*p3.p3*xia*ufoGC58^2*ufoGC5
       + 1/4*g_(1,6_,nu10)*g_(2,6_,nu11)*Vec(nu10,q3)*Vec(nu11,q3)*Den(p3)^2*
      Deng(q2 + q3,xiw,M3)^3*p3.p3*ufoGC58^2*ufoGC5
       + 1/4*g_(1,6_,nu10)*g_(2,6_,nu11)*Vec(nu10,q3)*Vec(nu11,q3)*Den(p3)^2*
      Deng(q2 + q3,xiw,M3)^4*p3.p3*q2.q2*xia*ufoGC58^2*ufoGC5
       - 1/4*g_(1,6_,nu10)*g_(2,6_,nu11)*Vec(nu10,q3)*Vec(nu11,q3)*Den(p3)^2*
      Deng(q2 + q3,xiw,M3)^4*p3.p3*q2.q2*ufoGC58^2*ufoGC5
       + 1/4*g_(1,6_,nu10)*g_(2,6_,nu11)*Vec(nu10,q3)*Vec(nu11,q3)*Den(p3)^2*
      Deng(q2 + q3,xiw,M3)^4*p3.p3*q3.q3*xia*ufoGC58^2*ufoGC5
       - 1/4*g_(1,6_,nu10)*g_(2,6_,nu11)*Vec(nu10,q3)*Vec(nu11,q3)*Den(p3)^2*
      Deng(q2 + q3,xiw,M3)^4*p3.p3*q3.q3*ufoGC58^2*ufoGC5
       - 1/4*g_(1,6_,nu10)*g_(2,6_,nu11)*Vec(nu10,q3)*Vec(nu11,q3)*Den(p3)*
      Deng(q2 + q3,xiw,M3)^3*d*ufoGC58^2*ufoGC5
       + 1/4*g_(1,6_,nu10)*g_(2,6_,nu11)*Vec(nu10,q3)*Vec(nu11,q3)*Den(p3)*
      Deng(q2 + q3,xiw,M3)^3*ufoGC58^2*ufoGC5
       + 1/4*g_(1,6_,nu10)*g_(2,6_,nu11)*Vec(nu10,q3)*Vec(nu11,q3)*Den(p3)*
      Deng(q2 + q3,xiw,M3)^4*q2.q2*d*ufoGC58^2*ufoGC5
       - 1/4*g_(1,6_,nu10)*g_(2,6_,nu11)*Vec(nu10,q3)*Vec(nu11,q3)*Den(p3)*
      Deng(q2 + q3,xiw,M3)^4*q2.q2*ufoGC58^2*ufoGC5
       + 1/4*g_(1,6_,nu10)*g_(2,6_,nu11)*Vec(nu10,q3)*Vec(nu11,q3)*Den(p3)*
      Deng(q2 + q3,xiw,M3)^4*q3.q3*d*ufoGC58^2*ufoGC5
       - 1/4*g_(1,6_,nu10)*g_(2,6_,nu11)*Vec(nu10,q3)*Vec(nu11,q3)*Den(p3)*
      Deng(q2 + q3,xiw,M3)^4*q3.q3*ufoGC58^2*ufoGC5
       + 1/4*g_(1,6_,nu10)*g_(2,6_,nu12)/(d^3 + d^2 - 2*d)*Vec(nu10,q2)*Vec(
      nu12,q3)*Den(p3)^2*Deng(q2 + q3,xiw,M3)^4*p3.p3*q3.q3*d*xia*ufoGC58^2*
      ufoGC5
       - 1/4*g_(1,6_,nu10)*g_(2,6_,nu12)/(d^3 + d^2 - 2*d)*Vec(nu10,q2)*Vec(
      nu12,q3)*Den(p3)^2*Deng(q2 + q3,xiw,M3)^4*p3.p3*q3.q3*d*ufoGC58^2*ufoGC5
       + 1/4*g_(1,6_,nu10)*g_(2,6_,nu12)/(d^3 + d^2 - 2*d)*Vec(nu10,q2)*Vec(
      nu12,q3)*Den(p3)^2*Deng(q2 + q3,xiw,M3)^4*p3.p3*q3.q3*xia*ufoGC58^2*
      ufoGC5
       - 1/4*g_(1,6_,nu10)*g_(2,6_,nu12)/(d^3 + d^2 - 2*d)*Vec(nu10,q2)*Vec(
      nu12,q3)*Den(p3)^2*Deng(q2 + q3,xiw,M3)^4*p3.p3*q3.q3*ufoGC58^2*ufoGC5
       - 1/4*g_(1,6_,nu10)*g_(2,6_,nu12)/(d^3 + d^2 - 2*d)*Vec(nu10,q2)*Vec(
      nu12,q3)*Den(p3)^2*Deng(q2 + q3,xiw,M3)^4*p3.q3^2*d^2*xia*ufoGC58^2*
      ufoGC5
       + 1/4*g_(1,6_,nu10)*g_(2,6_,nu12)/(d^3 + d^2 - 2*d)*Vec(nu10,q2)*Vec(
      nu12,q3)*Den(p3)^2*Deng(q2 + q3,xiw,M3)^4*p3.q3^2*d^2*ufoGC58^2*ufoGC5
       - 1/4*g_(1,6_,nu10)*g_(2,6_,nu12)/(d^3 + d^2 - 2*d)*Vec(nu10,q2)*Vec(
      nu12,q3)*Den(p3)^2*Deng(q2 + q3,xiw,M3)^4*p3.q3^2*d*xia*ufoGC58^2*ufoGC5
       + 1/4*g_(1,6_,nu10)*g_(2,6_,nu12)/(d^3 + d^2 - 2*d)*Vec(nu10,q2)*Vec(
      nu12,q3)*Den(p3)^2*Deng(q2 + q3,xiw,M3)^4*p3.q3^2*d*ufoGC58^2*ufoGC5
       + 1/4*g_(1,6_,nu10)*g_(2,6_,nu12)/(d^3 + d^2 - 2*d)*Vec(nu10,q3)*Vec(
      nu12,q2)*Den(p3)^2*Deng(q2 + q3,xiw,M3)^4*p3.p3*q2.q2*d*xia*ufoGC58^2*
      ufoGC5
       - 1/4*g_(1,6_,nu10)*g_(2,6_,nu12)/(d^3 + d^2 - 2*d)*Vec(nu10,q3)*Vec(
      nu12,q2)*Den(p3)^2*Deng(q2 + q3,xiw,M3)^4*p3.p3*q2.q2*d*ufoGC58^2*ufoGC5
       + 1/4*g_(1,6_,nu10)*g_(2,6_,nu12)/(d^3 + d^2 - 2*d)*Vec(nu10,q3)*Vec(
      nu12,q2)*Den(p3)^2*Deng(q2 + q3,xiw,M3)^4*p3.p3*q2.q2*xia*ufoGC58^2*
      ufoGC5
       - 1/4*g_(1,6_,nu10)*g_(2,6_,nu12)/(d^3 + d^2 - 2*d)*Vec(nu10,q3)*Vec(
      nu12,q2)*Den(p3)^2*Deng(q2 + q3,xiw,M3)^4*p3.p3*q2.q2*ufoGC58^2*ufoGC5
       - 1/4*g_(1,6_,nu10)*g_(2,6_,nu12)/(d^3 + d^2 - 2*d)*Vec(nu10,q3)*Vec(
      nu12,q2)*Den(p3)^2*Deng(q2 + q3,xiw,M3)^4*p3.q2^2*d^2*xia*ufoGC58^2*
      ufoGC5
       + 1/4*g_(1,6_,nu10)*g_(2,6_,nu12)/(d^3 + d^2 - 2*d)*Vec(nu10,q3)*Vec(
      nu12,q2)*Den(p3)^2*Deng(q2 + q3,xiw,M3)^4*p3.q2^2*d^2*ufoGC58^2*ufoGC5
       - 1/4*g_(1,6_,nu10)*g_(2,6_,nu12)/(d^3 + d^2 - 2*d)*Vec(nu10,q3)*Vec(
      nu12,q2)*Den(p3)^2*Deng(q2 + q3,xiw,M3)^4*p3.q2^2*d*xia*ufoGC58^2*ufoGC5
       + 1/4*g_(1,6_,nu10)*g_(2,6_,nu12)/(d^3 + d^2 - 2*d)*Vec(nu10,q3)*Vec(
      nu12,q2)*Den(p3)^2*Deng(q2 + q3,xiw,M3)^4*p3.q2^2*d*ufoGC58^2*ufoGC5
       + 1/4*g_(1,6_,nu11)*g_(2,6_,nu11)*Den(p3)^2*Deng(q2 + q3,xiw,M3)^2*
      p3.p3*xia*ufoGC58^2*ufoGC5
       - 1/4*g_(1,6_,nu11)*g_(2,6_,nu11)*Den(p3)^2*Deng(q2 + q3,xiw,M3)^2*
      p3.p3*ufoGC58^2*ufoGC5
       + 1/4*g_(1,6_,nu11)*g_(2,6_,nu11)*Den(p3)*Deng(q2 + q3,xiw,M3)^2*d*
      ufoGC58^2*ufoGC5
       - 1/4*g_(1,6_,nu11)*g_(2,6_,nu11)*Den(p3)*Deng(q2 + q3,xiw,M3)^2*
      ufoGC58^2*ufoGC5
       + 1/2*g_(1,6_,nu11)*g_(2,6_,nu11)/(d^3 + d^2 - 2*d)*Vec(nu9,p3)^2*Den(
      p3)^2*Deng(q2 + q3,xiw,M3)^4*q2.q2*q3.q3*xia*ufoGC58^2*ufoGC5
       - 1/2*g_(1,6_,nu11)*g_(2,6_,nu11)/(d^3 + d^2 - 2*d)*Vec(nu9,p3)^2*Den(
      p3)^2*Deng(q2 + q3,xiw,M3)^4*q2.q2*q3.q3*ufoGC58^2*ufoGC5
       - 1/2*g_(1,6_,nu11)*g_(2,6_,nu11)/(d^3 + d^2 - 2*d)*Vec(nu9,p3)^2*Den(
      p3)^2*Deng(q2 + q3,xiw,M3)^4*q2.q3^2*d*xia*ufoGC58^2*ufoGC5
       + 1/2*g_(1,6_,nu11)*g_(2,6_,nu11)/(d^3 + d^2 - 2*d)*Vec(nu9,p3)^2*Den(
      p3)^2*Deng(q2 + q3,xiw,M3)^4*q2.q3^2*d*ufoGC58^2*ufoGC5
       + 1/2*g_(1,6_,nu11)*g_(2,6_,nu11)/(d^3 + d^2 - 2*d)*Vec(nu12,p3)^2*Den(
      p3)^2*Deng(q2 + q3,xiw,M3)^4*q2.q2*q3.q3*xia*ufoGC58^2*ufoGC5
       - 1/2*g_(1,6_,nu11)*g_(2,6_,nu11)/(d^3 + d^2 - 2*d)*Vec(nu12,p3)^2*Den(
      p3)^2*Deng(q2 + q3,xiw,M3)^4*q2.q2*q3.q3*ufoGC58^2*ufoGC5
       - 1/2*g_(1,6_,nu11)*g_(2,6_,nu11)/(d^3 + d^2 - 2*d)*Vec(nu12,p3)^2*Den(
      p3)^2*Deng(q2 + q3,xiw,M3)^4*q2.q3^2*d*xia*ufoGC58^2*ufoGC5
       + 1/2*g_(1,6_,nu11)*g_(2,6_,nu11)/(d^3 + d^2 - 2*d)*Vec(nu12,p3)^2*Den(
      p3)^2*Deng(q2 + q3,xiw,M3)^4*q2.q3^2*d*ufoGC58^2*ufoGC5
       - 1/4*g_(1,6_,nu11)*g_(2,6_,nu11)/(d^3 + d^2 - 2*d)*Den(p3)^2*Deng(q2
       + q3,xiw,M3)^3*p3.p3*q2.q2*d*xia*ufoGC58^2*ufoGC5
       + 1/4*g_(1,6_,nu11)*g_(2,6_,nu11)/(d^3 + d^2 - 2*d)*Den(p3)^2*Deng(q2
       + q3,xiw,M3)^3*p3.p3*q2.q2*d*ufoGC58^2*ufoGC5
       - 1/4*g_(1,6_,nu11)*g_(2,6_,nu11)/(d^3 + d^2 - 2*d)*Den(p3)^2*Deng(q2
       + q3,xiw,M3)^3*p3.p3*q2.q2*xia*ufoGC58^2*ufoGC5
       + 1/4*g_(1,6_,nu11)*g_(2,6_,nu11)/(d^3 + d^2 - 2*d)*Den(p3)^2*Deng(q2
       + q3,xiw,M3)^3*p3.p3*q2.q2*ufoGC58^2*ufoGC5
       - 1/4*g_(1,6_,nu11)*g_(2,6_,nu11)/(d^3 + d^2 - 2*d)*Den(p3)^2*Deng(q2
       + q3,xiw,M3)^3*p3.p3*q3.q3*d*xia*ufoGC58^2*ufoGC5
       + 1/4*g_(1,6_,nu11)*g_(2,6_,nu11)/(d^3 + d^2 - 2*d)*Den(p3)^2*Deng(q2
       + q3,xiw,M3)^3*p3.p3*q3.q3*d*ufoGC58^2*ufoGC5
       - 1/4*g_(1,6_,nu11)*g_(2,6_,nu11)/(d^3 + d^2 - 2*d)*Den(p3)^2*Deng(q2
       + q3,xiw,M3)^3*p3.p3*q3.q3*xia*ufoGC58^2*ufoGC5
       + 1/4*g_(1,6_,nu11)*g_(2,6_,nu11)/(d^3 + d^2 - 2*d)*Den(p3)^2*Deng(q2
       + q3,xiw,M3)^3*p3.p3*q3.q3*ufoGC58^2*ufoGC5
       + 1/4*g_(1,6_,nu11)*g_(2,6_,nu11)/(d^3 + d^2 - 2*d)*Den(p3)^2*Deng(q2
       + q3,xiw,M3)^3*p3.q2^2*d^2*xia*ufoGC58^2*ufoGC5
       - 1/4*g_(1,6_,nu11)*g_(2,6_,nu11)/(d^3 + d^2 - 2*d)*Den(p3)^2*Deng(q2
       + q3,xiw,M3)^3*p3.q2^2*d^2*ufoGC58^2*ufoGC5
       + 1/4*g_(1,6_,nu11)*g_(2,6_,nu11)/(d^3 + d^2 - 2*d)*Den(p3)^2*Deng(q2
       + q3,xiw,M3)^3*p3.q2^2*d*xia*ufoGC58^2*ufoGC5
       - 1/4*g_(1,6_,nu11)*g_(2,6_,nu11)/(d^3 + d^2 - 2*d)*Den(p3)^2*Deng(q2
       + q3,xiw,M3)^3*p3.q2^2*d*ufoGC58^2*ufoGC5
       + 1/4*g_(1,6_,nu11)*g_(2,6_,nu11)/(d^3 + d^2 - 2*d)*Den(p3)^2*Deng(q2
       + q3,xiw,M3)^3*p3.q3^2*d^2*xia*ufoGC58^2*ufoGC5
       - 1/4*g_(1,6_,nu11)*g_(2,6_,nu11)/(d^3 + d^2 - 2*d)*Den(p3)^2*Deng(q2
       + q3,xiw,M3)^3*p3.q3^2*d^2*ufoGC58^2*ufoGC5
       + 1/4*g_(1,6_,nu11)*g_(2,6_,nu11)/(d^3 + d^2 - 2*d)*Den(p3)^2*Deng(q2
       + q3,xiw,M3)^3*p3.q3^2*d*xia*ufoGC58^2*ufoGC5
       - 1/4*g_(1,6_,nu11)*g_(2,6_,nu11)/(d^3 + d^2 - 2*d)*Den(p3)^2*Deng(q2
       + q3,xiw,M3)^3*p3.q3^2*d*ufoGC58^2*ufoGC5
       - g_(1,6_,nu11)*g_(2,6_,nu11)/(d^3 + d^2 - 2*d)*Den(p3)^2*Deng(q2 + q3,
      xiw,M3)^4*p3.p3*q2.q2*q3.q3*d*xia*ufoGC58^2*ufoGC5
       + g_(1,6_,nu11)*g_(2,6_,nu11)/(d^3 + d^2 - 2*d)*Den(p3)^2*Deng(q2 + q3,
      xiw,M3)^4*p3.p3*q2.q2*q3.q3*d*ufoGC58^2*ufoGC5
       - g_(1,6_,nu11)*g_(2,6_,nu11)/(d^3 + d^2 - 2*d)*Den(p3)^2*Deng(q2 + q3,
      xiw,M3)^4*p3.p3*q2.q2*q3.q3*xia*ufoGC58^2*ufoGC5
       + g_(1,6_,nu11)*g_(2,6_,nu11)/(d^3 + d^2 - 2*d)*Den(p3)^2*Deng(q2 + q3,
      xiw,M3)^4*p3.p3*q2.q2*q3.q3*ufoGC58^2*ufoGC5
       + g_(1,6_,nu11)*g_(2,6_,nu11)/(d^3 + d^2 - 2*d)*Den(p3)^2*Deng(q2 + q3,
      xiw,M3)^4*p3.p3*q2.q3^2*d^2*xia*ufoGC58^2*ufoGC5
       - g_(1,6_,nu11)*g_(2,6_,nu11)/(d^3 + d^2 - 2*d)*Den(p3)^2*Deng(q2 + q3,
      xiw,M3)^4*p3.p3*q2.q3^2*d^2*ufoGC58^2*ufoGC5
       + g_(1,6_,nu11)*g_(2,6_,nu11)/(d^3 + d^2 - 2*d)*Den(p3)^2*Deng(q2 + q3,
      xiw,M3)^4*p3.p3*q2.q3^2*d*xia*ufoGC58^2*ufoGC5
       - g_(1,6_,nu11)*g_(2,6_,nu11)/(d^3 + d^2 - 2*d)*Den(p3)^2*Deng(q2 + q3,
      xiw,M3)^4*p3.p3*q2.q3^2*d*ufoGC58^2*ufoGC5
       - g_(1,6_,nu11)*g_(2,6_,nu11)/(d^3 + d^2 - 2*d)*Den(p3)*Deng(q2 + q3,
      xiw,M3)^4*q2.q2*q3.q3*d^2*ufoGC58^2*ufoGC5
       + g_(1,6_,nu11)*g_(2,6_,nu11)/(d^3 + d^2 - 2*d)*Den(p3)*Deng(q2 + q3,
      xiw,M3)^4*q2.q2*q3.q3*ufoGC58^2*ufoGC5
       + g_(1,6_,nu11)*g_(2,6_,nu11)/(d^3 + d^2 - 2*d)*Den(p3)*Deng(q2 + q3,
      xiw,M3)^4*q2.q3^2*d^3*ufoGC58^2*ufoGC5
       - g_(1,6_,nu11)*g_(2,6_,nu11)/(d^3 + d^2 - 2*d)*Den(p3)*Deng(q2 + q3,
      xiw,M3)^4*q2.q3^2*d*ufoGC58^2*ufoGC5
       + 1/2*g_(1,6_,nu11)*g_(2,6_,nu11)/(d^2 + 2*d)*Den(p3)^2*Deng(q2 + q3,
      xiw,M3)^4*p3.p3*q2.q2*q2.q3*xia*ufoGC58^2*ufoGC5
       - 1/2*g_(1,6_,nu11)*g_(2,6_,nu11)/(d^2 + 2*d)*Den(p3)^2*Deng(q2 + q3,
      xiw,M3)^4*p3.p3*q2.q2*q2.q3*ufoGC58^2*ufoGC5
       + 1/2*g_(1,6_,nu11)*g_(2,6_,nu11)/(d^2 + 2*d)*Den(p3)^2*Deng(q2 + q3,
      xiw,M3)^4*p3.p3*q2.q3*q3.q3*xia*ufoGC58^2*ufoGC5
       - 1/2*g_(1,6_,nu11)*g_(2,6_,nu11)/(d^2 + 2*d)*Den(p3)^2*Deng(q2 + q3,
      xiw,M3)^4*p3.p3*q2.q3*q3.q3*ufoGC58^2*ufoGC5
       + 1/2*g_(1,6_,nu11)*g_(2,6_,nu11)/(d^2 + 2*d)*Den(p3)*Deng(q2 + q3,xiw,
      M3)^4*q2.q2*q2.q3*d*ufoGC58^2*ufoGC5
       - 1/2*g_(1,6_,nu11)*g_(2,6_,nu11)/(d^2 + 2*d)*Den(p3)*Deng(q2 + q3,xiw,
      M3)^4*q2.q2*q2.q3*ufoGC58^2*ufoGC5
       + 1/2*g_(1,6_,nu11)*g_(2,6_,nu11)/(d^2 + 2*d)*Den(p3)*Deng(q2 + q3,xiw,
      M3)^4*q2.q3*q3.q3*d*ufoGC58^2*ufoGC5
       - 1/2*g_(1,6_,nu11)*g_(2,6_,nu11)/(d^2 + 2*d)*Den(p3)*Deng(q2 + q3,xiw,
      M3)^4*q2.q3*q3.q3*ufoGC58^2*ufoGC5
       - 1/4*g_(1,6_,nu9)*g_(2,6_,nu11)*Vec(nu11,p3)*Vec(nu9,p3)*Den(p3)^2*
      Deng(q2 + q3,xiw,M3)^2*xia*ufoGC58^2*ufoGC5
       + 1/4*g_(1,6_,nu9)*g_(2,6_,nu11)*Vec(nu11,p3)*Vec(nu9,p3)*Den(p3)^2*
      Deng(q2 + q3,xiw,M3)^2*ufoGC58^2*ufoGC5
       + 1/4*g_(1,6_,nu9)*g_(2,6_,nu11)*Vec(nu11,q2)*Vec(nu9,p3)*Vec(nu12,p3)*
      Vec(nu12,q3)*Den(p3)^2*Deng(q2 + q3,xiw,M3)^3*xia*ufoGC58^2*ufoGC5
       - 1/4*g_(1,6_,nu9)*g_(2,6_,nu11)*Vec(nu11,q2)*Vec(nu9,p3)*Vec(nu12,p3)*
      Vec(nu12,q3)*Den(p3)^2*Deng(q2 + q3,xiw,M3)^3*ufoGC58^2*ufoGC5
       + 1/8*g_(1,6_,nu9)*g_(2,6_,nu11)*Vec(nu11,q2)*Vec(nu9,q2)*Den(p3)*Deng(
      q2 + q3,xiw,M3)^3*ufoGC58^2*ufoGC5
       + 1/8*g_(1,6_,nu9)*g_(2,6_,nu11)*Vec(nu11,q2)*Vec(nu9,q3)*Den(p3)*Deng(
      q2 + q3,xiw,M3)^3*ufoGC58^2*ufoGC5
       + 1/4*g_(1,6_,nu9)*g_(2,6_,nu11)*Vec(nu11,q3)*Vec(nu9,p3)*Vec(nu12,p3)*
      Vec(nu12,q2)*Den(p3)^2*Deng(q2 + q3,xiw,M3)^3*xia*ufoGC58^2*ufoGC5
       - 1/4*g_(1,6_,nu9)*g_(2,6_,nu11)*Vec(nu11,q3)*Vec(nu9,p3)*Vec(nu12,p3)*
      Vec(nu12,q2)*Den(p3)^2*Deng(q2 + q3,xiw,M3)^3*ufoGC58^2*ufoGC5
       + 1/8*g_(1,6_,nu9)*g_(2,6_,nu11)*Vec(nu11,q3)*Vec(nu9,q2)*Den(p3)*Deng(
      q2 + q3,xiw,M3)^3*ufoGC58^2*ufoGC5
       + 1/8*g_(1,6_,nu9)*g_(2,6_,nu11)*Vec(nu11,q3)*Vec(nu9,q3)*Den(p3)*Deng(
      q2 + q3,xiw,M3)^3*ufoGC58^2*ufoGC5
       + 1/2*g_(1,6_,nu9)*g_(2,6_,nu11)/(d^3 + d^2 - 2*d)*Vec(nu11,p3)*Vec(nu9
      ,p3)*Den(p3)^2*Deng(q2 + q3,xiw,M3)^4*q2.q2*q3.q3*xia*ufoGC58^2*ufoGC5
       - 1/2*g_(1,6_,nu9)*g_(2,6_,nu11)/(d^3 + d^2 - 2*d)*Vec(nu11,p3)*Vec(nu9
      ,p3)*Den(p3)^2*Deng(q2 + q3,xiw,M3)^4*q2.q2*q3.q3*ufoGC58^2*ufoGC5
       - 1/2*g_(1,6_,nu9)*g_(2,6_,nu11)/(d^3 + d^2 - 2*d)*Vec(nu11,p3)*Vec(nu9
      ,p3)*Den(p3)^2*Deng(q2 + q3,xiw,M3)^4*q2.q3^2*d*xia*ufoGC58^2*ufoGC5
       + 1/2*g_(1,6_,nu9)*g_(2,6_,nu11)/(d^3 + d^2 - 2*d)*Vec(nu11,p3)*Vec(nu9
      ,p3)*Den(p3)^2*Deng(q2 + q3,xiw,M3)^4*q2.q3^2*d*ufoGC58^2*ufoGC5
       - 1/4*g_(1,6_,nu9)*g_(2,6_,nu9)/(d^3 + d^2 - 2*d)*Den(p3)^2*Deng(q2 + 
      q3,xiw,M3)^3*p3.p3*q2.q2*d*xia*ufoGC58^2*ufoGC5
       + 1/4*g_(1,6_,nu9)*g_(2,6_,nu9)/(d^3 + d^2 - 2*d)*Den(p3)^2*Deng(q2 + 
      q3,xiw,M3)^3*p3.p3*q2.q2*d*ufoGC58^2*ufoGC5
       - 1/4*g_(1,6_,nu9)*g_(2,6_,nu9)/(d^3 + d^2 - 2*d)*Den(p3)^2*Deng(q2 + 
      q3,xiw,M3)^3*p3.p3*q2.q2*xia*ufoGC58^2*ufoGC5
       + 1/4*g_(1,6_,nu9)*g_(2,6_,nu9)/(d^3 + d^2 - 2*d)*Den(p3)^2*Deng(q2 + 
      q3,xiw,M3)^3*p3.p3*q2.q2*ufoGC58^2*ufoGC5
       - 1/4*g_(1,6_,nu9)*g_(2,6_,nu9)/(d^3 + d^2 - 2*d)*Den(p3)^2*Deng(q2 + 
      q3,xiw,M3)^3*p3.p3*q3.q3*d*xia*ufoGC58^2*ufoGC5
       + 1/4*g_(1,6_,nu9)*g_(2,6_,nu9)/(d^3 + d^2 - 2*d)*Den(p3)^2*Deng(q2 + 
      q3,xiw,M3)^3*p3.p3*q3.q3*d*ufoGC58^2*ufoGC5
       - 1/4*g_(1,6_,nu9)*g_(2,6_,nu9)/(d^3 + d^2 - 2*d)*Den(p3)^2*Deng(q2 + 
      q3,xiw,M3)^3*p3.p3*q3.q3*xia*ufoGC58^2*ufoGC5
       + 1/4*g_(1,6_,nu9)*g_(2,6_,nu9)/(d^3 + d^2 - 2*d)*Den(p3)^2*Deng(q2 + 
      q3,xiw,M3)^3*p3.p3*q3.q3*ufoGC58^2*ufoGC5
       + 1/4*g_(1,6_,nu9)*g_(2,6_,nu9)/(d^3 + d^2 - 2*d)*Den(p3)^2*Deng(q2 + 
      q3,xiw,M3)^3*p3.q2^2*d^2*xia*ufoGC58^2*ufoGC5
       - 1/4*g_(1,6_,nu9)*g_(2,6_,nu9)/(d^3 + d^2 - 2*d)*Den(p3)^2*Deng(q2 + 
      q3,xiw,M3)^3*p3.q2^2*d^2*ufoGC58^2*ufoGC5
       + 1/4*g_(1,6_,nu9)*g_(2,6_,nu9)/(d^3 + d^2 - 2*d)*Den(p3)^2*Deng(q2 + 
      q3,xiw,M3)^3*p3.q2^2*d*xia*ufoGC58^2*ufoGC5
       - 1/4*g_(1,6_,nu9)*g_(2,6_,nu9)/(d^3 + d^2 - 2*d)*Den(p3)^2*Deng(q2 + 
      q3,xiw,M3)^3*p3.q2^2*d*ufoGC58^2*ufoGC5
       + 1/4*g_(1,6_,nu9)*g_(2,6_,nu9)/(d^3 + d^2 - 2*d)*Den(p3)^2*Deng(q2 + 
      q3,xiw,M3)^3*p3.q3^2*d^2*xia*ufoGC58^2*ufoGC5
       - 1/4*g_(1,6_,nu9)*g_(2,6_,nu9)/(d^3 + d^2 - 2*d)*Den(p3)^2*Deng(q2 + 
      q3,xiw,M3)^3*p3.q3^2*d^2*ufoGC58^2*ufoGC5
       + 1/4*g_(1,6_,nu9)*g_(2,6_,nu9)/(d^3 + d^2 - 2*d)*Den(p3)^2*Deng(q2 + 
      q3,xiw,M3)^3*p3.q3^2*d*xia*ufoGC58^2*ufoGC5
       - 1/4*g_(1,6_,nu9)*g_(2,6_,nu9)/(d^3 + d^2 - 2*d)*Den(p3)^2*Deng(q2 + 
      q3,xiw,M3)^3*p3.q3^2*d*ufoGC58^2*ufoGC5
       + 1/4*g_(1,6_,nu9)*g_(2,6_,nu12)/(d^3 + d^2 - 2*d)*Vec(nu9,q2)*Vec(nu12
      ,q2)*Den(p3)^2*Deng(q2 + q3,xiw,M3)^4*p3.p3*q2.q2*xia*ufoGC58^2*ufoGC5
       - 1/4*g_(1,6_,nu9)*g_(2,6_,nu12)/(d^3 + d^2 - 2*d)*Vec(nu9,q2)*Vec(nu12
      ,q2)*Den(p3)^2*Deng(q2 + q3,xiw,M3)^4*p3.p3*q2.q2*ufoGC58^2*ufoGC5
       + 1/4*g_(1,6_,nu9)*g_(2,6_,nu12)/(d^3 + d^2 - 2*d)*Vec(nu9,q2)*Vec(nu12
      ,q2)*Den(p3)^2*Deng(q2 + q3,xiw,M3)^4*p3.p3*q3.q3*xia*ufoGC58^2*ufoGC5
       - 1/4*g_(1,6_,nu9)*g_(2,6_,nu12)/(d^3 + d^2 - 2*d)*Vec(nu9,q2)*Vec(nu12
      ,q2)*Den(p3)^2*Deng(q2 + q3,xiw,M3)^4*p3.p3*q3.q3*ufoGC58^2*ufoGC5
       - 1/4*g_(1,6_,nu9)*g_(2,6_,nu12)/(d^3 + d^2 - 2*d)*Vec(nu9,q2)*Vec(nu12
      ,q2)*Den(p3)^2*Deng(q2 + q3,xiw,M3)^4*p3.q2^2*d*xia*ufoGC58^2*ufoGC5
       + 1/4*g_(1,6_,nu9)*g_(2,6_,nu12)/(d^3 + d^2 - 2*d)*Vec(nu9,q2)*Vec(nu12
      ,q2)*Den(p3)^2*Deng(q2 + q3,xiw,M3)^4*p3.q2^2*d*ufoGC58^2*ufoGC5
       - 1/4*g_(1,6_,nu9)*g_(2,6_,nu12)/(d^3 + d^2 - 2*d)*Vec(nu9,q2)*Vec(nu12
      ,q2)*Den(p3)^2*Deng(q2 + q3,xiw,M3)^4*p3.q3^2*d*xia*ufoGC58^2*ufoGC5
       + 1/4*g_(1,6_,nu9)*g_(2,6_,nu12)/(d^3 + d^2 - 2*d)*Vec(nu9,q2)*Vec(nu12
      ,q2)*Den(p3)^2*Deng(q2 + q3,xiw,M3)^4*p3.q3^2*d*ufoGC58^2*ufoGC5
       + 1/4*g_(1,6_,nu9)*g_(2,6_,nu12)/(d^3 + d^2 - 2*d)*Vec(nu9,q2)*Vec(nu12
      ,q3)*Den(p3)^2*Deng(q2 + q3,xiw,M3)^4*p3.p3*q2.q2*xia*ufoGC58^2*ufoGC5
       - 1/4*g_(1,6_,nu9)*g_(2,6_,nu12)/(d^3 + d^2 - 2*d)*Vec(nu9,q2)*Vec(nu12
      ,q3)*Den(p3)^2*Deng(q2 + q3,xiw,M3)^4*p3.p3*q2.q2*ufoGC58^2*ufoGC5
       + 1/4*g_(1,6_,nu9)*g_(2,6_,nu12)/(d^3 + d^2 - 2*d)*Vec(nu9,q2)*Vec(nu12
      ,q3)*Den(p3)^2*Deng(q2 + q3,xiw,M3)^4*p3.p3*q3.q3*xia*ufoGC58^2*ufoGC5
       - 1/4*g_(1,6_,nu9)*g_(2,6_,nu12)/(d^3 + d^2 - 2*d)*Vec(nu9,q2)*Vec(nu12
      ,q3)*Den(p3)^2*Deng(q2 + q3,xiw,M3)^4*p3.p3*q3.q3*ufoGC58^2*ufoGC5
       - 1/4*g_(1,6_,nu9)*g_(2,6_,nu12)/(d^3 + d^2 - 2*d)*Vec(nu9,q2)*Vec(nu12
      ,q3)*Den(p3)^2*Deng(q2 + q3,xiw,M3)^4*p3.q2^2*d*xia*ufoGC58^2*ufoGC5
       + 1/4*g_(1,6_,nu9)*g_(2,6_,nu12)/(d^3 + d^2 - 2*d)*Vec(nu9,q2)*Vec(nu12
      ,q3)*Den(p3)^2*Deng(q2 + q3,xiw,M3)^4*p3.q2^2*d*ufoGC58^2*ufoGC5
       - 1/4*g_(1,6_,nu9)*g_(2,6_,nu12)/(d^3 + d^2 - 2*d)*Vec(nu9,q2)*Vec(nu12
      ,q3)*Den(p3)^2*Deng(q2 + q3,xiw,M3)^4*p3.q3^2*d*xia*ufoGC58^2*ufoGC5
       + 1/4*g_(1,6_,nu9)*g_(2,6_,nu12)/(d^3 + d^2 - 2*d)*Vec(nu9,q2)*Vec(nu12
      ,q3)*Den(p3)^2*Deng(q2 + q3,xiw,M3)^4*p3.q3^2*d*ufoGC58^2*ufoGC5
       + 1/4*g_(1,6_,nu9)*g_(2,6_,nu12)/(d^3 + d^2 - 2*d)*Vec(nu9,q3)*Vec(nu12
      ,q2)*Den(p3)^2*Deng(q2 + q3,xiw,M3)^4*p3.p3*q2.q2*xia*ufoGC58^2*ufoGC5
       - 1/4*g_(1,6_,nu9)*g_(2,6_,nu12)/(d^3 + d^2 - 2*d)*Vec(nu9,q3)*Vec(nu12
      ,q2)*Den(p3)^2*Deng(q2 + q3,xiw,M3)^4*p3.p3*q2.q2*ufoGC58^2*ufoGC5
       + 1/4*g_(1,6_,nu9)*g_(2,6_,nu12)/(d^3 + d^2 - 2*d)*Vec(nu9,q3)*Vec(nu12
      ,q2)*Den(p3)^2*Deng(q2 + q3,xiw,M3)^4*p3.p3*q3.q3*xia*ufoGC58^2*ufoGC5
       - 1/4*g_(1,6_,nu9)*g_(2,6_,nu12)/(d^3 + d^2 - 2*d)*Vec(nu9,q3)*Vec(nu12
      ,q2)*Den(p3)^2*Deng(q2 + q3,xiw,M3)^4*p3.p3*q3.q3*ufoGC58^2*ufoGC5
       - 1/4*g_(1,6_,nu9)*g_(2,6_,nu12)/(d^3 + d^2 - 2*d)*Vec(nu9,q3)*Vec(nu12
      ,q2)*Den(p3)^2*Deng(q2 + q3,xiw,M3)^4*p3.q2^2*d*xia*ufoGC58^2*ufoGC5
       + 1/4*g_(1,6_,nu9)*g_(2,6_,nu12)/(d^3 + d^2 - 2*d)*Vec(nu9,q3)*Vec(nu12
      ,q2)*Den(p3)^2*Deng(q2 + q3,xiw,M3)^4*p3.q2^2*d*ufoGC58^2*ufoGC5
       - 1/4*g_(1,6_,nu9)*g_(2,6_,nu12)/(d^3 + d^2 - 2*d)*Vec(nu9,q3)*Vec(nu12
      ,q2)*Den(p3)^2*Deng(q2 + q3,xiw,M3)^4*p3.q3^2*d*xia*ufoGC58^2*ufoGC5
       + 1/4*g_(1,6_,nu9)*g_(2,6_,nu12)/(d^3 + d^2 - 2*d)*Vec(nu9,q3)*Vec(nu12
      ,q2)*Den(p3)^2*Deng(q2 + q3,xiw,M3)^4*p3.q3^2*d*ufoGC58^2*ufoGC5
       + 1/4*g_(1,6_,nu9)*g_(2,6_,nu12)/(d^3 + d^2 - 2*d)*Vec(nu9,q3)*Vec(nu12
      ,q3)*Den(p3)^2*Deng(q2 + q3,xiw,M3)^4*p3.p3*q2.q2*xia*ufoGC58^2*ufoGC5
       - 1/4*g_(1,6_,nu9)*g_(2,6_,nu12)/(d^3 + d^2 - 2*d)*Vec(nu9,q3)*Vec(nu12
      ,q3)*Den(p3)^2*Deng(q2 + q3,xiw,M3)^4*p3.p3*q2.q2*ufoGC58^2*ufoGC5
       + 1/4*g_(1,6_,nu9)*g_(2,6_,nu12)/(d^3 + d^2 - 2*d)*Vec(nu9,q3)*Vec(nu12
      ,q3)*Den(p3)^2*Deng(q2 + q3,xiw,M3)^4*p3.p3*q3.q3*xia*ufoGC58^2*ufoGC5
       - 1/4*g_(1,6_,nu9)*g_(2,6_,nu12)/(d^3 + d^2 - 2*d)*Vec(nu9,q3)*Vec(nu12
      ,q3)*Den(p3)^2*Deng(q2 + q3,xiw,M3)^4*p3.p3*q3.q3*ufoGC58^2*ufoGC5
       - 1/4*g_(1,6_,nu9)*g_(2,6_,nu12)/(d^3 + d^2 - 2*d)*Vec(nu9,q3)*Vec(nu12
      ,q3)*Den(p3)^2*Deng(q2 + q3,xiw,M3)^4*p3.q2^2*d*xia*ufoGC58^2*ufoGC5
       + 1/4*g_(1,6_,nu9)*g_(2,6_,nu12)/(d^3 + d^2 - 2*d)*Vec(nu9,q3)*Vec(nu12
      ,q3)*Den(p3)^2*Deng(q2 + q3,xiw,M3)^4*p3.q2^2*d*ufoGC58^2*ufoGC5
       - 1/4*g_(1,6_,nu9)*g_(2,6_,nu12)/(d^3 + d^2 - 2*d)*Vec(nu9,q3)*Vec(nu12
      ,q3)*Den(p3)^2*Deng(q2 + q3,xiw,M3)^4*p3.q3^2*d*xia*ufoGC58^2*ufoGC5
       + 1/4*g_(1,6_,nu9)*g_(2,6_,nu12)/(d^3 + d^2 - 2*d)*Vec(nu9,q3)*Vec(nu12
      ,q3)*Den(p3)^2*Deng(q2 + q3,xiw,M3)^4*p3.q3^2*d*ufoGC58^2*ufoGC5
       - 1/4*g_(1,6_,nu12)*g_(2,6_,nu11)*Vec(nu11,q2)*Vec(nu12,q2)*Den(p3)^2*
      Deng(q2 + q3,xiw,M3)^3*p3.p3*xia*ufoGC58^2*ufoGC5
       + 1/4*g_(1,6_,nu12)*g_(2,6_,nu11)*Vec(nu11,q2)*Vec(nu12,q2)*Den(p3)^2*
      Deng(q2 + q3,xiw,M3)^3*p3.p3*ufoGC58^2*ufoGC5
       - 1/4*g_(1,6_,nu12)*g_(2,6_,nu11)*Vec(nu11,q2)*Vec(nu12,q2)*Den(p3)*
      Deng(q2 + q3,xiw,M3)^3*d*ufoGC58^2*ufoGC5
       + 1/8*g_(1,6_,nu12)*g_(2,6_,nu11)*Vec(nu11,q2)*Vec(nu12,q2)*Den(p3)*
      Deng(q2 + q3,xiw,M3)^3*ufoGC58^2*ufoGC5
       - 1/4*g_(1,6_,nu12)*g_(2,6_,nu11)*Vec(nu11,q2)*Vec(nu12,q3)*Den(p3)^2*
      Deng(q2 + q3,xiw,M3)^3*p3.p3*xia*ufoGC58^2*ufoGC5
       + 1/4*g_(1,6_,nu12)*g_(2,6_,nu11)*Vec(nu11,q2)*Vec(nu12,q3)*Den(p3)^2*
      Deng(q2 + q3,xiw,M3)^3*p3.p3*ufoGC58^2*ufoGC5
       - 1/4*g_(1,6_,nu12)*g_(2,6_,nu11)*Vec(nu11,q2)*Vec(nu12,q3)*Den(p3)*
      Deng(q2 + q3,xiw,M3)^3*d*ufoGC58^2*ufoGC5
       + 1/8*g_(1,6_,nu12)*g_(2,6_,nu11)*Vec(nu11,q2)*Vec(nu12,q3)*Den(p3)*
      Deng(q2 + q3,xiw,M3)^3*ufoGC58^2*ufoGC5
       - 1/4*g_(1,6_,nu12)*g_(2,6_,nu11)*Vec(nu11,q3)*Vec(nu12,q2)*Den(p3)^2*
      Deng(q2 + q3,xiw,M3)^3*p3.p3*xia*ufoGC58^2*ufoGC5
       + 1/4*g_(1,6_,nu12)*g_(2,6_,nu11)*Vec(nu11,q3)*Vec(nu12,q2)*Den(p3)^2*
      Deng(q2 + q3,xiw,M3)^3*p3.p3*ufoGC58^2*ufoGC5
       - 1/4*g_(1,6_,nu12)*g_(2,6_,nu11)*Vec(nu11,q3)*Vec(nu12,q2)*Den(p3)*
      Deng(q2 + q3,xiw,M3)^3*d*ufoGC58^2*ufoGC5
       + 1/8*g_(1,6_,nu12)*g_(2,6_,nu11)*Vec(nu11,q3)*Vec(nu12,q2)*Den(p3)*
      Deng(q2 + q3,xiw,M3)^3*ufoGC58^2*ufoGC5
       - 1/4*g_(1,6_,nu12)*g_(2,6_,nu11)*Vec(nu11,q3)*Vec(nu12,q3)*Den(p3)^2*
      Deng(q2 + q3,xiw,M3)^3*p3.p3*xia*ufoGC58^2*ufoGC5
       + 1/4*g_(1,6_,nu12)*g_(2,6_,nu11)*Vec(nu11,q3)*Vec(nu12,q3)*Den(p3)^2*
      Deng(q2 + q3,xiw,M3)^3*p3.p3*ufoGC58^2*ufoGC5
       - 1/4*g_(1,6_,nu12)*g_(2,6_,nu11)*Vec(nu11,q3)*Vec(nu12,q3)*Den(p3)*
      Deng(q2 + q3,xiw,M3)^3*d*ufoGC58^2*ufoGC5
       + 1/8*g_(1,6_,nu12)*g_(2,6_,nu11)*Vec(nu11,q3)*Vec(nu12,q3)*Den(p3)*
      Deng(q2 + q3,xiw,M3)^3*ufoGC58^2*ufoGC5
       + 1/2*g_(1,6_,nu12)*g_(2,6_,nu11)/(d^3 + d^2 - 2*d)*Vec(nu11,p3)*Vec(
      nu12,p3)*Den(p3)^2*Deng(q2 + q3,xiw,M3)^4*q2.q2*q3.q3*xia*ufoGC58^2*
      ufoGC5
       - 1/2*g_(1,6_,nu12)*g_(2,6_,nu11)/(d^3 + d^2 - 2*d)*Vec(nu11,p3)*Vec(
      nu12,p3)*Den(p3)^2*Deng(q2 + q3,xiw,M3)^4*q2.q2*q3.q3*ufoGC58^2*ufoGC5
       - 1/2*g_(1,6_,nu12)*g_(2,6_,nu11)/(d^3 + d^2 - 2*d)*Vec(nu11,p3)*Vec(
      nu12,p3)*Den(p3)^2*Deng(q2 + q3,xiw,M3)^4*q2.q3^2*d*xia*ufoGC58^2*ufoGC5
       + 1/2*g_(1,6_,nu12)*g_(2,6_,nu11)/(d^3 + d^2 - 2*d)*Vec(nu11,p3)*Vec(
      nu12,p3)*Den(p3)^2*Deng(q2 + q3,xiw,M3)^4*q2.q3^2*d*ufoGC58^2*ufoGC5
       + 1/4*g_(1,6_,nu12)*g_(2,6_,nu11)/(d^3 + d^2 - 2*d)*Vec(nu11,q2)*Vec(
      nu12,q3)*Den(p3)^2*Deng(q2 + q3,xiw,M3)^4*p3.p3*q3.q3*d*xia*ufoGC58^2*
      ufoGC5
       - 1/4*g_(1,6_,nu12)*g_(2,6_,nu11)/(d^3 + d^2 - 2*d)*Vec(nu11,q2)*Vec(
      nu12,q3)*Den(p3)^2*Deng(q2 + q3,xiw,M3)^4*p3.p3*q3.q3*d*ufoGC58^2*ufoGC5
       + 1/4*g_(1,6_,nu12)*g_(2,6_,nu11)/(d^3 + d^2 - 2*d)*Vec(nu11,q2)*Vec(
      nu12,q3)*Den(p3)^2*Deng(q2 + q3,xiw,M3)^4*p3.p3*q3.q3*xia*ufoGC58^2*
      ufoGC5
       - 1/4*g_(1,6_,nu12)*g_(2,6_,nu11)/(d^3 + d^2 - 2*d)*Vec(nu11,q2)*Vec(
      nu12,q3)*Den(p3)^2*Deng(q2 + q3,xiw,M3)^4*p3.p3*q3.q3*ufoGC58^2*ufoGC5
       - 1/4*g_(1,6_,nu12)*g_(2,6_,nu11)/(d^3 + d^2 - 2*d)*Vec(nu11,q2)*Vec(
      nu12,q3)*Den(p3)^2*Deng(q2 + q3,xiw,M3)^4*p3.q3^2*d^2*xia*ufoGC58^2*
      ufoGC5
       + 1/4*g_(1,6_,nu12)*g_(2,6_,nu11)/(d^3 + d^2 - 2*d)*Vec(nu11,q2)*Vec(
      nu12,q3)*Den(p3)^2*Deng(q2 + q3,xiw,M3)^4*p3.q3^2*d^2*ufoGC58^2*ufoGC5
       - 1/4*g_(1,6_,nu12)*g_(2,6_,nu11)/(d^3 + d^2 - 2*d)*Vec(nu11,q2)*Vec(
      nu12,q3)*Den(p3)^2*Deng(q2 + q3,xiw,M3)^4*p3.q3^2*d*xia*ufoGC58^2*ufoGC5
       + 1/4*g_(1,6_,nu12)*g_(2,6_,nu11)/(d^3 + d^2 - 2*d)*Vec(nu11,q2)*Vec(
      nu12,q3)*Den(p3)^2*Deng(q2 + q3,xiw,M3)^4*p3.q3^2*d*ufoGC58^2*ufoGC5
       + 1/4*g_(1,6_,nu12)*g_(2,6_,nu11)/(d^3 + d^2 - 2*d)*Vec(nu11,q3)*Vec(
      nu12,q2)*Den(p3)^2*Deng(q2 + q3,xiw,M3)^4*p3.p3*q2.q2*d*xia*ufoGC58^2*
      ufoGC5
       - 1/4*g_(1,6_,nu12)*g_(2,6_,nu11)/(d^3 + d^2 - 2*d)*Vec(nu11,q3)*Vec(
      nu12,q2)*Den(p3)^2*Deng(q2 + q3,xiw,M3)^4*p3.p3*q2.q2*d*ufoGC58^2*ufoGC5
       + 1/4*g_(1,6_,nu12)*g_(2,6_,nu11)/(d^3 + d^2 - 2*d)*Vec(nu11,q3)*Vec(
      nu12,q2)*Den(p3)^2*Deng(q2 + q3,xiw,M3)^4*p3.p3*q2.q2*xia*ufoGC58^2*
      ufoGC5
       - 1/4*g_(1,6_,nu12)*g_(2,6_,nu11)/(d^3 + d^2 - 2*d)*Vec(nu11,q3)*Vec(
      nu12,q2)*Den(p3)^2*Deng(q2 + q3,xiw,M3)^4*p3.p3*q2.q2*ufoGC58^2*ufoGC5
       - 1/4*g_(1,6_,nu12)*g_(2,6_,nu11)/(d^3 + d^2 - 2*d)*Vec(nu11,q3)*Vec(
      nu12,q2)*Den(p3)^2*Deng(q2 + q3,xiw,M3)^4*p3.q2^2*d^2*xia*ufoGC58^2*
      ufoGC5
       + 1/4*g_(1,6_,nu12)*g_(2,6_,nu11)/(d^3 + d^2 - 2*d)*Vec(nu11,q3)*Vec(
      nu12,q2)*Den(p3)^2*Deng(q2 + q3,xiw,M3)^4*p3.q2^2*d^2*ufoGC58^2*ufoGC5
       - 1/4*g_(1,6_,nu12)*g_(2,6_,nu11)/(d^3 + d^2 - 2*d)*Vec(nu11,q3)*Vec(
      nu12,q2)*Den(p3)^2*Deng(q2 + q3,xiw,M3)^4*p3.q2^2*d*xia*ufoGC58^2*ufoGC5
       + 1/4*g_(1,6_,nu12)*g_(2,6_,nu11)/(d^3 + d^2 - 2*d)*Vec(nu11,q3)*Vec(
      nu12,q2)*Den(p3)^2*Deng(q2 + q3,xiw,M3)^4*p3.q2^2*d*ufoGC58^2*ufoGC5
       + 1/4*g_(1,6_,nu12)*g_(2,6_,nu9)/(d^3 + d^2 - 2*d)*Vec(nu9,q2)*Vec(nu12
      ,q2)*Den(p3)^2*Deng(q2 + q3,xiw,M3)^4*p3.p3*q2.q2*xia*ufoGC58^2*ufoGC5
       - 1/4*g_(1,6_,nu12)*g_(2,6_,nu9)/(d^3 + d^2 - 2*d)*Vec(nu9,q2)*Vec(nu12
      ,q2)*Den(p3)^2*Deng(q2 + q3,xiw,M3)^4*p3.p3*q2.q2*ufoGC58^2*ufoGC5
       + 1/4*g_(1,6_,nu12)*g_(2,6_,nu9)/(d^3 + d^2 - 2*d)*Vec(nu9,q2)*Vec(nu12
      ,q2)*Den(p3)^2*Deng(q2 + q3,xiw,M3)^4*p3.p3*q3.q3*xia*ufoGC58^2*ufoGC5
       - 1/4*g_(1,6_,nu12)*g_(2,6_,nu9)/(d^3 + d^2 - 2*d)*Vec(nu9,q2)*Vec(nu12
      ,q2)*Den(p3)^2*Deng(q2 + q3,xiw,M3)^4*p3.p3*q3.q3*ufoGC58^2*ufoGC5
       - 1/4*g_(1,6_,nu12)*g_(2,6_,nu9)/(d^3 + d^2 - 2*d)*Vec(nu9,q2)*Vec(nu12
      ,q2)*Den(p3)^2*Deng(q2 + q3,xiw,M3)^4*p3.q2^2*d*xia*ufoGC58^2*ufoGC5
       + 1/4*g_(1,6_,nu12)*g_(2,6_,nu9)/(d^3 + d^2 - 2*d)*Vec(nu9,q2)*Vec(nu12
      ,q2)*Den(p3)^2*Deng(q2 + q3,xiw,M3)^4*p3.q2^2*d*ufoGC58^2*ufoGC5
       - 1/4*g_(1,6_,nu12)*g_(2,6_,nu9)/(d^3 + d^2 - 2*d)*Vec(nu9,q2)*Vec(nu12
      ,q2)*Den(p3)^2*Deng(q2 + q3,xiw,M3)^4*p3.q3^2*d*xia*ufoGC58^2*ufoGC5
       + 1/4*g_(1,6_,nu12)*g_(2,6_,nu9)/(d^3 + d^2 - 2*d)*Vec(nu9,q2)*Vec(nu12
      ,q2)*Den(p3)^2*Deng(q2 + q3,xiw,M3)^4*p3.q3^2*d*ufoGC58^2*ufoGC5
       + 1/4*g_(1,6_,nu12)*g_(2,6_,nu9)/(d^3 + d^2 - 2*d)*Vec(nu9,q2)*Vec(nu12
      ,q3)*Den(p3)^2*Deng(q2 + q3,xiw,M3)^4*p3.p3*q2.q2*xia*ufoGC58^2*ufoGC5
       - 1/4*g_(1,6_,nu12)*g_(2,6_,nu9)/(d^3 + d^2 - 2*d)*Vec(nu9,q2)*Vec(nu12
      ,q3)*Den(p3)^2*Deng(q2 + q3,xiw,M3)^4*p3.p3*q2.q2*ufoGC58^2*ufoGC5
       + 1/4*g_(1,6_,nu12)*g_(2,6_,nu9)/(d^3 + d^2 - 2*d)*Vec(nu9,q2)*Vec(nu12
      ,q3)*Den(p3)^2*Deng(q2 + q3,xiw,M3)^4*p3.p3*q3.q3*xia*ufoGC58^2*ufoGC5
       - 1/4*g_(1,6_,nu12)*g_(2,6_,nu9)/(d^3 + d^2 - 2*d)*Vec(nu9,q2)*Vec(nu12
      ,q3)*Den(p3)^2*Deng(q2 + q3,xiw,M3)^4*p3.p3*q3.q3*ufoGC58^2*ufoGC5
       - 1/4*g_(1,6_,nu12)*g_(2,6_,nu9)/(d^3 + d^2 - 2*d)*Vec(nu9,q2)*Vec(nu12
      ,q3)*Den(p3)^2*Deng(q2 + q3,xiw,M3)^4*p3.q2^2*d*xia*ufoGC58^2*ufoGC5
       + 1/4*g_(1,6_,nu12)*g_(2,6_,nu9)/(d^3 + d^2 - 2*d)*Vec(nu9,q2)*Vec(nu12
      ,q3)*Den(p3)^2*Deng(q2 + q3,xiw,M3)^4*p3.q2^2*d*ufoGC58^2*ufoGC5
       - 1/4*g_(1,6_,nu12)*g_(2,6_,nu9)/(d^3 + d^2 - 2*d)*Vec(nu9,q2)*Vec(nu12
      ,q3)*Den(p3)^2*Deng(q2 + q3,xiw,M3)^4*p3.q3^2*d*xia*ufoGC58^2*ufoGC5
       + 1/4*g_(1,6_,nu12)*g_(2,6_,nu9)/(d^3 + d^2 - 2*d)*Vec(nu9,q2)*Vec(nu12
      ,q3)*Den(p3)^2*Deng(q2 + q3,xiw,M3)^4*p3.q3^2*d*ufoGC58^2*ufoGC5
       + 1/4*g_(1,6_,nu12)*g_(2,6_,nu9)/(d^3 + d^2 - 2*d)*Vec(nu9,q3)*Vec(nu12
      ,q2)*Den(p3)^2*Deng(q2 + q3,xiw,M3)^4*p3.p3*q2.q2*xia*ufoGC58^2*ufoGC5
       - 1/4*g_(1,6_,nu12)*g_(2,6_,nu9)/(d^3 + d^2 - 2*d)*Vec(nu9,q3)*Vec(nu12
      ,q2)*Den(p3)^2*Deng(q2 + q3,xiw,M3)^4*p3.p3*q2.q2*ufoGC58^2*ufoGC5
       + 1/4*g_(1,6_,nu12)*g_(2,6_,nu9)/(d^3 + d^2 - 2*d)*Vec(nu9,q3)*Vec(nu12
      ,q2)*Den(p3)^2*Deng(q2 + q3,xiw,M3)^4*p3.p3*q3.q3*xia*ufoGC58^2*ufoGC5
       - 1/4*g_(1,6_,nu12)*g_(2,6_,nu9)/(d^3 + d^2 - 2*d)*Vec(nu9,q3)*Vec(nu12
      ,q2)*Den(p3)^2*Deng(q2 + q3,xiw,M3)^4*p3.p3*q3.q3*ufoGC58^2*ufoGC5
       - 1/4*g_(1,6_,nu12)*g_(2,6_,nu9)/(d^3 + d^2 - 2*d)*Vec(nu9,q3)*Vec(nu12
      ,q2)*Den(p3)^2*Deng(q2 + q3,xiw,M3)^4*p3.q2^2*d*xia*ufoGC58^2*ufoGC5
       + 1/4*g_(1,6_,nu12)*g_(2,6_,nu9)/(d^3 + d^2 - 2*d)*Vec(nu9,q3)*Vec(nu12
      ,q2)*Den(p3)^2*Deng(q2 + q3,xiw,M3)^4*p3.q2^2*d*ufoGC58^2*ufoGC5
       - 1/4*g_(1,6_,nu12)*g_(2,6_,nu9)/(d^3 + d^2 - 2*d)*Vec(nu9,q3)*Vec(nu12
      ,q2)*Den(p3)^2*Deng(q2 + q3,xiw,M3)^4*p3.q3^2*d*xia*ufoGC58^2*ufoGC5
       + 1/4*g_(1,6_,nu12)*g_(2,6_,nu9)/(d^3 + d^2 - 2*d)*Vec(nu9,q3)*Vec(nu12
      ,q2)*Den(p3)^2*Deng(q2 + q3,xiw,M3)^4*p3.q3^2*d*ufoGC58^2*ufoGC5
       + 1/4*g_(1,6_,nu12)*g_(2,6_,nu9)/(d^3 + d^2 - 2*d)*Vec(nu9,q3)*Vec(nu12
      ,q3)*Den(p3)^2*Deng(q2 + q3,xiw,M3)^4*p3.p3*q2.q2*xia*ufoGC58^2*ufoGC5
       - 1/4*g_(1,6_,nu12)*g_(2,6_,nu9)/(d^3 + d^2 - 2*d)*Vec(nu9,q3)*Vec(nu12
      ,q3)*Den(p3)^2*Deng(q2 + q3,xiw,M3)^4*p3.p3*q2.q2*ufoGC58^2*ufoGC5
       + 1/4*g_(1,6_,nu12)*g_(2,6_,nu9)/(d^3 + d^2 - 2*d)*Vec(nu9,q3)*Vec(nu12
      ,q3)*Den(p3)^2*Deng(q2 + q3,xiw,M3)^4*p3.p3*q3.q3*xia*ufoGC58^2*ufoGC5
       - 1/4*g_(1,6_,nu12)*g_(2,6_,nu9)/(d^3 + d^2 - 2*d)*Vec(nu9,q3)*Vec(nu12
      ,q3)*Den(p3)^2*Deng(q2 + q3,xiw,M3)^4*p3.p3*q3.q3*ufoGC58^2*ufoGC5
       - 1/4*g_(1,6_,nu12)*g_(2,6_,nu9)/(d^3 + d^2 - 2*d)*Vec(nu9,q3)*Vec(nu12
      ,q3)*Den(p3)^2*Deng(q2 + q3,xiw,M3)^4*p3.q2^2*d*xia*ufoGC58^2*ufoGC5
       + 1/4*g_(1,6_,nu12)*g_(2,6_,nu9)/(d^3 + d^2 - 2*d)*Vec(nu9,q3)*Vec(nu12
      ,q3)*Den(p3)^2*Deng(q2 + q3,xiw,M3)^4*p3.q2^2*d*ufoGC58^2*ufoGC5
       - 1/4*g_(1,6_,nu12)*g_(2,6_,nu9)/(d^3 + d^2 - 2*d)*Vec(nu9,q3)*Vec(nu12
      ,q3)*Den(p3)^2*Deng(q2 + q3,xiw,M3)^4*p3.q3^2*d*xia*ufoGC58^2*ufoGC5
       + 1/4*g_(1,6_,nu12)*g_(2,6_,nu9)/(d^3 + d^2 - 2*d)*Vec(nu9,q3)*Vec(nu12
      ,q3)*Den(p3)^2*Deng(q2 + q3,xiw,M3)^4*p3.q3^2*d*ufoGC58^2*ufoGC5
      ;

  0.01 sec out of 0.00 sec
