FORM 5.0.0-beta.1 (Jan 15 2026, v5.0.0-beta.1-292-g4341c63)  Run: Fri Feb 13 14:19:03 2026
    #-

   d1l212amp =
       + 1/4*g_(1,6_,nu10)*g_(2,6_,nu16)*cFT(p2,XX,j11,j12)*auxGamma(nu13,i2,
      iufo11)*auxPL(iufo11,j11)*flavourTag(fmu,j11,j12)*Vec(nu10,p1)*Vec(nu16,
       - p3)*Vec(nu13,p3)*Vec(nu14,p1)*Vec(nu14,p3)*Deng(p1,xiw,M3)^2*Deng(p3,
      xiw,M3)^2*Deng(p4,xiz,M4)*xiw*ufoGC58^2*ufoGC69*ufoGC80
       - 1/4*g_(1,6_,nu10)*g_(2,6_,nu16)*cFT(p2,XX,j11,j12)*auxGamma(nu13,i2,
      iufo11)*auxPL(iufo11,j11)*flavourTag(fmu,j11,j12)*Vec(nu10,p1)*Vec(nu16,
      p1)*Vec(nu13,p3)*Vec(nu14,p3)*Vec(nu14,p4)*Deng(p1,xiw,M3)^2*Deng(p3,xiw
      ,M3)^2*Deng(p4,xiz,M4)*xiw*ufoGC58^2*ufoGC69*ufoGC80
       - 1/4*g_(1,6_,nu10)*g_(2,6_,nu16)*cFT(p2,XX,j11,j12)*auxGamma(nu13,i2,
      iufo11)*auxPL(iufo11,j11)*flavourTag(fmu,j11,j12)*Vec(nu10,p1)*Vec(nu16,
      p3)*Vec(nu13,p3)*Vec(nu9,p1)*Vec(nu9, - p3)*Deng(p1,xiw,M3)^2*Deng(p3,
      xiw,M3)^2*Deng(p4,xiz,M4)*xiw*ufoGC58^2*ufoGC69*ufoGC80
       + 1/4*g_(1,6_,nu10)*g_(2,6_,nu16)*cFT(p2,XX,j11,j12)*auxGamma(nu13,i2,
      iufo11)*auxPL(iufo11,j11)*flavourTag(fmu,j11,j12)*Vec(nu10,p1)*Vec(nu16,
      p3)*Vec(nu13,p3)*Vec(nu9,p1)*Vec(nu9,p4)*Deng(p1,xiw,M3)^2*Deng(p3,xiw,
      M3)^2*Deng(p4,xiz,M4)*xiw*ufoGC58^2*ufoGC69*ufoGC80
       + 1/4*g_(1,6_,nu10)*g_(2,6_,nu16)*cFT(p2,XX,j11,j12)*auxGamma(nu13,i2,
      iufo11)*auxPL(iufo11,j11)*flavourTag(fmu,j11,j12)*Vec(nu10,p1)*Vec(nu16,
      p4)*Vec(nu13,p3)*Vec(nu9,p1)*Vec(nu9, - p3)*Vec(nu15,p3)*Vec(nu15,p4)*
      Deng(p1,xiw,M3)^2*Deng(p3,xiw,M3)^2*Deng(p4,xiz,M4)^2*xiw*ufoGC58^2*
      ufoGC69*ufoGC80
       - 1/4*g_(1,6_,nu10)*g_(2,6_,nu16)*cFT(p2,XX,j11,j12)*auxGamma(nu13,i2,
      iufo11)*auxPL(iufo11,j11)*flavourTag(fmu,j11,j12)*Vec(nu10,p1)*Vec(nu16,
      p4)*Vec(nu13,p3)*Vec(nu9,p1)*Vec(nu9,p4)*Vec(nu15,p3)*Vec(nu15,p4)*Deng(
      p1,xiw,M3)^2*Deng(p3,xiw,M3)^2*Deng(p4,xiz,M4)^2*xiw*ufoGC58^2*ufoGC69*
      ufoGC80
       - 1/4*g_(1,6_,nu10)*g_(2,6_,nu16)*cFT(p2,XX,j11,j12)*auxGamma(nu13,i2,
      iufo11)*auxPL(iufo11,j11)*flavourTag(fmu,j11,j12)*Vec(nu10,p1)*Vec(nu16,
      p4)*Vec(nu13,p3)*Vec(nu14,p1)*Vec(nu14,p3)*Vec(nu15,p4)*Vec(nu15, - p3)*
      Deng(p1,xiw,M3)^2*Deng(p3,xiw,M3)^2*Deng(p4,xiz,M4)^2*xiw*ufoGC58^2*
      ufoGC69*ufoGC80
       + 1/4*g_(1,6_,nu10)*g_(2,6_,nu16)*cFT(p2,XX,j11,j12)*auxGamma(nu13,i2,
      iufo11)*auxPL(iufo11,j11)*flavourTag(fmu,j11,j12)*Vec(nu10,p1)*Vec(nu16,
      p4)*Vec(nu13,p3)*Vec(nu14,p3)*Vec(nu14,p4)*Vec(nu15,p1)*Vec(nu15,p4)*
      Deng(p1,xiw,M3)^2*Deng(p3,xiw,M3)^2*Deng(p4,xiz,M4)^2*xiw*ufoGC58^2*
      ufoGC69*ufoGC80
       + 1/4*g_(1,6_,nu10)*g_(2,nu16)*FT2(g6)*cFT(p2,XX,j11,j12)*auxGamma(nu13
      ,i2,iufo11)*auxPL(iufo11,j11)*flavourTag(fmu,j11,j12)*Vec(nu10,p1)*Vec(
      nu16, - p3)*Vec(nu13,p3)*Vec(nu14,p1)*Vec(nu14,p3)*Deng(p1,xiw,M3)^2*
      Deng(p3,xiw,M3)^2*Deng(p4,xiz,M4)*xiw*ufoGC58^2*ufoGC69*ufoGC76
       - 1/4*g_(1,6_,nu10)*g_(2,nu16)*FT2(g6)*cFT(p2,XX,j11,j12)*auxGamma(nu13
      ,i2,iufo11)*auxPL(iufo11,j11)*flavourTag(fmu,j11,j12)*Vec(nu10,p1)*Vec(
      nu16,p1)*Vec(nu13,p3)*Vec(nu14,p3)*Vec(nu14,p4)*Deng(p1,xiw,M3)^2*Deng(
      p3,xiw,M3)^2*Deng(p4,xiz,M4)*xiw*ufoGC58^2*ufoGC69*ufoGC76
       - 1/4*g_(1,6_,nu10)*g_(2,nu16)*FT2(g6)*cFT(p2,XX,j11,j12)*auxGamma(nu13
      ,i2,iufo11)*auxPL(iufo11,j11)*flavourTag(fmu,j11,j12)*Vec(nu10,p1)*Vec(
      nu16,p3)*Vec(nu13,p3)*Vec(nu9,p1)*Vec(nu9, - p3)*Deng(p1,xiw,M3)^2*Deng(
      p3,xiw,M3)^2*Deng(p4,xiz,M4)*xiw*ufoGC58^2*ufoGC69*ufoGC76
       + 1/4*g_(1,6_,nu10)*g_(2,nu16)*FT2(g6)*cFT(p2,XX,j11,j12)*auxGamma(nu13
      ,i2,iufo11)*auxPL(iufo11,j11)*flavourTag(fmu,j11,j12)*Vec(nu10,p1)*Vec(
      nu16,p3)*Vec(nu13,p3)*Vec(nu9,p1)*Vec(nu9,p4)*Deng(p1,xiw,M3)^2*Deng(p3,
      xiw,M3)^2*Deng(p4,xiz,M4)*xiw*ufoGC58^2*ufoGC69*ufoGC76
       + 1/4*g_(1,6_,nu10)*g_(2,nu16)*FT2(g6)*cFT(p2,XX,j11,j12)*auxGamma(nu13
      ,i2,iufo11)*auxPL(iufo11,j11)*flavourTag(fmu,j11,j12)*Vec(nu10,p1)*Vec(
      nu16,p4)*Vec(nu13,p3)*Vec(nu9,p1)*Vec(nu9, - p3)*Vec(nu15,p3)*Vec(nu15,
      p4)*Deng(p1,xiw,M3)^2*Deng(p3,xiw,M3)^2*Deng(p4,xiz,M4)^2*xiw*ufoGC58^2*
      ufoGC69*ufoGC76
       - 1/4*g_(1,6_,nu10)*g_(2,nu16)*FT2(g6)*cFT(p2,XX,j11,j12)*auxGamma(nu13
      ,i2,iufo11)*auxPL(iufo11,j11)*flavourTag(fmu,j11,j12)*Vec(nu10,p1)*Vec(
      nu16,p4)*Vec(nu13,p3)*Vec(nu9,p1)*Vec(nu9,p4)*Vec(nu15,p3)*Vec(nu15,p4)*
      Deng(p1,xiw,M3)^2*Deng(p3,xiw,M3)^2*Deng(p4,xiz,M4)^2*xiw*ufoGC58^2*
      ufoGC69*ufoGC76
       - 1/4*g_(1,6_,nu10)*g_(2,nu16)*FT2(g6)*cFT(p2,XX,j11,j12)*auxGamma(nu13
      ,i2,iufo11)*auxPL(iufo11,j11)*flavourTag(fmu,j11,j12)*Vec(nu10,p1)*Vec(
      nu16,p4)*Vec(nu13,p3)*Vec(nu14,p1)*Vec(nu14,p3)*Vec(nu15,p4)*Vec(nu15,
       - p3)*Deng(p1,xiw,M3)^2*Deng(p3,xiw,M3)^2*Deng(p4,xiz,M4)^2*xiw*
      ufoGC58^2*ufoGC69*ufoGC76
       + 1/4*g_(1,6_,nu10)*g_(2,nu16)*FT2(g6)*cFT(p2,XX,j11,j12)*auxGamma(nu13
      ,i2,iufo11)*auxPL(iufo11,j11)*flavourTag(fmu,j11,j12)*Vec(nu10,p1)*Vec(
      nu16,p4)*Vec(nu13,p3)*Vec(nu14,p3)*Vec(nu14,p4)*Vec(nu15,p1)*Vec(nu15,p4
      )*Deng(p1,xiw,M3)^2*Deng(p3,xiw,M3)^2*Deng(p4,xiz,M4)^2*xiw*ufoGC58^2*
      ufoGC69*ufoGC76
       - 1/4*g_(1,6_,nu16)*g_(2,6_,nu16)*cFT(p2,XX,j11,j12)*auxGamma(nu13,i2,
      iufo11)*auxPL(iufo11,j11)*flavourTag(fmu,j11,j12)*Vec(nu13,p3)*Vec(nu14,
      p1)*Vec(nu14,p3)*Deng(p1,xiw,M3)*Deng(p3,xiw,M3)^2*Deng(p4,xiz,M4)*xiw*
      ufoGC58^2*ufoGC69*ufoGC80
       + 1/4*g_(1,6_,nu16)*g_(2,6_,nu16)*cFT(p2,XX,j11,j12)*auxGamma(nu13,i2,
      iufo11)*auxPL(iufo11,j11)*flavourTag(fmu,j11,j12)*Vec(nu13,p3)*Vec(nu14,
      p3)*Vec(nu14,p4)*Deng(p1,xiw,M3)*Deng(p3,xiw,M3)^2*Deng(p4,xiz,M4)*xiw*
      ufoGC58^2*ufoGC69*ufoGC80
       - 1/4*g_(1,6_,nu16)*g_(2,nu16)*FT2(g6)*cFT(p2,XX,j11,j12)*auxGamma(nu13
      ,i2,iufo11)*auxPL(iufo11,j11)*flavourTag(fmu,j11,j12)*Vec(nu13,p3)*Vec(
      nu14,p1)*Vec(nu14,p3)*Deng(p1,xiw,M3)*Deng(p3,xiw,M3)^2*Deng(p4,xiz,M4)*
      xiw*ufoGC58^2*ufoGC69*ufoGC76
       + 1/4*g_(1,6_,nu16)*g_(2,nu16)*FT2(g6)*cFT(p2,XX,j11,j12)*auxGamma(nu13
      ,i2,iufo11)*auxPL(iufo11,j11)*flavourTag(fmu,j11,j12)*Vec(nu13,p3)*Vec(
      nu14,p3)*Vec(nu14,p4)*Deng(p1,xiw,M3)*Deng(p3,xiw,M3)^2*Deng(p4,xiz,M4)*
      xiw*ufoGC58^2*ufoGC69*ufoGC76
       + 1/4*g_(1,6_,nu9)*g_(2,6_,nu16)*cFT(p2,XX,j11,j12)*auxGamma(nu13,i2,
      iufo11)*auxPL(iufo11,j11)*flavourTag(fmu,j11,j12)*Vec(nu16,p3)*Vec(nu13,
      p3)*Vec(nu9, - p3)*Deng(p1,xiw,M3)*Deng(p3,xiw,M3)^2*Deng(p4,xiz,M4)*xiw
      *ufoGC58^2*ufoGC69*ufoGC80
       - 1/4*g_(1,6_,nu9)*g_(2,6_,nu16)*cFT(p2,XX,j11,j12)*auxGamma(nu13,i2,
      iufo11)*auxPL(iufo11,j11)*flavourTag(fmu,j11,j12)*Vec(nu16,p3)*Vec(nu13,
      p3)*Vec(nu9,p4)*Deng(p1,xiw,M3)*Deng(p3,xiw,M3)^2*Deng(p4,xiz,M4)*xiw*
      ufoGC58^2*ufoGC69*ufoGC80
       - 1/4*g_(1,6_,nu9)*g_(2,6_,nu16)*cFT(p2,XX,j11,j12)*auxGamma(nu13,i2,
      iufo11)*auxPL(iufo11,j11)*flavourTag(fmu,j11,j12)*Vec(nu16,p4)*Vec(nu13,
      p3)*Vec(nu9, - p3)*Vec(nu15,p3)*Vec(nu15,p4)*Deng(p1,xiw,M3)*Deng(p3,xiw
      ,M3)^2*Deng(p4,xiz,M4)^2*xiw*ufoGC58^2*ufoGC69*ufoGC80
       + 1/4*g_(1,6_,nu9)*g_(2,6_,nu16)*cFT(p2,XX,j11,j12)*auxGamma(nu13,i2,
      iufo11)*auxPL(iufo11,j11)*flavourTag(fmu,j11,j12)*Vec(nu16,p4)*Vec(nu13,
      p3)*Vec(nu9,p4)*Vec(nu15,p3)*Vec(nu15,p4)*Deng(p1,xiw,M3)*Deng(p3,xiw,M3
      )^2*Deng(p4,xiz,M4)^2*xiw*ufoGC58^2*ufoGC69*ufoGC80
       + 1/4*g_(1,6_,nu9)*g_(2,nu16)*FT2(g6)*cFT(p2,XX,j11,j12)*auxGamma(nu13,
      i2,iufo11)*auxPL(iufo11,j11)*flavourTag(fmu,j11,j12)*Vec(nu16,p3)*Vec(
      nu13,p3)*Vec(nu9, - p3)*Deng(p1,xiw,M3)*Deng(p3,xiw,M3)^2*Deng(p4,xiz,M4
      )*xiw*ufoGC58^2*ufoGC69*ufoGC76
       - 1/4*g_(1,6_,nu9)*g_(2,nu16)*FT2(g6)*cFT(p2,XX,j11,j12)*auxGamma(nu13,
      i2,iufo11)*auxPL(iufo11,j11)*flavourTag(fmu,j11,j12)*Vec(nu16,p3)*Vec(
      nu13,p3)*Vec(nu9,p4)*Deng(p1,xiw,M3)*Deng(p3,xiw,M3)^2*Deng(p4,xiz,M4)*
      xiw*ufoGC58^2*ufoGC69*ufoGC76
       - 1/4*g_(1,6_,nu9)*g_(2,nu16)*FT2(g6)*cFT(p2,XX,j11,j12)*auxGamma(nu13,
      i2,iufo11)*auxPL(iufo11,j11)*flavourTag(fmu,j11,j12)*Vec(nu16,p4)*Vec(
      nu13,p3)*Vec(nu9, - p3)*Vec(nu15,p3)*Vec(nu15,p4)*Deng(p1,xiw,M3)*Deng(
      p3,xiw,M3)^2*Deng(p4,xiz,M4)^2*xiw*ufoGC58^2*ufoGC69*ufoGC76
       + 1/4*g_(1,6_,nu9)*g_(2,nu16)*FT2(g6)*cFT(p2,XX,j11,j12)*auxGamma(nu13,
      i2,iufo11)*auxPL(iufo11,j11)*flavourTag(fmu,j11,j12)*Vec(nu16,p4)*Vec(
      nu13,p3)*Vec(nu9,p4)*Vec(nu15,p3)*Vec(nu15,p4)*Deng(p1,xiw,M3)*Deng(p3,
      xiw,M3)^2*Deng(p4,xiz,M4)^2*xiw*ufoGC58^2*ufoGC69*ufoGC76
       - 1/4*g_(1,6_,nu14)*g_(2,6_,nu16)*cFT(p2,XX,j11,j12)*auxGamma(nu13,i2,
      iufo11)*auxPL(iufo11,j11)*flavourTag(fmu,j11,j12)*Vec(nu16, - p3)*Vec(
      nu13,p3)*Vec(nu14,p3)*Deng(p1,xiw,M3)*Deng(p3,xiw,M3)^2*Deng(p4,xiz,M4)*
      xiw*ufoGC58^2*ufoGC69*ufoGC80
       + 1/4*g_(1,6_,nu14)*g_(2,6_,nu16)*cFT(p2,XX,j11,j12)*auxGamma(nu13,i2,
      iufo11)*auxPL(iufo11,j11)*flavourTag(fmu,j11,j12)*Vec(nu16,p1)*Vec(nu13,
      p3)*Vec(nu14,p3)*Deng(p1,xiw,M3)*Deng(p3,xiw,M3)^2*Deng(p4,xiz,M4)*xiw*
      ufoGC58^2*ufoGC69*ufoGC80
       - 1/4*g_(1,6_,nu14)*g_(2,6_,nu16)*cFT(p2,XX,j11,j12)*auxGamma(nu13,i2,
      iufo11)*auxPL(iufo11,j11)*flavourTag(fmu,j11,j12)*Vec(nu16,p4)*Vec(nu13,
      p3)*Vec(nu14,p3)*Vec(nu15,p1)*Vec(nu15,p4)*Deng(p1,xiw,M3)*Deng(p3,xiw,
      M3)^2*Deng(p4,xiz,M4)^2*xiw*ufoGC58^2*ufoGC69*ufoGC80
       + 1/4*g_(1,6_,nu14)*g_(2,6_,nu16)*cFT(p2,XX,j11,j12)*auxGamma(nu13,i2,
      iufo11)*auxPL(iufo11,j11)*flavourTag(fmu,j11,j12)*Vec(nu16,p4)*Vec(nu13,
      p3)*Vec(nu14,p3)*Vec(nu15,p4)*Vec(nu15, - p3)*Deng(p1,xiw,M3)*Deng(p3,
      xiw,M3)^2*Deng(p4,xiz,M4)^2*xiw*ufoGC58^2*ufoGC69*ufoGC80
       - 1/4*g_(1,6_,nu14)*g_(2,nu16)*FT2(g6)*cFT(p2,XX,j11,j12)*auxGamma(nu13
      ,i2,iufo11)*auxPL(iufo11,j11)*flavourTag(fmu,j11,j12)*Vec(nu16, - p3)*
      Vec(nu13,p3)*Vec(nu14,p3)*Deng(p1,xiw,M3)*Deng(p3,xiw,M3)^2*Deng(p4,xiz,
      M4)*xiw*ufoGC58^2*ufoGC69*ufoGC76
       + 1/4*g_(1,6_,nu14)*g_(2,nu16)*FT2(g6)*cFT(p2,XX,j11,j12)*auxGamma(nu13
      ,i2,iufo11)*auxPL(iufo11,j11)*flavourTag(fmu,j11,j12)*Vec(nu16,p1)*Vec(
      nu13,p3)*Vec(nu14,p3)*Deng(p1,xiw,M3)*Deng(p3,xiw,M3)^2*Deng(p4,xiz,M4)*
      xiw*ufoGC58^2*ufoGC69*ufoGC76
       - 1/4*g_(1,6_,nu14)*g_(2,nu16)*FT2(g6)*cFT(p2,XX,j11,j12)*auxGamma(nu13
      ,i2,iufo11)*auxPL(iufo11,j11)*flavourTag(fmu,j11,j12)*Vec(nu16,p4)*Vec(
      nu13,p3)*Vec(nu14,p3)*Vec(nu15,p1)*Vec(nu15,p4)*Deng(p1,xiw,M3)*Deng(p3,
      xiw,M3)^2*Deng(p4,xiz,M4)^2*xiw*ufoGC58^2*ufoGC69*ufoGC76
       + 1/4*g_(1,6_,nu14)*g_(2,nu16)*FT2(g6)*cFT(p2,XX,j11,j12)*auxGamma(nu13
      ,i2,iufo11)*auxPL(iufo11,j11)*flavourTag(fmu,j11,j12)*Vec(nu16,p4)*Vec(
      nu13,p3)*Vec(nu14,p3)*Vec(nu15,p4)*Vec(nu15, - p3)*Deng(p1,xiw,M3)*Deng(
      p3,xiw,M3)^2*Deng(p4,xiz,M4)^2*xiw*ufoGC58^2*ufoGC69*ufoGC76
       + 1/4*g_(1,6_,nu15)*g_(2,6_,nu16)*cFT(p2,XX,j11,j12)*auxGamma(nu13,i2,
      iufo11)*auxPL(iufo11,j11)*flavourTag(fmu,j11,j12)*Vec(nu16,p4)*Vec(nu13,
      p3)*Vec(nu14,p1)*Vec(nu14,p3)*Vec(nu15,p4)*Deng(p1,xiw,M3)*Deng(p3,xiw,
      M3)^2*Deng(p4,xiz,M4)^2*xiw*ufoGC58^2*ufoGC69*ufoGC80
       - 1/4*g_(1,6_,nu15)*g_(2,6_,nu16)*cFT(p2,XX,j11,j12)*auxGamma(nu13,i2,
      iufo11)*auxPL(iufo11,j11)*flavourTag(fmu,j11,j12)*Vec(nu16,p4)*Vec(nu13,
      p3)*Vec(nu14,p3)*Vec(nu14,p4)*Vec(nu15,p4)*Deng(p1,xiw,M3)*Deng(p3,xiw,
      M3)^2*Deng(p4,xiz,M4)^2*xiw*ufoGC58^2*ufoGC69*ufoGC80
       + 1/4*g_(1,6_,nu15)*g_(2,nu16)*FT2(g6)*cFT(p2,XX,j11,j12)*auxGamma(nu13
      ,i2,iufo11)*auxPL(iufo11,j11)*flavourTag(fmu,j11,j12)*Vec(nu16,p4)*Vec(
      nu13,p3)*Vec(nu14,p1)*Vec(nu14,p3)*Vec(nu15,p4)*Deng(p1,xiw,M3)*Deng(p3,
      xiw,M3)^2*Deng(p4,xiz,M4)^2*xiw*ufoGC58^2*ufoGC69*ufoGC76
       - 1/4*g_(1,6_,nu15)*g_(2,nu16)*FT2(g6)*cFT(p2,XX,j11,j12)*auxGamma(nu13
      ,i2,iufo11)*auxPL(iufo11,j11)*flavourTag(fmu,j11,j12)*Vec(nu16,p4)*Vec(
      nu13,p3)*Vec(nu14,p3)*Vec(nu14,p4)*Vec(nu15,p4)*Deng(p1,xiw,M3)*Deng(p3,
      xiw,M3)^2*Deng(p4,xiz,M4)^2*xiw*ufoGC58^2*ufoGC69*ufoGC76
      ;

  0.00 sec out of 0.00 sec
