FORM 5.0.0-beta.1 (Jan 15 2026, v5.0.0-beta.1-292-g4341c63)  Run: Tue Feb 10 16:47:28 2026
    #-

   d1l250amp =
       + 1/4*g_(1,6_,nu14)*g_(2,p2)*auxGamma(nu14,i1,iufo11)*auxPL(iufo11,j11)
      *cFT(g6,XX,i2,i3)/(d^3 + d^2 - 2*d)*flavourTag(fe,j11,j12)*Deng(0,xiw,0)
      *Deng(p3,xiz,M4)^2*Deng(p4,xiw,M3)^2*p3.p3*p4.p4*d*xiz*ufoGC58*ufoGC107*
      ufoGC80*ufoGC85
       + 1/4*g_(1,6_,nu14)*g_(2,p2)*auxGamma(nu14,i1,iufo11)*auxPL(iufo11,j11)
      *cFT(g6,XX,i2,i3)/(d^3 + d^2 - 2*d)*flavourTag(fe,j11,j12)*Deng(0,xiw,0)
      *Deng(p3,xiz,M4)^2*Deng(p4,xiw,M3)^2*p3.p3*p4.p4*xiz*ufoGC58*ufoGC107*
      ufoGC80*ufoGC85
       - 1/4*g_(1,6_,nu14)*g_(2,p2)*auxGamma(nu14,i1,iufo11)*auxPL(iufo11,j11)
      *cFT(g6,XX,i2,i3)/(d^3 + d^2 - 2*d)*flavourTag(fe,j11,j12)*Deng(0,xiw,0)
      *Deng(p3,xiz,M4)^2*Deng(p4,xiw,M3)^2*p3.p4^2*d^2*xiz*ufoGC58*ufoGC107*
      ufoGC80*ufoGC85
       - 1/4*g_(1,6_,nu14)*g_(2,p2)*auxGamma(nu14,i1,iufo11)*auxPL(iufo11,j11)
      *cFT(g6,XX,i2,i3)/(d^3 + d^2 - 2*d)*flavourTag(fe,j11,j12)*Deng(0,xiw,0)
      *Deng(p3,xiz,M4)^2*Deng(p4,xiw,M3)^2*p3.p4^2*d*xiz*ufoGC58*ufoGC107*
      ufoGC80*ufoGC85
       + 1/4*g_(1,6_,nu14)*g_(2,p2)*auxGamma(nu14,i1,iufo11)*auxPR(iufo11,j11)
      *cFT(g6,XX,i2,i3)/(d^3 + d^2 - 2*d)*flavourTag(fe,j11,j12)*Deng(0,xiw,0)
      *Deng(p3,xiz,M4)^2*Deng(p4,xiw,M3)^2*p3.p3*p4.p4*d*xiz*ufoGC58*ufoGC107*
      ufoGC76*ufoGC85
       + 1/4*g_(1,6_,nu14)*g_(2,p2)*auxGamma(nu14,i1,iufo11)*auxPR(iufo11,j11)
      *cFT(g6,XX,i2,i3)/(d^3 + d^2 - 2*d)*flavourTag(fe,j11,j12)*Deng(0,xiw,0)
      *Deng(p3,xiz,M4)^2*Deng(p4,xiw,M3)^2*p3.p3*p4.p4*xiz*ufoGC58*ufoGC107*
      ufoGC76*ufoGC85
       - 1/4*g_(1,6_,nu14)*g_(2,p2)*auxGamma(nu14,i1,iufo11)*auxPR(iufo11,j11)
      *cFT(g6,XX,i2,i3)/(d^3 + d^2 - 2*d)*flavourTag(fe,j11,j12)*Deng(0,xiw,0)
      *Deng(p3,xiz,M4)^2*Deng(p4,xiw,M3)^2*p3.p4^2*d^2*xiz*ufoGC58*ufoGC107*
      ufoGC76*ufoGC85
       - 1/4*g_(1,6_,nu14)*g_(2,p2)*auxGamma(nu14,i1,iufo11)*auxPR(iufo11,j11)
      *cFT(g6,XX,i2,i3)/(d^3 + d^2 - 2*d)*flavourTag(fe,j11,j12)*Deng(0,xiw,0)
      *Deng(p3,xiz,M4)^2*Deng(p4,xiw,M3)^2*p3.p4^2*d*xiz*ufoGC58*ufoGC107*
      ufoGC76*ufoGC85
       + 1/4*g_(1,6_,nu13)*g_(2,p2)*auxGamma(nu13,i1,iufo11)*auxPL(iufo11,j11)
      *cFT(g6,XX,i2,i3)*flavourTag(fe,j11,j12)*Deng(0,xiw,0)*Deng(p3,xiz,M4)^2
      *Deng(p4,xiw,M3)*p3.p3*d^-1*xiz*ufoGC58*ufoGC107*ufoGC80*ufoGC85
       + 1/4*g_(1,6_,nu13)*g_(2,p2)*auxGamma(nu13,i1,iufo11)*auxPR(iufo11,j11)
      *cFT(g6,XX,i2,i3)*flavourTag(fe,j11,j12)*Deng(0,xiw,0)*Deng(p3,xiz,M4)^2
      *Deng(p4,xiw,M3)*p3.p3*d^-1*xiz*ufoGC58*ufoGC107*ufoGC76*ufoGC85
      ;

  0.00 sec out of 0.00 sec
