FORM 5.0.0-beta.1 (Jan 15 2026, v5.0.0-beta.1-292-g4341c63)  Run: Fri Feb 13 17:55:44 2026
    #-

   d1l251amp =
       - 1/8*g_(1,6_,nu16)*FT1*g_(1,p4)*g_(2,6_,nu14)*cFT(g6,XX,i2,i3)*
      flavourTag(fe,j11,j12)*Vec(nu16,p4)*Vec(nu14,p4)*Deng(p4,xiw,M3)^2*Deng(
      q2 + q3,xiw,0)*Deng( - p4 + q2 + q3,xiz,M4)*xiw*ufoGC58*ufoGC80*ufoGC107
      *ufoGC85
       + 1/8*g_(1,6_,nu16)*FT1*g_(1,p4)*g_(2,6_,nu14)*cFT(g6,XX,i2,i3)*
      flavourTag(fe,j11,j12)*Vec(nu16,p4)*Vec(nu14,q2)*Vec(nu13,p4)*Vec(nu13,
      q3)*Deng(p4,xiw,M3)^2*Deng(q2 + q3,xiw,0)*Deng( - p4 + q2 + q3,xiz,M4)^2
      *xiw*ufoGC58*ufoGC80*ufoGC107*ufoGC85
       + 1/8*g_(1,6_,nu16)*FT1*g_(1,p4)*g_(2,6_,nu14)*cFT(g6,XX,i2,i3)*
      flavourTag(fe,j11,j12)*Vec(nu16,p4)*Vec(nu14,q2)*Vec(nu13,-p4)*Vec(nu13,
      p4)*Deng(p4,xiw,M3)^2*Deng(q2 + q3,xiw,0)*Deng( - p4 + q2 + q3,xiz,M4)^2
      *xiw*ufoGC58*ufoGC80*ufoGC107*ufoGC85
       + 1/8*g_(1,6_,nu16)*FT1*g_(1,p4)*g_(2,6_,nu14)*cFT(g6,XX,i2,i3)*
      flavourTag(fe,j11,j12)*Vec(nu16,p4)*Vec(nu14,q3)*Vec(nu13,p4)*Vec(nu13,
      q2)*Deng(p4,xiw,M3)^2*Deng(q2 + q3,xiw,0)*Deng( - p4 + q2 + q3,xiz,M4)^2
      *xiw*ufoGC58*ufoGC80*ufoGC107*ufoGC85
       + 1/8*g_(1,6_,nu16)*FT1*g_(1,p4)*g_(2,6_,nu14)*cFT(g6,XX,i2,i3)*
      flavourTag(fe,j11,j12)*Vec(nu16,p4)*Vec(nu14,q3)*Vec(nu13,-p4)*Vec(nu13,
      p4)*Deng(p4,xiw,M3)^2*Deng(q2 + q3,xiw,0)*Deng( - p4 + q2 + q3,xiz,M4)^2
      *xiw*ufoGC58*ufoGC80*ufoGC107*ufoGC85
       + 1/8*g_(1,6_,nu16)*FT1*g_(1,p4)*g_(2,6_,nu14)*cFT(g6,XX,i2,i3)*
      flavourTag(fe,j11,j12)*Vec(nu16,p4)*Vec(nu14,-p4)*Vec(nu13,p4)*Vec(nu13,
      q2)*Deng(p4,xiw,M3)^2*Deng(q2 + q3,xiw,0)*Deng( - p4 + q2 + q3,xiz,M4)^2
      *xiw*ufoGC58*ufoGC80*ufoGC107*ufoGC85
       + 1/8*g_(1,6_,nu16)*FT1*g_(1,p4)*g_(2,6_,nu14)*cFT(g6,XX,i2,i3)*
      flavourTag(fe,j11,j12)*Vec(nu16,p4)*Vec(nu14,-p4)*Vec(nu13,p4)*Vec(nu13,
      q3)*Deng(p4,xiw,M3)^2*Deng(q2 + q3,xiw,0)*Deng( - p4 + q2 + q3,xiz,M4)^2
      *xiw*ufoGC58*ufoGC80*ufoGC107*ufoGC85
       - 1/8*g_(1,6_,nu16)*FT1*g_(1,p4)*g_(2,nu14)*FT2(g6)*cFT(g6,XX,i2,i3)*
      flavourTag(fe,j11,j12)*Vec(nu16,p4)*Vec(nu14,p4)*Deng(p4,xiw,M3)^2*Deng(
      q2 + q3,xiw,0)*Deng( - p4 + q2 + q3,xiz,M4)*xiw*ufoGC58*ufoGC76*ufoGC107
      *ufoGC85
       + 1/8*g_(1,6_,nu16)*FT1*g_(1,p4)*g_(2,nu14)*FT2(g6)*cFT(g6,XX,i2,i3)*
      flavourTag(fe,j11,j12)*Vec(nu16,p4)*Vec(nu14,q2)*Vec(nu13,p4)*Vec(nu13,
      q3)*Deng(p4,xiw,M3)^2*Deng(q2 + q3,xiw,0)*Deng( - p4 + q2 + q3,xiz,M4)^2
      *xiw*ufoGC58*ufoGC76*ufoGC107*ufoGC85
       + 1/8*g_(1,6_,nu16)*FT1*g_(1,p4)*g_(2,nu14)*FT2(g6)*cFT(g6,XX,i2,i3)*
      flavourTag(fe,j11,j12)*Vec(nu16,p4)*Vec(nu14,q2)*Vec(nu13,-p4)*Vec(nu13,
      p4)*Deng(p4,xiw,M3)^2*Deng(q2 + q3,xiw,0)*Deng( - p4 + q2 + q3,xiz,M4)^2
      *xiw*ufoGC58*ufoGC76*ufoGC107*ufoGC85
       + 1/8*g_(1,6_,nu16)*FT1*g_(1,p4)*g_(2,nu14)*FT2(g6)*cFT(g6,XX,i2,i3)*
      flavourTag(fe,j11,j12)*Vec(nu16,p4)*Vec(nu14,q3)*Vec(nu13,p4)*Vec(nu13,
      q2)*Deng(p4,xiw,M3)^2*Deng(q2 + q3,xiw,0)*Deng( - p4 + q2 + q3,xiz,M4)^2
      *xiw*ufoGC58*ufoGC76*ufoGC107*ufoGC85
       + 1/8*g_(1,6_,nu16)*FT1*g_(1,p4)*g_(2,nu14)*FT2(g6)*cFT(g6,XX,i2,i3)*
      flavourTag(fe,j11,j12)*Vec(nu16,p4)*Vec(nu14,q3)*Vec(nu13,-p4)*Vec(nu13,
      p4)*Deng(p4,xiw,M3)^2*Deng(q2 + q3,xiw,0)*Deng( - p4 + q2 + q3,xiz,M4)^2
      *xiw*ufoGC58*ufoGC76*ufoGC107*ufoGC85
       + 1/8*g_(1,6_,nu16)*FT1*g_(1,p4)*g_(2,nu14)*FT2(g6)*cFT(g6,XX,i2,i3)*
      flavourTag(fe,j11,j12)*Vec(nu16,p4)*Vec(nu14,-p4)*Vec(nu13,p4)*Vec(nu13,
      q2)*Deng(p4,xiw,M3)^2*Deng(q2 + q3,xiw,0)*Deng( - p4 + q2 + q3,xiz,M4)^2
      *xiw*ufoGC58*ufoGC76*ufoGC107*ufoGC85
       + 1/8*g_(1,6_,nu16)*FT1*g_(1,p4)*g_(2,nu14)*FT2(g6)*cFT(g6,XX,i2,i3)*
      flavourTag(fe,j11,j12)*Vec(nu16,p4)*Vec(nu14,-p4)*Vec(nu13,p4)*Vec(nu13,
      q3)*Deng(p4,xiw,M3)^2*Deng(q2 + q3,xiw,0)*Deng( - p4 + q2 + q3,xiz,M4)^2
      *xiw*ufoGC58*ufoGC76*ufoGC107*ufoGC85
       + 1/8*g_(1,6_,nu16)*FT1*g_(1,q1)*g_(2,6_,nu14)*cFT(g6,XX,i2,i3)*
      flavourTag(fe,j11,j12)*Vec(nu16,p4)*Vec(nu14,p4)*Deng(p4,xiw,M3)^2*Deng(
      q2 + q3,xiw,0)*Deng( - p4 + q2 + q3,xiz,M4)*xiw*ufoGC58*ufoGC80*ufoGC107
      *ufoGC85
       - 1/8*g_(1,6_,nu16)*FT1*g_(1,q1)*g_(2,6_,nu14)*cFT(g6,XX,i2,i3)*
      flavourTag(fe,j11,j12)*Vec(nu16,p4)*Vec(nu14,q2)*Vec(nu13,p4)*Vec(nu13,
      q3)*Deng(p4,xiw,M3)^2*Deng(q2 + q3,xiw,0)*Deng( - p4 + q2 + q3,xiz,M4)^2
      *xiw*ufoGC58*ufoGC80*ufoGC107*ufoGC85
       - 1/8*g_(1,6_,nu16)*FT1*g_(1,q1)*g_(2,6_,nu14)*cFT(g6,XX,i2,i3)*
      flavourTag(fe,j11,j12)*Vec(nu16,p4)*Vec(nu14,q2)*Vec(nu13,-p4)*Vec(nu13,
      p4)*Deng(p4,xiw,M3)^2*Deng(q2 + q3,xiw,0)*Deng( - p4 + q2 + q3,xiz,M4)^2
      *xiw*ufoGC58*ufoGC80*ufoGC107*ufoGC85
       - 1/8*g_(1,6_,nu16)*FT1*g_(1,q1)*g_(2,6_,nu14)*cFT(g6,XX,i2,i3)*
      flavourTag(fe,j11,j12)*Vec(nu16,p4)*Vec(nu14,q3)*Vec(nu13,p4)*Vec(nu13,
      q2)*Deng(p4,xiw,M3)^2*Deng(q2 + q3,xiw,0)*Deng( - p4 + q2 + q3,xiz,M4)^2
      *xiw*ufoGC58*ufoGC80*ufoGC107*ufoGC85
       - 1/8*g_(1,6_,nu16)*FT1*g_(1,q1)*g_(2,6_,nu14)*cFT(g6,XX,i2,i3)*
      flavourTag(fe,j11,j12)*Vec(nu16,p4)*Vec(nu14,q3)*Vec(nu13,-p4)*Vec(nu13,
      p4)*Deng(p4,xiw,M3)^2*Deng(q2 + q3,xiw,0)*Deng( - p4 + q2 + q3,xiz,M4)^2
      *xiw*ufoGC58*ufoGC80*ufoGC107*ufoGC85
       - 1/8*g_(1,6_,nu16)*FT1*g_(1,q1)*g_(2,6_,nu14)*cFT(g6,XX,i2,i3)*
      flavourTag(fe,j11,j12)*Vec(nu16,p4)*Vec(nu14,-p4)*Vec(nu13,p4)*Vec(nu13,
      q2)*Deng(p4,xiw,M3)^2*Deng(q2 + q3,xiw,0)*Deng( - p4 + q2 + q3,xiz,M4)^2
      *xiw*ufoGC58*ufoGC80*ufoGC107*ufoGC85
       - 1/8*g_(1,6_,nu16)*FT1*g_(1,q1)*g_(2,6_,nu14)*cFT(g6,XX,i2,i3)*
      flavourTag(fe,j11,j12)*Vec(nu16,p4)*Vec(nu14,-p4)*Vec(nu13,p4)*Vec(nu13,
      q3)*Deng(p4,xiw,M3)^2*Deng(q2 + q3,xiw,0)*Deng( - p4 + q2 + q3,xiz,M4)^2
      *xiw*ufoGC58*ufoGC80*ufoGC107*ufoGC85
       + 1/8*g_(1,6_,nu16)*FT1*g_(1,q1)*g_(2,nu14)*FT2(g6)*cFT(g6,XX,i2,i3)*
      flavourTag(fe,j11,j12)*Vec(nu16,p4)*Vec(nu14,p4)*Deng(p4,xiw,M3)^2*Deng(
      q2 + q3,xiw,0)*Deng( - p4 + q2 + q3,xiz,M4)*xiw*ufoGC58*ufoGC76*ufoGC107
      *ufoGC85
       - 1/8*g_(1,6_,nu16)*FT1*g_(1,q1)*g_(2,nu14)*FT2(g6)*cFT(g6,XX,i2,i3)*
      flavourTag(fe,j11,j12)*Vec(nu16,p4)*Vec(nu14,q2)*Vec(nu13,p4)*Vec(nu13,
      q3)*Deng(p4,xiw,M3)^2*Deng(q2 + q3,xiw,0)*Deng( - p4 + q2 + q3,xiz,M4)^2
      *xiw*ufoGC58*ufoGC76*ufoGC107*ufoGC85
       - 1/8*g_(1,6_,nu16)*FT1*g_(1,q1)*g_(2,nu14)*FT2(g6)*cFT(g6,XX,i2,i3)*
      flavourTag(fe,j11,j12)*Vec(nu16,p4)*Vec(nu14,q2)*Vec(nu13,-p4)*Vec(nu13,
      p4)*Deng(p4,xiw,M3)^2*Deng(q2 + q3,xiw,0)*Deng( - p4 + q2 + q3,xiz,M4)^2
      *xiw*ufoGC58*ufoGC76*ufoGC107*ufoGC85
       - 1/8*g_(1,6_,nu16)*FT1*g_(1,q1)*g_(2,nu14)*FT2(g6)*cFT(g6,XX,i2,i3)*
      flavourTag(fe,j11,j12)*Vec(nu16,p4)*Vec(nu14,q3)*Vec(nu13,p4)*Vec(nu13,
      q2)*Deng(p4,xiw,M3)^2*Deng(q2 + q3,xiw,0)*Deng( - p4 + q2 + q3,xiz,M4)^2
      *xiw*ufoGC58*ufoGC76*ufoGC107*ufoGC85
       - 1/8*g_(1,6_,nu16)*FT1*g_(1,q1)*g_(2,nu14)*FT2(g6)*cFT(g6,XX,i2,i3)*
      flavourTag(fe,j11,j12)*Vec(nu16,p4)*Vec(nu14,q3)*Vec(nu13,-p4)*Vec(nu13,
      p4)*Deng(p4,xiw,M3)^2*Deng(q2 + q3,xiw,0)*Deng( - p4 + q2 + q3,xiz,M4)^2
      *xiw*ufoGC58*ufoGC76*ufoGC107*ufoGC85
       - 1/8*g_(1,6_,nu16)*FT1*g_(1,q1)*g_(2,nu14)*FT2(g6)*cFT(g6,XX,i2,i3)*
      flavourTag(fe,j11,j12)*Vec(nu16,p4)*Vec(nu14,-p4)*Vec(nu13,p4)*Vec(nu13,
      q2)*Deng(p4,xiw,M3)^2*Deng(q2 + q3,xiw,0)*Deng( - p4 + q2 + q3,xiz,M4)^2
      *xiw*ufoGC58*ufoGC76*ufoGC107*ufoGC85
       - 1/8*g_(1,6_,nu16)*FT1*g_(1,q1)*g_(2,nu14)*FT2(g6)*cFT(g6,XX,i2,i3)*
      flavourTag(fe,j11,j12)*Vec(nu16,p4)*Vec(nu14,-p4)*Vec(nu13,p4)*Vec(nu13,
      q3)*Deng(p4,xiw,M3)^2*Deng(q2 + q3,xiw,0)*Deng( - p4 + q2 + q3,xiz,M4)^2
      *xiw*ufoGC58*ufoGC76*ufoGC107*ufoGC85
       + 1/8*g_(1,6_,nu16)*FT1*g_(1,q2)*g_(2,6_,nu14)*cFT(g6,XX,i2,i3)*
      flavourTag(fe,j11,j12)*Vec(nu16,p4)*Vec(nu14,p4)*Deng(p4,xiw,M3)^2*Deng(
      q2 + q3,xiw,0)*Deng( - p4 + q2 + q3,xiz,M4)*xiw*ufoGC58*ufoGC80*ufoGC107
      *ufoGC85
       - 1/8*g_(1,6_,nu16)*FT1*g_(1,q2)*g_(2,6_,nu14)*cFT(g6,XX,i2,i3)*
      flavourTag(fe,j11,j12)*Vec(nu16,p4)*Vec(nu14,q2)*Vec(nu13,p4)*Vec(nu13,
      q3)*Deng(p4,xiw,M3)^2*Deng(q2 + q3,xiw,0)*Deng( - p4 + q2 + q3,xiz,M4)^2
      *xiw*ufoGC58*ufoGC80*ufoGC107*ufoGC85
       - 1/8*g_(1,6_,nu16)*FT1*g_(1,q2)*g_(2,6_,nu14)*cFT(g6,XX,i2,i3)*
      flavourTag(fe,j11,j12)*Vec(nu16,p4)*Vec(nu14,q2)*Vec(nu13,-p4)*Vec(nu13,
      p4)*Deng(p4,xiw,M3)^2*Deng(q2 + q3,xiw,0)*Deng( - p4 + q2 + q3,xiz,M4)^2
      *xiw*ufoGC58*ufoGC80*ufoGC107*ufoGC85
       - 1/8*g_(1,6_,nu16)*FT1*g_(1,q2)*g_(2,6_,nu14)*cFT(g6,XX,i2,i3)*
      flavourTag(fe,j11,j12)*Vec(nu16,p4)*Vec(nu14,q3)*Vec(nu13,p4)*Vec(nu13,
      q2)*Deng(p4,xiw,M3)^2*Deng(q2 + q3,xiw,0)*Deng( - p4 + q2 + q3,xiz,M4)^2
      *xiw*ufoGC58*ufoGC80*ufoGC107*ufoGC85
       - 1/8*g_(1,6_,nu16)*FT1*g_(1,q2)*g_(2,6_,nu14)*cFT(g6,XX,i2,i3)*
      flavourTag(fe,j11,j12)*Vec(nu16,p4)*Vec(nu14,q3)*Vec(nu13,-p4)*Vec(nu13,
      p4)*Deng(p4,xiw,M3)^2*Deng(q2 + q3,xiw,0)*Deng( - p4 + q2 + q3,xiz,M4)^2
      *xiw*ufoGC58*ufoGC80*ufoGC107*ufoGC85
       - 1/8*g_(1,6_,nu16)*FT1*g_(1,q2)*g_(2,6_,nu14)*cFT(g6,XX,i2,i3)*
      flavourTag(fe,j11,j12)*Vec(nu16,p4)*Vec(nu14,-p4)*Vec(nu13,p4)*Vec(nu13,
      q2)*Deng(p4,xiw,M3)^2*Deng(q2 + q3,xiw,0)*Deng( - p4 + q2 + q3,xiz,M4)^2
      *xiw*ufoGC58*ufoGC80*ufoGC107*ufoGC85
       - 1/8*g_(1,6_,nu16)*FT1*g_(1,q2)*g_(2,6_,nu14)*cFT(g6,XX,i2,i3)*
      flavourTag(fe,j11,j12)*Vec(nu16,p4)*Vec(nu14,-p4)*Vec(nu13,p4)*Vec(nu13,
      q3)*Deng(p4,xiw,M3)^2*Deng(q2 + q3,xiw,0)*Deng( - p4 + q2 + q3,xiz,M4)^2
      *xiw*ufoGC58*ufoGC80*ufoGC107*ufoGC85
       + 1/8*g_(1,6_,nu16)*FT1*g_(1,q2)*g_(2,nu14)*FT2(g6)*cFT(g6,XX,i2,i3)*
      flavourTag(fe,j11,j12)*Vec(nu16,p4)*Vec(nu14,p4)*Deng(p4,xiw,M3)^2*Deng(
      q2 + q3,xiw,0)*Deng( - p4 + q2 + q3,xiz,M4)*xiw*ufoGC58*ufoGC76*ufoGC107
      *ufoGC85
       - 1/8*g_(1,6_,nu16)*FT1*g_(1,q2)*g_(2,nu14)*FT2(g6)*cFT(g6,XX,i2,i3)*
      flavourTag(fe,j11,j12)*Vec(nu16,p4)*Vec(nu14,q2)*Vec(nu13,p4)*Vec(nu13,
      q3)*Deng(p4,xiw,M3)^2*Deng(q2 + q3,xiw,0)*Deng( - p4 + q2 + q3,xiz,M4)^2
      *xiw*ufoGC58*ufoGC76*ufoGC107*ufoGC85
       - 1/8*g_(1,6_,nu16)*FT1*g_(1,q2)*g_(2,nu14)*FT2(g6)*cFT(g6,XX,i2,i3)*
      flavourTag(fe,j11,j12)*Vec(nu16,p4)*Vec(nu14,q2)*Vec(nu13,-p4)*Vec(nu13,
      p4)*Deng(p4,xiw,M3)^2*Deng(q2 + q3,xiw,0)*Deng( - p4 + q2 + q3,xiz,M4)^2
      *xiw*ufoGC58*ufoGC76*ufoGC107*ufoGC85
       - 1/8*g_(1,6_,nu16)*FT1*g_(1,q2)*g_(2,nu14)*FT2(g6)*cFT(g6,XX,i2,i3)*
      flavourTag(fe,j11,j12)*Vec(nu16,p4)*Vec(nu14,q3)*Vec(nu13,p4)*Vec(nu13,
      q2)*Deng(p4,xiw,M3)^2*Deng(q2 + q3,xiw,0)*Deng( - p4 + q2 + q3,xiz,M4)^2
      *xiw*ufoGC58*ufoGC76*ufoGC107*ufoGC85
       - 1/8*g_(1,6_,nu16)*FT1*g_(1,q2)*g_(2,nu14)*FT2(g6)*cFT(g6,XX,i2,i3)*
      flavourTag(fe,j11,j12)*Vec(nu16,p4)*Vec(nu14,q3)*Vec(nu13,-p4)*Vec(nu13,
      p4)*Deng(p4,xiw,M3)^2*Deng(q2 + q3,xiw,0)*Deng( - p4 + q2 + q3,xiz,M4)^2
      *xiw*ufoGC58*ufoGC76*ufoGC107*ufoGC85
       - 1/8*g_(1,6_,nu16)*FT1*g_(1,q2)*g_(2,nu14)*FT2(g6)*cFT(g6,XX,i2,i3)*
      flavourTag(fe,j11,j12)*Vec(nu16,p4)*Vec(nu14,-p4)*Vec(nu13,p4)*Vec(nu13,
      q2)*Deng(p4,xiw,M3)^2*Deng(q2 + q3,xiw,0)*Deng( - p4 + q2 + q3,xiz,M4)^2
      *xiw*ufoGC58*ufoGC76*ufoGC107*ufoGC85
       - 1/8*g_(1,6_,nu16)*FT1*g_(1,q2)*g_(2,nu14)*FT2(g6)*cFT(g6,XX,i2,i3)*
      flavourTag(fe,j11,j12)*Vec(nu16,p4)*Vec(nu14,-p4)*Vec(nu13,p4)*Vec(nu13,
      q3)*Deng(p4,xiw,M3)^2*Deng(q2 + q3,xiw,0)*Deng( - p4 + q2 + q3,xiz,M4)^2
      *xiw*ufoGC58*ufoGC76*ufoGC107*ufoGC85
       + 1/8*g_(1,6_,nu16)*FT1*g_(1,q3)*g_(2,6_,nu14)*cFT(g6,XX,i2,i3)*
      flavourTag(fe,j11,j12)*Vec(nu16,p4)*Vec(nu14,p4)*Deng(p4,xiw,M3)^2*Deng(
      q2 + q3,xiw,0)*Deng( - p4 + q2 + q3,xiz,M4)*xiw*ufoGC58*ufoGC80*ufoGC107
      *ufoGC85
       - 1/8*g_(1,6_,nu16)*FT1*g_(1,q3)*g_(2,6_,nu14)*cFT(g6,XX,i2,i3)*
      flavourTag(fe,j11,j12)*Vec(nu16,p4)*Vec(nu14,q2)*Vec(nu13,p4)*Vec(nu13,
      q3)*Deng(p4,xiw,M3)^2*Deng(q2 + q3,xiw,0)*Deng( - p4 + q2 + q3,xiz,M4)^2
      *xiw*ufoGC58*ufoGC80*ufoGC107*ufoGC85
       - 1/8*g_(1,6_,nu16)*FT1*g_(1,q3)*g_(2,6_,nu14)*cFT(g6,XX,i2,i3)*
      flavourTag(fe,j11,j12)*Vec(nu16,p4)*Vec(nu14,q2)*Vec(nu13,-p4)*Vec(nu13,
      p4)*Deng(p4,xiw,M3)^2*Deng(q2 + q3,xiw,0)*Deng( - p4 + q2 + q3,xiz,M4)^2
      *xiw*ufoGC58*ufoGC80*ufoGC107*ufoGC85
       - 1/8*g_(1,6_,nu16)*FT1*g_(1,q3)*g_(2,6_,nu14)*cFT(g6,XX,i2,i3)*
      flavourTag(fe,j11,j12)*Vec(nu16,p4)*Vec(nu14,q3)*Vec(nu13,p4)*Vec(nu13,
      q2)*Deng(p4,xiw,M3)^2*Deng(q2 + q3,xiw,0)*Deng( - p4 + q2 + q3,xiz,M4)^2
      *xiw*ufoGC58*ufoGC80*ufoGC107*ufoGC85
       - 1/8*g_(1,6_,nu16)*FT1*g_(1,q3)*g_(2,6_,nu14)*cFT(g6,XX,i2,i3)*
      flavourTag(fe,j11,j12)*Vec(nu16,p4)*Vec(nu14,q3)*Vec(nu13,-p4)*Vec(nu13,
      p4)*Deng(p4,xiw,M3)^2*Deng(q2 + q3,xiw,0)*Deng( - p4 + q2 + q3,xiz,M4)^2
      *xiw*ufoGC58*ufoGC80*ufoGC107*ufoGC85
       - 1/8*g_(1,6_,nu16)*FT1*g_(1,q3)*g_(2,6_,nu14)*cFT(g6,XX,i2,i3)*
      flavourTag(fe,j11,j12)*Vec(nu16,p4)*Vec(nu14,-p4)*Vec(nu13,p4)*Vec(nu13,
      q2)*Deng(p4,xiw,M3)^2*Deng(q2 + q3,xiw,0)*Deng( - p4 + q2 + q3,xiz,M4)^2
      *xiw*ufoGC58*ufoGC80*ufoGC107*ufoGC85
       - 1/8*g_(1,6_,nu16)*FT1*g_(1,q3)*g_(2,6_,nu14)*cFT(g6,XX,i2,i3)*
      flavourTag(fe,j11,j12)*Vec(nu16,p4)*Vec(nu14,-p4)*Vec(nu13,p4)*Vec(nu13,
      q3)*Deng(p4,xiw,M3)^2*Deng(q2 + q3,xiw,0)*Deng( - p4 + q2 + q3,xiz,M4)^2
      *xiw*ufoGC58*ufoGC80*ufoGC107*ufoGC85
       + 1/8*g_(1,6_,nu16)*FT1*g_(1,q3)*g_(2,nu14)*FT2(g6)*cFT(g6,XX,i2,i3)*
      flavourTag(fe,j11,j12)*Vec(nu16,p4)*Vec(nu14,p4)*Deng(p4,xiw,M3)^2*Deng(
      q2 + q3,xiw,0)*Deng( - p4 + q2 + q3,xiz,M4)*xiw*ufoGC58*ufoGC76*ufoGC107
      *ufoGC85
       - 1/8*g_(1,6_,nu16)*FT1*g_(1,q3)*g_(2,nu14)*FT2(g6)*cFT(g6,XX,i2,i3)*
      flavourTag(fe,j11,j12)*Vec(nu16,p4)*Vec(nu14,q2)*Vec(nu13,p4)*Vec(nu13,
      q3)*Deng(p4,xiw,M3)^2*Deng(q2 + q3,xiw,0)*Deng( - p4 + q2 + q3,xiz,M4)^2
      *xiw*ufoGC58*ufoGC76*ufoGC107*ufoGC85
       - 1/8*g_(1,6_,nu16)*FT1*g_(1,q3)*g_(2,nu14)*FT2(g6)*cFT(g6,XX,i2,i3)*
      flavourTag(fe,j11,j12)*Vec(nu16,p4)*Vec(nu14,q2)*Vec(nu13,-p4)*Vec(nu13,
      p4)*Deng(p4,xiw,M3)^2*Deng(q2 + q3,xiw,0)*Deng( - p4 + q2 + q3,xiz,M4)^2
      *xiw*ufoGC58*ufoGC76*ufoGC107*ufoGC85
       - 1/8*g_(1,6_,nu16)*FT1*g_(1,q3)*g_(2,nu14)*FT2(g6)*cFT(g6,XX,i2,i3)*
      flavourTag(fe,j11,j12)*Vec(nu16,p4)*Vec(nu14,q3)*Vec(nu13,p4)*Vec(nu13,
      q2)*Deng(p4,xiw,M3)^2*Deng(q2 + q3,xiw,0)*Deng( - p4 + q2 + q3,xiz,M4)^2
      *xiw*ufoGC58*ufoGC76*ufoGC107*ufoGC85
       - 1/8*g_(1,6_,nu16)*FT1*g_(1,q3)*g_(2,nu14)*FT2(g6)*cFT(g6,XX,i2,i3)*
      flavourTag(fe,j11,j12)*Vec(nu16,p4)*Vec(nu14,q3)*Vec(nu13,-p4)*Vec(nu13,
      p4)*Deng(p4,xiw,M3)^2*Deng(q2 + q3,xiw,0)*Deng( - p4 + q2 + q3,xiz,M4)^2
      *xiw*ufoGC58*ufoGC76*ufoGC107*ufoGC85
       - 1/8*g_(1,6_,nu16)*FT1*g_(1,q3)*g_(2,nu14)*FT2(g6)*cFT(g6,XX,i2,i3)*
      flavourTag(fe,j11,j12)*Vec(nu16,p4)*Vec(nu14,-p4)*Vec(nu13,p4)*Vec(nu13,
      q2)*Deng(p4,xiw,M3)^2*Deng(q2 + q3,xiw,0)*Deng( - p4 + q2 + q3,xiz,M4)^2
      *xiw*ufoGC58*ufoGC76*ufoGC107*ufoGC85
       - 1/8*g_(1,6_,nu16)*FT1*g_(1,q3)*g_(2,nu14)*FT2(g6)*cFT(g6,XX,i2,i3)*
      flavourTag(fe,j11,j12)*Vec(nu16,p4)*Vec(nu14,-p4)*Vec(nu13,p4)*Vec(nu13,
      q3)*Deng(p4,xiw,M3)^2*Deng(q2 + q3,xiw,0)*Deng( - p4 + q2 + q3,xiz,M4)^2
      *xiw*ufoGC58*ufoGC76*ufoGC107*ufoGC85
       + 1/8*g_(1,6_,nu14)*FT1*g_(1,p4)*g_(2,6_,nu14)*cFT(g6,XX,i2,i3)/(d^3 + 
      d^2 - 2*d)*flavourTag(fe,j11,j12)*Deng(p4,xiw,M3)^2*Deng(q2 + q3,xiw,0)*
      Deng( - p4 + q2 + q3,xiz,M4)^2*p4.p4^2*d^2*xiw*ufoGC58*ufoGC80*ufoGC107*
      ufoGC85
       - 1/8*g_(1,6_,nu14)*FT1*g_(1,p4)*g_(2,6_,nu14)*cFT(g6,XX,i2,i3)/(d^3 + 
      d^2 - 2*d)*flavourTag(fe,j11,j12)*Deng(p4,xiw,M3)^2*Deng(q2 + q3,xiw,0)*
      Deng( - p4 + q2 + q3,xiz,M4)^2*p4.p4^2*xiw*ufoGC58*ufoGC80*ufoGC107*
      ufoGC85
       - 1/8*g_(1,6_,nu14)*FT1*g_(1,p4)*g_(2,6_,nu14)*cFT(g6,XX,i2,i3)/(d^3 + 
      d^2 - 2*d)*flavourTag(fe,j11,j12)*Deng(p4,xiw,M3)^2*Deng(q2 + q3,xiw,0)*
      Deng( - p4 + q2 + q3,xiz,M4)^2*p4.p4*q2.q2*d*xiw*ufoGC58*ufoGC80*
      ufoGC107*ufoGC85
       - 1/8*g_(1,6_,nu14)*FT1*g_(1,p4)*g_(2,6_,nu14)*cFT(g6,XX,i2,i3)/(d^3 + 
      d^2 - 2*d)*flavourTag(fe,j11,j12)*Deng(p4,xiw,M3)^2*Deng(q2 + q3,xiw,0)*
      Deng( - p4 + q2 + q3,xiz,M4)^2*p4.p4*q2.q2*xiw*ufoGC58*ufoGC80*ufoGC107*
      ufoGC85
       - 1/8*g_(1,6_,nu14)*FT1*g_(1,p4)*g_(2,6_,nu14)*cFT(g6,XX,i2,i3)/(d^3 + 
      d^2 - 2*d)*flavourTag(fe,j11,j12)*Deng(p4,xiw,M3)^2*Deng(q2 + q3,xiw,0)*
      Deng( - p4 + q2 + q3,xiz,M4)^2*p4.p4*q3.q3*d*xiw*ufoGC58*ufoGC80*
      ufoGC107*ufoGC85
       - 1/8*g_(1,6_,nu14)*FT1*g_(1,p4)*g_(2,6_,nu14)*cFT(g6,XX,i2,i3)/(d^3 + 
      d^2 - 2*d)*flavourTag(fe,j11,j12)*Deng(p4,xiw,M3)^2*Deng(q2 + q3,xiw,0)*
      Deng( - p4 + q2 + q3,xiz,M4)^2*p4.p4*q3.q3*xiw*ufoGC58*ufoGC80*ufoGC107*
      ufoGC85
       + 1/8*g_(1,6_,nu14)*FT1*g_(1,p4)*g_(2,6_,nu14)*cFT(g6,XX,i2,i3)/(d^3 + 
      d^2 - 2*d)*flavourTag(fe,j11,j12)*Deng(p4,xiw,M3)^2*Deng(q2 + q3,xiw,0)*
      Deng( - p4 + q2 + q3,xiz,M4)^2*p4.q2^2*d^2*xiw*ufoGC58*ufoGC80*ufoGC107*
      ufoGC85
       + 1/8*g_(1,6_,nu14)*FT1*g_(1,p4)*g_(2,6_,nu14)*cFT(g6,XX,i2,i3)/(d^3 + 
      d^2 - 2*d)*flavourTag(fe,j11,j12)*Deng(p4,xiw,M3)^2*Deng(q2 + q3,xiw,0)*
      Deng( - p4 + q2 + q3,xiz,M4)^2*p4.q2^2*d*xiw*ufoGC58*ufoGC80*ufoGC107*
      ufoGC85
       + 1/8*g_(1,6_,nu14)*FT1*g_(1,p4)*g_(2,6_,nu14)*cFT(g6,XX,i2,i3)/(d^3 + 
      d^2 - 2*d)*flavourTag(fe,j11,j12)*Deng(p4,xiw,M3)^2*Deng(q2 + q3,xiw,0)*
      Deng( - p4 + q2 + q3,xiz,M4)^2*p4.q3^2*d^2*xiw*ufoGC58*ufoGC80*ufoGC107*
      ufoGC85
       + 1/8*g_(1,6_,nu14)*FT1*g_(1,p4)*g_(2,6_,nu14)*cFT(g6,XX,i2,i3)/(d^3 + 
      d^2 - 2*d)*flavourTag(fe,j11,j12)*Deng(p4,xiw,M3)^2*Deng(q2 + q3,xiw,0)*
      Deng( - p4 + q2 + q3,xiz,M4)^2*p4.q3^2*d*xiw*ufoGC58*ufoGC80*ufoGC107*
      ufoGC85
       + 1/8*g_(1,6_,nu14)*FT1*g_(1,p4)*g_(2,nu14)*FT2(g6)*cFT(g6,XX,i2,i3)/(
      d^3 + d^2 - 2*d)*flavourTag(fe,j11,j12)*Deng(p4,xiw,M3)^2*Deng(q2 + q3,
      xiw,0)*Deng( - p4 + q2 + q3,xiz,M4)^2*p4.p4^2*d^2*xiw*ufoGC58*ufoGC76*
      ufoGC107*ufoGC85
       - 1/8*g_(1,6_,nu14)*FT1*g_(1,p4)*g_(2,nu14)*FT2(g6)*cFT(g6,XX,i2,i3)/(
      d^3 + d^2 - 2*d)*flavourTag(fe,j11,j12)*Deng(p4,xiw,M3)^2*Deng(q2 + q3,
      xiw,0)*Deng( - p4 + q2 + q3,xiz,M4)^2*p4.p4^2*xiw*ufoGC58*ufoGC76*
      ufoGC107*ufoGC85
       - 1/8*g_(1,6_,nu14)*FT1*g_(1,p4)*g_(2,nu14)*FT2(g6)*cFT(g6,XX,i2,i3)/(
      d^3 + d^2 - 2*d)*flavourTag(fe,j11,j12)*Deng(p4,xiw,M3)^2*Deng(q2 + q3,
      xiw,0)*Deng( - p4 + q2 + q3,xiz,M4)^2*p4.p4*q2.q2*d*xiw*ufoGC58*ufoGC76*
      ufoGC107*ufoGC85
       - 1/8*g_(1,6_,nu14)*FT1*g_(1,p4)*g_(2,nu14)*FT2(g6)*cFT(g6,XX,i2,i3)/(
      d^3 + d^2 - 2*d)*flavourTag(fe,j11,j12)*Deng(p4,xiw,M3)^2*Deng(q2 + q3,
      xiw,0)*Deng( - p4 + q2 + q3,xiz,M4)^2*p4.p4*q2.q2*xiw*ufoGC58*ufoGC76*
      ufoGC107*ufoGC85
       - 1/8*g_(1,6_,nu14)*FT1*g_(1,p4)*g_(2,nu14)*FT2(g6)*cFT(g6,XX,i2,i3)/(
      d^3 + d^2 - 2*d)*flavourTag(fe,j11,j12)*Deng(p4,xiw,M3)^2*Deng(q2 + q3,
      xiw,0)*Deng( - p4 + q2 + q3,xiz,M4)^2*p4.p4*q3.q3*d*xiw*ufoGC58*ufoGC76*
      ufoGC107*ufoGC85
       - 1/8*g_(1,6_,nu14)*FT1*g_(1,p4)*g_(2,nu14)*FT2(g6)*cFT(g6,XX,i2,i3)/(
      d^3 + d^2 - 2*d)*flavourTag(fe,j11,j12)*Deng(p4,xiw,M3)^2*Deng(q2 + q3,
      xiw,0)*Deng( - p4 + q2 + q3,xiz,M4)^2*p4.p4*q3.q3*xiw*ufoGC58*ufoGC76*
      ufoGC107*ufoGC85
       + 1/8*g_(1,6_,nu14)*FT1*g_(1,p4)*g_(2,nu14)*FT2(g6)*cFT(g6,XX,i2,i3)/(
      d^3 + d^2 - 2*d)*flavourTag(fe,j11,j12)*Deng(p4,xiw,M3)^2*Deng(q2 + q3,
      xiw,0)*Deng( - p4 + q2 + q3,xiz,M4)^2*p4.q2^2*d^2*xiw*ufoGC58*ufoGC76*
      ufoGC107*ufoGC85
       + 1/8*g_(1,6_,nu14)*FT1*g_(1,p4)*g_(2,nu14)*FT2(g6)*cFT(g6,XX,i2,i3)/(
      d^3 + d^2 - 2*d)*flavourTag(fe,j11,j12)*Deng(p4,xiw,M3)^2*Deng(q2 + q3,
      xiw,0)*Deng( - p4 + q2 + q3,xiz,M4)^2*p4.q2^2*d*xiw*ufoGC58*ufoGC76*
      ufoGC107*ufoGC85
       + 1/8*g_(1,6_,nu14)*FT1*g_(1,p4)*g_(2,nu14)*FT2(g6)*cFT(g6,XX,i2,i3)/(
      d^3 + d^2 - 2*d)*flavourTag(fe,j11,j12)*Deng(p4,xiw,M3)^2*Deng(q2 + q3,
      xiw,0)*Deng( - p4 + q2 + q3,xiz,M4)^2*p4.q3^2*d^2*xiw*ufoGC58*ufoGC76*
      ufoGC107*ufoGC85
       + 1/8*g_(1,6_,nu14)*FT1*g_(1,p4)*g_(2,nu14)*FT2(g6)*cFT(g6,XX,i2,i3)/(
      d^3 + d^2 - 2*d)*flavourTag(fe,j11,j12)*Deng(p4,xiw,M3)^2*Deng(q2 + q3,
      xiw,0)*Deng( - p4 + q2 + q3,xiz,M4)^2*p4.q3^2*d*xiw*ufoGC58*ufoGC76*
      ufoGC107*ufoGC85
       - 1/8*g_(1,6_,nu14)*FT1*g_(1,q1)*g_(2,6_,nu14)*cFT(g6,XX,i2,i3)/(d^3 + 
      d^2 - 2*d)*flavourTag(fe,j11,j12)*Deng(p4,xiw,M3)^2*Deng(q2 + q3,xiw,0)*
      Deng( - p4 + q2 + q3,xiz,M4)^2*p4.p4^2*d^2*xiw*ufoGC58*ufoGC80*ufoGC107*
      ufoGC85
       + 1/8*g_(1,6_,nu14)*FT1*g_(1,q1)*g_(2,6_,nu14)*cFT(g6,XX,i2,i3)/(d^3 + 
      d^2 - 2*d)*flavourTag(fe,j11,j12)*Deng(p4,xiw,M3)^2*Deng(q2 + q3,xiw,0)*
      Deng( - p4 + q2 + q3,xiz,M4)^2*p4.p4^2*xiw*ufoGC58*ufoGC80*ufoGC107*
      ufoGC85
       + 1/8*g_(1,6_,nu14)*FT1*g_(1,q1)*g_(2,6_,nu14)*cFT(g6,XX,i2,i3)/(d^3 + 
      d^2 - 2*d)*flavourTag(fe,j11,j12)*Deng(p4,xiw,M3)^2*Deng(q2 + q3,xiw,0)*
      Deng( - p4 + q2 + q3,xiz,M4)^2*p4.p4*q2.q2*d*xiw*ufoGC58*ufoGC80*
      ufoGC107*ufoGC85
       + 1/8*g_(1,6_,nu14)*FT1*g_(1,q1)*g_(2,6_,nu14)*cFT(g6,XX,i2,i3)/(d^3 + 
      d^2 - 2*d)*flavourTag(fe,j11,j12)*Deng(p4,xiw,M3)^2*Deng(q2 + q3,xiw,0)*
      Deng( - p4 + q2 + q3,xiz,M4)^2*p4.p4*q2.q2*xiw*ufoGC58*ufoGC80*ufoGC107*
      ufoGC85
       + 1/8*g_(1,6_,nu14)*FT1*g_(1,q1)*g_(2,6_,nu14)*cFT(g6,XX,i2,i3)/(d^3 + 
      d^2 - 2*d)*flavourTag(fe,j11,j12)*Deng(p4,xiw,M3)^2*Deng(q2 + q3,xiw,0)*
      Deng( - p4 + q2 + q3,xiz,M4)^2*p4.p4*q3.q3*d*xiw*ufoGC58*ufoGC80*
      ufoGC107*ufoGC85
       + 1/8*g_(1,6_,nu14)*FT1*g_(1,q1)*g_(2,6_,nu14)*cFT(g6,XX,i2,i3)/(d^3 + 
      d^2 - 2*d)*flavourTag(fe,j11,j12)*Deng(p4,xiw,M3)^2*Deng(q2 + q3,xiw,0)*
      Deng( - p4 + q2 + q3,xiz,M4)^2*p4.p4*q3.q3*xiw*ufoGC58*ufoGC80*ufoGC107*
      ufoGC85
       - 1/8*g_(1,6_,nu14)*FT1*g_(1,q1)*g_(2,6_,nu14)*cFT(g6,XX,i2,i3)/(d^3 + 
      d^2 - 2*d)*flavourTag(fe,j11,j12)*Deng(p4,xiw,M3)^2*Deng(q2 + q3,xiw,0)*
      Deng( - p4 + q2 + q3,xiz,M4)^2*p4.q2^2*d^2*xiw*ufoGC58*ufoGC80*ufoGC107*
      ufoGC85
       - 1/8*g_(1,6_,nu14)*FT1*g_(1,q1)*g_(2,6_,nu14)*cFT(g6,XX,i2,i3)/(d^3 + 
      d^2 - 2*d)*flavourTag(fe,j11,j12)*Deng(p4,xiw,M3)^2*Deng(q2 + q3,xiw,0)*
      Deng( - p4 + q2 + q3,xiz,M4)^2*p4.q2^2*d*xiw*ufoGC58*ufoGC80*ufoGC107*
      ufoGC85
       - 1/8*g_(1,6_,nu14)*FT1*g_(1,q1)*g_(2,6_,nu14)*cFT(g6,XX,i2,i3)/(d^3 + 
      d^2 - 2*d)*flavourTag(fe,j11,j12)*Deng(p4,xiw,M3)^2*Deng(q2 + q3,xiw,0)*
      Deng( - p4 + q2 + q3,xiz,M4)^2*p4.q3^2*d^2*xiw*ufoGC58*ufoGC80*ufoGC107*
      ufoGC85
       - 1/8*g_(1,6_,nu14)*FT1*g_(1,q1)*g_(2,6_,nu14)*cFT(g6,XX,i2,i3)/(d^3 + 
      d^2 - 2*d)*flavourTag(fe,j11,j12)*Deng(p4,xiw,M3)^2*Deng(q2 + q3,xiw,0)*
      Deng( - p4 + q2 + q3,xiz,M4)^2*p4.q3^2*d*xiw*ufoGC58*ufoGC80*ufoGC107*
      ufoGC85
       - 1/8*g_(1,6_,nu14)*FT1*g_(1,q1)*g_(2,nu14)*FT2(g6)*cFT(g6,XX,i2,i3)/(
      d^3 + d^2 - 2*d)*flavourTag(fe,j11,j12)*Deng(p4,xiw,M3)^2*Deng(q2 + q3,
      xiw,0)*Deng( - p4 + q2 + q3,xiz,M4)^2*p4.p4^2*d^2*xiw*ufoGC58*ufoGC76*
      ufoGC107*ufoGC85
       + 1/8*g_(1,6_,nu14)*FT1*g_(1,q1)*g_(2,nu14)*FT2(g6)*cFT(g6,XX,i2,i3)/(
      d^3 + d^2 - 2*d)*flavourTag(fe,j11,j12)*Deng(p4,xiw,M3)^2*Deng(q2 + q3,
      xiw,0)*Deng( - p4 + q2 + q3,xiz,M4)^2*p4.p4^2*xiw*ufoGC58*ufoGC76*
      ufoGC107*ufoGC85
       + 1/8*g_(1,6_,nu14)*FT1*g_(1,q1)*g_(2,nu14)*FT2(g6)*cFT(g6,XX,i2,i3)/(
      d^3 + d^2 - 2*d)*flavourTag(fe,j11,j12)*Deng(p4,xiw,M3)^2*Deng(q2 + q3,
      xiw,0)*Deng( - p4 + q2 + q3,xiz,M4)^2*p4.p4*q2.q2*d*xiw*ufoGC58*ufoGC76*
      ufoGC107*ufoGC85
       + 1/8*g_(1,6_,nu14)*FT1*g_(1,q1)*g_(2,nu14)*FT2(g6)*cFT(g6,XX,i2,i3)/(
      d^3 + d^2 - 2*d)*flavourTag(fe,j11,j12)*Deng(p4,xiw,M3)^2*Deng(q2 + q3,
      xiw,0)*Deng( - p4 + q2 + q3,xiz,M4)^2*p4.p4*q2.q2*xiw*ufoGC58*ufoGC76*
      ufoGC107*ufoGC85
       + 1/8*g_(1,6_,nu14)*FT1*g_(1,q1)*g_(2,nu14)*FT2(g6)*cFT(g6,XX,i2,i3)/(
      d^3 + d^2 - 2*d)*flavourTag(fe,j11,j12)*Deng(p4,xiw,M3)^2*Deng(q2 + q3,
      xiw,0)*Deng( - p4 + q2 + q3,xiz,M4)^2*p4.p4*q3.q3*d*xiw*ufoGC58*ufoGC76*
      ufoGC107*ufoGC85
       + 1/8*g_(1,6_,nu14)*FT1*g_(1,q1)*g_(2,nu14)*FT2(g6)*cFT(g6,XX,i2,i3)/(
      d^3 + d^2 - 2*d)*flavourTag(fe,j11,j12)*Deng(p4,xiw,M3)^2*Deng(q2 + q3,
      xiw,0)*Deng( - p4 + q2 + q3,xiz,M4)^2*p4.p4*q3.q3*xiw*ufoGC58*ufoGC76*
      ufoGC107*ufoGC85
       - 1/8*g_(1,6_,nu14)*FT1*g_(1,q1)*g_(2,nu14)*FT2(g6)*cFT(g6,XX,i2,i3)/(
      d^3 + d^2 - 2*d)*flavourTag(fe,j11,j12)*Deng(p4,xiw,M3)^2*Deng(q2 + q3,
      xiw,0)*Deng( - p4 + q2 + q3,xiz,M4)^2*p4.q2^2*d^2*xiw*ufoGC58*ufoGC76*
      ufoGC107*ufoGC85
       - 1/8*g_(1,6_,nu14)*FT1*g_(1,q1)*g_(2,nu14)*FT2(g6)*cFT(g6,XX,i2,i3)/(
      d^3 + d^2 - 2*d)*flavourTag(fe,j11,j12)*Deng(p4,xiw,M3)^2*Deng(q2 + q3,
      xiw,0)*Deng( - p4 + q2 + q3,xiz,M4)^2*p4.q2^2*d*xiw*ufoGC58*ufoGC76*
      ufoGC107*ufoGC85
       - 1/8*g_(1,6_,nu14)*FT1*g_(1,q1)*g_(2,nu14)*FT2(g6)*cFT(g6,XX,i2,i3)/(
      d^3 + d^2 - 2*d)*flavourTag(fe,j11,j12)*Deng(p4,xiw,M3)^2*Deng(q2 + q3,
      xiw,0)*Deng( - p4 + q2 + q3,xiz,M4)^2*p4.q3^2*d^2*xiw*ufoGC58*ufoGC76*
      ufoGC107*ufoGC85
       - 1/8*g_(1,6_,nu14)*FT1*g_(1,q1)*g_(2,nu14)*FT2(g6)*cFT(g6,XX,i2,i3)/(
      d^3 + d^2 - 2*d)*flavourTag(fe,j11,j12)*Deng(p4,xiw,M3)^2*Deng(q2 + q3,
      xiw,0)*Deng( - p4 + q2 + q3,xiz,M4)^2*p4.q3^2*d*xiw*ufoGC58*ufoGC76*
      ufoGC107*ufoGC85
       - 1/8*g_(1,6_,nu14)*FT1*g_(1,q2)*g_(2,6_,nu14)*cFT(g6,XX,i2,i3)/(d^3 + 
      d^2 - 2*d)*flavourTag(fe,j11,j12)*Deng(p4,xiw,M3)^2*Deng(q2 + q3,xiw,0)*
      Deng( - p4 + q2 + q3,xiz,M4)^2*p4.p4^2*d^2*xiw*ufoGC58*ufoGC80*ufoGC107*
      ufoGC85
       + 1/8*g_(1,6_,nu14)*FT1*g_(1,q2)*g_(2,6_,nu14)*cFT(g6,XX,i2,i3)/(d^3 + 
      d^2 - 2*d)*flavourTag(fe,j11,j12)*Deng(p4,xiw,M3)^2*Deng(q2 + q3,xiw,0)*
      Deng( - p4 + q2 + q3,xiz,M4)^2*p4.p4^2*xiw*ufoGC58*ufoGC80*ufoGC107*
      ufoGC85
       + 1/8*g_(1,6_,nu14)*FT1*g_(1,q2)*g_(2,6_,nu14)*cFT(g6,XX,i2,i3)/(d^3 + 
      d^2 - 2*d)*flavourTag(fe,j11,j12)*Deng(p4,xiw,M3)^2*Deng(q2 + q3,xiw,0)*
      Deng( - p4 + q2 + q3,xiz,M4)^2*p4.p4*q2.q2*d*xiw*ufoGC58*ufoGC80*
      ufoGC107*ufoGC85
       + 1/8*g_(1,6_,nu14)*FT1*g_(1,q2)*g_(2,6_,nu14)*cFT(g6,XX,i2,i3)/(d^3 + 
      d^2 - 2*d)*flavourTag(fe,j11,j12)*Deng(p4,xiw,M3)^2*Deng(q2 + q3,xiw,0)*
      Deng( - p4 + q2 + q3,xiz,M4)^2*p4.p4*q2.q2*xiw*ufoGC58*ufoGC80*ufoGC107*
      ufoGC85
       + 1/8*g_(1,6_,nu14)*FT1*g_(1,q2)*g_(2,6_,nu14)*cFT(g6,XX,i2,i3)/(d^3 + 
      d^2 - 2*d)*flavourTag(fe,j11,j12)*Deng(p4,xiw,M3)^2*Deng(q2 + q3,xiw,0)*
      Deng( - p4 + q2 + q3,xiz,M4)^2*p4.p4*q3.q3*d*xiw*ufoGC58*ufoGC80*
      ufoGC107*ufoGC85
       + 1/8*g_(1,6_,nu14)*FT1*g_(1,q2)*g_(2,6_,nu14)*cFT(g6,XX,i2,i3)/(d^3 + 
      d^2 - 2*d)*flavourTag(fe,j11,j12)*Deng(p4,xiw,M3)^2*Deng(q2 + q3,xiw,0)*
      Deng( - p4 + q2 + q3,xiz,M4)^2*p4.p4*q3.q3*xiw*ufoGC58*ufoGC80*ufoGC107*
      ufoGC85
       - 1/8*g_(1,6_,nu14)*FT1*g_(1,q2)*g_(2,6_,nu14)*cFT(g6,XX,i2,i3)/(d^3 + 
      d^2 - 2*d)*flavourTag(fe,j11,j12)*Deng(p4,xiw,M3)^2*Deng(q2 + q3,xiw,0)*
      Deng( - p4 + q2 + q3,xiz,M4)^2*p4.q2^2*d^2*xiw*ufoGC58*ufoGC80*ufoGC107*
      ufoGC85
       - 1/8*g_(1,6_,nu14)*FT1*g_(1,q2)*g_(2,6_,nu14)*cFT(g6,XX,i2,i3)/(d^3 + 
      d^2 - 2*d)*flavourTag(fe,j11,j12)*Deng(p4,xiw,M3)^2*Deng(q2 + q3,xiw,0)*
      Deng( - p4 + q2 + q3,xiz,M4)^2*p4.q2^2*d*xiw*ufoGC58*ufoGC80*ufoGC107*
      ufoGC85
       - 1/8*g_(1,6_,nu14)*FT1*g_(1,q2)*g_(2,6_,nu14)*cFT(g6,XX,i2,i3)/(d^3 + 
      d^2 - 2*d)*flavourTag(fe,j11,j12)*Deng(p4,xiw,M3)^2*Deng(q2 + q3,xiw,0)*
      Deng( - p4 + q2 + q3,xiz,M4)^2*p4.q3^2*d^2*xiw*ufoGC58*ufoGC80*ufoGC107*
      ufoGC85
       - 1/8*g_(1,6_,nu14)*FT1*g_(1,q2)*g_(2,6_,nu14)*cFT(g6,XX,i2,i3)/(d^3 + 
      d^2 - 2*d)*flavourTag(fe,j11,j12)*Deng(p4,xiw,M3)^2*Deng(q2 + q3,xiw,0)*
      Deng( - p4 + q2 + q3,xiz,M4)^2*p4.q3^2*d*xiw*ufoGC58*ufoGC80*ufoGC107*
      ufoGC85
       - 1/8*g_(1,6_,nu14)*FT1*g_(1,q2)*g_(2,nu14)*FT2(g6)*cFT(g6,XX,i2,i3)/(
      d^3 + d^2 - 2*d)*flavourTag(fe,j11,j12)*Deng(p4,xiw,M3)^2*Deng(q2 + q3,
      xiw,0)*Deng( - p4 + q2 + q3,xiz,M4)^2*p4.p4^2*d^2*xiw*ufoGC58*ufoGC76*
      ufoGC107*ufoGC85
       + 1/8*g_(1,6_,nu14)*FT1*g_(1,q2)*g_(2,nu14)*FT2(g6)*cFT(g6,XX,i2,i3)/(
      d^3 + d^2 - 2*d)*flavourTag(fe,j11,j12)*Deng(p4,xiw,M3)^2*Deng(q2 + q3,
      xiw,0)*Deng( - p4 + q2 + q3,xiz,M4)^2*p4.p4^2*xiw*ufoGC58*ufoGC76*
      ufoGC107*ufoGC85
       + 1/8*g_(1,6_,nu14)*FT1*g_(1,q2)*g_(2,nu14)*FT2(g6)*cFT(g6,XX,i2,i3)/(
      d^3 + d^2 - 2*d)*flavourTag(fe,j11,j12)*Deng(p4,xiw,M3)^2*Deng(q2 + q3,
      xiw,0)*Deng( - p4 + q2 + q3,xiz,M4)^2*p4.p4*q2.q2*d*xiw*ufoGC58*ufoGC76*
      ufoGC107*ufoGC85
       + 1/8*g_(1,6_,nu14)*FT1*g_(1,q2)*g_(2,nu14)*FT2(g6)*cFT(g6,XX,i2,i3)/(
      d^3 + d^2 - 2*d)*flavourTag(fe,j11,j12)*Deng(p4,xiw,M3)^2*Deng(q2 + q3,
      xiw,0)*Deng( - p4 + q2 + q3,xiz,M4)^2*p4.p4*q2.q2*xiw*ufoGC58*ufoGC76*
      ufoGC107*ufoGC85
       + 1/8*g_(1,6_,nu14)*FT1*g_(1,q2)*g_(2,nu14)*FT2(g6)*cFT(g6,XX,i2,i3)/(
      d^3 + d^2 - 2*d)*flavourTag(fe,j11,j12)*Deng(p4,xiw,M3)^2*Deng(q2 + q3,
      xiw,0)*Deng( - p4 + q2 + q3,xiz,M4)^2*p4.p4*q3.q3*d*xiw*ufoGC58*ufoGC76*
      ufoGC107*ufoGC85
       + 1/8*g_(1,6_,nu14)*FT1*g_(1,q2)*g_(2,nu14)*FT2(g6)*cFT(g6,XX,i2,i3)/(
      d^3 + d^2 - 2*d)*flavourTag(fe,j11,j12)*Deng(p4,xiw,M3)^2*Deng(q2 + q3,
      xiw,0)*Deng( - p4 + q2 + q3,xiz,M4)^2*p4.p4*q3.q3*xiw*ufoGC58*ufoGC76*
      ufoGC107*ufoGC85
       - 1/8*g_(1,6_,nu14)*FT1*g_(1,q2)*g_(2,nu14)*FT2(g6)*cFT(g6,XX,i2,i3)/(
      d^3 + d^2 - 2*d)*flavourTag(fe,j11,j12)*Deng(p4,xiw,M3)^2*Deng(q2 + q3,
      xiw,0)*Deng( - p4 + q2 + q3,xiz,M4)^2*p4.q2^2*d^2*xiw*ufoGC58*ufoGC76*
      ufoGC107*ufoGC85
       - 1/8*g_(1,6_,nu14)*FT1*g_(1,q2)*g_(2,nu14)*FT2(g6)*cFT(g6,XX,i2,i3)/(
      d^3 + d^2 - 2*d)*flavourTag(fe,j11,j12)*Deng(p4,xiw,M3)^2*Deng(q2 + q3,
      xiw,0)*Deng( - p4 + q2 + q3,xiz,M4)^2*p4.q2^2*d*xiw*ufoGC58*ufoGC76*
      ufoGC107*ufoGC85
       - 1/8*g_(1,6_,nu14)*FT1*g_(1,q2)*g_(2,nu14)*FT2(g6)*cFT(g6,XX,i2,i3)/(
      d^3 + d^2 - 2*d)*flavourTag(fe,j11,j12)*Deng(p4,xiw,M3)^2*Deng(q2 + q3,
      xiw,0)*Deng( - p4 + q2 + q3,xiz,M4)^2*p4.q3^2*d^2*xiw*ufoGC58*ufoGC76*
      ufoGC107*ufoGC85
       - 1/8*g_(1,6_,nu14)*FT1*g_(1,q2)*g_(2,nu14)*FT2(g6)*cFT(g6,XX,i2,i3)/(
      d^3 + d^2 - 2*d)*flavourTag(fe,j11,j12)*Deng(p4,xiw,M3)^2*Deng(q2 + q3,
      xiw,0)*Deng( - p4 + q2 + q3,xiz,M4)^2*p4.q3^2*d*xiw*ufoGC58*ufoGC76*
      ufoGC107*ufoGC85
       - 1/8*g_(1,6_,nu14)*FT1*g_(1,q3)*g_(2,6_,nu14)*cFT(g6,XX,i2,i3)/(d^3 + 
      d^2 - 2*d)*flavourTag(fe,j11,j12)*Deng(p4,xiw,M3)^2*Deng(q2 + q3,xiw,0)*
      Deng( - p4 + q2 + q3,xiz,M4)^2*p4.p4^2*d^2*xiw*ufoGC58*ufoGC80*ufoGC107*
      ufoGC85
       + 1/8*g_(1,6_,nu14)*FT1*g_(1,q3)*g_(2,6_,nu14)*cFT(g6,XX,i2,i3)/(d^3 + 
      d^2 - 2*d)*flavourTag(fe,j11,j12)*Deng(p4,xiw,M3)^2*Deng(q2 + q3,xiw,0)*
      Deng( - p4 + q2 + q3,xiz,M4)^2*p4.p4^2*xiw*ufoGC58*ufoGC80*ufoGC107*
      ufoGC85
       + 1/8*g_(1,6_,nu14)*FT1*g_(1,q3)*g_(2,6_,nu14)*cFT(g6,XX,i2,i3)/(d^3 + 
      d^2 - 2*d)*flavourTag(fe,j11,j12)*Deng(p4,xiw,M3)^2*Deng(q2 + q3,xiw,0)*
      Deng( - p4 + q2 + q3,xiz,M4)^2*p4.p4*q2.q2*d*xiw*ufoGC58*ufoGC80*
      ufoGC107*ufoGC85
       + 1/8*g_(1,6_,nu14)*FT1*g_(1,q3)*g_(2,6_,nu14)*cFT(g6,XX,i2,i3)/(d^3 + 
      d^2 - 2*d)*flavourTag(fe,j11,j12)*Deng(p4,xiw,M3)^2*Deng(q2 + q3,xiw,0)*
      Deng( - p4 + q2 + q3,xiz,M4)^2*p4.p4*q2.q2*xiw*ufoGC58*ufoGC80*ufoGC107*
      ufoGC85
       + 1/8*g_(1,6_,nu14)*FT1*g_(1,q3)*g_(2,6_,nu14)*cFT(g6,XX,i2,i3)/(d^3 + 
      d^2 - 2*d)*flavourTag(fe,j11,j12)*Deng(p4,xiw,M3)^2*Deng(q2 + q3,xiw,0)*
      Deng( - p4 + q2 + q3,xiz,M4)^2*p4.p4*q3.q3*d*xiw*ufoGC58*ufoGC80*
      ufoGC107*ufoGC85
       + 1/8*g_(1,6_,nu14)*FT1*g_(1,q3)*g_(2,6_,nu14)*cFT(g6,XX,i2,i3)/(d^3 + 
      d^2 - 2*d)*flavourTag(fe,j11,j12)*Deng(p4,xiw,M3)^2*Deng(q2 + q3,xiw,0)*
      Deng( - p4 + q2 + q3,xiz,M4)^2*p4.p4*q3.q3*xiw*ufoGC58*ufoGC80*ufoGC107*
      ufoGC85
       - 1/8*g_(1,6_,nu14)*FT1*g_(1,q3)*g_(2,6_,nu14)*cFT(g6,XX,i2,i3)/(d^3 + 
      d^2 - 2*d)*flavourTag(fe,j11,j12)*Deng(p4,xiw,M3)^2*Deng(q2 + q3,xiw,0)*
      Deng( - p4 + q2 + q3,xiz,M4)^2*p4.q2^2*d^2*xiw*ufoGC58*ufoGC80*ufoGC107*
      ufoGC85
       - 1/8*g_(1,6_,nu14)*FT1*g_(1,q3)*g_(2,6_,nu14)*cFT(g6,XX,i2,i3)/(d^3 + 
      d^2 - 2*d)*flavourTag(fe,j11,j12)*Deng(p4,xiw,M3)^2*Deng(q2 + q3,xiw,0)*
      Deng( - p4 + q2 + q3,xiz,M4)^2*p4.q2^2*d*xiw*ufoGC58*ufoGC80*ufoGC107*
      ufoGC85
       - 1/8*g_(1,6_,nu14)*FT1*g_(1,q3)*g_(2,6_,nu14)*cFT(g6,XX,i2,i3)/(d^3 + 
      d^2 - 2*d)*flavourTag(fe,j11,j12)*Deng(p4,xiw,M3)^2*Deng(q2 + q3,xiw,0)*
      Deng( - p4 + q2 + q3,xiz,M4)^2*p4.q3^2*d^2*xiw*ufoGC58*ufoGC80*ufoGC107*
      ufoGC85
       - 1/8*g_(1,6_,nu14)*FT1*g_(1,q3)*g_(2,6_,nu14)*cFT(g6,XX,i2,i3)/(d^3 + 
      d^2 - 2*d)*flavourTag(fe,j11,j12)*Deng(p4,xiw,M3)^2*Deng(q2 + q3,xiw,0)*
      Deng( - p4 + q2 + q3,xiz,M4)^2*p4.q3^2*d*xiw*ufoGC58*ufoGC80*ufoGC107*
      ufoGC85
       - 1/8*g_(1,6_,nu14)*FT1*g_(1,q3)*g_(2,nu14)*FT2(g6)*cFT(g6,XX,i2,i3)/(
      d^3 + d^2 - 2*d)*flavourTag(fe,j11,j12)*Deng(p4,xiw,M3)^2*Deng(q2 + q3,
      xiw,0)*Deng( - p4 + q2 + q3,xiz,M4)^2*p4.p4^2*d^2*xiw*ufoGC58*ufoGC76*
      ufoGC107*ufoGC85
       + 1/8*g_(1,6_,nu14)*FT1*g_(1,q3)*g_(2,nu14)*FT2(g6)*cFT(g6,XX,i2,i3)/(
      d^3 + d^2 - 2*d)*flavourTag(fe,j11,j12)*Deng(p4,xiw,M3)^2*Deng(q2 + q3,
      xiw,0)*Deng( - p4 + q2 + q3,xiz,M4)^2*p4.p4^2*xiw*ufoGC58*ufoGC76*
      ufoGC107*ufoGC85
       + 1/8*g_(1,6_,nu14)*FT1*g_(1,q3)*g_(2,nu14)*FT2(g6)*cFT(g6,XX,i2,i3)/(
      d^3 + d^2 - 2*d)*flavourTag(fe,j11,j12)*Deng(p4,xiw,M3)^2*Deng(q2 + q3,
      xiw,0)*Deng( - p4 + q2 + q3,xiz,M4)^2*p4.p4*q2.q2*d*xiw*ufoGC58*ufoGC76*
      ufoGC107*ufoGC85
       + 1/8*g_(1,6_,nu14)*FT1*g_(1,q3)*g_(2,nu14)*FT2(g6)*cFT(g6,XX,i2,i3)/(
      d^3 + d^2 - 2*d)*flavourTag(fe,j11,j12)*Deng(p4,xiw,M3)^2*Deng(q2 + q3,
      xiw,0)*Deng( - p4 + q2 + q3,xiz,M4)^2*p4.p4*q2.q2*xiw*ufoGC58*ufoGC76*
      ufoGC107*ufoGC85
       + 1/8*g_(1,6_,nu14)*FT1*g_(1,q3)*g_(2,nu14)*FT2(g6)*cFT(g6,XX,i2,i3)/(
      d^3 + d^2 - 2*d)*flavourTag(fe,j11,j12)*Deng(p4,xiw,M3)^2*Deng(q2 + q3,
      xiw,0)*Deng( - p4 + q2 + q3,xiz,M4)^2*p4.p4*q3.q3*d*xiw*ufoGC58*ufoGC76*
      ufoGC107*ufoGC85
       + 1/8*g_(1,6_,nu14)*FT1*g_(1,q3)*g_(2,nu14)*FT2(g6)*cFT(g6,XX,i2,i3)/(
      d^3 + d^2 - 2*d)*flavourTag(fe,j11,j12)*Deng(p4,xiw,M3)^2*Deng(q2 + q3,
      xiw,0)*Deng( - p4 + q2 + q3,xiz,M4)^2*p4.p4*q3.q3*xiw*ufoGC58*ufoGC76*
      ufoGC107*ufoGC85
       - 1/8*g_(1,6_,nu14)*FT1*g_(1,q3)*g_(2,nu14)*FT2(g6)*cFT(g6,XX,i2,i3)/(
      d^3 + d^2 - 2*d)*flavourTag(fe,j11,j12)*Deng(p4,xiw,M3)^2*Deng(q2 + q3,
      xiw,0)*Deng( - p4 + q2 + q3,xiz,M4)^2*p4.q2^2*d^2*xiw*ufoGC58*ufoGC76*
      ufoGC107*ufoGC85
       - 1/8*g_(1,6_,nu14)*FT1*g_(1,q3)*g_(2,nu14)*FT2(g6)*cFT(g6,XX,i2,i3)/(
      d^3 + d^2 - 2*d)*flavourTag(fe,j11,j12)*Deng(p4,xiw,M3)^2*Deng(q2 + q3,
      xiw,0)*Deng( - p4 + q2 + q3,xiz,M4)^2*p4.q2^2*d*xiw*ufoGC58*ufoGC76*
      ufoGC107*ufoGC85
       - 1/8*g_(1,6_,nu14)*FT1*g_(1,q3)*g_(2,nu14)*FT2(g6)*cFT(g6,XX,i2,i3)/(
      d^3 + d^2 - 2*d)*flavourTag(fe,j11,j12)*Deng(p4,xiw,M3)^2*Deng(q2 + q3,
      xiw,0)*Deng( - p4 + q2 + q3,xiz,M4)^2*p4.q3^2*d^2*xiw*ufoGC58*ufoGC76*
      ufoGC107*ufoGC85
       - 1/8*g_(1,6_,nu14)*FT1*g_(1,q3)*g_(2,nu14)*FT2(g6)*cFT(g6,XX,i2,i3)/(
      d^3 + d^2 - 2*d)*flavourTag(fe,j11,j12)*Deng(p4,xiw,M3)^2*Deng(q2 + q3,
      xiw,0)*Deng( - p4 + q2 + q3,xiz,M4)^2*p4.q3^2*d*xiw*ufoGC58*ufoGC76*
      ufoGC107*ufoGC85
      ;

  0.01 sec out of 0.01 sec
