FORM 5.0.0-beta.1 (Jan 15 2026, v5.0.0-beta.1-292-g4341c63)  Run: Fri Feb 13 15:00:06 2026
    #-

   d1l218amp =
       - 1/8*g_(1,6_,nu10)*g_(2,6_,nu16)*cFT(p2,XX,j11,j12)*cFT(g6,XX,i2,j11)*
      flavourTag(fmu,j11,j12)*Vec(nu10,p1)*Vec(nu16,p1)*Deng(p1,xiw,M3)^2*
      Deng(p3,xiw,0)*Deng(p4,xiz,M4)*ufoGC58*ufoGC80*ufoGC107*ufoGC85
       + 1/8*g_(1,6_,nu10)*g_(2,6_,nu16)*cFT(p2,XX,j11,j12)*cFT(g6,XX,i2,j11)*
      flavourTag(fmu,j11,j12)*Vec(nu10,p1)*Vec(nu16,p4)*Vec(nu15,p1)*Vec(nu15,
      p4)*Deng(p1,xiw,M3)^2*Deng(p3,xiw,0)*Deng(p4,xiz,M4)^2*ufoGC58*ufoGC80*
      ufoGC107*ufoGC85
       - 1/8*g_(1,6_,nu10)*g_(2,nu16)*FT2(g6)*cFT(p2,XX,j11,j12)*cFT(g6,XX,i2,
      j11)*flavourTag(fmu,j11,j12)*Vec(nu10,p1)*Vec(nu16,p1)*Deng(p1,xiw,M3)^2
      *Deng(p3,xiw,0)*Deng(p4,xiz,M4)*ufoGC58*ufoGC76*ufoGC107*ufoGC85
       + 1/8*g_(1,6_,nu10)*g_(2,nu16)*FT2(g6)*cFT(p2,XX,j11,j12)*cFT(g6,XX,i2,
      j11)*flavourTag(fmu,j11,j12)*Vec(nu10,p1)*Vec(nu16,p4)*Vec(nu15,p1)*Vec(
      nu15,p4)*Deng(p1,xiw,M3)^2*Deng(p3,xiw,0)*Deng(p4,xiz,M4)^2*ufoGC58*
      ufoGC76*ufoGC107*ufoGC85
       + 1/8*g_(1,6_,nu16)*g_(2,6_,nu16)*cFT(p2,XX,j11,j12)*cFT(g6,XX,i2,j11)*
      flavourTag(fmu,j11,j12)*Deng(p1,xiw,M3)*Deng(p3,xiw,0)*Deng(p4,xiz,M4)*
      ufoGC58*ufoGC80*ufoGC107*ufoGC85
       + 1/8*g_(1,6_,nu16)*g_(2,nu16)*FT2(g6)*cFT(p2,XX,j11,j12)*cFT(g6,XX,i2,
      j11)*flavourTag(fmu,j11,j12)*Deng(p1,xiw,M3)*Deng(p3,xiw,0)*Deng(p4,xiz,
      M4)*ufoGC58*ufoGC76*ufoGC107*ufoGC85
       - 1/8*g_(1,6_,nu15)*g_(2,6_,nu16)*cFT(p2,XX,j11,j12)*cFT(g6,XX,i2,j11)*
      flavourTag(fmu,j11,j12)*Vec(nu16,p4)*Vec(nu15,p4)*Deng(p1,xiw,M3)*Deng(
      p3,xiw,0)*Deng(p4,xiz,M4)^2*ufoGC58*ufoGC80*ufoGC107*ufoGC85
       - 1/8*g_(1,6_,nu15)*g_(2,nu16)*FT2(g6)*cFT(p2,XX,j11,j12)*cFT(g6,XX,i2,
      j11)*flavourTag(fmu,j11,j12)*Vec(nu16,p4)*Vec(nu15,p4)*Deng(p1,xiw,M3)*
      Deng(p3,xiw,0)*Deng(p4,xiz,M4)^2*ufoGC58*ufoGC76*ufoGC107*ufoGC85
      ;

  0.00 sec out of 0.00 sec
