FORM 5.0.0-beta.1 (Jan 15 2026, v5.0.0-beta.1-292-g4341c63)  Run: Fri Feb 13 15:00:06 2026
    #-

   d1l208amp =
       - 1/8*g_(1,6_,nu10)*g_(2,6_,nu15)*cFT(p2,XX,j11,j12)*cFT(nu15,XX,i2,
      iufo11)*cFT(g7,XX,iufo11,j11)*flavourTag(fvm,j11,j12)*Vec(nu10,p1)*Vec(
      nu9,p1)*Vec(nu9, - p4)*Deng(p1,xiw,M3)^2*Deng(p3,xiz,M4)*Deng(p4,xiw,M3)
      *ufoGC58^2*ufoGC81*ufoGC69
       + 1/8*g_(1,6_,nu10)*g_(2,6_,nu15)*cFT(p2,XX,j11,j12)*cFT(nu15,XX,i2,
      iufo11)*cFT(g7,XX,iufo11,j11)*flavourTag(fvm,j11,j12)*Vec(nu10,p1)*Vec(
      nu9,p1)*Vec(nu9,p3)*Deng(p1,xiw,M3)^2*Deng(p3,xiz,M4)*Deng(p4,xiw,M3)*
      ufoGC58^2*ufoGC81*ufoGC69
       + 1/8*g_(1,6_,nu10)*g_(2,6_,nu15)*cFT(p2,XX,j11,j12)*cFT(nu14,XX,i2,
      iufo11)*cFT(g7,XX,iufo11,j11)*flavourTag(fvm,j11,j12)*Vec(nu10,p1)*Vec(
      nu15,p1)*Vec(nu14, - p4)*Deng(p1,xiw,M3)^2*Deng(p3,xiz,M4)*Deng(p4,xiw,
      M3)*ufoGC58^2*ufoGC81*ufoGC69
       - 1/8*g_(1,6_,nu10)*g_(2,6_,nu15)*cFT(p2,XX,j11,j12)*cFT(nu14,XX,i2,
      iufo11)*cFT(g7,XX,iufo11,j11)*flavourTag(fvm,j11,j12)*Vec(nu10,p1)*Vec(
      nu15,p1)*Vec(nu14,p3)*Vec(nu13,p3)*Vec(nu13, - p4)*Deng(p1,xiw,M3)^2*
      Deng(p3,xiz,M4)^2*Deng(p4,xiw,M3)*ufoGC58^2*ufoGC81*ufoGC69
       - 1/8*g_(1,6_,nu10)*g_(2,6_,nu15)*cFT(p2,XX,j11,j12)*cFT(nu14,XX,i2,
      iufo11)*cFT(g7,XX,iufo11,j11)*flavourTag(fvm,j11,j12)*Vec(nu10,p1)*Vec(
      nu15,p3)*Vec(nu14,p1)*Deng(p1,xiw,M3)^2*Deng(p3,xiz,M4)*Deng(p4,xiw,M3)*
      ufoGC58^2*ufoGC81*ufoGC69
       + 1/8*g_(1,6_,nu10)*g_(2,6_,nu15)*cFT(p2,XX,j11,j12)*cFT(nu14,XX,i2,
      iufo11)*cFT(g7,XX,iufo11,j11)*flavourTag(fvm,j11,j12)*Vec(nu10,p1)*Vec(
      nu15,p3)*Vec(nu14,p3)*Vec(nu9,p1)*Vec(nu9, - p4)*Deng(p1,xiw,M3)^2*Deng(
      p3,xiz,M4)^2*Deng(p4,xiw,M3)*ufoGC58^2*ufoGC81*ufoGC69
       - 1/8*g_(1,6_,nu10)*g_(2,6_,nu15)*cFT(p2,XX,j11,j12)*cFT(nu14,XX,i2,
      iufo11)*cFT(g7,XX,iufo11,j11)*flavourTag(fvm,j11,j12)*Vec(nu10,p1)*Vec(
      nu15,p3)*Vec(nu14,p3)*Vec(nu9,p1)*Vec(nu9,p3)*Deng(p1,xiw,M3)^2*Deng(p3,
      xiz,M4)^2*Deng(p4,xiw,M3)*ufoGC58^2*ufoGC81*ufoGC69
       + 1/8*g_(1,6_,nu10)*g_(2,6_,nu15)*cFT(p2,XX,j11,j12)*cFT(nu14,XX,i2,
      iufo11)*cFT(g7,XX,iufo11,j11)*flavourTag(fvm,j11,j12)*Vec(nu10,p1)*Vec(
      nu15,p3)*Vec(nu14,p3)*Vec(nu13,p1)*Vec(nu13,p3)*Deng(p1,xiw,M3)^2*Deng(
      p3,xiz,M4)^2*Deng(p4,xiw,M3)*ufoGC58^2*ufoGC81*ufoGC69
       - 1/8*g_(1,6_,nu10)*g_(2,6_,nu15)*cFT(p2,XX,j11,j12)*cFT(nu14,XX,i2,
      iufo11)*cFT(g7,XX,iufo11,j11)*flavourTag(fvm,j11,j12)*Vec(nu10,p1)*Vec(
      nu15,p4)*Vec(nu14, - p4)*Vec(nu16,p1)*Vec(nu16,p4)*Deng(p1,xiw,M3)^2*
      Deng(p3,xiz,M4)*Deng(p4,xiw,M3)^2*ufoGC58^2*ufoGC81*ufoGC69
       + 1/8*g_(1,6_,nu10)*g_(2,6_,nu15)*cFT(p2,XX,j11,j12)*cFT(nu14,XX,i2,
      iufo11)*cFT(g7,XX,iufo11,j11)*flavourTag(fvm,j11,j12)*Vec(nu10,p1)*Vec(
      nu15,p4)*Vec(nu14,p1)*Vec(nu16,p3)*Vec(nu16,p4)*Deng(p1,xiw,M3)^2*Deng(
      p3,xiz,M4)*Deng(p4,xiw,M3)^2*ufoGC58^2*ufoGC81*ufoGC69
       - 1/8*g_(1,6_,nu10)*g_(2,6_,nu15)*cFT(p2,XX,j11,j12)*cFT(nu14,XX,i2,
      iufo11)*cFT(g7,XX,iufo11,j11)*flavourTag(fvm,j11,j12)*Vec(nu10,p1)*Vec(
      nu15,p4)*Vec(nu14,p3)*Vec(nu9,p1)*Vec(nu9, - p4)*Vec(nu13,p3)*Vec(nu13,
      p4)*Deng(p1,xiw,M3)^2*Deng(p3,xiz,M4)^2*Deng(p4,xiw,M3)^2*ufoGC58^2*
      ufoGC81*ufoGC69
       + 1/8*g_(1,6_,nu10)*g_(2,6_,nu15)*cFT(p2,XX,j11,j12)*cFT(nu14,XX,i2,
      iufo11)*cFT(g7,XX,iufo11,j11)*flavourTag(fvm,j11,j12)*Vec(nu10,p1)*Vec(
      nu15,p4)*Vec(nu14,p3)*Vec(nu9,p1)*Vec(nu9,p3)*Vec(nu13,p3)*Vec(nu13,p4)*
      Deng(p1,xiw,M3)^2*Deng(p3,xiz,M4)^2*Deng(p4,xiw,M3)^2*ufoGC58^2*ufoGC81*
      ufoGC69
       - 1/8*g_(1,6_,nu10)*g_(2,6_,nu15)*cFT(p2,XX,j11,j12)*cFT(nu14,XX,i2,
      iufo11)*cFT(g7,XX,iufo11,j11)*flavourTag(fvm,j11,j12)*Vec(nu10,p1)*Vec(
      nu15,p4)*Vec(nu14,p3)*Vec(nu13,p1)*Vec(nu13,p3)*Vec(nu16,p3)*Vec(nu16,p4
      )*Deng(p1,xiw,M3)^2*Deng(p3,xiz,M4)^2*Deng(p4,xiw,M3)^2*ufoGC58^2*
      ufoGC81*ufoGC69
       + 1/8*g_(1,6_,nu10)*g_(2,6_,nu15)*cFT(p2,XX,j11,j12)*cFT(nu14,XX,i2,
      iufo11)*cFT(g7,XX,iufo11,j11)*flavourTag(fvm,j11,j12)*Vec(nu10,p1)*Vec(
      nu15,p4)*Vec(nu14,p3)*Vec(nu13,p3)*Vec(nu13, - p4)*Vec(nu16,p1)*Vec(nu16
      ,p4)*Deng(p1,xiw,M3)^2*Deng(p3,xiz,M4)^2*Deng(p4,xiw,M3)^2*ufoGC58^2*
      ufoGC81*ufoGC69
       + 1/8*g_(1,6_,nu10)*g_(2,6_,nu15)*cFT(p2,XX,j11,j12)*cFT(nu14,XX,i2,
      iufo11)*cFT(g7,XX,iufo11,j11)*flavourTag(fvm,j11,j12)*Vec(nu10,p1)*Vec(
      nu15,p4)*Vec(nu14,p4)*Vec(nu9,p1)*Vec(nu9, - p4)*Deng(p1,xiw,M3)^2*Deng(
      p3,xiz,M4)*Deng(p4,xiw,M3)^2*ufoGC58^2*ufoGC81*ufoGC69
       - 1/8*g_(1,6_,nu10)*g_(2,6_,nu15)*cFT(p2,XX,j11,j12)*cFT(nu14,XX,i2,
      iufo11)*cFT(g7,XX,iufo11,j11)*flavourTag(fvm,j11,j12)*Vec(nu10,p1)*Vec(
      nu15,p4)*Vec(nu14,p4)*Vec(nu9,p1)*Vec(nu9,p3)*Deng(p1,xiw,M3)^2*Deng(p3,
      xiz,M4)*Deng(p4,xiw,M3)^2*ufoGC58^2*ufoGC81*ufoGC69
       - 1/8*g_(1,6_,nu15)*g_(2,6_,nu15)*cFT(p2,XX,j11,j12)*cFT(nu14,XX,i2,
      iufo11)*cFT(g7,XX,iufo11,j11)*flavourTag(fvm,j11,j12)*Vec(nu14, - p4)*
      Deng(p1,xiw,M3)*Deng(p3,xiz,M4)*Deng(p4,xiw,M3)*ufoGC58^2*ufoGC81*
      ufoGC69
       + 1/8*g_(1,6_,nu15)*g_(2,6_,nu15)*cFT(p2,XX,j11,j12)*cFT(nu14,XX,i2,
      iufo11)*cFT(g7,XX,iufo11,j11)*flavourTag(fvm,j11,j12)*Vec(nu14,p1)*Deng(
      p1,xiw,M3)*Deng(p3,xiz,M4)*Deng(p4,xiw,M3)*ufoGC58^2*ufoGC81*ufoGC69
       - 1/8*g_(1,6_,nu15)*g_(2,6_,nu15)*cFT(p2,XX,j11,j12)*cFT(nu14,XX,i2,
      iufo11)*cFT(g7,XX,iufo11,j11)*flavourTag(fvm,j11,j12)*Vec(nu14,p3)*Vec(
      nu13,p1)*Vec(nu13,p3)*Deng(p1,xiw,M3)*Deng(p3,xiz,M4)^2*Deng(p4,xiw,M3)*
      ufoGC58^2*ufoGC81*ufoGC69
       + 1/8*g_(1,6_,nu15)*g_(2,6_,nu15)*cFT(p2,XX,j11,j12)*cFT(nu14,XX,i2,
      iufo11)*cFT(g7,XX,iufo11,j11)*flavourTag(fvm,j11,j12)*Vec(nu14,p3)*Vec(
      nu13,p3)*Vec(nu13, - p4)*Deng(p1,xiw,M3)*Deng(p3,xiz,M4)^2*Deng(p4,xiw,
      M3)*ufoGC58^2*ufoGC81*ufoGC69
       - 1/8*g_(1,6_,nu14)*g_(2,6_,nu15)*cFT(p2,XX,j11,j12)*cFT(nu14,XX,i2,
      iufo11)*cFT(g7,XX,iufo11,j11)*flavourTag(fvm,j11,j12)*Vec(nu15,p1)*Deng(
      p1,xiw,M3)*Deng(p3,xiz,M4)*Deng(p4,xiw,M3)*ufoGC58^2*ufoGC81*ufoGC69
       + 1/8*g_(1,6_,nu14)*g_(2,6_,nu15)*cFT(p2,XX,j11,j12)*cFT(nu14,XX,i2,
      iufo11)*cFT(g7,XX,iufo11,j11)*flavourTag(fvm,j11,j12)*Vec(nu15,p3)*Deng(
      p1,xiw,M3)*Deng(p3,xiz,M4)*Deng(p4,xiw,M3)*ufoGC58^2*ufoGC81*ufoGC69
       + 1/8*g_(1,6_,nu14)*g_(2,6_,nu15)*cFT(p2,XX,j11,j12)*cFT(nu14,XX,i2,
      iufo11)*cFT(g7,XX,iufo11,j11)*flavourTag(fvm,j11,j12)*Vec(nu15,p4)*Vec(
      nu16,p1)*Vec(nu16,p4)*Deng(p1,xiw,M3)*Deng(p3,xiz,M4)*Deng(p4,xiw,M3)^2*
      ufoGC58^2*ufoGC81*ufoGC69
       - 1/8*g_(1,6_,nu14)*g_(2,6_,nu15)*cFT(p2,XX,j11,j12)*cFT(nu14,XX,i2,
      iufo11)*cFT(g7,XX,iufo11,j11)*flavourTag(fvm,j11,j12)*Vec(nu15,p4)*Vec(
      nu16,p3)*Vec(nu16,p4)*Deng(p1,xiw,M3)*Deng(p3,xiz,M4)*Deng(p4,xiw,M3)^2*
      ufoGC58^2*ufoGC81*ufoGC69
       + 1/8*g_(1,6_,nu9)*g_(2,6_,nu15)*cFT(p2,XX,j11,j12)*cFT(nu15,XX,i2,
      iufo11)*cFT(g7,XX,iufo11,j11)*flavourTag(fvm,j11,j12)*Vec(nu9, - p4)*
      Deng(p1,xiw,M3)*Deng(p3,xiz,M4)*Deng(p4,xiw,M3)*ufoGC58^2*ufoGC81*
      ufoGC69
       - 1/8*g_(1,6_,nu9)*g_(2,6_,nu15)*cFT(p2,XX,j11,j12)*cFT(nu15,XX,i2,
      iufo11)*cFT(g7,XX,iufo11,j11)*flavourTag(fvm,j11,j12)*Vec(nu9,p3)*Deng(
      p1,xiw,M3)*Deng(p3,xiz,M4)*Deng(p4,xiw,M3)*ufoGC58^2*ufoGC81*ufoGC69
       - 1/8*g_(1,6_,nu9)*g_(2,6_,nu15)*cFT(p2,XX,j11,j12)*cFT(nu14,XX,i2,
      iufo11)*cFT(g7,XX,iufo11,j11)*flavourTag(fvm,j11,j12)*Vec(nu15,p3)*Vec(
      nu14,p3)*Vec(nu9, - p4)*Deng(p1,xiw,M3)*Deng(p3,xiz,M4)^2*Deng(p4,xiw,M3
      )*ufoGC58^2*ufoGC81*ufoGC69
       + 1/8*g_(1,6_,nu9)*g_(2,6_,nu15)*cFT(p2,XX,j11,j12)*cFT(nu14,XX,i2,
      iufo11)*cFT(g7,XX,iufo11,j11)*flavourTag(fvm,j11,j12)*Vec(nu15,p3)*Vec(
      nu14,p3)*Vec(nu9,p3)*Deng(p1,xiw,M3)*Deng(p3,xiz,M4)^2*Deng(p4,xiw,M3)*
      ufoGC58^2*ufoGC81*ufoGC69
       + 1/8*g_(1,6_,nu9)*g_(2,6_,nu15)*cFT(p2,XX,j11,j12)*cFT(nu14,XX,i2,
      iufo11)*cFT(g7,XX,iufo11,j11)*flavourTag(fvm,j11,j12)*Vec(nu15,p4)*Vec(
      nu14,p3)*Vec(nu9, - p4)*Vec(nu13,p3)*Vec(nu13,p4)*Deng(p1,xiw,M3)*Deng(
      p3,xiz,M4)^2*Deng(p4,xiw,M3)^2*ufoGC58^2*ufoGC81*ufoGC69
       - 1/8*g_(1,6_,nu9)*g_(2,6_,nu15)*cFT(p2,XX,j11,j12)*cFT(nu14,XX,i2,
      iufo11)*cFT(g7,XX,iufo11,j11)*flavourTag(fvm,j11,j12)*Vec(nu15,p4)*Vec(
      nu14,p3)*Vec(nu9,p3)*Vec(nu13,p3)*Vec(nu13,p4)*Deng(p1,xiw,M3)*Deng(p3,
      xiz,M4)^2*Deng(p4,xiw,M3)^2*ufoGC58^2*ufoGC81*ufoGC69
       - 1/8*g_(1,6_,nu9)*g_(2,6_,nu15)*cFT(p2,XX,j11,j12)*cFT(nu14,XX,i2,
      iufo11)*cFT(g7,XX,iufo11,j11)*flavourTag(fvm,j11,j12)*Vec(nu15,p4)*Vec(
      nu14,p4)*Vec(nu9, - p4)*Deng(p1,xiw,M3)*Deng(p3,xiz,M4)*Deng(p4,xiw,M3)^
      2*ufoGC58^2*ufoGC81*ufoGC69
       + 1/8*g_(1,6_,nu9)*g_(2,6_,nu15)*cFT(p2,XX,j11,j12)*cFT(nu14,XX,i2,
      iufo11)*cFT(g7,XX,iufo11,j11)*flavourTag(fvm,j11,j12)*Vec(nu15,p4)*Vec(
      nu14,p4)*Vec(nu9,p3)*Deng(p1,xiw,M3)*Deng(p3,xiz,M4)*Deng(p4,xiw,M3)^2*
      ufoGC58^2*ufoGC81*ufoGC69
       + 1/8*g_(1,6_,nu13)*g_(2,6_,nu15)*cFT(p2,XX,j11,j12)*cFT(nu14,XX,i2,
      iufo11)*cFT(g7,XX,iufo11,j11)*flavourTag(fvm,j11,j12)*Vec(nu15,p1)*Vec(
      nu14,p3)*Vec(nu13,p3)*Deng(p1,xiw,M3)*Deng(p3,xiz,M4)^2*Deng(p4,xiw,M3)*
      ufoGC58^2*ufoGC81*ufoGC69
       - 1/8*g_(1,6_,nu13)*g_(2,6_,nu15)*cFT(p2,XX,j11,j12)*cFT(nu14,XX,i2,
      iufo11)*cFT(g7,XX,iufo11,j11)*flavourTag(fvm,j11,j12)*Vec(nu15,p3)*Vec(
      nu14,p3)*Vec(nu13,p3)*Deng(p1,xiw,M3)*Deng(p3,xiz,M4)^2*Deng(p4,xiw,M3)*
      ufoGC58^2*ufoGC81*ufoGC69
       - 1/8*g_(1,6_,nu13)*g_(2,6_,nu15)*cFT(p2,XX,j11,j12)*cFT(nu14,XX,i2,
      iufo11)*cFT(g7,XX,iufo11,j11)*flavourTag(fvm,j11,j12)*Vec(nu15,p4)*Vec(
      nu14,p3)*Vec(nu13,p3)*Vec(nu16,p1)*Vec(nu16,p4)*Deng(p1,xiw,M3)*Deng(p3,
      xiz,M4)^2*Deng(p4,xiw,M3)^2*ufoGC58^2*ufoGC81*ufoGC69
       + 1/8*g_(1,6_,nu13)*g_(2,6_,nu15)*cFT(p2,XX,j11,j12)*cFT(nu14,XX,i2,
      iufo11)*cFT(g7,XX,iufo11,j11)*flavourTag(fvm,j11,j12)*Vec(nu15,p4)*Vec(
      nu14,p3)*Vec(nu13,p3)*Vec(nu16,p3)*Vec(nu16,p4)*Deng(p1,xiw,M3)*Deng(p3,
      xiz,M4)^2*Deng(p4,xiw,M3)^2*ufoGC58^2*ufoGC81*ufoGC69
       + 1/8*g_(1,6_,nu16)*g_(2,6_,nu15)*cFT(p2,XX,j11,j12)*cFT(nu14,XX,i2,
      iufo11)*cFT(g7,XX,iufo11,j11)*flavourTag(fvm,j11,j12)*Vec(nu15,p4)*Vec(
      nu14, - p4)*Vec(nu16,p4)*Deng(p1,xiw,M3)*Deng(p3,xiz,M4)*Deng(p4,xiw,M3)
      ^2*ufoGC58^2*ufoGC81*ufoGC69
       - 1/8*g_(1,6_,nu16)*g_(2,6_,nu15)*cFT(p2,XX,j11,j12)*cFT(nu14,XX,i2,
      iufo11)*cFT(g7,XX,iufo11,j11)*flavourTag(fvm,j11,j12)*Vec(nu15,p4)*Vec(
      nu14,p1)*Vec(nu16,p4)*Deng(p1,xiw,M3)*Deng(p3,xiz,M4)*Deng(p4,xiw,M3)^2*
      ufoGC58^2*ufoGC81*ufoGC69
       + 1/8*g_(1,6_,nu16)*g_(2,6_,nu15)*cFT(p2,XX,j11,j12)*cFT(nu14,XX,i2,
      iufo11)*cFT(g7,XX,iufo11,j11)*flavourTag(fvm,j11,j12)*Vec(nu15,p4)*Vec(
      nu14,p3)*Vec(nu13,p1)*Vec(nu13,p3)*Vec(nu16,p4)*Deng(p1,xiw,M3)*Deng(p3,
      xiz,M4)^2*Deng(p4,xiw,M3)^2*ufoGC58^2*ufoGC81*ufoGC69
       - 1/8*g_(1,6_,nu16)*g_(2,6_,nu15)*cFT(p2,XX,j11,j12)*cFT(nu14,XX,i2,
      iufo11)*cFT(g7,XX,iufo11,j11)*flavourTag(fvm,j11,j12)*Vec(nu15,p4)*Vec(
      nu14,p3)*Vec(nu13,p3)*Vec(nu13, - p4)*Vec(nu16,p4)*Deng(p1,xiw,M3)*Deng(
      p3,xiz,M4)^2*Deng(p4,xiw,M3)^2*ufoGC58^2*ufoGC81*ufoGC69
      ;

  0.00 sec out of 0.00 sec
