FORM 5.0.0-beta.1 (Jan 15 2026, v5.0.0-beta.1-292-g4341c63)  Run: Tue Feb 10 13:18:15 2026
    #-
../ew_tapir/dia/munuenu-1l.dia Line 1 --> Undeclared variable ufoGC4
../ew_tapir/dia/munuenu-1l.dia Line 1 --> Illegal use of function arguments
../ew_tapir/dia/munuenu-1l.dia Line 1 --> Internal error in code generator. Unk
nown object: -20
../ew_tapir/dia/munuenu-1l.dia Line 1 --> Illegal use of function arguments
../ew_tapir/dia/munuenu-1l.dia Line 1 --> Internal error in code generator. Unk
nown object: -20
../ew_tapir/dia/munuenu-1l.dia Line 1 --> Illegal use of function arguments
../ew_tapir/dia/munuenu-1l.dia Line 1 --> Internal error in code generator. Unk
nown object: -20
../ew_tapir/dia/munuenu-1l.dia Line 1 --> Illegal use of function arguments
../ew_tapir/dia/munuenu-1l.dia Line 1 --> Internal error in code generator. Unk
nown object: -20
../ew_tapir/dia/munuenu-1l.dia Line 1 --> Illegal use of function arguments
../ew_tapir/dia/munuenu-1l.dia Line 1 --> Internal error in code generator. Unk
nown object: -20
../ew_tapir/dia/munuenu-1l.dia Line 1 --> Illegal use of function arguments
../ew_tapir/dia/munuenu-1l.dia Line 1 --> Internal error in code generator. Unk
nown object: -20
Program terminating at compute-dia.frm Line 128 --> 
Terminate called from pre.c:1086 (PreProcessor)
  0.00 sec out of 0.00 sec
