FORM 5.0.0-beta.1 (Jan 15 2026, v5.0.0-beta.1-292-g4341c63)  Run: Wed Feb 11 13:45:51 2026
    #-

   d1l60amp =
       - 1/4*g_(1,6_,nu10)*g_(2,6_,nu11)*Mom(nu9,p4 - q2 - q3)*Mom(nu12, - p4
       + q2 + q3)*Vec(nu10,q2)*Vec(nu11,q2)*Vec(nu9,q2)*Vec(nu12,q2)*Deng(p4,
      xiw,0)*Deng(q2 + q3,xiw,M3)^4*DH( - p4 + q2 + q3)*xiw^2*ufoGC58^2*
      ufoGC56*ufoGC55
       - 1/4*g_(1,6_,nu10)*g_(2,6_,nu11)*Mom(nu9,p4 - q2 - q3)*Mom(nu12, - p4
       + q2 + q3)*Vec(nu10,q2)*Vec(nu11,q2)*Vec(nu9,q2)*Vec(nu12,q3)*Deng(p4,
      xiw,0)*Deng(q2 + q3,xiw,M3)^4*DH( - p4 + q2 + q3)*xiw^2*ufoGC58^2*
      ufoGC56*ufoGC55
       - 1/4*g_(1,6_,nu10)*g_(2,6_,nu11)*Mom(nu9,p4 - q2 - q3)*Mom(nu12, - p4
       + q2 + q3)*Vec(nu10,q2)*Vec(nu11,q2)*Vec(nu9,q3)*Vec(nu12,q2)*Deng(p4,
      xiw,0)*Deng(q2 + q3,xiw,M3)^4*DH( - p4 + q2 + q3)*xiw^2*ufoGC58^2*
      ufoGC56*ufoGC55
       - 1/4*g_(1,6_,nu10)*g_(2,6_,nu11)*Mom(nu9,p4 - q2 - q3)*Mom(nu12, - p4
       + q2 + q3)*Vec(nu10,q2)*Vec(nu11,q2)*Vec(nu9,q3)*Vec(nu12,q3)*Deng(p4,
      xiw,0)*Deng(q2 + q3,xiw,M3)^4*DH( - p4 + q2 + q3)*xiw^2*ufoGC58^2*
      ufoGC56*ufoGC55
       - 1/4*g_(1,6_,nu10)*g_(2,6_,nu11)*Mom(nu9,p4 - q2 - q3)*Mom(nu12, - p4
       + q2 + q3)*Vec(nu10,q2)*Vec(nu11,q3)*Vec(nu9,q2)*Vec(nu12,q2)*Deng(p4,
      xiw,0)*Deng(q2 + q3,xiw,M3)^4*DH( - p4 + q2 + q3)*xiw^2*ufoGC58^2*
      ufoGC56*ufoGC55
       - 1/4*g_(1,6_,nu10)*g_(2,6_,nu11)*Mom(nu9,p4 - q2 - q3)*Mom(nu12, - p4
       + q2 + q3)*Vec(nu10,q2)*Vec(nu11,q3)*Vec(nu9,q2)*Vec(nu12,q3)*Deng(p4,
      xiw,0)*Deng(q2 + q3,xiw,M3)^4*DH( - p4 + q2 + q3)*xiw^2*ufoGC58^2*
      ufoGC56*ufoGC55
       - 1/4*g_(1,6_,nu10)*g_(2,6_,nu11)*Mom(nu9,p4 - q2 - q3)*Mom(nu12, - p4
       + q2 + q3)*Vec(nu10,q2)*Vec(nu11,q3)*Vec(nu9,q3)*Vec(nu12,q2)*Deng(p4,
      xiw,0)*Deng(q2 + q3,xiw,M3)^4*DH( - p4 + q2 + q3)*xiw^2*ufoGC58^2*
      ufoGC56*ufoGC55
       - 1/4*g_(1,6_,nu10)*g_(2,6_,nu11)*Mom(nu9,p4 - q2 - q3)*Mom(nu12, - p4
       + q2 + q3)*Vec(nu10,q2)*Vec(nu11,q3)*Vec(nu9,q3)*Vec(nu12,q3)*Deng(p4,
      xiw,0)*Deng(q2 + q3,xiw,M3)^4*DH( - p4 + q2 + q3)*xiw^2*ufoGC58^2*
      ufoGC56*ufoGC55
       - 1/4*g_(1,6_,nu10)*g_(2,6_,nu11)*Mom(nu9,p4 - q2 - q3)*Mom(nu12, - p4
       + q2 + q3)*Vec(nu10,q3)*Vec(nu11,q2)*Vec(nu9,q2)*Vec(nu12,q2)*Deng(p4,
      xiw,0)*Deng(q2 + q3,xiw,M3)^4*DH( - p4 + q2 + q3)*xiw^2*ufoGC58^2*
      ufoGC56*ufoGC55
       - 1/4*g_(1,6_,nu10)*g_(2,6_,nu11)*Mom(nu9,p4 - q2 - q3)*Mom(nu12, - p4
       + q2 + q3)*Vec(nu10,q3)*Vec(nu11,q2)*Vec(nu9,q2)*Vec(nu12,q3)*Deng(p4,
      xiw,0)*Deng(q2 + q3,xiw,M3)^4*DH( - p4 + q2 + q3)*xiw^2*ufoGC58^2*
      ufoGC56*ufoGC55
       - 1/4*g_(1,6_,nu10)*g_(2,6_,nu11)*Mom(nu9,p4 - q2 - q3)*Mom(nu12, - p4
       + q2 + q3)*Vec(nu10,q3)*Vec(nu11,q2)*Vec(nu9,q3)*Vec(nu12,q2)*Deng(p4,
      xiw,0)*Deng(q2 + q3,xiw,M3)^4*DH( - p4 + q2 + q3)*xiw^2*ufoGC58^2*
      ufoGC56*ufoGC55
       - 1/4*g_(1,6_,nu10)*g_(2,6_,nu11)*Mom(nu9,p4 - q2 - q3)*Mom(nu12, - p4
       + q2 + q3)*Vec(nu10,q3)*Vec(nu11,q2)*Vec(nu9,q3)*Vec(nu12,q3)*Deng(p4,
      xiw,0)*Deng(q2 + q3,xiw,M3)^4*DH( - p4 + q2 + q3)*xiw^2*ufoGC58^2*
      ufoGC56*ufoGC55
       - 1/4*g_(1,6_,nu10)*g_(2,6_,nu11)*Mom(nu9,p4 - q2 - q3)*Mom(nu12, - p4
       + q2 + q3)*Vec(nu10,q3)*Vec(nu11,q3)*Vec(nu9,q2)*Vec(nu12,q2)*Deng(p4,
      xiw,0)*Deng(q2 + q3,xiw,M3)^4*DH( - p4 + q2 + q3)*xiw^2*ufoGC58^2*
      ufoGC56*ufoGC55
       - 1/4*g_(1,6_,nu10)*g_(2,6_,nu11)*Mom(nu9,p4 - q2 - q3)*Mom(nu12, - p4
       + q2 + q3)*Vec(nu10,q3)*Vec(nu11,q3)*Vec(nu9,q2)*Vec(nu12,q3)*Deng(p4,
      xiw,0)*Deng(q2 + q3,xiw,M3)^4*DH( - p4 + q2 + q3)*xiw^2*ufoGC58^2*
      ufoGC56*ufoGC55
       - 1/4*g_(1,6_,nu10)*g_(2,6_,nu11)*Mom(nu9,p4 - q2 - q3)*Mom(nu12, - p4
       + q2 + q3)*Vec(nu10,q3)*Vec(nu11,q3)*Vec(nu9,q3)*Vec(nu12,q2)*Deng(p4,
      xiw,0)*Deng(q2 + q3,xiw,M3)^4*DH( - p4 + q2 + q3)*xiw^2*ufoGC58^2*
      ufoGC56*ufoGC55
       - 1/4*g_(1,6_,nu10)*g_(2,6_,nu11)*Mom(nu9,p4 - q2 - q3)*Mom(nu12, - p4
       + q2 + q3)*Vec(nu10,q3)*Vec(nu11,q3)*Vec(nu9,q3)*Vec(nu12,q3)*Deng(p4,
      xiw,0)*Deng(q2 + q3,xiw,M3)^4*DH( - p4 + q2 + q3)*xiw^2*ufoGC58^2*
      ufoGC56*ufoGC55
       + 1/4*g_(1,6_,nu10)*g_(2,6_,nu11)*Mom(nu9,p4 - q2 - q3)*Mom(nu12,p4)*
      Vec(nu10,q2)*Vec(nu11,q2)*Vec(nu9,q2)*Vec(nu12,q2)*Deng(p4,xiw,0)*Deng(
      q2 + q3,xiw,M3)^4*DH( - p4 + q2 + q3)*xiw^2*ufoGC58^2*ufoGC56*ufoGC55
       + 1/4*g_(1,6_,nu10)*g_(2,6_,nu11)*Mom(nu9,p4 - q2 - q3)*Mom(nu12,p4)*
      Vec(nu10,q2)*Vec(nu11,q2)*Vec(nu9,q2)*Vec(nu12,q3)*Deng(p4,xiw,0)*Deng(
      q2 + q3,xiw,M3)^4*DH( - p4 + q2 + q3)*xiw^2*ufoGC58^2*ufoGC56*ufoGC55
       + 1/4*g_(1,6_,nu10)*g_(2,6_,nu11)*Mom(nu9,p4 - q2 - q3)*Mom(nu12,p4)*
      Vec(nu10,q2)*Vec(nu11,q2)*Vec(nu9,q3)*Vec(nu12,q2)*Deng(p4,xiw,0)*Deng(
      q2 + q3,xiw,M3)^4*DH( - p4 + q2 + q3)*xiw^2*ufoGC58^2*ufoGC56*ufoGC55
       + 1/4*g_(1,6_,nu10)*g_(2,6_,nu11)*Mom(nu9,p4 - q2 - q3)*Mom(nu12,p4)*
      Vec(nu10,q2)*Vec(nu11,q2)*Vec(nu9,q3)*Vec(nu12,q3)*Deng(p4,xiw,0)*Deng(
      q2 + q3,xiw,M3)^4*DH( - p4 + q2 + q3)*xiw^2*ufoGC58^2*ufoGC56*ufoGC55
       + 1/4*g_(1,6_,nu10)*g_(2,6_,nu11)*Mom(nu9,p4 - q2 - q3)*Mom(nu12,p4)*
      Vec(nu10,q2)*Vec(nu11,q3)*Vec(nu9,q2)*Vec(nu12,q2)*Deng(p4,xiw,0)*Deng(
      q2 + q3,xiw,M3)^4*DH( - p4 + q2 + q3)*xiw^2*ufoGC58^2*ufoGC56*ufoGC55
       + 1/4*g_(1,6_,nu10)*g_(2,6_,nu11)*Mom(nu9,p4 - q2 - q3)*Mom(nu12,p4)*
      Vec(nu10,q2)*Vec(nu11,q3)*Vec(nu9,q2)*Vec(nu12,q3)*Deng(p4,xiw,0)*Deng(
      q2 + q3,xiw,M3)^4*DH( - p4 + q2 + q3)*xiw^2*ufoGC58^2*ufoGC56*ufoGC55
       + 1/4*g_(1,6_,nu10)*g_(2,6_,nu11)*Mom(nu9,p4 - q2 - q3)*Mom(nu12,p4)*
      Vec(nu10,q2)*Vec(nu11,q3)*Vec(nu9,q3)*Vec(nu12,q2)*Deng(p4,xiw,0)*Deng(
      q2 + q3,xiw,M3)^4*DH( - p4 + q2 + q3)*xiw^2*ufoGC58^2*ufoGC56*ufoGC55
       + 1/4*g_(1,6_,nu10)*g_(2,6_,nu11)*Mom(nu9,p4 - q2 - q3)*Mom(nu12,p4)*
      Vec(nu10,q2)*Vec(nu11,q3)*Vec(nu9,q3)*Vec(nu12,q3)*Deng(p4,xiw,0)*Deng(
      q2 + q3,xiw,M3)^4*DH( - p4 + q2 + q3)*xiw^2*ufoGC58^2*ufoGC56*ufoGC55
       + 1/4*g_(1,6_,nu10)*g_(2,6_,nu11)*Mom(nu9,p4 - q2 - q3)*Mom(nu12,p4)*
      Vec(nu10,q3)*Vec(nu11,q2)*Vec(nu9,q2)*Vec(nu12,q2)*Deng(p4,xiw,0)*Deng(
      q2 + q3,xiw,M3)^4*DH( - p4 + q2 + q3)*xiw^2*ufoGC58^2*ufoGC56*ufoGC55
       + 1/4*g_(1,6_,nu10)*g_(2,6_,nu11)*Mom(nu9,p4 - q2 - q3)*Mom(nu12,p4)*
      Vec(nu10,q3)*Vec(nu11,q2)*Vec(nu9,q2)*Vec(nu12,q3)*Deng(p4,xiw,0)*Deng(
      q2 + q3,xiw,M3)^4*DH( - p4 + q2 + q3)*xiw^2*ufoGC58^2*ufoGC56*ufoGC55
       + 1/4*g_(1,6_,nu10)*g_(2,6_,nu11)*Mom(nu9,p4 - q2 - q3)*Mom(nu12,p4)*
      Vec(nu10,q3)*Vec(nu11,q2)*Vec(nu9,q3)*Vec(nu12,q2)*Deng(p4,xiw,0)*Deng(
      q2 + q3,xiw,M3)^4*DH( - p4 + q2 + q3)*xiw^2*ufoGC58^2*ufoGC56*ufoGC55
       + 1/4*g_(1,6_,nu10)*g_(2,6_,nu11)*Mom(nu9,p4 - q2 - q3)*Mom(nu12,p4)*
      Vec(nu10,q3)*Vec(nu11,q2)*Vec(nu9,q3)*Vec(nu12,q3)*Deng(p4,xiw,0)*Deng(
      q2 + q3,xiw,M3)^4*DH( - p4 + q2 + q3)*xiw^2*ufoGC58^2*ufoGC56*ufoGC55
       + 1/4*g_(1,6_,nu10)*g_(2,6_,nu11)*Mom(nu9,p4 - q2 - q3)*Mom(nu12,p4)*
      Vec(nu10,q3)*Vec(nu11,q3)*Vec(nu9,q2)*Vec(nu12,q2)*Deng(p4,xiw,0)*Deng(
      q2 + q3,xiw,M3)^4*DH( - p4 + q2 + q3)*xiw^2*ufoGC58^2*ufoGC56*ufoGC55
       + 1/4*g_(1,6_,nu10)*g_(2,6_,nu11)*Mom(nu9,p4 - q2 - q3)*Mom(nu12,p4)*
      Vec(nu10,q3)*Vec(nu11,q3)*Vec(nu9,q2)*Vec(nu12,q3)*Deng(p4,xiw,0)*Deng(
      q2 + q3,xiw,M3)^4*DH( - p4 + q2 + q3)*xiw^2*ufoGC58^2*ufoGC56*ufoGC55
       + 1/4*g_(1,6_,nu10)*g_(2,6_,nu11)*Mom(nu9,p4 - q2 - q3)*Mom(nu12,p4)*
      Vec(nu10,q3)*Vec(nu11,q3)*Vec(nu9,q3)*Vec(nu12,q2)*Deng(p4,xiw,0)*Deng(
      q2 + q3,xiw,M3)^4*DH( - p4 + q2 + q3)*xiw^2*ufoGC58^2*ufoGC56*ufoGC55
       + 1/4*g_(1,6_,nu10)*g_(2,6_,nu11)*Mom(nu9,p4 - q2 - q3)*Mom(nu12,p4)*
      Vec(nu10,q3)*Vec(nu11,q3)*Vec(nu9,q3)*Vec(nu12,q3)*Deng(p4,xiw,0)*Deng(
      q2 + q3,xiw,M3)^4*DH( - p4 + q2 + q3)*xiw^2*ufoGC58^2*ufoGC56*ufoGC55
       + 1/4*g_(1,6_,nu10)*g_(2,6_,nu11)*Mom(nu9,-p4)*Mom(nu12, - p4 + q2 + q3
      )*Vec(nu10,q2)*Vec(nu11,q2)*Vec(nu9,q2)*Vec(nu12,q2)*Deng(p4,xiw,0)*
      Deng(q2 + q3,xiw,M3)^4*DH( - p4 + q2 + q3)*xiw^2*ufoGC58^2*ufoGC56*
      ufoGC55
       + 1/4*g_(1,6_,nu10)*g_(2,6_,nu11)*Mom(nu9,-p4)*Mom(nu12, - p4 + q2 + q3
      )*Vec(nu10,q2)*Vec(nu11,q2)*Vec(nu9,q2)*Vec(nu12,q3)*Deng(p4,xiw,0)*
      Deng(q2 + q3,xiw,M3)^4*DH( - p4 + q2 + q3)*xiw^2*ufoGC58^2*ufoGC56*
      ufoGC55
       + 1/4*g_(1,6_,nu10)*g_(2,6_,nu11)*Mom(nu9,-p4)*Mom(nu12, - p4 + q2 + q3
      )*Vec(nu10,q2)*Vec(nu11,q2)*Vec(nu9,q3)*Vec(nu12,q2)*Deng(p4,xiw,0)*
      Deng(q2 + q3,xiw,M3)^4*DH( - p4 + q2 + q3)*xiw^2*ufoGC58^2*ufoGC56*
      ufoGC55
       + 1/4*g_(1,6_,nu10)*g_(2,6_,nu11)*Mom(nu9,-p4)*Mom(nu12, - p4 + q2 + q3
      )*Vec(nu10,q2)*Vec(nu11,q2)*Vec(nu9,q3)*Vec(nu12,q3)*Deng(p4,xiw,0)*
      Deng(q2 + q3,xiw,M3)^4*DH( - p4 + q2 + q3)*xiw^2*ufoGC58^2*ufoGC56*
      ufoGC55
       + 1/4*g_(1,6_,nu10)*g_(2,6_,nu11)*Mom(nu9,-p4)*Mom(nu12, - p4 + q2 + q3
      )*Vec(nu10,q2)*Vec(nu11,q3)*Vec(nu9,q2)*Vec(nu12,q2)*Deng(p4,xiw,0)*
      Deng(q2 + q3,xiw,M3)^4*DH( - p4 + q2 + q3)*xiw^2*ufoGC58^2*ufoGC56*
      ufoGC55
       + 1/4*g_(1,6_,nu10)*g_(2,6_,nu11)*Mom(nu9,-p4)*Mom(nu12, - p4 + q2 + q3
      )*Vec(nu10,q2)*Vec(nu11,q3)*Vec(nu9,q2)*Vec(nu12,q3)*Deng(p4,xiw,0)*
      Deng(q2 + q3,xiw,M3)^4*DH( - p4 + q2 + q3)*xiw^2*ufoGC58^2*ufoGC56*
      ufoGC55
       + 1/4*g_(1,6_,nu10)*g_(2,6_,nu11)*Mom(nu9,-p4)*Mom(nu12, - p4 + q2 + q3
      )*Vec(nu10,q2)*Vec(nu11,q3)*Vec(nu9,q3)*Vec(nu12,q2)*Deng(p4,xiw,0)*
      Deng(q2 + q3,xiw,M3)^4*DH( - p4 + q2 + q3)*xiw^2*ufoGC58^2*ufoGC56*
      ufoGC55
       + 1/4*g_(1,6_,nu10)*g_(2,6_,nu11)*Mom(nu9,-p4)*Mom(nu12, - p4 + q2 + q3
      )*Vec(nu10,q2)*Vec(nu11,q3)*Vec(nu9,q3)*Vec(nu12,q3)*Deng(p4,xiw,0)*
      Deng(q2 + q3,xiw,M3)^4*DH( - p4 + q2 + q3)*xiw^2*ufoGC58^2*ufoGC56*
      ufoGC55
       + 1/4*g_(1,6_,nu10)*g_(2,6_,nu11)*Mom(nu9,-p4)*Mom(nu12, - p4 + q2 + q3
      )*Vec(nu10,q3)*Vec(nu11,q2)*Vec(nu9,q2)*Vec(nu12,q2)*Deng(p4,xiw,0)*
      Deng(q2 + q3,xiw,M3)^4*DH( - p4 + q2 + q3)*xiw^2*ufoGC58^2*ufoGC56*
      ufoGC55
       + 1/4*g_(1,6_,nu10)*g_(2,6_,nu11)*Mom(nu9,-p4)*Mom(nu12, - p4 + q2 + q3
      )*Vec(nu10,q3)*Vec(nu11,q2)*Vec(nu9,q2)*Vec(nu12,q3)*Deng(p4,xiw,0)*
      Deng(q2 + q3,xiw,M3)^4*DH( - p4 + q2 + q3)*xiw^2*ufoGC58^2*ufoGC56*
      ufoGC55
       + 1/4*g_(1,6_,nu10)*g_(2,6_,nu11)*Mom(nu9,-p4)*Mom(nu12, - p4 + q2 + q3
      )*Vec(nu10,q3)*Vec(nu11,q2)*Vec(nu9,q3)*Vec(nu12,q2)*Deng(p4,xiw,0)*
      Deng(q2 + q3,xiw,M3)^4*DH( - p4 + q2 + q3)*xiw^2*ufoGC58^2*ufoGC56*
      ufoGC55
       + 1/4*g_(1,6_,nu10)*g_(2,6_,nu11)*Mom(nu9,-p4)*Mom(nu12, - p4 + q2 + q3
      )*Vec(nu10,q3)*Vec(nu11,q2)*Vec(nu9,q3)*Vec(nu12,q3)*Deng(p4,xiw,0)*
      Deng(q2 + q3,xiw,M3)^4*DH( - p4 + q2 + q3)*xiw^2*ufoGC58^2*ufoGC56*
      ufoGC55
       + 1/4*g_(1,6_,nu10)*g_(2,6_,nu11)*Mom(nu9,-p4)*Mom(nu12, - p4 + q2 + q3
      )*Vec(nu10,q3)*Vec(nu11,q3)*Vec(nu9,q2)*Vec(nu12,q2)*Deng(p4,xiw,0)*
      Deng(q2 + q3,xiw,M3)^4*DH( - p4 + q2 + q3)*xiw^2*ufoGC58^2*ufoGC56*
      ufoGC55
       + 1/4*g_(1,6_,nu10)*g_(2,6_,nu11)*Mom(nu9,-p4)*Mom(nu12, - p4 + q2 + q3
      )*Vec(nu10,q3)*Vec(nu11,q3)*Vec(nu9,q2)*Vec(nu12,q3)*Deng(p4,xiw,0)*
      Deng(q2 + q3,xiw,M3)^4*DH( - p4 + q2 + q3)*xiw^2*ufoGC58^2*ufoGC56*
      ufoGC55
       + 1/4*g_(1,6_,nu10)*g_(2,6_,nu11)*Mom(nu9,-p4)*Mom(nu12, - p4 + q2 + q3
      )*Vec(nu10,q3)*Vec(nu11,q3)*Vec(nu9,q3)*Vec(nu12,q2)*Deng(p4,xiw,0)*
      Deng(q2 + q3,xiw,M3)^4*DH( - p4 + q2 + q3)*xiw^2*ufoGC58^2*ufoGC56*
      ufoGC55
       + 1/4*g_(1,6_,nu10)*g_(2,6_,nu11)*Mom(nu9,-p4)*Mom(nu12, - p4 + q2 + q3
      )*Vec(nu10,q3)*Vec(nu11,q3)*Vec(nu9,q3)*Vec(nu12,q3)*Deng(p4,xiw,0)*
      Deng(q2 + q3,xiw,M3)^4*DH( - p4 + q2 + q3)*xiw^2*ufoGC58^2*ufoGC56*
      ufoGC55
       - 1/4*g_(1,6_,nu10)*g_(2,6_,nu11)*Mom(nu9,-p4)*Mom(nu12,p4)*Vec(nu10,q2
      )*Vec(nu11,q2)*Vec(nu9,q2)*Vec(nu12,q2)*Deng(p4,xiw,0)*Deng(q2 + q3,xiw,
      M3)^4*DH( - p4 + q2 + q3)*xiw^2*ufoGC58^2*ufoGC56*ufoGC55
       - 1/4*g_(1,6_,nu10)*g_(2,6_,nu11)*Mom(nu9,-p4)*Mom(nu12,p4)*Vec(nu10,q2
      )*Vec(nu11,q2)*Vec(nu9,q2)*Vec(nu12,q3)*Deng(p4,xiw,0)*Deng(q2 + q3,xiw,
      M3)^4*DH( - p4 + q2 + q3)*xiw^2*ufoGC58^2*ufoGC56*ufoGC55
       - 1/4*g_(1,6_,nu10)*g_(2,6_,nu11)*Mom(nu9,-p4)*Mom(nu12,p4)*Vec(nu10,q2
      )*Vec(nu11,q2)*Vec(nu9,q3)*Vec(nu12,q2)*Deng(p4,xiw,0)*Deng(q2 + q3,xiw,
      M3)^4*DH( - p4 + q2 + q3)*xiw^2*ufoGC58^2*ufoGC56*ufoGC55
       - 1/4*g_(1,6_,nu10)*g_(2,6_,nu11)*Mom(nu9,-p4)*Mom(nu12,p4)*Vec(nu10,q2
      )*Vec(nu11,q2)*Vec(nu9,q3)*Vec(nu12,q3)*Deng(p4,xiw,0)*Deng(q2 + q3,xiw,
      M3)^4*DH( - p4 + q2 + q3)*xiw^2*ufoGC58^2*ufoGC56*ufoGC55
       - 1/4*g_(1,6_,nu10)*g_(2,6_,nu11)*Mom(nu9,-p4)*Mom(nu12,p4)*Vec(nu10,q2
      )*Vec(nu11,q3)*Vec(nu9,q2)*Vec(nu12,q2)*Deng(p4,xiw,0)*Deng(q2 + q3,xiw,
      M3)^4*DH( - p4 + q2 + q3)*xiw^2*ufoGC58^2*ufoGC56*ufoGC55
       - 1/4*g_(1,6_,nu10)*g_(2,6_,nu11)*Mom(nu9,-p4)*Mom(nu12,p4)*Vec(nu10,q2
      )*Vec(nu11,q3)*Vec(nu9,q2)*Vec(nu12,q3)*Deng(p4,xiw,0)*Deng(q2 + q3,xiw,
      M3)^4*DH( - p4 + q2 + q3)*xiw^2*ufoGC58^2*ufoGC56*ufoGC55
       - 1/4*g_(1,6_,nu10)*g_(2,6_,nu11)*Mom(nu9,-p4)*Mom(nu12,p4)*Vec(nu10,q2
      )*Vec(nu11,q3)*Vec(nu9,q3)*Vec(nu12,q2)*Deng(p4,xiw,0)*Deng(q2 + q3,xiw,
      M3)^4*DH( - p4 + q2 + q3)*xiw^2*ufoGC58^2*ufoGC56*ufoGC55
       - 1/4*g_(1,6_,nu10)*g_(2,6_,nu11)*Mom(nu9,-p4)*Mom(nu12,p4)*Vec(nu10,q2
      )*Vec(nu11,q3)*Vec(nu9,q3)*Vec(nu12,q3)*Deng(p4,xiw,0)*Deng(q2 + q3,xiw,
      M3)^4*DH( - p4 + q2 + q3)*xiw^2*ufoGC58^2*ufoGC56*ufoGC55
       - 1/4*g_(1,6_,nu10)*g_(2,6_,nu11)*Mom(nu9,-p4)*Mom(nu12,p4)*Vec(nu10,q3
      )*Vec(nu11,q2)*Vec(nu9,q2)*Vec(nu12,q2)*Deng(p4,xiw,0)*Deng(q2 + q3,xiw,
      M3)^4*DH( - p4 + q2 + q3)*xiw^2*ufoGC58^2*ufoGC56*ufoGC55
       - 1/4*g_(1,6_,nu10)*g_(2,6_,nu11)*Mom(nu9,-p4)*Mom(nu12,p4)*Vec(nu10,q3
      )*Vec(nu11,q2)*Vec(nu9,q2)*Vec(nu12,q3)*Deng(p4,xiw,0)*Deng(q2 + q3,xiw,
      M3)^4*DH( - p4 + q2 + q3)*xiw^2*ufoGC58^2*ufoGC56*ufoGC55
       - 1/4*g_(1,6_,nu10)*g_(2,6_,nu11)*Mom(nu9,-p4)*Mom(nu12,p4)*Vec(nu10,q3
      )*Vec(nu11,q2)*Vec(nu9,q3)*Vec(nu12,q2)*Deng(p4,xiw,0)*Deng(q2 + q3,xiw,
      M3)^4*DH( - p4 + q2 + q3)*xiw^2*ufoGC58^2*ufoGC56*ufoGC55
       - 1/4*g_(1,6_,nu10)*g_(2,6_,nu11)*Mom(nu9,-p4)*Mom(nu12,p4)*Vec(nu10,q3
      )*Vec(nu11,q2)*Vec(nu9,q3)*Vec(nu12,q3)*Deng(p4,xiw,0)*Deng(q2 + q3,xiw,
      M3)^4*DH( - p4 + q2 + q3)*xiw^2*ufoGC58^2*ufoGC56*ufoGC55
       - 1/4*g_(1,6_,nu10)*g_(2,6_,nu11)*Mom(nu9,-p4)*Mom(nu12,p4)*Vec(nu10,q3
      )*Vec(nu11,q3)*Vec(nu9,q2)*Vec(nu12,q2)*Deng(p4,xiw,0)*Deng(q2 + q3,xiw,
      M3)^4*DH( - p4 + q2 + q3)*xiw^2*ufoGC58^2*ufoGC56*ufoGC55
       - 1/4*g_(1,6_,nu10)*g_(2,6_,nu11)*Mom(nu9,-p4)*Mom(nu12,p4)*Vec(nu10,q3
      )*Vec(nu11,q3)*Vec(nu9,q2)*Vec(nu12,q3)*Deng(p4,xiw,0)*Deng(q2 + q3,xiw,
      M3)^4*DH( - p4 + q2 + q3)*xiw^2*ufoGC58^2*ufoGC56*ufoGC55
       - 1/4*g_(1,6_,nu10)*g_(2,6_,nu11)*Mom(nu9,-p4)*Mom(nu12,p4)*Vec(nu10,q3
      )*Vec(nu11,q3)*Vec(nu9,q3)*Vec(nu12,q2)*Deng(p4,xiw,0)*Deng(q2 + q3,xiw,
      M3)^4*DH( - p4 + q2 + q3)*xiw^2*ufoGC58^2*ufoGC56*ufoGC55
       - 1/4*g_(1,6_,nu10)*g_(2,6_,nu11)*Mom(nu9,-p4)*Mom(nu12,p4)*Vec(nu10,q3
      )*Vec(nu11,q3)*Vec(nu9,q3)*Vec(nu12,q3)*Deng(p4,xiw,0)*Deng(q2 + q3,xiw,
      M3)^4*DH( - p4 + q2 + q3)*xiw^2*ufoGC58^2*ufoGC56*ufoGC55
      ;

  0.00 sec out of 0.00 sec
