FORM 5.0.0-beta.1 (Jan 15 2026, v5.0.0-beta.1-292-g4341c63)  Run: Fri Feb 13 15:00:05 2026
    #-

   d1l94amp =
       + 1/4*g_(1,6_,nu10)*FT2(g6)*Vec(nu10,p1)*Vec(nu9,p1)*Vec(nu9, - p3)*
      Vec(nu13,p3)*Vec(nu13,p4)*Vec(nu14,p3)*Vec(nu14,p4)*Deng(p1,xiw,M3)^2*
      Deng(p2,xiw,0)*Deng(p3,xiz,M4)^2*Deng(p4,xiw,M3)^2*xiw^2*xiz*ufoGC58*
      ufoGC107*ufoGC69*ufoGC85
       - 1/4*g_(1,6_,nu10)*FT2(g6)*Vec(nu10,p1)*Vec(nu9,p1)*Vec(nu9, - p4)*
      Vec(nu13,p3)*Vec(nu13,p4)*Vec(nu14,p3)*Vec(nu14,p4)*Deng(p1,xiw,M3)^2*
      Deng(p2,xiw,0)*Deng(p3,xiz,M4)^2*Deng(p4,xiw,M3)^2*xiw^2*xiz*ufoGC58*
      ufoGC107*ufoGC69*ufoGC85
       - 1/4*g_(1,6_,nu10)*FT2(g6)*Vec(nu10,p1)*Vec(nu13,p3)*Vec(nu13,p4)*Vec(
      nu14,p1)*Vec(nu14,p3)*Vec(nu16,p4)*Vec(nu16, - p3)*Deng(p1,xiw,M3)^2*
      Deng(p2,xiw,0)*Deng(p3,xiz,M4)^2*Deng(p4,xiw,M3)^2*xiw^2*xiz*ufoGC58*
      ufoGC107*ufoGC69*ufoGC85
       + 1/4*g_(1,6_,nu10)*FT2(g6)*Vec(nu10,p1)*Vec(nu13,p3)*Vec(nu13,p4)*Vec(
      nu14,p3)*Vec(nu14, - p4)*Vec(nu16,p1)*Vec(nu16,p4)*Deng(p1,xiw,M3)^2*
      Deng(p2,xiw,0)*Deng(p3,xiz,M4)^2*Deng(p4,xiw,M3)^2*xiw^2*xiz*ufoGC58*
      ufoGC107*ufoGC69*ufoGC85
      ;

  0.00 sec out of 0.00 sec
